07/01/2022 11:39:13 AM **********************************
07/01/2022 11:39:13 AM ./transient_U_propagate_forcing_diff_Heq_nudged_U_trial//dt_150_Q_forcing_10_forcing_y_0_Hmean_200_forcing_phase_speed_5_ms/U_up_days_800/
07/01/2022 11:39:13 AM **********************************
07/01/2022 11:39:13 AM Calculated day 0
07/01/2022 11:39:21 AM Calculated day 1
07/01/2022 11:39:28 AM Calculated day 2
07/01/2022 11:39:34 AM Calculated day 3
07/01/2022 11:39:41 AM Calculated day 4
07/01/2022 11:39:48 AM Calculated day 5
07/01/2022 11:39:55 AM Calculated day 6
07/01/2022 11:40:02 AM Calculated day 7
07/01/2022 11:40:09 AM Calculated day 8
07/01/2022 11:40:16 AM Calculated day 9
07/01/2022 11:40:23 AM Calculated day 10
07/01/2022 11:40:31 AM Calculated day 11
07/01/2022 11:40:38 AM Calculated day 12
07/01/2022 11:40:45 AM Calculated day 13
07/01/2022 11:40:52 AM Calculated day 14
07/01/2022 11:40:59 AM Calculated day 15
07/01/2022 11:41:06 AM Calculated day 16
07/01/2022 11:41:13 AM Calculated day 17
07/01/2022 11:41:20 AM Calculated day 18
07/01/2022 11:41:27 AM Calculated day 19
07/01/2022 11:41:34 AM Calculated day 20
07/01/2022 11:41:42 AM Calculated day 21
07/01/2022 11:41:49 AM Calculated day 22
07/01/2022 11:41:56 AM Calculated day 23
07/01/2022 11:42:04 AM Calculated day 24
07/01/2022 11:42:11 AM Calculated day 25
07/01/2022 11:42:18 AM Calculated day 26
07/01/2022 11:42:25 AM Calculated day 27
07/01/2022 11:42:32 AM Calculated day 28
07/01/2022 11:42:39 AM Calculated day 29
07/01/2022 11:42:46 AM Calculated day 30
07/01/2022 11:42:53 AM Calculated day 31
07/01/2022 11:43:00 AM Calculated day 32
07/01/2022 11:43:08 AM Calculated day 33
07/01/2022 11:43:15 AM Calculated day 34
07/01/2022 11:43:22 AM Calculated day 35
07/01/2022 11:43:29 AM Calculated day 36
07/01/2022 11:43:36 AM Calculated day 37
07/01/2022 11:43:43 AM Calculated day 38
07/01/2022 11:43:50 AM Calculated day 39
07/01/2022 11:43:57 AM Calculated day 40
07/01/2022 11:44:05 AM Calculated day 41
07/01/2022 11:44:12 AM Calculated day 42
07/01/2022 11:44:19 AM Calculated day 43
07/01/2022 11:44:26 AM Calculated day 44
07/01/2022 11:44:33 AM Calculated day 45
07/01/2022 11:44:40 AM Calculated day 46
07/01/2022 11:44:47 AM Calculated day 47
07/01/2022 11:44:54 AM Calculated day 48
07/01/2022 11:45:02 AM Calculated day 49
07/01/2022 11:45:09 AM Calculated day 50
07/01/2022 11:45:16 AM Calculated day 51
07/01/2022 11:45:23 AM Calculated day 52
07/01/2022 11:45:30 AM Calculated day 53
07/01/2022 11:45:37 AM Calculated day 54
07/01/2022 11:45:44 AM Calculated day 55
07/01/2022 11:45:52 AM Calculated day 56
07/01/2022 11:46:00 AM Calculated day 57
07/01/2022 11:46:08 AM Calculated day 58
07/01/2022 11:46:16 AM Calculated day 59
07/01/2022 11:46:23 AM Calculated day 60
07/01/2022 11:46:32 AM Calculated day 61
07/01/2022 11:46:40 AM Calculated day 62
07/01/2022 11:46:47 AM Calculated day 63
07/01/2022 11:46:55 AM Calculated day 64
07/01/2022 11:47:02 AM Calculated day 65
07/01/2022 11:47:09 AM Calculated day 66
07/01/2022 11:47:16 AM Calculated day 67
07/01/2022 11:47:23 AM Calculated day 68
07/01/2022 11:47:31 AM Calculated day 69
07/01/2022 11:47:38 AM Calculated day 70
07/01/2022 11:47:54 AM Calculated day 71
07/01/2022 11:48:01 AM Calculated day 72
07/01/2022 11:48:08 AM Calculated day 73
07/01/2022 11:48:15 AM Calculated day 74
07/01/2022 11:48:23 AM Calculated day 75
07/01/2022 11:48:30 AM Calculated day 76
07/01/2022 11:48:37 AM Calculated day 77
07/01/2022 11:48:44 AM Calculated day 78
07/01/2022 11:48:51 AM Calculated day 79
07/01/2022 11:48:58 AM Calculated day 80
07/01/2022 11:49:06 AM Calculated day 81
07/01/2022 11:49:13 AM Calculated day 82
07/01/2022 11:49:20 AM Calculated day 83
07/01/2022 11:49:27 AM Calculated day 84
07/01/2022 11:49:34 AM Calculated day 85
07/01/2022 11:49:41 AM Calculated day 86
07/01/2022 11:49:48 AM Calculated day 87
07/01/2022 11:49:56 AM Calculated day 88
07/01/2022 11:50:03 AM Calculated day 89
07/01/2022 11:50:10 AM Calculated day 90
07/01/2022 11:50:18 AM Calculated day 91
07/01/2022 11:50:25 AM Calculated day 92
07/01/2022 11:50:32 AM Calculated day 93
07/01/2022 11:50:39 AM Calculated day 94
07/01/2022 11:50:46 AM Calculated day 95
07/01/2022 11:50:53 AM Calculated day 96
07/01/2022 11:51:00 AM Calculated day 97
07/01/2022 11:51:07 AM Calculated day 98
07/01/2022 11:51:14 AM Calculated day 99
07/01/2022 11:51:21 AM Calculated day 100
07/01/2022 11:51:29 AM Calculated day 101
07/01/2022 11:51:36 AM Calculated day 102
07/01/2022 11:51:43 AM Calculated day 103
07/01/2022 11:51:50 AM Calculated day 104
07/01/2022 11:51:57 AM Calculated day 105
07/01/2022 11:52:04 AM Calculated day 106
07/01/2022 11:52:11 AM Calculated day 107
07/01/2022 11:52:18 AM Calculated day 108
07/01/2022 11:52:25 AM Calculated day 109
07/01/2022 11:52:33 AM Calculated day 110
07/01/2022 11:52:40 AM Calculated day 111
07/01/2022 11:52:47 AM Calculated day 112
07/01/2022 11:52:54 AM Calculated day 113
07/01/2022 11:53:01 AM Calculated day 114
07/01/2022 11:53:09 AM Calculated day 115
07/01/2022 11:53:16 AM Calculated day 116
07/01/2022 11:53:23 AM Calculated day 117
07/01/2022 11:53:30 AM Calculated day 118
07/01/2022 11:53:37 AM Calculated day 119
07/01/2022 11:53:44 AM Calculated day 120
07/01/2022 11:53:52 AM Calculated day 121
07/01/2022 11:53:59 AM Calculated day 122
07/01/2022 11:54:06 AM Calculated day 123
07/01/2022 11:54:13 AM Calculated day 124
07/01/2022 11:54:20 AM Calculated day 125
07/01/2022 11:54:27 AM Calculated day 126
07/01/2022 11:54:34 AM Calculated day 127
07/01/2022 11:54:41 AM Calculated day 128
07/01/2022 11:54:48 AM Calculated day 129
07/01/2022 11:54:55 AM Calculated day 130
07/01/2022 11:55:03 AM Calculated day 131
07/01/2022 11:55:10 AM Calculated day 132
07/01/2022 11:55:17 AM Calculated day 133
07/01/2022 11:55:24 AM Calculated day 134
07/01/2022 11:55:31 AM Calculated day 135
07/01/2022 11:55:38 AM Calculated day 136
07/01/2022 11:55:45 AM Calculated day 137
07/01/2022 11:55:52 AM Calculated day 138
07/01/2022 11:55:59 AM Calculated day 139
07/01/2022 11:56:07 AM Calculated day 140
07/01/2022 11:56:14 AM Calculated day 141
07/01/2022 11:56:21 AM Calculated day 142
07/01/2022 11:56:28 AM Calculated day 143
07/01/2022 11:56:35 AM Calculated day 144
07/01/2022 11:56:42 AM Calculated day 145
07/01/2022 11:56:50 AM Calculated day 146
07/01/2022 11:56:57 AM Calculated day 147
07/01/2022 11:57:04 AM Calculated day 148
07/01/2022 11:57:11 AM Calculated day 149
07/01/2022 11:57:18 AM Calculated day 150
07/01/2022 11:57:26 AM Calculated day 151
07/01/2022 11:57:33 AM Calculated day 152
07/01/2022 11:57:40 AM Calculated day 153
07/01/2022 11:57:47 AM Calculated day 154
07/01/2022 11:57:54 AM Calculated day 155
07/01/2022 11:58:01 AM Calculated day 156
07/01/2022 11:58:08 AM Calculated day 157
07/01/2022 11:58:15 AM Calculated day 158
07/01/2022 11:58:22 AM Calculated day 159
07/01/2022 11:58:29 AM Calculated day 160
07/01/2022 11:58:37 AM Calculated day 161
07/01/2022 11:58:44 AM Calculated day 162
07/01/2022 11:58:51 AM Calculated day 163
07/01/2022 11:58:58 AM Calculated day 164
07/01/2022 11:59:05 AM Calculated day 165
07/01/2022 11:59:12 AM Calculated day 166
07/01/2022 11:59:19 AM Calculated day 167
07/01/2022 11:59:26 AM Calculated day 168
07/01/2022 11:59:33 AM Calculated day 169
07/01/2022 11:59:40 AM Calculated day 170
07/01/2022 11:59:48 AM Calculated day 171
07/01/2022 11:59:55 AM Calculated day 172
07/01/2022 12:00:02 PM Calculated day 173
07/01/2022 12:00:09 PM Calculated day 174
07/01/2022 12:00:16 PM Calculated day 175
07/01/2022 12:00:22 PM Calculated day 176
07/01/2022 12:00:29 PM Calculated day 177
07/01/2022 12:00:37 PM Calculated day 178
07/01/2022 12:00:44 PM Calculated day 179
07/01/2022 12:00:51 PM Calculated day 180
07/01/2022 12:00:58 PM Calculated day 181
07/01/2022 12:01:05 PM Calculated day 182
07/01/2022 12:01:12 PM Calculated day 183
07/01/2022 12:01:19 PM Calculated day 184
07/01/2022 12:01:26 PM Calculated day 185
07/01/2022 12:01:33 PM Calculated day 186
07/01/2022 12:01:40 PM Calculated day 187
07/01/2022 12:01:47 PM Calculated day 188
07/01/2022 12:01:54 PM Calculated day 189
07/01/2022 12:02:01 PM Calculated day 190
07/01/2022 12:02:09 PM Calculated day 191
07/01/2022 12:02:16 PM Calculated day 192
07/01/2022 12:02:23 PM Calculated day 193
07/01/2022 12:02:30 PM Calculated day 194
07/01/2022 12:02:37 PM Calculated day 195
07/01/2022 12:02:44 PM Calculated day 196
07/01/2022 12:02:51 PM Calculated day 197
07/01/2022 12:02:58 PM Calculated day 198
07/01/2022 12:03:05 PM Calculated day 199
07/01/2022 12:03:12 PM Calculated day 200
07/01/2022 12:03:20 PM Calculated day 201
07/01/2022 12:03:27 PM Calculated day 202
07/01/2022 12:03:34 PM Calculated day 203
07/01/2022 12:03:41 PM Calculated day 204
07/01/2022 12:03:48 PM Calculated day 205
07/01/2022 12:03:55 PM Calculated day 206
07/01/2022 12:04:02 PM Calculated day 207
07/01/2022 12:04:09 PM Calculated day 208
07/01/2022 12:04:16 PM Calculated day 209
07/01/2022 12:04:23 PM Calculated day 210
07/01/2022 12:04:31 PM Calculated day 211
07/01/2022 12:04:38 PM Calculated day 212
07/01/2022 12:04:45 PM Calculated day 213
07/01/2022 12:04:52 PM Calculated day 214
07/01/2022 12:04:59 PM Calculated day 215
07/01/2022 12:05:06 PM Calculated day 216
07/01/2022 12:05:13 PM Calculated day 217
07/01/2022 12:05:21 PM Calculated day 218
07/01/2022 12:05:28 PM Calculated day 219
07/01/2022 12:05:35 PM Calculated day 220
07/01/2022 12:05:43 PM Calculated day 221
07/01/2022 12:05:50 PM Calculated day 222
07/01/2022 12:05:57 PM Calculated day 223
07/01/2022 12:06:04 PM Calculated day 224
07/01/2022 12:06:11 PM Calculated day 225
07/01/2022 12:06:18 PM Calculated day 226
07/01/2022 12:06:25 PM Calculated day 227
07/01/2022 12:06:32 PM Calculated day 228
07/01/2022 12:06:39 PM Calculated day 229
07/01/2022 12:06:46 PM Calculated day 230
07/01/2022 12:06:54 PM Calculated day 231
07/01/2022 12:07:01 PM Calculated day 232
07/01/2022 12:07:08 PM Calculated day 233
07/01/2022 12:07:15 PM Calculated day 234
07/01/2022 12:07:22 PM Calculated day 235
07/01/2022 12:07:30 PM Calculated day 236
07/01/2022 12:07:37 PM Calculated day 237
07/01/2022 12:07:44 PM Calculated day 238
07/01/2022 12:07:51 PM Calculated day 239
07/01/2022 12:07:58 PM Calculated day 240
07/01/2022 12:08:06 PM Calculated day 241
07/01/2022 12:08:13 PM Calculated day 242
07/01/2022 12:08:20 PM Calculated day 243
07/01/2022 12:08:27 PM Calculated day 244
07/01/2022 12:08:34 PM Calculated day 245
07/01/2022 12:08:41 PM Calculated day 246
07/01/2022 12:08:48 PM Calculated day 247
07/01/2022 12:08:55 PM Calculated day 248
07/01/2022 12:09:02 PM Calculated day 249
07/01/2022 12:09:09 PM Calculated day 250
07/01/2022 12:09:17 PM Calculated day 251
07/01/2022 12:09:24 PM Calculated day 252
07/01/2022 12:09:31 PM Calculated day 253
07/01/2022 12:09:38 PM Calculated day 254
07/01/2022 12:09:45 PM Calculated day 255
07/01/2022 12:09:52 PM Calculated day 256
07/01/2022 12:10:00 PM Calculated day 257
07/01/2022 12:10:07 PM Calculated day 258
07/01/2022 12:10:14 PM Calculated day 259
07/01/2022 12:10:21 PM Calculated day 260
07/01/2022 12:10:29 PM Calculated day 261
07/01/2022 12:10:36 PM Calculated day 262
07/01/2022 12:10:43 PM Calculated day 263
07/01/2022 12:10:50 PM Calculated day 264
07/01/2022 12:10:57 PM Calculated day 265
07/01/2022 12:11:04 PM Calculated day 266
07/01/2022 12:11:11 PM Calculated day 267
07/01/2022 12:11:18 PM Calculated day 268
07/01/2022 12:11:25 PM Calculated day 269
07/01/2022 12:11:33 PM Calculated day 270
07/01/2022 12:11:41 PM Calculated day 271
07/01/2022 12:11:48 PM Calculated day 272
07/01/2022 12:11:55 PM Calculated day 273
07/01/2022 12:12:02 PM Calculated day 274
07/01/2022 12:12:09 PM Calculated day 275
07/01/2022 12:12:16 PM Calculated day 276
07/01/2022 12:12:23 PM Calculated day 277
07/01/2022 12:12:30 PM Calculated day 278
07/01/2022 12:12:38 PM Calculated day 279
07/01/2022 12:12:45 PM Calculated day 280
07/01/2022 12:12:53 PM Calculated day 281
07/01/2022 12:13:00 PM Calculated day 282
07/01/2022 12:13:07 PM Calculated day 283
07/01/2022 12:13:14 PM Calculated day 284
07/01/2022 12:13:21 PM Calculated day 285
07/01/2022 12:13:28 PM Calculated day 286
07/01/2022 12:13:35 PM Calculated day 287
07/01/2022 12:13:43 PM Calculated day 288
07/01/2022 12:13:50 PM Calculated day 289
07/01/2022 12:13:57 PM Calculated day 290
07/01/2022 12:14:06 PM Calculated day 291
07/01/2022 12:14:13 PM Calculated day 292
07/01/2022 12:14:20 PM Calculated day 293
07/01/2022 12:14:27 PM Calculated day 294
07/01/2022 12:14:34 PM Calculated day 295
07/01/2022 12:14:41 PM Calculated day 296
07/01/2022 12:14:48 PM Calculated day 297
07/01/2022 12:14:55 PM Calculated day 298
07/01/2022 12:15:02 PM Calculated day 299
07/01/2022 12:15:09 PM Calculated day 300
07/01/2022 12:15:18 PM Calculated day 301
07/01/2022 12:15:25 PM Calculated day 302
07/01/2022 12:15:32 PM Calculated day 303
07/01/2022 12:15:39 PM Calculated day 304
07/01/2022 12:15:47 PM Calculated day 305
07/01/2022 12:15:54 PM Calculated day 306
07/01/2022 12:16:01 PM Calculated day 307
07/01/2022 12:16:09 PM Calculated day 308
07/01/2022 12:16:17 PM Calculated day 309
07/01/2022 12:16:24 PM Calculated day 310
07/01/2022 12:16:33 PM Calculated day 311
07/01/2022 12:16:40 PM Calculated day 312
07/01/2022 12:16:48 PM Calculated day 313
07/01/2022 12:16:55 PM Calculated day 314
07/01/2022 12:17:02 PM Calculated day 315
07/01/2022 12:17:09 PM Calculated day 316
07/01/2022 12:17:16 PM Calculated day 317
07/01/2022 12:17:23 PM Calculated day 318
07/01/2022 12:17:30 PM Calculated day 319
07/01/2022 12:17:37 PM Calculated day 320
07/01/2022 12:17:46 PM Calculated day 321
07/01/2022 12:17:53 PM Calculated day 322
07/01/2022 12:18:00 PM Calculated day 323
07/01/2022 12:18:07 PM Calculated day 324
07/01/2022 12:18:14 PM Calculated day 325
07/01/2022 12:18:21 PM Calculated day 326
07/01/2022 12:18:28 PM Calculated day 327
07/01/2022 12:18:35 PM Calculated day 328
07/01/2022 12:18:42 PM Calculated day 329
07/01/2022 12:18:49 PM Calculated day 330
07/01/2022 12:18:59 PM Calculated day 331
07/01/2022 12:19:08 PM Calculated day 332
07/01/2022 12:19:16 PM Calculated day 333
07/01/2022 12:19:23 PM Calculated day 334
07/01/2022 12:19:30 PM Calculated day 335
07/01/2022 12:19:38 PM Calculated day 336
07/01/2022 12:19:45 PM Calculated day 337
07/01/2022 12:19:52 PM Calculated day 338
07/01/2022 12:20:00 PM Calculated day 339
07/01/2022 12:20:07 PM Calculated day 340
07/01/2022 12:20:16 PM Calculated day 341
07/01/2022 12:20:23 PM Calculated day 342
07/01/2022 12:20:31 PM Calculated day 343
07/01/2022 12:20:38 PM Calculated day 344
07/01/2022 12:20:45 PM Calculated day 345
07/01/2022 12:20:52 PM Calculated day 346
07/01/2022 12:21:00 PM Calculated day 347
07/01/2022 12:21:07 PM Calculated day 348
07/01/2022 12:21:14 PM Calculated day 349
07/01/2022 12:21:21 PM Calculated day 350
07/01/2022 12:21:30 PM Calculated day 351
07/01/2022 12:21:38 PM Calculated day 352
07/01/2022 12:21:45 PM Calculated day 353
07/01/2022 12:21:52 PM Calculated day 354
07/01/2022 12:21:59 PM Calculated day 355
07/01/2022 12:22:07 PM Calculated day 356
07/01/2022 12:22:14 PM Calculated day 357
07/01/2022 12:22:21 PM Calculated day 358
07/01/2022 12:22:28 PM Calculated day 359
07/01/2022 12:22:35 PM Calculated day 360
07/01/2022 12:22:45 PM Calculated day 361
07/01/2022 12:22:52 PM Calculated day 362
07/01/2022 12:22:59 PM Calculated day 363
07/01/2022 12:23:07 PM Calculated day 364
07/01/2022 12:23:14 PM Calculated day 365
07/01/2022 12:23:21 PM Calculated day 366
07/01/2022 12:23:29 PM Calculated day 367
07/01/2022 12:23:36 PM Calculated day 368
07/01/2022 12:23:43 PM Calculated day 369
07/01/2022 12:23:51 PM Calculated day 370
07/01/2022 12:24:00 PM Calculated day 371
07/01/2022 12:24:07 PM Calculated day 372
07/01/2022 12:24:15 PM Calculated day 373
07/01/2022 12:24:22 PM Calculated day 374
07/01/2022 12:24:30 PM Calculated day 375
07/01/2022 12:24:37 PM Calculated day 376
07/01/2022 12:24:44 PM Calculated day 377
07/01/2022 12:24:52 PM Calculated day 378
07/01/2022 12:24:59 PM Calculated day 379
07/01/2022 12:25:07 PM Calculated day 380
07/01/2022 12:25:16 PM Calculated day 381
07/01/2022 12:25:24 PM Calculated day 382
07/01/2022 12:25:31 PM Calculated day 383
07/01/2022 12:25:38 PM Calculated day 384
07/01/2022 12:25:46 PM Calculated day 385
07/01/2022 12:25:53 PM Calculated day 386
07/01/2022 12:26:00 PM Calculated day 387
07/01/2022 12:26:08 PM Calculated day 388
07/01/2022 12:26:15 PM Calculated day 389
07/01/2022 12:26:22 PM Calculated day 390
07/01/2022 12:26:32 PM Calculated day 391
07/01/2022 12:26:39 PM Calculated day 392
07/01/2022 12:26:47 PM Calculated day 393
07/01/2022 12:26:56 PM Calculated day 394
07/01/2022 12:27:04 PM Calculated day 395
07/01/2022 12:27:13 PM Calculated day 396
07/01/2022 12:27:21 PM Calculated day 397
07/01/2022 12:27:29 PM Calculated day 398
07/01/2022 12:27:37 PM Calculated day 399
07/01/2022 12:27:45 PM Calculated day 400
07/01/2022 12:27:57 PM Calculated day 401
07/01/2022 12:28:05 PM Calculated day 402
07/01/2022 12:28:13 PM Calculated day 403
07/01/2022 12:28:21 PM Calculated day 404
07/01/2022 12:28:28 PM Calculated day 405
07/01/2022 12:28:36 PM Calculated day 406
07/01/2022 12:28:43 PM Calculated day 407
07/01/2022 12:28:50 PM Calculated day 408
07/01/2022 12:28:58 PM Calculated day 409
07/01/2022 12:29:05 PM Calculated day 410
07/01/2022 12:29:14 PM Calculated day 411
07/01/2022 12:29:22 PM Calculated day 412
07/01/2022 12:29:29 PM Calculated day 413
07/01/2022 12:29:36 PM Calculated day 414
07/01/2022 12:29:43 PM Calculated day 415
07/01/2022 12:29:51 PM Calculated day 416
07/01/2022 12:29:58 PM Calculated day 417
07/01/2022 12:30:06 PM Calculated day 418
07/01/2022 12:30:13 PM Calculated day 419
07/01/2022 12:30:20 PM Calculated day 420
07/01/2022 12:30:32 PM Calculated day 421
07/01/2022 12:30:39 PM Calculated day 422
07/01/2022 12:30:47 PM Calculated day 423
07/01/2022 12:30:55 PM Calculated day 424
07/01/2022 12:31:02 PM Calculated day 425
07/01/2022 12:31:09 PM Calculated day 426
07/01/2022 12:31:17 PM Calculated day 427
07/01/2022 12:31:24 PM Calculated day 428
07/01/2022 12:31:31 PM Calculated day 429
07/01/2022 12:31:39 PM Calculated day 430
07/01/2022 12:31:50 PM Calculated day 431
07/01/2022 12:31:57 PM Calculated day 432
07/01/2022 12:32:05 PM Calculated day 433
07/01/2022 12:32:12 PM Calculated day 434
07/01/2022 12:32:19 PM Calculated day 435
07/01/2022 12:32:27 PM Calculated day 436
07/01/2022 12:32:34 PM Calculated day 437
07/01/2022 12:32:42 PM Calculated day 438
07/01/2022 12:32:49 PM Calculated day 439
07/01/2022 12:32:56 PM Calculated day 440
07/01/2022 12:33:07 PM Calculated day 441
07/01/2022 12:33:14 PM Calculated day 442
07/01/2022 12:33:21 PM Calculated day 443
07/01/2022 12:33:28 PM Calculated day 444
07/01/2022 12:33:36 PM Calculated day 445
07/01/2022 12:33:43 PM Calculated day 446
07/01/2022 12:33:50 PM Calculated day 447
07/01/2022 12:33:58 PM Calculated day 448
07/01/2022 12:34:05 PM Calculated day 449
07/01/2022 12:34:12 PM Calculated day 450
07/01/2022 12:34:22 PM Calculated day 451
07/01/2022 12:34:30 PM Calculated day 452
07/01/2022 12:34:37 PM Calculated day 453
07/01/2022 12:34:45 PM Calculated day 454
07/01/2022 12:34:52 PM Calculated day 455
07/01/2022 12:35:00 PM Calculated day 456
07/01/2022 12:35:07 PM Calculated day 457
07/01/2022 12:35:15 PM Calculated day 458
07/01/2022 12:35:22 PM Calculated day 459
07/01/2022 12:35:29 PM Calculated day 460
07/01/2022 12:35:40 PM Calculated day 461
07/01/2022 12:35:47 PM Calculated day 462
07/01/2022 12:35:54 PM Calculated day 463
07/01/2022 12:36:02 PM Calculated day 464
07/01/2022 12:36:10 PM Calculated day 465
07/01/2022 12:36:17 PM Calculated day 466
07/01/2022 12:36:25 PM Calculated day 467
07/01/2022 12:36:32 PM Calculated day 468
07/01/2022 12:36:40 PM Calculated day 469
07/01/2022 12:36:47 PM Calculated day 470
07/01/2022 12:36:58 PM Calculated day 471
07/01/2022 12:37:05 PM Calculated day 472
07/01/2022 12:37:12 PM Calculated day 473
07/01/2022 12:37:20 PM Calculated day 474
07/01/2022 12:37:27 PM Calculated day 475
07/01/2022 12:37:35 PM Calculated day 476
07/01/2022 12:37:42 PM Calculated day 477
07/01/2022 12:37:49 PM Calculated day 478
07/01/2022 12:37:57 PM Calculated day 479
07/01/2022 12:38:04 PM Calculated day 480
07/01/2022 12:38:14 PM Calculated day 481
07/01/2022 12:38:22 PM Calculated day 482
07/01/2022 12:38:29 PM Calculated day 483
07/01/2022 12:38:36 PM Calculated day 484
07/01/2022 12:38:44 PM Calculated day 485
07/01/2022 12:38:51 PM Calculated day 486
07/01/2022 12:38:58 PM Calculated day 487
07/01/2022 12:39:06 PM Calculated day 488
07/01/2022 12:39:14 PM Calculated day 489
07/01/2022 12:39:21 PM Calculated day 490
07/01/2022 12:39:32 PM Calculated day 491
07/01/2022 12:39:39 PM Calculated day 492
07/01/2022 12:39:46 PM Calculated day 493
07/01/2022 12:39:54 PM Calculated day 494
07/01/2022 12:40:02 PM Calculated day 495
07/01/2022 12:40:09 PM Calculated day 496
07/01/2022 12:40:17 PM Calculated day 497
07/01/2022 12:40:24 PM Calculated day 498
07/01/2022 12:40:32 PM Calculated day 499
07/01/2022 12:40:39 PM Calculated day 500
07/01/2022 12:40:50 PM Calculated day 501
07/01/2022 12:40:58 PM Calculated day 502
07/01/2022 12:41:05 PM Calculated day 503
07/01/2022 12:41:12 PM Calculated day 504
07/01/2022 12:41:20 PM Calculated day 505
07/01/2022 12:41:27 PM Calculated day 506
07/01/2022 12:41:35 PM Calculated day 507
07/01/2022 12:41:43 PM Calculated day 508
07/01/2022 12:41:50 PM Calculated day 509
07/01/2022 12:41:58 PM Calculated day 510
07/01/2022 12:42:08 PM Calculated day 511
07/01/2022 12:42:16 PM Calculated day 512
07/01/2022 12:42:24 PM Calculated day 513
07/01/2022 12:42:31 PM Calculated day 514
07/01/2022 12:42:38 PM Calculated day 515
07/01/2022 12:42:46 PM Calculated day 516
07/01/2022 12:42:53 PM Calculated day 517
07/01/2022 12:43:01 PM Calculated day 518
07/01/2022 12:43:08 PM Calculated day 519
07/01/2022 12:43:15 PM Calculated day 520
07/01/2022 12:43:26 PM Calculated day 521
07/01/2022 12:43:34 PM Calculated day 522
07/01/2022 12:43:41 PM Calculated day 523
07/01/2022 12:43:49 PM Calculated day 524
07/01/2022 12:43:56 PM Calculated day 525
07/01/2022 12:44:04 PM Calculated day 526
07/01/2022 12:44:12 PM Calculated day 527
07/01/2022 12:44:19 PM Calculated day 528
07/01/2022 12:44:27 PM Calculated day 529
07/01/2022 12:44:34 PM Calculated day 530
07/01/2022 12:44:45 PM Calculated day 531
07/01/2022 12:44:52 PM Calculated day 532
07/01/2022 12:44:59 PM Calculated day 533
07/01/2022 12:45:07 PM Calculated day 534
07/01/2022 12:45:15 PM Calculated day 535
07/01/2022 12:45:22 PM Calculated day 536
07/01/2022 12:45:30 PM Calculated day 537
07/01/2022 12:45:37 PM Calculated day 538
07/01/2022 12:45:44 PM Calculated day 539
07/01/2022 12:45:52 PM Calculated day 540
07/01/2022 12:46:03 PM Calculated day 541
07/01/2022 12:46:10 PM Calculated day 542
07/01/2022 12:46:18 PM Calculated day 543
07/01/2022 12:46:25 PM Calculated day 544
07/01/2022 12:46:33 PM Calculated day 545
07/01/2022 12:46:40 PM Calculated day 546
07/01/2022 12:46:47 PM Calculated day 547
07/01/2022 12:46:55 PM Calculated day 548
07/01/2022 12:47:02 PM Calculated day 549
07/01/2022 12:47:10 PM Calculated day 550
07/01/2022 12:47:21 PM Calculated day 551
07/01/2022 12:47:28 PM Calculated day 552
07/01/2022 12:47:36 PM Calculated day 553
07/01/2022 12:47:43 PM Calculated day 554
07/01/2022 12:47:51 PM Calculated day 555
07/01/2022 12:47:58 PM Calculated day 556
07/01/2022 12:48:06 PM Calculated day 557
07/01/2022 12:48:13 PM Calculated day 558
07/01/2022 12:48:20 PM Calculated day 559
07/01/2022 12:48:28 PM Calculated day 560
07/01/2022 12:48:39 PM Calculated day 561
07/01/2022 12:48:46 PM Calculated day 562
07/01/2022 12:48:54 PM Calculated day 563
07/01/2022 12:49:01 PM Calculated day 564
07/01/2022 12:49:08 PM Calculated day 565
07/01/2022 12:49:16 PM Calculated day 566
07/01/2022 12:49:24 PM Calculated day 567
07/01/2022 12:49:31 PM Calculated day 568
07/01/2022 12:49:39 PM Calculated day 569
07/01/2022 12:49:46 PM Calculated day 570
07/01/2022 12:49:57 PM Calculated day 571
07/01/2022 12:50:05 PM Calculated day 572
07/01/2022 12:50:13 PM Calculated day 573
07/01/2022 12:50:20 PM Calculated day 574
07/01/2022 12:50:28 PM Calculated day 575
07/01/2022 12:50:36 PM Calculated day 576
07/01/2022 12:50:43 PM Calculated day 577
07/01/2022 12:50:50 PM Calculated day 578
07/01/2022 12:50:58 PM Calculated day 579
07/01/2022 12:51:05 PM Calculated day 580
07/01/2022 12:51:16 PM Calculated day 581
07/01/2022 12:51:24 PM Calculated day 582
07/01/2022 12:51:31 PM Calculated day 583
07/01/2022 12:51:39 PM Calculated day 584
07/01/2022 12:51:46 PM Calculated day 585
07/01/2022 12:51:54 PM Calculated day 586
07/01/2022 12:52:01 PM Calculated day 587
07/01/2022 12:52:08 PM Calculated day 588
07/01/2022 12:52:16 PM Calculated day 589
07/01/2022 12:52:23 PM Calculated day 590
07/01/2022 12:52:34 PM Calculated day 591
07/01/2022 12:52:42 PM Calculated day 592
07/01/2022 12:52:49 PM Calculated day 593
07/01/2022 12:52:57 PM Calculated day 594
07/01/2022 12:53:04 PM Calculated day 595
07/01/2022 12:53:12 PM Calculated day 596
07/01/2022 12:53:19 PM Calculated day 597
07/01/2022 12:53:27 PM Calculated day 598
07/01/2022 12:53:34 PM Calculated day 599
07/01/2022 12:53:41 PM Calculated day 600
07/01/2022 12:53:52 PM Calculated day 601
07/01/2022 12:54:00 PM Calculated day 602
07/01/2022 12:54:07 PM Calculated day 603
07/01/2022 12:54:14 PM Calculated day 604
07/01/2022 12:54:22 PM Calculated day 605
07/01/2022 12:54:29 PM Calculated day 606
07/01/2022 12:54:37 PM Calculated day 607
07/01/2022 12:54:44 PM Calculated day 608
07/01/2022 12:54:52 PM Calculated day 609
07/01/2022 12:54:59 PM Calculated day 610
07/01/2022 12:55:10 PM Calculated day 611
07/01/2022 12:55:17 PM Calculated day 612
07/01/2022 12:55:25 PM Calculated day 613
07/01/2022 12:55:32 PM Calculated day 614
07/01/2022 12:55:39 PM Calculated day 615
07/01/2022 12:55:47 PM Calculated day 616
07/01/2022 12:55:54 PM Calculated day 617
07/01/2022 12:56:02 PM Calculated day 618
07/01/2022 12:56:09 PM Calculated day 619
07/01/2022 12:56:17 PM Calculated day 620
07/01/2022 12:56:28 PM Calculated day 621
07/01/2022 12:56:36 PM Calculated day 622
07/01/2022 12:56:43 PM Calculated day 623
07/01/2022 12:56:51 PM Calculated day 624
07/01/2022 12:56:58 PM Calculated day 625
07/01/2022 12:57:06 PM Calculated day 626
07/01/2022 12:57:13 PM Calculated day 627
07/01/2022 12:57:21 PM Calculated day 628
07/01/2022 12:57:28 PM Calculated day 629
07/01/2022 12:57:35 PM Calculated day 630
07/01/2022 12:57:46 PM Calculated day 631
07/01/2022 12:57:54 PM Calculated day 632
07/01/2022 12:58:01 PM Calculated day 633
07/01/2022 12:58:08 PM Calculated day 634
07/01/2022 12:58:16 PM Calculated day 635
07/01/2022 12:58:24 PM Calculated day 636
07/01/2022 12:58:31 PM Calculated day 637
07/01/2022 12:58:38 PM Calculated day 638
07/01/2022 12:58:46 PM Calculated day 639
07/01/2022 12:58:53 PM Calculated day 640
07/01/2022 12:59:04 PM Calculated day 641
07/01/2022 12:59:12 PM Calculated day 642
07/01/2022 12:59:19 PM Calculated day 643
07/01/2022 12:59:27 PM Calculated day 644
07/01/2022 12:59:35 PM Calculated day 645
07/01/2022 12:59:42 PM Calculated day 646
07/01/2022 12:59:50 PM Calculated day 647
07/01/2022 12:59:57 PM Calculated day 648
07/01/2022 01:00:04 PM Calculated day 649
07/01/2022 01:00:12 PM Calculated day 650
07/01/2022 01:00:23 PM Calculated day 651
07/01/2022 01:00:30 PM Calculated day 652
07/01/2022 01:00:39 PM Calculated day 653
07/01/2022 01:00:46 PM Calculated day 654
07/01/2022 01:00:54 PM Calculated day 655
07/01/2022 01:01:02 PM Calculated day 656
07/01/2022 01:01:09 PM Calculated day 657
07/01/2022 01:01:17 PM Calculated day 658
07/01/2022 01:01:24 PM Calculated day 659
07/01/2022 01:01:31 PM Calculated day 660
07/01/2022 01:01:43 PM Calculated day 661
07/01/2022 01:01:50 PM Calculated day 662
07/01/2022 01:01:57 PM Calculated day 663
07/01/2022 01:02:05 PM Calculated day 664
07/01/2022 01:02:12 PM Calculated day 665
07/01/2022 01:02:20 PM Calculated day 666
07/01/2022 01:02:27 PM Calculated day 667
07/01/2022 01:02:35 PM Calculated day 668
07/01/2022 01:02:42 PM Calculated day 669
07/01/2022 01:02:50 PM Calculated day 670
07/01/2022 01:03:01 PM Calculated day 671
07/01/2022 01:03:09 PM Calculated day 672
07/01/2022 01:03:16 PM Calculated day 673
07/01/2022 01:03:23 PM Calculated day 674
07/01/2022 01:03:31 PM Calculated day 675
07/01/2022 01:03:39 PM Calculated day 676
07/01/2022 01:03:46 PM Calculated day 677
07/01/2022 01:03:54 PM Calculated day 678
07/01/2022 01:04:01 PM Calculated day 679
07/01/2022 01:04:08 PM Calculated day 680
07/01/2022 01:04:20 PM Calculated day 681
07/01/2022 01:04:27 PM Calculated day 682
07/01/2022 01:04:35 PM Calculated day 683
07/01/2022 01:04:42 PM Calculated day 684
07/01/2022 01:04:49 PM Calculated day 685
07/01/2022 01:04:57 PM Calculated day 686
07/01/2022 01:05:04 PM Calculated day 687
07/01/2022 01:05:12 PM Calculated day 688
07/01/2022 01:05:19 PM Calculated day 689
07/01/2022 01:05:26 PM Calculated day 690
07/01/2022 01:05:38 PM Calculated day 691
07/01/2022 01:05:45 PM Calculated day 692
07/01/2022 01:05:53 PM Calculated day 693
07/01/2022 01:06:00 PM Calculated day 694
07/01/2022 01:06:08 PM Calculated day 695
07/01/2022 01:06:15 PM Calculated day 696
07/01/2022 01:06:22 PM Calculated day 697
07/01/2022 01:06:30 PM Calculated day 698
07/01/2022 01:06:38 PM Calculated day 699
07/01/2022 01:06:45 PM Calculated day 700
07/01/2022 01:06:56 PM Calculated day 701
07/01/2022 01:07:04 PM Calculated day 702
07/01/2022 01:07:11 PM Calculated day 703
07/01/2022 01:07:19 PM Calculated day 704
07/01/2022 01:07:26 PM Calculated day 705
07/01/2022 01:07:34 PM Calculated day 706
07/01/2022 01:07:41 PM Calculated day 707
07/01/2022 01:07:49 PM Calculated day 708
07/01/2022 01:07:56 PM Calculated day 709
07/01/2022 01:08:04 PM Calculated day 710
07/01/2022 01:08:16 PM Calculated day 711
07/01/2022 01:08:23 PM Calculated day 712
07/01/2022 01:08:31 PM Calculated day 713
07/01/2022 01:08:38 PM Calculated day 714
07/01/2022 01:08:46 PM Calculated day 715
07/01/2022 01:08:54 PM Calculated day 716
07/01/2022 01:09:01 PM Calculated day 717
07/01/2022 01:09:09 PM Calculated day 718
07/01/2022 01:09:16 PM Calculated day 719
07/01/2022 01:09:23 PM Calculated day 720
07/01/2022 01:09:35 PM Calculated day 721
07/01/2022 01:09:43 PM Calculated day 722
07/01/2022 01:09:50 PM Calculated day 723
07/01/2022 01:09:58 PM Calculated day 724
07/01/2022 01:10:06 PM Calculated day 725
07/01/2022 01:10:13 PM Calculated day 726
07/01/2022 01:10:21 PM Calculated day 727
07/01/2022 01:10:29 PM Calculated day 728
07/01/2022 01:10:36 PM Calculated day 729
07/01/2022 01:10:44 PM Calculated day 730
07/01/2022 01:10:55 PM Calculated day 731
07/01/2022 01:11:03 PM Calculated day 732
07/01/2022 01:11:10 PM Calculated day 733
07/01/2022 01:11:18 PM Calculated day 734
07/01/2022 01:11:26 PM Calculated day 735
07/01/2022 01:11:33 PM Calculated day 736
07/01/2022 01:11:40 PM Calculated day 737
07/01/2022 01:11:48 PM Calculated day 738
07/01/2022 01:11:55 PM Calculated day 739
07/01/2022 01:12:03 PM Calculated day 740
07/01/2022 01:12:14 PM Calculated day 741
07/01/2022 01:12:22 PM Calculated day 742
07/01/2022 01:12:29 PM Calculated day 743
07/01/2022 01:12:37 PM Calculated day 744
07/01/2022 01:12:44 PM Calculated day 745
07/01/2022 01:12:52 PM Calculated day 746
07/01/2022 01:13:00 PM Calculated day 747
07/01/2022 01:13:07 PM Calculated day 748
07/01/2022 01:13:14 PM Calculated day 749
07/01/2022 01:13:22 PM Calculated day 750
07/01/2022 01:13:34 PM Calculated day 751
07/01/2022 01:13:41 PM Calculated day 752
07/01/2022 01:13:49 PM Calculated day 753
07/01/2022 01:13:56 PM Calculated day 754
07/01/2022 01:14:04 PM Calculated day 755
07/01/2022 01:14:11 PM Calculated day 756
07/01/2022 01:14:19 PM Calculated day 757
07/01/2022 01:14:27 PM Calculated day 758
07/01/2022 01:14:34 PM Calculated day 759
07/01/2022 01:14:42 PM Calculated day 760
07/01/2022 01:14:55 PM Calculated day 761
07/01/2022 01:15:03 PM Calculated day 762
07/01/2022 01:15:10 PM Calculated day 763
07/01/2022 01:15:18 PM Calculated day 764
07/01/2022 01:15:26 PM Calculated day 765
07/01/2022 01:15:33 PM Calculated day 766
07/01/2022 01:15:40 PM Calculated day 767
07/01/2022 01:15:48 PM Calculated day 768
07/01/2022 01:15:55 PM Calculated day 769
07/01/2022 01:16:03 PM Calculated day 770
07/01/2022 01:16:14 PM Calculated day 771
07/01/2022 01:16:21 PM Calculated day 772
07/01/2022 01:16:29 PM Calculated day 773
07/01/2022 01:16:36 PM Calculated day 774
07/01/2022 01:16:43 PM Calculated day 775
07/01/2022 01:16:51 PM Calculated day 776
07/01/2022 01:16:58 PM Calculated day 777
07/01/2022 01:17:06 PM Calculated day 778
07/01/2022 01:17:13 PM Calculated day 779
07/01/2022 01:17:21 PM Calculated day 780
07/01/2022 01:17:33 PM Calculated day 781
07/01/2022 01:17:41 PM Calculated day 782
07/01/2022 01:17:49 PM Calculated day 783
07/01/2022 01:17:56 PM Calculated day 784
07/01/2022 01:18:04 PM Calculated day 785
07/01/2022 01:18:11 PM Calculated day 786
07/01/2022 01:18:19 PM Calculated day 787
07/01/2022 01:18:27 PM Calculated day 788
07/01/2022 01:18:34 PM Calculated day 789
07/01/2022 01:18:42 PM Calculated day 790
07/01/2022 01:18:54 PM Calculated day 791
07/01/2022 01:19:02 PM Calculated day 792
07/01/2022 01:19:09 PM Calculated day 793
07/01/2022 01:19:17 PM Calculated day 794
07/01/2022 01:19:24 PM Calculated day 795
07/01/2022 01:19:32 PM Calculated day 796
07/01/2022 01:19:39 PM Calculated day 797
07/01/2022 01:19:47 PM Calculated day 798
07/01/2022 01:19:54 PM Calculated day 799
07/01/2022 01:20:43 PM Calculated day 800
07/01/2022 01:21:36 PM Calculated day 801
07/01/2022 01:21:44 PM Calculated day 802
07/01/2022 01:21:52 PM Calculated day 803
07/01/2022 01:22:00 PM Calculated day 804
07/01/2022 01:22:07 PM Calculated day 805
07/01/2022 01:22:15 PM Calculated day 806
07/01/2022 01:22:22 PM Calculated day 807
07/01/2022 01:22:30 PM Calculated day 808
07/01/2022 01:22:37 PM Calculated day 809
07/01/2022 01:22:45 PM Calculated day 810
07/01/2022 01:22:57 PM Calculated day 811
07/01/2022 01:23:04 PM Calculated day 812
07/01/2022 01:23:12 PM Calculated day 813
07/01/2022 01:23:20 PM Calculated day 814
07/01/2022 01:23:27 PM Calculated day 815
07/01/2022 01:23:35 PM Calculated day 816
07/01/2022 01:23:42 PM Calculated day 817
07/01/2022 01:23:50 PM Calculated day 818
07/01/2022 01:23:57 PM Calculated day 819
07/01/2022 01:24:05 PM Calculated day 820
07/01/2022 01:24:18 PM Calculated day 821
07/01/2022 01:24:25 PM Calculated day 822
07/01/2022 01:24:33 PM Calculated day 823
07/01/2022 01:24:40 PM Calculated day 824
07/01/2022 01:24:48 PM Calculated day 825
07/01/2022 01:24:55 PM Calculated day 826
07/01/2022 01:25:02 PM Calculated day 827
07/01/2022 01:25:10 PM Calculated day 828
07/01/2022 01:25:17 PM Calculated day 829
07/01/2022 01:25:24 PM Calculated day 830
07/01/2022 01:25:37 PM Calculated day 831
07/01/2022 01:25:44 PM Calculated day 832
07/01/2022 01:25:52 PM Calculated day 833
07/01/2022 01:25:59 PM Calculated day 834
07/01/2022 01:26:06 PM Calculated day 835
07/01/2022 01:26:14 PM Calculated day 836
07/01/2022 01:26:21 PM Calculated day 837
07/01/2022 01:26:29 PM Calculated day 838
07/01/2022 01:26:36 PM Calculated day 839
07/01/2022 01:26:43 PM Calculated day 840
07/01/2022 01:26:56 PM Calculated day 841
07/01/2022 01:27:03 PM Calculated day 842
07/01/2022 01:27:11 PM Calculated day 843
07/01/2022 01:27:18 PM Calculated day 844
07/01/2022 01:27:26 PM Calculated day 845
07/01/2022 01:27:33 PM Calculated day 846
07/01/2022 01:27:40 PM Calculated day 847
07/01/2022 01:27:48 PM Calculated day 848
07/01/2022 01:27:55 PM Calculated day 849
07/01/2022 01:28:03 PM Calculated day 850
07/01/2022 01:28:15 PM Calculated day 851
07/01/2022 01:28:23 PM Calculated day 852
07/01/2022 01:28:30 PM Calculated day 853
07/01/2022 01:28:37 PM Calculated day 854
07/01/2022 01:28:45 PM Calculated day 855
07/01/2022 01:28:53 PM Calculated day 856
07/01/2022 01:29:00 PM Calculated day 857
07/01/2022 01:29:08 PM Calculated day 858
07/01/2022 01:29:15 PM Calculated day 859
07/01/2022 01:29:22 PM Calculated day 860
07/01/2022 01:29:35 PM Calculated day 861
07/01/2022 01:29:42 PM Calculated day 862
07/01/2022 01:29:50 PM Calculated day 863
07/01/2022 01:29:58 PM Calculated day 864
07/01/2022 01:30:05 PM Calculated day 865
07/01/2022 01:30:13 PM Calculated day 866
07/01/2022 01:30:21 PM Calculated day 867
07/01/2022 01:30:29 PM Calculated day 868
07/01/2022 01:30:37 PM Calculated day 869
07/01/2022 01:30:44 PM Calculated day 870
07/01/2022 01:30:57 PM Calculated day 871
07/01/2022 01:31:06 PM Calculated day 872
07/01/2022 01:31:14 PM Calculated day 873
07/01/2022 01:31:22 PM Calculated day 874
07/01/2022 01:31:30 PM Calculated day 875
07/01/2022 01:31:38 PM Calculated day 876
07/01/2022 01:31:46 PM Calculated day 877
07/01/2022 01:31:54 PM Calculated day 878
07/01/2022 01:32:03 PM Calculated day 879
07/01/2022 01:32:10 PM Calculated day 880
07/01/2022 01:32:22 PM Calculated day 881
07/01/2022 01:32:30 PM Calculated day 882
07/01/2022 01:32:38 PM Calculated day 883
07/01/2022 01:32:45 PM Calculated day 884
07/01/2022 01:32:52 PM Calculated day 885
07/01/2022 01:33:00 PM Calculated day 886
07/01/2022 01:33:08 PM Calculated day 887
07/01/2022 01:33:16 PM Calculated day 888
07/01/2022 01:33:23 PM Calculated day 889
07/01/2022 01:33:31 PM Calculated day 890
07/01/2022 01:33:44 PM Calculated day 891
07/01/2022 01:33:52 PM Calculated day 892
07/01/2022 01:33:59 PM Calculated day 893
07/01/2022 01:34:07 PM Calculated day 894
07/01/2022 01:34:14 PM Calculated day 895
07/01/2022 01:34:22 PM Calculated day 896
07/01/2022 01:34:30 PM Calculated day 897
07/01/2022 01:34:37 PM Calculated day 898
07/01/2022 01:34:44 PM Calculated day 899
07/01/2022 01:34:52 PM Calculated day 900
07/01/2022 01:35:05 PM Calculated day 901
07/01/2022 01:35:13 PM Calculated day 902
07/01/2022 01:35:22 PM Calculated day 903
07/01/2022 01:35:31 PM Calculated day 904
07/01/2022 01:35:39 PM Calculated day 905
07/01/2022 01:35:48 PM Calculated day 906
07/01/2022 01:35:55 PM Calculated day 907
07/01/2022 01:36:04 PM Calculated day 908
07/01/2022 01:36:11 PM Calculated day 909
07/01/2022 01:36:19 PM Calculated day 910
07/01/2022 01:36:31 PM Calculated day 911
07/01/2022 01:36:39 PM Calculated day 912
07/01/2022 01:36:46 PM Calculated day 913
07/01/2022 01:36:53 PM Calculated day 914
07/01/2022 01:37:01 PM Calculated day 915
07/01/2022 01:37:09 PM Calculated day 916
07/01/2022 01:37:16 PM Calculated day 917
07/01/2022 01:37:24 PM Calculated day 918
07/01/2022 01:37:31 PM Calculated day 919
07/01/2022 01:37:39 PM Calculated day 920
07/01/2022 01:37:51 PM Calculated day 921
07/01/2022 01:37:59 PM Calculated day 922
07/01/2022 01:38:07 PM Calculated day 923
07/01/2022 01:38:14 PM Calculated day 924
07/01/2022 01:38:21 PM Calculated day 925
07/01/2022 01:38:29 PM Calculated day 926
07/01/2022 01:38:36 PM Calculated day 927
07/01/2022 01:38:43 PM Calculated day 928
07/01/2022 01:38:51 PM Calculated day 929
07/01/2022 01:38:58 PM Calculated day 930
07/01/2022 01:39:11 PM Calculated day 931
07/01/2022 01:39:18 PM Calculated day 932
07/01/2022 01:39:26 PM Calculated day 933
07/01/2022 01:39:34 PM Calculated day 934
07/01/2022 01:39:41 PM Calculated day 935
07/01/2022 01:39:49 PM Calculated day 936
07/01/2022 01:39:57 PM Calculated day 937
07/01/2022 01:40:05 PM Calculated day 938
07/01/2022 01:40:12 PM Calculated day 939
07/01/2022 01:40:20 PM Calculated day 940
07/01/2022 01:40:33 PM Calculated day 941
07/01/2022 01:40:40 PM Calculated day 942
07/01/2022 01:40:48 PM Calculated day 943
07/01/2022 01:40:56 PM Calculated day 944
07/01/2022 01:41:03 PM Calculated day 945
07/01/2022 01:41:11 PM Calculated day 946
07/01/2022 01:41:19 PM Calculated day 947
07/01/2022 01:41:26 PM Calculated day 948
07/01/2022 01:41:34 PM Calculated day 949
07/01/2022 01:41:41 PM Calculated day 950
07/01/2022 01:41:54 PM Calculated day 951
07/01/2022 01:42:02 PM Calculated day 952
07/01/2022 01:42:09 PM Calculated day 953
07/01/2022 01:42:17 PM Calculated day 954
07/01/2022 01:42:25 PM Calculated day 955
07/01/2022 01:42:33 PM Calculated day 956
07/01/2022 01:42:40 PM Calculated day 957
07/01/2022 01:42:47 PM Calculated day 958
07/01/2022 01:42:55 PM Calculated day 959
07/01/2022 01:43:02 PM Calculated day 960
07/01/2022 01:43:15 PM Calculated day 961
07/01/2022 01:43:22 PM Calculated day 962
07/01/2022 01:43:30 PM Calculated day 963
07/01/2022 01:43:38 PM Calculated day 964
07/01/2022 01:43:45 PM Calculated day 965
07/01/2022 01:43:53 PM Calculated day 966
07/01/2022 01:44:00 PM Calculated day 967
07/01/2022 01:44:08 PM Calculated day 968
07/01/2022 01:44:15 PM Calculated day 969
07/01/2022 01:44:22 PM Calculated day 970
07/01/2022 01:44:36 PM Calculated day 971
07/01/2022 01:44:43 PM Calculated day 972
07/01/2022 01:44:51 PM Calculated day 973
07/01/2022 01:44:58 PM Calculated day 974
07/01/2022 01:45:06 PM Calculated day 975
07/01/2022 01:45:13 PM Calculated day 976
07/01/2022 01:45:21 PM Calculated day 977
07/01/2022 01:45:29 PM Calculated day 978
07/01/2022 01:45:36 PM Calculated day 979
07/01/2022 01:45:43 PM Calculated day 980
07/01/2022 01:45:56 PM Calculated day 981
07/01/2022 01:46:03 PM Calculated day 982
07/01/2022 01:46:11 PM Calculated day 983
07/01/2022 01:46:19 PM Calculated day 984
07/01/2022 01:46:27 PM Calculated day 985
07/01/2022 01:46:34 PM Calculated day 986
07/01/2022 01:46:42 PM Calculated day 987
07/01/2022 01:46:49 PM Calculated day 988
07/01/2022 01:46:56 PM Calculated day 989
07/01/2022 01:47:04 PM Calculated day 990
07/01/2022 01:47:16 PM Calculated day 991
07/01/2022 01:47:24 PM Calculated day 992
07/01/2022 01:47:32 PM Calculated day 993
07/01/2022 01:47:39 PM Calculated day 994
07/01/2022 01:47:47 PM Calculated day 995
07/01/2022 01:47:54 PM Calculated day 996
07/01/2022 01:48:02 PM Calculated day 997
07/01/2022 01:48:09 PM Calculated day 998
07/01/2022 01:48:17 PM Calculated day 999
07/01/2022 01:48:24 PM Calculated day 1000
07/01/2022 01:48:37 PM Calculated day 1001
07/01/2022 01:48:45 PM Calculated day 1002
07/01/2022 01:48:52 PM Calculated day 1003
07/01/2022 01:49:00 PM Calculated day 1004
07/01/2022 01:49:08 PM Calculated day 1005
07/01/2022 01:49:15 PM Calculated day 1006
07/01/2022 01:49:23 PM Calculated day 1007
07/01/2022 01:49:31 PM Calculated day 1008
07/01/2022 01:49:38 PM Calculated day 1009
07/01/2022 01:49:45 PM Calculated day 1010
07/01/2022 01:49:58 PM Calculated day 1011
07/01/2022 01:50:06 PM Calculated day 1012
07/01/2022 01:50:14 PM Calculated day 1013
07/01/2022 01:50:21 PM Calculated day 1014
07/01/2022 01:50:29 PM Calculated day 1015
07/01/2022 01:50:36 PM Calculated day 1016
07/01/2022 01:50:44 PM Calculated day 1017
07/01/2022 01:50:51 PM Calculated day 1018
07/01/2022 01:50:59 PM Calculated day 1019
07/01/2022 01:51:06 PM Calculated day 1020
07/01/2022 01:51:19 PM Calculated day 1021
07/01/2022 01:51:27 PM Calculated day 1022
07/01/2022 01:51:34 PM Calculated day 1023
07/01/2022 01:51:42 PM Calculated day 1024
07/01/2022 01:51:49 PM Calculated day 1025
07/01/2022 01:51:57 PM Calculated day 1026
07/01/2022 01:52:05 PM Calculated day 1027
07/01/2022 01:52:12 PM Calculated day 1028
07/01/2022 01:52:19 PM Calculated day 1029
07/01/2022 01:52:27 PM Calculated day 1030
07/01/2022 01:52:40 PM Calculated day 1031
07/01/2022 01:52:47 PM Calculated day 1032
07/01/2022 01:52:54 PM Calculated day 1033
07/01/2022 01:53:02 PM Calculated day 1034
07/01/2022 01:53:10 PM Calculated day 1035
07/01/2022 01:53:17 PM Calculated day 1036
07/01/2022 01:53:25 PM Calculated day 1037
07/01/2022 01:53:32 PM Calculated day 1038
07/01/2022 01:53:40 PM Calculated day 1039
07/01/2022 01:53:47 PM Calculated day 1040
07/01/2022 01:54:00 PM Calculated day 1041
07/01/2022 01:54:08 PM Calculated day 1042
07/01/2022 01:54:15 PM Calculated day 1043
07/01/2022 01:54:23 PM Calculated day 1044
07/01/2022 01:54:30 PM Calculated day 1045
07/01/2022 01:54:38 PM Calculated day 1046
07/01/2022 01:54:45 PM Calculated day 1047
07/01/2022 01:54:53 PM Calculated day 1048
07/01/2022 01:55:00 PM Calculated day 1049
07/01/2022 01:55:08 PM Calculated day 1050
07/01/2022 01:55:21 PM Calculated day 1051
07/01/2022 01:55:29 PM Calculated day 1052
07/01/2022 01:55:37 PM Calculated day 1053
07/01/2022 01:55:44 PM Calculated day 1054
07/01/2022 01:55:52 PM Calculated day 1055
07/01/2022 01:56:00 PM Calculated day 1056
07/01/2022 01:56:07 PM Calculated day 1057
07/01/2022 01:56:15 PM Calculated day 1058
07/01/2022 01:56:22 PM Calculated day 1059
07/01/2022 01:56:30 PM Calculated day 1060
07/01/2022 01:56:44 PM Calculated day 1061
07/01/2022 01:56:52 PM Calculated day 1062
07/01/2022 01:57:00 PM Calculated day 1063
07/01/2022 01:57:07 PM Calculated day 1064
07/01/2022 01:57:15 PM Calculated day 1065
07/01/2022 01:57:22 PM Calculated day 1066
07/01/2022 01:57:30 PM Calculated day 1067
07/01/2022 01:57:38 PM Calculated day 1068
07/01/2022 01:57:45 PM Calculated day 1069
07/01/2022 01:57:52 PM Calculated day 1070
07/01/2022 01:58:06 PM Calculated day 1071
07/01/2022 01:58:14 PM Calculated day 1072
07/01/2022 01:58:21 PM Calculated day 1073
07/01/2022 01:58:29 PM Calculated day 1074
07/01/2022 01:58:36 PM Calculated day 1075
07/01/2022 01:58:44 PM Calculated day 1076
07/01/2022 01:58:51 PM Calculated day 1077
07/01/2022 01:58:58 PM Calculated day 1078
07/01/2022 01:59:05 PM Calculated day 1079
07/01/2022 01:59:13 PM Calculated day 1080
07/01/2022 01:59:26 PM Calculated day 1081
07/01/2022 01:59:33 PM Calculated day 1082
07/01/2022 01:59:40 PM Calculated day 1083
07/01/2022 01:59:47 PM Calculated day 1084
07/01/2022 01:59:55 PM Calculated day 1085
07/01/2022 02:00:02 PM Calculated day 1086
07/01/2022 02:00:09 PM Calculated day 1087
07/01/2022 02:00:16 PM Calculated day 1088
07/01/2022 02:00:23 PM Calculated day 1089
07/01/2022 02:00:30 PM Calculated day 1090
07/01/2022 02:00:43 PM Calculated day 1091
07/01/2022 02:00:50 PM Calculated day 1092
07/01/2022 02:00:57 PM Calculated day 1093
07/01/2022 02:01:04 PM Calculated day 1094
07/01/2022 02:01:11 PM Calculated day 1095
07/01/2022 02:01:18 PM Calculated day 1096
07/01/2022 02:01:25 PM Calculated day 1097
07/01/2022 02:01:32 PM Calculated day 1098
07/01/2022 02:01:39 PM Calculated day 1099
07/01/2022 02:01:46 PM Calculated day 1100
07/01/2022 02:01:58 PM Calculated day 1101
07/01/2022 02:02:05 PM Calculated day 1102
07/01/2022 02:02:13 PM Calculated day 1103
07/01/2022 02:02:20 PM Calculated day 1104
07/01/2022 02:02:27 PM Calculated day 1105
07/01/2022 02:02:34 PM Calculated day 1106
07/01/2022 02:02:41 PM Calculated day 1107
07/01/2022 02:02:48 PM Calculated day 1108
07/01/2022 02:02:55 PM Calculated day 1109
07/01/2022 02:03:02 PM Calculated day 1110
07/01/2022 02:03:15 PM Calculated day 1111
07/01/2022 02:03:22 PM Calculated day 1112
07/01/2022 02:03:29 PM Calculated day 1113
07/01/2022 02:03:36 PM Calculated day 1114
07/01/2022 02:03:43 PM Calculated day 1115
07/01/2022 02:03:50 PM Calculated day 1116
07/01/2022 02:03:57 PM Calculated day 1117
07/01/2022 02:04:04 PM Calculated day 1118
07/01/2022 02:04:11 PM Calculated day 1119
07/01/2022 02:04:18 PM Calculated day 1120
07/01/2022 02:04:30 PM Calculated day 1121
07/01/2022 02:04:37 PM Calculated day 1122
07/01/2022 02:04:44 PM Calculated day 1123
07/01/2022 02:04:51 PM Calculated day 1124
07/01/2022 02:04:58 PM Calculated day 1125
07/01/2022 02:05:05 PM Calculated day 1126
07/01/2022 02:05:12 PM Calculated day 1127
07/01/2022 02:05:19 PM Calculated day 1128
07/01/2022 02:05:26 PM Calculated day 1129
07/01/2022 02:05:33 PM Calculated day 1130
07/01/2022 02:05:45 PM Calculated day 1131
07/01/2022 02:05:52 PM Calculated day 1132
07/01/2022 02:05:59 PM Calculated day 1133
07/01/2022 02:06:06 PM Calculated day 1134
07/01/2022 02:06:13 PM Calculated day 1135
07/01/2022 02:06:20 PM Calculated day 1136
07/01/2022 02:06:27 PM Calculated day 1137
07/01/2022 02:06:34 PM Calculated day 1138
07/01/2022 02:06:41 PM Calculated day 1139
07/01/2022 02:06:47 PM Calculated day 1140
07/01/2022 02:07:00 PM Calculated day 1141
07/01/2022 02:07:07 PM Calculated day 1142
07/01/2022 02:07:14 PM Calculated day 1143
07/01/2022 02:07:21 PM Calculated day 1144
07/01/2022 02:07:28 PM Calculated day 1145
07/01/2022 02:07:35 PM Calculated day 1146
07/01/2022 02:07:42 PM Calculated day 1147
07/01/2022 02:07:48 PM Calculated day 1148
07/01/2022 02:07:55 PM Calculated day 1149
07/01/2022 02:08:02 PM Calculated day 1150
07/01/2022 02:08:15 PM Calculated day 1151
07/01/2022 02:08:22 PM Calculated day 1152
07/01/2022 02:08:29 PM Calculated day 1153
07/01/2022 02:08:36 PM Calculated day 1154
07/01/2022 02:08:43 PM Calculated day 1155
07/01/2022 02:08:50 PM Calculated day 1156
07/01/2022 02:08:57 PM Calculated day 1157
07/01/2022 02:09:04 PM Calculated day 1158
07/01/2022 02:09:11 PM Calculated day 1159
07/01/2022 02:09:18 PM Calculated day 1160
07/01/2022 02:09:30 PM Calculated day 1161
07/01/2022 02:09:37 PM Calculated day 1162
07/01/2022 02:09:44 PM Calculated day 1163
07/01/2022 02:09:51 PM Calculated day 1164
07/01/2022 02:09:58 PM Calculated day 1165
07/01/2022 02:10:05 PM Calculated day 1166
07/01/2022 02:10:12 PM Calculated day 1167
07/01/2022 02:10:19 PM Calculated day 1168
07/01/2022 02:10:26 PM Calculated day 1169
07/01/2022 02:10:33 PM Calculated day 1170
07/01/2022 02:10:45 PM Calculated day 1171
07/01/2022 02:10:52 PM Calculated day 1172
07/01/2022 02:10:59 PM Calculated day 1173
07/01/2022 02:11:06 PM Calculated day 1174
07/01/2022 02:11:13 PM Calculated day 1175
07/01/2022 02:11:20 PM Calculated day 1176
07/01/2022 02:11:27 PM Calculated day 1177
07/01/2022 02:11:34 PM Calculated day 1178
07/01/2022 02:11:41 PM Calculated day 1179
07/01/2022 02:11:48 PM Calculated day 1180
07/01/2022 02:12:00 PM Calculated day 1181
07/01/2022 02:12:07 PM Calculated day 1182
07/01/2022 02:12:14 PM Calculated day 1183
07/01/2022 02:12:21 PM Calculated day 1184
07/01/2022 02:12:28 PM Calculated day 1185
07/01/2022 02:12:35 PM Calculated day 1186
07/01/2022 02:12:42 PM Calculated day 1187
07/01/2022 02:12:49 PM Calculated day 1188
07/01/2022 02:12:56 PM Calculated day 1189
07/01/2022 02:13:03 PM Calculated day 1190
07/01/2022 02:13:16 PM Calculated day 1191
07/01/2022 02:13:23 PM Calculated day 1192
07/01/2022 02:13:30 PM Calculated day 1193
07/01/2022 02:13:36 PM Calculated day 1194
07/01/2022 02:13:43 PM Calculated day 1195
07/01/2022 02:13:50 PM Calculated day 1196
07/01/2022 02:13:57 PM Calculated day 1197
07/01/2022 02:14:04 PM Calculated day 1198
07/01/2022 02:14:11 PM Calculated day 1199
07/01/2022 02:23:41 PM Saved data in ./transient_U_propagate_forcing_diff_Heq_nudged_U_trial//dt_150_Q_forcing_10_forcing_y_0_Hmean_200_forcing_phase_speed_5_ms/U_up_days_800//H0_2500/
07/01/2022 02:26:23 PM  ========== CODE RAN SUCCESSFULLY, congrats! ================
07/01/2022 02:26:23 PM  -----> Total Time taken = 10029.984  <----
