07/01/2022 07:00:12 AM **********************************
07/01/2022 07:00:12 AM /data/pbarpanda/spherical_SWE/evaluate_final_budget/transient_U_propagate_forcing_diff_Heq_nudged_U//dt_150_Q_forcing_10_forcing_y_0_Hmean_200_forcing_phase_speed_0_ms/U_up_days_800/
07/01/2022 07:00:12 AM **********************************
07/01/2022 07:00:12 AM Calculated day 0
07/01/2022 07:00:19 AM Calculated day 1
07/01/2022 07:00:26 AM Calculated day 2
07/01/2022 07:00:34 AM Calculated day 3
07/01/2022 07:00:41 AM Calculated day 4
07/01/2022 07:00:48 AM Calculated day 5
07/01/2022 07:00:55 AM Calculated day 6
07/01/2022 07:01:02 AM Calculated day 7
07/01/2022 07:01:10 AM Calculated day 8
07/01/2022 07:01:17 AM Calculated day 9
07/01/2022 07:01:24 AM Calculated day 10
07/01/2022 07:01:24 AM findfont: Matching sans\-serif:style=normal:variant=normal:weight=normal:stretch=normal:size=20.0.
07/01/2022 07:01:24 AM findfont: score(<Font 'STIXNonUnicode' (STIXNonUniBol.ttf) normal normal 700 normal>) = 10.335
07/01/2022 07:01:24 AM findfont: score(<Font 'DejaVu Sans Mono' (DejaVuSansMono-BoldOblique.ttf) oblique normal 700 normal>) = 11.335
07/01/2022 07:01:24 AM findfont: score(<Font 'cmtt10' (cmtt10.ttf) normal normal 400 normal>) = 10.05
07/01/2022 07:01:24 AM findfont: score(<Font 'DejaVu Sans' (DejaVuSans-Oblique.ttf) oblique normal 400 normal>) = 1.05
07/01/2022 07:01:24 AM findfont: score(<Font 'STIXSizeFourSym' (STIXSizFourSymBol.ttf) normal normal 700 normal>) = 10.335
07/01/2022 07:01:24 AM findfont: score(<Font 'cmb10' (cmb10.ttf) normal normal 400 normal>) = 10.05
07/01/2022 07:01:24 AM findfont: score(<Font 'cmmi10' (cmmi10.ttf) normal normal 400 normal>) = 10.05
07/01/2022 07:01:24 AM findfont: score(<Font 'STIXGeneral' (STIXGeneralBol.ttf) normal normal 700 normal>) = 10.335
07/01/2022 07:01:24 AM findfont: score(<Font 'DejaVu Serif' (DejaVuSerif-Italic.ttf) italic normal 400 normal>) = 11.05
07/01/2022 07:01:24 AM findfont: score(<Font 'STIXSizeFourSym' (STIXSizFourSymReg.ttf) normal normal 400 normal>) = 10.05
07/01/2022 07:01:24 AM findfont: score(<Font 'DejaVu Serif Display' (DejaVuSerifDisplay.ttf) normal normal 400 normal>) = 10.05
07/01/2022 07:01:24 AM findfont: score(<Font 'DejaVu Serif' (DejaVuSerif-BoldItalic.ttf) italic normal 700 normal>) = 11.335
07/01/2022 07:01:24 AM findfont: score(<Font 'DejaVu Sans Display' (DejaVuSansDisplay.ttf) normal normal 400 normal>) = 10.05
07/01/2022 07:01:24 AM findfont: score(<Font 'cmsy10' (cmsy10.ttf) normal normal 400 normal>) = 10.05
07/01/2022 07:01:24 AM findfont: score(<Font 'DejaVu Sans' (DejaVuSans.ttf) normal normal 400 normal>) = 0.05
07/01/2022 07:01:24 AM findfont: score(<Font 'STIXNonUnicode' (STIXNonUniBolIta.ttf) italic normal 700 normal>) = 11.335
07/01/2022 07:01:24 AM findfont: score(<Font 'cmss10' (cmss10.ttf) normal normal 400 normal>) = 10.05
07/01/2022 07:01:24 AM findfont: score(<Font 'DejaVu Serif' (DejaVuSerif.ttf) normal normal 400 normal>) = 10.05
07/01/2022 07:01:24 AM findfont: score(<Font 'STIXNonUnicode' (STIXNonUniIta.ttf) italic normal 400 normal>) = 11.05
07/01/2022 07:01:24 AM findfont: score(<Font 'DejaVu Sans' (DejaVuSans-Bold.ttf) normal normal 700 normal>) = 0.33499999999999996
07/01/2022 07:01:24 AM findfont: score(<Font 'DejaVu Sans Mono' (DejaVuSansMono-Bold.ttf) normal normal 700 normal>) = 10.335
07/01/2022 07:01:24 AM findfont: score(<Font 'STIXNonUnicode' (STIXNonUni.ttf) normal normal 400 normal>) = 10.05
07/01/2022 07:01:24 AM findfont: score(<Font 'STIXGeneral' (STIXGeneral.ttf) normal normal 400 normal>) = 10.05
07/01/2022 07:01:24 AM findfont: score(<Font 'STIXSizeOneSym' (STIXSizOneSymBol.ttf) normal normal 700 normal>) = 10.335
07/01/2022 07:01:24 AM findfont: score(<Font 'STIXGeneral' (STIXGeneralBolIta.ttf) italic normal 700 normal>) = 11.335
07/01/2022 07:01:24 AM findfont: score(<Font 'DejaVu Serif' (DejaVuSerif-Bold.ttf) normal normal 700 normal>) = 10.335
07/01/2022 07:01:24 AM findfont: score(<Font 'STIXSizeThreeSym' (STIXSizThreeSymBol.ttf) normal normal 700 normal>) = 10.335
07/01/2022 07:01:24 AM findfont: score(<Font 'DejaVu Sans Mono' (DejaVuSansMono.ttf) normal normal 400 normal>) = 10.05
07/01/2022 07:01:24 AM findfont: score(<Font 'STIXGeneral' (STIXGeneralItalic.ttf) italic normal 400 normal>) = 11.05
07/01/2022 07:01:24 AM findfont: score(<Font 'STIXSizeTwoSym' (STIXSizTwoSymReg.ttf) normal normal 400 normal>) = 10.05
07/01/2022 07:01:24 AM findfont: score(<Font 'STIXSizeTwoSym' (STIXSizTwoSymBol.ttf) normal normal 700 normal>) = 10.335
07/01/2022 07:01:24 AM findfont: score(<Font 'STIXSizeOneSym' (STIXSizOneSymReg.ttf) normal normal 400 normal>) = 10.05
07/01/2022 07:01:24 AM findfont: score(<Font 'cmr10' (cmr10.ttf) normal normal 400 normal>) = 10.05
07/01/2022 07:01:24 AM findfont: score(<Font 'DejaVu Sans Mono' (DejaVuSansMono-Oblique.ttf) oblique normal 400 normal>) = 11.05
07/01/2022 07:01:24 AM findfont: score(<Font 'STIXSizeFiveSym' (STIXSizFiveSymReg.ttf) normal normal 400 normal>) = 10.05
07/01/2022 07:01:24 AM findfont: score(<Font 'DejaVu Sans' (DejaVuSans-BoldOblique.ttf) oblique normal 700 normal>) = 1.335
07/01/2022 07:01:24 AM findfont: score(<Font 'cmex10' (cmex10.ttf) normal normal 400 normal>) = 10.05
07/01/2022 07:01:24 AM findfont: score(<Font 'STIXSizeThreeSym' (STIXSizThreeSymReg.ttf) normal normal 400 normal>) = 10.05
07/01/2022 07:01:24 AM findfont: score(<Font 'Myanmar Sangam MN' (Myanmar Sangam MN.ttc) normal normal 400 normal>) = 10.05
07/01/2022 07:01:24 AM findfont: score(<Font 'Hiragino Sans GB' (Hiragino Sans GB.ttc) normal normal 300 normal>) = 10.145
07/01/2022 07:01:24 AM findfont: score(<Font 'Arial Black' (Arial Black.ttf) normal normal 900 normal>) = 10.525
07/01/2022 07:01:24 AM findfont: score(<Font 'Noto Sans Brahmi' (NotoSansBrahmi-Regular.ttf) normal normal 400 normal>) = 10.05
07/01/2022 07:01:24 AM findfont: score(<Font 'Big Caslon' (BigCaslon.ttf) normal normal 500 normal>) = 10.145
07/01/2022 07:01:24 AM findfont: score(<Font 'Khmer MN' (Khmer MN.ttc) normal normal 400 normal>) = 10.05
07/01/2022 07:01:24 AM findfont: score(<Font 'Georgia' (Georgia Bold Italic.ttf) italic normal 700 normal>) = 11.335
07/01/2022 07:01:24 AM findfont: score(<Font 'STIXSizeThreeSym' (STIXSizThreeSymReg.otf) normal normal 400 normal>) = 10.05
07/01/2022 07:01:24 AM findfont: score(<Font 'Kailasa' (Kailasa.ttc) normal normal 400 normal>) = 10.05
07/01/2022 07:01:24 AM findfont: score(<Font 'PT Mono' (PTMono.ttc) normal normal 700 normal>) = 10.335
07/01/2022 07:01:24 AM findfont: score(<Font 'Hiragino Sans' (ヒラギノ角ゴシック W5.ttc) normal normal 500 normal>) = 10.145
07/01/2022 07:01:24 AM findfont: score(<Font 'STIXIntegralsUpSm' (STIXIntUpSmBol.otf) normal normal 700 normal>) = 10.335
07/01/2022 07:01:24 AM findfont: score(<Font 'ITF Devanagari' (ITFDevanagari.ttc) normal normal 400 normal>) = 10.05
07/01/2022 07:01:24 AM findfont: score(<Font 'Arial Rounded MT Bold' (Arial Rounded Bold.ttf) normal normal 400 normal>) = 10.05
07/01/2022 07:01:24 AM findfont: score(<Font '.Aqua Kana' (AquaKana.ttc) normal normal 300 normal>) = 10.145
07/01/2022 07:01:24 AM findfont: score(<Font 'STIXIntegralsUpSm' (STIXIntUpSmReg.otf) normal normal 400 normal>) = 10.05
07/01/2022 07:01:24 AM findfont: score(<Font 'STIXSizeTwoSym' (STIXSizTwoSymReg.otf) normal normal 400 normal>) = 10.05
07/01/2022 07:01:24 AM findfont: score(<Font 'Noto Sans Kharoshthi' (NotoSansKharoshthi-Regular.ttf) normal normal 400 normal>) = 10.05
07/01/2022 07:01:24 AM findfont: score(<Font 'Noto Sans Tifinagh' (NotoSansTifinagh-Regular.ttf) normal normal 400 normal>) = 10.05
07/01/2022 07:01:24 AM findfont: score(<Font '.SF NS Rounded' (SFNSRounded.ttf) normal normal 400 normal>) = 10.05
07/01/2022 07:01:24 AM findfont: score(<Font 'Trebuchet MS' (Trebuchet MS Italic.ttf) italic normal 400 normal>) = 11.05
07/01/2022 07:01:24 AM findfont: score(<Font 'Mishafi Gold' (Mishafi Gold.ttf) normal normal 400 normal>) = 10.05
07/01/2022 07:01:24 AM findfont: score(<Font 'Arial Unicode MS' (Arial Unicode.ttf) normal normal 400 normal>) = 10.05
07/01/2022 07:01:24 AM findfont: score(<Font 'Noto Sans Glagolitic' (NotoSansGlagolitic-Regular.ttf) normal normal 400 normal>) = 10.05
07/01/2022 07:01:24 AM findfont: score(<Font 'Noto Sans Osmanya' (NotoSansOsmanya-Regular.ttf) normal normal 400 normal>) = 10.05
07/01/2022 07:01:24 AM findfont: score(<Font 'Chalkduster' (Chalkduster.ttf) normal normal 400 normal>) = 10.05
07/01/2022 07:01:24 AM findfont: score(<Font 'Noto Sans Imperial Aramaic' (NotoSansImperialAramaic-Regular.ttf) normal normal 400 normal>) = 10.05
07/01/2022 07:01:24 AM findfont: score(<Font 'PingFang HK' (PingFang.ttc) normal normal 400 normal>) = 10.05
07/01/2022 07:01:24 AM findfont: score(<Font 'Noto Sans Tagalog' (NotoSansTagalog-Regular.ttf) normal normal 400 normal>) = 10.05
07/01/2022 07:01:24 AM findfont: score(<Font 'Noto Sans Inscriptional Parthian' (NotoSansInscriptionalParthian-Regular.ttf) normal normal 400 normal>) = 10.05
07/01/2022 07:01:24 AM findfont: score(<Font 'Kannada Sangam MN' (Kannada Sangam MN.ttc) normal normal 400 normal>) = 10.05
07/01/2022 07:01:24 AM findfont: score(<Font 'Arial Narrow' (Arial Narrow Italic.ttf) italic normal 400 condensed>) = 11.25
07/01/2022 07:01:24 AM findfont: score(<Font 'Charter' (Charter.ttc) normal normal 400 normal>) = 10.05
07/01/2022 07:01:24 AM findfont: score(<Font 'Noto Sans Lydian' (NotoSansLydian-Regular.ttf) normal normal 400 normal>) = 10.05
07/01/2022 07:01:24 AM findfont: score(<Font 'Luminari' (Luminari.ttf) normal normal 400 normal>) = 10.05
07/01/2022 07:01:24 AM findfont: score(<Font 'STIXIntegralsSm' (STIXIntSmBol.otf) normal normal 700 normal>) = 10.335
07/01/2022 07:01:24 AM findfont: score(<Font 'STIXGeneral' (STIXGeneralBol.otf) normal normal 700 normal>) = 10.335
07/01/2022 07:01:24 AM findfont: score(<Font 'DIN Condensed' (DIN Condensed Bold.ttf) normal normal 700 condensed>) = 10.535
07/01/2022 07:01:24 AM findfont: score(<Font 'STIXSizeOneSym' (STIXSizOneSymBol.otf) normal normal 700 normal>) = 10.335
07/01/2022 07:01:24 AM findfont: score(<Font 'Noto Sans Ol Chiki' (NotoSansOlChiki-Regular.ttf) normal normal 400 normal>) = 10.05
07/01/2022 07:01:24 AM findfont: score(<Font '.SF NS Mono' (SFNSMonoItalic.ttf) italic normal 300 normal>) = 11.145
07/01/2022 07:01:24 AM findfont: score(<Font 'Verdana' (Verdana Bold.ttf) normal normal 700 normal>) = 3.9713636363636367
07/01/2022 07:01:24 AM findfont: score(<Font 'Arial' (Arial Bold.ttf) normal normal 700 normal>) = 6.698636363636363
07/01/2022 07:01:24 AM findfont: score(<Font 'Sana' (Sana.ttc) normal normal 400 normal>) = 10.05
07/01/2022 07:01:24 AM findfont: score(<Font 'Symbol' (Symbol.ttf) normal normal 400 normal>) = 10.05
07/01/2022 07:01:24 AM findfont: score(<Font '.SF NS Display Condensed' (SFNSDisplayCondensed-Light.otf) normal normal 500 condensed>) = 10.344999999999999
07/01/2022 07:01:24 AM findfont: score(<Font 'Baskerville' (Baskerville.ttc) normal normal 400 normal>) = 10.05
07/01/2022 07:01:24 AM findfont: score(<Font '.Helvetica Neue DeskInterface' (HelveticaNeueDeskInterface.ttc) normal normal 400 normal>) = 10.05
07/01/2022 07:01:24 AM findfont: score(<Font 'Noto Sans Cuneiform' (NotoSansCuneiform-Regular.ttf) normal normal 400 normal>) = 10.05
07/01/2022 07:01:24 AM findfont: score(<Font 'Noto Sans Coptic' (NotoSansCoptic-Regular.ttf) normal normal 400 normal>) = 10.05
07/01/2022 07:01:24 AM findfont: score(<Font 'AppleGothic' (AppleGothic.ttf) normal normal 400 normal>) = 10.05
07/01/2022 07:01:24 AM findfont: score(<Font 'Tamil Sangam MN' (Tamil Sangam MN.ttc) normal normal 400 normal>) = 10.05
07/01/2022 07:01:24 AM findfont: score(<Font 'Noteworthy' (Noteworthy.ttc) normal normal 300 normal>) = 10.145
07/01/2022 07:01:24 AM findfont: score(<Font 'STIXNonUnicode' (STIXNonUniBol.otf) normal normal 700 normal>) = 10.335
07/01/2022 07:01:24 AM findfont: score(<Font 'Arial Unicode MS' (Arial Unicode.ttf) normal normal 400 normal>) = 10.05
07/01/2022 07:01:24 AM findfont: score(<Font 'Times New Roman' (Times New Roman.ttf) normal normal 400 normal>) = 10.05
07/01/2022 07:01:24 AM findfont: score(<Font 'Noto Sans Sundanese' (NotoSansSundanese-Regular.ttf) normal normal 400 normal>) = 10.05
07/01/2022 07:01:24 AM findfont: score(<Font 'Bodoni Ornaments' (Bodoni Ornaments.ttf) normal normal 400 normal>) = 10.05
07/01/2022 07:01:24 AM findfont: score(<Font 'Times New Roman' (Times New Roman Bold Italic.ttf) italic normal 700 normal>) = 11.335
07/01/2022 07:01:24 AM findfont: score(<Font 'Trebuchet MS' (Trebuchet MS Bold Italic.ttf) italic normal 700 normal>) = 11.335
07/01/2022 07:01:24 AM findfont: score(<Font 'Geeza Pro' (GeezaPro.ttc) normal normal 400 normal>) = 10.05
07/01/2022 07:01:24 AM findfont: score(<Font 'Hoefler Text' (Hoefler Text Ornaments.ttf) normal normal 400 normal>) = 10.05
07/01/2022 07:01:24 AM findfont: score(<Font 'Silom' (Silom.ttf) normal normal 400 normal>) = 10.05
07/01/2022 07:01:24 AM findfont: score(<Font '.SF NS Display Condensed' (SFNSDisplayCondensed-Semibold.otf) normal normal 700 condensed>) = 10.535
07/01/2022 07:01:24 AM findfont: score(<Font '.SF NS Display Condensed' (SFNSDisplayCondensed-Regular.otf) normal normal 600 condensed>) = 10.44
07/01/2022 07:01:24 AM findfont: score(<Font 'Georgia' (Georgia.ttf) normal normal 400 normal>) = 10.05
07/01/2022 07:01:24 AM findfont: score(<Font 'Trattatello' (Trattatello.ttf) normal normal 400 normal>) = 10.05
07/01/2022 07:01:24 AM findfont: score(<Font 'STIXSizeTwoSym' (STIXSizTwoSymBol.otf) normal normal 700 normal>) = 10.335
07/01/2022 07:01:24 AM findfont: score(<Font 'Noto Serif Myanmar' (NotoSerifMyanmar.ttc) normal normal 900 normal>) = 10.525
07/01/2022 07:01:24 AM findfont: score(<Font 'Telugu Sangam MN' (Telugu Sangam MN.ttc) normal normal 400 normal>) = 10.05
07/01/2022 07:01:24 AM findfont: score(<Font 'Songti SC' (Songti.ttc) normal normal 900 normal>) = 10.525
07/01/2022 07:01:24 AM findfont: score(<Font 'Skia' (Skia.ttf) normal normal 5 normal>) = 10.42525
07/01/2022 07:01:24 AM findfont: score(<Font 'Beirut' (Beirut.ttc) normal normal 700 normal>) = 10.335
07/01/2022 07:01:24 AM findfont: score(<Font 'Noto Sans Tai Tham' (NotoSansTaiTham-Regular.ttf) normal normal 400 normal>) = 10.05
07/01/2022 07:01:24 AM findfont: score(<Font 'PT Sans' (PTSans.ttc) normal normal 400 normal>) = 10.05
07/01/2022 07:01:24 AM findfont: score(<Font 'Avenir Next' (Avenir Next.ttc) normal normal 700 normal>) = 10.335
07/01/2022 07:01:24 AM findfont: score(<Font 'Helvetica Neue' (HelveticaNeue.ttc) normal normal 400 normal>) = 10.05
07/01/2022 07:01:24 AM findfont: score(<Font 'Kohinoor Gujarati' (KohinoorGujarati.ttc) normal normal 700 normal>) = 10.335
07/01/2022 07:01:24 AM findfont: score(<Font 'STIXSizeFiveSym' (STIXSizFiveSymReg.otf) normal normal 400 normal>) = 10.05
07/01/2022 07:01:24 AM findfont: score(<Font '.SF Compact Text' (SFCompactTextItalic.ttf) italic normal 400 normal>) = 11.05
07/01/2022 07:01:24 AM findfont: score(<Font 'Devanagari Sangam MN' (Devanagari Sangam MN.ttc) normal normal 400 normal>) = 10.05
07/01/2022 07:01:24 AM findfont: score(<Font 'Raanana' (Raanana.ttc) normal normal 400 normal>) = 10.05
07/01/2022 07:01:24 AM findfont: score(<Font 'Times New Roman' (Times New Roman Italic.ttf) italic normal 400 normal>) = 11.05
07/01/2022 07:01:24 AM findfont: score(<Font 'Arial' (Arial.ttf) normal normal 400 normal>) = 6.413636363636363
07/01/2022 07:01:24 AM findfont: score(<Font 'STIXIntegralsUp' (STIXIntUpBol.otf) normal normal 700 normal>) = 10.335
07/01/2022 07:01:24 AM findfont: score(<Font 'Zapfino' (Zapfino.ttf) normal normal 400 normal>) = 10.05
07/01/2022 07:01:24 AM findfont: score(<Font 'Noto Sans Lycian' (NotoSansLycian-Regular.ttf) normal normal 400 normal>) = 10.05
07/01/2022 07:01:24 AM findfont: score(<Font 'Wingdings' (Wingdings.ttf) normal normal 400 normal>) = 10.05
07/01/2022 07:01:24 AM findfont: score(<Font 'PT Serif Caption' (PTSerifCaption.ttc) normal normal 400 normal>) = 10.05
07/01/2022 07:01:24 AM findfont: score(<Font 'Al Bayan' (AlBayan.ttc) normal normal 400 normal>) = 10.05
07/01/2022 07:01:24 AM findfont: score(<Font 'Noto Sans Vai' (NotoSansVai-Regular.ttf) normal normal 400 normal>) = 10.05
07/01/2022 07:01:24 AM findfont: score(<Font 'Galvji' (Galvji.ttc) normal normal 400 normal>) = 10.05
07/01/2022 07:01:24 AM findfont: score(<Font 'Noto Sans Yi' (NotoSansYi-Regular.ttf) normal normal 400 normal>) = 10.05
07/01/2022 07:01:24 AM findfont: score(<Font 'Noto Sans Buhid' (NotoSansBuhid-Regular.ttf) normal normal 400 normal>) = 10.05
07/01/2022 07:01:24 AM findfont: score(<Font 'Noto Sans Cham' (NotoSansCham-Regular.ttf) normal normal 400 normal>) = 10.05
07/01/2022 07:01:24 AM findfont: score(<Font 'Noto Sans Old Turkic' (NotoSansOldTurkic-Regular.ttf) normal normal 400 normal>) = 10.05
07/01/2022 07:01:24 AM findfont: score(<Font 'Noto Sans NKo' (NotoSansNKo-Regular.ttf) normal normal 400 normal>) = 10.05
07/01/2022 07:01:24 AM findfont: score(<Font '.SF Compact Text' (SFCompactText.ttf) normal normal 400 normal>) = 10.05
07/01/2022 07:01:24 AM findfont: score(<Font 'Rockwell' (Rockwell.ttc) normal normal 400 normal>) = 10.05
07/01/2022 07:01:24 AM findfont: score(<Font 'Gill Sans' (GillSans.ttc) normal normal 400 normal>) = 10.05
07/01/2022 07:01:24 AM findfont: score(<Font 'Noto Sans Linear B' (NotoSansLinearB-Regular.ttf) normal normal 400 normal>) = 10.05
07/01/2022 07:01:24 AM findfont: score(<Font 'Snell Roundhand' (SnellRoundhand.ttc) normal normal 500 normal>) = 10.145
07/01/2022 07:01:24 AM findfont: score(<Font 'Bodoni 72 Smallcaps' (Bodoni 72 Smallcaps Book.ttf) normal normal 400 normal>) = 10.05
07/01/2022 07:01:24 AM findfont: score(<Font 'Noto Sans Javanese' (NotoSansJavanese-Regular.otf) normal normal 400 normal>) = 10.05
07/01/2022 07:01:24 AM findfont: score(<Font 'Baghdad' (Baghdad.ttc) normal normal 400 normal>) = 10.05
07/01/2022 07:01:24 AM findfont: score(<Font 'Farisi' (Farisi.ttf) normal normal 400 normal>) = 10.05
07/01/2022 07:01:24 AM findfont: score(<Font 'Arial Narrow' (Arial Narrow Bold.ttf) normal normal 700 condensed>) = 10.535
07/01/2022 07:01:24 AM findfont: score(<Font 'Kefa' (Kefa.ttc) normal normal 400 normal>) = 10.05
07/01/2022 07:01:24 AM findfont: score(<Font 'Zapf Dingbats' (ZapfDingbats.ttf) normal normal 400 normal>) = 10.05
07/01/2022 07:01:24 AM findfont: score(<Font '.SF NS Mono' (SFNSMono.ttf) normal normal 300 normal>) = 10.145
07/01/2022 07:01:24 AM findfont: score(<Font 'STIXIntegralsUpD' (STIXIntUpDBol.otf) normal normal 700 normal>) = 10.335
07/01/2022 07:01:24 AM findfont: score(<Font 'Arial' (Arial Bold Italic.ttf) italic normal 700 normal>) = 7.698636363636363
07/01/2022 07:01:24 AM findfont: score(<Font 'Bodoni 72 Oldstyle' (Bodoni 72 OS.ttc) normal normal 400 normal>) = 10.05
07/01/2022 07:01:24 AM findfont: score(<Font 'Diwan Thuluth' (Diwan Thuluth.ttf) normal normal 400 normal>) = 10.05
07/01/2022 07:01:24 AM findfont: score(<Font 'Noto Sans Phoenician' (NotoSansPhoenician-Regular.ttf) normal normal 400 normal>) = 10.05
07/01/2022 07:01:24 AM findfont: score(<Font '.SF NS Display Condensed' (SFNSDisplayCondensed-Heavy.otf) normal normal 800 condensed>) = 10.629999999999999
07/01/2022 07:01:24 AM findfont: score(<Font 'STIXIntegralsUp' (STIXIntUpReg.otf) normal normal 400 normal>) = 10.05
07/01/2022 07:01:24 AM findfont: score(<Font '.SF NS Text Condensed' (SFNSTextCondensed-Regular.otf) normal normal 400 condensed>) = 10.25
07/01/2022 07:01:24 AM findfont: score(<Font 'Hiragino Sans' (ヒラギノ角ゴシック W7.ttc) normal normal 700 normal>) = 10.335
07/01/2022 07:01:24 AM findfont: score(<Font 'Krungthep' (Krungthep.ttf) normal normal 400 normal>) = 10.05
07/01/2022 07:01:24 AM findfont: score(<Font 'Didot' (Didot.ttc) normal normal 400 normal>) = 10.05
07/01/2022 07:01:24 AM findfont: score(<Font '.New York' (NewYork.ttf) normal normal 425 normal>) = 10.07375
07/01/2022 07:01:24 AM findfont: score(<Font 'Tahoma' (Tahoma Bold.ttf) normal normal 700 normal>) = 10.335
07/01/2022 07:01:24 AM findfont: score(<Font 'Trebuchet MS' (Trebuchet MS Bold.ttf) normal normal 700 normal>) = 10.335
07/01/2022 07:01:24 AM findfont: score(<Font 'Noto Sans Syriac' (NotoSansSyriac-Regular.ttf) normal normal 400 normal>) = 10.05
07/01/2022 07:01:24 AM findfont: score(<Font 'Gurmukhi MN' (Gurmukhi MN.ttc) normal normal 400 normal>) = 10.05
07/01/2022 07:01:24 AM findfont: score(<Font 'Oriya MN' (Oriya MN.ttc) normal normal 400 normal>) = 10.05
07/01/2022 07:01:24 AM findfont: score(<Font 'Noto Sans Limbu' (NotoSansLimbu-Regular.ttf) normal normal 400 normal>) = 10.05
07/01/2022 07:01:24 AM findfont: score(<Font 'STIXIntegralsD' (STIXIntDBol.otf) normal normal 700 normal>) = 10.335
07/01/2022 07:01:24 AM findfont: score(<Font 'Hiragino Sans' (ヒラギノ角ゴシック W6.ttc) normal normal 600 normal>) = 10.24
07/01/2022 07:01:24 AM findfont: score(<Font 'Noto Nastaliq Urdu' (NotoNastaliq.ttc) normal normal 400 normal>) = 10.05
07/01/2022 07:01:24 AM findfont: score(<Font 'Noto Sans Lisu' (NotoSansLisu-Regular.ttf) normal normal 400 normal>) = 10.05
07/01/2022 07:01:24 AM findfont: score(<Font 'Sinhala MN' (Sinhala MN.ttc) normal normal 400 normal>) = 10.05
07/01/2022 07:01:24 AM findfont: score(<Font 'Futura' (Futura.ttc) normal normal 500 normal>) = 10.145
07/01/2022 07:01:24 AM findfont: score(<Font '.SF NS Text Condensed' (SFNSTextCondensed-Light.otf) normal normal 300 condensed>) = 10.344999999999999
07/01/2022 07:01:24 AM findfont: score(<Font 'Chalkboard' (Chalkboard.ttc) normal normal 400 normal>) = 10.05
07/01/2022 07:01:24 AM findfont: score(<Font 'Devanagari MT' (DevanagariMT.ttc) normal normal 400 normal>) = 10.05
07/01/2022 07:01:24 AM findfont: score(<Font 'Noto Sans Old Persian' (NotoSansOldPersian-Regular.ttf) normal normal 400 normal>) = 10.05
07/01/2022 07:01:24 AM findfont: score(<Font 'Shree Devanagari 714' (Shree714.ttc) normal normal 400 normal>) = 10.05
07/01/2022 07:01:24 AM findfont: score(<Font 'Impact' (Impact.ttf) normal normal 400 normal>) = 10.05
07/01/2022 07:01:24 AM findfont: score(<Font 'Noto Serif Balinese' (NotoSerifBalinese-Regular.ttf) normal normal 400 normal>) = 10.05
07/01/2022 07:01:24 AM findfont: score(<Font 'Mshtakan' (Mshtakan.ttc) normal normal 400 normal>) = 10.05
07/01/2022 07:01:24 AM findfont: score(<Font 'Courier New' (Courier New.ttf) normal normal 400 normal>) = 10.05
07/01/2022 07:01:24 AM findfont: score(<Font 'Hiragino Sans' (ヒラギノ角ゴシック W0.ttc) normal normal 100 normal>) = 10.335
07/01/2022 07:01:24 AM findfont: score(<Font 'Noto Sans Carian' (NotoSansCarian-Regular.ttf) normal normal 400 normal>) = 10.05
07/01/2022 07:01:24 AM findfont: score(<Font 'STIXGeneral' (STIXGeneralBolIta.otf) italic normal 700 normal>) = 11.335
07/01/2022 07:01:24 AM findfont: score(<Font 'Heiti TC' (STHeiti Medium.ttc) normal normal 400 normal>) = 10.05
07/01/2022 07:01:24 AM findfont: score(<Font 'Apple Braille' (Apple Braille Outline 6 Dot.ttf) normal normal 400 normal>) = 10.05
07/01/2022 07:01:24 AM findfont: score(<Font 'Muna' (Muna.ttc) normal normal 400 normal>) = 10.05
07/01/2022 07:01:24 AM findfont: score(<Font 'Phosphate' (Phosphate.ttc) normal normal 400 normal>) = 10.05
07/01/2022 07:01:24 AM findfont: score(<Font 'Mishafi' (Mishafi.ttf) normal normal 400 normal>) = 10.05
07/01/2022 07:01:24 AM findfont: score(<Font 'STIXSizeFourSym' (STIXSizFourSymReg.otf) normal normal 400 normal>) = 10.05
07/01/2022 07:01:24 AM findfont: score(<Font 'Iowan Old Style' (Iowan Old Style.ttc) normal normal 400 normal>) = 10.05
07/01/2022 07:01:24 AM findfont: score(<Font 'Comic Sans MS' (Comic Sans MS.ttf) normal normal 400 normal>) = 10.05
07/01/2022 07:01:24 AM findfont: score(<Font 'Noto Sans Gothic' (NotoSansGothic-Regular.ttf) normal normal 400 normal>) = 10.05
07/01/2022 07:01:24 AM findfont: score(<Font 'Noto Sans Avestan' (NotoSansAvestan-Regular.ttf) normal normal 400 normal>) = 10.05
07/01/2022 07:01:24 AM findfont: score(<Font 'Gurmukhi MT' (Gurmukhi.ttf) normal normal 500 normal>) = 10.145
07/01/2022 07:01:24 AM findfont: score(<Font '.SF Compact Rounded' (SFCompactRounded.ttf) normal normal 400 normal>) = 10.05
07/01/2022 07:01:24 AM findfont: score(<Font 'New Peninim MT' (NewPeninimMT.ttc) normal normal 400 normal>) = 10.05
07/01/2022 07:01:24 AM findfont: score(<Font 'Wingdings 2' (Wingdings 2.ttf) normal normal 400 normal>) = 10.05
07/01/2022 07:01:24 AM findfont: score(<Font 'Avenir' (Avenir.ttc) normal normal 400 normal>) = 10.05
07/01/2022 07:01:24 AM findfont: score(<Font 'STIXVariants' (STIXVarBol.otf) normal normal 700 normal>) = 10.335
07/01/2022 07:01:24 AM findfont: score(<Font 'SignPainter' (SignPainter.ttc) normal normal 400 normal>) = 10.05
07/01/2022 07:01:24 AM findfont: score(<Font 'Noto Sans PhagsPa' (NotoSansPhagsPa-Regular.ttf) normal normal 400 normal>) = 10.05
07/01/2022 07:01:24 AM findfont: score(<Font '.Arabic UI Text' (ArabicUIText.ttc) normal normal 400 normal>) = 10.05
07/01/2022 07:01:24 AM findfont: score(<Font 'Noto Sans Runic' (NotoSansRunic-Regular.ttf) normal normal 400 normal>) = 10.05
07/01/2022 07:01:24 AM findfont: score(<Font 'Hiragino Sans' (ヒラギノ角ゴシック W3.ttc) normal normal 300 normal>) = 10.145
07/01/2022 07:01:24 AM findfont: score(<Font 'STIXNonUnicode' (STIXNonUniBolIta.otf) italic normal 700 normal>) = 11.335
07/01/2022 07:01:24 AM findfont: score(<Font 'Hiragino Sans' (ヒラギノ角ゴシック W9.ttc) normal normal 900 normal>) = 10.525
07/01/2022 07:01:24 AM findfont: score(<Font 'Noto Sans Myanmar' (NotoSansMyanmar.ttc) normal normal 900 normal>) = 10.525
07/01/2022 07:01:24 AM findfont: score(<Font 'Savoye LET' (Savoye LET.ttc) normal normal 400 normal>) = 10.05
07/01/2022 07:01:24 AM findfont: score(<Font 'Noto Sans New Tai Lue' (NotoSansNewTaiLue-Regular.ttf) normal normal 400 normal>) = 10.05
07/01/2022 07:01:24 AM findfont: score(<Font 'Noto Sans Egyptian Hieroglyphs' (NotoSansEgyptianHieroglyphs-Regular.ttf) normal normal 400 normal>) = 10.05
07/01/2022 07:01:24 AM findfont: score(<Font 'Malayalam MN' (Malayalam MN.ttc) normal normal 400 normal>) = 10.05
07/01/2022 07:01:24 AM findfont: score(<Font 'Nadeem' (Nadeem.ttc) normal normal 400 normal>) = 10.05
07/01/2022 07:01:24 AM findfont: score(<Font 'Noto Sans Kaithi' (NotoSansKaithi-Regular.ttf) normal normal 400 normal>) = 10.05
07/01/2022 07:01:24 AM findfont: score(<Font 'Arial' (Arial Italic.ttf) italic normal 400 normal>) = 7.413636363636363
07/01/2022 07:01:24 AM findfont: score(<Font 'Sinhala Sangam MN' (Sinhala Sangam MN.ttc) normal normal 400 normal>) = 10.05
07/01/2022 07:01:24 AM findfont: score(<Font 'DIN Alternate' (DIN Alternate Bold.ttf) normal normal 700 normal>) = 10.335
07/01/2022 07:01:24 AM findfont: score(<Font 'InaiMathi' (InaiMathi-MN.ttc) normal normal 400 normal>) = 10.05
07/01/2022 07:01:24 AM findfont: score(<Font 'Hiragino Sans' (ヒラギノ角ゴシック W8.ttc) normal normal 800 normal>) = 10.43
07/01/2022 07:01:24 AM findfont: score(<Font '.SF NS Text Condensed' (SFNSTextCondensed-Bold.otf) normal normal 700 condensed>) = 10.535
07/01/2022 07:01:24 AM findfont: score(<Font 'Noto Sans Shavian' (NotoSansShavian-Regular.ttf) normal normal 400 normal>) = 10.05
07/01/2022 07:01:24 AM findfont: score(<Font 'Noto Sans Old South Arabian' (NotoSansOldSouthArabian-Regular.ttf) normal normal 400 normal>) = 10.05
07/01/2022 07:01:24 AM findfont: score(<Font 'Gujarati MT' (GujaratiMT.ttc) normal normal 400 normal>) = 10.05
07/01/2022 07:01:24 AM findfont: score(<Font 'Noto Sans Mandaic' (NotoSansMandaic-Regular.ttf) normal normal 400 normal>) = 10.05
07/01/2022 07:01:24 AM findfont: score(<Font 'Noto Sans Old Italic' (NotoSansOldItalic-Regular.ttf) italic normal 400 normal>) = 11.05
07/01/2022 07:01:24 AM findfont: score(<Font 'American Typewriter' (AmericanTypewriter.ttc) normal normal 400 normal>) = 10.05
07/01/2022 07:01:24 AM findfont: score(<Font '.SF NS Display Condensed' (SFNSDisplayCondensed-Bold.otf) normal normal 800 condensed>) = 10.629999999999999
07/01/2022 07:01:24 AM findfont: score(<Font 'STIXNonUnicode' (STIXNonUni.otf) normal normal 400 normal>) = 10.05
07/01/2022 07:01:24 AM findfont: score(<Font 'Arial Hebrew' (ArialHB.ttc) normal normal 400 normal>) = 10.05
07/01/2022 07:01:24 AM findfont: score(<Font 'Tahoma' (Tahoma.ttf) normal normal 400 normal>) = 10.05
07/01/2022 07:01:24 AM findfont: score(<Font 'Waseem' (Waseem.ttc) normal normal 400 normal>) = 10.05
07/01/2022 07:01:24 AM findfont: score(<Font 'Chalkboard SE' (ChalkboardSE.ttc) normal normal 400 normal>) = 10.05
07/01/2022 07:01:24 AM findfont: score(<Font 'Wingdings 3' (Wingdings 3.ttf) normal normal 400 normal>) = 10.05
07/01/2022 07:01:24 AM findfont: score(<Font 'Apple Braille' (Apple Braille Pinpoint 8 Dot.ttf) normal normal 400 normal>) = 10.05
07/01/2022 07:01:24 AM findfont: score(<Font 'Lao Sangam MN' (Lao Sangam MN.ttf) normal normal 400 normal>) = 10.05
07/01/2022 07:01:24 AM findfont: score(<Font 'Courier New' (Courier New Bold.ttf) normal normal 700 normal>) = 10.335
07/01/2022 07:01:24 AM findfont: score(<Font 'Hiragino Sans' (ヒラギノ角ゴシック W1.ttc) normal normal 200 normal>) = 10.24
07/01/2022 07:01:24 AM findfont: score(<Font 'Diwan Kufi' (Diwan Kufi.ttc) normal normal 400 normal>) = 10.05
07/01/2022 07:01:24 AM findfont: score(<Font 'STIXVariants' (STIXVar.otf) normal normal 400 normal>) = 10.05
07/01/2022 07:01:24 AM findfont: score(<Font 'DecoType Naskh' (DecoTypeNaskh.ttc) normal normal 400 normal>) = 10.05
07/01/2022 07:01:24 AM findfont: score(<Font '.SF NS Display Condensed' (SFNSDisplayCondensed-Ultralight.otf) normal normal 400 condensed>) = 10.25
07/01/2022 07:01:24 AM findfont: score(<Font 'Lucida Grande' (LucidaGrande.ttc) normal normal 500 normal>) = 2.872272727272727
07/01/2022 07:01:24 AM findfont: score(<Font 'Webdings' (Webdings.ttf) normal normal 400 normal>) = 10.05
07/01/2022 07:01:24 AM findfont: score(<Font 'Oriya Sangam MN' (Oriya Sangam MN.ttc) normal normal 400 normal>) = 10.05
07/01/2022 07:01:24 AM findfont: score(<Font 'Al Tarikh' (Al Tarikh.ttc) normal normal 400 normal>) = 10.05
07/01/2022 07:01:24 AM findfont: score(<Font '.SF NS Display Condensed' (SFNSDisplayCondensed-Black.otf) normal normal 900 condensed>) = 10.725
07/01/2022 07:01:24 AM findfont: score(<Font 'Georgia' (Georgia Bold.ttf) normal normal 700 normal>) = 10.335
07/01/2022 07:01:24 AM findfont: score(<Font 'Noto Sans Tagbanwa' (NotoSansTagbanwa-Regular.ttf) normal normal 400 normal>) = 10.05
07/01/2022 07:01:24 AM findfont: score(<Font 'Verdana' (Verdana.ttf) normal normal 400 normal>) = 3.6863636363636365
07/01/2022 07:01:24 AM findfont: score(<Font 'Palatino' (Palatino.ttc) normal normal 400 normal>) = 10.05
07/01/2022 07:01:24 AM findfont: score(<Font 'Noto Sans Kayah Li' (NotoSansKayahLi-Regular.ttf) normal normal 400 normal>) = 10.05
07/01/2022 07:01:24 AM findfont: score(<Font 'Farah' (Farah.ttc) normal normal 400 normal>) = 10.05
07/01/2022 07:01:24 AM findfont: score(<Font 'Noto Sans Hanunoo' (NotoSansHanunoo-Regular.ttf) normal normal 400 normal>) = 10.05
07/01/2022 07:01:24 AM findfont: score(<Font 'Verdana' (Verdana Italic.ttf) italic normal 400 normal>) = 4.6863636363636365
07/01/2022 07:01:24 AM findfont: score(<Font 'Noto Sans Lepcha' (NotoSansLepcha-Regular.ttf) normal normal 400 normal>) = 10.05
07/01/2022 07:01:24 AM findfont: score(<Font 'Noto Sans Oriya' (NotoSansOriya.ttc) normal normal 400 normal>) = 10.05
07/01/2022 07:01:24 AM findfont: score(<Font 'Gujarati Sangam MN' (Gujarati Sangam MN.ttc) normal normal 400 normal>) = 10.05
07/01/2022 07:01:24 AM findfont: score(<Font 'System Font' (SFNSItalic.ttf) italic normal 400 normal>) = 11.05
07/01/2022 07:01:24 AM findfont: score(<Font 'Plantagenet Cherokee' (PlantagenetCherokee.ttf) normal normal 400 normal>) = 10.05
07/01/2022 07:01:24 AM findfont: score(<Font 'Helvetica' (Helvetica.ttc) normal normal 400 normal>) = 7.322727272727273
07/01/2022 07:01:24 AM findfont: score(<Font 'Euphemia UCAS' (EuphemiaCAS.ttc) normal normal 400 normal>) = 10.05
07/01/2022 07:01:24 AM findfont: score(<Font 'Cochin' (Cochin.ttc) normal normal 500 normal>) = 10.145
07/01/2022 07:01:24 AM findfont: score(<Font 'Apple Braille' (Apple Braille Pinpoint 6 Dot.ttf) normal normal 400 normal>) = 10.05
07/01/2022 07:01:24 AM findfont: score(<Font 'Kohinoor Bangla' (KohinoorBangla.ttc) normal normal 400 normal>) = 10.05
07/01/2022 07:01:24 AM findfont: score(<Font 'Telugu MN' (Telugu MN.ttc) normal normal 400 normal>) = 10.05
07/01/2022 07:01:24 AM findfont: score(<Font 'STIXSizeThreeSym' (STIXSizThreeSymBol.otf) normal normal 700 normal>) = 10.335
07/01/2022 07:01:24 AM findfont: score(<Font '.Arabic UI Display' (ArabicUIDisplay.ttc) normal normal 900 normal>) = 10.525
07/01/2022 07:01:24 AM findfont: score(<Font 'STIXSizeOneSym' (STIXSizOneSymReg.otf) normal normal 400 normal>) = 10.05
07/01/2022 07:01:24 AM findfont: score(<Font '.New York' (NewYorkItalic.ttf) italic normal 425 normal>) = 11.07375
07/01/2022 07:01:24 AM findfont: score(<Font 'Apple Braille' (Apple Braille Outline 8 Dot.ttf) normal normal 400 normal>) = 10.05
07/01/2022 07:01:24 AM findfont: score(<Font 'Kohinoor Devanagari' (Kohinoor.ttc) normal normal 400 normal>) = 10.05
07/01/2022 07:01:24 AM findfont: score(<Font 'Marker Felt' (MarkerFelt.ttc) normal normal 400 normal>) = 10.05
07/01/2022 07:01:24 AM findfont: score(<Font 'Tamil MN' (Tamil MN.ttc) normal normal 400 normal>) = 10.05
07/01/2022 07:01:24 AM findfont: score(<Font 'Myanmar MN' (Myanmar MN.ttc) normal normal 400 normal>) = 10.05
07/01/2022 07:01:24 AM findfont: score(<Font 'Apple Braille' (Apple Braille.ttf) normal normal 400 normal>) = 10.05
07/01/2022 07:01:24 AM findfont: score(<Font 'Comic Sans MS' (Comic Sans MS Bold.ttf) normal normal 700 normal>) = 10.335
07/01/2022 07:01:24 AM findfont: score(<Font 'Brush Script MT' (Brush Script.ttf) italic normal 400 normal>) = 11.05
07/01/2022 07:01:24 AM findfont: score(<Font 'Hiragino Maru Gothic Pro' (ヒラギノ丸ゴ ProN W4.ttc) normal normal 400 normal>) = 10.05
07/01/2022 07:01:24 AM findfont: score(<Font 'Bangla Sangam MN' (Bangla Sangam MN.ttc) normal normal 400 normal>) = 10.05
07/01/2022 07:01:24 AM findfont: score(<Font 'Marion' (Marion.ttc) normal normal 400 normal>) = 10.05
07/01/2022 07:01:24 AM findfont: score(<Font 'Al Nile' (Al Nile.ttc) normal normal 400 normal>) = 10.05
07/01/2022 07:01:24 AM findfont: score(<Font 'STIXNonUnicode' (STIXNonUniIta.otf) italic normal 400 normal>) = 11.05
07/01/2022 07:01:24 AM findfont: score(<Font 'Gurmukhi Sangam MN' (Gurmukhi Sangam MN.ttc) normal normal 400 normal>) = 10.05
07/01/2022 07:01:24 AM findfont: score(<Font '.SF Compact Display' (SFCompactDisplay.ttf) normal normal 400 normal>) = 10.05
07/01/2022 07:01:24 AM findfont: score(<Font 'Sathu' (Sathu.ttf) normal normal 400 normal>) = 10.05
07/01/2022 07:01:24 AM findfont: score(<Font 'Courier New' (Courier New Bold Italic.ttf) italic normal 700 normal>) = 11.335
07/01/2022 07:01:24 AM findfont: score(<Font 'Khmer Sangam MN' (Khmer Sangam MN.ttf) normal normal 400 normal>) = 10.05
07/01/2022 07:01:24 AM findfont: score(<Font '.SF NS Text Condensed' (SFNSTextCondensed-Semibold.otf) normal normal 600 condensed>) = 10.44
07/01/2022 07:01:24 AM findfont: score(<Font 'STIXIntegralsUpD' (STIXIntUpDReg.otf) normal normal 400 normal>) = 10.05
07/01/2022 07:01:24 AM findfont: score(<Font 'Ayuthaya' (Ayuthaya.ttf) normal normal 400 normal>) = 10.05
07/01/2022 07:01:24 AM findfont: score(<Font 'STIXGeneral' (STIXGeneralItalic.otf) italic normal 400 normal>) = 11.05
07/01/2022 07:01:24 AM findfont: score(<Font 'Optima' (Optima.ttc) normal normal 400 normal>) = 10.05
07/01/2022 07:01:24 AM findfont: score(<Font 'Kannada MN' (Kannada MN.ttc) normal normal 400 normal>) = 10.05
07/01/2022 07:01:24 AM findfont: score(<Font 'Noto Sans Samaritan' (NotoSansSamaritan-Regular.ttf) normal normal 400 normal>) = 10.05
07/01/2022 07:01:24 AM findfont: score(<Font 'Seravek' (Seravek.ttc) normal normal 400 normal>) = 10.05
07/01/2022 07:01:24 AM findfont: score(<Font 'PT Serif' (PTSerif.ttc) normal normal 400 normal>) = 10.05
07/01/2022 07:01:24 AM findfont: score(<Font 'Heiti TC' (STHeiti Light.ttc) normal normal 300 normal>) = 10.145
07/01/2022 07:01:24 AM findfont: score(<Font '.Keyboard' (Keyboard.ttf) normal normal 100 normal>) = 10.335
07/01/2022 07:01:24 AM findfont: score(<Font 'Menlo' (Menlo.ttc) normal normal 400 normal>) = 10.05
07/01/2022 07:01:24 AM findfont: score(<Font 'STIXIntegralsSm' (STIXIntSmReg.otf) normal normal 400 normal>) = 10.05
07/01/2022 07:01:24 AM findfont: score(<Font 'Apple Symbols' (Apple Symbols.ttf) normal normal 400 normal>) = 10.05
07/01/2022 07:01:24 AM findfont: score(<Font 'Athelas' (Athelas.ttc) normal normal 400 normal>) = 10.05
07/01/2022 07:01:24 AM findfont: score(<Font 'Hiragino Sans' (ヒラギノ角ゴシック W2.ttc) normal normal 250 normal>) = 10.1925
07/01/2022 07:01:24 AM findfont: score(<Font 'Thonburi' (Thonburi.ttc) normal normal 400 normal>) = 10.05
07/01/2022 07:01:24 AM findfont: score(<Font '.SF NS Text Condensed' (SFNSTextCondensed-Heavy.otf) normal normal 800 condensed>) = 10.629999999999999
07/01/2022 07:01:24 AM findfont: score(<Font 'Hoefler Text' (Hoefler Text.ttc) normal normal 400 normal>) = 10.05
07/01/2022 07:01:24 AM findfont: score(<Font 'Hiragino Sans' (ヒラギノ角ゴシック W4.ttc) normal normal 400 normal>) = 10.05
07/01/2022 07:01:24 AM findfont: score(<Font '.SF NS Display Condensed' (SFNSDisplayCondensed-Thin.otf) normal normal 400 condensed>) = 10.25
07/01/2022 07:01:24 AM findfont: score(<Font 'Mukta Mahee' (MuktaMahee.ttc) normal normal 400 normal>) = 10.05
07/01/2022 07:01:24 AM findfont: score(<Font 'Sukhumvit Set' (SukhumvitSet.ttc) normal normal 250 normal>) = 10.1925
07/01/2022 07:01:24 AM findfont: score(<Font 'Noto Sans Batak' (NotoSansBatak-Regular.ttf) normal normal 400 normal>) = 10.05
07/01/2022 07:01:24 AM findfont: score(<Font 'Noto Sans Saurashtra' (NotoSansSaurashtra-Regular.ttf) normal normal 400 normal>) = 10.05
07/01/2022 07:01:24 AM findfont: score(<Font 'STIXGeneral' (STIXGeneral.otf) normal normal 400 normal>) = 10.05
07/01/2022 07:01:24 AM findfont: score(<Font 'Andale Mono' (Andale Mono.ttf) normal normal 400 normal>) = 10.05
07/01/2022 07:01:24 AM findfont: score(<Font 'System Font' (SFNS.ttf) normal normal 400 normal>) = 10.05
07/01/2022 07:01:24 AM findfont: score(<Font 'Microsoft Sans Serif' (Microsoft Sans Serif.ttf) normal normal 400 normal>) = 10.05
07/01/2022 07:01:24 AM findfont: score(<Font 'Noto Sans Tai Le' (NotoSansTaiLe-Regular.ttf) normal normal 400 normal>) = 10.05
07/01/2022 07:01:24 AM findfont: score(<Font 'Noto Sans Ogham' (NotoSansOgham-Regular.ttf) normal normal 400 normal>) = 10.05
07/01/2022 07:01:24 AM findfont: score(<Font 'Superclarendon' (SuperClarendon.ttc) normal normal 400 normal>) = 10.05
07/01/2022 07:01:24 AM findfont: score(<Font 'Papyrus' (Papyrus.ttc) normal normal 400 condensed>) = 10.25
07/01/2022 07:01:24 AM findfont: score(<Font 'Noto Sans Chakma' (NotoSansChakma-Regular.ttf) normal normal 400 normal>) = 10.05
07/01/2022 07:01:24 AM findfont: score(<Font 'Noto Sans Tai Viet' (NotoSansTaiViet-Regular.ttf) normal normal 400 normal>) = 10.05
07/01/2022 07:01:24 AM findfont: score(<Font 'Georgia' (Georgia Italic.ttf) italic normal 400 normal>) = 11.05
07/01/2022 07:01:24 AM findfont: score(<Font 'Apple SD Gothic Neo' (AppleSDGothicNeo.ttc) normal normal 400 normal>) = 10.05
07/01/2022 07:01:24 AM findfont: score(<Font 'Avenir Next Condensed' (Avenir Next Condensed.ttc) normal normal 700 condensed>) = 10.535
07/01/2022 07:01:24 AM findfont: score(<Font 'Noto Sans Buginese' (NotoSansBuginese-Regular.ttf) normal normal 400 normal>) = 10.05
07/01/2022 07:01:24 AM findfont: score(<Font 'Apple Chancery' (Apple Chancery.ttf) normal normal 0 normal>) = 10.43
07/01/2022 07:01:24 AM findfont: score(<Font 'Courier New' (Courier New Italic.ttf) italic normal 400 normal>) = 11.05
07/01/2022 07:01:24 AM findfont: score(<Font 'Noto Sans Syloti Nagri' (NotoSansSylotiNagri-Regular.ttf) normal normal 400 normal>) = 10.05
07/01/2022 07:01:24 AM findfont: score(<Font 'Noto Sans Ugaritic' (NotoSansUgaritic-Regular.ttf) normal normal 400 normal>) = 10.05
07/01/2022 07:01:24 AM findfont: score(<Font 'Trebuchet MS' (Trebuchet MS.ttf) normal normal 400 normal>) = 10.05
07/01/2022 07:01:24 AM findfont: score(<Font 'Malayalam Sangam MN' (Malayalam Sangam MN.ttc) normal normal 400 normal>) = 10.05
07/01/2022 07:01:24 AM findfont: score(<Font 'Noto Sans Inscriptional Pahlavi' (NotoSansInscriptionalPahlavi-Regular.ttf) normal normal 400 normal>) = 10.05
07/01/2022 07:01:24 AM findfont: score(<Font 'Times' (Times.ttc) normal normal 400 normal>) = 10.05
07/01/2022 07:01:24 AM findfont: score(<Font 'STIXSizeFourSym' (STIXSizFourSymBol.otf) normal normal 700 normal>) = 10.335
07/01/2022 07:01:24 AM findfont: score(<Font 'Damascus' (Damascus.ttc) normal normal 400 normal>) = 10.05
07/01/2022 07:01:24 AM findfont: score(<Font 'Noto Sans Kannada' (NotoSansKannada.ttc) normal normal 900 normal>) = 10.525
07/01/2022 07:01:24 AM findfont: score(<Font 'Copperplate' (Copperplate.ttc) normal normal 400 normal>) = 10.05
07/01/2022 07:01:24 AM findfont: score(<Font 'Noto Sans Bamum' (NotoSansBamum-Regular.ttf) normal normal 400 normal>) = 10.05
07/01/2022 07:01:24 AM findfont: score(<Font 'Arial Narrow' (Arial Narrow.ttf) normal normal 400 condensed>) = 10.25
07/01/2022 07:01:24 AM findfont: score(<Font 'Bangla MN' (Bangla MN.ttc) normal normal 400 normal>) = 10.05
07/01/2022 07:01:24 AM findfont: score(<Font 'STIXIntegralsD' (STIXIntDReg.otf) normal normal 400 normal>) = 10.05
07/01/2022 07:01:24 AM findfont: score(<Font 'Noto Sans Rejang' (NotoSansRejang-Regular.ttf) normal normal 400 normal>) = 10.05
07/01/2022 07:01:24 AM findfont: score(<Font 'Noto Sans Meetei Mayek' (NotoSansMeeteiMayek-Regular.ttf) normal normal 400 normal>) = 10.05
07/01/2022 07:01:24 AM findfont: score(<Font 'Times New Roman' (Times New Roman Bold.ttf) normal normal 700 normal>) = 10.335
07/01/2022 07:01:24 AM findfont: score(<Font 'Kokonor' (Kokonor.ttf) normal normal 400 normal>) = 10.05
07/01/2022 07:01:24 AM findfont: score(<Font 'Kohinoor Telugu' (KohinoorTelugu.ttc) normal normal 400 normal>) = 10.05
07/01/2022 07:01:24 AM findfont: score(<Font 'Bodoni 72' (Bodoni 72.ttc) normal normal 400 normal>) = 10.05
07/01/2022 07:01:24 AM findfont: score(<Font 'Noto Sans Armenian' (NotoSansArmenian.ttc) normal normal 900 normal>) = 10.525
07/01/2022 07:01:24 AM findfont: score(<Font '.SF NS Text Condensed' (SFNSTextCondensed-Medium.otf) normal normal 500 condensed>) = 10.344999999999999
07/01/2022 07:01:24 AM findfont: score(<Font '.SF NS Display Condensed' (SFNSDisplayCondensed-Medium.otf) normal normal 600 condensed>) = 10.44
07/01/2022 07:01:24 AM findfont: score(<Font 'Corsiva Hebrew' (Corsiva.ttc) normal normal 400 normal>) = 10.05
07/01/2022 07:01:24 AM findfont: score(<Font 'Arial Narrow' (Arial Narrow Bold Italic.ttf) italic normal 700 condensed>) = 11.535
07/01/2022 07:01:24 AM findfont: score(<Font 'Noto Sans Mongolian' (NotoSansMongolian-Regular.ttf) normal normal 400 normal>) = 10.05
07/01/2022 07:01:24 AM findfont: score(<Font 'Bradley Hand' (Bradley Hand Bold.ttf) normal normal 700 normal>) = 10.335
07/01/2022 07:01:24 AM findfont: score(<Font 'Noto Sans Cypriot' (NotoSansCypriot-Regular.ttf) normal normal 400 normal>) = 10.05
07/01/2022 07:01:24 AM findfont: score(<Font 'KufiStandardGK' (KufiStandardGK.ttc) normal normal 400 normal>) = 10.05
07/01/2022 07:01:24 AM findfont: score(<Font 'Noto Sans Thaana' (NotoSansThaana-Regular.ttf) normal normal 400 normal>) = 10.05
07/01/2022 07:01:24 AM findfont: score(<Font 'Hiragino Mincho ProN' (ヒラギノ明朝 ProN.ttc) normal normal 300 normal>) = 10.145
07/01/2022 07:01:24 AM findfont: score(<Font 'Lao MN' (Lao MN.ttc) normal normal 400 normal>) = 10.05
07/01/2022 07:01:24 AM findfont: score(<Font 'Verdana' (Verdana Bold Italic.ttf) italic normal 700 normal>) = 4.971363636363637
07/01/2022 07:01:24 AM findfont: score(<Font 'Herculanum' (Herculanum.ttf) normal normal 400 normal>) = 10.05
07/01/2022 07:01:24 AM findfont: score(<Font 'AppleMyungjo' (AppleMyungjo.ttf) normal normal 400 normal>) = 10.05
07/01/2022 07:01:24 AM findfont: Matching sans\-serif:style=normal:variant=normal:weight=normal:stretch=normal:size=20.0 to DejaVu Sans ('/Users/pbarpanda/anaconda3/lib/python3.8/site-packages/matplotlib/mpl-data/fonts/ttf/DejaVuSans.ttf') with score of 0.050000.
07/01/2022 07:01:32 AM Calculated day 11
07/01/2022 07:01:39 AM Calculated day 12
07/01/2022 07:01:46 AM Calculated day 13
07/01/2022 07:01:53 AM Calculated day 14
07/01/2022 07:02:00 AM Calculated day 15
07/01/2022 07:02:08 AM Calculated day 16
07/01/2022 07:02:15 AM Calculated day 17
07/01/2022 07:02:22 AM Calculated day 18
07/01/2022 07:02:29 AM Calculated day 19
07/01/2022 07:02:37 AM Calculated day 20
07/01/2022 07:02:44 AM Calculated day 21
07/01/2022 07:02:51 AM Calculated day 22
07/01/2022 07:02:58 AM Calculated day 23
07/01/2022 07:03:06 AM Calculated day 24
07/01/2022 07:03:13 AM Calculated day 25
07/01/2022 07:03:20 AM Calculated day 26
07/01/2022 07:03:27 AM Calculated day 27
07/01/2022 07:03:35 AM Calculated day 28
07/01/2022 07:03:42 AM Calculated day 29
07/01/2022 07:03:49 AM Calculated day 30
07/01/2022 07:03:57 AM Calculated day 31
07/01/2022 07:04:04 AM Calculated day 32
07/01/2022 07:04:11 AM Calculated day 33
07/01/2022 07:04:18 AM Calculated day 34
07/01/2022 07:04:25 AM Calculated day 35
07/01/2022 07:04:33 AM Calculated day 36
07/01/2022 07:04:40 AM Calculated day 37
07/01/2022 07:04:47 AM Calculated day 38
07/01/2022 07:04:54 AM Calculated day 39
07/01/2022 07:05:01 AM Calculated day 40
07/01/2022 07:05:09 AM Calculated day 41
07/01/2022 07:05:16 AM Calculated day 42
07/01/2022 07:05:23 AM Calculated day 43
07/01/2022 07:05:31 AM Calculated day 44
07/01/2022 07:05:38 AM Calculated day 45
07/01/2022 07:05:45 AM Calculated day 46
07/01/2022 07:05:52 AM Calculated day 47
07/01/2022 07:05:59 AM Calculated day 48
07/01/2022 07:06:07 AM Calculated day 49
07/01/2022 07:06:14 AM Calculated day 50
07/01/2022 07:06:22 AM Calculated day 51
07/01/2022 07:06:29 AM Calculated day 52
07/01/2022 07:06:36 AM Calculated day 53
07/01/2022 07:06:43 AM Calculated day 54
07/01/2022 07:06:50 AM Calculated day 55
07/01/2022 07:06:58 AM Calculated day 56
07/01/2022 07:07:05 AM Calculated day 57
07/01/2022 07:07:12 AM Calculated day 58
07/01/2022 07:07:19 AM Calculated day 59
07/01/2022 07:07:26 AM Calculated day 60
07/01/2022 07:07:34 AM Calculated day 61
07/01/2022 07:07:41 AM Calculated day 62
07/01/2022 07:07:49 AM Calculated day 63
07/01/2022 07:07:56 AM Calculated day 64
07/01/2022 07:08:03 AM Calculated day 65
07/01/2022 07:08:10 AM Calculated day 66
07/01/2022 07:08:17 AM Calculated day 67
07/01/2022 07:08:25 AM Calculated day 68
07/01/2022 07:08:32 AM Calculated day 69
07/01/2022 07:08:39 AM Calculated day 70
07/01/2022 07:08:47 AM Calculated day 71
07/01/2022 07:08:54 AM Calculated day 72
07/01/2022 07:09:01 AM Calculated day 73
07/01/2022 07:09:08 AM Calculated day 74
07/01/2022 07:09:16 AM Calculated day 75
07/01/2022 07:09:23 AM Calculated day 76
07/01/2022 07:09:30 AM Calculated day 77
07/01/2022 07:09:37 AM Calculated day 78
07/01/2022 07:09:44 AM Calculated day 79
07/01/2022 07:09:52 AM Calculated day 80
07/01/2022 07:09:59 AM Calculated day 81
07/01/2022 07:10:07 AM Calculated day 82
07/01/2022 07:10:14 AM Calculated day 83
07/01/2022 07:10:21 AM Calculated day 84
07/01/2022 07:10:28 AM Calculated day 85
07/01/2022 07:10:36 AM Calculated day 86
07/01/2022 07:10:43 AM Calculated day 87
07/01/2022 07:10:50 AM Calculated day 88
07/01/2022 07:10:57 AM Calculated day 89
07/01/2022 07:11:04 AM Calculated day 90
07/01/2022 07:11:12 AM Calculated day 91
07/01/2022 07:11:20 AM Calculated day 92
07/01/2022 07:11:27 AM Calculated day 93
07/01/2022 07:11:34 AM Calculated day 94
07/01/2022 07:11:41 AM Calculated day 95
07/01/2022 07:11:48 AM Calculated day 96
07/01/2022 07:11:56 AM Calculated day 97
07/01/2022 07:12:03 AM Calculated day 98
07/01/2022 07:12:10 AM Calculated day 99
07/01/2022 07:12:17 AM Calculated day 100
07/01/2022 07:12:26 AM Calculated day 101
07/01/2022 07:12:33 AM Calculated day 102
07/01/2022 07:12:41 AM Calculated day 103
07/01/2022 07:12:48 AM Calculated day 104
07/01/2022 07:12:55 AM Calculated day 105
07/01/2022 07:13:02 AM Calculated day 106
07/01/2022 07:13:09 AM Calculated day 107
07/01/2022 07:13:17 AM Calculated day 108
07/01/2022 07:13:24 AM Calculated day 109
07/01/2022 07:13:31 AM Calculated day 110
07/01/2022 07:13:40 AM Calculated day 111
07/01/2022 07:13:47 AM Calculated day 112
07/01/2022 07:13:54 AM Calculated day 113
07/01/2022 07:14:02 AM Calculated day 114
07/01/2022 07:14:09 AM Calculated day 115
07/01/2022 07:14:16 AM Calculated day 116
07/01/2022 07:14:23 AM Calculated day 117
07/01/2022 07:14:30 AM Calculated day 118
07/01/2022 07:14:38 AM Calculated day 119
07/01/2022 07:14:45 AM Calculated day 120
07/01/2022 07:14:53 AM Calculated day 121
07/01/2022 07:15:00 AM Calculated day 122
07/01/2022 07:15:08 AM Calculated day 123
07/01/2022 07:15:15 AM Calculated day 124
07/01/2022 07:15:22 AM Calculated day 125
07/01/2022 07:15:29 AM Calculated day 126
07/01/2022 07:15:36 AM Calculated day 127
07/01/2022 07:15:44 AM Calculated day 128
07/01/2022 07:15:51 AM Calculated day 129
07/01/2022 07:15:58 AM Calculated day 130
07/01/2022 07:16:06 AM Calculated day 131
07/01/2022 07:16:13 AM Calculated day 132
07/01/2022 07:16:21 AM Calculated day 133
07/01/2022 07:16:28 AM Calculated day 134
07/01/2022 07:16:35 AM Calculated day 135
07/01/2022 07:16:42 AM Calculated day 136
07/01/2022 07:16:50 AM Calculated day 137
07/01/2022 07:16:57 AM Calculated day 138
07/01/2022 07:17:04 AM Calculated day 139
07/01/2022 07:17:11 AM Calculated day 140
07/01/2022 07:17:19 AM Calculated day 141
07/01/2022 07:17:27 AM Calculated day 142
07/01/2022 07:17:34 AM Calculated day 143
07/01/2022 07:17:41 AM Calculated day 144
07/01/2022 07:17:48 AM Calculated day 145
07/01/2022 07:17:55 AM Calculated day 146
07/01/2022 07:18:03 AM Calculated day 147
07/01/2022 07:18:10 AM Calculated day 148
07/01/2022 07:18:17 AM Calculated day 149
07/01/2022 07:18:24 AM Calculated day 150
07/01/2022 07:18:33 AM Calculated day 151
07/01/2022 07:18:40 AM Calculated day 152
07/01/2022 07:18:47 AM Calculated day 153
07/01/2022 07:18:54 AM Calculated day 154
07/01/2022 07:19:01 AM Calculated day 155
07/01/2022 07:19:09 AM Calculated day 156
