07/01/2022 10:20:36 PM **********************************
07/01/2022 10:20:36 PM ./transient_U_propagate_forcing_diff_Heq_nudged_U_trial//dt_150_Q_forcing_10_forcing_y_0_Hmean_200_forcing_phase_speed_60_ms/U_up_days_800/
07/01/2022 10:20:36 PM **********************************
07/01/2022 10:20:36 PM Calculated day 0
07/01/2022 10:20:43 PM Calculated day 1
07/01/2022 10:20:50 PM Calculated day 2
07/01/2022 10:20:57 PM Calculated day 3
07/01/2022 10:21:04 PM Calculated day 4
07/01/2022 10:21:11 PM Calculated day 5
07/01/2022 10:21:18 PM Calculated day 6
07/01/2022 10:21:26 PM Calculated day 7
07/01/2022 10:21:33 PM Calculated day 8
07/01/2022 10:21:40 PM Calculated day 9
07/01/2022 10:21:47 PM Calculated day 10
07/01/2022 10:21:54 PM Calculated day 11
07/01/2022 10:22:02 PM Calculated day 12
07/01/2022 10:22:09 PM Calculated day 13
07/01/2022 10:22:16 PM Calculated day 14
07/01/2022 10:22:23 PM Calculated day 15
07/01/2022 10:22:30 PM Calculated day 16
07/01/2022 10:22:37 PM Calculated day 17
07/01/2022 10:22:44 PM Calculated day 18
07/01/2022 10:22:51 PM Calculated day 19
07/01/2022 10:22:58 PM Calculated day 20
07/01/2022 10:23:05 PM Calculated day 21
07/01/2022 10:23:12 PM Calculated day 22
07/01/2022 10:23:19 PM Calculated day 23
07/01/2022 10:23:26 PM Calculated day 24
07/01/2022 10:23:33 PM Calculated day 25
07/01/2022 10:23:40 PM Calculated day 26
07/01/2022 10:23:47 PM Calculated day 27
07/01/2022 10:23:54 PM Calculated day 28
07/01/2022 10:24:01 PM Calculated day 29
07/01/2022 10:24:08 PM Calculated day 30
07/01/2022 10:24:16 PM Calculated day 31
07/01/2022 10:24:23 PM Calculated day 32
07/01/2022 10:24:30 PM Calculated day 33
07/01/2022 10:24:37 PM Calculated day 34
07/01/2022 10:24:44 PM Calculated day 35
07/01/2022 10:24:51 PM Calculated day 36
07/01/2022 10:24:57 PM Calculated day 37
07/01/2022 10:25:04 PM Calculated day 38
07/01/2022 10:25:11 PM Calculated day 39
07/01/2022 10:25:18 PM Calculated day 40
07/01/2022 10:25:26 PM Calculated day 41
07/01/2022 10:25:33 PM Calculated day 42
07/01/2022 10:25:40 PM Calculated day 43
07/01/2022 10:25:47 PM Calculated day 44
07/01/2022 10:25:54 PM Calculated day 45
07/01/2022 10:26:01 PM Calculated day 46
07/01/2022 10:26:08 PM Calculated day 47
07/01/2022 10:26:15 PM Calculated day 48
07/01/2022 10:26:22 PM Calculated day 49
07/01/2022 10:26:29 PM Calculated day 50
07/01/2022 10:26:36 PM Calculated day 51
07/01/2022 10:26:43 PM Calculated day 52
07/01/2022 10:26:50 PM Calculated day 53
07/01/2022 10:26:57 PM Calculated day 54
07/01/2022 10:27:04 PM Calculated day 55
07/01/2022 10:27:11 PM Calculated day 56
07/01/2022 10:27:18 PM Calculated day 57
07/01/2022 10:27:25 PM Calculated day 58
07/01/2022 10:27:32 PM Calculated day 59
07/01/2022 10:27:39 PM Calculated day 60
07/01/2022 10:27:46 PM Calculated day 61
07/01/2022 10:27:53 PM Calculated day 62
07/01/2022 10:28:00 PM Calculated day 63
07/01/2022 10:28:07 PM Calculated day 64
07/01/2022 10:28:14 PM Calculated day 65
07/01/2022 10:28:21 PM Calculated day 66
07/01/2022 10:28:28 PM Calculated day 67
07/01/2022 10:28:35 PM Calculated day 68
07/01/2022 10:28:42 PM Calculated day 69
07/01/2022 10:28:49 PM Calculated day 70
07/01/2022 10:28:56 PM Calculated day 71
07/01/2022 10:29:03 PM Calculated day 72
07/01/2022 10:29:10 PM Calculated day 73
07/01/2022 10:29:17 PM Calculated day 74
07/01/2022 10:29:24 PM Calculated day 75
07/01/2022 10:29:31 PM Calculated day 76
07/01/2022 10:29:38 PM Calculated day 77
07/01/2022 10:29:45 PM Calculated day 78
07/01/2022 10:29:52 PM Calculated day 79
07/01/2022 10:29:59 PM Calculated day 80
07/01/2022 10:30:06 PM Calculated day 81
07/01/2022 10:30:13 PM Calculated day 82
07/01/2022 10:30:20 PM Calculated day 83
07/01/2022 10:30:27 PM Calculated day 84
07/01/2022 10:30:34 PM Calculated day 85
07/01/2022 10:30:41 PM Calculated day 86
07/01/2022 10:30:48 PM Calculated day 87
07/01/2022 10:30:55 PM Calculated day 88
07/01/2022 10:31:02 PM Calculated day 89
07/01/2022 10:31:09 PM Calculated day 90
07/01/2022 10:31:17 PM Calculated day 91
07/01/2022 10:31:24 PM Calculated day 92
07/01/2022 10:31:31 PM Calculated day 93
07/01/2022 10:31:37 PM Calculated day 94
07/01/2022 10:31:44 PM Calculated day 95
07/01/2022 10:31:51 PM Calculated day 96
07/01/2022 10:31:58 PM Calculated day 97
07/01/2022 10:32:05 PM Calculated day 98
07/01/2022 10:32:12 PM Calculated day 99
07/01/2022 10:32:19 PM Calculated day 100
07/01/2022 10:32:27 PM Calculated day 101
07/01/2022 10:32:34 PM Calculated day 102
07/01/2022 10:32:41 PM Calculated day 103
07/01/2022 10:32:48 PM Calculated day 104
07/01/2022 10:32:55 PM Calculated day 105
07/01/2022 10:33:02 PM Calculated day 106
07/01/2022 10:33:09 PM Calculated day 107
07/01/2022 10:33:16 PM Calculated day 108
07/01/2022 10:33:22 PM Calculated day 109
07/01/2022 10:33:29 PM Calculated day 110
07/01/2022 10:33:37 PM Calculated day 111
07/01/2022 10:33:44 PM Calculated day 112
07/01/2022 10:33:52 PM Calculated day 113
07/01/2022 10:33:59 PM Calculated day 114
07/01/2022 10:34:06 PM Calculated day 115
07/01/2022 10:34:14 PM Calculated day 116
07/01/2022 10:34:21 PM Calculated day 117
07/01/2022 10:34:29 PM Calculated day 118
07/01/2022 10:34:36 PM Calculated day 119
07/01/2022 10:34:43 PM Calculated day 120
07/01/2022 10:34:51 PM Calculated day 121
07/01/2022 10:34:58 PM Calculated day 122
07/01/2022 10:35:05 PM Calculated day 123
07/01/2022 10:35:11 PM Calculated day 124
07/01/2022 10:35:18 PM Calculated day 125
07/01/2022 10:35:25 PM Calculated day 126
07/01/2022 10:35:32 PM Calculated day 127
07/01/2022 10:35:39 PM Calculated day 128
07/01/2022 10:35:46 PM Calculated day 129
07/01/2022 10:35:53 PM Calculated day 130
07/01/2022 10:36:01 PM Calculated day 131
07/01/2022 10:36:08 PM Calculated day 132
07/01/2022 10:36:15 PM Calculated day 133
07/01/2022 10:36:22 PM Calculated day 134
07/01/2022 10:36:29 PM Calculated day 135
07/01/2022 10:36:36 PM Calculated day 136
07/01/2022 10:36:43 PM Calculated day 137
07/01/2022 10:36:49 PM Calculated day 138
07/01/2022 10:36:56 PM Calculated day 139
07/01/2022 10:37:03 PM Calculated day 140
07/01/2022 10:37:11 PM Calculated day 141
07/01/2022 10:37:18 PM Calculated day 142
07/01/2022 10:37:25 PM Calculated day 143
07/01/2022 10:37:32 PM Calculated day 144
07/01/2022 10:37:39 PM Calculated day 145
07/01/2022 10:37:46 PM Calculated day 146
07/01/2022 10:37:53 PM Calculated day 147
07/01/2022 10:38:00 PM Calculated day 148
07/01/2022 10:38:07 PM Calculated day 149
07/01/2022 10:38:14 PM Calculated day 150
07/01/2022 10:38:42 PM Calculated day 151
07/01/2022 10:38:49 PM Calculated day 152
07/01/2022 10:38:56 PM Calculated day 153
07/01/2022 10:39:03 PM Calculated day 154
07/01/2022 10:39:10 PM Calculated day 155
07/01/2022 10:39:17 PM Calculated day 156
07/01/2022 10:39:24 PM Calculated day 157
07/01/2022 10:39:31 PM Calculated day 158
07/01/2022 10:39:38 PM Calculated day 159
07/01/2022 10:39:45 PM Calculated day 160
07/01/2022 10:39:52 PM Calculated day 161
07/01/2022 10:39:59 PM Calculated day 162
07/01/2022 10:40:06 PM Calculated day 163
07/01/2022 10:40:13 PM Calculated day 164
07/01/2022 10:40:20 PM Calculated day 165
07/01/2022 10:40:27 PM Calculated day 166
07/01/2022 10:40:34 PM Calculated day 167
07/01/2022 10:40:41 PM Calculated day 168
07/01/2022 10:40:48 PM Calculated day 169
07/01/2022 10:40:55 PM Calculated day 170
07/01/2022 10:41:03 PM Calculated day 171
07/01/2022 10:41:10 PM Calculated day 172
07/01/2022 10:41:17 PM Calculated day 173
07/01/2022 10:41:24 PM Calculated day 174
07/01/2022 10:41:31 PM Calculated day 175
07/01/2022 10:41:38 PM Calculated day 176
07/01/2022 10:41:45 PM Calculated day 177
07/01/2022 10:41:52 PM Calculated day 178
07/01/2022 10:41:59 PM Calculated day 179
07/01/2022 10:42:06 PM Calculated day 180
07/01/2022 10:42:14 PM Calculated day 181
07/01/2022 10:42:21 PM Calculated day 182
07/01/2022 10:42:28 PM Calculated day 183
07/01/2022 10:42:35 PM Calculated day 184
07/01/2022 10:42:42 PM Calculated day 185
07/01/2022 10:42:49 PM Calculated day 186
07/01/2022 10:42:56 PM Calculated day 187
07/01/2022 10:43:03 PM Calculated day 188
07/01/2022 10:43:10 PM Calculated day 189
07/01/2022 10:43:17 PM Calculated day 190
07/01/2022 10:43:25 PM Calculated day 191
07/01/2022 10:43:32 PM Calculated day 192
07/01/2022 10:43:39 PM Calculated day 193
07/01/2022 10:43:46 PM Calculated day 194
07/01/2022 10:43:52 PM Calculated day 195
07/01/2022 10:43:59 PM Calculated day 196
07/01/2022 10:44:06 PM Calculated day 197
07/01/2022 10:44:13 PM Calculated day 198
07/01/2022 10:44:20 PM Calculated day 199
07/01/2022 10:44:27 PM Calculated day 200
07/01/2022 10:44:35 PM Calculated day 201
07/01/2022 10:44:42 PM Calculated day 202
07/01/2022 10:44:49 PM Calculated day 203
07/01/2022 10:44:56 PM Calculated day 204
07/01/2022 10:45:03 PM Calculated day 205
07/01/2022 10:45:10 PM Calculated day 206
07/01/2022 10:45:17 PM Calculated day 207
07/01/2022 10:45:24 PM Calculated day 208
07/01/2022 10:45:31 PM Calculated day 209
07/01/2022 10:45:38 PM Calculated day 210
07/01/2022 10:45:46 PM Calculated day 211
07/01/2022 10:45:53 PM Calculated day 212
07/01/2022 10:46:00 PM Calculated day 213
07/01/2022 10:46:07 PM Calculated day 214
07/01/2022 10:46:14 PM Calculated day 215
07/01/2022 10:46:21 PM Calculated day 216
07/01/2022 10:46:28 PM Calculated day 217
07/01/2022 10:46:35 PM Calculated day 218
07/01/2022 10:46:42 PM Calculated day 219
07/01/2022 10:46:49 PM Calculated day 220
07/01/2022 10:46:57 PM Calculated day 221
07/01/2022 10:47:04 PM Calculated day 222
07/01/2022 10:47:11 PM Calculated day 223
07/01/2022 10:47:18 PM Calculated day 224
07/01/2022 10:47:25 PM Calculated day 225
07/01/2022 10:47:32 PM Calculated day 226
07/01/2022 10:47:39 PM Calculated day 227
07/01/2022 10:47:46 PM Calculated day 228
07/01/2022 10:47:53 PM Calculated day 229
07/01/2022 10:48:00 PM Calculated day 230
07/01/2022 10:48:08 PM Calculated day 231
07/01/2022 10:48:15 PM Calculated day 232
07/01/2022 10:48:22 PM Calculated day 233
07/01/2022 10:48:29 PM Calculated day 234
07/01/2022 10:48:36 PM Calculated day 235
07/01/2022 10:48:43 PM Calculated day 236
07/01/2022 10:48:50 PM Calculated day 237
07/01/2022 10:48:57 PM Calculated day 238
07/01/2022 10:49:04 PM Calculated day 239
07/01/2022 10:49:11 PM Calculated day 240
07/01/2022 10:49:19 PM Calculated day 241
07/01/2022 10:49:26 PM Calculated day 242
07/01/2022 10:49:33 PM Calculated day 243
07/01/2022 10:49:40 PM Calculated day 244
07/01/2022 10:49:47 PM Calculated day 245
07/01/2022 10:49:54 PM Calculated day 246
07/01/2022 10:50:01 PM Calculated day 247
07/01/2022 10:50:08 PM Calculated day 248
07/01/2022 10:50:15 PM Calculated day 249
07/01/2022 10:50:21 PM Calculated day 250
07/01/2022 10:50:30 PM Calculated day 251
07/01/2022 10:50:37 PM Calculated day 252
07/01/2022 10:50:44 PM Calculated day 253
07/01/2022 10:50:50 PM Calculated day 254
07/01/2022 10:50:57 PM Calculated day 255
07/01/2022 10:51:04 PM Calculated day 256
07/01/2022 10:51:11 PM Calculated day 257
07/01/2022 10:51:18 PM Calculated day 258
07/01/2022 10:51:25 PM Calculated day 259
07/01/2022 10:51:32 PM Calculated day 260
07/01/2022 10:51:40 PM Calculated day 261
07/01/2022 10:51:47 PM Calculated day 262
07/01/2022 10:51:54 PM Calculated day 263
07/01/2022 10:52:01 PM Calculated day 264
07/01/2022 10:52:08 PM Calculated day 265
07/01/2022 10:52:15 PM Calculated day 266
07/01/2022 10:52:22 PM Calculated day 267
07/01/2022 10:52:29 PM Calculated day 268
07/01/2022 10:52:36 PM Calculated day 269
07/01/2022 10:52:43 PM Calculated day 270
07/01/2022 10:52:52 PM Calculated day 271
07/01/2022 10:52:59 PM Calculated day 272
07/01/2022 10:53:06 PM Calculated day 273
07/01/2022 10:53:13 PM Calculated day 274
07/01/2022 10:53:20 PM Calculated day 275
07/01/2022 10:53:27 PM Calculated day 276
07/01/2022 10:53:34 PM Calculated day 277
07/01/2022 10:53:41 PM Calculated day 278
07/01/2022 10:53:48 PM Calculated day 279
07/01/2022 10:53:54 PM Calculated day 280
07/01/2022 10:54:03 PM Calculated day 281
07/01/2022 10:54:10 PM Calculated day 282
07/01/2022 10:54:17 PM Calculated day 283
07/01/2022 10:54:24 PM Calculated day 284
07/01/2022 10:54:31 PM Calculated day 285
07/01/2022 10:54:38 PM Calculated day 286
07/01/2022 10:54:45 PM Calculated day 287
07/01/2022 10:54:52 PM Calculated day 288
07/01/2022 10:54:59 PM Calculated day 289
07/01/2022 10:55:06 PM Calculated day 290
07/01/2022 10:55:14 PM Calculated day 291
07/01/2022 10:55:21 PM Calculated day 292
07/01/2022 10:55:28 PM Calculated day 293
07/01/2022 10:55:35 PM Calculated day 294
07/01/2022 10:55:42 PM Calculated day 295
07/01/2022 10:55:49 PM Calculated day 296
07/01/2022 10:55:56 PM Calculated day 297
07/01/2022 10:56:03 PM Calculated day 298
07/01/2022 10:56:10 PM Calculated day 299
07/01/2022 10:56:17 PM Calculated day 300
07/01/2022 10:56:26 PM Calculated day 301
07/01/2022 10:56:33 PM Calculated day 302
07/01/2022 10:56:40 PM Calculated day 303
07/01/2022 10:56:47 PM Calculated day 304
07/01/2022 10:56:54 PM Calculated day 305
07/01/2022 10:57:01 PM Calculated day 306
07/01/2022 10:57:08 PM Calculated day 307
07/01/2022 10:57:15 PM Calculated day 308
07/01/2022 10:57:21 PM Calculated day 309
07/01/2022 10:57:28 PM Calculated day 310
07/01/2022 10:57:37 PM Calculated day 311
07/01/2022 10:57:44 PM Calculated day 312
07/01/2022 10:57:51 PM Calculated day 313
07/01/2022 10:57:58 PM Calculated day 314
07/01/2022 10:58:05 PM Calculated day 315
07/01/2022 10:58:12 PM Calculated day 316
07/01/2022 10:58:19 PM Calculated day 317
07/01/2022 10:58:26 PM Calculated day 318
07/01/2022 10:58:33 PM Calculated day 319
07/01/2022 10:58:40 PM Calculated day 320
07/01/2022 10:58:49 PM Calculated day 321
07/01/2022 10:58:55 PM Calculated day 322
07/01/2022 10:59:02 PM Calculated day 323
07/01/2022 10:59:09 PM Calculated day 324
07/01/2022 10:59:16 PM Calculated day 325
07/01/2022 10:59:23 PM Calculated day 326
07/01/2022 10:59:30 PM Calculated day 327
07/01/2022 10:59:37 PM Calculated day 328
07/01/2022 10:59:44 PM Calculated day 329
07/01/2022 10:59:51 PM Calculated day 330
07/01/2022 11:00:00 PM Calculated day 331
07/01/2022 11:00:07 PM Calculated day 332
07/01/2022 11:00:14 PM Calculated day 333
07/01/2022 11:00:21 PM Calculated day 334
07/01/2022 11:00:28 PM Calculated day 335
07/01/2022 11:00:35 PM Calculated day 336
07/01/2022 11:00:42 PM Calculated day 337
07/01/2022 11:00:49 PM Calculated day 338
07/01/2022 11:00:56 PM Calculated day 339
07/01/2022 11:01:03 PM Calculated day 340
07/01/2022 11:01:12 PM Calculated day 341
07/01/2022 11:01:19 PM Calculated day 342
07/01/2022 11:01:26 PM Calculated day 343
07/01/2022 11:01:33 PM Calculated day 344
07/01/2022 11:01:40 PM Calculated day 345
07/01/2022 11:01:47 PM Calculated day 346
07/01/2022 11:01:54 PM Calculated day 347
07/01/2022 11:02:00 PM Calculated day 348
07/01/2022 11:02:07 PM Calculated day 349
07/01/2022 11:02:14 PM Calculated day 350
07/01/2022 11:02:23 PM Calculated day 351
07/01/2022 11:02:30 PM Calculated day 352
07/01/2022 11:02:37 PM Calculated day 353
07/01/2022 11:02:44 PM Calculated day 354
07/01/2022 11:02:51 PM Calculated day 355
07/01/2022 11:02:58 PM Calculated day 356
07/01/2022 11:03:05 PM Calculated day 357
07/01/2022 11:03:12 PM Calculated day 358
07/01/2022 11:03:19 PM Calculated day 359
07/01/2022 11:03:26 PM Calculated day 360
07/01/2022 11:03:35 PM Calculated day 361
07/01/2022 11:03:42 PM Calculated day 362
07/01/2022 11:03:49 PM Calculated day 363
07/01/2022 11:03:56 PM Calculated day 364
07/01/2022 11:04:03 PM Calculated day 365
07/01/2022 11:04:10 PM Calculated day 366
07/01/2022 11:04:17 PM Calculated day 367
07/01/2022 11:04:24 PM Calculated day 368
07/01/2022 11:04:31 PM Calculated day 369
07/01/2022 11:04:37 PM Calculated day 370
07/01/2022 11:04:46 PM Calculated day 371
07/01/2022 11:04:53 PM Calculated day 372
07/01/2022 11:05:00 PM Calculated day 373
07/01/2022 11:05:07 PM Calculated day 374
07/01/2022 11:05:14 PM Calculated day 375
07/01/2022 11:05:21 PM Calculated day 376
07/01/2022 11:05:28 PM Calculated day 377
07/01/2022 11:05:35 PM Calculated day 378
07/01/2022 11:05:42 PM Calculated day 379
07/01/2022 11:05:49 PM Calculated day 380
07/01/2022 11:05:58 PM Calculated day 381
07/01/2022 11:06:05 PM Calculated day 382
07/01/2022 11:06:12 PM Calculated day 383
07/01/2022 11:06:19 PM Calculated day 384
07/01/2022 11:06:26 PM Calculated day 385
07/01/2022 11:06:33 PM Calculated day 386
07/01/2022 11:06:40 PM Calculated day 387
07/01/2022 11:06:47 PM Calculated day 388
07/01/2022 11:06:54 PM Calculated day 389
07/01/2022 11:07:01 PM Calculated day 390
07/01/2022 11:07:10 PM Calculated day 391
07/01/2022 11:07:17 PM Calculated day 392
07/01/2022 11:07:24 PM Calculated day 393
07/01/2022 11:07:31 PM Calculated day 394
07/01/2022 11:07:38 PM Calculated day 395
07/01/2022 11:07:44 PM Calculated day 396
07/01/2022 11:07:51 PM Calculated day 397
07/01/2022 11:07:58 PM Calculated day 398
07/01/2022 11:08:05 PM Calculated day 399
07/01/2022 11:08:12 PM Calculated day 400
07/01/2022 11:08:21 PM Calculated day 401
07/01/2022 11:08:28 PM Calculated day 402
07/01/2022 11:08:35 PM Calculated day 403
07/01/2022 11:08:42 PM Calculated day 404
07/01/2022 11:08:49 PM Calculated day 405
07/01/2022 11:08:56 PM Calculated day 406
07/01/2022 11:09:03 PM Calculated day 407
07/01/2022 11:09:10 PM Calculated day 408
07/01/2022 11:09:17 PM Calculated day 409
07/01/2022 11:09:24 PM Calculated day 410
07/01/2022 11:09:33 PM Calculated day 411
07/01/2022 11:09:40 PM Calculated day 412
07/01/2022 11:09:47 PM Calculated day 413
07/01/2022 11:09:54 PM Calculated day 414
07/01/2022 11:10:01 PM Calculated day 415
07/01/2022 11:10:08 PM Calculated day 416
07/01/2022 11:10:15 PM Calculated day 417
07/01/2022 11:10:22 PM Calculated day 418
07/01/2022 11:10:29 PM Calculated day 419
07/01/2022 11:10:36 PM Calculated day 420
07/01/2022 11:10:45 PM Calculated day 421
07/01/2022 11:10:52 PM Calculated day 422
07/01/2022 11:10:59 PM Calculated day 423
07/01/2022 11:11:06 PM Calculated day 424
07/01/2022 11:11:13 PM Calculated day 425
07/01/2022 11:11:19 PM Calculated day 426
07/01/2022 11:11:26 PM Calculated day 427
07/01/2022 11:11:33 PM Calculated day 428
07/01/2022 11:11:40 PM Calculated day 429
07/01/2022 11:11:47 PM Calculated day 430
07/01/2022 11:11:57 PM Calculated day 431
07/01/2022 11:12:03 PM Calculated day 432
07/01/2022 11:12:10 PM Calculated day 433
07/01/2022 11:12:17 PM Calculated day 434
07/01/2022 11:12:24 PM Calculated day 435
07/01/2022 11:12:31 PM Calculated day 436
07/01/2022 11:12:38 PM Calculated day 437
07/01/2022 11:12:45 PM Calculated day 438
07/01/2022 11:12:52 PM Calculated day 439
07/01/2022 11:12:59 PM Calculated day 440
07/01/2022 11:13:08 PM Calculated day 441
07/01/2022 11:13:15 PM Calculated day 442
07/01/2022 11:13:22 PM Calculated day 443
07/01/2022 11:13:29 PM Calculated day 444
07/01/2022 11:13:36 PM Calculated day 445
07/01/2022 11:13:43 PM Calculated day 446
07/01/2022 11:13:50 PM Calculated day 447
07/01/2022 11:13:57 PM Calculated day 448
07/01/2022 11:14:04 PM Calculated day 449
07/01/2022 11:14:11 PM Calculated day 450
07/01/2022 11:14:21 PM Calculated day 451
07/01/2022 11:14:28 PM Calculated day 452
07/01/2022 11:14:35 PM Calculated day 453
07/01/2022 11:14:42 PM Calculated day 454
07/01/2022 11:14:49 PM Calculated day 455
07/01/2022 11:14:56 PM Calculated day 456
07/01/2022 11:15:03 PM Calculated day 457
07/01/2022 11:15:09 PM Calculated day 458
07/01/2022 11:15:16 PM Calculated day 459
07/01/2022 11:15:23 PM Calculated day 460
07/01/2022 11:15:33 PM Calculated day 461
07/01/2022 11:15:40 PM Calculated day 462
07/01/2022 11:15:47 PM Calculated day 463
07/01/2022 11:15:54 PM Calculated day 464
07/01/2022 11:16:01 PM Calculated day 465
07/01/2022 11:16:08 PM Calculated day 466
07/01/2022 11:16:15 PM Calculated day 467
07/01/2022 11:16:22 PM Calculated day 468
07/01/2022 11:16:29 PM Calculated day 469
07/01/2022 11:16:36 PM Calculated day 470
07/01/2022 11:16:45 PM Calculated day 471
07/01/2022 11:16:52 PM Calculated day 472
07/01/2022 11:16:59 PM Calculated day 473
07/01/2022 11:17:06 PM Calculated day 474
07/01/2022 11:17:13 PM Calculated day 475
07/01/2022 11:17:20 PM Calculated day 476
07/01/2022 11:17:27 PM Calculated day 477
07/01/2022 11:17:34 PM Calculated day 478
07/01/2022 11:17:41 PM Calculated day 479
07/01/2022 11:17:48 PM Calculated day 480
07/01/2022 11:17:58 PM Calculated day 481
07/01/2022 11:18:05 PM Calculated day 482
07/01/2022 11:18:11 PM Calculated day 483
07/01/2022 11:18:18 PM Calculated day 484
07/01/2022 11:18:25 PM Calculated day 485
07/01/2022 11:18:32 PM Calculated day 486
07/01/2022 11:18:39 PM Calculated day 487
07/01/2022 11:18:46 PM Calculated day 488
07/01/2022 11:18:53 PM Calculated day 489
07/01/2022 11:19:00 PM Calculated day 490
07/01/2022 11:19:10 PM Calculated day 491
07/01/2022 11:19:17 PM Calculated day 492
07/01/2022 11:19:24 PM Calculated day 493
07/01/2022 11:19:31 PM Calculated day 494
07/01/2022 11:19:38 PM Calculated day 495
07/01/2022 11:19:45 PM Calculated day 496
07/01/2022 11:19:52 PM Calculated day 497
07/01/2022 11:19:59 PM Calculated day 498
07/01/2022 11:20:06 PM Calculated day 499
07/01/2022 11:20:13 PM Calculated day 500
07/01/2022 11:20:22 PM Calculated day 501
07/01/2022 11:20:29 PM Calculated day 502
07/01/2022 11:20:36 PM Calculated day 503
07/01/2022 11:20:43 PM Calculated day 504
07/01/2022 11:20:50 PM Calculated day 505
07/01/2022 11:20:57 PM Calculated day 506
07/01/2022 11:21:04 PM Calculated day 507
07/01/2022 11:21:11 PM Calculated day 508
07/01/2022 11:21:18 PM Calculated day 509
07/01/2022 11:21:25 PM Calculated day 510
07/01/2022 11:21:35 PM Calculated day 511
07/01/2022 11:21:42 PM Calculated day 512
07/01/2022 11:21:49 PM Calculated day 513
07/01/2022 11:21:56 PM Calculated day 514
07/01/2022 11:22:03 PM Calculated day 515
07/01/2022 11:22:09 PM Calculated day 516
07/01/2022 11:22:16 PM Calculated day 517
07/01/2022 11:22:23 PM Calculated day 518
07/01/2022 11:22:30 PM Calculated day 519
07/01/2022 11:22:37 PM Calculated day 520
07/01/2022 11:22:47 PM Calculated day 521
07/01/2022 11:22:54 PM Calculated day 522
07/01/2022 11:23:01 PM Calculated day 523
07/01/2022 11:23:08 PM Calculated day 524
07/01/2022 11:23:15 PM Calculated day 525
07/01/2022 11:23:22 PM Calculated day 526
07/01/2022 11:23:29 PM Calculated day 527
07/01/2022 11:23:36 PM Calculated day 528
07/01/2022 11:23:43 PM Calculated day 529
07/01/2022 11:23:50 PM Calculated day 530
07/01/2022 11:24:00 PM Calculated day 531
07/01/2022 11:24:07 PM Calculated day 532
07/01/2022 11:24:14 PM Calculated day 533
07/01/2022 11:24:21 PM Calculated day 534
07/01/2022 11:24:28 PM Calculated day 535
07/01/2022 11:24:35 PM Calculated day 536
07/01/2022 11:24:42 PM Calculated day 537
07/01/2022 11:24:49 PM Calculated day 538
07/01/2022 11:24:56 PM Calculated day 539
07/01/2022 11:25:03 PM Calculated day 540
07/01/2022 11:25:13 PM Calculated day 541
07/01/2022 11:25:20 PM Calculated day 542
07/01/2022 11:25:27 PM Calculated day 543
07/01/2022 11:25:34 PM Calculated day 544
07/01/2022 11:25:41 PM Calculated day 545
07/01/2022 11:25:49 PM Calculated day 546
07/01/2022 11:25:56 PM Calculated day 547
07/01/2022 11:26:04 PM Calculated day 548
07/01/2022 11:26:11 PM Calculated day 549
07/01/2022 11:26:18 PM Calculated day 550
07/01/2022 11:26:28 PM Calculated day 551
07/01/2022 11:26:35 PM Calculated day 552
07/01/2022 11:26:42 PM Calculated day 553
07/01/2022 11:26:49 PM Calculated day 554
07/01/2022 11:26:56 PM Calculated day 555
07/01/2022 11:27:03 PM Calculated day 556
07/01/2022 11:27:10 PM Calculated day 557
07/01/2022 11:27:17 PM Calculated day 558
07/01/2022 11:27:24 PM Calculated day 559
07/01/2022 11:27:31 PM Calculated day 560
07/01/2022 11:27:41 PM Calculated day 561
07/01/2022 11:27:48 PM Calculated day 562
07/01/2022 11:27:55 PM Calculated day 563
07/01/2022 11:28:02 PM Calculated day 564
07/01/2022 11:28:09 PM Calculated day 565
07/01/2022 11:28:16 PM Calculated day 566
07/01/2022 11:28:23 PM Calculated day 567
07/01/2022 11:28:30 PM Calculated day 568
07/01/2022 11:28:37 PM Calculated day 569
07/01/2022 11:28:44 PM Calculated day 570
07/01/2022 11:28:54 PM Calculated day 571
07/01/2022 11:29:01 PM Calculated day 572
07/01/2022 11:29:08 PM Calculated day 573
07/01/2022 11:29:15 PM Calculated day 574
07/01/2022 11:29:22 PM Calculated day 575
07/01/2022 11:29:29 PM Calculated day 576
07/01/2022 11:29:36 PM Calculated day 577
07/01/2022 11:29:43 PM Calculated day 578
07/01/2022 11:29:50 PM Calculated day 579
07/01/2022 11:29:57 PM Calculated day 580
07/01/2022 11:30:07 PM Calculated day 581
07/01/2022 11:30:14 PM Calculated day 582
07/01/2022 11:30:21 PM Calculated day 583
07/01/2022 11:30:28 PM Calculated day 584
07/01/2022 11:30:35 PM Calculated day 585
07/01/2022 11:30:42 PM Calculated day 586
07/01/2022 11:30:49 PM Calculated day 587
07/01/2022 11:30:56 PM Calculated day 588
07/01/2022 11:31:02 PM Calculated day 589
07/01/2022 11:31:09 PM Calculated day 590
07/01/2022 11:31:19 PM Calculated day 591
07/01/2022 11:31:26 PM Calculated day 592
07/01/2022 11:31:33 PM Calculated day 593
07/01/2022 11:31:40 PM Calculated day 594
07/01/2022 11:31:47 PM Calculated day 595
07/01/2022 11:31:54 PM Calculated day 596
07/01/2022 11:32:01 PM Calculated day 597
07/01/2022 11:32:08 PM Calculated day 598
07/01/2022 11:32:15 PM Calculated day 599
07/01/2022 11:32:22 PM Calculated day 600
07/01/2022 11:32:32 PM Calculated day 601
07/01/2022 11:32:39 PM Calculated day 602
07/01/2022 11:32:46 PM Calculated day 603
07/01/2022 11:32:53 PM Calculated day 604
07/01/2022 11:33:00 PM Calculated day 605
07/01/2022 11:33:07 PM Calculated day 606
07/01/2022 11:33:14 PM Calculated day 607
07/01/2022 11:33:21 PM Calculated day 608
07/01/2022 11:33:28 PM Calculated day 609
07/01/2022 11:33:35 PM Calculated day 610
07/01/2022 11:33:45 PM Calculated day 611
07/01/2022 11:33:52 PM Calculated day 612
07/01/2022 11:33:59 PM Calculated day 613
07/01/2022 11:34:06 PM Calculated day 614
07/01/2022 11:34:13 PM Calculated day 615
07/01/2022 11:34:20 PM Calculated day 616
07/01/2022 11:34:27 PM Calculated day 617
07/01/2022 11:34:34 PM Calculated day 618
07/01/2022 11:34:41 PM Calculated day 619
07/01/2022 11:34:48 PM Calculated day 620
07/01/2022 11:34:59 PM Calculated day 621
07/01/2022 11:35:06 PM Calculated day 622
07/01/2022 11:35:13 PM Calculated day 623
07/01/2022 11:35:19 PM Calculated day 624
07/01/2022 11:35:26 PM Calculated day 625
07/01/2022 11:35:33 PM Calculated day 626
07/01/2022 11:35:40 PM Calculated day 627
07/01/2022 11:35:47 PM Calculated day 628
07/01/2022 11:35:54 PM Calculated day 629
07/01/2022 11:36:02 PM Calculated day 630
07/01/2022 11:36:12 PM Calculated day 631
07/01/2022 11:36:19 PM Calculated day 632
07/01/2022 11:36:26 PM Calculated day 633
07/01/2022 11:36:33 PM Calculated day 634
07/01/2022 11:36:40 PM Calculated day 635
07/01/2022 11:36:47 PM Calculated day 636
07/01/2022 11:36:54 PM Calculated day 637
07/01/2022 11:37:01 PM Calculated day 638
07/01/2022 11:37:08 PM Calculated day 639
07/01/2022 11:37:15 PM Calculated day 640
07/01/2022 11:37:25 PM Calculated day 641
07/01/2022 11:37:32 PM Calculated day 642
07/01/2022 11:37:39 PM Calculated day 643
07/01/2022 11:37:46 PM Calculated day 644
07/01/2022 11:37:53 PM Calculated day 645
07/01/2022 11:38:00 PM Calculated day 646
07/01/2022 11:38:07 PM Calculated day 647
07/01/2022 11:38:14 PM Calculated day 648
07/01/2022 11:38:21 PM Calculated day 649
07/01/2022 11:38:28 PM Calculated day 650
07/01/2022 11:38:38 PM Calculated day 651
07/01/2022 11:38:45 PM Calculated day 652
07/01/2022 11:38:52 PM Calculated day 653
07/01/2022 11:38:59 PM Calculated day 654
07/01/2022 11:39:06 PM Calculated day 655
07/01/2022 11:39:13 PM Calculated day 656
07/01/2022 11:39:20 PM Calculated day 657
07/01/2022 11:39:27 PM Calculated day 658
07/01/2022 11:39:34 PM Calculated day 659
07/01/2022 11:39:41 PM Calculated day 660
07/01/2022 11:39:52 PM Calculated day 661
07/01/2022 11:39:59 PM Calculated day 662
07/01/2022 11:40:06 PM Calculated day 663
07/01/2022 11:40:13 PM Calculated day 664
07/01/2022 11:40:20 PM Calculated day 665
07/01/2022 11:40:27 PM Calculated day 666
07/01/2022 11:40:34 PM Calculated day 667
07/01/2022 11:40:41 PM Calculated day 668
07/01/2022 11:40:48 PM Calculated day 669
07/01/2022 11:40:55 PM Calculated day 670
07/01/2022 11:41:05 PM Calculated day 671
07/01/2022 11:41:12 PM Calculated day 672
07/01/2022 11:41:19 PM Calculated day 673
07/01/2022 11:41:26 PM Calculated day 674
07/01/2022 11:41:33 PM Calculated day 675
07/01/2022 11:41:40 PM Calculated day 676
07/01/2022 11:41:47 PM Calculated day 677
07/01/2022 11:41:54 PM Calculated day 678
07/01/2022 11:42:01 PM Calculated day 679
07/01/2022 11:42:08 PM Calculated day 680
07/01/2022 11:42:19 PM Calculated day 681
07/01/2022 11:42:26 PM Calculated day 682
07/01/2022 11:42:33 PM Calculated day 683
07/01/2022 11:42:40 PM Calculated day 684
07/01/2022 11:42:47 PM Calculated day 685
07/01/2022 11:42:54 PM Calculated day 686
07/01/2022 11:43:00 PM Calculated day 687
07/01/2022 11:43:08 PM Calculated day 688
07/01/2022 11:43:15 PM Calculated day 689
07/01/2022 11:43:22 PM Calculated day 690
07/01/2022 11:43:32 PM Calculated day 691
07/01/2022 11:43:39 PM Calculated day 692
07/01/2022 11:43:46 PM Calculated day 693
07/01/2022 11:43:53 PM Calculated day 694
07/01/2022 11:44:00 PM Calculated day 695
07/01/2022 11:44:07 PM Calculated day 696
07/01/2022 11:44:14 PM Calculated day 697
07/01/2022 11:44:21 PM Calculated day 698
07/01/2022 11:44:28 PM Calculated day 699
07/01/2022 11:44:35 PM Calculated day 700
07/01/2022 11:44:46 PM Calculated day 701
07/01/2022 11:44:53 PM Calculated day 702
07/01/2022 11:45:00 PM Calculated day 703
07/01/2022 11:45:07 PM Calculated day 704
07/01/2022 11:45:14 PM Calculated day 705
07/01/2022 11:45:21 PM Calculated day 706
07/01/2022 11:45:28 PM Calculated day 707
07/01/2022 11:45:35 PM Calculated day 708
07/01/2022 11:45:42 PM Calculated day 709
07/01/2022 11:45:48 PM Calculated day 710
07/01/2022 11:45:59 PM Calculated day 711
07/01/2022 11:46:06 PM Calculated day 712
07/01/2022 11:46:13 PM Calculated day 713
07/01/2022 11:46:20 PM Calculated day 714
07/01/2022 11:46:27 PM Calculated day 715
07/01/2022 11:46:34 PM Calculated day 716
07/01/2022 11:46:41 PM Calculated day 717
07/01/2022 11:46:48 PM Calculated day 718
07/01/2022 11:46:55 PM Calculated day 719
07/01/2022 11:47:02 PM Calculated day 720
07/01/2022 11:47:12 PM Calculated day 721
07/01/2022 11:47:19 PM Calculated day 722
07/01/2022 11:47:26 PM Calculated day 723
07/01/2022 11:47:33 PM Calculated day 724
07/01/2022 11:47:40 PM Calculated day 725
07/01/2022 11:47:47 PM Calculated day 726
07/01/2022 11:47:54 PM Calculated day 727
07/01/2022 11:48:01 PM Calculated day 728
07/01/2022 11:48:08 PM Calculated day 729
07/01/2022 11:48:15 PM Calculated day 730
07/01/2022 11:48:26 PM Calculated day 731
07/01/2022 11:48:33 PM Calculated day 732
07/01/2022 11:48:40 PM Calculated day 733
07/01/2022 11:48:47 PM Calculated day 734
07/01/2022 11:48:54 PM Calculated day 735
07/01/2022 11:49:00 PM Calculated day 736
07/01/2022 11:49:07 PM Calculated day 737
07/01/2022 11:49:14 PM Calculated day 738
07/01/2022 11:49:21 PM Calculated day 739
07/01/2022 11:49:28 PM Calculated day 740
07/01/2022 11:49:39 PM Calculated day 741
07/01/2022 11:49:46 PM Calculated day 742
07/01/2022 11:49:53 PM Calculated day 743
07/01/2022 11:50:00 PM Calculated day 744
07/01/2022 11:50:07 PM Calculated day 745
07/01/2022 11:50:14 PM Calculated day 746
07/01/2022 11:50:21 PM Calculated day 747
07/01/2022 11:50:28 PM Calculated day 748
07/01/2022 11:50:35 PM Calculated day 749
07/01/2022 11:50:42 PM Calculated day 750
07/01/2022 11:50:52 PM Calculated day 751
07/01/2022 11:50:59 PM Calculated day 752
07/01/2022 11:51:06 PM Calculated day 753
07/01/2022 11:51:13 PM Calculated day 754
07/01/2022 11:51:20 PM Calculated day 755
07/01/2022 11:51:27 PM Calculated day 756
07/01/2022 11:51:34 PM Calculated day 757
07/01/2022 11:51:41 PM Calculated day 758
07/01/2022 11:51:48 PM Calculated day 759
07/01/2022 11:51:55 PM Calculated day 760
07/01/2022 11:52:06 PM Calculated day 761
07/01/2022 11:52:13 PM Calculated day 762
07/01/2022 11:52:20 PM Calculated day 763
07/01/2022 11:52:27 PM Calculated day 764
07/01/2022 11:52:34 PM Calculated day 765
07/01/2022 11:52:41 PM Calculated day 766
07/01/2022 11:52:48 PM Calculated day 767
07/01/2022 11:52:54 PM Calculated day 768
07/01/2022 11:53:01 PM Calculated day 769
07/01/2022 11:53:08 PM Calculated day 770
07/01/2022 11:53:19 PM Calculated day 771
07/01/2022 11:53:26 PM Calculated day 772
07/01/2022 11:53:33 PM Calculated day 773
07/01/2022 11:53:40 PM Calculated day 774
07/01/2022 11:53:47 PM Calculated day 775
07/01/2022 11:53:54 PM Calculated day 776
07/01/2022 11:54:01 PM Calculated day 777
07/01/2022 11:54:08 PM Calculated day 778
07/01/2022 11:54:15 PM Calculated day 779
07/01/2022 11:54:22 PM Calculated day 780
07/01/2022 11:54:33 PM Calculated day 781
07/01/2022 11:54:40 PM Calculated day 782
07/01/2022 11:54:47 PM Calculated day 783
07/01/2022 11:54:54 PM Calculated day 784
07/01/2022 11:55:01 PM Calculated day 785
07/01/2022 11:55:08 PM Calculated day 786
07/01/2022 11:55:15 PM Calculated day 787
07/01/2022 11:55:22 PM Calculated day 788
07/01/2022 11:55:28 PM Calculated day 789
07/01/2022 11:55:35 PM Calculated day 790
07/01/2022 11:55:46 PM Calculated day 791
07/01/2022 11:55:53 PM Calculated day 792
07/01/2022 11:56:00 PM Calculated day 793
07/01/2022 11:56:07 PM Calculated day 794
07/01/2022 11:56:14 PM Calculated day 795
07/01/2022 11:56:21 PM Calculated day 796
07/01/2022 11:56:28 PM Calculated day 797
07/01/2022 11:56:35 PM Calculated day 798
07/01/2022 11:56:42 PM Calculated day 799
07/01/2022 11:57:16 PM Calculated day 800
07/01/2022 11:58:01 PM Calculated day 801
07/01/2022 11:58:08 PM Calculated day 802
07/01/2022 11:58:15 PM Calculated day 803
07/01/2022 11:58:22 PM Calculated day 804
07/01/2022 11:58:29 PM Calculated day 805
07/01/2022 11:58:36 PM Calculated day 806
07/01/2022 11:58:43 PM Calculated day 807
07/01/2022 11:58:50 PM Calculated day 808
07/01/2022 11:58:57 PM Calculated day 809
07/01/2022 11:59:04 PM Calculated day 810
07/01/2022 11:59:15 PM Calculated day 811
07/01/2022 11:59:22 PM Calculated day 812
07/01/2022 11:59:29 PM Calculated day 813
07/01/2022 11:59:36 PM Calculated day 814
07/01/2022 11:59:43 PM Calculated day 815
07/01/2022 11:59:50 PM Calculated day 816
07/01/2022 11:59:57 PM Calculated day 817
07/02/2022 12:00:04 AM Calculated day 818
07/02/2022 12:00:12 AM Calculated day 819
07/02/2022 12:00:19 AM Calculated day 820
07/02/2022 12:00:32 AM Calculated day 821
07/02/2022 12:00:39 AM Calculated day 822
07/02/2022 12:00:47 AM Calculated day 823
07/02/2022 12:00:54 AM Calculated day 824
07/02/2022 12:01:02 AM Calculated day 825
07/02/2022 12:01:09 AM Calculated day 826
07/02/2022 12:01:17 AM Calculated day 827
07/02/2022 12:01:25 AM Calculated day 828
07/02/2022 12:01:32 AM Calculated day 829
07/02/2022 12:01:40 AM Calculated day 830
07/02/2022 12:01:54 AM Calculated day 831
07/02/2022 12:02:02 AM Calculated day 832
07/02/2022 12:02:10 AM Calculated day 833
07/02/2022 12:02:18 AM Calculated day 834
07/02/2022 12:02:25 AM Calculated day 835
07/02/2022 12:02:33 AM Calculated day 836
07/02/2022 12:02:41 AM Calculated day 837
07/02/2022 12:02:48 AM Calculated day 838
07/02/2022 12:02:56 AM Calculated day 839
07/02/2022 12:03:04 AM Calculated day 840
07/02/2022 12:03:16 AM Calculated day 841
07/02/2022 12:03:24 AM Calculated day 842
07/02/2022 12:03:32 AM Calculated day 843
07/02/2022 12:03:40 AM Calculated day 844
07/02/2022 12:03:47 AM Calculated day 845
07/02/2022 12:03:55 AM Calculated day 846
07/02/2022 12:04:03 AM Calculated day 847
07/02/2022 12:04:11 AM Calculated day 848
07/02/2022 12:04:18 AM Calculated day 849
07/02/2022 12:04:26 AM Calculated day 850
07/02/2022 12:04:39 AM Calculated day 851
07/02/2022 12:04:47 AM Calculated day 852
07/02/2022 12:04:54 AM Calculated day 853
07/02/2022 12:05:02 AM Calculated day 854
07/02/2022 12:05:10 AM Calculated day 855
07/02/2022 12:05:18 AM Calculated day 856
07/02/2022 12:05:26 AM Calculated day 857
07/02/2022 12:05:33 AM Calculated day 858
07/02/2022 12:05:41 AM Calculated day 859
07/02/2022 12:05:49 AM Calculated day 860
07/02/2022 12:06:02 AM Calculated day 861
07/02/2022 12:06:10 AM Calculated day 862
07/02/2022 12:06:17 AM Calculated day 863
07/02/2022 12:06:25 AM Calculated day 864
07/02/2022 12:06:33 AM Calculated day 865
07/02/2022 12:06:41 AM Calculated day 866
07/02/2022 12:06:48 AM Calculated day 867
07/02/2022 12:06:56 AM Calculated day 868
07/02/2022 12:07:04 AM Calculated day 869
07/02/2022 12:07:12 AM Calculated day 870
07/02/2022 12:07:25 AM Calculated day 871
07/02/2022 12:07:33 AM Calculated day 872
07/02/2022 12:07:40 AM Calculated day 873
07/02/2022 12:07:48 AM Calculated day 874
07/02/2022 12:07:56 AM Calculated day 875
07/02/2022 12:08:03 AM Calculated day 876
07/02/2022 12:08:11 AM Calculated day 877
07/02/2022 12:08:19 AM Calculated day 878
07/02/2022 12:08:27 AM Calculated day 879
07/02/2022 12:08:35 AM Calculated day 880
07/02/2022 12:08:48 AM Calculated day 881
07/02/2022 12:08:56 AM Calculated day 882
07/02/2022 12:09:04 AM Calculated day 883
07/02/2022 12:09:11 AM Calculated day 884
07/02/2022 12:09:19 AM Calculated day 885
07/02/2022 12:09:27 AM Calculated day 886
07/02/2022 12:09:35 AM Calculated day 887
07/02/2022 12:09:43 AM Calculated day 888
07/02/2022 12:09:50 AM Calculated day 889
07/02/2022 12:09:58 AM Calculated day 890
07/02/2022 12:10:11 AM Calculated day 891
07/02/2022 12:10:19 AM Calculated day 892
07/02/2022 12:10:26 AM Calculated day 893
07/02/2022 12:10:34 AM Calculated day 894
07/02/2022 12:10:42 AM Calculated day 895
07/02/2022 12:10:50 AM Calculated day 896
07/02/2022 12:10:58 AM Calculated day 897
07/02/2022 12:11:06 AM Calculated day 898
07/02/2022 12:11:13 AM Calculated day 899
07/02/2022 12:11:21 AM Calculated day 900
07/02/2022 12:11:34 AM Calculated day 901
07/02/2022 12:11:42 AM Calculated day 902
07/02/2022 12:11:50 AM Calculated day 903
07/02/2022 12:11:58 AM Calculated day 904
07/02/2022 12:12:05 AM Calculated day 905
07/02/2022 12:12:13 AM Calculated day 906
07/02/2022 12:12:21 AM Calculated day 907
07/02/2022 12:12:29 AM Calculated day 908
07/02/2022 12:12:37 AM Calculated day 909
07/02/2022 12:12:44 AM Calculated day 910
07/02/2022 12:12:57 AM Calculated day 911
07/02/2022 12:13:05 AM Calculated day 912
07/02/2022 12:13:13 AM Calculated day 913
07/02/2022 12:13:20 AM Calculated day 914
07/02/2022 12:13:28 AM Calculated day 915
07/02/2022 12:13:36 AM Calculated day 916
07/02/2022 12:13:44 AM Calculated day 917
07/02/2022 12:13:51 AM Calculated day 918
07/02/2022 12:13:59 AM Calculated day 919
07/02/2022 12:14:07 AM Calculated day 920
07/02/2022 12:14:20 AM Calculated day 921
07/02/2022 12:14:28 AM Calculated day 922
07/02/2022 12:14:35 AM Calculated day 923
07/02/2022 12:14:43 AM Calculated day 924
07/02/2022 12:14:51 AM Calculated day 925
07/02/2022 12:14:59 AM Calculated day 926
07/02/2022 12:15:06 AM Calculated day 927
07/02/2022 12:15:14 AM Calculated day 928
07/02/2022 12:15:22 AM Calculated day 929
07/02/2022 12:15:30 AM Calculated day 930
07/02/2022 12:15:43 AM Calculated day 931
07/02/2022 12:15:51 AM Calculated day 932
07/02/2022 12:15:59 AM Calculated day 933
07/02/2022 12:16:06 AM Calculated day 934
07/02/2022 12:16:14 AM Calculated day 935
07/02/2022 12:16:21 AM Calculated day 936
07/02/2022 12:16:29 AM Calculated day 937
07/02/2022 12:16:36 AM Calculated day 938
07/02/2022 12:16:44 AM Calculated day 939
07/02/2022 12:16:51 AM Calculated day 940
07/02/2022 12:17:04 AM Calculated day 941
07/02/2022 12:17:11 AM Calculated day 942
07/02/2022 12:17:19 AM Calculated day 943
07/02/2022 12:17:26 AM Calculated day 944
07/02/2022 12:17:34 AM Calculated day 945
07/02/2022 12:17:42 AM Calculated day 946
07/02/2022 12:17:49 AM Calculated day 947
07/02/2022 12:17:57 AM Calculated day 948
07/02/2022 12:18:04 AM Calculated day 949
07/02/2022 12:18:12 AM Calculated day 950
07/02/2022 12:18:24 AM Calculated day 951
07/02/2022 12:18:32 AM Calculated day 952
07/02/2022 12:18:39 AM Calculated day 953
07/02/2022 12:18:46 AM Calculated day 954
07/02/2022 12:18:54 AM Calculated day 955
07/02/2022 12:19:01 AM Calculated day 956
07/02/2022 12:19:09 AM Calculated day 957
07/02/2022 12:19:16 AM Calculated day 958
07/02/2022 12:19:24 AM Calculated day 959
07/02/2022 12:19:31 AM Calculated day 960
07/02/2022 12:19:45 AM Calculated day 961
07/02/2022 12:19:52 AM Calculated day 962
07/02/2022 12:20:00 AM Calculated day 963
07/02/2022 12:20:07 AM Calculated day 964
07/02/2022 12:20:15 AM Calculated day 965
07/02/2022 12:20:22 AM Calculated day 966
07/02/2022 12:20:30 AM Calculated day 967
07/02/2022 12:20:37 AM Calculated day 968
07/02/2022 12:20:44 AM Calculated day 969
07/02/2022 12:20:52 AM Calculated day 970
07/02/2022 12:21:04 AM Calculated day 971
07/02/2022 12:21:12 AM Calculated day 972
07/02/2022 12:21:19 AM Calculated day 973
07/02/2022 12:21:26 AM Calculated day 974
07/02/2022 12:21:34 AM Calculated day 975
07/02/2022 12:21:41 AM Calculated day 976
07/02/2022 12:21:49 AM Calculated day 977
07/02/2022 12:21:56 AM Calculated day 978
07/02/2022 12:22:04 AM Calculated day 979
07/02/2022 12:22:11 AM Calculated day 980
07/02/2022 12:22:23 AM Calculated day 981
07/02/2022 12:22:31 AM Calculated day 982
07/02/2022 12:22:38 AM Calculated day 983
07/02/2022 12:22:46 AM Calculated day 984
07/02/2022 12:22:53 AM Calculated day 985
07/02/2022 12:23:00 AM Calculated day 986
07/02/2022 12:23:08 AM Calculated day 987
07/02/2022 12:23:15 AM Calculated day 988
07/02/2022 12:23:23 AM Calculated day 989
07/02/2022 12:23:30 AM Calculated day 990
07/02/2022 12:23:42 AM Calculated day 991
07/02/2022 12:23:50 AM Calculated day 992
07/02/2022 12:23:57 AM Calculated day 993
07/02/2022 12:24:05 AM Calculated day 994
07/02/2022 12:24:12 AM Calculated day 995
07/02/2022 12:24:20 AM Calculated day 996
07/02/2022 12:24:27 AM Calculated day 997
07/02/2022 12:24:35 AM Calculated day 998
07/02/2022 12:24:42 AM Calculated day 999
07/02/2022 12:24:49 AM Calculated day 1000
07/02/2022 12:25:02 AM Calculated day 1001
07/02/2022 12:25:10 AM Calculated day 1002
07/02/2022 12:25:17 AM Calculated day 1003
07/02/2022 12:25:25 AM Calculated day 1004
07/02/2022 12:25:32 AM Calculated day 1005
07/02/2022 12:25:40 AM Calculated day 1006
07/02/2022 12:25:47 AM Calculated day 1007
07/02/2022 12:25:55 AM Calculated day 1008
07/02/2022 12:26:03 AM Calculated day 1009
07/02/2022 12:26:10 AM Calculated day 1010
07/02/2022 12:26:24 AM Calculated day 1011
07/02/2022 12:26:31 AM Calculated day 1012
07/02/2022 12:26:39 AM Calculated day 1013
07/02/2022 12:26:46 AM Calculated day 1014
07/02/2022 12:26:54 AM Calculated day 1015
07/02/2022 12:27:01 AM Calculated day 1016
07/02/2022 12:27:08 AM Calculated day 1017
07/02/2022 12:27:16 AM Calculated day 1018
07/02/2022 12:27:23 AM Calculated day 1019
07/02/2022 12:27:31 AM Calculated day 1020
07/02/2022 12:27:44 AM Calculated day 1021
07/02/2022 12:27:51 AM Calculated day 1022
07/02/2022 12:27:59 AM Calculated day 1023
07/02/2022 12:28:06 AM Calculated day 1024
07/02/2022 12:28:14 AM Calculated day 1025
07/02/2022 12:28:21 AM Calculated day 1026
07/02/2022 12:28:29 AM Calculated day 1027
07/02/2022 12:28:37 AM Calculated day 1028
07/02/2022 12:28:44 AM Calculated day 1029
07/02/2022 12:28:52 AM Calculated day 1030
07/02/2022 12:29:05 AM Calculated day 1031
07/02/2022 12:29:13 AM Calculated day 1032
07/02/2022 12:29:20 AM Calculated day 1033
07/02/2022 12:29:28 AM Calculated day 1034
07/02/2022 12:29:36 AM Calculated day 1035
07/02/2022 12:29:43 AM Calculated day 1036
07/02/2022 12:29:51 AM Calculated day 1037
07/02/2022 12:29:58 AM Calculated day 1038
07/02/2022 12:30:06 AM Calculated day 1039
07/02/2022 12:30:13 AM Calculated day 1040
07/02/2022 12:30:26 AM Calculated day 1041
07/02/2022 12:30:33 AM Calculated day 1042
07/02/2022 12:30:41 AM Calculated day 1043
07/02/2022 12:30:48 AM Calculated day 1044
07/02/2022 12:30:56 AM Calculated day 1045
07/02/2022 12:31:03 AM Calculated day 1046
07/02/2022 12:31:11 AM Calculated day 1047
07/02/2022 12:31:19 AM Calculated day 1048
07/02/2022 12:31:26 AM Calculated day 1049
07/02/2022 12:31:34 AM Calculated day 1050
07/02/2022 12:31:47 AM Calculated day 1051
07/02/2022 12:31:54 AM Calculated day 1052
07/02/2022 12:32:02 AM Calculated day 1053
07/02/2022 12:32:09 AM Calculated day 1054
07/02/2022 12:32:17 AM Calculated day 1055
07/02/2022 12:32:24 AM Calculated day 1056
07/02/2022 12:32:31 AM Calculated day 1057
07/02/2022 12:32:38 AM Calculated day 1058
07/02/2022 12:32:45 AM Calculated day 1059
07/02/2022 12:32:52 AM Calculated day 1060
07/02/2022 12:33:03 AM Calculated day 1061
07/02/2022 12:33:10 AM Calculated day 1062
07/02/2022 12:33:17 AM Calculated day 1063
07/02/2022 12:33:24 AM Calculated day 1064
07/02/2022 12:33:31 AM Calculated day 1065
07/02/2022 12:33:38 AM Calculated day 1066
07/02/2022 12:33:45 AM Calculated day 1067
07/02/2022 12:33:52 AM Calculated day 1068
07/02/2022 12:33:59 AM Calculated day 1069
07/02/2022 12:34:06 AM Calculated day 1070
07/02/2022 12:34:18 AM Calculated day 1071
07/02/2022 12:34:25 AM Calculated day 1072
07/02/2022 12:34:32 AM Calculated day 1073
07/02/2022 12:34:39 AM Calculated day 1074
07/02/2022 12:34:46 AM Calculated day 1075
07/02/2022 12:34:53 AM Calculated day 1076
07/02/2022 12:34:59 AM Calculated day 1077
07/02/2022 12:35:06 AM Calculated day 1078
07/02/2022 12:35:13 AM Calculated day 1079
07/02/2022 12:35:20 AM Calculated day 1080
07/02/2022 12:35:32 AM Calculated day 1081
07/02/2022 12:35:39 AM Calculated day 1082
07/02/2022 12:35:46 AM Calculated day 1083
07/02/2022 12:35:53 AM Calculated day 1084
07/02/2022 12:36:00 AM Calculated day 1085
07/02/2022 12:36:07 AM Calculated day 1086
07/02/2022 12:36:14 AM Calculated day 1087
07/02/2022 12:36:21 AM Calculated day 1088
07/02/2022 12:36:28 AM Calculated day 1089
07/02/2022 12:36:35 AM Calculated day 1090
07/02/2022 12:36:47 AM Calculated day 1091
07/02/2022 12:36:53 AM Calculated day 1092
07/02/2022 12:37:00 AM Calculated day 1093
07/02/2022 12:37:07 AM Calculated day 1094
07/02/2022 12:37:14 AM Calculated day 1095
07/02/2022 12:37:21 AM Calculated day 1096
07/02/2022 12:37:28 AM Calculated day 1097
07/02/2022 12:37:35 AM Calculated day 1098
07/02/2022 12:37:42 AM Calculated day 1099
07/02/2022 12:37:49 AM Calculated day 1100
07/02/2022 12:38:01 AM Calculated day 1101
07/02/2022 12:38:08 AM Calculated day 1102
07/02/2022 12:38:15 AM Calculated day 1103
07/02/2022 12:38:22 AM Calculated day 1104
07/02/2022 12:38:29 AM Calculated day 1105
07/02/2022 12:38:36 AM Calculated day 1106
07/02/2022 12:38:43 AM Calculated day 1107
07/02/2022 12:38:50 AM Calculated day 1108
07/02/2022 12:38:57 AM Calculated day 1109
07/02/2022 12:39:04 AM Calculated day 1110
07/02/2022 12:39:16 AM Calculated day 1111
07/02/2022 12:39:23 AM Calculated day 1112
07/02/2022 12:39:29 AM Calculated day 1113
07/02/2022 12:39:36 AM Calculated day 1114
07/02/2022 12:39:43 AM Calculated day 1115
07/02/2022 12:39:50 AM Calculated day 1116
07/02/2022 12:39:57 AM Calculated day 1117
07/02/2022 12:40:04 AM Calculated day 1118
07/02/2022 12:40:11 AM Calculated day 1119
07/02/2022 12:40:18 AM Calculated day 1120
07/02/2022 12:40:30 AM Calculated day 1121
07/02/2022 12:40:37 AM Calculated day 1122
07/02/2022 12:40:44 AM Calculated day 1123
07/02/2022 12:40:51 AM Calculated day 1124
07/02/2022 12:40:58 AM Calculated day 1125
07/02/2022 12:41:05 AM Calculated day 1126
07/02/2022 12:41:12 AM Calculated day 1127
07/02/2022 12:41:19 AM Calculated day 1128
07/02/2022 12:41:26 AM Calculated day 1129
07/02/2022 12:41:33 AM Calculated day 1130
07/02/2022 12:41:45 AM Calculated day 1131
07/02/2022 12:41:52 AM Calculated day 1132
07/02/2022 12:41:59 AM Calculated day 1133
07/02/2022 12:42:06 AM Calculated day 1134
07/02/2022 12:42:13 AM Calculated day 1135
07/02/2022 12:42:20 AM Calculated day 1136
07/02/2022 12:42:27 AM Calculated day 1137
07/02/2022 12:42:34 AM Calculated day 1138
07/02/2022 12:42:40 AM Calculated day 1139
07/02/2022 12:42:47 AM Calculated day 1140
07/02/2022 12:43:00 AM Calculated day 1141
07/02/2022 12:43:07 AM Calculated day 1142
07/02/2022 12:43:13 AM Calculated day 1143
07/02/2022 12:43:20 AM Calculated day 1144
07/02/2022 12:43:27 AM Calculated day 1145
07/02/2022 12:43:34 AM Calculated day 1146
07/02/2022 12:43:41 AM Calculated day 1147
07/02/2022 12:43:48 AM Calculated day 1148
07/02/2022 12:43:55 AM Calculated day 1149
07/02/2022 12:44:02 AM Calculated day 1150
07/02/2022 12:44:14 AM Calculated day 1151
07/02/2022 12:44:21 AM Calculated day 1152
07/02/2022 12:44:28 AM Calculated day 1153
07/02/2022 12:44:35 AM Calculated day 1154
07/02/2022 12:44:42 AM Calculated day 1155
07/02/2022 12:44:49 AM Calculated day 1156
07/02/2022 12:44:56 AM Calculated day 1157
07/02/2022 12:45:03 AM Calculated day 1158
07/02/2022 12:45:10 AM Calculated day 1159
07/02/2022 12:45:17 AM Calculated day 1160
07/02/2022 12:45:29 AM Calculated day 1161
07/02/2022 12:45:36 AM Calculated day 1162
07/02/2022 12:45:43 AM Calculated day 1163
07/02/2022 12:45:50 AM Calculated day 1164
07/02/2022 12:45:57 AM Calculated day 1165
07/02/2022 12:46:04 AM Calculated day 1166
07/02/2022 12:46:11 AM Calculated day 1167
07/02/2022 12:46:18 AM Calculated day 1168
07/02/2022 12:46:25 AM Calculated day 1169
07/02/2022 12:46:32 AM Calculated day 1170
07/02/2022 12:46:44 AM Calculated day 1171
07/02/2022 12:46:51 AM Calculated day 1172
07/02/2022 12:46:58 AM Calculated day 1173
07/02/2022 12:47:05 AM Calculated day 1174
07/02/2022 12:47:12 AM Calculated day 1175
07/02/2022 12:47:19 AM Calculated day 1176
07/02/2022 12:47:26 AM Calculated day 1177
07/02/2022 12:47:33 AM Calculated day 1178
07/02/2022 12:47:40 AM Calculated day 1179
07/02/2022 12:47:46 AM Calculated day 1180
07/02/2022 12:47:59 AM Calculated day 1181
07/02/2022 12:48:06 AM Calculated day 1182
07/02/2022 12:48:13 AM Calculated day 1183
07/02/2022 12:48:20 AM Calculated day 1184
07/02/2022 12:48:27 AM Calculated day 1185
07/02/2022 12:48:34 AM Calculated day 1186
07/02/2022 12:48:41 AM Calculated day 1187
07/02/2022 12:48:48 AM Calculated day 1188
07/02/2022 12:48:54 AM Calculated day 1189
07/02/2022 12:49:01 AM Calculated day 1190
07/02/2022 12:49:14 AM Calculated day 1191
07/02/2022 12:49:21 AM Calculated day 1192
07/02/2022 12:49:28 AM Calculated day 1193
07/02/2022 12:49:35 AM Calculated day 1194
07/02/2022 12:49:42 AM Calculated day 1195
07/02/2022 12:49:49 AM Calculated day 1196
07/02/2022 12:49:56 AM Calculated day 1197
07/02/2022 12:50:02 AM Calculated day 1198
07/02/2022 12:50:09 AM Calculated day 1199
07/02/2022 12:54:01 AM Saved data in ./transient_U_propagate_forcing_diff_Heq_nudged_U_trial//dt_150_Q_forcing_10_forcing_y_0_Hmean_200_forcing_phase_speed_60_ms/U_up_days_800//H0_2500/
07/02/2022 12:54:09 AM  ========== CODE RAN SUCCESSFULLY, congrats! ================
07/02/2022 12:54:09 AM  -----> Total Time taken = 9213.303  <----
