11/24/2021 05:40:02 PM Calculated day 0
11/24/2021 05:40:06 PM Calculated day 1
11/24/2021 05:40:10 PM Calculated day 2
11/24/2021 05:40:14 PM Calculated day 3
11/24/2021 05:40:18 PM Calculated day 4
11/24/2021 05:40:22 PM Calculated day 5
11/24/2021 05:40:26 PM Calculated day 6
11/24/2021 05:40:31 PM Calculated day 7
11/24/2021 05:40:35 PM Calculated day 8
11/24/2021 05:40:39 PM Calculated day 9
11/24/2021 05:40:43 PM Calculated day 10
11/24/2021 05:40:47 PM Calculated day 11
11/24/2021 05:40:51 PM Calculated day 12
11/24/2021 05:40:55 PM Calculated day 13
11/24/2021 05:40:59 PM Calculated day 14
11/24/2021 05:41:03 PM Calculated day 15
11/24/2021 05:41:08 PM Calculated day 16
11/24/2021 05:41:12 PM Calculated day 17
11/24/2021 05:41:16 PM Calculated day 18
11/24/2021 05:41:20 PM Calculated day 19
11/24/2021 05:41:24 PM Calculated day 20
11/24/2021 05:41:28 PM Calculated day 21
11/24/2021 05:41:32 PM Calculated day 22
11/24/2021 05:41:36 PM Calculated day 23
11/24/2021 05:41:41 PM Calculated day 24
11/24/2021 05:41:45 PM Calculated day 25
11/24/2021 05:41:49 PM Calculated day 26
11/24/2021 05:41:53 PM Calculated day 27
11/24/2021 05:41:57 PM Calculated day 28
11/24/2021 05:42:01 PM Calculated day 29
11/24/2021 05:42:05 PM Calculated day 30
11/24/2021 05:42:09 PM Calculated day 31
11/24/2021 05:42:14 PM Calculated day 32
11/24/2021 05:42:18 PM Calculated day 33
11/24/2021 05:42:22 PM Calculated day 34
11/24/2021 05:42:26 PM Calculated day 35
11/24/2021 05:42:30 PM Calculated day 36
11/24/2021 05:42:34 PM Calculated day 37
11/24/2021 05:42:38 PM Calculated day 38
11/24/2021 05:42:42 PM Calculated day 39
11/24/2021 05:42:46 PM Calculated day 40
11/24/2021 05:42:51 PM Calculated day 41
11/24/2021 05:42:55 PM Calculated day 42
11/24/2021 05:42:59 PM Calculated day 43
11/24/2021 05:43:03 PM Calculated day 44
11/24/2021 05:43:07 PM Calculated day 45
11/24/2021 05:43:11 PM Calculated day 46
11/24/2021 05:43:15 PM Calculated day 47
11/24/2021 05:43:19 PM Calculated day 48
11/24/2021 05:43:23 PM Calculated day 49
11/24/2021 05:43:28 PM Calculated day 50
11/24/2021 05:43:32 PM Calculated day 51
11/24/2021 05:43:36 PM Calculated day 52
11/24/2021 05:43:40 PM Calculated day 53
11/24/2021 05:43:44 PM Calculated day 54
11/24/2021 05:43:48 PM Calculated day 55
11/24/2021 05:43:52 PM Calculated day 56
11/24/2021 05:43:56 PM Calculated day 57
11/24/2021 05:44:01 PM Calculated day 58
11/24/2021 05:44:05 PM Calculated day 59
11/24/2021 05:44:09 PM Calculated day 60
11/24/2021 05:44:13 PM Calculated day 61
11/24/2021 05:44:17 PM Calculated day 62
11/24/2021 05:44:21 PM Calculated day 63
11/24/2021 05:44:25 PM Calculated day 64
11/24/2021 05:44:29 PM Calculated day 65
11/24/2021 05:44:33 PM Calculated day 66
11/24/2021 05:44:38 PM Calculated day 67
11/24/2021 05:44:42 PM Calculated day 68
11/24/2021 05:44:46 PM Calculated day 69
11/24/2021 05:44:50 PM Calculated day 70
11/24/2021 05:44:54 PM Calculated day 71
11/24/2021 05:44:58 PM Calculated day 72
11/24/2021 05:45:02 PM Calculated day 73
11/24/2021 05:45:06 PM Calculated day 74
11/24/2021 05:45:10 PM Calculated day 75
11/24/2021 05:45:14 PM Calculated day 76
11/24/2021 05:45:19 PM Calculated day 77
11/24/2021 05:45:23 PM Calculated day 78
11/24/2021 05:45:27 PM Calculated day 79
11/24/2021 05:45:31 PM Calculated day 80
11/24/2021 05:45:35 PM Calculated day 81
11/24/2021 05:45:39 PM Calculated day 82
11/24/2021 05:45:43 PM Calculated day 83
11/24/2021 05:45:47 PM Calculated day 84
11/24/2021 05:45:51 PM Calculated day 85
11/24/2021 05:45:56 PM Calculated day 86
11/24/2021 05:46:00 PM Calculated day 87
11/24/2021 05:46:04 PM Calculated day 88
11/24/2021 05:46:08 PM Calculated day 89
11/24/2021 05:46:12 PM Calculated day 90
11/24/2021 05:46:16 PM Calculated day 91
11/24/2021 05:46:20 PM Calculated day 92
11/24/2021 05:46:24 PM Calculated day 93
11/24/2021 05:46:28 PM Calculated day 94
11/24/2021 05:46:32 PM Calculated day 95
11/24/2021 05:46:37 PM Calculated day 96
11/24/2021 05:46:41 PM Calculated day 97
11/24/2021 05:46:45 PM Calculated day 98
11/24/2021 05:46:49 PM Calculated day 99
11/24/2021 05:46:53 PM Calculated day 100
11/24/2021 05:46:57 PM Calculated day 101
11/24/2021 05:47:01 PM Calculated day 102
11/24/2021 05:47:05 PM Calculated day 103
11/24/2021 05:47:09 PM Calculated day 104
11/24/2021 05:47:14 PM Calculated day 105
11/24/2021 05:47:18 PM Calculated day 106
11/24/2021 05:47:22 PM Calculated day 107
11/24/2021 05:47:26 PM Calculated day 108
11/24/2021 05:47:30 PM Calculated day 109
11/24/2021 05:47:34 PM Calculated day 110
11/24/2021 05:47:38 PM Calculated day 111
11/24/2021 05:47:42 PM Calculated day 112
11/24/2021 05:47:46 PM Calculated day 113
11/24/2021 05:47:51 PM Calculated day 114
11/24/2021 05:47:55 PM Calculated day 115
11/24/2021 05:47:59 PM Calculated day 116
11/24/2021 05:48:03 PM Calculated day 117
11/24/2021 05:48:07 PM Calculated day 118
11/24/2021 05:48:11 PM Calculated day 119
11/24/2021 05:48:15 PM Calculated day 120
11/24/2021 05:48:19 PM Calculated day 121
11/24/2021 05:48:23 PM Calculated day 122
11/24/2021 05:48:27 PM Calculated day 123
11/24/2021 05:48:32 PM Calculated day 124
11/24/2021 05:48:36 PM Calculated day 125
11/24/2021 05:48:40 PM Calculated day 126
11/24/2021 05:48:44 PM Calculated day 127
11/24/2021 05:48:48 PM Calculated day 128
11/24/2021 05:48:52 PM Calculated day 129
11/24/2021 05:48:56 PM Calculated day 130
11/24/2021 05:49:00 PM Calculated day 131
11/24/2021 05:49:05 PM Calculated day 132
11/24/2021 05:49:09 PM Calculated day 133
11/24/2021 05:49:13 PM Calculated day 134
11/24/2021 05:49:17 PM Calculated day 135
11/24/2021 05:49:21 PM Calculated day 136
11/24/2021 05:49:25 PM Calculated day 137
11/24/2021 05:49:29 PM Calculated day 138
11/24/2021 05:49:33 PM Calculated day 139
11/24/2021 05:49:37 PM Calculated day 140
11/24/2021 05:49:42 PM Calculated day 141
11/24/2021 05:49:46 PM Calculated day 142
11/24/2021 05:49:50 PM Calculated day 143
11/24/2021 05:49:54 PM Calculated day 144
11/24/2021 05:49:58 PM Calculated day 145
11/24/2021 05:50:02 PM Calculated day 146
11/24/2021 05:50:06 PM Calculated day 147
11/24/2021 05:50:10 PM Calculated day 148
11/24/2021 05:50:15 PM Calculated day 149
11/24/2021 05:50:19 PM Calculated day 150
11/24/2021 05:50:23 PM Calculated day 151
11/24/2021 05:50:27 PM Calculated day 152
11/24/2021 05:50:31 PM Calculated day 153
11/24/2021 05:50:35 PM Calculated day 154
11/24/2021 05:50:39 PM Calculated day 155
11/24/2021 05:50:43 PM Calculated day 156
11/24/2021 05:50:47 PM Calculated day 157
11/24/2021 05:50:52 PM Calculated day 158
11/24/2021 05:50:56 PM Calculated day 159
11/24/2021 05:51:00 PM Calculated day 160
11/24/2021 05:51:04 PM Calculated day 161
11/24/2021 05:51:08 PM Calculated day 162
11/24/2021 05:51:12 PM Calculated day 163
11/24/2021 05:51:16 PM Calculated day 164
11/24/2021 05:51:20 PM Calculated day 165
11/24/2021 05:51:24 PM Calculated day 166
11/24/2021 05:51:29 PM Calculated day 167
11/24/2021 05:51:33 PM Calculated day 168
11/24/2021 05:51:37 PM Calculated day 169
11/24/2021 05:51:41 PM Calculated day 170
11/24/2021 05:51:45 PM Calculated day 171
11/24/2021 05:51:49 PM Calculated day 172
11/24/2021 05:51:53 PM Calculated day 173
11/24/2021 05:51:58 PM Calculated day 174
11/24/2021 05:52:02 PM Calculated day 175
11/24/2021 05:52:06 PM Calculated day 176
11/24/2021 05:52:10 PM Calculated day 177
11/24/2021 05:52:14 PM Calculated day 178
11/24/2021 05:52:18 PM Calculated day 179
11/24/2021 05:52:22 PM Calculated day 180
11/24/2021 05:52:26 PM Calculated day 181
11/24/2021 05:52:30 PM Calculated day 182
11/24/2021 05:52:35 PM Calculated day 183
11/24/2021 05:52:39 PM Calculated day 184
11/24/2021 05:52:43 PM Calculated day 185
11/24/2021 05:52:47 PM Calculated day 186
11/24/2021 05:52:51 PM Calculated day 187
11/24/2021 05:52:55 PM Calculated day 188
11/24/2021 05:52:59 PM Calculated day 189
11/24/2021 05:53:03 PM Calculated day 190
11/24/2021 05:53:07 PM Calculated day 191
11/24/2021 05:53:12 PM Calculated day 192
11/24/2021 05:53:16 PM Calculated day 193
11/24/2021 05:53:20 PM Calculated day 194
11/24/2021 05:53:24 PM Calculated day 195
11/24/2021 05:53:28 PM Calculated day 196
11/24/2021 05:53:32 PM Calculated day 197
11/24/2021 05:53:36 PM Calculated day 198
11/24/2021 05:53:40 PM Calculated day 199
11/24/2021 05:54:43 PM Saved data in /data/pbarpanda/spherical_SWE/Hoskins_type_forcing/propagating_Q_forcing//Q_forcing_80/forcing_y_0/forcing_phase_speed_5_ms//H0_200/
11/24/2021 05:54:44 PM  ========== CODE RAN SUCCESSFULLY, congrats! ================
11/24/2021 05:54:44 PM  -----> Total Time taken = 882.227  <----
11/24/2021 05:57:44 PM locator: <matplotlib.ticker.FixedLocator object at 0x7f881912ea90>
11/24/2021 05:57:44 PM Using fixed locator on colorbar
11/24/2021 05:57:44 PM Setting pcolormesh
11/24/2021 05:58:40 PM locator: <matplotlib.ticker.FixedLocator object at 0x7f81c73ffaf0>
11/24/2021 05:58:40 PM Using fixed locator on colorbar
11/24/2021 05:58:40 PM Setting pcolormesh
11/24/2021 05:58:40 PM locator: <matplotlib.ticker.FixedLocator object at 0x7f887d01acd0>
11/24/2021 05:58:40 PM Using fixed locator on colorbar
11/24/2021 05:58:40 PM Setting pcolormesh
11/24/2021 05:58:55 PM locator: <matplotlib.ticker.FixedLocator object at 0x7f887d47a250>
11/24/2021 05:58:55 PM Using fixed locator on colorbar
11/24/2021 05:58:55 PM Setting pcolormesh
11/24/2021 05:58:55 PM locator: <matplotlib.ticker.FixedLocator object at 0x7f82785b7d90>
11/24/2021 05:58:55 PM Using fixed locator on colorbar
11/24/2021 05:58:55 PM Setting pcolormesh
11/24/2021 05:59:00 PM locator: <matplotlib.ticker.FixedLocator object at 0x7f8818f78940>
11/24/2021 05:59:00 PM Using fixed locator on colorbar
11/24/2021 05:59:00 PM Setting pcolormesh
11/24/2021 05:59:00 PM locator: <matplotlib.ticker.FixedLocator object at 0x7f82802b3b50>
11/24/2021 05:59:00 PM Using fixed locator on colorbar
11/24/2021 05:59:00 PM Setting pcolormesh
11/24/2021 05:59:06 PM locator: <matplotlib.ticker.FixedLocator object at 0x7f82788c3c40>
11/24/2021 05:59:06 PM Using fixed locator on colorbar
11/24/2021 05:59:06 PM Setting pcolormesh
11/24/2021 05:59:07 PM locator: <matplotlib.ticker.FixedLocator object at 0x7f8280372e50>
11/24/2021 05:59:07 PM Using fixed locator on colorbar
11/24/2021 05:59:07 PM Setting pcolormesh
11/24/2021 05:59:10 PM locator: <matplotlib.ticker.FixedLocator object at 0x7f8268659a00>
11/24/2021 05:59:10 PM Using fixed locator on colorbar
11/24/2021 05:59:10 PM Setting pcolormesh
11/24/2021 05:59:10 PM locator: <matplotlib.ticker.FixedLocator object at 0x7f87df74ec10>
11/24/2021 05:59:10 PM Using fixed locator on colorbar
11/24/2021 05:59:10 PM Setting pcolormesh
11/24/2021 05:59:16 PM locator: <matplotlib.ticker.FixedLocator object at 0x7f82689f6940>
11/24/2021 05:59:16 PM Using fixed locator on colorbar
11/24/2021 05:59:16 PM Setting pcolormesh
11/24/2021 05:59:16 PM locator: <matplotlib.ticker.FixedLocator object at 0x7f827920fb50>
11/24/2021 05:59:16 PM Using fixed locator on colorbar
11/24/2021 05:59:16 PM Setting pcolormesh
11/24/2021 05:59:20 PM locator: <matplotlib.ticker.FixedLocator object at 0x7f828058f790>
11/24/2021 05:59:20 PM Using fixed locator on colorbar
11/24/2021 05:59:20 PM Setting pcolormesh
11/24/2021 05:59:20 PM locator: <matplotlib.ticker.FixedLocator object at 0x7f87df5789a0>
11/24/2021 05:59:20 PM Using fixed locator on colorbar
11/24/2021 05:59:20 PM Setting pcolormesh
11/24/2021 05:59:26 PM locator: <matplotlib.ticker.FixedLocator object at 0x7f8279361430>
11/24/2021 05:59:26 PM Using fixed locator on colorbar
11/24/2021 05:59:26 PM Setting pcolormesh
11/24/2021 05:59:26 PM locator: <matplotlib.ticker.FixedLocator object at 0x7f8268ea2640>
11/24/2021 05:59:26 PM Using fixed locator on colorbar
11/24/2021 05:59:26 PM Setting pcolormesh
11/24/2021 05:59:31 PM locator: <matplotlib.ticker.FixedLocator object at 0x7f87df63c370>
11/24/2021 05:59:31 PM Using fixed locator on colorbar
11/24/2021 05:59:31 PM Setting pcolormesh
11/24/2021 05:59:31 PM locator: <matplotlib.ticker.FixedLocator object at 0x7f8280dad580>
11/24/2021 05:59:31 PM Using fixed locator on colorbar
11/24/2021 05:59:31 PM Setting pcolormesh
11/24/2021 05:59:33 PM locator: <matplotlib.ticker.FixedLocator object at 0x7f8268f46c10>
11/24/2021 05:59:33 PM Using fixed locator on colorbar
11/24/2021 05:59:33 PM Setting pcolormesh
11/24/2021 05:59:33 PM locator: <matplotlib.ticker.FixedLocator object at 0x7f8274b8fe20>
11/24/2021 05:59:33 PM Using fixed locator on colorbar
11/24/2021 05:59:33 PM Setting pcolormesh
11/24/2021 06:00:07 PM locator: <matplotlib.ticker.FixedLocator object at 0x7f8269535910>
11/24/2021 06:00:07 PM Using fixed locator on colorbar
11/24/2021 06:00:07 PM Setting pcolormesh
11/24/2021 06:00:07 PM locator: <matplotlib.ticker.FixedLocator object at 0x7f827976dee0>
11/24/2021 06:00:07 PM Using fixed locator on colorbar
11/24/2021 06:00:07 PM Setting pcolormesh
