02/23/2022 11:44:43 PM **********************************
02/23/2022 11:44:43 PM /data/pbarpanda/spherical_SWE/evaluate_final_budget/linear_Q_forcing/different_forcing_WN_same_energy//dt_150_Q_forcing_10_forcing_y_0_Hmean_500_forcing_phase_speed_5_ms_forcing_WN_1/dipole_heat_switch_on/
02/23/2022 11:44:43 PM **********************************
02/23/2022 11:44:43 PM Calculated day 0
02/23/2022 11:44:49 PM Calculated day 1
02/23/2022 11:44:55 PM Calculated day 2
02/23/2022 11:45:02 PM Calculated day 3
02/23/2022 11:45:08 PM Calculated day 4
02/23/2022 11:45:14 PM Calculated day 5
02/23/2022 11:45:20 PM Calculated day 6
02/23/2022 11:45:27 PM Calculated day 7
02/23/2022 11:45:33 PM Calculated day 8
02/23/2022 11:45:39 PM Calculated day 9
02/23/2022 11:45:45 PM Calculated day 10
02/23/2022 11:45:52 PM Calculated day 11
02/23/2022 11:45:58 PM Calculated day 12
02/23/2022 11:46:04 PM Calculated day 13
02/23/2022 11:46:10 PM Calculated day 14
02/23/2022 11:46:17 PM Calculated day 15
02/23/2022 11:46:23 PM Calculated day 16
02/23/2022 11:46:29 PM Calculated day 17
02/23/2022 11:46:35 PM Calculated day 18
02/23/2022 11:46:42 PM Calculated day 19
02/23/2022 11:46:48 PM Calculated day 20
02/23/2022 11:46:54 PM Calculated day 21
02/23/2022 11:47:00 PM Calculated day 22
02/23/2022 11:47:06 PM Calculated day 23
02/23/2022 11:47:13 PM Calculated day 24
02/23/2022 11:47:19 PM Calculated day 25
02/23/2022 11:47:25 PM Calculated day 26
02/23/2022 11:47:31 PM Calculated day 27
02/23/2022 11:47:38 PM Calculated day 28
02/23/2022 11:47:44 PM Calculated day 29
02/23/2022 11:47:50 PM Calculated day 30
02/23/2022 11:47:56 PM Calculated day 31
02/23/2022 11:48:03 PM Calculated day 32
02/23/2022 11:48:09 PM Calculated day 33
02/23/2022 11:48:15 PM Calculated day 34
02/23/2022 11:48:21 PM Calculated day 35
02/23/2022 11:48:28 PM Calculated day 36
02/23/2022 11:48:34 PM Calculated day 37
02/23/2022 11:48:40 PM Calculated day 38
02/23/2022 11:48:46 PM Calculated day 39
02/23/2022 11:48:53 PM Calculated day 40
02/23/2022 11:48:59 PM Calculated day 41
02/23/2022 11:49:05 PM Calculated day 42
02/23/2022 11:49:11 PM Calculated day 43
02/23/2022 11:49:18 PM Calculated day 44
02/23/2022 11:49:24 PM Calculated day 45
02/23/2022 11:49:30 PM Calculated day 46
02/23/2022 11:49:36 PM Calculated day 47
02/23/2022 11:49:43 PM Calculated day 48
02/23/2022 11:49:49 PM Calculated day 49
02/23/2022 11:49:55 PM Calculated day 50
02/23/2022 11:50:02 PM Calculated day 51
02/23/2022 11:50:08 PM Calculated day 52
02/23/2022 11:50:14 PM Calculated day 53
02/23/2022 11:50:20 PM Calculated day 54
02/23/2022 11:50:27 PM Calculated day 55
02/23/2022 11:50:33 PM Calculated day 56
02/23/2022 11:50:39 PM Calculated day 57
02/23/2022 11:50:45 PM Calculated day 58
02/23/2022 11:50:52 PM Calculated day 59
02/23/2022 11:50:58 PM Calculated day 60
02/23/2022 11:51:04 PM Calculated day 61
02/23/2022 11:51:10 PM Calculated day 62
02/23/2022 11:51:17 PM Calculated day 63
02/23/2022 11:51:23 PM Calculated day 64
02/23/2022 11:51:29 PM Calculated day 65
02/23/2022 11:51:35 PM Calculated day 66
02/23/2022 11:51:42 PM Calculated day 67
02/23/2022 11:51:48 PM Calculated day 68
02/23/2022 11:51:54 PM Calculated day 69
02/23/2022 11:52:00 PM Calculated day 70
02/23/2022 11:52:07 PM Calculated day 71
02/23/2022 11:52:13 PM Calculated day 72
02/23/2022 11:52:19 PM Calculated day 73
02/23/2022 11:52:25 PM Calculated day 74
02/23/2022 11:52:31 PM Calculated day 75
02/23/2022 11:52:38 PM Calculated day 76
02/23/2022 11:52:44 PM Calculated day 77
02/23/2022 11:52:50 PM Calculated day 78
02/23/2022 11:52:57 PM Calculated day 79
02/23/2022 11:53:03 PM Calculated day 80
02/23/2022 11:53:09 PM Calculated day 81
02/23/2022 11:53:15 PM Calculated day 82
02/23/2022 11:53:21 PM Calculated day 83
02/23/2022 11:53:28 PM Calculated day 84
02/23/2022 11:53:34 PM Calculated day 85
02/23/2022 11:53:40 PM Calculated day 86
02/23/2022 11:53:47 PM Calculated day 87
02/23/2022 11:53:53 PM Calculated day 88
02/23/2022 11:53:59 PM Calculated day 89
02/23/2022 11:54:05 PM Calculated day 90
02/23/2022 11:54:12 PM Calculated day 91
02/23/2022 11:54:18 PM Calculated day 92
02/23/2022 11:54:24 PM Calculated day 93
02/23/2022 11:54:30 PM Calculated day 94
02/23/2022 11:54:37 PM Calculated day 95
02/23/2022 11:54:43 PM Calculated day 96
02/23/2022 11:54:49 PM Calculated day 97
02/23/2022 11:54:55 PM Calculated day 98
02/23/2022 11:55:02 PM Calculated day 99
02/23/2022 11:55:08 PM Calculated day 100
02/23/2022 11:55:15 PM Calculated day 101
02/23/2022 11:55:21 PM Calculated day 102
02/23/2022 11:55:28 PM Calculated day 103
02/23/2022 11:55:35 PM Calculated day 104
02/23/2022 11:55:41 PM Calculated day 105
02/23/2022 11:55:48 PM Calculated day 106
02/23/2022 11:55:54 PM Calculated day 107
02/23/2022 11:56:00 PM Calculated day 108
02/23/2022 11:56:07 PM Calculated day 109
02/23/2022 11:56:13 PM Calculated day 110
02/23/2022 11:56:19 PM Calculated day 111
02/23/2022 11:56:25 PM Calculated day 112
02/23/2022 11:56:31 PM Calculated day 113
02/23/2022 11:56:38 PM Calculated day 114
02/23/2022 11:56:44 PM Calculated day 115
02/23/2022 11:56:50 PM Calculated day 116
02/23/2022 11:56:56 PM Calculated day 117
02/23/2022 11:57:03 PM Calculated day 118
02/23/2022 11:57:09 PM Calculated day 119
02/23/2022 11:57:15 PM Calculated day 120
02/23/2022 11:57:21 PM Calculated day 121
02/23/2022 11:57:28 PM Calculated day 122
02/23/2022 11:57:34 PM Calculated day 123
02/23/2022 11:57:40 PM Calculated day 124
02/23/2022 11:57:47 PM Calculated day 125
02/23/2022 11:57:53 PM Calculated day 126
02/23/2022 11:57:59 PM Calculated day 127
02/23/2022 11:58:05 PM Calculated day 128
02/23/2022 11:58:12 PM Calculated day 129
02/23/2022 11:58:18 PM Calculated day 130
02/23/2022 11:58:24 PM Calculated day 131
02/23/2022 11:58:30 PM Calculated day 132
02/23/2022 11:58:37 PM Calculated day 133
02/23/2022 11:58:43 PM Calculated day 134
02/23/2022 11:58:49 PM Calculated day 135
02/23/2022 11:58:56 PM Calculated day 136
02/23/2022 11:59:02 PM Calculated day 137
02/23/2022 11:59:08 PM Calculated day 138
02/23/2022 11:59:14 PM Calculated day 139
02/23/2022 11:59:21 PM Calculated day 140
02/23/2022 11:59:27 PM Calculated day 141
02/23/2022 11:59:33 PM Calculated day 142
02/23/2022 11:59:39 PM Calculated day 143
02/23/2022 11:59:46 PM Calculated day 144
02/23/2022 11:59:52 PM Calculated day 145
02/23/2022 11:59:58 PM Calculated day 146
02/24/2022 12:00:05 AM Calculated day 147
02/24/2022 12:00:12 AM Calculated day 148
02/24/2022 12:00:19 AM Calculated day 149
02/24/2022 12:00:26 AM Calculated day 150
02/24/2022 12:00:33 AM Calculated day 151
02/24/2022 12:00:40 AM Calculated day 152
02/24/2022 12:00:47 AM Calculated day 153
02/24/2022 12:00:53 AM Calculated day 154
02/24/2022 12:01:00 AM Calculated day 155
02/24/2022 12:01:07 AM Calculated day 156
02/24/2022 12:01:14 AM Calculated day 157
02/24/2022 12:01:21 AM Calculated day 158
02/24/2022 12:01:28 AM Calculated day 159
02/24/2022 12:01:35 AM Calculated day 160
02/24/2022 12:01:42 AM Calculated day 161
02/24/2022 12:01:50 AM Calculated day 162
02/24/2022 12:01:57 AM Calculated day 163
02/24/2022 12:02:04 AM Calculated day 164
02/24/2022 12:02:11 AM Calculated day 165
02/24/2022 12:02:18 AM Calculated day 166
02/24/2022 12:02:25 AM Calculated day 167
02/24/2022 12:02:32 AM Calculated day 168
02/24/2022 12:02:39 AM Calculated day 169
02/24/2022 12:02:47 AM Calculated day 170
02/24/2022 12:02:54 AM Calculated day 171
02/24/2022 12:03:01 AM Calculated day 172
02/24/2022 12:03:08 AM Calculated day 173
02/24/2022 12:03:15 AM Calculated day 174
02/24/2022 12:03:22 AM Calculated day 175
02/24/2022 12:03:29 AM Calculated day 176
02/24/2022 12:03:37 AM Calculated day 177
02/24/2022 12:03:44 AM Calculated day 178
02/24/2022 12:03:51 AM Calculated day 179
02/24/2022 12:03:58 AM Calculated day 180
02/24/2022 12:04:05 AM Calculated day 181
02/24/2022 12:04:12 AM Calculated day 182
02/24/2022 12:04:20 AM Calculated day 183
02/24/2022 12:04:27 AM Calculated day 184
02/24/2022 12:04:34 AM Calculated day 185
02/24/2022 12:04:41 AM Calculated day 186
02/24/2022 12:04:48 AM Calculated day 187
02/24/2022 12:04:55 AM Calculated day 188
02/24/2022 12:05:02 AM Calculated day 189
02/24/2022 12:05:09 AM Calculated day 190
02/24/2022 12:05:16 AM Calculated day 191
02/24/2022 12:05:23 AM Calculated day 192
02/24/2022 12:05:31 AM Calculated day 193
02/24/2022 12:05:38 AM Calculated day 194
02/24/2022 12:05:45 AM Calculated day 195
02/24/2022 12:05:52 AM Calculated day 196
02/24/2022 12:05:59 AM Calculated day 197
02/24/2022 12:06:06 AM Calculated day 198
02/24/2022 12:06:13 AM Calculated day 199
02/24/2022 12:06:20 AM Calculated day 200
02/24/2022 12:06:27 AM Calculated day 201
02/24/2022 12:06:34 AM Calculated day 202
02/24/2022 12:06:42 AM Calculated day 203
02/24/2022 12:06:49 AM Calculated day 204
02/24/2022 12:06:56 AM Calculated day 205
02/24/2022 12:07:03 AM Calculated day 206
02/24/2022 12:07:10 AM Calculated day 207
02/24/2022 12:07:17 AM Calculated day 208
02/24/2022 12:07:24 AM Calculated day 209
02/24/2022 12:07:31 AM Calculated day 210
02/24/2022 12:07:38 AM Calculated day 211
02/24/2022 12:07:45 AM Calculated day 212
02/24/2022 12:07:52 AM Calculated day 213
02/24/2022 12:07:59 AM Calculated day 214
02/24/2022 12:08:06 AM Calculated day 215
02/24/2022 12:08:13 AM Calculated day 216
02/24/2022 12:08:20 AM Calculated day 217
02/24/2022 12:08:27 AM Calculated day 218
02/24/2022 12:08:34 AM Calculated day 219
02/24/2022 12:08:41 AM Calculated day 220
02/24/2022 12:08:47 AM Calculated day 221
02/24/2022 12:08:54 AM Calculated day 222
02/24/2022 12:09:01 AM Calculated day 223
02/24/2022 12:09:08 AM Calculated day 224
02/24/2022 12:09:15 AM Calculated day 225
02/24/2022 12:09:22 AM Calculated day 226
02/24/2022 12:09:28 AM Calculated day 227
02/24/2022 12:09:35 AM Calculated day 228
02/24/2022 12:09:42 AM Calculated day 229
02/24/2022 12:09:49 AM Calculated day 230
02/24/2022 12:09:56 AM Calculated day 231
02/24/2022 12:10:03 AM Calculated day 232
02/24/2022 12:10:09 AM Calculated day 233
02/24/2022 12:10:16 AM Calculated day 234
02/24/2022 12:10:23 AM Calculated day 235
02/24/2022 12:10:30 AM Calculated day 236
02/24/2022 12:10:37 AM Calculated day 237
02/24/2022 12:10:44 AM Calculated day 238
02/24/2022 12:10:51 AM Calculated day 239
02/24/2022 12:10:58 AM Calculated day 240
02/24/2022 12:11:05 AM Calculated day 241
02/24/2022 12:11:11 AM Calculated day 242
02/24/2022 12:11:18 AM Calculated day 243
02/24/2022 12:11:25 AM Calculated day 244
02/24/2022 12:11:32 AM Calculated day 245
02/24/2022 12:11:39 AM Calculated day 246
02/24/2022 12:11:46 AM Calculated day 247
02/24/2022 12:11:53 AM Calculated day 248
02/24/2022 12:11:59 AM Calculated day 249
02/24/2022 12:12:06 AM Calculated day 250
02/24/2022 12:12:13 AM Calculated day 251
02/24/2022 12:12:20 AM Calculated day 252
02/24/2022 12:12:27 AM Calculated day 253
02/24/2022 12:12:34 AM Calculated day 254
02/24/2022 12:12:41 AM Calculated day 255
02/24/2022 12:12:47 AM Calculated day 256
02/24/2022 12:13:42 AM Saved data in /data/pbarpanda/spherical_SWE/evaluate_final_budget/linear_Q_forcing/different_forcing_WN_same_energy//dt_150_Q_forcing_10_forcing_y_0_Hmean_500_forcing_phase_speed_5_ms_forcing_WN_1/dipole_heat_switch_on//H0_5000/
02/24/2022 12:13:42 AM  ========== CODE RAN SUCCESSFULLY, congrats! ================
02/24/2022 12:13:42 AM  -----> Total Time taken = 1739.541  <----
