02/24/2022 12:13:42 AM **********************************
02/24/2022 12:13:42 AM /data/pbarpanda/spherical_SWE/evaluate_final_budget/linear_Q_forcing/different_forcing_WN_same_energy//dt_150_Q_forcing_10_forcing_y_0_Hmean_500_forcing_phase_speed_5_ms_forcing_WN_8/dipole_heat_switch_on/
02/24/2022 12:13:42 AM **********************************
02/24/2022 12:13:42 AM Calculated day 0
02/24/2022 12:13:49 AM Calculated day 1
02/24/2022 12:13:56 AM Calculated day 2
02/24/2022 12:14:03 AM Calculated day 3
02/24/2022 12:14:10 AM Calculated day 4
02/24/2022 12:14:17 AM Calculated day 5
02/24/2022 12:14:24 AM Calculated day 6
02/24/2022 12:14:31 AM Calculated day 7
02/24/2022 12:14:37 AM Calculated day 8
02/24/2022 12:14:44 AM Calculated day 9
02/24/2022 12:14:51 AM Calculated day 10
02/24/2022 12:14:58 AM Calculated day 11
02/24/2022 12:15:05 AM Calculated day 12
02/24/2022 12:15:12 AM Calculated day 13
02/24/2022 12:15:19 AM Calculated day 14
02/24/2022 12:15:26 AM Calculated day 15
02/24/2022 12:15:33 AM Calculated day 16
02/24/2022 12:15:40 AM Calculated day 17
02/24/2022 12:15:46 AM Calculated day 18
02/24/2022 12:15:53 AM Calculated day 19
02/24/2022 12:16:00 AM Calculated day 20
02/24/2022 12:16:07 AM Calculated day 21
02/24/2022 12:16:14 AM Calculated day 22
02/24/2022 12:16:21 AM Calculated day 23
02/24/2022 12:16:28 AM Calculated day 24
02/24/2022 12:16:35 AM Calculated day 25
02/24/2022 12:16:42 AM Calculated day 26
02/24/2022 12:16:49 AM Calculated day 27
02/24/2022 12:16:56 AM Calculated day 28
02/24/2022 12:17:02 AM Calculated day 29
02/24/2022 12:17:09 AM Calculated day 30
02/24/2022 12:17:16 AM Calculated day 31
02/24/2022 12:17:23 AM Calculated day 32
02/24/2022 12:17:29 AM Calculated day 33
02/24/2022 12:17:36 AM Calculated day 34
02/24/2022 12:17:43 AM Calculated day 35
02/24/2022 12:17:50 AM Calculated day 36
02/24/2022 12:17:57 AM Calculated day 37
02/24/2022 12:18:03 AM Calculated day 38
02/24/2022 12:18:09 AM Calculated day 39
02/24/2022 12:18:16 AM Calculated day 40
02/24/2022 12:18:22 AM Calculated day 41
02/24/2022 12:18:28 AM Calculated day 42
02/24/2022 12:18:34 AM Calculated day 43
02/24/2022 12:18:41 AM Calculated day 44
02/24/2022 12:18:47 AM Calculated day 45
02/24/2022 12:18:53 AM Calculated day 46
02/24/2022 12:19:00 AM Calculated day 47
02/24/2022 12:19:06 AM Calculated day 48
02/24/2022 12:19:12 AM Calculated day 49
02/24/2022 12:19:18 AM Calculated day 50
02/24/2022 12:19:25 AM Calculated day 51
02/24/2022 12:19:31 AM Calculated day 52
02/24/2022 12:19:37 AM Calculated day 53
02/24/2022 12:19:44 AM Calculated day 54
02/24/2022 12:19:50 AM Calculated day 55
02/24/2022 12:19:56 AM Calculated day 56
02/24/2022 12:20:03 AM Calculated day 57
02/24/2022 12:20:09 AM Calculated day 58
02/24/2022 12:20:15 AM Calculated day 59
02/24/2022 12:20:21 AM Calculated day 60
02/24/2022 12:20:28 AM Calculated day 61
02/24/2022 12:20:34 AM Calculated day 62
02/24/2022 12:20:40 AM Calculated day 63
02/24/2022 12:20:46 AM Calculated day 64
02/24/2022 12:20:53 AM Calculated day 65
02/24/2022 12:20:59 AM Calculated day 66
02/24/2022 12:21:05 AM Calculated day 67
02/24/2022 12:21:12 AM Calculated day 68
02/24/2022 12:21:18 AM Calculated day 69
02/24/2022 12:21:24 AM Calculated day 70
02/24/2022 12:21:31 AM Calculated day 71
02/24/2022 12:21:37 AM Calculated day 72
02/24/2022 12:21:43 AM Calculated day 73
02/24/2022 12:21:50 AM Calculated day 74
02/24/2022 12:21:56 AM Calculated day 75
02/24/2022 12:22:02 AM Calculated day 76
02/24/2022 12:22:08 AM Calculated day 77
02/24/2022 12:22:15 AM Calculated day 78
02/24/2022 12:22:21 AM Calculated day 79
02/24/2022 12:22:27 AM Calculated day 80
02/24/2022 12:22:33 AM Calculated day 81
02/24/2022 12:22:40 AM Calculated day 82
02/24/2022 12:22:46 AM Calculated day 83
02/24/2022 12:22:53 AM Calculated day 84
02/24/2022 12:22:59 AM Calculated day 85
02/24/2022 12:23:06 AM Calculated day 86
02/24/2022 12:23:12 AM Calculated day 87
02/24/2022 12:23:18 AM Calculated day 88
02/24/2022 12:23:25 AM Calculated day 89
02/24/2022 12:23:31 AM Calculated day 90
02/24/2022 12:23:37 AM Calculated day 91
02/24/2022 12:23:44 AM Calculated day 92
02/24/2022 12:23:50 AM Calculated day 93
02/24/2022 12:23:56 AM Calculated day 94
02/24/2022 12:24:02 AM Calculated day 95
02/24/2022 12:24:09 AM Calculated day 96
02/24/2022 12:24:15 AM Calculated day 97
02/24/2022 12:24:21 AM Calculated day 98
02/24/2022 12:24:28 AM Calculated day 99
02/24/2022 12:24:34 AM Calculated day 100
02/24/2022 12:24:40 AM Calculated day 101
02/24/2022 12:24:46 AM Calculated day 102
02/24/2022 12:24:53 AM Calculated day 103
02/24/2022 12:24:59 AM Calculated day 104
02/24/2022 12:25:05 AM Calculated day 105
02/24/2022 12:25:12 AM Calculated day 106
02/24/2022 12:25:18 AM Calculated day 107
02/24/2022 12:25:24 AM Calculated day 108
02/24/2022 12:25:30 AM Calculated day 109
02/24/2022 12:25:37 AM Calculated day 110
02/24/2022 12:25:43 AM Calculated day 111
02/24/2022 12:25:49 AM Calculated day 112
02/24/2022 12:25:56 AM Calculated day 113
02/24/2022 12:26:02 AM Calculated day 114
02/24/2022 12:26:08 AM Calculated day 115
02/24/2022 12:26:14 AM Calculated day 116
02/24/2022 12:26:21 AM Calculated day 117
02/24/2022 12:26:27 AM Calculated day 118
02/24/2022 12:26:33 AM Calculated day 119
02/24/2022 12:26:39 AM Calculated day 120
02/24/2022 12:26:46 AM Calculated day 121
02/24/2022 12:26:52 AM Calculated day 122
02/24/2022 12:26:58 AM Calculated day 123
02/24/2022 12:27:05 AM Calculated day 124
02/24/2022 12:27:11 AM Calculated day 125
02/24/2022 12:27:17 AM Calculated day 126
02/24/2022 12:27:23 AM Calculated day 127
02/24/2022 12:27:30 AM Calculated day 128
02/24/2022 12:27:36 AM Calculated day 129
02/24/2022 12:27:42 AM Calculated day 130
02/24/2022 12:27:49 AM Calculated day 131
02/24/2022 12:27:55 AM Calculated day 132
02/24/2022 12:28:01 AM Calculated day 133
02/24/2022 12:28:07 AM Calculated day 134
02/24/2022 12:28:14 AM Calculated day 135
02/24/2022 12:28:20 AM Calculated day 136
02/24/2022 12:28:26 AM Calculated day 137
02/24/2022 12:28:33 AM Calculated day 138
02/24/2022 12:28:39 AM Calculated day 139
02/24/2022 12:28:45 AM Calculated day 140
02/24/2022 12:28:51 AM Calculated day 141
02/24/2022 12:28:58 AM Calculated day 142
02/24/2022 12:29:04 AM Calculated day 143
02/24/2022 12:29:10 AM Calculated day 144
02/24/2022 12:29:17 AM Calculated day 145
02/24/2022 12:29:23 AM Calculated day 146
02/24/2022 12:29:29 AM Calculated day 147
02/24/2022 12:29:35 AM Calculated day 148
02/24/2022 12:29:42 AM Calculated day 149
02/24/2022 12:29:48 AM Calculated day 150
02/24/2022 12:29:54 AM Calculated day 151
02/24/2022 12:30:00 AM Calculated day 152
02/24/2022 12:30:07 AM Calculated day 153
02/24/2022 12:30:13 AM Calculated day 154
02/24/2022 12:30:19 AM Calculated day 155
02/24/2022 12:30:26 AM Calculated day 156
02/24/2022 12:30:32 AM Calculated day 157
02/24/2022 12:30:38 AM Calculated day 158
02/24/2022 12:30:44 AM Calculated day 159
02/24/2022 12:30:51 AM Calculated day 160
02/24/2022 12:30:57 AM Calculated day 161
02/24/2022 12:31:03 AM Calculated day 162
02/24/2022 12:31:10 AM Calculated day 163
02/24/2022 12:31:16 AM Calculated day 164
02/24/2022 12:31:22 AM Calculated day 165
02/24/2022 12:31:28 AM Calculated day 166
02/24/2022 12:31:35 AM Calculated day 167
02/24/2022 12:31:41 AM Calculated day 168
02/24/2022 12:31:47 AM Calculated day 169
02/24/2022 12:31:54 AM Calculated day 170
02/24/2022 12:32:00 AM Calculated day 171
02/24/2022 12:32:06 AM Calculated day 172
02/24/2022 12:32:13 AM Calculated day 173
02/24/2022 12:32:19 AM Calculated day 174
02/24/2022 12:32:25 AM Calculated day 175
02/24/2022 12:32:31 AM Calculated day 176
02/24/2022 12:32:38 AM Calculated day 177
02/24/2022 12:32:44 AM Calculated day 178
02/24/2022 12:32:50 AM Calculated day 179
02/24/2022 12:32:56 AM Calculated day 180
02/24/2022 12:33:03 AM Calculated day 181
02/24/2022 12:33:09 AM Calculated day 182
02/24/2022 12:33:15 AM Calculated day 183
02/24/2022 12:33:22 AM Calculated day 184
02/24/2022 12:33:28 AM Calculated day 185
02/24/2022 12:33:34 AM Calculated day 186
02/24/2022 12:33:40 AM Calculated day 187
02/24/2022 12:33:47 AM Calculated day 188
02/24/2022 12:33:53 AM Calculated day 189
02/24/2022 12:33:59 AM Calculated day 190
02/24/2022 12:34:06 AM Calculated day 191
02/24/2022 12:34:12 AM Calculated day 192
02/24/2022 12:34:18 AM Calculated day 193
02/24/2022 12:34:24 AM Calculated day 194
02/24/2022 12:34:31 AM Calculated day 195
02/24/2022 12:34:37 AM Calculated day 196
02/24/2022 12:34:43 AM Calculated day 197
02/24/2022 12:34:50 AM Calculated day 198
02/24/2022 12:34:56 AM Calculated day 199
02/24/2022 12:35:02 AM Calculated day 200
02/24/2022 12:35:08 AM Calculated day 201
02/24/2022 12:35:15 AM Calculated day 202
02/24/2022 12:35:21 AM Calculated day 203
02/24/2022 12:35:27 AM Calculated day 204
02/24/2022 12:35:34 AM Calculated day 205
02/24/2022 12:35:40 AM Calculated day 206
02/24/2022 12:35:46 AM Calculated day 207
02/24/2022 12:35:52 AM Calculated day 208
02/24/2022 12:35:59 AM Calculated day 209
02/24/2022 12:36:05 AM Calculated day 210
02/24/2022 12:36:11 AM Calculated day 211
02/24/2022 12:36:18 AM Calculated day 212
02/24/2022 12:36:24 AM Calculated day 213
02/24/2022 12:36:30 AM Calculated day 214
02/24/2022 12:36:36 AM Calculated day 215
02/24/2022 12:36:43 AM Calculated day 216
02/24/2022 12:36:49 AM Calculated day 217
02/24/2022 12:36:55 AM Calculated day 218
02/24/2022 12:37:01 AM Calculated day 219
02/24/2022 12:37:08 AM Calculated day 220
02/24/2022 12:37:14 AM Calculated day 221
02/24/2022 12:37:20 AM Calculated day 222
02/24/2022 12:37:27 AM Calculated day 223
02/24/2022 12:37:33 AM Calculated day 224
02/24/2022 12:37:39 AM Calculated day 225
02/24/2022 12:37:46 AM Calculated day 226
02/24/2022 12:37:52 AM Calculated day 227
02/24/2022 12:37:58 AM Calculated day 228
02/24/2022 12:38:04 AM Calculated day 229
02/24/2022 12:38:11 AM Calculated day 230
02/24/2022 12:38:17 AM Calculated day 231
02/24/2022 12:38:23 AM Calculated day 232
02/24/2022 12:38:30 AM Calculated day 233
02/24/2022 12:38:36 AM Calculated day 234
02/24/2022 12:38:42 AM Calculated day 235
02/24/2022 12:38:48 AM Calculated day 236
02/24/2022 12:38:55 AM Calculated day 237
02/24/2022 12:39:01 AM Calculated day 238
02/24/2022 12:39:07 AM Calculated day 239
02/24/2022 12:39:13 AM Calculated day 240
02/24/2022 12:39:20 AM Calculated day 241
02/24/2022 12:39:26 AM Calculated day 242
02/24/2022 12:39:32 AM Calculated day 243
02/24/2022 12:39:39 AM Calculated day 244
02/24/2022 12:39:45 AM Calculated day 245
02/24/2022 12:39:51 AM Calculated day 246
02/24/2022 12:39:57 AM Calculated day 247
02/24/2022 12:40:04 AM Calculated day 248
02/24/2022 12:40:10 AM Calculated day 249
02/24/2022 12:40:16 AM Calculated day 250
02/24/2022 12:40:23 AM Calculated day 251
02/24/2022 12:40:29 AM Calculated day 252
02/24/2022 12:40:35 AM Calculated day 253
02/24/2022 12:40:41 AM Calculated day 254
02/24/2022 12:40:48 AM Calculated day 255
02/24/2022 12:40:54 AM Calculated day 256
02/24/2022 12:41:41 AM Saved data in /data/pbarpanda/spherical_SWE/evaluate_final_budget/linear_Q_forcing/different_forcing_WN_same_energy//dt_150_Q_forcing_10_forcing_y_0_Hmean_500_forcing_phase_speed_5_ms_forcing_WN_8/dipole_heat_switch_on//H0_5000/
02/24/2022 12:41:41 AM  ========== CODE RAN SUCCESSFULLY, congrats! ================
02/24/2022 12:41:41 AM  -----> Total Time taken = 1678.571  <----
