05/18/2022 03:31:19 AM **********************************
05/18/2022 03:31:19 AM ./temp/dt_150_Q_forcing_10_forcing_y_0_forcing_x_0_Hmean_500_forcing_phase_speed_0_ms_Uamp_factor_0/
05/18/2022 03:31:19 AM **********************************
05/18/2022 03:31:19 AM Calculated day 0
05/18/2022 03:31:30 AM Calculated day 1
05/18/2022 03:31:40 AM Calculated day 2
05/18/2022 03:31:51 AM Calculated day 3
05/18/2022 03:32:01 AM Calculated day 4
05/18/2022 03:32:12 AM Calculated day 5
05/18/2022 03:32:22 AM Calculated day 6
05/18/2022 03:32:33 AM Calculated day 7
05/18/2022 03:32:44 AM Calculated day 8
05/18/2022 03:32:55 AM Calculated day 9
05/18/2022 03:33:07 AM Calculated day 10
05/18/2022 03:33:18 AM Calculated day 11
05/18/2022 03:33:29 AM Calculated day 12
05/18/2022 03:33:40 AM Calculated day 13
05/18/2022 03:33:52 AM Calculated day 14
05/18/2022 03:34:03 AM Calculated day 15
05/18/2022 03:34:14 AM Calculated day 16
05/18/2022 03:34:26 AM Calculated day 17
05/18/2022 03:34:37 AM Calculated day 18
05/18/2022 03:34:49 AM Calculated day 19
05/18/2022 03:35:00 AM Calculated day 20
05/18/2022 03:35:12 AM Calculated day 21
05/18/2022 03:35:23 AM Calculated day 22
05/18/2022 03:35:35 AM Calculated day 23
05/18/2022 03:35:47 AM Calculated day 24
05/18/2022 03:35:58 AM Calculated day 25
05/18/2022 03:36:10 AM Calculated day 26
05/18/2022 03:36:22 AM Calculated day 27
05/18/2022 03:36:34 AM Calculated day 28
05/18/2022 03:36:46 AM Calculated day 29
05/18/2022 03:36:57 AM Calculated day 30
05/18/2022 03:37:09 AM Calculated day 31
05/18/2022 03:37:21 AM Calculated day 32
05/18/2022 03:37:33 AM Calculated day 33
05/18/2022 03:37:45 AM Calculated day 34
05/18/2022 03:37:57 AM Calculated day 35
05/18/2022 03:38:09 AM Calculated day 36
05/18/2022 03:38:21 AM Calculated day 37
05/18/2022 03:38:33 AM Calculated day 38
05/18/2022 03:38:46 AM Calculated day 39
05/18/2022 03:38:58 AM Calculated day 40
05/18/2022 03:39:10 AM Calculated day 41
05/18/2022 03:39:23 AM Calculated day 42
05/18/2022 03:39:35 AM Calculated day 43
05/18/2022 03:39:47 AM Calculated day 44
05/18/2022 03:40:00 AM locator: <matplotlib.ticker.FixedLocator object at 0x7f7f9d561d60>
05/18/2022 03:40:00 AM Using fixed locator on colorbar
05/18/2022 03:40:00 AM Setting pcolormesh
05/18/2022 03:40:00 AM locator: <matplotlib.ticker.FixedLocator object at 0x7f7faabbd1f0>
05/18/2022 03:40:00 AM Using fixed locator on colorbar
05/18/2022 03:40:00 AM Setting pcolormesh
05/18/2022 03:40:00 AM Calculated day 45
05/18/2022 03:40:13 AM Calculated day 46
05/18/2022 03:40:26 AM locator: <matplotlib.ticker.FixedLocator object at 0x7f7fc8e37f10>
05/18/2022 03:40:26 AM Using fixed locator on colorbar
05/18/2022 03:40:26 AM Setting pcolormesh
05/18/2022 03:40:26 AM Calculated day 47
05/18/2022 03:40:38 AM Calculated day 48
05/18/2022 03:40:51 AM Calculated day 49
