05/18/2022 03:56:01 AM **********************************
05/18/2022 03:56:01 AM /data/pbarpanda/spherical_SWE/evaluate_final_budget/DJF_zonal_U_no_forcing//dt_150_Q_forcing_10_forcing_y_0_forcing_x_50_Hmean_500_forcing_phase_speed_0_ms_Uamp_factor_1/
05/18/2022 03:56:01 AM **********************************
05/18/2022 03:56:01 AM Calculated day 0
05/18/2022 03:56:11 AM Calculated day 1
05/18/2022 03:56:21 AM Calculated day 2
05/18/2022 03:56:32 AM Calculated day 3
05/18/2022 03:56:42 AM Calculated day 4
05/18/2022 03:56:52 AM Calculated day 5
05/18/2022 03:57:03 AM Calculated day 6
05/18/2022 03:57:13 AM Calculated day 7
05/18/2022 03:57:23 AM Calculated day 8
05/18/2022 03:57:34 AM Calculated day 9
05/18/2022 03:57:44 AM Calculated day 10
05/18/2022 03:57:55 AM Calculated day 11
05/18/2022 03:58:05 AM Calculated day 12
05/18/2022 03:58:15 AM Calculated day 13
05/18/2022 03:58:26 AM Calculated day 14
05/18/2022 03:58:36 AM Calculated day 15
05/18/2022 03:58:46 AM Calculated day 16
05/18/2022 03:58:57 AM Calculated day 17
05/18/2022 03:59:07 AM Calculated day 18
05/18/2022 03:59:17 AM Calculated day 19
05/18/2022 03:59:27 AM Calculated day 20
05/18/2022 03:59:38 AM Calculated day 21
05/18/2022 03:59:48 AM Calculated day 22
05/18/2022 03:59:58 AM Calculated day 23
05/18/2022 04:00:09 AM Calculated day 24
05/18/2022 04:00:19 AM Calculated day 25
05/18/2022 04:00:29 AM Calculated day 26
05/18/2022 04:00:40 AM Calculated day 27
05/18/2022 04:00:50 AM Calculated day 28
05/18/2022 04:01:00 AM Calculated day 29
05/18/2022 04:01:11 AM Calculated day 30
05/18/2022 04:01:21 AM Calculated day 31
05/18/2022 04:01:31 AM Calculated day 32
05/18/2022 04:01:42 AM Calculated day 33
05/18/2022 04:01:52 AM Calculated day 34
05/18/2022 04:02:02 AM Calculated day 35
05/18/2022 04:02:13 AM Calculated day 36
05/18/2022 04:02:23 AM Calculated day 37
05/18/2022 04:02:33 AM Calculated day 38
05/18/2022 04:02:44 AM Calculated day 39
05/18/2022 04:02:54 AM Calculated day 40
05/18/2022 04:03:04 AM Calculated day 41
05/18/2022 04:03:15 AM Calculated day 42
05/18/2022 04:03:25 AM Calculated day 43
05/18/2022 04:03:35 AM Calculated day 44
05/18/2022 04:03:46 AM locator: <matplotlib.ticker.FixedLocator object at 0x7f8a9ec88370>
05/18/2022 04:03:46 AM Using fixed locator on colorbar
05/18/2022 04:03:46 AM Setting pcolormesh
05/18/2022 04:03:46 AM findfont: Matching sans\-serif:style=normal:variant=normal:weight=normal:stretch=normal:size=10.0.
05/18/2022 04:03:46 AM findfont: score(<Font 'STIXNonUnicode' (STIXNonUniBol.ttf) normal normal 700 normal>) = 10.335
05/18/2022 04:03:46 AM findfont: score(<Font 'DejaVu Sans Mono' (DejaVuSansMono-BoldOblique.ttf) oblique normal 700 normal>) = 11.335
05/18/2022 04:03:46 AM findfont: score(<Font 'cmtt10' (cmtt10.ttf) normal normal 400 normal>) = 10.05
05/18/2022 04:03:46 AM findfont: score(<Font 'DejaVu Sans' (DejaVuSans-Oblique.ttf) oblique normal 400 normal>) = 1.05
05/18/2022 04:03:46 AM findfont: score(<Font 'STIXSizeFourSym' (STIXSizFourSymBol.ttf) normal normal 700 normal>) = 10.335
05/18/2022 04:03:46 AM findfont: score(<Font 'cmb10' (cmb10.ttf) normal normal 400 normal>) = 10.05
05/18/2022 04:03:46 AM findfont: score(<Font 'cmmi10' (cmmi10.ttf) normal normal 400 normal>) = 10.05
05/18/2022 04:03:46 AM findfont: score(<Font 'STIXGeneral' (STIXGeneralBol.ttf) normal normal 700 normal>) = 10.335
05/18/2022 04:03:46 AM findfont: score(<Font 'DejaVu Serif' (DejaVuSerif-Italic.ttf) italic normal 400 normal>) = 11.05
05/18/2022 04:03:46 AM findfont: score(<Font 'STIXSizeFourSym' (STIXSizFourSymReg.ttf) normal normal 400 normal>) = 10.05
05/18/2022 04:03:46 AM findfont: score(<Font 'DejaVu Serif Display' (DejaVuSerifDisplay.ttf) normal normal 400 normal>) = 10.05
05/18/2022 04:03:46 AM findfont: score(<Font 'DejaVu Serif' (DejaVuSerif-BoldItalic.ttf) italic normal 700 normal>) = 11.335
05/18/2022 04:03:46 AM findfont: score(<Font 'DejaVu Sans Display' (DejaVuSansDisplay.ttf) normal normal 400 normal>) = 10.05
05/18/2022 04:03:46 AM findfont: score(<Font 'cmsy10' (cmsy10.ttf) normal normal 400 normal>) = 10.05
05/18/2022 04:03:46 AM findfont: score(<Font 'DejaVu Sans' (DejaVuSans.ttf) normal normal 400 normal>) = 0.05
05/18/2022 04:03:46 AM findfont: score(<Font 'STIXNonUnicode' (STIXNonUniBolIta.ttf) italic normal 700 normal>) = 11.335
05/18/2022 04:03:46 AM findfont: score(<Font 'cmss10' (cmss10.ttf) normal normal 400 normal>) = 10.05
05/18/2022 04:03:46 AM findfont: score(<Font 'DejaVu Serif' (DejaVuSerif.ttf) normal normal 400 normal>) = 10.05
05/18/2022 04:03:46 AM findfont: score(<Font 'STIXNonUnicode' (STIXNonUniIta.ttf) italic normal 400 normal>) = 11.05
05/18/2022 04:03:46 AM findfont: score(<Font 'DejaVu Sans' (DejaVuSans-Bold.ttf) normal normal 700 normal>) = 0.33499999999999996
05/18/2022 04:03:46 AM findfont: score(<Font 'DejaVu Sans Mono' (DejaVuSansMono-Bold.ttf) normal normal 700 normal>) = 10.335
05/18/2022 04:03:46 AM findfont: score(<Font 'STIXNonUnicode' (STIXNonUni.ttf) normal normal 400 normal>) = 10.05
05/18/2022 04:03:46 AM findfont: score(<Font 'STIXGeneral' (STIXGeneral.ttf) normal normal 400 normal>) = 10.05
05/18/2022 04:03:46 AM findfont: score(<Font 'STIXSizeOneSym' (STIXSizOneSymBol.ttf) normal normal 700 normal>) = 10.335
05/18/2022 04:03:46 AM findfont: score(<Font 'STIXGeneral' (STIXGeneralBolIta.ttf) italic normal 700 normal>) = 11.335
05/18/2022 04:03:46 AM findfont: score(<Font 'DejaVu Serif' (DejaVuSerif-Bold.ttf) normal normal 700 normal>) = 10.335
05/18/2022 04:03:46 AM findfont: score(<Font 'STIXSizeThreeSym' (STIXSizThreeSymBol.ttf) normal normal 700 normal>) = 10.335
05/18/2022 04:03:46 AM findfont: score(<Font 'DejaVu Sans Mono' (DejaVuSansMono.ttf) normal normal 400 normal>) = 10.05
05/18/2022 04:03:46 AM findfont: score(<Font 'STIXGeneral' (STIXGeneralItalic.ttf) italic normal 400 normal>) = 11.05
05/18/2022 04:03:46 AM findfont: score(<Font 'STIXSizeTwoSym' (STIXSizTwoSymReg.ttf) normal normal 400 normal>) = 10.05
05/18/2022 04:03:46 AM findfont: score(<Font 'STIXSizeTwoSym' (STIXSizTwoSymBol.ttf) normal normal 700 normal>) = 10.335
05/18/2022 04:03:46 AM findfont: score(<Font 'STIXSizeOneSym' (STIXSizOneSymReg.ttf) normal normal 400 normal>) = 10.05
05/18/2022 04:03:46 AM findfont: score(<Font 'cmr10' (cmr10.ttf) normal normal 400 normal>) = 10.05
05/18/2022 04:03:46 AM findfont: score(<Font 'DejaVu Sans Mono' (DejaVuSansMono-Oblique.ttf) oblique normal 400 normal>) = 11.05
05/18/2022 04:03:46 AM findfont: score(<Font 'STIXSizeFiveSym' (STIXSizFiveSymReg.ttf) normal normal 400 normal>) = 10.05
05/18/2022 04:03:46 AM findfont: score(<Font 'DejaVu Sans' (DejaVuSans-BoldOblique.ttf) oblique normal 700 normal>) = 1.335
05/18/2022 04:03:46 AM findfont: score(<Font 'cmex10' (cmex10.ttf) normal normal 400 normal>) = 10.05
05/18/2022 04:03:46 AM findfont: score(<Font 'STIXSizeThreeSym' (STIXSizThreeSymReg.ttf) normal normal 400 normal>) = 10.05
05/18/2022 04:03:46 AM findfont: score(<Font 'Myanmar Sangam MN' (Myanmar Sangam MN.ttc) normal normal 400 normal>) = 10.05
05/18/2022 04:03:46 AM findfont: score(<Font 'Hiragino Sans GB' (Hiragino Sans GB.ttc) normal normal 300 normal>) = 10.145
05/18/2022 04:03:46 AM findfont: score(<Font 'Arial Black' (Arial Black.ttf) normal normal 900 normal>) = 10.525
05/18/2022 04:03:46 AM findfont: score(<Font 'Noto Sans Brahmi' (NotoSansBrahmi-Regular.ttf) normal normal 400 normal>) = 10.05
05/18/2022 04:03:46 AM findfont: score(<Font 'Big Caslon' (BigCaslon.ttf) normal normal 500 normal>) = 10.145
05/18/2022 04:03:46 AM findfont: score(<Font 'Khmer MN' (Khmer MN.ttc) normal normal 400 normal>) = 10.05
05/18/2022 04:03:46 AM findfont: score(<Font 'Georgia' (Georgia Bold Italic.ttf) italic normal 700 normal>) = 11.335
05/18/2022 04:03:46 AM findfont: score(<Font 'STIXSizeThreeSym' (STIXSizThreeSymReg.otf) normal normal 400 normal>) = 10.05
05/18/2022 04:03:46 AM findfont: score(<Font 'Kailasa' (Kailasa.ttc) normal normal 400 normal>) = 10.05
05/18/2022 04:03:46 AM findfont: score(<Font 'PT Mono' (PTMono.ttc) normal normal 700 normal>) = 10.335
05/18/2022 04:03:46 AM findfont: score(<Font 'Hiragino Sans' (ヒラギノ角ゴシック W5.ttc) normal normal 500 normal>) = 10.145
05/18/2022 04:03:46 AM findfont: score(<Font 'STIXIntegralsUpSm' (STIXIntUpSmBol.otf) normal normal 700 normal>) = 10.335
05/18/2022 04:03:46 AM findfont: score(<Font 'ITF Devanagari' (ITFDevanagari.ttc) normal normal 400 normal>) = 10.05
05/18/2022 04:03:46 AM findfont: score(<Font 'Arial Rounded MT Bold' (Arial Rounded Bold.ttf) normal normal 400 normal>) = 10.05
05/18/2022 04:03:46 AM findfont: score(<Font '.Aqua Kana' (AquaKana.ttc) normal normal 300 normal>) = 10.145
05/18/2022 04:03:46 AM findfont: score(<Font 'STIXIntegralsUpSm' (STIXIntUpSmReg.otf) normal normal 400 normal>) = 10.05
05/18/2022 04:03:46 AM findfont: score(<Font 'STIXSizeTwoSym' (STIXSizTwoSymReg.otf) normal normal 400 normal>) = 10.05
05/18/2022 04:03:46 AM findfont: score(<Font 'Noto Sans Kharoshthi' (NotoSansKharoshthi-Regular.ttf) normal normal 400 normal>) = 10.05
05/18/2022 04:03:46 AM findfont: score(<Font 'Noto Sans Tifinagh' (NotoSansTifinagh-Regular.ttf) normal normal 400 normal>) = 10.05
05/18/2022 04:03:46 AM findfont: score(<Font '.SF NS Rounded' (SFNSRounded.ttf) normal normal 400 normal>) = 10.05
05/18/2022 04:03:46 AM findfont: score(<Font 'Trebuchet MS' (Trebuchet MS Italic.ttf) italic normal 400 normal>) = 11.05
05/18/2022 04:03:46 AM findfont: score(<Font 'Mishafi Gold' (Mishafi Gold.ttf) normal normal 400 normal>) = 10.05
05/18/2022 04:03:46 AM findfont: score(<Font 'Arial Unicode MS' (Arial Unicode.ttf) normal normal 400 normal>) = 10.05
05/18/2022 04:03:46 AM findfont: score(<Font 'Noto Sans Glagolitic' (NotoSansGlagolitic-Regular.ttf) normal normal 400 normal>) = 10.05
05/18/2022 04:03:46 AM findfont: score(<Font 'Noto Sans Osmanya' (NotoSansOsmanya-Regular.ttf) normal normal 400 normal>) = 10.05
05/18/2022 04:03:46 AM findfont: score(<Font 'Chalkduster' (Chalkduster.ttf) normal normal 400 normal>) = 10.05
05/18/2022 04:03:46 AM findfont: score(<Font 'Noto Sans Imperial Aramaic' (NotoSansImperialAramaic-Regular.ttf) normal normal 400 normal>) = 10.05
05/18/2022 04:03:46 AM findfont: score(<Font 'PingFang HK' (PingFang.ttc) normal normal 400 normal>) = 10.05
05/18/2022 04:03:46 AM findfont: score(<Font 'Noto Sans Tagalog' (NotoSansTagalog-Regular.ttf) normal normal 400 normal>) = 10.05
05/18/2022 04:03:46 AM findfont: score(<Font 'Noto Sans Inscriptional Parthian' (NotoSansInscriptionalParthian-Regular.ttf) normal normal 400 normal>) = 10.05
05/18/2022 04:03:46 AM findfont: score(<Font 'Kannada Sangam MN' (Kannada Sangam MN.ttc) normal normal 400 normal>) = 10.05
05/18/2022 04:03:46 AM findfont: score(<Font 'Arial Narrow' (Arial Narrow Italic.ttf) italic normal 400 condensed>) = 11.25
05/18/2022 04:03:46 AM findfont: score(<Font 'Charter' (Charter.ttc) normal normal 400 normal>) = 10.05
05/18/2022 04:03:46 AM findfont: score(<Font 'Noto Sans Lydian' (NotoSansLydian-Regular.ttf) normal normal 400 normal>) = 10.05
05/18/2022 04:03:46 AM findfont: score(<Font 'Luminari' (Luminari.ttf) normal normal 400 normal>) = 10.05
05/18/2022 04:03:46 AM findfont: score(<Font 'STIXIntegralsSm' (STIXIntSmBol.otf) normal normal 700 normal>) = 10.335
05/18/2022 04:03:46 AM findfont: score(<Font 'STIXGeneral' (STIXGeneralBol.otf) normal normal 700 normal>) = 10.335
05/18/2022 04:03:46 AM findfont: score(<Font 'DIN Condensed' (DIN Condensed Bold.ttf) normal normal 700 condensed>) = 10.535
05/18/2022 04:03:46 AM findfont: score(<Font 'STIXSizeOneSym' (STIXSizOneSymBol.otf) normal normal 700 normal>) = 10.335
05/18/2022 04:03:46 AM findfont: score(<Font 'Noto Sans Ol Chiki' (NotoSansOlChiki-Regular.ttf) normal normal 400 normal>) = 10.05
05/18/2022 04:03:46 AM findfont: score(<Font '.SF NS Mono' (SFNSMonoItalic.ttf) italic normal 300 normal>) = 11.145
05/18/2022 04:03:46 AM findfont: score(<Font 'Verdana' (Verdana Bold.ttf) normal normal 700 normal>) = 3.9713636363636367
05/18/2022 04:03:46 AM findfont: score(<Font 'Arial' (Arial Bold.ttf) normal normal 700 normal>) = 6.698636363636363
05/18/2022 04:03:46 AM findfont: score(<Font 'Sana' (Sana.ttc) normal normal 400 normal>) = 10.05
05/18/2022 04:03:46 AM findfont: score(<Font 'Symbol' (Symbol.ttf) normal normal 400 normal>) = 10.05
05/18/2022 04:03:46 AM findfont: score(<Font '.SF NS Display Condensed' (SFNSDisplayCondensed-Light.otf) normal normal 500 condensed>) = 10.344999999999999
05/18/2022 04:03:46 AM findfont: score(<Font 'Baskerville' (Baskerville.ttc) normal normal 400 normal>) = 10.05
05/18/2022 04:03:46 AM findfont: score(<Font '.Helvetica Neue DeskInterface' (HelveticaNeueDeskInterface.ttc) normal normal 400 normal>) = 10.05
05/18/2022 04:03:46 AM findfont: score(<Font 'Noto Sans Cuneiform' (NotoSansCuneiform-Regular.ttf) normal normal 400 normal>) = 10.05
05/18/2022 04:03:46 AM findfont: score(<Font 'Noto Sans Coptic' (NotoSansCoptic-Regular.ttf) normal normal 400 normal>) = 10.05
05/18/2022 04:03:46 AM findfont: score(<Font 'AppleGothic' (AppleGothic.ttf) normal normal 400 normal>) = 10.05
05/18/2022 04:03:46 AM findfont: score(<Font 'Tamil Sangam MN' (Tamil Sangam MN.ttc) normal normal 400 normal>) = 10.05
05/18/2022 04:03:46 AM findfont: score(<Font 'Noteworthy' (Noteworthy.ttc) normal normal 300 normal>) = 10.145
05/18/2022 04:03:46 AM findfont: score(<Font 'STIXNonUnicode' (STIXNonUniBol.otf) normal normal 700 normal>) = 10.335
05/18/2022 04:03:46 AM findfont: score(<Font 'Arial Unicode MS' (Arial Unicode.ttf) normal normal 400 normal>) = 10.05
05/18/2022 04:03:46 AM findfont: score(<Font 'Times New Roman' (Times New Roman.ttf) normal normal 400 normal>) = 10.05
05/18/2022 04:03:46 AM findfont: score(<Font 'Noto Sans Sundanese' (NotoSansSundanese-Regular.ttf) normal normal 400 normal>) = 10.05
05/18/2022 04:03:46 AM findfont: score(<Font 'Bodoni Ornaments' (Bodoni Ornaments.ttf) normal normal 400 normal>) = 10.05
05/18/2022 04:03:46 AM findfont: score(<Font 'Times New Roman' (Times New Roman Bold Italic.ttf) italic normal 700 normal>) = 11.335
05/18/2022 04:03:46 AM findfont: score(<Font 'Trebuchet MS' (Trebuchet MS Bold Italic.ttf) italic normal 700 normal>) = 11.335
05/18/2022 04:03:46 AM findfont: score(<Font 'Geeza Pro' (GeezaPro.ttc) normal normal 400 normal>) = 10.05
05/18/2022 04:03:46 AM findfont: score(<Font 'Hoefler Text' (Hoefler Text Ornaments.ttf) normal normal 400 normal>) = 10.05
05/18/2022 04:03:46 AM findfont: score(<Font 'Silom' (Silom.ttf) normal normal 400 normal>) = 10.05
05/18/2022 04:03:46 AM findfont: score(<Font '.SF NS Display Condensed' (SFNSDisplayCondensed-Semibold.otf) normal normal 700 condensed>) = 10.535
05/18/2022 04:03:46 AM findfont: score(<Font '.SF NS Display Condensed' (SFNSDisplayCondensed-Regular.otf) normal normal 600 condensed>) = 10.44
05/18/2022 04:03:46 AM findfont: score(<Font 'Georgia' (Georgia.ttf) normal normal 400 normal>) = 10.05
05/18/2022 04:03:46 AM findfont: score(<Font 'Trattatello' (Trattatello.ttf) normal normal 400 normal>) = 10.05
05/18/2022 04:03:46 AM findfont: score(<Font 'STIXSizeTwoSym' (STIXSizTwoSymBol.otf) normal normal 700 normal>) = 10.335
05/18/2022 04:03:46 AM findfont: score(<Font 'Noto Serif Myanmar' (NotoSerifMyanmar.ttc) normal normal 900 normal>) = 10.525
05/18/2022 04:03:46 AM findfont: score(<Font 'Telugu Sangam MN' (Telugu Sangam MN.ttc) normal normal 400 normal>) = 10.05
05/18/2022 04:03:46 AM findfont: score(<Font 'Songti SC' (Songti.ttc) normal normal 900 normal>) = 10.525
05/18/2022 04:03:46 AM findfont: score(<Font 'Skia' (Skia.ttf) normal normal 5 normal>) = 10.42525
05/18/2022 04:03:46 AM findfont: score(<Font 'Beirut' (Beirut.ttc) normal normal 700 normal>) = 10.335
05/18/2022 04:03:46 AM findfont: score(<Font 'Noto Sans Tai Tham' (NotoSansTaiTham-Regular.ttf) normal normal 400 normal>) = 10.05
05/18/2022 04:03:46 AM findfont: score(<Font 'PT Sans' (PTSans.ttc) normal normal 400 normal>) = 10.05
05/18/2022 04:03:46 AM findfont: score(<Font 'Avenir Next' (Avenir Next.ttc) normal normal 700 normal>) = 10.335
05/18/2022 04:03:46 AM findfont: score(<Font 'Helvetica Neue' (HelveticaNeue.ttc) normal normal 400 normal>) = 10.05
05/18/2022 04:03:46 AM findfont: score(<Font 'Kohinoor Gujarati' (KohinoorGujarati.ttc) normal normal 700 normal>) = 10.335
05/18/2022 04:03:46 AM findfont: score(<Font 'STIXSizeFiveSym' (STIXSizFiveSymReg.otf) normal normal 400 normal>) = 10.05
05/18/2022 04:03:46 AM findfont: score(<Font '.SF Compact Text' (SFCompactTextItalic.ttf) italic normal 400 normal>) = 11.05
05/18/2022 04:03:46 AM findfont: score(<Font 'Devanagari Sangam MN' (Devanagari Sangam MN.ttc) normal normal 400 normal>) = 10.05
05/18/2022 04:03:46 AM findfont: score(<Font 'Raanana' (Raanana.ttc) normal normal 400 normal>) = 10.05
05/18/2022 04:03:46 AM findfont: score(<Font 'Times New Roman' (Times New Roman Italic.ttf) italic normal 400 normal>) = 11.05
05/18/2022 04:03:46 AM findfont: score(<Font 'Arial' (Arial.ttf) normal normal 400 normal>) = 6.413636363636363
05/18/2022 04:03:46 AM findfont: score(<Font 'STIXIntegralsUp' (STIXIntUpBol.otf) normal normal 700 normal>) = 10.335
05/18/2022 04:03:46 AM findfont: score(<Font 'Zapfino' (Zapfino.ttf) normal normal 400 normal>) = 10.05
05/18/2022 04:03:46 AM findfont: score(<Font 'Noto Sans Lycian' (NotoSansLycian-Regular.ttf) normal normal 400 normal>) = 10.05
05/18/2022 04:03:46 AM findfont: score(<Font 'Wingdings' (Wingdings.ttf) normal normal 400 normal>) = 10.05
05/18/2022 04:03:46 AM findfont: score(<Font 'PT Serif Caption' (PTSerifCaption.ttc) normal normal 400 normal>) = 10.05
05/18/2022 04:03:46 AM findfont: score(<Font 'Al Bayan' (AlBayan.ttc) normal normal 400 normal>) = 10.05
05/18/2022 04:03:46 AM findfont: score(<Font 'Noto Sans Vai' (NotoSansVai-Regular.ttf) normal normal 400 normal>) = 10.05
05/18/2022 04:03:46 AM findfont: score(<Font 'Galvji' (Galvji.ttc) normal normal 400 normal>) = 10.05
05/18/2022 04:03:46 AM findfont: score(<Font 'Noto Sans Yi' (NotoSansYi-Regular.ttf) normal normal 400 normal>) = 10.05
05/18/2022 04:03:46 AM findfont: score(<Font 'Noto Sans Buhid' (NotoSansBuhid-Regular.ttf) normal normal 400 normal>) = 10.05
05/18/2022 04:03:46 AM findfont: score(<Font 'Noto Sans Cham' (NotoSansCham-Regular.ttf) normal normal 400 normal>) = 10.05
05/18/2022 04:03:46 AM findfont: score(<Font 'Noto Sans Old Turkic' (NotoSansOldTurkic-Regular.ttf) normal normal 400 normal>) = 10.05
05/18/2022 04:03:46 AM findfont: score(<Font 'Noto Sans NKo' (NotoSansNKo-Regular.ttf) normal normal 400 normal>) = 10.05
05/18/2022 04:03:46 AM findfont: score(<Font '.SF Compact Text' (SFCompactText.ttf) normal normal 400 normal>) = 10.05
05/18/2022 04:03:46 AM findfont: score(<Font 'Rockwell' (Rockwell.ttc) normal normal 400 normal>) = 10.05
05/18/2022 04:03:46 AM findfont: score(<Font 'Gill Sans' (GillSans.ttc) normal normal 400 normal>) = 10.05
05/18/2022 04:03:46 AM findfont: score(<Font 'Noto Sans Linear B' (NotoSansLinearB-Regular.ttf) normal normal 400 normal>) = 10.05
05/18/2022 04:03:46 AM findfont: score(<Font 'Snell Roundhand' (SnellRoundhand.ttc) normal normal 500 normal>) = 10.145
05/18/2022 04:03:46 AM findfont: score(<Font 'Bodoni 72 Smallcaps' (Bodoni 72 Smallcaps Book.ttf) normal normal 400 normal>) = 10.05
05/18/2022 04:03:46 AM findfont: score(<Font 'Noto Sans Javanese' (NotoSansJavanese-Regular.otf) normal normal 400 normal>) = 10.05
05/18/2022 04:03:46 AM findfont: score(<Font 'Baghdad' (Baghdad.ttc) normal normal 400 normal>) = 10.05
05/18/2022 04:03:46 AM findfont: score(<Font 'Farisi' (Farisi.ttf) normal normal 400 normal>) = 10.05
05/18/2022 04:03:46 AM findfont: score(<Font 'Arial Narrow' (Arial Narrow Bold.ttf) normal normal 700 condensed>) = 10.535
05/18/2022 04:03:46 AM findfont: score(<Font 'Kefa' (Kefa.ttc) normal normal 400 normal>) = 10.05
05/18/2022 04:03:46 AM findfont: score(<Font 'Zapf Dingbats' (ZapfDingbats.ttf) normal normal 400 normal>) = 10.05
05/18/2022 04:03:46 AM findfont: score(<Font '.SF NS Mono' (SFNSMono.ttf) normal normal 300 normal>) = 10.145
05/18/2022 04:03:46 AM findfont: score(<Font 'STIXIntegralsUpD' (STIXIntUpDBol.otf) normal normal 700 normal>) = 10.335
05/18/2022 04:03:46 AM findfont: score(<Font 'Arial' (Arial Bold Italic.ttf) italic normal 700 normal>) = 7.698636363636363
05/18/2022 04:03:46 AM findfont: score(<Font 'Bodoni 72 Oldstyle' (Bodoni 72 OS.ttc) normal normal 400 normal>) = 10.05
05/18/2022 04:03:46 AM findfont: score(<Font 'Diwan Thuluth' (Diwan Thuluth.ttf) normal normal 400 normal>) = 10.05
05/18/2022 04:03:46 AM findfont: score(<Font 'Noto Sans Phoenician' (NotoSansPhoenician-Regular.ttf) normal normal 400 normal>) = 10.05
05/18/2022 04:03:46 AM findfont: score(<Font '.SF NS Display Condensed' (SFNSDisplayCondensed-Heavy.otf) normal normal 800 condensed>) = 10.629999999999999
05/18/2022 04:03:46 AM findfont: score(<Font 'STIXIntegralsUp' (STIXIntUpReg.otf) normal normal 400 normal>) = 10.05
05/18/2022 04:03:46 AM findfont: score(<Font '.SF NS Text Condensed' (SFNSTextCondensed-Regular.otf) normal normal 400 condensed>) = 10.25
05/18/2022 04:03:46 AM findfont: score(<Font 'Hiragino Sans' (ヒラギノ角ゴシック W7.ttc) normal normal 700 normal>) = 10.335
05/18/2022 04:03:46 AM findfont: score(<Font 'Krungthep' (Krungthep.ttf) normal normal 400 normal>) = 10.05
05/18/2022 04:03:46 AM findfont: score(<Font 'Didot' (Didot.ttc) normal normal 400 normal>) = 10.05
05/18/2022 04:03:46 AM findfont: score(<Font '.New York' (NewYork.ttf) normal normal 425 normal>) = 10.07375
05/18/2022 04:03:46 AM findfont: score(<Font 'Tahoma' (Tahoma Bold.ttf) normal normal 700 normal>) = 10.335
05/18/2022 04:03:46 AM findfont: score(<Font 'Trebuchet MS' (Trebuchet MS Bold.ttf) normal normal 700 normal>) = 10.335
05/18/2022 04:03:46 AM findfont: score(<Font 'Noto Sans Syriac' (NotoSansSyriac-Regular.ttf) normal normal 400 normal>) = 10.05
05/18/2022 04:03:46 AM findfont: score(<Font 'Gurmukhi MN' (Gurmukhi MN.ttc) normal normal 400 normal>) = 10.05
05/18/2022 04:03:46 AM findfont: score(<Font 'Oriya MN' (Oriya MN.ttc) normal normal 400 normal>) = 10.05
05/18/2022 04:03:46 AM findfont: score(<Font 'Noto Sans Limbu' (NotoSansLimbu-Regular.ttf) normal normal 400 normal>) = 10.05
05/18/2022 04:03:46 AM findfont: score(<Font 'STIXIntegralsD' (STIXIntDBol.otf) normal normal 700 normal>) = 10.335
05/18/2022 04:03:46 AM findfont: score(<Font 'Hiragino Sans' (ヒラギノ角ゴシック W6.ttc) normal normal 600 normal>) = 10.24
05/18/2022 04:03:46 AM findfont: score(<Font 'Noto Nastaliq Urdu' (NotoNastaliq.ttc) normal normal 400 normal>) = 10.05
05/18/2022 04:03:46 AM findfont: score(<Font 'Noto Sans Lisu' (NotoSansLisu-Regular.ttf) normal normal 400 normal>) = 10.05
05/18/2022 04:03:46 AM findfont: score(<Font 'Sinhala MN' (Sinhala MN.ttc) normal normal 400 normal>) = 10.05
05/18/2022 04:03:46 AM findfont: score(<Font 'Futura' (Futura.ttc) normal normal 500 normal>) = 10.145
05/18/2022 04:03:46 AM findfont: score(<Font '.SF NS Text Condensed' (SFNSTextCondensed-Light.otf) normal normal 300 condensed>) = 10.344999999999999
05/18/2022 04:03:46 AM findfont: score(<Font 'Chalkboard' (Chalkboard.ttc) normal normal 400 normal>) = 10.05
05/18/2022 04:03:46 AM findfont: score(<Font 'Devanagari MT' (DevanagariMT.ttc) normal normal 400 normal>) = 10.05
05/18/2022 04:03:46 AM findfont: score(<Font 'Noto Sans Old Persian' (NotoSansOldPersian-Regular.ttf) normal normal 400 normal>) = 10.05
05/18/2022 04:03:46 AM findfont: score(<Font 'Shree Devanagari 714' (Shree714.ttc) normal normal 400 normal>) = 10.05
05/18/2022 04:03:46 AM findfont: score(<Font 'Impact' (Impact.ttf) normal normal 400 normal>) = 10.05
05/18/2022 04:03:46 AM findfont: score(<Font 'Noto Serif Balinese' (NotoSerifBalinese-Regular.ttf) normal normal 400 normal>) = 10.05
05/18/2022 04:03:46 AM findfont: score(<Font 'Mshtakan' (Mshtakan.ttc) normal normal 400 normal>) = 10.05
05/18/2022 04:03:46 AM findfont: score(<Font 'Courier New' (Courier New.ttf) normal normal 400 normal>) = 10.05
05/18/2022 04:03:46 AM findfont: score(<Font 'Hiragino Sans' (ヒラギノ角ゴシック W0.ttc) normal normal 100 normal>) = 10.335
05/18/2022 04:03:46 AM findfont: score(<Font 'Noto Sans Carian' (NotoSansCarian-Regular.ttf) normal normal 400 normal>) = 10.05
05/18/2022 04:03:46 AM findfont: score(<Font 'STIXGeneral' (STIXGeneralBolIta.otf) italic normal 700 normal>) = 11.335
05/18/2022 04:03:46 AM findfont: score(<Font 'Heiti TC' (STHeiti Medium.ttc) normal normal 400 normal>) = 10.05
05/18/2022 04:03:46 AM findfont: score(<Font 'Apple Braille' (Apple Braille Outline 6 Dot.ttf) normal normal 400 normal>) = 10.05
05/18/2022 04:03:46 AM findfont: score(<Font 'Muna' (Muna.ttc) normal normal 400 normal>) = 10.05
05/18/2022 04:03:46 AM findfont: score(<Font 'Phosphate' (Phosphate.ttc) normal normal 400 normal>) = 10.05
05/18/2022 04:03:46 AM findfont: score(<Font 'Mishafi' (Mishafi.ttf) normal normal 400 normal>) = 10.05
05/18/2022 04:03:46 AM findfont: score(<Font 'STIXSizeFourSym' (STIXSizFourSymReg.otf) normal normal 400 normal>) = 10.05
05/18/2022 04:03:46 AM findfont: score(<Font 'Iowan Old Style' (Iowan Old Style.ttc) normal normal 400 normal>) = 10.05
05/18/2022 04:03:46 AM findfont: score(<Font 'Comic Sans MS' (Comic Sans MS.ttf) normal normal 400 normal>) = 10.05
05/18/2022 04:03:46 AM findfont: score(<Font 'Noto Sans Gothic' (NotoSansGothic-Regular.ttf) normal normal 400 normal>) = 10.05
05/18/2022 04:03:46 AM findfont: score(<Font 'Noto Sans Avestan' (NotoSansAvestan-Regular.ttf) normal normal 400 normal>) = 10.05
05/18/2022 04:03:46 AM findfont: score(<Font 'Gurmukhi MT' (Gurmukhi.ttf) normal normal 500 normal>) = 10.145
05/18/2022 04:03:46 AM findfont: score(<Font '.SF Compact Rounded' (SFCompactRounded.ttf) normal normal 400 normal>) = 10.05
05/18/2022 04:03:46 AM findfont: score(<Font 'New Peninim MT' (NewPeninimMT.ttc) normal normal 400 normal>) = 10.05
05/18/2022 04:03:46 AM findfont: score(<Font 'Wingdings 2' (Wingdings 2.ttf) normal normal 400 normal>) = 10.05
05/18/2022 04:03:46 AM findfont: score(<Font 'Avenir' (Avenir.ttc) normal normal 400 normal>) = 10.05
05/18/2022 04:03:46 AM findfont: score(<Font 'STIXVariants' (STIXVarBol.otf) normal normal 700 normal>) = 10.335
05/18/2022 04:03:46 AM findfont: score(<Font 'SignPainter' (SignPainter.ttc) normal normal 400 normal>) = 10.05
05/18/2022 04:03:46 AM findfont: score(<Font 'Noto Sans PhagsPa' (NotoSansPhagsPa-Regular.ttf) normal normal 400 normal>) = 10.05
05/18/2022 04:03:46 AM findfont: score(<Font '.Arabic UI Text' (ArabicUIText.ttc) normal normal 400 normal>) = 10.05
05/18/2022 04:03:46 AM findfont: score(<Font 'Noto Sans Runic' (NotoSansRunic-Regular.ttf) normal normal 400 normal>) = 10.05
05/18/2022 04:03:46 AM findfont: score(<Font 'Hiragino Sans' (ヒラギノ角ゴシック W3.ttc) normal normal 300 normal>) = 10.145
05/18/2022 04:03:46 AM findfont: score(<Font 'STIXNonUnicode' (STIXNonUniBolIta.otf) italic normal 700 normal>) = 11.335
05/18/2022 04:03:46 AM findfont: score(<Font 'Hiragino Sans' (ヒラギノ角ゴシック W9.ttc) normal normal 900 normal>) = 10.525
05/18/2022 04:03:46 AM findfont: score(<Font 'Noto Sans Myanmar' (NotoSansMyanmar.ttc) normal normal 900 normal>) = 10.525
05/18/2022 04:03:46 AM findfont: score(<Font 'Savoye LET' (Savoye LET.ttc) normal normal 400 normal>) = 10.05
05/18/2022 04:03:46 AM findfont: score(<Font 'Noto Sans New Tai Lue' (NotoSansNewTaiLue-Regular.ttf) normal normal 400 normal>) = 10.05
05/18/2022 04:03:46 AM findfont: score(<Font 'Noto Sans Egyptian Hieroglyphs' (NotoSansEgyptianHieroglyphs-Regular.ttf) normal normal 400 normal>) = 10.05
05/18/2022 04:03:46 AM findfont: score(<Font 'Malayalam MN' (Malayalam MN.ttc) normal normal 400 normal>) = 10.05
05/18/2022 04:03:46 AM findfont: score(<Font 'Nadeem' (Nadeem.ttc) normal normal 400 normal>) = 10.05
05/18/2022 04:03:46 AM findfont: score(<Font 'Noto Sans Kaithi' (NotoSansKaithi-Regular.ttf) normal normal 400 normal>) = 10.05
05/18/2022 04:03:46 AM findfont: score(<Font 'Arial' (Arial Italic.ttf) italic normal 400 normal>) = 7.413636363636363
05/18/2022 04:03:46 AM findfont: score(<Font 'Sinhala Sangam MN' (Sinhala Sangam MN.ttc) normal normal 400 normal>) = 10.05
05/18/2022 04:03:46 AM findfont: score(<Font 'DIN Alternate' (DIN Alternate Bold.ttf) normal normal 700 normal>) = 10.335
05/18/2022 04:03:46 AM findfont: score(<Font 'InaiMathi' (InaiMathi-MN.ttc) normal normal 400 normal>) = 10.05
05/18/2022 04:03:46 AM findfont: score(<Font 'Hiragino Sans' (ヒラギノ角ゴシック W8.ttc) normal normal 800 normal>) = 10.43
05/18/2022 04:03:46 AM findfont: score(<Font '.SF NS Text Condensed' (SFNSTextCondensed-Bold.otf) normal normal 700 condensed>) = 10.535
05/18/2022 04:03:46 AM findfont: score(<Font 'Noto Sans Shavian' (NotoSansShavian-Regular.ttf) normal normal 400 normal>) = 10.05
05/18/2022 04:03:46 AM findfont: score(<Font 'Noto Sans Old South Arabian' (NotoSansOldSouthArabian-Regular.ttf) normal normal 400 normal>) = 10.05
05/18/2022 04:03:46 AM findfont: score(<Font 'Gujarati MT' (GujaratiMT.ttc) normal normal 400 normal>) = 10.05
05/18/2022 04:03:46 AM findfont: score(<Font 'Noto Sans Mandaic' (NotoSansMandaic-Regular.ttf) normal normal 400 normal>) = 10.05
05/18/2022 04:03:46 AM findfont: score(<Font 'Noto Sans Old Italic' (NotoSansOldItalic-Regular.ttf) italic normal 400 normal>) = 11.05
05/18/2022 04:03:46 AM findfont: score(<Font 'American Typewriter' (AmericanTypewriter.ttc) normal normal 400 normal>) = 10.05
05/18/2022 04:03:46 AM findfont: score(<Font '.SF NS Display Condensed' (SFNSDisplayCondensed-Bold.otf) normal normal 800 condensed>) = 10.629999999999999
05/18/2022 04:03:46 AM findfont: score(<Font 'STIXNonUnicode' (STIXNonUni.otf) normal normal 400 normal>) = 10.05
05/18/2022 04:03:46 AM findfont: score(<Font 'Arial Hebrew' (ArialHB.ttc) normal normal 400 normal>) = 10.05
05/18/2022 04:03:46 AM findfont: score(<Font 'Tahoma' (Tahoma.ttf) normal normal 400 normal>) = 10.05
05/18/2022 04:03:46 AM findfont: score(<Font 'Waseem' (Waseem.ttc) normal normal 400 normal>) = 10.05
05/18/2022 04:03:46 AM findfont: score(<Font 'Chalkboard SE' (ChalkboardSE.ttc) normal normal 400 normal>) = 10.05
05/18/2022 04:03:46 AM findfont: score(<Font 'Wingdings 3' (Wingdings 3.ttf) normal normal 400 normal>) = 10.05
05/18/2022 04:03:46 AM findfont: score(<Font 'Apple Braille' (Apple Braille Pinpoint 8 Dot.ttf) normal normal 400 normal>) = 10.05
05/18/2022 04:03:46 AM findfont: score(<Font 'Lao Sangam MN' (Lao Sangam MN.ttf) normal normal 400 normal>) = 10.05
05/18/2022 04:03:46 AM findfont: score(<Font 'Courier New' (Courier New Bold.ttf) normal normal 700 normal>) = 10.335
05/18/2022 04:03:46 AM findfont: score(<Font 'Hiragino Sans' (ヒラギノ角ゴシック W1.ttc) normal normal 200 normal>) = 10.24
05/18/2022 04:03:46 AM findfont: score(<Font 'Diwan Kufi' (Diwan Kufi.ttc) normal normal 400 normal>) = 10.05
05/18/2022 04:03:46 AM findfont: score(<Font 'STIXVariants' (STIXVar.otf) normal normal 400 normal>) = 10.05
05/18/2022 04:03:46 AM findfont: score(<Font 'DecoType Naskh' (DecoTypeNaskh.ttc) normal normal 400 normal>) = 10.05
05/18/2022 04:03:46 AM findfont: score(<Font '.SF NS Display Condensed' (SFNSDisplayCondensed-Ultralight.otf) normal normal 400 condensed>) = 10.25
05/18/2022 04:03:46 AM findfont: score(<Font 'Lucida Grande' (LucidaGrande.ttc) normal normal 500 normal>) = 2.872272727272727
05/18/2022 04:03:46 AM findfont: score(<Font 'Webdings' (Webdings.ttf) normal normal 400 normal>) = 10.05
05/18/2022 04:03:46 AM findfont: score(<Font 'Oriya Sangam MN' (Oriya Sangam MN.ttc) normal normal 400 normal>) = 10.05
05/18/2022 04:03:46 AM findfont: score(<Font 'Al Tarikh' (Al Tarikh.ttc) normal normal 400 normal>) = 10.05
05/18/2022 04:03:46 AM findfont: score(<Font '.SF NS Display Condensed' (SFNSDisplayCondensed-Black.otf) normal normal 900 condensed>) = 10.725
05/18/2022 04:03:46 AM findfont: score(<Font 'Georgia' (Georgia Bold.ttf) normal normal 700 normal>) = 10.335
05/18/2022 04:03:46 AM findfont: score(<Font 'Noto Sans Tagbanwa' (NotoSansTagbanwa-Regular.ttf) normal normal 400 normal>) = 10.05
05/18/2022 04:03:46 AM findfont: score(<Font 'Verdana' (Verdana.ttf) normal normal 400 normal>) = 3.6863636363636365
05/18/2022 04:03:46 AM findfont: score(<Font 'Palatino' (Palatino.ttc) normal normal 400 normal>) = 10.05
05/18/2022 04:03:46 AM findfont: score(<Font 'Noto Sans Kayah Li' (NotoSansKayahLi-Regular.ttf) normal normal 400 normal>) = 10.05
05/18/2022 04:03:46 AM findfont: score(<Font 'Farah' (Farah.ttc) normal normal 400 normal>) = 10.05
05/18/2022 04:03:46 AM findfont: score(<Font 'Noto Sans Hanunoo' (NotoSansHanunoo-Regular.ttf) normal normal 400 normal>) = 10.05
05/18/2022 04:03:46 AM findfont: score(<Font 'Verdana' (Verdana Italic.ttf) italic normal 400 normal>) = 4.6863636363636365
05/18/2022 04:03:46 AM findfont: score(<Font 'Noto Sans Lepcha' (NotoSansLepcha-Regular.ttf) normal normal 400 normal>) = 10.05
05/18/2022 04:03:46 AM findfont: score(<Font 'Noto Sans Oriya' (NotoSansOriya.ttc) normal normal 400 normal>) = 10.05
05/18/2022 04:03:46 AM findfont: score(<Font 'Gujarati Sangam MN' (Gujarati Sangam MN.ttc) normal normal 400 normal>) = 10.05
05/18/2022 04:03:46 AM findfont: score(<Font 'System Font' (SFNSItalic.ttf) italic normal 400 normal>) = 11.05
05/18/2022 04:03:46 AM findfont: score(<Font 'Plantagenet Cherokee' (PlantagenetCherokee.ttf) normal normal 400 normal>) = 10.05
05/18/2022 04:03:46 AM findfont: score(<Font 'Helvetica' (Helvetica.ttc) normal normal 400 normal>) = 7.322727272727273
05/18/2022 04:03:46 AM findfont: score(<Font 'Euphemia UCAS' (EuphemiaCAS.ttc) normal normal 400 normal>) = 10.05
05/18/2022 04:03:46 AM findfont: score(<Font 'Cochin' (Cochin.ttc) normal normal 500 normal>) = 10.145
05/18/2022 04:03:46 AM findfont: score(<Font 'Apple Braille' (Apple Braille Pinpoint 6 Dot.ttf) normal normal 400 normal>) = 10.05
05/18/2022 04:03:46 AM findfont: score(<Font 'Kohinoor Bangla' (KohinoorBangla.ttc) normal normal 400 normal>) = 10.05
05/18/2022 04:03:46 AM findfont: score(<Font 'Telugu MN' (Telugu MN.ttc) normal normal 400 normal>) = 10.05
05/18/2022 04:03:46 AM findfont: score(<Font 'STIXSizeThreeSym' (STIXSizThreeSymBol.otf) normal normal 700 normal>) = 10.335
05/18/2022 04:03:46 AM findfont: score(<Font '.Arabic UI Display' (ArabicUIDisplay.ttc) normal normal 900 normal>) = 10.525
05/18/2022 04:03:46 AM findfont: score(<Font 'STIXSizeOneSym' (STIXSizOneSymReg.otf) normal normal 400 normal>) = 10.05
05/18/2022 04:03:46 AM findfont: score(<Font '.New York' (NewYorkItalic.ttf) italic normal 425 normal>) = 11.07375
05/18/2022 04:03:46 AM findfont: score(<Font 'Apple Braille' (Apple Braille Outline 8 Dot.ttf) normal normal 400 normal>) = 10.05
05/18/2022 04:03:46 AM findfont: score(<Font 'Kohinoor Devanagari' (Kohinoor.ttc) normal normal 400 normal>) = 10.05
05/18/2022 04:03:46 AM findfont: score(<Font 'Marker Felt' (MarkerFelt.ttc) normal normal 400 normal>) = 10.05
05/18/2022 04:03:46 AM findfont: score(<Font 'Tamil MN' (Tamil MN.ttc) normal normal 400 normal>) = 10.05
05/18/2022 04:03:46 AM findfont: score(<Font 'Myanmar MN' (Myanmar MN.ttc) normal normal 400 normal>) = 10.05
05/18/2022 04:03:46 AM findfont: score(<Font 'Apple Braille' (Apple Braille.ttf) normal normal 400 normal>) = 10.05
05/18/2022 04:03:46 AM findfont: score(<Font 'Comic Sans MS' (Comic Sans MS Bold.ttf) normal normal 700 normal>) = 10.335
05/18/2022 04:03:46 AM findfont: score(<Font 'Brush Script MT' (Brush Script.ttf) italic normal 400 normal>) = 11.05
05/18/2022 04:03:46 AM findfont: score(<Font 'Hiragino Maru Gothic Pro' (ヒラギノ丸ゴ ProN W4.ttc) normal normal 400 normal>) = 10.05
05/18/2022 04:03:46 AM findfont: score(<Font 'Bangla Sangam MN' (Bangla Sangam MN.ttc) normal normal 400 normal>) = 10.05
05/18/2022 04:03:46 AM findfont: score(<Font 'Marion' (Marion.ttc) normal normal 400 normal>) = 10.05
05/18/2022 04:03:46 AM findfont: score(<Font 'Al Nile' (Al Nile.ttc) normal normal 400 normal>) = 10.05
05/18/2022 04:03:46 AM findfont: score(<Font 'STIXNonUnicode' (STIXNonUniIta.otf) italic normal 400 normal>) = 11.05
05/18/2022 04:03:46 AM findfont: score(<Font 'Gurmukhi Sangam MN' (Gurmukhi Sangam MN.ttc) normal normal 400 normal>) = 10.05
05/18/2022 04:03:46 AM findfont: score(<Font '.SF Compact Display' (SFCompactDisplay.ttf) normal normal 400 normal>) = 10.05
05/18/2022 04:03:46 AM findfont: score(<Font 'Sathu' (Sathu.ttf) normal normal 400 normal>) = 10.05
05/18/2022 04:03:46 AM findfont: score(<Font 'Courier New' (Courier New Bold Italic.ttf) italic normal 700 normal>) = 11.335
05/18/2022 04:03:46 AM findfont: score(<Font 'Khmer Sangam MN' (Khmer Sangam MN.ttf) normal normal 400 normal>) = 10.05
05/18/2022 04:03:46 AM findfont: score(<Font '.SF NS Text Condensed' (SFNSTextCondensed-Semibold.otf) normal normal 600 condensed>) = 10.44
05/18/2022 04:03:46 AM findfont: score(<Font 'STIXIntegralsUpD' (STIXIntUpDReg.otf) normal normal 400 normal>) = 10.05
05/18/2022 04:03:46 AM findfont: score(<Font 'Ayuthaya' (Ayuthaya.ttf) normal normal 400 normal>) = 10.05
05/18/2022 04:03:46 AM findfont: score(<Font 'STIXGeneral' (STIXGeneralItalic.otf) italic normal 400 normal>) = 11.05
05/18/2022 04:03:46 AM findfont: score(<Font 'Optima' (Optima.ttc) normal normal 400 normal>) = 10.05
05/18/2022 04:03:46 AM findfont: score(<Font 'Kannada MN' (Kannada MN.ttc) normal normal 400 normal>) = 10.05
05/18/2022 04:03:46 AM findfont: score(<Font 'Noto Sans Samaritan' (NotoSansSamaritan-Regular.ttf) normal normal 400 normal>) = 10.05
05/18/2022 04:03:46 AM findfont: score(<Font 'Seravek' (Seravek.ttc) normal normal 400 normal>) = 10.05
05/18/2022 04:03:46 AM findfont: score(<Font 'PT Serif' (PTSerif.ttc) normal normal 400 normal>) = 10.05
05/18/2022 04:03:46 AM findfont: score(<Font 'Heiti TC' (STHeiti Light.ttc) normal normal 300 normal>) = 10.145
05/18/2022 04:03:46 AM findfont: score(<Font '.Keyboard' (Keyboard.ttf) normal normal 100 normal>) = 10.335
05/18/2022 04:03:46 AM findfont: score(<Font 'Menlo' (Menlo.ttc) normal normal 400 normal>) = 10.05
05/18/2022 04:03:46 AM findfont: score(<Font 'STIXIntegralsSm' (STIXIntSmReg.otf) normal normal 400 normal>) = 10.05
05/18/2022 04:03:46 AM findfont: score(<Font 'Apple Symbols' (Apple Symbols.ttf) normal normal 400 normal>) = 10.05
05/18/2022 04:03:46 AM findfont: score(<Font 'Athelas' (Athelas.ttc) normal normal 400 normal>) = 10.05
05/18/2022 04:03:46 AM findfont: score(<Font 'Hiragino Sans' (ヒラギノ角ゴシック W2.ttc) normal normal 250 normal>) = 10.1925
05/18/2022 04:03:46 AM findfont: score(<Font 'Thonburi' (Thonburi.ttc) normal normal 400 normal>) = 10.05
05/18/2022 04:03:46 AM findfont: score(<Font '.SF NS Text Condensed' (SFNSTextCondensed-Heavy.otf) normal normal 800 condensed>) = 10.629999999999999
05/18/2022 04:03:46 AM findfont: score(<Font 'Hoefler Text' (Hoefler Text.ttc) normal normal 400 normal>) = 10.05
05/18/2022 04:03:46 AM findfont: score(<Font 'Hiragino Sans' (ヒラギノ角ゴシック W4.ttc) normal normal 400 normal>) = 10.05
05/18/2022 04:03:46 AM findfont: score(<Font '.SF NS Display Condensed' (SFNSDisplayCondensed-Thin.otf) normal normal 400 condensed>) = 10.25
05/18/2022 04:03:46 AM findfont: score(<Font 'Mukta Mahee' (MuktaMahee.ttc) normal normal 400 normal>) = 10.05
05/18/2022 04:03:46 AM findfont: score(<Font 'Sukhumvit Set' (SukhumvitSet.ttc) normal normal 250 normal>) = 10.1925
05/18/2022 04:03:46 AM findfont: score(<Font 'Noto Sans Batak' (NotoSansBatak-Regular.ttf) normal normal 400 normal>) = 10.05
05/18/2022 04:03:46 AM findfont: score(<Font 'Noto Sans Saurashtra' (NotoSansSaurashtra-Regular.ttf) normal normal 400 normal>) = 10.05
05/18/2022 04:03:46 AM findfont: score(<Font 'STIXGeneral' (STIXGeneral.otf) normal normal 400 normal>) = 10.05
05/18/2022 04:03:46 AM findfont: score(<Font 'Andale Mono' (Andale Mono.ttf) normal normal 400 normal>) = 10.05
05/18/2022 04:03:46 AM findfont: score(<Font 'System Font' (SFNS.ttf) normal normal 400 normal>) = 10.05
05/18/2022 04:03:46 AM findfont: score(<Font 'Microsoft Sans Serif' (Microsoft Sans Serif.ttf) normal normal 400 normal>) = 10.05
05/18/2022 04:03:46 AM findfont: score(<Font 'Noto Sans Tai Le' (NotoSansTaiLe-Regular.ttf) normal normal 400 normal>) = 10.05
05/18/2022 04:03:46 AM findfont: score(<Font 'Noto Sans Ogham' (NotoSansOgham-Regular.ttf) normal normal 400 normal>) = 10.05
05/18/2022 04:03:46 AM findfont: score(<Font 'Superclarendon' (SuperClarendon.ttc) normal normal 400 normal>) = 10.05
05/18/2022 04:03:46 AM findfont: score(<Font 'Papyrus' (Papyrus.ttc) normal normal 400 condensed>) = 10.25
05/18/2022 04:03:46 AM findfont: score(<Font 'Noto Sans Chakma' (NotoSansChakma-Regular.ttf) normal normal 400 normal>) = 10.05
05/18/2022 04:03:46 AM findfont: score(<Font 'Noto Sans Tai Viet' (NotoSansTaiViet-Regular.ttf) normal normal 400 normal>) = 10.05
05/18/2022 04:03:46 AM findfont: score(<Font 'Georgia' (Georgia Italic.ttf) italic normal 400 normal>) = 11.05
05/18/2022 04:03:46 AM findfont: score(<Font 'Apple SD Gothic Neo' (AppleSDGothicNeo.ttc) normal normal 400 normal>) = 10.05
05/18/2022 04:03:46 AM findfont: score(<Font 'Avenir Next Condensed' (Avenir Next Condensed.ttc) normal normal 700 condensed>) = 10.535
05/18/2022 04:03:46 AM findfont: score(<Font 'Noto Sans Buginese' (NotoSansBuginese-Regular.ttf) normal normal 400 normal>) = 10.05
05/18/2022 04:03:46 AM findfont: score(<Font 'Apple Chancery' (Apple Chancery.ttf) normal normal 0 normal>) = 10.43
05/18/2022 04:03:46 AM findfont: score(<Font 'Courier New' (Courier New Italic.ttf) italic normal 400 normal>) = 11.05
05/18/2022 04:03:46 AM findfont: score(<Font 'Noto Sans Syloti Nagri' (NotoSansSylotiNagri-Regular.ttf) normal normal 400 normal>) = 10.05
05/18/2022 04:03:46 AM findfont: score(<Font 'Noto Sans Ugaritic' (NotoSansUgaritic-Regular.ttf) normal normal 400 normal>) = 10.05
05/18/2022 04:03:46 AM findfont: score(<Font 'Trebuchet MS' (Trebuchet MS.ttf) normal normal 400 normal>) = 10.05
05/18/2022 04:03:46 AM findfont: score(<Font 'Malayalam Sangam MN' (Malayalam Sangam MN.ttc) normal normal 400 normal>) = 10.05
05/18/2022 04:03:46 AM findfont: score(<Font 'Noto Sans Inscriptional Pahlavi' (NotoSansInscriptionalPahlavi-Regular.ttf) normal normal 400 normal>) = 10.05
05/18/2022 04:03:46 AM findfont: score(<Font 'Times' (Times.ttc) normal normal 400 normal>) = 10.05
05/18/2022 04:03:46 AM findfont: score(<Font 'STIXSizeFourSym' (STIXSizFourSymBol.otf) normal normal 700 normal>) = 10.335
05/18/2022 04:03:46 AM findfont: score(<Font 'Damascus' (Damascus.ttc) normal normal 400 normal>) = 10.05
05/18/2022 04:03:46 AM findfont: score(<Font 'Noto Sans Kannada' (NotoSansKannada.ttc) normal normal 900 normal>) = 10.525
05/18/2022 04:03:46 AM findfont: score(<Font 'Copperplate' (Copperplate.ttc) normal normal 400 normal>) = 10.05
05/18/2022 04:03:46 AM findfont: score(<Font 'Noto Sans Bamum' (NotoSansBamum-Regular.ttf) normal normal 400 normal>) = 10.05
05/18/2022 04:03:46 AM findfont: score(<Font 'Arial Narrow' (Arial Narrow.ttf) normal normal 400 condensed>) = 10.25
05/18/2022 04:03:46 AM findfont: score(<Font 'Bangla MN' (Bangla MN.ttc) normal normal 400 normal>) = 10.05
05/18/2022 04:03:46 AM findfont: score(<Font 'STIXIntegralsD' (STIXIntDReg.otf) normal normal 400 normal>) = 10.05
05/18/2022 04:03:46 AM findfont: score(<Font 'Noto Sans Rejang' (NotoSansRejang-Regular.ttf) normal normal 400 normal>) = 10.05
05/18/2022 04:03:46 AM findfont: score(<Font 'Noto Sans Meetei Mayek' (NotoSansMeeteiMayek-Regular.ttf) normal normal 400 normal>) = 10.05
05/18/2022 04:03:46 AM findfont: score(<Font 'Times New Roman' (Times New Roman Bold.ttf) normal normal 700 normal>) = 10.335
05/18/2022 04:03:46 AM findfont: score(<Font 'Kokonor' (Kokonor.ttf) normal normal 400 normal>) = 10.05
05/18/2022 04:03:46 AM findfont: score(<Font 'Kohinoor Telugu' (KohinoorTelugu.ttc) normal normal 400 normal>) = 10.05
05/18/2022 04:03:46 AM findfont: score(<Font 'Bodoni 72' (Bodoni 72.ttc) normal normal 400 normal>) = 10.05
05/18/2022 04:03:46 AM findfont: score(<Font 'Noto Sans Armenian' (NotoSansArmenian.ttc) normal normal 900 normal>) = 10.525
05/18/2022 04:03:46 AM findfont: score(<Font '.SF NS Text Condensed' (SFNSTextCondensed-Medium.otf) normal normal 500 condensed>) = 10.344999999999999
05/18/2022 04:03:46 AM findfont: score(<Font '.SF NS Display Condensed' (SFNSDisplayCondensed-Medium.otf) normal normal 600 condensed>) = 10.44
05/18/2022 04:03:46 AM findfont: score(<Font 'Corsiva Hebrew' (Corsiva.ttc) normal normal 400 normal>) = 10.05
05/18/2022 04:03:46 AM findfont: score(<Font 'Arial Narrow' (Arial Narrow Bold Italic.ttf) italic normal 700 condensed>) = 11.535
05/18/2022 04:03:46 AM findfont: score(<Font 'Noto Sans Mongolian' (NotoSansMongolian-Regular.ttf) normal normal 400 normal>) = 10.05
05/18/2022 04:03:46 AM findfont: score(<Font 'Bradley Hand' (Bradley Hand Bold.ttf) normal normal 700 normal>) = 10.335
05/18/2022 04:03:46 AM findfont: score(<Font 'Noto Sans Cypriot' (NotoSansCypriot-Regular.ttf) normal normal 400 normal>) = 10.05
05/18/2022 04:03:46 AM findfont: score(<Font 'KufiStandardGK' (KufiStandardGK.ttc) normal normal 400 normal>) = 10.05
05/18/2022 04:03:46 AM findfont: score(<Font 'Noto Sans Thaana' (NotoSansThaana-Regular.ttf) normal normal 400 normal>) = 10.05
05/18/2022 04:03:46 AM findfont: score(<Font 'Hiragino Mincho ProN' (ヒラギノ明朝 ProN.ttc) normal normal 300 normal>) = 10.145
05/18/2022 04:03:46 AM findfont: score(<Font 'Lao MN' (Lao MN.ttc) normal normal 400 normal>) = 10.05
05/18/2022 04:03:46 AM findfont: score(<Font 'Verdana' (Verdana Bold Italic.ttf) italic normal 700 normal>) = 4.971363636363637
05/18/2022 04:03:46 AM findfont: score(<Font 'Herculanum' (Herculanum.ttf) normal normal 400 normal>) = 10.05
05/18/2022 04:03:46 AM findfont: score(<Font 'AppleMyungjo' (AppleMyungjo.ttf) normal normal 400 normal>) = 10.05
05/18/2022 04:03:46 AM findfont: Matching sans\-serif:style=normal:variant=normal:weight=normal:stretch=normal:size=10.0 to DejaVu Sans ('/Users/pbarpanda/anaconda3/lib/python3.8/site-packages/matplotlib/mpl-data/fonts/ttf/DejaVuSans.ttf') with score of 0.050000.
05/18/2022 04:03:46 AM locator: <matplotlib.ticker.FixedLocator object at 0x7f8a7a9c0400>
05/18/2022 04:03:46 AM Using fixed locator on colorbar
05/18/2022 04:03:46 AM Setting pcolormesh
05/18/2022 04:03:46 AM Calculated day 45
05/18/2022 04:03:57 AM Calculated day 46
05/18/2022 04:04:07 AM Calculated day 47
05/18/2022 04:04:17 AM Calculated day 48
05/18/2022 04:04:28 AM Calculated day 49
05/18/2022 04:04:38 AM Calculated day 50
05/18/2022 04:04:48 AM Calculated day 51
05/18/2022 04:04:59 AM Calculated day 52
05/18/2022 04:05:09 AM Calculated day 53
05/18/2022 04:05:19 AM Calculated day 54
05/18/2022 04:05:30 AM Calculated day 55
05/18/2022 04:05:40 AM Calculated day 56
05/18/2022 04:05:50 AM Calculated day 57
05/18/2022 04:06:01 AM Calculated day 58
05/18/2022 04:06:11 AM Calculated day 59
05/18/2022 04:06:21 AM Calculated day 60
05/18/2022 04:06:32 AM Calculated day 61
05/18/2022 04:06:42 AM Calculated day 62
05/18/2022 04:06:53 AM Calculated day 63
05/18/2022 04:07:03 AM Calculated day 64
05/18/2022 04:07:13 AM locator: <matplotlib.ticker.FixedLocator object at 0x7f8a487fb0d0>
05/18/2022 04:07:13 AM Using fixed locator on colorbar
05/18/2022 04:07:13 AM Setting pcolormesh
05/18/2022 04:07:14 AM Calculated day 65
05/18/2022 04:07:24 AM Calculated day 66
05/18/2022 04:07:34 AM Calculated day 67
05/18/2022 04:07:45 AM Calculated day 68
05/18/2022 04:07:55 AM Calculated day 69
05/18/2022 04:08:05 AM Calculated day 70
05/18/2022 04:08:15 AM Calculated day 71
05/18/2022 04:08:26 AM Calculated day 72
05/18/2022 04:08:36 AM Calculated day 73
05/18/2022 04:08:46 AM Calculated day 74
05/18/2022 04:08:57 AM Calculated day 75
05/18/2022 04:09:07 AM Calculated day 76
05/18/2022 04:09:17 AM Calculated day 77
05/18/2022 04:09:28 AM Calculated day 78
05/18/2022 04:09:38 AM Calculated day 79
05/18/2022 04:09:48 AM Calculated day 80
05/18/2022 04:09:59 AM Calculated day 81
05/18/2022 04:10:09 AM Calculated day 82
05/18/2022 04:10:19 AM Calculated day 83
05/18/2022 04:10:30 AM Calculated day 84
05/18/2022 04:10:40 AM Calculated day 85
05/18/2022 04:10:50 AM Calculated day 86
05/18/2022 04:11:01 AM Calculated day 87
05/18/2022 04:11:11 AM Calculated day 88
05/18/2022 04:11:22 AM Calculated day 89
05/18/2022 04:11:32 AM Calculated day 90
05/18/2022 04:11:43 AM Calculated day 91
05/18/2022 04:11:53 AM Calculated day 92
05/18/2022 04:12:04 AM Calculated day 93
05/18/2022 04:12:14 AM Calculated day 94
05/18/2022 04:12:24 AM Calculated day 95
05/18/2022 04:12:35 AM Calculated day 96
05/18/2022 04:12:45 AM Calculated day 97
05/18/2022 04:12:56 AM Calculated day 98
05/18/2022 04:13:06 AM Calculated day 99
05/18/2022 04:13:16 AM Calculated day 100
05/18/2022 04:13:26 AM Calculated day 101
05/18/2022 04:13:37 AM Calculated day 102
05/18/2022 04:13:47 AM Calculated day 103
05/18/2022 04:13:57 AM Calculated day 104
05/18/2022 04:14:08 AM Calculated day 105
05/18/2022 04:14:18 AM Calculated day 106
05/18/2022 04:14:28 AM Calculated day 107
05/18/2022 04:14:39 AM Calculated day 108
05/18/2022 04:14:49 AM Calculated day 109
05/18/2022 04:14:59 AM Calculated day 110
05/18/2022 04:15:10 AM Calculated day 111
05/18/2022 04:15:20 AM Calculated day 112
05/18/2022 04:15:30 AM Calculated day 113
05/18/2022 04:15:41 AM Calculated day 114
05/18/2022 04:15:51 AM Calculated day 115
05/18/2022 04:16:01 AM Calculated day 116
05/18/2022 04:16:12 AM Calculated day 117
05/18/2022 04:16:22 AM Calculated day 118
05/18/2022 04:16:32 AM Calculated day 119
05/18/2022 04:16:43 AM Calculated day 120
05/18/2022 04:16:53 AM Calculated day 121
05/18/2022 04:17:03 AM Calculated day 122
05/18/2022 04:17:14 AM Calculated day 123
05/18/2022 04:17:24 AM Calculated day 124
05/18/2022 04:17:34 AM Calculated day 125
05/18/2022 04:17:45 AM Calculated day 126
05/18/2022 04:17:55 AM Calculated day 127
05/18/2022 04:18:05 AM Calculated day 128
05/18/2022 04:18:16 AM Calculated day 129
05/18/2022 04:18:26 AM Calculated day 130
05/18/2022 04:18:36 AM Calculated day 131
05/18/2022 04:18:47 AM Calculated day 132
05/18/2022 04:18:57 AM Calculated day 133
05/18/2022 04:19:07 AM Calculated day 134
05/18/2022 04:19:18 AM Calculated day 135
05/18/2022 04:19:28 AM Calculated day 136
05/18/2022 04:19:38 AM Calculated day 137
05/18/2022 04:19:49 AM Calculated day 138
05/18/2022 04:19:59 AM Calculated day 139
05/18/2022 04:20:09 AM Calculated day 140
05/18/2022 04:20:20 AM Calculated day 141
05/18/2022 04:20:30 AM Calculated day 142
05/18/2022 04:20:40 AM Calculated day 143
05/18/2022 04:20:51 AM Calculated day 144
05/18/2022 04:21:01 AM Calculated day 145
05/18/2022 04:21:11 AM Calculated day 146
05/18/2022 04:21:22 AM Calculated day 147
05/18/2022 04:21:32 AM Calculated day 148
05/18/2022 04:21:42 AM Calculated day 149
05/18/2022 04:21:53 AM Calculated day 150
05/18/2022 04:22:03 AM Calculated day 151
05/18/2022 04:22:13 AM Calculated day 152
05/18/2022 04:22:24 AM Calculated day 153
05/18/2022 04:22:34 AM Calculated day 154
05/18/2022 04:22:44 AM Calculated day 155
05/18/2022 04:22:54 AM Calculated day 156
05/18/2022 04:23:05 AM Calculated day 157
05/18/2022 04:23:15 AM Calculated day 158
05/18/2022 04:23:25 AM Calculated day 159
05/18/2022 04:23:36 AM Calculated day 160
05/18/2022 04:23:46 AM Calculated day 161
05/18/2022 04:23:56 AM Calculated day 162
05/18/2022 04:24:07 AM Calculated day 163
05/18/2022 04:24:17 AM Calculated day 164
05/18/2022 04:24:27 AM Calculated day 165
05/18/2022 04:24:38 AM Calculated day 166
05/18/2022 04:24:48 AM Calculated day 167
05/18/2022 04:24:58 AM Calculated day 168
05/18/2022 04:25:09 AM Calculated day 169
05/18/2022 04:25:19 AM Calculated day 170
05/18/2022 04:25:29 AM Calculated day 171
05/18/2022 04:25:40 AM Calculated day 172
05/18/2022 04:25:50 AM Calculated day 173
05/18/2022 04:26:00 AM Calculated day 174
05/18/2022 04:26:11 AM Calculated day 175
05/18/2022 04:26:21 AM Calculated day 176
05/18/2022 04:26:32 AM Calculated day 177
05/18/2022 04:26:42 AM Calculated day 178
05/18/2022 04:26:52 AM Calculated day 179
05/18/2022 04:27:02 AM Calculated day 180
05/18/2022 04:27:13 AM Calculated day 181
05/18/2022 04:27:23 AM Calculated day 182
05/18/2022 04:27:33 AM Calculated day 183
05/18/2022 04:27:44 AM Calculated day 184
05/18/2022 04:27:54 AM Calculated day 185
05/18/2022 04:28:04 AM Calculated day 186
05/18/2022 04:28:15 AM Calculated day 187
05/18/2022 04:28:25 AM Calculated day 188
05/18/2022 04:28:35 AM Calculated day 189
05/18/2022 04:28:46 AM Calculated day 190
05/18/2022 04:28:56 AM Calculated day 191
05/18/2022 04:29:06 AM Calculated day 192
05/18/2022 04:29:17 AM Calculated day 193
05/18/2022 04:29:27 AM Calculated day 194
05/18/2022 04:29:37 AM Calculated day 195
05/18/2022 04:29:48 AM Calculated day 196
05/18/2022 04:29:58 AM Calculated day 197
05/18/2022 04:30:08 AM Calculated day 198
05/18/2022 04:30:19 AM Calculated day 199
05/18/2022 04:30:29 AM Calculated day 200
05/18/2022 04:30:39 AM Calculated day 201
05/18/2022 04:30:50 AM Calculated day 202
05/18/2022 04:31:00 AM Calculated day 203
05/18/2022 04:31:10 AM Calculated day 204
05/18/2022 04:31:21 AM Calculated day 205
05/18/2022 04:31:31 AM Calculated day 206
05/18/2022 04:31:41 AM Calculated day 207
05/18/2022 04:31:52 AM Calculated day 208
05/18/2022 04:32:02 AM Calculated day 209
05/18/2022 04:32:12 AM Calculated day 210
05/18/2022 04:32:23 AM Calculated day 211
05/18/2022 04:32:33 AM Calculated day 212
05/18/2022 04:32:43 AM Calculated day 213
05/18/2022 04:32:54 AM Calculated day 214
05/18/2022 04:33:04 AM Calculated day 215
05/18/2022 04:33:14 AM Calculated day 216
05/18/2022 04:33:25 AM Calculated day 217
05/18/2022 04:33:35 AM Calculated day 218
05/18/2022 04:33:45 AM Calculated day 219
05/18/2022 04:33:55 AM Calculated day 220
05/18/2022 04:34:06 AM Calculated day 221
05/18/2022 04:34:16 AM Calculated day 222
05/18/2022 04:34:26 AM Calculated day 223
05/18/2022 04:34:37 AM Calculated day 224
05/18/2022 04:34:47 AM Calculated day 225
05/18/2022 04:34:58 AM Calculated day 226
05/18/2022 04:35:08 AM Calculated day 227
05/18/2022 04:35:18 AM Calculated day 228
05/18/2022 04:35:29 AM Calculated day 229
05/18/2022 04:35:39 AM Calculated day 230
05/18/2022 04:35:49 AM Calculated day 231
05/18/2022 04:35:59 AM Calculated day 232
05/18/2022 04:36:10 AM Calculated day 233
05/18/2022 04:36:20 AM Calculated day 234
05/18/2022 04:36:31 AM Calculated day 235
05/18/2022 04:36:41 AM Calculated day 236
05/18/2022 04:36:51 AM Calculated day 237
05/18/2022 04:37:02 AM Calculated day 238
05/18/2022 04:37:12 AM Calculated day 239
05/18/2022 04:37:22 AM Calculated day 240
05/18/2022 04:37:33 AM Calculated day 241
05/18/2022 04:37:43 AM Calculated day 242
05/18/2022 04:37:54 AM Calculated day 243
05/18/2022 04:38:05 AM Calculated day 244
05/18/2022 04:38:16 AM Calculated day 245
05/18/2022 04:38:27 AM Calculated day 246
05/18/2022 04:38:37 AM Calculated day 247
05/18/2022 04:38:47 AM Calculated day 248
05/18/2022 04:38:58 AM Calculated day 249
05/18/2022 04:39:08 AM Calculated day 250
05/18/2022 04:39:18 AM Calculated day 251
05/18/2022 04:39:29 AM Calculated day 252
05/18/2022 04:39:39 AM Calculated day 253
05/18/2022 04:39:50 AM Calculated day 254
05/18/2022 04:40:00 AM Calculated day 255
05/18/2022 04:40:10 AM Calculated day 256
05/18/2022 04:40:20 AM Calculated day 257
05/18/2022 04:40:31 AM Calculated day 258
05/18/2022 04:40:41 AM Calculated day 259
05/18/2022 04:40:52 AM Calculated day 260
05/18/2022 04:41:02 AM Calculated day 261
05/18/2022 04:41:12 AM Calculated day 262
05/18/2022 04:41:23 AM Calculated day 263
05/18/2022 04:41:33 AM Calculated day 264
05/18/2022 04:41:43 AM Calculated day 265
05/18/2022 04:41:54 AM Calculated day 266
05/18/2022 04:42:04 AM Calculated day 267
05/18/2022 04:42:14 AM Calculated day 268
05/18/2022 04:42:25 AM Calculated day 269
05/18/2022 04:42:35 AM Calculated day 270
05/18/2022 04:42:45 AM Calculated day 271
05/18/2022 04:42:56 AM Calculated day 272
05/18/2022 04:43:06 AM Calculated day 273
05/18/2022 04:43:16 AM Calculated day 274
05/18/2022 04:43:27 AM Calculated day 275
05/18/2022 04:43:37 AM Calculated day 276
05/18/2022 04:43:47 AM Calculated day 277
05/18/2022 04:43:58 AM Calculated day 278
05/18/2022 04:44:08 AM Calculated day 279
05/18/2022 04:44:18 AM Calculated day 280
05/18/2022 04:44:29 AM Calculated day 281
05/18/2022 04:44:39 AM Calculated day 282
05/18/2022 04:44:50 AM Calculated day 283
05/18/2022 04:45:00 AM Calculated day 284
05/18/2022 04:45:10 AM Calculated day 285
05/18/2022 04:45:21 AM Calculated day 286
05/18/2022 04:45:31 AM Calculated day 287
05/18/2022 04:45:41 AM Calculated day 288
05/18/2022 04:45:52 AM Calculated day 289
05/18/2022 04:46:02 AM Calculated day 290
05/18/2022 04:46:12 AM Calculated day 291
05/18/2022 04:46:23 AM Calculated day 292
05/18/2022 04:46:33 AM Calculated day 293
05/18/2022 04:46:43 AM Calculated day 294
05/18/2022 04:46:54 AM Calculated day 295
05/18/2022 04:47:04 AM Calculated day 296
05/18/2022 04:47:15 AM Calculated day 297
05/18/2022 04:47:25 AM Calculated day 298
05/18/2022 04:47:35 AM Calculated day 299
05/18/2022 04:47:46 AM Calculated day 300
05/18/2022 04:47:56 AM Calculated day 301
05/18/2022 04:48:06 AM Calculated day 302
05/18/2022 04:48:17 AM Calculated day 303
05/18/2022 04:48:27 AM Calculated day 304
05/18/2022 04:48:38 AM Calculated day 305
05/18/2022 04:48:48 AM Calculated day 306
05/18/2022 04:48:58 AM Calculated day 307
05/18/2022 04:49:09 AM Calculated day 308
05/18/2022 04:49:19 AM Calculated day 309
05/18/2022 04:49:29 AM Calculated day 310
05/18/2022 04:49:40 AM Calculated day 311
05/18/2022 04:49:50 AM Calculated day 312
05/18/2022 04:50:00 AM Calculated day 313
05/18/2022 04:50:11 AM Calculated day 314
05/18/2022 04:50:21 AM Calculated day 315
05/18/2022 04:50:31 AM Calculated day 316
05/18/2022 04:50:42 AM Calculated day 317
05/18/2022 04:50:52 AM Calculated day 318
05/18/2022 04:51:03 AM Calculated day 319
05/18/2022 04:51:13 AM Calculated day 320
05/18/2022 04:51:23 AM Calculated day 321
05/18/2022 04:51:34 AM Calculated day 322
05/18/2022 04:51:44 AM Calculated day 323
05/18/2022 04:51:54 AM Calculated day 324
05/18/2022 04:52:05 AM Calculated day 325
05/18/2022 04:52:15 AM Calculated day 326
05/18/2022 04:52:25 AM Calculated day 327
05/18/2022 04:52:36 AM Calculated day 328
05/18/2022 04:52:46 AM Calculated day 329
05/18/2022 04:52:56 AM Calculated day 330
05/18/2022 04:53:07 AM Calculated day 331
05/18/2022 04:53:17 AM Calculated day 332
05/18/2022 04:53:28 AM Calculated day 333
05/18/2022 04:53:38 AM Calculated day 334
05/18/2022 04:53:48 AM Calculated day 335
05/18/2022 04:53:59 AM Calculated day 336
05/18/2022 04:54:09 AM Calculated day 337
05/18/2022 04:54:19 AM Calculated day 338
05/18/2022 04:54:30 AM Calculated day 339
05/18/2022 04:54:40 AM Calculated day 340
05/18/2022 04:54:50 AM Calculated day 341
05/18/2022 04:55:01 AM Calculated day 342
05/18/2022 04:55:11 AM Calculated day 343
05/18/2022 04:55:22 AM Calculated day 344
05/18/2022 04:56:57 AM Saved data in /data/pbarpanda/spherical_SWE/evaluate_final_budget/DJF_zonal_U_no_forcing//dt_150_Q_forcing_10_forcing_y_0_forcing_x_50_Hmean_500_forcing_phase_speed_0_ms_Uamp_factor_1/
05/18/2022 04:56:58 AM  ========== CODE RAN SUCCESSFULLY, congrats! ================
05/18/2022 04:56:58 AM  -----> Total Time taken = 3657.529  <----
