11/30/2021 10:56:23 PM locator: <matplotlib.ticker.FixedLocator object at 0x7fb971e59250>
11/30/2021 10:56:23 PM Using fixed locator on colorbar
11/30/2021 10:56:23 PM Setting pcolormesh
11/30/2021 10:56:30 PM locator: <matplotlib.ticker.FixedLocator object at 0x7fb98045e7f0>
11/30/2021 10:56:30 PM Using fixed locator on colorbar
11/30/2021 10:56:30 PM Setting pcolormesh
11/30/2021 10:56:46 PM locator: <matplotlib.ticker.FixedLocator object at 0x7fb9808dee80>
11/30/2021 10:56:46 PM Using fixed locator on colorbar
11/30/2021 10:56:46 PM Setting pcolormesh
11/30/2021 10:56:52 PM locator: <matplotlib.ticker.FixedLocator object at 0x7fb971fe3580>
11/30/2021 10:56:52 PM Using fixed locator on colorbar
11/30/2021 10:56:52 PM Setting pcolormesh
12/01/2021 12:14:27 AM locator: <matplotlib.ticker.FixedLocator object at 0x7fb9a115bbb0>
12/01/2021 12:14:27 AM Using fixed locator on colorbar
12/01/2021 12:14:27 AM Setting pcolormesh
12/01/2021 12:14:33 AM locator: <matplotlib.ticker.FixedLocator object at 0x7fb9a1247160>
12/01/2021 12:14:33 AM Using fixed locator on colorbar
12/01/2021 12:14:33 AM Setting pcolormesh
12/01/2021 01:00:13 AM locator: <matplotlib.ticker.FixedLocator object at 0x7fb980afc6a0>
12/01/2021 01:00:13 AM Using fixed locator on colorbar
12/01/2021 01:00:13 AM Setting pcolormesh
12/01/2021 01:34:00 AM locator: <matplotlib.ticker.FixedLocator object at 0x7fb994a2dbb0>
12/01/2021 01:34:00 AM Using fixed locator on colorbar
12/01/2021 01:34:00 AM Setting pcolormesh
