06/28/2022 02:12:58 AM **********************************
06/28/2022 02:12:58 AM ./init_value_exp_trial_02:12 AM//dt_150_Q_forcing_0_forcing_y_0_Hmean_500_forcing_phase_speed_0_ms/U_up_days_70/
06/28/2022 02:12:58 AM **********************************
06/28/2022 02:12:59 AM Calculated day 0
06/28/2022 02:13:04 AM Calculated day 1
06/28/2022 02:13:10 AM Calculated day 2
06/28/2022 02:13:16 AM Calculated day 3
06/28/2022 02:13:21 AM Calculated day 4
06/28/2022 02:13:27 AM Calculated day 5
06/28/2022 02:13:32 AM Calculated day 6
06/28/2022 02:13:38 AM Calculated day 7
06/28/2022 02:13:44 AM Calculated day 8
06/28/2022 02:13:49 AM Calculated day 9
06/28/2022 02:13:55 AM Calculated day 10
06/28/2022 02:14:00 AM Calculated day 11
06/28/2022 02:14:06 AM Calculated day 12
06/28/2022 02:14:12 AM Calculated day 13
06/28/2022 02:14:18 AM Calculated day 14
06/28/2022 02:14:23 AM Calculated day 15
06/28/2022 02:14:29 AM Calculated day 16
06/28/2022 02:14:35 AM Calculated day 17
06/28/2022 02:14:41 AM Calculated day 18
06/28/2022 02:14:47 AM Calculated day 19
06/28/2022 02:14:53 AM Calculated day 20
06/28/2022 02:14:58 AM Calculated day 21
06/28/2022 02:15:04 AM Calculated day 22
06/28/2022 02:15:10 AM Calculated day 23
06/28/2022 02:15:16 AM Calculated day 24
06/28/2022 02:15:22 AM Calculated day 25
06/28/2022 02:15:28 AM Calculated day 26
06/28/2022 02:15:34 AM Calculated day 27
06/28/2022 02:15:40 AM Calculated day 28
06/28/2022 02:15:46 AM Calculated day 29
06/28/2022 02:15:52 AM Calculated day 30
06/28/2022 02:15:58 AM Calculated day 31
06/28/2022 02:16:04 AM Calculated day 32
06/28/2022 02:16:10 AM Calculated day 33
06/28/2022 02:16:16 AM Calculated day 34
06/28/2022 02:16:22 AM Calculated day 35
06/28/2022 02:16:28 AM Calculated day 36
06/28/2022 02:16:34 AM Calculated day 37
06/28/2022 02:16:40 AM Calculated day 38
06/28/2022 02:16:47 AM Calculated day 39
06/28/2022 02:16:53 AM Calculated day 40
06/28/2022 02:16:59 AM Calculated day 41
06/28/2022 02:17:05 AM Calculated day 42
06/28/2022 02:17:12 AM Calculated day 43
06/28/2022 02:17:18 AM Calculated day 44
06/28/2022 02:17:24 AM Calculated day 45
06/28/2022 02:17:30 AM Calculated day 46
06/28/2022 02:17:37 AM Calculated day 47
06/28/2022 02:17:43 AM Calculated day 48
06/28/2022 02:17:49 AM Calculated day 49
06/28/2022 02:17:56 AM Calculated day 50
06/28/2022 02:18:02 AM Calculated day 51
06/28/2022 02:18:08 AM Calculated day 52
06/28/2022 02:18:15 AM Calculated day 53
06/28/2022 02:18:21 AM Calculated day 54
06/28/2022 02:18:28 AM Calculated day 55
06/28/2022 02:18:34 AM Calculated day 56
06/28/2022 02:18:41 AM Calculated day 57
06/28/2022 02:18:47 AM Calculated day 58
06/28/2022 02:18:54 AM Calculated day 59
06/28/2022 02:19:00 AM Calculated day 60
06/28/2022 02:19:07 AM Calculated day 61
06/28/2022 02:19:13 AM Calculated day 62
06/28/2022 02:19:20 AM Calculated day 63
06/28/2022 02:19:26 AM Calculated day 64
06/28/2022 02:19:33 AM Calculated day 65
06/28/2022 02:19:40 AM Calculated day 66
06/28/2022 02:19:46 AM Calculated day 67
06/28/2022 02:19:53 AM Calculated day 68
06/28/2022 02:20:00 AM Calculated day 69
06/28/2022 02:20:06 AM Calculated day 70
06/28/2022 02:20:13 AM Calculated day 71
06/28/2022 02:20:20 AM Calculated day 72
06/28/2022 02:20:27 AM Calculated day 73
06/28/2022 02:20:33 AM Calculated day 74
06/28/2022 02:20:40 AM Calculated day 75
06/28/2022 02:20:47 AM Calculated day 76
06/28/2022 02:20:54 AM Calculated day 77
06/28/2022 02:21:01 AM Calculated day 78
06/28/2022 02:21:08 AM Calculated day 79
06/28/2022 02:21:14 AM Calculated day 80
06/28/2022 02:21:21 AM Calculated day 81
06/28/2022 02:21:28 AM Calculated day 82
06/28/2022 02:21:35 AM Calculated day 83
06/28/2022 02:21:42 AM Calculated day 84
06/28/2022 02:21:49 AM Calculated day 85
06/28/2022 02:21:56 AM Calculated day 86
06/28/2022 02:22:03 AM Calculated day 87
06/28/2022 02:22:10 AM Calculated day 88
06/28/2022 02:22:17 AM Calculated day 89
06/28/2022 02:22:24 AM Calculated day 90
06/28/2022 02:22:31 AM Calculated day 91
06/28/2022 02:22:38 AM Calculated day 92
06/28/2022 02:22:45 AM Calculated day 93
06/28/2022 02:22:52 AM Calculated day 94
06/28/2022 02:22:59 AM Calculated day 95
06/28/2022 02:23:06 AM Calculated day 96
06/28/2022 02:23:14 AM Calculated day 97
06/28/2022 02:23:21 AM Calculated day 98
06/28/2022 02:23:28 AM Calculated day 99
06/28/2022 02:23:35 AM Calculated day 100
06/28/2022 02:23:42 AM Calculated day 101
06/28/2022 02:23:50 AM Calculated day 102
06/28/2022 02:23:57 AM Calculated day 103
06/28/2022 02:24:04 AM Calculated day 104
06/28/2022 02:24:11 AM Calculated day 105
06/28/2022 02:24:19 AM Calculated day 106
06/28/2022 02:24:26 AM Calculated day 107
06/28/2022 02:24:33 AM Calculated day 108
06/28/2022 02:24:41 AM Calculated day 109
06/28/2022 02:24:48 AM Calculated day 110
06/28/2022 02:24:55 AM Calculated day 111
06/28/2022 02:25:03 AM Calculated day 112
06/28/2022 02:25:10 AM Calculated day 113
06/28/2022 02:25:18 AM Calculated day 114
06/28/2022 02:25:25 AM Calculated day 115
06/28/2022 02:25:33 AM Calculated day 116
06/28/2022 02:25:40 AM Calculated day 117
06/28/2022 02:25:48 AM Calculated day 118
06/28/2022 02:25:56 AM Calculated day 119
06/28/2022 02:26:03 AM Calculated day 120
06/28/2022 02:26:11 AM Calculated day 121
06/28/2022 02:26:18 AM Calculated day 122
06/28/2022 02:26:26 AM Calculated day 123
06/28/2022 02:26:34 AM Calculated day 124
06/28/2022 02:26:42 AM Calculated day 125
06/28/2022 02:26:50 AM Calculated day 126
06/28/2022 02:26:57 AM Calculated day 127
06/28/2022 02:27:05 AM Calculated day 128
06/28/2022 02:27:13 AM Calculated day 129
06/28/2022 02:27:21 AM Calculated day 130
06/28/2022 02:27:29 AM Calculated day 131
06/28/2022 02:27:37 AM Calculated day 132
06/28/2022 02:27:45 AM Calculated day 133
06/28/2022 02:27:53 AM Calculated day 134
06/28/2022 02:28:01 AM Calculated day 135
06/28/2022 02:28:09 AM Calculated day 136
06/28/2022 02:28:17 AM Calculated day 137
06/28/2022 02:28:25 AM Calculated day 138
06/28/2022 02:28:33 AM Calculated day 139
06/28/2022 02:28:41 AM Calculated day 140
06/28/2022 02:28:49 AM Calculated day 141
06/28/2022 02:28:58 AM Calculated day 142
06/28/2022 02:29:06 AM Calculated day 143
06/28/2022 02:29:14 AM Calculated day 144
06/28/2022 02:29:22 AM Calculated day 145
06/28/2022 02:29:30 AM Calculated day 146
06/28/2022 02:29:39 AM Calculated day 147
06/28/2022 02:29:47 AM Calculated day 148
06/28/2022 02:29:55 AM Calculated day 149
06/28/2022 02:30:04 AM Calculated day 150
06/28/2022 02:30:12 AM Calculated day 151
06/28/2022 02:30:20 AM Calculated day 152
06/28/2022 02:30:29 AM Calculated day 153
06/28/2022 02:30:37 AM Calculated day 154
06/28/2022 02:30:45 AM Calculated day 155
06/28/2022 02:30:54 AM Calculated day 156
06/28/2022 02:31:02 AM Calculated day 157
06/28/2022 02:31:11 AM Calculated day 158
06/28/2022 02:31:19 AM Calculated day 159
06/28/2022 02:31:28 AM Calculated day 160
06/28/2022 02:31:36 AM Calculated day 161
06/28/2022 02:31:45 AM Calculated day 162
06/28/2022 02:31:54 AM Calculated day 163
06/28/2022 02:32:03 AM Calculated day 164
06/28/2022 02:32:11 AM Calculated day 165
06/28/2022 02:32:20 AM Calculated day 166
06/28/2022 02:32:29 AM Calculated day 167
06/28/2022 02:32:37 AM Calculated day 168
06/28/2022 02:32:46 AM Calculated day 169
06/28/2022 02:32:54 AM Calculated day 170
06/28/2022 02:33:03 AM Calculated day 171
06/28/2022 02:33:12 AM Calculated day 172
06/28/2022 02:33:21 AM Calculated day 173
06/28/2022 02:33:29 AM Calculated day 174
06/28/2022 02:33:38 AM Calculated day 175
06/28/2022 02:33:47 AM Calculated day 176
06/28/2022 02:33:56 AM Calculated day 177
06/28/2022 02:34:04 AM Calculated day 178
06/28/2022 02:34:13 AM Calculated day 179
06/28/2022 02:34:22 AM Calculated day 180
06/28/2022 02:34:31 AM Calculated day 181
06/28/2022 02:34:40 AM Calculated day 182
06/28/2022 02:34:49 AM Calculated day 183
06/28/2022 02:34:58 AM Calculated day 184
06/28/2022 02:35:07 AM Calculated day 185
06/28/2022 02:35:17 AM Calculated day 186
06/28/2022 02:35:26 AM Calculated day 187
06/28/2022 02:35:36 AM Calculated day 188
06/28/2022 02:35:45 AM Calculated day 189
06/28/2022 02:35:55 AM Calculated day 190
06/28/2022 02:36:04 AM Calculated day 191
06/28/2022 02:36:13 AM Calculated day 192
06/28/2022 02:36:23 AM Calculated day 193
06/28/2022 02:36:32 AM Calculated day 194
06/28/2022 02:36:41 AM Calculated day 195
06/28/2022 02:36:50 AM Calculated day 196
06/28/2022 02:36:59 AM Calculated day 197
06/28/2022 02:37:09 AM Calculated day 198
06/28/2022 02:37:18 AM Calculated day 199
06/28/2022 02:37:27 AM Calculated day 200
06/28/2022 02:37:36 AM Calculated day 201
06/28/2022 02:37:46 AM Calculated day 202
06/28/2022 02:37:55 AM Calculated day 203
06/28/2022 02:38:04 AM Calculated day 204
06/28/2022 02:38:13 AM Calculated day 205
06/28/2022 02:38:23 AM Calculated day 206
06/28/2022 02:38:32 AM Calculated day 207
06/28/2022 02:38:41 AM Calculated day 208
06/28/2022 02:38:51 AM Calculated day 209
06/28/2022 02:39:00 AM Calculated day 210
06/28/2022 02:39:10 AM Calculated day 211
06/28/2022 02:39:19 AM Calculated day 212
06/28/2022 02:39:29 AM Calculated day 213
06/28/2022 02:39:38 AM Calculated day 214
06/28/2022 02:39:48 AM Calculated day 215
06/28/2022 02:39:57 AM Calculated day 216
06/28/2022 02:40:07 AM Calculated day 217
06/28/2022 02:40:16 AM Calculated day 218
06/28/2022 02:40:26 AM Calculated day 219
06/28/2022 02:40:35 AM Calculated day 220
06/28/2022 02:40:45 AM Calculated day 221
06/28/2022 02:40:55 AM Calculated day 222
06/28/2022 02:41:04 AM Calculated day 223
06/28/2022 02:41:14 AM Calculated day 224
06/28/2022 02:41:24 AM Calculated day 225
06/28/2022 02:41:34 AM Calculated day 226
06/28/2022 02:41:43 AM Calculated day 227
06/28/2022 02:41:53 AM Calculated day 228
06/28/2022 02:42:03 AM Calculated day 229
06/28/2022 02:42:13 AM Calculated day 230
06/28/2022 02:42:23 AM Calculated day 231
06/28/2022 02:42:32 AM Calculated day 232
06/28/2022 02:42:42 AM Calculated day 233
06/28/2022 02:42:52 AM Calculated day 234
06/28/2022 02:43:02 AM Calculated day 235
06/28/2022 02:43:12 AM Calculated day 236
06/28/2022 02:43:22 AM Calculated day 237
06/28/2022 02:43:32 AM Calculated day 238
06/28/2022 02:43:42 AM Calculated day 239
06/28/2022 02:43:52 AM Calculated day 240
06/28/2022 02:44:02 AM Calculated day 241
06/28/2022 02:44:12 AM Calculated day 242
06/28/2022 02:44:22 AM Calculated day 243
06/28/2022 02:44:32 AM Calculated day 244
06/28/2022 02:44:42 AM Calculated day 245
06/28/2022 02:44:52 AM Calculated day 246
06/28/2022 02:45:02 AM Calculated day 247
06/28/2022 02:45:12 AM Calculated day 248
06/28/2022 02:45:22 AM Calculated day 249
06/28/2022 02:45:33 AM Calculated day 250
06/28/2022 02:45:43 AM Calculated day 251
06/28/2022 02:45:53 AM Calculated day 252
06/28/2022 02:46:03 AM Calculated day 253
06/28/2022 02:46:13 AM Calculated day 254
06/28/2022 02:46:24 AM Calculated day 255
06/28/2022 02:46:34 AM Calculated day 256
06/28/2022 02:46:44 AM Calculated day 257
06/28/2022 02:46:56 AM Calculated day 258
06/28/2022 02:47:10 AM Calculated day 259
06/28/2022 02:47:22 AM Calculated day 260
06/28/2022 02:47:35 AM Calculated day 261
06/28/2022 02:47:48 AM Calculated day 262
06/28/2022 02:48:00 AM Calculated day 263
06/28/2022 02:48:13 AM Calculated day 264
06/28/2022 02:48:26 AM Calculated day 265
06/28/2022 02:48:39 AM Calculated day 266
06/28/2022 02:48:52 AM Calculated day 267
06/28/2022 02:49:05 AM Calculated day 268
06/28/2022 02:49:18 AM Calculated day 269
06/28/2022 02:49:31 AM Calculated day 270
06/28/2022 02:49:44 AM Calculated day 271
06/28/2022 02:49:57 AM Calculated day 272
06/28/2022 02:50:10 AM Calculated day 273
06/28/2022 02:50:23 AM Calculated day 274
06/28/2022 02:50:36 AM Calculated day 275
06/28/2022 02:50:49 AM Calculated day 276
06/28/2022 02:51:02 AM Calculated day 277
06/28/2022 02:51:15 AM Calculated day 278
06/28/2022 02:51:28 AM Calculated day 279
06/28/2022 02:51:42 AM Calculated day 280
06/28/2022 02:51:55 AM Calculated day 281
06/28/2022 02:52:08 AM Calculated day 282
06/28/2022 02:52:22 AM Calculated day 283
06/28/2022 02:52:35 AM Calculated day 284
06/28/2022 02:52:48 AM Calculated day 285
06/28/2022 02:53:01 AM Calculated day 286
06/28/2022 02:53:15 AM Calculated day 287
06/28/2022 02:53:29 AM Calculated day 288
06/28/2022 02:53:42 AM Calculated day 289
06/28/2022 02:53:55 AM Calculated day 290
06/28/2022 02:54:09 AM Calculated day 291
06/28/2022 02:54:22 AM Calculated day 292
06/28/2022 02:54:36 AM Calculated day 293
06/28/2022 02:54:50 AM Calculated day 294
06/28/2022 02:55:03 AM Calculated day 295
06/28/2022 02:55:17 AM Calculated day 296
06/28/2022 02:55:31 AM Calculated day 297
06/28/2022 02:55:44 AM Calculated day 298
06/28/2022 02:55:58 AM Calculated day 299
06/28/2022 02:56:29 AM Saved data in ./init_value_exp_trial_02:12 AM//dt_150_Q_forcing_0_forcing_y_0_Hmean_500_forcing_phase_speed_0_ms/U_up_days_70//H0_100/
06/28/2022 02:56:30 AM  ========== CODE RAN SUCCESSFULLY, congrats! ================
06/28/2022 02:56:31 AM  -----> Total Time taken = 2617.224  <----
