06/27/2022 07:52:13 PM **********************************
06/27/2022 07:52:13 PM ./init_value_exp_trial_07:52 PM//dt_150_Q_forcing_0_forcing_y_0_Hmean_250_forcing_phase_speed_0_ms/U_up_days_10/
06/27/2022 07:52:13 PM **********************************
06/27/2022 07:52:13 PM Calculated day 0
06/27/2022 07:52:18 PM Calculated day 1
06/27/2022 07:52:24 PM Calculated day 2
06/27/2022 07:52:29 PM Calculated day 3
06/27/2022 07:52:35 PM Calculated day 4
06/27/2022 07:52:41 PM Calculated day 5
06/27/2022 07:52:46 PM Calculated day 6
06/27/2022 07:52:52 PM Calculated day 7
06/27/2022 07:52:58 PM Calculated day 8
06/27/2022 07:53:03 PM Calculated day 9
06/27/2022 07:53:09 PM Calculated day 10
06/27/2022 07:53:15 PM Calculated day 11
06/27/2022 07:53:21 PM Calculated day 12
06/27/2022 07:53:26 PM Calculated day 13
06/27/2022 07:53:32 PM Calculated day 14
06/27/2022 07:53:38 PM Calculated day 15
06/27/2022 07:53:44 PM Calculated day 16
06/27/2022 07:53:50 PM Calculated day 17
06/27/2022 07:53:56 PM Calculated day 18
06/27/2022 07:54:01 PM Calculated day 19
06/27/2022 07:54:07 PM Calculated day 20
06/27/2022 07:54:13 PM Calculated day 21
06/27/2022 07:54:19 PM Calculated day 22
06/27/2022 07:54:25 PM Calculated day 23
06/27/2022 07:54:31 PM Calculated day 24
06/27/2022 07:54:37 PM Calculated day 25
06/27/2022 07:54:43 PM Calculated day 26
06/27/2022 07:54:49 PM Calculated day 27
06/27/2022 07:54:55 PM Calculated day 28
06/27/2022 07:55:01 PM Calculated day 29
06/27/2022 07:55:07 PM Calculated day 30
06/27/2022 07:55:13 PM Calculated day 31
06/27/2022 07:55:19 PM Calculated day 32
06/27/2022 07:55:25 PM Calculated day 33
06/27/2022 07:55:31 PM Calculated day 34
06/27/2022 07:55:37 PM Calculated day 35
06/27/2022 07:55:43 PM Calculated day 36
06/27/2022 07:55:50 PM Calculated day 37
06/27/2022 07:55:56 PM Calculated day 38
06/27/2022 07:56:02 PM Calculated day 39
06/27/2022 07:56:08 PM Calculated day 40
06/27/2022 07:56:14 PM Calculated day 41
06/27/2022 07:56:21 PM Calculated day 42
06/27/2022 07:56:27 PM Calculated day 43
06/27/2022 07:56:33 PM Calculated day 44
06/27/2022 07:56:39 PM Calculated day 45
06/27/2022 07:56:46 PM Calculated day 46
06/27/2022 07:56:52 PM Calculated day 47
06/27/2022 07:56:58 PM Calculated day 48
06/27/2022 07:57:05 PM Calculated day 49
06/27/2022 07:57:11 PM Calculated day 50
06/27/2022 07:57:18 PM Calculated day 51
06/27/2022 07:57:24 PM Calculated day 52
06/27/2022 07:57:30 PM Calculated day 53
06/27/2022 07:57:37 PM Calculated day 54
06/27/2022 07:57:43 PM Calculated day 55
06/27/2022 07:57:50 PM Calculated day 56
06/27/2022 07:57:56 PM Calculated day 57
06/27/2022 07:58:03 PM Calculated day 58
06/27/2022 07:58:10 PM Calculated day 59
06/27/2022 07:58:16 PM Calculated day 60
06/27/2022 07:58:23 PM Calculated day 61
06/27/2022 07:58:29 PM Calculated day 62
06/27/2022 07:58:36 PM Calculated day 63
06/27/2022 07:58:42 PM Calculated day 64
06/27/2022 07:58:49 PM Calculated day 65
06/27/2022 07:58:56 PM Calculated day 66
06/27/2022 07:59:02 PM Calculated day 67
06/27/2022 07:59:09 PM Calculated day 68
06/27/2022 07:59:16 PM Calculated day 69
06/27/2022 07:59:24 PM Saved data in ./init_value_exp_trial_07:52 PM//dt_150_Q_forcing_0_forcing_y_0_Hmean_250_forcing_phase_speed_0_ms/U_up_days_10//H0_0/
06/27/2022 07:59:24 PM  ========== CODE RAN SUCCESSFULLY, congrats! ================
06/27/2022 07:59:24 PM  -----> Total Time taken = 436.931  <----
