06/27/2022 10:56:53 PM **********************************
06/27/2022 10:56:53 PM ./init_value_exp_trial_10:56 PM//dt_150_Q_forcing_0_forcing_y_0_Hmean_200_forcing_phase_speed_0_ms/U_up_days_60/
06/27/2022 10:56:53 PM **********************************
06/27/2022 10:56:53 PM Calculated day 0
06/27/2022 10:56:58 PM Calculated day 1
06/27/2022 10:57:04 PM Calculated day 2
06/27/2022 10:57:10 PM Calculated day 3
06/27/2022 10:57:15 PM Calculated day 4
06/27/2022 10:57:21 PM Calculated day 5
06/27/2022 10:57:26 PM Calculated day 6
06/27/2022 10:57:32 PM Calculated day 7
06/27/2022 10:57:38 PM Calculated day 8
06/27/2022 10:57:43 PM Calculated day 9
06/27/2022 10:57:49 PM Calculated day 10
06/27/2022 10:57:55 PM Calculated day 11
06/27/2022 10:58:00 PM Calculated day 12
06/27/2022 10:58:06 PM Calculated day 13
06/27/2022 10:58:12 PM Calculated day 14
06/27/2022 10:58:18 PM Calculated day 15
06/27/2022 10:58:23 PM Calculated day 16
06/27/2022 10:58:29 PM Calculated day 17
06/27/2022 10:58:35 PM Calculated day 18
06/27/2022 10:58:41 PM Calculated day 19
06/27/2022 10:58:47 PM Calculated day 20
06/27/2022 10:58:52 PM Calculated day 21
06/27/2022 10:58:58 PM Calculated day 22
06/27/2022 10:59:04 PM Calculated day 23
06/27/2022 10:59:10 PM Calculated day 24
06/27/2022 10:59:16 PM Calculated day 25
06/27/2022 10:59:22 PM Calculated day 26
06/27/2022 10:59:28 PM Calculated day 27
06/27/2022 10:59:34 PM Calculated day 28
06/27/2022 10:59:40 PM Calculated day 29
06/27/2022 10:59:46 PM Calculated day 30
06/27/2022 10:59:52 PM Calculated day 31
06/27/2022 10:59:58 PM Calculated day 32
06/27/2022 11:00:04 PM Calculated day 33
06/27/2022 11:00:10 PM Calculated day 34
06/27/2022 11:00:16 PM Calculated day 35
06/27/2022 11:00:23 PM Calculated day 36
06/27/2022 11:00:29 PM Calculated day 37
06/27/2022 11:00:35 PM Calculated day 38
06/27/2022 11:00:41 PM Calculated day 39
06/27/2022 11:00:47 PM Calculated day 40
06/27/2022 11:00:53 PM Calculated day 41
06/27/2022 11:00:59 PM Calculated day 42
06/27/2022 11:01:06 PM Calculated day 43
06/27/2022 11:01:12 PM Calculated day 44
06/27/2022 11:01:18 PM Calculated day 45
06/27/2022 11:01:24 PM Calculated day 46
06/27/2022 11:01:31 PM Calculated day 47
06/27/2022 11:01:37 PM Calculated day 48
06/27/2022 11:01:43 PM Calculated day 49
06/27/2022 11:01:50 PM Calculated day 50
06/27/2022 11:01:56 PM Calculated day 51
06/27/2022 11:02:03 PM Calculated day 52
06/27/2022 11:02:09 PM Calculated day 53
06/27/2022 11:02:16 PM Calculated day 54
06/27/2022 11:02:22 PM Calculated day 55
06/27/2022 11:02:29 PM Calculated day 56
06/27/2022 11:02:35 PM Calculated day 57
06/27/2022 11:02:41 PM Calculated day 58
06/27/2022 11:02:48 PM Calculated day 59
06/27/2022 11:02:55 PM Calculated day 60
06/27/2022 11:03:01 PM Calculated day 61
06/27/2022 11:03:08 PM Calculated day 62
06/27/2022 11:03:14 PM Calculated day 63
06/27/2022 11:03:21 PM Calculated day 64
06/27/2022 11:03:27 PM Calculated day 65
06/27/2022 11:03:34 PM Calculated day 66
06/27/2022 11:03:41 PM Calculated day 67
06/27/2022 11:03:47 PM Calculated day 68
06/27/2022 11:03:54 PM Calculated day 69
06/27/2022 11:04:01 PM Calculated day 70
06/27/2022 11:04:07 PM Calculated day 71
06/27/2022 11:04:14 PM Calculated day 72
06/27/2022 11:04:21 PM Calculated day 73
06/27/2022 11:04:28 PM Calculated day 74
06/27/2022 11:04:34 PM Calculated day 75
06/27/2022 11:04:41 PM Calculated day 76
06/27/2022 11:04:48 PM Calculated day 77
06/27/2022 11:04:55 PM Calculated day 78
06/27/2022 11:05:02 PM Calculated day 79
06/27/2022 11:05:09 PM Calculated day 80
06/27/2022 11:05:15 PM Calculated day 81
06/27/2022 11:05:22 PM Calculated day 82
06/27/2022 11:05:29 PM Calculated day 83
06/27/2022 11:05:36 PM Calculated day 84
06/27/2022 11:05:43 PM Calculated day 85
06/27/2022 11:05:50 PM Calculated day 86
06/27/2022 11:05:57 PM Calculated day 87
06/27/2022 11:06:04 PM Calculated day 88
06/27/2022 11:06:11 PM Calculated day 89
06/27/2022 11:06:18 PM Calculated day 90
06/27/2022 11:06:25 PM Calculated day 91
06/27/2022 11:06:32 PM Calculated day 92
06/27/2022 11:06:39 PM Calculated day 93
06/27/2022 11:06:46 PM Calculated day 94
06/27/2022 11:06:54 PM Calculated day 95
06/27/2022 11:07:01 PM Calculated day 96
06/27/2022 11:07:08 PM Calculated day 97
06/27/2022 11:07:15 PM Calculated day 98
06/27/2022 11:07:23 PM Calculated day 99
06/27/2022 11:07:30 PM Calculated day 100
06/27/2022 11:07:37 PM Calculated day 101
06/27/2022 11:07:45 PM Calculated day 102
06/27/2022 11:07:52 PM Calculated day 103
06/27/2022 11:07:59 PM Calculated day 104
06/27/2022 11:08:07 PM Calculated day 105
06/27/2022 11:08:14 PM Calculated day 106
06/27/2022 11:08:22 PM Calculated day 107
06/27/2022 11:08:30 PM Calculated day 108
06/27/2022 11:08:37 PM Calculated day 109
06/27/2022 11:08:45 PM Calculated day 110
06/27/2022 11:08:52 PM Calculated day 111
06/27/2022 11:09:00 PM Calculated day 112
06/27/2022 11:09:08 PM Calculated day 113
06/27/2022 11:09:16 PM Calculated day 114
06/27/2022 11:09:24 PM Calculated day 115
06/27/2022 11:09:33 PM Calculated day 116
06/27/2022 11:09:41 PM Calculated day 117
06/27/2022 11:09:49 PM Calculated day 118
06/27/2022 11:09:57 PM Calculated day 119
06/27/2022 11:10:05 PM Calculated day 120
06/27/2022 11:10:12 PM Calculated day 121
06/27/2022 11:10:20 PM Calculated day 122
06/27/2022 11:10:28 PM Calculated day 123
06/27/2022 11:10:36 PM Calculated day 124
06/27/2022 11:10:44 PM Calculated day 125
06/27/2022 11:10:52 PM Calculated day 126
06/27/2022 11:11:00 PM Calculated day 127
06/27/2022 11:11:08 PM Calculated day 128
06/27/2022 11:11:15 PM Calculated day 129
06/27/2022 11:11:23 PM Calculated day 130
06/27/2022 11:11:31 PM Calculated day 131
06/27/2022 11:11:39 PM Calculated day 132
06/27/2022 11:11:47 PM Calculated day 133
06/27/2022 11:11:55 PM Calculated day 134
06/27/2022 11:12:04 PM Calculated day 135
06/27/2022 11:12:12 PM Calculated day 136
06/27/2022 11:12:20 PM Calculated day 137
06/27/2022 11:12:28 PM Calculated day 138
06/27/2022 11:12:36 PM Calculated day 139
06/27/2022 11:12:44 PM Calculated day 140
06/27/2022 11:12:52 PM Calculated day 141
06/27/2022 11:13:00 PM Calculated day 142
06/27/2022 11:13:09 PM Calculated day 143
06/27/2022 11:13:17 PM Calculated day 144
06/27/2022 11:13:25 PM Calculated day 145
06/27/2022 11:13:33 PM Calculated day 146
06/27/2022 11:13:42 PM Calculated day 147
06/27/2022 11:13:50 PM Calculated day 148
06/27/2022 11:13:58 PM Calculated day 149
06/27/2022 11:14:07 PM Calculated day 150
06/27/2022 11:14:15 PM Calculated day 151
06/27/2022 11:14:23 PM Calculated day 152
06/27/2022 11:14:32 PM Calculated day 153
06/27/2022 11:14:40 PM Calculated day 154
06/27/2022 11:14:49 PM Calculated day 155
06/27/2022 11:14:57 PM Calculated day 156
06/27/2022 11:15:06 PM Calculated day 157
06/27/2022 11:15:14 PM Calculated day 158
06/27/2022 11:15:23 PM Calculated day 159
06/27/2022 11:15:31 PM Calculated day 160
06/27/2022 11:15:40 PM Calculated day 161
06/27/2022 11:15:48 PM Calculated day 162
06/27/2022 11:15:57 PM Calculated day 163
06/27/2022 11:16:05 PM Calculated day 164
06/27/2022 11:16:14 PM Calculated day 165
06/27/2022 11:16:23 PM Calculated day 166
06/27/2022 11:16:31 PM Calculated day 167
06/27/2022 11:16:40 PM Calculated day 168
06/27/2022 11:16:49 PM Calculated day 169
06/27/2022 11:16:58 PM Calculated day 170
06/27/2022 11:17:06 PM Calculated day 171
06/27/2022 11:17:15 PM Calculated day 172
06/27/2022 11:17:24 PM Calculated day 173
06/27/2022 11:17:33 PM Calculated day 174
06/27/2022 11:17:41 PM Calculated day 175
06/27/2022 11:17:50 PM Calculated day 176
06/27/2022 11:17:59 PM Calculated day 177
06/27/2022 11:18:08 PM Calculated day 178
06/27/2022 11:18:17 PM Calculated day 179
06/27/2022 11:18:26 PM Calculated day 180
06/27/2022 11:18:35 PM Calculated day 181
06/27/2022 11:18:44 PM Calculated day 182
06/27/2022 11:18:53 PM Calculated day 183
06/27/2022 11:19:02 PM Calculated day 184
06/27/2022 11:19:11 PM Calculated day 185
06/27/2022 11:19:20 PM Calculated day 186
06/27/2022 11:19:29 PM Calculated day 187
06/27/2022 11:19:38 PM Calculated day 188
06/27/2022 11:19:47 PM Calculated day 189
06/27/2022 11:19:56 PM Calculated day 190
06/27/2022 11:20:05 PM Calculated day 191
06/27/2022 11:20:15 PM Calculated day 192
06/27/2022 11:20:24 PM Calculated day 193
06/27/2022 11:20:33 PM Calculated day 194
06/27/2022 11:20:42 PM Calculated day 195
06/27/2022 11:20:51 PM Calculated day 196
06/27/2022 11:21:01 PM Calculated day 197
06/27/2022 11:21:10 PM Calculated day 198
06/27/2022 11:21:19 PM Calculated day 199
06/27/2022 11:21:34 PM Saved data in ./init_value_exp_trial_10:56 PM//dt_150_Q_forcing_0_forcing_y_0_Hmean_200_forcing_phase_speed_0_ms/U_up_days_60//H0_0/
06/27/2022 11:21:34 PM  ========== CODE RAN SUCCESSFULLY, congrats! ================
06/27/2022 11:21:34 PM  -----> Total Time taken = 1487.072  <----
