06/27/2022 08:07:05 PM **********************************
06/27/2022 08:07:05 PM ./init_value_exp_trial_08:07 PM//dt_150_Q_forcing_0_forcing_y_0_Hmean_800_forcing_phase_speed_0_ms/U_up_days_15/
06/27/2022 08:07:05 PM **********************************
06/27/2022 08:07:05 PM Calculated day 0
06/27/2022 08:07:11 PM Calculated day 1
06/27/2022 08:07:16 PM Calculated day 2
06/27/2022 08:07:22 PM Calculated day 3
06/27/2022 08:07:27 PM Calculated day 4
06/27/2022 08:07:33 PM Calculated day 5
06/27/2022 08:07:39 PM Calculated day 6
06/27/2022 08:07:44 PM Calculated day 7
06/27/2022 08:07:50 PM Calculated day 8
06/27/2022 08:07:56 PM Calculated day 9
06/27/2022 08:08:01 PM Calculated day 10
06/27/2022 08:08:07 PM Calculated day 11
06/27/2022 08:08:13 PM Calculated day 12
06/27/2022 08:08:18 PM Calculated day 13
06/27/2022 08:08:24 PM Calculated day 14
06/27/2022 08:08:30 PM Calculated day 15
06/27/2022 08:08:36 PM Calculated day 16
06/27/2022 08:08:42 PM Calculated day 17
06/27/2022 08:08:47 PM Calculated day 18
06/27/2022 08:08:53 PM Calculated day 19
06/27/2022 08:08:59 PM Calculated day 20
06/27/2022 08:09:05 PM Calculated day 21
06/27/2022 08:09:11 PM Calculated day 22
06/27/2022 08:09:17 PM Calculated day 23
06/27/2022 08:09:23 PM Calculated day 24
06/27/2022 08:09:29 PM Calculated day 25
06/27/2022 08:09:35 PM Calculated day 26
06/27/2022 08:09:41 PM Calculated day 27
06/27/2022 08:09:47 PM Calculated day 28
06/27/2022 08:09:53 PM Calculated day 29
06/27/2022 08:09:59 PM Calculated day 30
06/27/2022 08:10:05 PM Calculated day 31
06/27/2022 08:10:11 PM Calculated day 32
06/27/2022 08:10:17 PM Calculated day 33
06/27/2022 08:10:23 PM Calculated day 34
06/27/2022 08:10:29 PM Calculated day 35
06/27/2022 08:10:35 PM Calculated day 36
06/27/2022 08:10:41 PM Calculated day 37
06/27/2022 08:10:48 PM Calculated day 38
06/27/2022 08:10:54 PM Calculated day 39
06/27/2022 08:11:00 PM Calculated day 40
06/27/2022 08:11:06 PM Calculated day 41
06/27/2022 08:11:13 PM Calculated day 42
06/27/2022 08:11:19 PM Calculated day 43
06/27/2022 08:11:25 PM Calculated day 44
06/27/2022 08:11:31 PM Calculated day 45
06/27/2022 08:11:38 PM Calculated day 46
06/27/2022 08:11:44 PM Calculated day 47
06/27/2022 08:11:50 PM Calculated day 48
06/27/2022 08:11:57 PM Calculated day 49
06/27/2022 08:12:03 PM Calculated day 50
06/27/2022 08:12:09 PM Calculated day 51
06/27/2022 08:12:16 PM Calculated day 52
06/27/2022 08:12:22 PM Calculated day 53
06/27/2022 08:12:28 PM Calculated day 54
06/27/2022 08:12:35 PM Calculated day 55
06/27/2022 08:12:41 PM Calculated day 56
06/27/2022 08:12:48 PM Calculated day 57
06/27/2022 08:12:54 PM Calculated day 58
06/27/2022 08:13:01 PM Calculated day 59
06/27/2022 08:13:07 PM Calculated day 60
06/27/2022 08:13:14 PM Calculated day 61
06/27/2022 08:13:20 PM Calculated day 62
06/27/2022 08:13:27 PM Calculated day 63
06/27/2022 08:13:33 PM Calculated day 64
06/27/2022 08:13:40 PM Calculated day 65
06/27/2022 08:13:47 PM Calculated day 66
06/27/2022 08:13:53 PM Calculated day 67
06/27/2022 08:14:00 PM Calculated day 68
06/27/2022 08:14:07 PM Calculated day 69
06/27/2022 08:14:13 PM Calculated day 70
06/27/2022 08:14:20 PM Calculated day 71
06/27/2022 08:14:27 PM Calculated day 72
06/27/2022 08:14:34 PM Calculated day 73
06/27/2022 08:14:40 PM Calculated day 74
06/27/2022 08:14:47 PM Calculated day 75
06/27/2022 08:14:54 PM Calculated day 76
06/27/2022 08:15:01 PM Calculated day 77
06/27/2022 08:15:07 PM Calculated day 78
06/27/2022 08:15:14 PM Calculated day 79
06/27/2022 08:15:21 PM Calculated day 80
06/27/2022 08:15:28 PM Calculated day 81
06/27/2022 08:15:35 PM Calculated day 82
06/27/2022 08:15:42 PM Calculated day 83
06/27/2022 08:15:49 PM Calculated day 84
06/27/2022 08:15:56 PM Calculated day 85
06/27/2022 08:16:03 PM Calculated day 86
06/27/2022 08:16:10 PM Calculated day 87
06/27/2022 08:16:17 PM Calculated day 88
06/27/2022 08:16:24 PM Calculated day 89
06/27/2022 08:16:31 PM Calculated day 90
06/27/2022 08:16:38 PM Calculated day 91
06/27/2022 08:16:45 PM Calculated day 92
06/27/2022 08:16:52 PM Calculated day 93
06/27/2022 08:16:59 PM Calculated day 94
06/27/2022 08:17:06 PM Calculated day 95
06/27/2022 08:17:13 PM Calculated day 96
06/27/2022 08:17:21 PM Calculated day 97
06/27/2022 08:17:28 PM Calculated day 98
06/27/2022 08:17:35 PM Calculated day 99
06/27/2022 08:17:45 PM Saved data in ./init_value_exp_trial_08:07 PM//dt_150_Q_forcing_0_forcing_y_0_Hmean_800_forcing_phase_speed_0_ms/U_up_days_15//H0_0/
06/27/2022 08:17:45 PM  ========== CODE RAN SUCCESSFULLY, congrats! ================
06/27/2022 08:17:45 PM  -----> Total Time taken = 645.381  <----
