09/08/2022 03:41:43 AM **********************************
09/08/2022 03:41:43 AM /data/pbarpanda/spherical_SWE/evaluate_final_budget/static_U_diff_Heq//dt_150_Q_forcing_10_forcing_y_0_Hmean_500.0_forcing_phase_speed_0_ms/H0_3740_Umax_64/
09/08/2022 03:41:43 AM **********************************
09/08/2022 03:41:43 AM Calculated day 0
09/08/2022 03:41:49 AM Calculated day 1
09/08/2022 03:41:56 AM Calculated day 2
09/08/2022 03:42:02 AM Calculated day 3
09/08/2022 03:42:08 AM Calculated day 4
09/08/2022 03:42:15 AM Calculated day 5
09/08/2022 03:42:21 AM Calculated day 6
09/08/2022 03:42:27 AM Calculated day 7
09/08/2022 03:42:33 AM Calculated day 8
09/08/2022 03:42:40 AM Calculated day 9
09/08/2022 03:42:46 AM Calculated day 10
09/08/2022 03:42:52 AM Calculated day 11
09/08/2022 03:42:59 AM Calculated day 12
09/08/2022 03:43:05 AM Calculated day 13
09/08/2022 03:43:11 AM Calculated day 14
09/08/2022 03:43:18 AM Calculated day 15
09/08/2022 03:43:24 AM Calculated day 16
09/08/2022 03:43:30 AM Calculated day 17
09/08/2022 03:43:37 AM Calculated day 18
09/08/2022 03:43:43 AM Calculated day 19
09/08/2022 03:43:49 AM Calculated day 20
09/08/2022 03:43:55 AM Calculated day 21
09/08/2022 03:44:02 AM Calculated day 22
09/08/2022 03:44:08 AM Calculated day 23
09/08/2022 03:44:14 AM Calculated day 24
09/08/2022 03:44:21 AM Calculated day 25
09/08/2022 03:44:27 AM Calculated day 26
09/08/2022 03:44:33 AM Calculated day 27
09/08/2022 03:44:40 AM Calculated day 28
09/08/2022 03:44:46 AM Calculated day 29
09/08/2022 03:44:52 AM Calculated day 30
09/08/2022 03:44:58 AM Calculated day 31
09/08/2022 03:45:05 AM Calculated day 32
09/08/2022 03:45:11 AM Calculated day 33
09/08/2022 03:45:17 AM Calculated day 34
09/08/2022 03:45:24 AM Calculated day 35
09/08/2022 03:45:30 AM Calculated day 36
09/08/2022 03:45:36 AM Calculated day 37
09/08/2022 03:45:43 AM Calculated day 38
09/08/2022 03:45:49 AM Calculated day 39
09/08/2022 03:45:55 AM Calculated day 40
09/08/2022 03:46:02 AM Calculated day 41
09/08/2022 03:46:08 AM Calculated day 42
09/08/2022 03:46:14 AM Calculated day 43
09/08/2022 03:46:21 AM Calculated day 44
09/08/2022 03:46:27 AM Calculated day 45
09/08/2022 03:46:33 AM Calculated day 46
09/08/2022 03:46:39 AM Calculated day 47
09/08/2022 03:46:46 AM Calculated day 48
09/08/2022 03:46:52 AM Calculated day 49
09/08/2022 03:46:58 AM Calculated day 50
09/08/2022 03:47:05 AM Calculated day 51
09/08/2022 03:47:11 AM Calculated day 52
09/08/2022 03:47:17 AM Calculated day 53
09/08/2022 03:47:24 AM Calculated day 54
09/08/2022 03:47:30 AM Calculated day 55
09/08/2022 03:47:36 AM Calculated day 56
09/08/2022 03:47:43 AM Calculated day 57
09/08/2022 03:47:49 AM Calculated day 58
09/08/2022 03:47:55 AM Calculated day 59
09/08/2022 03:48:01 AM Calculated day 60
09/08/2022 03:48:08 AM Calculated day 61
09/08/2022 03:48:14 AM Calculated day 62
09/08/2022 03:48:20 AM Calculated day 63
09/08/2022 03:48:27 AM Calculated day 64
09/08/2022 03:48:33 AM Calculated day 65
09/08/2022 03:48:39 AM Calculated day 66
09/08/2022 03:48:46 AM Calculated day 67
09/08/2022 03:48:52 AM Calculated day 68
09/08/2022 03:48:58 AM Calculated day 69
09/08/2022 03:49:05 AM Calculated day 70
09/08/2022 03:49:11 AM Calculated day 71
09/08/2022 03:49:17 AM Calculated day 72
09/08/2022 03:49:24 AM Calculated day 73
09/08/2022 03:49:30 AM Calculated day 74
09/08/2022 03:49:36 AM Calculated day 75
09/08/2022 03:49:43 AM Calculated day 76
09/08/2022 03:49:49 AM Calculated day 77
09/08/2022 03:49:55 AM Calculated day 78
09/08/2022 03:50:01 AM Calculated day 79
09/08/2022 03:50:08 AM Calculated day 80
09/08/2022 03:50:14 AM Calculated day 81
09/08/2022 03:50:20 AM Calculated day 82
09/08/2022 03:50:27 AM Calculated day 83
09/08/2022 03:50:33 AM Calculated day 84
09/08/2022 03:50:39 AM Calculated day 85
09/08/2022 03:50:46 AM Calculated day 86
09/08/2022 03:50:52 AM Calculated day 87
09/08/2022 03:50:58 AM Calculated day 88
09/08/2022 03:51:05 AM Calculated day 89
09/08/2022 03:51:11 AM Calculated day 90
09/08/2022 03:51:17 AM Calculated day 91
09/08/2022 03:51:24 AM Calculated day 92
09/08/2022 03:51:30 AM Calculated day 93
09/08/2022 03:51:36 AM Calculated day 94
09/08/2022 03:51:42 AM Calculated day 95
09/08/2022 03:51:49 AM Calculated day 96
09/08/2022 03:51:55 AM Calculated day 97
09/08/2022 03:52:01 AM Calculated day 98
09/08/2022 03:52:08 AM Calculated day 99
09/08/2022 03:52:14 AM Calculated day 100
09/08/2022 03:52:20 AM Calculated day 101
09/08/2022 03:52:27 AM Calculated day 102
09/08/2022 03:52:33 AM Calculated day 103
09/08/2022 03:52:39 AM Calculated day 104
09/08/2022 03:52:46 AM Calculated day 105
09/08/2022 03:52:52 AM Calculated day 106
09/08/2022 03:52:58 AM Calculated day 107
09/08/2022 03:53:05 AM Calculated day 108
09/08/2022 03:53:11 AM Calculated day 109
09/08/2022 03:53:17 AM Calculated day 110
09/08/2022 03:53:24 AM Calculated day 111
09/08/2022 03:53:30 AM Calculated day 112
09/08/2022 03:53:36 AM Calculated day 113
09/08/2022 03:53:43 AM Calculated day 114
09/08/2022 03:53:49 AM Calculated day 115
09/08/2022 03:53:55 AM Calculated day 116
09/08/2022 03:54:01 AM Calculated day 117
09/08/2022 03:54:08 AM Calculated day 118
09/08/2022 03:54:14 AM Calculated day 119
09/08/2022 03:54:20 AM Calculated day 120
09/08/2022 03:54:27 AM Calculated day 121
09/08/2022 03:54:33 AM Calculated day 122
09/08/2022 03:54:39 AM Calculated day 123
09/08/2022 03:54:46 AM Calculated day 124
09/08/2022 03:54:52 AM Calculated day 125
09/08/2022 03:54:58 AM Calculated day 126
09/08/2022 03:55:05 AM Calculated day 127
09/08/2022 03:55:11 AM Calculated day 128
09/08/2022 03:55:17 AM Calculated day 129
09/08/2022 03:55:24 AM Calculated day 130
09/08/2022 03:55:30 AM Calculated day 131
09/08/2022 03:55:36 AM Calculated day 132
09/08/2022 03:55:43 AM Calculated day 133
09/08/2022 03:55:49 AM Calculated day 134
09/08/2022 03:55:56 AM Calculated day 135
09/08/2022 03:56:03 AM Calculated day 136
09/08/2022 03:56:10 AM Calculated day 137
09/08/2022 03:56:16 AM Calculated day 138
09/08/2022 03:56:23 AM Calculated day 139
09/08/2022 03:56:29 AM Calculated day 140
09/08/2022 03:56:36 AM Calculated day 141
09/08/2022 03:56:42 AM Calculated day 142
09/08/2022 03:56:48 AM Calculated day 143
09/08/2022 03:56:55 AM Calculated day 144
09/08/2022 03:57:01 AM Calculated day 145
09/08/2022 03:57:07 AM Calculated day 146
09/08/2022 03:57:14 AM Calculated day 147
09/08/2022 03:57:20 AM Calculated day 148
09/08/2022 03:57:26 AM Calculated day 149
09/08/2022 03:57:33 AM Calculated day 150
09/08/2022 03:57:39 AM Calculated day 151
09/08/2022 03:57:45 AM Calculated day 152
09/08/2022 03:57:52 AM Calculated day 153
09/08/2022 03:57:58 AM Calculated day 154
09/08/2022 03:58:04 AM Calculated day 155
09/08/2022 03:58:11 AM Calculated day 156
09/08/2022 03:58:17 AM Calculated day 157
09/08/2022 03:58:23 AM Calculated day 158
09/08/2022 03:58:30 AM Calculated day 159
09/08/2022 03:58:36 AM Calculated day 160
09/08/2022 03:58:42 AM Calculated day 161
09/08/2022 03:58:49 AM Calculated day 162
09/08/2022 03:58:55 AM Calculated day 163
09/08/2022 03:59:01 AM Calculated day 164
09/08/2022 03:59:08 AM Calculated day 165
09/08/2022 03:59:14 AM Calculated day 166
09/08/2022 03:59:20 AM Calculated day 167
09/08/2022 03:59:27 AM Calculated day 168
09/08/2022 03:59:33 AM Calculated day 169
09/08/2022 03:59:39 AM Calculated day 170
09/08/2022 03:59:46 AM Calculated day 171
09/08/2022 03:59:52 AM Calculated day 172
09/08/2022 03:59:58 AM Calculated day 173
09/08/2022 04:00:05 AM Calculated day 174
09/08/2022 04:00:11 AM Calculated day 175
09/08/2022 04:00:17 AM Calculated day 176
09/08/2022 04:00:23 AM Calculated day 177
09/08/2022 04:00:30 AM Calculated day 178
09/08/2022 04:00:36 AM Calculated day 179
09/08/2022 04:00:42 AM Calculated day 180
09/08/2022 04:00:49 AM Calculated day 181
09/08/2022 04:00:55 AM Calculated day 182
09/08/2022 04:01:01 AM Calculated day 183
09/08/2022 04:01:08 AM Calculated day 184
09/08/2022 04:01:14 AM Calculated day 185
09/08/2022 04:01:20 AM Calculated day 186
09/08/2022 04:01:27 AM Calculated day 187
09/08/2022 04:01:33 AM Calculated day 188
09/08/2022 04:01:39 AM Calculated day 189
09/08/2022 04:01:46 AM Calculated day 190
09/08/2022 04:01:52 AM Calculated day 191
09/08/2022 04:01:58 AM Calculated day 192
09/08/2022 04:02:05 AM Calculated day 193
09/08/2022 04:02:11 AM Calculated day 194
09/08/2022 04:02:17 AM Calculated day 195
09/08/2022 04:02:24 AM Calculated day 196
09/08/2022 04:02:30 AM Calculated day 197
09/08/2022 04:02:36 AM Calculated day 198
09/08/2022 04:02:43 AM Calculated day 199
09/08/2022 04:03:44 AM Saved data in /data/pbarpanda/spherical_SWE/evaluate_final_budget/static_U_diff_Heq//dt_150_Q_forcing_10_forcing_y_0_Hmean_500.0_forcing_phase_speed_0_ms/H0_3740_Umax_64//H0_3740/
09/08/2022 04:03:44 AM  ========== CODE RAN SUCCESSFULLY, congrats! ================
09/08/2022 04:03:44 AM  -----> Total Time taken = 1320.857  <----
