09/08/2022 04:25:19 AM **********************************
09/08/2022 04:25:19 AM /data/pbarpanda/spherical_SWE/evaluate_final_budget/static_U_diff_Heq//dt_150_Q_forcing_10_forcing_y_0_Hmean_500.0_forcing_phase_speed_0_ms/H0_4241_Umax_72/
09/08/2022 04:25:19 AM **********************************
09/08/2022 04:25:19 AM Calculated day 0
09/08/2022 04:25:25 AM Calculated day 1
09/08/2022 04:25:31 AM Calculated day 2
09/08/2022 04:25:38 AM Calculated day 3
09/08/2022 04:25:44 AM Calculated day 4
09/08/2022 04:25:50 AM Calculated day 5
09/08/2022 04:25:56 AM Calculated day 6
09/08/2022 04:26:03 AM Calculated day 7
09/08/2022 04:26:09 AM Calculated day 8
09/08/2022 04:26:15 AM Calculated day 9
09/08/2022 04:26:22 AM Calculated day 10
09/08/2022 04:26:28 AM Calculated day 11
09/08/2022 04:26:34 AM Calculated day 12
09/08/2022 04:26:41 AM Calculated day 13
09/08/2022 04:26:47 AM Calculated day 14
09/08/2022 04:26:53 AM Calculated day 15
09/08/2022 04:27:00 AM Calculated day 16
09/08/2022 04:27:06 AM Calculated day 17
09/08/2022 04:27:12 AM Calculated day 18
09/08/2022 04:27:18 AM Calculated day 19
09/08/2022 04:27:25 AM Calculated day 20
09/08/2022 04:27:31 AM Calculated day 21
09/08/2022 04:27:37 AM Calculated day 22
09/08/2022 04:27:44 AM Calculated day 23
09/08/2022 04:27:50 AM Calculated day 24
09/08/2022 04:27:56 AM Calculated day 25
09/08/2022 04:28:03 AM Calculated day 26
09/08/2022 04:28:09 AM Calculated day 27
09/08/2022 04:28:15 AM Calculated day 28
09/08/2022 04:28:22 AM Calculated day 29
09/08/2022 04:28:28 AM Calculated day 30
09/08/2022 04:28:34 AM Calculated day 31
09/08/2022 04:28:41 AM Calculated day 32
09/08/2022 04:28:47 AM Calculated day 33
09/08/2022 04:28:53 AM Calculated day 34
09/08/2022 04:28:59 AM Calculated day 35
09/08/2022 04:29:06 AM Calculated day 36
09/08/2022 04:29:12 AM Calculated day 37
09/08/2022 04:29:18 AM Calculated day 38
09/08/2022 04:29:25 AM Calculated day 39
09/08/2022 04:29:31 AM Calculated day 40
09/08/2022 04:29:37 AM Calculated day 41
09/08/2022 04:29:44 AM Calculated day 42
09/08/2022 04:29:50 AM Calculated day 43
09/08/2022 04:29:56 AM Calculated day 44
09/08/2022 04:30:03 AM Calculated day 45
09/08/2022 04:30:09 AM Calculated day 46
09/08/2022 04:30:15 AM Calculated day 47
09/08/2022 04:30:22 AM Calculated day 48
09/08/2022 04:30:28 AM Calculated day 49
09/08/2022 04:30:34 AM Calculated day 50
09/08/2022 04:30:40 AM Calculated day 51
09/08/2022 04:30:47 AM Calculated day 52
09/08/2022 04:30:53 AM Calculated day 53
09/08/2022 04:30:59 AM Calculated day 54
09/08/2022 04:31:06 AM Calculated day 55
09/08/2022 04:31:12 AM Calculated day 56
09/08/2022 04:31:18 AM Calculated day 57
09/08/2022 04:31:25 AM Calculated day 58
09/08/2022 04:31:31 AM Calculated day 59
09/08/2022 04:31:37 AM Calculated day 60
09/08/2022 04:31:44 AM Calculated day 61
09/08/2022 04:31:50 AM Calculated day 62
09/08/2022 04:31:56 AM Calculated day 63
09/08/2022 04:32:03 AM Calculated day 64
09/08/2022 04:32:09 AM Calculated day 65
09/08/2022 04:32:15 AM Calculated day 66
09/08/2022 04:32:21 AM Calculated day 67
09/08/2022 04:32:28 AM Calculated day 68
09/08/2022 04:32:34 AM Calculated day 69
09/08/2022 04:32:40 AM Calculated day 70
09/08/2022 04:32:47 AM Calculated day 71
09/08/2022 04:32:53 AM Calculated day 72
09/08/2022 04:32:59 AM Calculated day 73
09/08/2022 04:33:06 AM Calculated day 74
09/08/2022 04:33:12 AM Calculated day 75
09/08/2022 04:33:18 AM Calculated day 76
09/08/2022 04:33:25 AM Calculated day 77
09/08/2022 04:33:31 AM Calculated day 78
09/08/2022 04:33:37 AM Calculated day 79
09/08/2022 04:33:44 AM Calculated day 80
09/08/2022 04:33:50 AM Calculated day 81
09/08/2022 04:33:56 AM Calculated day 82
09/08/2022 04:34:02 AM Calculated day 83
09/08/2022 04:34:09 AM Calculated day 84
09/08/2022 04:34:15 AM Calculated day 85
09/08/2022 04:34:21 AM Calculated day 86
09/08/2022 04:34:28 AM Calculated day 87
09/08/2022 04:34:34 AM Calculated day 88
09/08/2022 04:34:40 AM Calculated day 89
09/08/2022 04:34:47 AM Calculated day 90
09/08/2022 04:34:53 AM Calculated day 91
09/08/2022 04:34:59 AM Calculated day 92
09/08/2022 04:35:06 AM Calculated day 93
09/08/2022 04:35:12 AM Calculated day 94
09/08/2022 04:35:18 AM Calculated day 95
09/08/2022 04:35:25 AM Calculated day 96
09/08/2022 04:35:31 AM Calculated day 97
09/08/2022 04:35:37 AM Calculated day 98
09/08/2022 04:35:43 AM Calculated day 99
09/08/2022 04:35:50 AM Calculated day 100
09/08/2022 04:35:56 AM Calculated day 101
09/08/2022 04:36:02 AM Calculated day 102
09/08/2022 04:36:09 AM Calculated day 103
09/08/2022 04:36:15 AM Calculated day 104
09/08/2022 04:36:21 AM Calculated day 105
09/08/2022 04:36:28 AM Calculated day 106
09/08/2022 04:36:34 AM Calculated day 107
09/08/2022 04:36:40 AM Calculated day 108
09/08/2022 04:36:47 AM Calculated day 109
09/08/2022 04:36:53 AM Calculated day 110
09/08/2022 04:36:59 AM Calculated day 111
09/08/2022 04:37:06 AM Calculated day 112
09/08/2022 04:37:12 AM Calculated day 113
09/08/2022 04:37:18 AM Calculated day 114
09/08/2022 04:37:25 AM Calculated day 115
09/08/2022 04:37:31 AM Calculated day 116
09/08/2022 04:37:37 AM Calculated day 117
09/08/2022 04:37:44 AM Calculated day 118
09/08/2022 04:37:50 AM Calculated day 119
09/08/2022 04:37:56 AM Calculated day 120
09/08/2022 04:38:03 AM Calculated day 121
09/08/2022 04:38:09 AM Calculated day 122
09/08/2022 04:38:15 AM Calculated day 123
09/08/2022 04:38:22 AM Calculated day 124
09/08/2022 04:38:28 AM Calculated day 125
09/08/2022 04:38:34 AM Calculated day 126
09/08/2022 04:38:41 AM Calculated day 127
09/08/2022 04:38:47 AM Calculated day 128
09/08/2022 04:38:53 AM Calculated day 129
09/08/2022 04:39:00 AM Calculated day 130
09/08/2022 04:39:06 AM Calculated day 131
09/08/2022 04:39:12 AM Calculated day 132
09/08/2022 04:39:18 AM Calculated day 133
09/08/2022 04:39:25 AM Calculated day 134
09/08/2022 04:39:31 AM Calculated day 135
09/08/2022 04:39:38 AM Calculated day 136
09/08/2022 04:39:44 AM Calculated day 137
09/08/2022 04:39:50 AM Calculated day 138
09/08/2022 04:39:56 AM Calculated day 139
09/08/2022 04:40:03 AM Calculated day 140
09/08/2022 04:40:09 AM Calculated day 141
09/08/2022 04:40:15 AM Calculated day 142
09/08/2022 04:40:22 AM Calculated day 143
09/08/2022 04:40:28 AM Calculated day 144
09/08/2022 04:40:34 AM Calculated day 145
09/08/2022 04:40:41 AM Calculated day 146
09/08/2022 04:40:47 AM Calculated day 147
09/08/2022 04:40:53 AM Calculated day 148
09/08/2022 04:41:00 AM Calculated day 149
09/08/2022 04:41:06 AM Calculated day 150
09/08/2022 04:41:12 AM Calculated day 151
09/08/2022 04:41:19 AM Calculated day 152
09/08/2022 04:41:25 AM Calculated day 153
09/08/2022 04:41:31 AM Calculated day 154
09/08/2022 04:41:38 AM Calculated day 155
09/08/2022 04:41:44 AM Calculated day 156
09/08/2022 04:41:50 AM Calculated day 157
09/08/2022 04:41:57 AM Calculated day 158
09/08/2022 04:42:03 AM Calculated day 159
09/08/2022 04:42:09 AM Calculated day 160
09/08/2022 04:42:16 AM Calculated day 161
09/08/2022 04:42:22 AM Calculated day 162
09/08/2022 04:42:28 AM Calculated day 163
09/08/2022 04:42:35 AM Calculated day 164
09/08/2022 04:42:41 AM Calculated day 165
09/08/2022 04:42:47 AM Calculated day 166
09/08/2022 04:42:53 AM Calculated day 167
09/08/2022 04:43:00 AM Calculated day 168
09/08/2022 04:43:06 AM Calculated day 169
09/08/2022 04:43:12 AM Calculated day 170
09/08/2022 04:43:19 AM Calculated day 171
09/08/2022 04:43:25 AM Calculated day 172
09/08/2022 04:43:31 AM Calculated day 173
09/08/2022 04:43:38 AM Calculated day 174
09/08/2022 04:43:44 AM Calculated day 175
09/08/2022 04:43:50 AM Calculated day 176
09/08/2022 04:43:57 AM Calculated day 177
09/08/2022 04:44:03 AM Calculated day 178
09/08/2022 04:44:09 AM Calculated day 179
09/08/2022 04:44:16 AM Calculated day 180
09/08/2022 04:44:22 AM Calculated day 181
09/08/2022 04:44:28 AM Calculated day 182
09/08/2022 04:44:35 AM Calculated day 183
09/08/2022 04:44:41 AM Calculated day 184
09/08/2022 04:44:47 AM Calculated day 185
09/08/2022 04:44:54 AM Calculated day 186
09/08/2022 04:45:00 AM Calculated day 187
09/08/2022 04:45:06 AM Calculated day 188
09/08/2022 04:45:13 AM Calculated day 189
09/08/2022 04:45:19 AM Calculated day 190
09/08/2022 04:45:25 AM Calculated day 191
09/08/2022 04:45:32 AM Calculated day 192
09/08/2022 04:45:38 AM Calculated day 193
09/08/2022 04:45:44 AM Calculated day 194
09/08/2022 04:45:51 AM Calculated day 195
09/08/2022 04:45:57 AM Calculated day 196
09/08/2022 04:46:03 AM Calculated day 197
09/08/2022 04:46:09 AM Calculated day 198
09/08/2022 04:46:16 AM Calculated day 199
09/08/2022 04:47:17 AM Saved data in /data/pbarpanda/spherical_SWE/evaluate_final_budget/static_U_diff_Heq//dt_150_Q_forcing_10_forcing_y_0_Hmean_500.0_forcing_phase_speed_0_ms/H0_4241_Umax_72//H0_4241/
09/08/2022 04:47:17 AM  ========== CODE RAN SUCCESSFULLY, congrats! ================
09/08/2022 04:47:17 AM  -----> Total Time taken = 1318.509  <----
