09/08/2022 02:14:27 AM **********************************
09/08/2022 02:14:27 AM /data/pbarpanda/spherical_SWE/evaluate_final_budget/static_U_diff_Heq//dt_150_Q_forcing_10_forcing_y_0_Hmean_500.0_forcing_phase_speed_0_ms/H0_2772_Umax_48/
09/08/2022 02:14:27 AM **********************************
09/08/2022 02:14:27 AM Calculated day 0
09/08/2022 02:14:34 AM Calculated day 1
09/08/2022 02:14:40 AM Calculated day 2
09/08/2022 02:14:46 AM Calculated day 3
09/08/2022 02:14:53 AM Calculated day 4
09/08/2022 02:14:59 AM Calculated day 5
09/08/2022 02:15:05 AM Calculated day 6
09/08/2022 02:15:11 AM Calculated day 7
09/08/2022 02:15:18 AM Calculated day 8
09/08/2022 02:15:24 AM Calculated day 9
09/08/2022 02:15:30 AM Calculated day 10
09/08/2022 02:15:37 AM Calculated day 11
09/08/2022 02:15:43 AM Calculated day 12
09/08/2022 02:15:49 AM Calculated day 13
09/08/2022 02:15:56 AM Calculated day 14
09/08/2022 02:16:02 AM Calculated day 15
09/08/2022 02:16:08 AM Calculated day 16
09/08/2022 02:16:15 AM Calculated day 17
09/08/2022 02:16:21 AM Calculated day 18
09/08/2022 02:16:27 AM Calculated day 19
09/08/2022 02:16:33 AM Calculated day 20
09/08/2022 02:16:40 AM Calculated day 21
09/08/2022 02:16:46 AM Calculated day 22
09/08/2022 02:16:52 AM Calculated day 23
09/08/2022 02:16:59 AM Calculated day 24
09/08/2022 02:17:05 AM Calculated day 25
09/08/2022 02:17:11 AM Calculated day 26
09/08/2022 02:17:18 AM Calculated day 27
09/08/2022 02:17:24 AM Calculated day 28
09/08/2022 02:17:30 AM Calculated day 29
09/08/2022 02:17:37 AM Calculated day 30
09/08/2022 02:17:43 AM Calculated day 31
09/08/2022 02:17:49 AM Calculated day 32
09/08/2022 02:17:55 AM Calculated day 33
09/08/2022 02:18:02 AM Calculated day 34
09/08/2022 02:18:08 AM Calculated day 35
09/08/2022 02:18:14 AM Calculated day 36
09/08/2022 02:18:21 AM Calculated day 37
09/08/2022 02:18:27 AM Calculated day 38
09/08/2022 02:18:33 AM Calculated day 39
09/08/2022 02:18:40 AM Calculated day 40
09/08/2022 02:18:46 AM Calculated day 41
09/08/2022 02:18:52 AM Calculated day 42
09/08/2022 02:18:59 AM Calculated day 43
09/08/2022 02:19:05 AM Calculated day 44
09/08/2022 02:19:11 AM Calculated day 45
09/08/2022 02:19:18 AM Calculated day 46
09/08/2022 02:19:24 AM Calculated day 47
09/08/2022 02:19:30 AM Calculated day 48
09/08/2022 02:19:36 AM Calculated day 49
09/08/2022 02:19:43 AM Calculated day 50
09/08/2022 02:19:49 AM Calculated day 51
09/08/2022 02:19:55 AM Calculated day 52
09/08/2022 02:20:02 AM Calculated day 53
09/08/2022 02:20:08 AM Calculated day 54
09/08/2022 02:20:14 AM Calculated day 55
09/08/2022 02:20:21 AM Calculated day 56
09/08/2022 02:20:27 AM Calculated day 57
09/08/2022 02:20:33 AM Calculated day 58
09/08/2022 02:20:40 AM Calculated day 59
09/08/2022 02:20:46 AM Calculated day 60
09/08/2022 02:20:52 AM Calculated day 61
09/08/2022 02:20:58 AM Calculated day 62
09/08/2022 02:21:05 AM Calculated day 63
09/08/2022 02:21:11 AM Calculated day 64
09/08/2022 02:21:17 AM Calculated day 65
09/08/2022 02:21:24 AM Calculated day 66
09/08/2022 02:21:30 AM Calculated day 67
09/08/2022 02:21:36 AM Calculated day 68
09/08/2022 02:21:43 AM Calculated day 69
09/08/2022 02:21:49 AM Calculated day 70
09/08/2022 02:21:55 AM Calculated day 71
09/08/2022 02:22:02 AM Calculated day 72
09/08/2022 02:22:08 AM Calculated day 73
09/08/2022 02:22:14 AM Calculated day 74
09/08/2022 02:22:20 AM Calculated day 75
09/08/2022 02:22:27 AM Calculated day 76
09/08/2022 02:22:33 AM Calculated day 77
09/08/2022 02:22:39 AM Calculated day 78
09/08/2022 02:22:46 AM Calculated day 79
09/08/2022 02:22:52 AM Calculated day 80
09/08/2022 02:22:58 AM Calculated day 81
09/08/2022 02:23:05 AM Calculated day 82
09/08/2022 02:23:11 AM Calculated day 83
09/08/2022 02:23:17 AM Calculated day 84
09/08/2022 02:23:24 AM Calculated day 85
09/08/2022 02:23:30 AM Calculated day 86
09/08/2022 02:23:36 AM Calculated day 87
09/08/2022 02:23:43 AM Calculated day 88
09/08/2022 02:23:49 AM Calculated day 89
09/08/2022 02:23:55 AM Calculated day 90
09/08/2022 02:24:01 AM Calculated day 91
09/08/2022 02:24:08 AM Calculated day 92
09/08/2022 02:24:14 AM Calculated day 93
09/08/2022 02:24:20 AM Calculated day 94
09/08/2022 02:24:27 AM Calculated day 95
09/08/2022 02:24:33 AM Calculated day 96
09/08/2022 02:24:39 AM Calculated day 97
09/08/2022 02:24:46 AM Calculated day 98
09/08/2022 02:24:52 AM Calculated day 99
09/08/2022 02:24:58 AM Calculated day 100
09/08/2022 02:25:05 AM Calculated day 101
09/08/2022 02:25:11 AM Calculated day 102
09/08/2022 02:25:17 AM Calculated day 103
09/08/2022 02:25:24 AM Calculated day 104
09/08/2022 02:25:30 AM Calculated day 105
09/08/2022 02:25:36 AM Calculated day 106
09/08/2022 02:25:43 AM Calculated day 107
09/08/2022 02:25:49 AM Calculated day 108
09/08/2022 02:25:55 AM Calculated day 109
09/08/2022 02:26:02 AM Calculated day 110
09/08/2022 02:26:08 AM Calculated day 111
09/08/2022 02:26:14 AM Calculated day 112
09/08/2022 02:26:21 AM Calculated day 113
09/08/2022 02:26:27 AM Calculated day 114
09/08/2022 02:26:33 AM Calculated day 115
09/08/2022 02:26:39 AM Calculated day 116
09/08/2022 02:26:46 AM Calculated day 117
09/08/2022 02:26:52 AM Calculated day 118
09/08/2022 02:26:58 AM Calculated day 119
09/08/2022 02:27:05 AM Calculated day 120
09/08/2022 02:27:11 AM Calculated day 121
09/08/2022 02:27:17 AM Calculated day 122
09/08/2022 02:27:24 AM Calculated day 123
09/08/2022 02:27:30 AM Calculated day 124
09/08/2022 02:27:36 AM Calculated day 125
09/08/2022 02:27:43 AM Calculated day 126
09/08/2022 02:27:49 AM Calculated day 127
09/08/2022 02:27:55 AM Calculated day 128
09/08/2022 02:28:02 AM Calculated day 129
09/08/2022 02:28:08 AM Calculated day 130
09/08/2022 02:28:14 AM Calculated day 131
09/08/2022 02:28:21 AM Calculated day 132
09/08/2022 02:28:27 AM Calculated day 133
09/08/2022 02:28:33 AM Calculated day 134
09/08/2022 02:28:40 AM Calculated day 135
09/08/2022 02:28:46 AM Calculated day 136
09/08/2022 02:28:52 AM Calculated day 137
09/08/2022 02:28:59 AM Calculated day 138
09/08/2022 02:29:05 AM Calculated day 139
09/08/2022 02:29:11 AM Calculated day 140
09/08/2022 02:29:17 AM Calculated day 141
09/08/2022 02:29:24 AM Calculated day 142
09/08/2022 02:29:30 AM Calculated day 143
09/08/2022 02:29:36 AM Calculated day 144
09/08/2022 02:29:43 AM Calculated day 145
09/08/2022 02:29:49 AM Calculated day 146
09/08/2022 02:29:55 AM Calculated day 147
09/08/2022 02:30:02 AM Calculated day 148
09/08/2022 02:30:08 AM Calculated day 149
09/08/2022 02:30:14 AM Calculated day 150
09/08/2022 02:30:21 AM Calculated day 151
09/08/2022 02:30:27 AM Calculated day 152
09/08/2022 02:30:33 AM Calculated day 153
09/08/2022 02:30:40 AM Calculated day 154
09/08/2022 02:30:46 AM Calculated day 155
09/08/2022 02:30:52 AM Calculated day 156
09/08/2022 02:30:59 AM Calculated day 157
09/08/2022 02:31:05 AM Calculated day 158
09/08/2022 02:31:11 AM Calculated day 159
09/08/2022 02:31:18 AM Calculated day 160
09/08/2022 02:31:24 AM Calculated day 161
09/08/2022 02:31:30 AM Calculated day 162
09/08/2022 02:31:37 AM Calculated day 163
09/08/2022 02:31:43 AM Calculated day 164
09/08/2022 02:31:49 AM Calculated day 165
09/08/2022 02:31:56 AM Calculated day 166
09/08/2022 02:32:02 AM Calculated day 167
09/08/2022 02:32:08 AM Calculated day 168
09/08/2022 02:32:14 AM Calculated day 169
09/08/2022 02:32:21 AM Calculated day 170
09/08/2022 02:32:27 AM Calculated day 171
09/08/2022 02:32:33 AM Calculated day 172
09/08/2022 02:32:40 AM Calculated day 173
09/08/2022 02:32:46 AM Calculated day 174
09/08/2022 02:32:52 AM Calculated day 175
09/08/2022 02:32:59 AM Calculated day 176
09/08/2022 02:33:05 AM Calculated day 177
09/08/2022 02:33:11 AM Calculated day 178
09/08/2022 02:33:18 AM Calculated day 179
09/08/2022 02:33:24 AM Calculated day 180
09/08/2022 02:33:30 AM Calculated day 181
09/08/2022 02:33:37 AM Calculated day 182
09/08/2022 02:33:43 AM Calculated day 183
09/08/2022 02:33:49 AM Calculated day 184
09/08/2022 02:33:56 AM Calculated day 185
09/08/2022 02:34:02 AM Calculated day 186
09/08/2022 02:34:08 AM Calculated day 187
09/08/2022 02:34:15 AM Calculated day 188
09/08/2022 02:34:21 AM Calculated day 189
09/08/2022 02:34:27 AM Calculated day 190
09/08/2022 02:34:33 AM Calculated day 191
09/08/2022 02:34:40 AM Calculated day 192
09/08/2022 02:34:46 AM Calculated day 193
09/08/2022 02:34:52 AM Calculated day 194
09/08/2022 02:34:59 AM Calculated day 195
09/08/2022 02:35:05 AM Calculated day 196
09/08/2022 02:35:11 AM Calculated day 197
09/08/2022 02:35:18 AM Calculated day 198
09/08/2022 02:35:24 AM Calculated day 199
09/08/2022 02:36:26 AM Saved data in /data/pbarpanda/spherical_SWE/evaluate_final_budget/static_U_diff_Heq//dt_150_Q_forcing_10_forcing_y_0_Hmean_500.0_forcing_phase_speed_0_ms/H0_2772_Umax_48//H0_2772/
09/08/2022 02:36:26 AM  ========== CODE RAN SUCCESSFULLY, congrats! ================
09/08/2022 02:36:26 AM  -----> Total Time taken = 1318.845  <----
