09/07/2022 11:57:53 PM **********************************
09/07/2022 11:57:53 PM /data/pbarpanda/spherical_SWE/evaluate_final_budget/static_U_diff_Heq//dt_150_Q_forcing_10_forcing_y_0_Hmean_500.0_forcing_phase_speed_0_ms/H0_1380_Umax_24/
09/07/2022 11:57:53 PM **********************************
09/07/2022 11:57:53 PM Calculated day 0
09/07/2022 11:57:59 PM Calculated day 1
09/07/2022 11:58:06 PM Calculated day 2
09/07/2022 11:58:13 PM Calculated day 3
09/07/2022 11:58:19 PM Calculated day 4
09/07/2022 11:58:26 PM Calculated day 5
09/07/2022 11:58:33 PM Calculated day 6
09/07/2022 11:58:39 PM Calculated day 7
09/07/2022 11:58:46 PM Calculated day 8
09/07/2022 11:58:53 PM Calculated day 9
09/07/2022 11:58:59 PM Calculated day 10
09/07/2022 11:59:06 PM Calculated day 11
09/07/2022 11:59:13 PM Calculated day 12
09/07/2022 11:59:19 PM Calculated day 13
09/07/2022 11:59:26 PM Calculated day 14
09/07/2022 11:59:33 PM Calculated day 15
09/07/2022 11:59:39 PM Calculated day 16
09/07/2022 11:59:46 PM Calculated day 17
09/07/2022 11:59:53 PM Calculated day 18
09/07/2022 11:59:59 PM Calculated day 19
09/08/2022 12:00:07 AM Calculated day 20
09/08/2022 12:00:15 AM Calculated day 21
09/08/2022 12:00:22 AM Calculated day 22
09/08/2022 12:00:29 AM Calculated day 23
09/08/2022 12:00:36 AM Calculated day 24
09/08/2022 12:00:43 AM Calculated day 25
09/08/2022 12:00:50 AM Calculated day 26
09/08/2022 12:00:57 AM Calculated day 27
09/08/2022 12:01:04 AM Calculated day 28
09/08/2022 12:01:12 AM Calculated day 29
09/08/2022 12:01:19 AM Calculated day 30
09/08/2022 12:01:26 AM Calculated day 31
09/08/2022 12:01:33 AM Calculated day 32
09/08/2022 12:01:40 AM Calculated day 33
09/08/2022 12:01:47 AM Calculated day 34
09/08/2022 12:01:54 AM Calculated day 35
09/08/2022 12:02:01 AM Calculated day 36
09/08/2022 12:02:09 AM Calculated day 37
09/08/2022 12:02:16 AM Calculated day 38
09/08/2022 12:02:23 AM Calculated day 39
09/08/2022 12:02:30 AM Calculated day 40
09/08/2022 12:02:37 AM Calculated day 41
09/08/2022 12:02:45 AM Calculated day 42
09/08/2022 12:02:52 AM Calculated day 43
09/08/2022 12:02:59 AM Calculated day 44
09/08/2022 12:03:06 AM Calculated day 45
09/08/2022 12:03:14 AM Calculated day 46
09/08/2022 12:03:21 AM Calculated day 47
09/08/2022 12:03:28 AM Calculated day 48
09/08/2022 12:03:35 AM Calculated day 49
09/08/2022 12:03:43 AM Calculated day 50
09/08/2022 12:03:50 AM Calculated day 51
09/08/2022 12:03:57 AM Calculated day 52
09/08/2022 12:04:04 AM Calculated day 53
09/08/2022 12:04:12 AM Calculated day 54
09/08/2022 12:04:19 AM Calculated day 55
09/08/2022 12:04:26 AM Calculated day 56
09/08/2022 12:04:34 AM Calculated day 57
09/08/2022 12:04:41 AM Calculated day 58
09/08/2022 12:04:48 AM Calculated day 59
09/08/2022 12:04:56 AM Calculated day 60
09/08/2022 12:05:03 AM Calculated day 61
09/08/2022 12:05:10 AM Calculated day 62
09/08/2022 12:05:18 AM Calculated day 63
09/08/2022 12:05:25 AM Calculated day 64
09/08/2022 12:05:32 AM Calculated day 65
09/08/2022 12:05:39 AM Calculated day 66
09/08/2022 12:05:47 AM Calculated day 67
09/08/2022 12:05:54 AM Calculated day 68
09/08/2022 12:06:01 AM Calculated day 69
09/08/2022 12:06:09 AM Calculated day 70
09/08/2022 12:06:16 AM Calculated day 71
09/08/2022 12:06:24 AM Calculated day 72
09/08/2022 12:06:31 AM Calculated day 73
09/08/2022 12:06:38 AM Calculated day 74
09/08/2022 12:06:45 AM Calculated day 75
09/08/2022 12:06:53 AM Calculated day 76
09/08/2022 12:07:00 AM Calculated day 77
09/08/2022 12:07:07 AM Calculated day 78
09/08/2022 12:07:15 AM Calculated day 79
09/08/2022 12:07:22 AM Calculated day 80
09/08/2022 12:07:29 AM Calculated day 81
09/08/2022 12:07:37 AM Calculated day 82
09/08/2022 12:07:44 AM Calculated day 83
09/08/2022 12:07:51 AM Calculated day 84
09/08/2022 12:07:59 AM Calculated day 85
09/08/2022 12:08:06 AM Calculated day 86
09/08/2022 12:08:13 AM Calculated day 87
09/08/2022 12:08:21 AM Calculated day 88
09/08/2022 12:08:28 AM Calculated day 89
09/08/2022 12:08:36 AM Calculated day 90
09/08/2022 12:08:43 AM Calculated day 91
09/08/2022 12:08:50 AM Calculated day 92
09/08/2022 12:08:57 AM Calculated day 93
09/08/2022 12:09:04 AM Calculated day 94
09/08/2022 12:09:11 AM Calculated day 95
09/08/2022 12:09:19 AM Calculated day 96
09/08/2022 12:09:26 AM Calculated day 97
09/08/2022 12:09:34 AM Calculated day 98
09/08/2022 12:09:41 AM Calculated day 99
09/08/2022 12:09:49 AM Calculated day 100
09/08/2022 12:09:56 AM Calculated day 101
09/08/2022 12:10:03 AM Calculated day 102
09/08/2022 12:10:11 AM Calculated day 103
09/08/2022 12:10:18 AM Calculated day 104
09/08/2022 12:10:25 AM Calculated day 105
09/08/2022 12:10:33 AM Calculated day 106
09/08/2022 12:10:40 AM Calculated day 107
09/08/2022 12:10:47 AM Calculated day 108
09/08/2022 12:10:55 AM Calculated day 109
09/08/2022 12:11:02 AM Calculated day 110
09/08/2022 12:11:09 AM Calculated day 111
09/08/2022 12:11:17 AM Calculated day 112
09/08/2022 12:11:24 AM Calculated day 113
09/08/2022 12:11:32 AM Calculated day 114
09/08/2022 12:11:39 AM Calculated day 115
09/08/2022 12:11:46 AM Calculated day 116
09/08/2022 12:11:54 AM Calculated day 117
09/08/2022 12:12:01 AM Calculated day 118
09/08/2022 12:12:08 AM Calculated day 119
09/08/2022 12:12:16 AM Calculated day 120
09/08/2022 12:12:23 AM Calculated day 121
09/08/2022 12:12:31 AM Calculated day 122
09/08/2022 12:12:38 AM Calculated day 123
09/08/2022 12:12:45 AM Calculated day 124
09/08/2022 12:12:52 AM Calculated day 125
09/08/2022 12:13:00 AM Calculated day 126
09/08/2022 12:13:07 AM Calculated day 127
09/08/2022 12:13:15 AM Calculated day 128
09/08/2022 12:13:22 AM Calculated day 129
09/08/2022 12:13:29 AM Calculated day 130
09/08/2022 12:13:37 AM Calculated day 131
09/08/2022 12:13:44 AM Calculated day 132
09/08/2022 12:13:51 AM Calculated day 133
09/08/2022 12:13:59 AM Calculated day 134
09/08/2022 12:14:06 AM Calculated day 135
09/08/2022 12:14:13 AM Calculated day 136
09/08/2022 12:14:21 AM Calculated day 137
09/08/2022 12:14:28 AM Calculated day 138
09/08/2022 12:14:36 AM Calculated day 139
09/08/2022 12:14:43 AM Calculated day 140
09/08/2022 12:14:50 AM Calculated day 141
09/08/2022 12:14:58 AM Calculated day 142
09/08/2022 12:15:05 AM Calculated day 143
09/08/2022 12:15:13 AM Calculated day 144
09/08/2022 12:15:20 AM Calculated day 145
09/08/2022 12:15:28 AM Calculated day 146
09/08/2022 12:15:35 AM Calculated day 147
09/08/2022 12:15:43 AM Calculated day 148
09/08/2022 12:15:50 AM Calculated day 149
09/08/2022 12:15:57 AM Calculated day 150
09/08/2022 12:16:05 AM Calculated day 151
09/08/2022 12:16:12 AM Calculated day 152
09/08/2022 12:16:19 AM Calculated day 153
09/08/2022 12:16:27 AM Calculated day 154
09/08/2022 12:16:34 AM Calculated day 155
09/08/2022 12:16:42 AM Calculated day 156
09/08/2022 12:16:49 AM Calculated day 157
09/08/2022 12:16:57 AM Calculated day 158
09/08/2022 12:17:04 AM Calculated day 159
09/08/2022 12:17:11 AM Calculated day 160
09/08/2022 12:17:19 AM Calculated day 161
09/08/2022 12:17:26 AM Calculated day 162
09/08/2022 12:17:33 AM Calculated day 163
09/08/2022 12:17:41 AM Calculated day 164
09/08/2022 12:17:48 AM Calculated day 165
09/08/2022 12:17:56 AM Calculated day 166
09/08/2022 12:18:04 AM Calculated day 167
09/08/2022 12:18:11 AM Calculated day 168
09/08/2022 12:18:19 AM Calculated day 169
09/08/2022 12:18:26 AM Calculated day 170
09/08/2022 12:18:34 AM Calculated day 171
09/08/2022 12:18:42 AM Calculated day 172
09/08/2022 12:18:49 AM Calculated day 173
09/08/2022 12:18:56 AM Calculated day 174
09/08/2022 12:19:04 AM Calculated day 175
09/08/2022 12:19:11 AM Calculated day 176
09/08/2022 12:19:18 AM Calculated day 177
09/08/2022 12:19:26 AM Calculated day 178
09/08/2022 12:19:33 AM Calculated day 179
09/08/2022 12:19:40 AM Calculated day 180
09/08/2022 12:19:47 AM Calculated day 181
09/08/2022 12:19:54 AM Calculated day 182
09/08/2022 12:20:02 AM Calculated day 183
09/08/2022 12:20:09 AM Calculated day 184
09/08/2022 12:20:16 AM Calculated day 185
09/08/2022 12:20:23 AM Calculated day 186
09/08/2022 12:20:30 AM Calculated day 187
09/08/2022 12:20:37 AM Calculated day 188
09/08/2022 12:20:44 AM Calculated day 189
09/08/2022 12:20:51 AM Calculated day 190
09/08/2022 12:20:58 AM Calculated day 191
09/08/2022 12:21:05 AM Calculated day 192
09/08/2022 12:21:12 AM Calculated day 193
09/08/2022 12:21:19 AM Calculated day 194
09/08/2022 12:21:26 AM Calculated day 195
09/08/2022 12:21:33 AM Calculated day 196
09/08/2022 12:21:41 AM Calculated day 197
09/08/2022 12:21:49 AM Calculated day 198
09/08/2022 12:21:58 AM Calculated day 199
09/08/2022 12:23:12 AM Saved data in /data/pbarpanda/spherical_SWE/evaluate_final_budget/static_U_diff_Heq//dt_150_Q_forcing_10_forcing_y_0_Hmean_500.0_forcing_phase_speed_0_ms/H0_1380_Umax_24//H0_1380/
09/08/2022 12:23:12 AM  ========== CODE RAN SUCCESSFULLY, congrats! ================
09/08/2022 12:23:12 AM  -----> Total Time taken = 1519.541  <----
