10/06/2022 02:27:22 AM **********************************
10/06/2022 02:27:22 AM /data/pbarpanda/spherical_SWE/evaluate_final_budget/static_U_diff_Heq//dt_150_Q_forcing_10_forcing_y_0_Hmean_500.0_forcing_phase_speed_0_ms/H0_2417_Umax_42/
10/06/2022 02:27:22 AM **********************************
10/06/2022 02:27:22 AM Calculated day 0
10/06/2022 02:27:28 AM Calculated day 1
10/06/2022 02:27:34 AM Calculated day 2
10/06/2022 02:27:41 AM Calculated day 3
10/06/2022 02:27:47 AM Calculated day 4
10/06/2022 02:27:53 AM Calculated day 5
10/06/2022 02:27:59 AM Calculated day 6
10/06/2022 02:28:06 AM Calculated day 7
10/06/2022 02:28:12 AM Calculated day 8
10/06/2022 02:28:18 AM Calculated day 9
10/06/2022 02:28:25 AM Calculated day 10
10/06/2022 02:28:31 AM Calculated day 11
10/06/2022 02:28:37 AM Calculated day 12
10/06/2022 02:28:44 AM Calculated day 13
10/06/2022 02:28:51 AM Calculated day 14
10/06/2022 02:28:57 AM Calculated day 15
10/06/2022 02:29:04 AM Calculated day 16
10/06/2022 02:29:11 AM Calculated day 17
10/06/2022 02:29:18 AM Calculated day 18
10/06/2022 02:29:24 AM Calculated day 19
10/06/2022 02:29:31 AM Calculated day 20
10/06/2022 02:29:37 AM Calculated day 21
10/06/2022 02:29:43 AM Calculated day 22
10/06/2022 02:29:50 AM Calculated day 23
10/06/2022 02:29:56 AM Calculated day 24
10/06/2022 02:30:02 AM Calculated day 25
10/06/2022 02:30:09 AM Calculated day 26
10/06/2022 02:30:15 AM Calculated day 27
10/06/2022 02:30:21 AM Calculated day 28
10/06/2022 02:30:27 AM Calculated day 29
10/06/2022 02:30:34 AM Calculated day 30
10/06/2022 02:30:40 AM Calculated day 31
10/06/2022 02:30:46 AM Calculated day 32
10/06/2022 02:30:53 AM Calculated day 33
10/06/2022 02:30:59 AM Calculated day 34
10/06/2022 02:31:05 AM Calculated day 35
10/06/2022 02:31:12 AM Calculated day 36
10/06/2022 02:31:18 AM Calculated day 37
10/06/2022 02:31:24 AM Calculated day 38
10/06/2022 02:31:31 AM Calculated day 39
10/06/2022 02:31:37 AM Calculated day 40
10/06/2022 02:31:43 AM Calculated day 41
10/06/2022 02:31:50 AM Calculated day 42
10/06/2022 02:31:56 AM Calculated day 43
10/06/2022 02:32:02 AM Calculated day 44
10/06/2022 02:32:08 AM Calculated day 45
10/06/2022 02:32:15 AM Calculated day 46
10/06/2022 02:32:21 AM Calculated day 47
10/06/2022 02:32:27 AM Calculated day 48
10/06/2022 02:32:34 AM Calculated day 49
10/06/2022 02:32:40 AM Calculated day 50
10/06/2022 02:32:46 AM Calculated day 51
10/06/2022 02:32:53 AM Calculated day 52
10/06/2022 02:32:59 AM Calculated day 53
10/06/2022 02:33:05 AM Calculated day 54
10/06/2022 02:33:11 AM Calculated day 55
10/06/2022 02:33:18 AM Calculated day 56
10/06/2022 02:33:24 AM Calculated day 57
10/06/2022 02:33:30 AM Calculated day 58
10/06/2022 02:33:37 AM Calculated day 59
10/06/2022 02:33:43 AM Calculated day 60
10/06/2022 02:33:49 AM Calculated day 61
10/06/2022 02:33:56 AM Calculated day 62
10/06/2022 02:34:02 AM Calculated day 63
10/06/2022 02:34:08 AM Calculated day 64
10/06/2022 02:34:15 AM Calculated day 65
10/06/2022 02:34:21 AM Calculated day 66
10/06/2022 02:34:27 AM Calculated day 67
10/06/2022 02:34:34 AM Calculated day 68
10/06/2022 02:34:40 AM Calculated day 69
10/06/2022 02:34:46 AM Calculated day 70
10/06/2022 02:34:53 AM Calculated day 71
10/06/2022 02:34:59 AM Calculated day 72
10/06/2022 02:35:05 AM Calculated day 73
10/06/2022 02:35:11 AM Calculated day 74
10/06/2022 02:35:18 AM Calculated day 75
10/06/2022 02:35:24 AM Calculated day 76
10/06/2022 02:35:30 AM Calculated day 77
10/06/2022 02:35:37 AM Calculated day 78
10/06/2022 02:35:43 AM Calculated day 79
10/06/2022 02:35:49 AM Calculated day 80
10/06/2022 02:35:56 AM Calculated day 81
10/06/2022 02:36:02 AM Calculated day 82
10/06/2022 02:36:08 AM Calculated day 83
10/06/2022 02:36:15 AM Calculated day 84
10/06/2022 02:36:21 AM Calculated day 85
10/06/2022 02:36:27 AM Calculated day 86
10/06/2022 02:36:34 AM Calculated day 87
10/06/2022 02:36:40 AM Calculated day 88
10/06/2022 02:36:46 AM Calculated day 89
10/06/2022 02:36:53 AM Calculated day 90
10/06/2022 02:36:59 AM Calculated day 91
10/06/2022 02:37:05 AM Calculated day 92
10/06/2022 02:37:11 AM Calculated day 93
10/06/2022 02:37:18 AM Calculated day 94
10/06/2022 02:37:24 AM Calculated day 95
10/06/2022 02:37:30 AM Calculated day 96
10/06/2022 02:37:37 AM Calculated day 97
10/06/2022 02:37:43 AM Calculated day 98
10/06/2022 02:37:49 AM Calculated day 99
10/06/2022 02:37:56 AM Calculated day 100
10/06/2022 02:38:02 AM Calculated day 101
10/06/2022 02:38:08 AM Calculated day 102
10/06/2022 02:38:15 AM Calculated day 103
10/06/2022 02:38:21 AM Calculated day 104
10/06/2022 02:38:27 AM Calculated day 105
10/06/2022 02:38:34 AM Calculated day 106
10/06/2022 02:38:40 AM Calculated day 107
10/06/2022 02:38:46 AM Calculated day 108
10/06/2022 02:38:53 AM Calculated day 109
10/06/2022 02:38:59 AM Calculated day 110
10/06/2022 02:39:05 AM Calculated day 111
10/06/2022 02:39:12 AM Calculated day 112
10/06/2022 02:39:18 AM Calculated day 113
10/06/2022 02:39:24 AM Calculated day 114
10/06/2022 02:39:30 AM Calculated day 115
10/06/2022 02:39:37 AM Calculated day 116
10/06/2022 02:39:43 AM Calculated day 117
10/06/2022 02:39:49 AM Calculated day 118
10/06/2022 02:39:56 AM Calculated day 119
10/06/2022 02:40:02 AM Calculated day 120
10/06/2022 02:40:08 AM Calculated day 121
10/06/2022 02:40:15 AM Calculated day 122
10/06/2022 02:40:21 AM Calculated day 123
10/06/2022 02:40:27 AM Calculated day 124
10/06/2022 02:40:34 AM Calculated day 125
10/06/2022 02:40:40 AM Calculated day 126
10/06/2022 02:40:46 AM Calculated day 127
10/06/2022 02:40:53 AM Calculated day 128
10/06/2022 02:40:59 AM Calculated day 129
10/06/2022 02:41:05 AM Calculated day 130
10/06/2022 02:41:12 AM Calculated day 131
10/06/2022 02:41:18 AM Calculated day 132
10/06/2022 02:41:24 AM Calculated day 133
10/06/2022 02:41:30 AM Calculated day 134
10/06/2022 02:41:37 AM Calculated day 135
10/06/2022 02:41:43 AM Calculated day 136
10/06/2022 02:41:49 AM Calculated day 137
10/06/2022 02:41:56 AM Calculated day 138
10/06/2022 02:42:02 AM Calculated day 139
10/06/2022 02:42:08 AM Calculated day 140
10/06/2022 02:42:15 AM Calculated day 141
10/06/2022 02:42:21 AM Calculated day 142
10/06/2022 02:42:27 AM Calculated day 143
10/06/2022 02:42:34 AM Calculated day 144
10/06/2022 02:42:40 AM Calculated day 145
10/06/2022 02:42:46 AM Calculated day 146
10/06/2022 02:42:53 AM Calculated day 147
10/06/2022 02:42:59 AM Calculated day 148
10/06/2022 02:43:05 AM Calculated day 149
10/06/2022 02:43:12 AM Calculated day 150
10/06/2022 02:43:18 AM Calculated day 151
10/06/2022 02:43:24 AM Calculated day 152
10/06/2022 02:43:31 AM Calculated day 153
10/06/2022 02:43:37 AM Calculated day 154
10/06/2022 02:43:43 AM Calculated day 155
10/06/2022 02:43:50 AM Calculated day 156
10/06/2022 02:43:56 AM Calculated day 157
10/06/2022 02:44:02 AM Calculated day 158
10/06/2022 02:44:08 AM Calculated day 159
10/06/2022 02:44:15 AM Calculated day 160
10/06/2022 02:44:21 AM Calculated day 161
10/06/2022 02:44:27 AM Calculated day 162
10/06/2022 02:44:34 AM Calculated day 163
10/06/2022 02:44:40 AM Calculated day 164
10/06/2022 02:44:46 AM Calculated day 165
10/06/2022 02:44:53 AM Calculated day 166
10/06/2022 02:44:59 AM Calculated day 167
10/06/2022 02:45:05 AM Calculated day 168
10/06/2022 02:45:12 AM Calculated day 169
10/06/2022 02:45:18 AM Calculated day 170
10/06/2022 02:45:24 AM Calculated day 171
10/06/2022 02:45:31 AM Calculated day 172
10/06/2022 02:45:37 AM Calculated day 173
10/06/2022 02:45:43 AM Calculated day 174
10/06/2022 02:45:50 AM Calculated day 175
10/06/2022 02:45:56 AM Calculated day 176
10/06/2022 02:46:02 AM Calculated day 177
10/06/2022 02:46:09 AM Calculated day 178
10/06/2022 02:46:15 AM Calculated day 179
10/06/2022 02:46:21 AM Calculated day 180
10/06/2022 02:46:27 AM Calculated day 181
10/06/2022 02:46:34 AM Calculated day 182
10/06/2022 02:46:40 AM Calculated day 183
10/06/2022 02:46:46 AM Calculated day 184
10/06/2022 02:46:53 AM Calculated day 185
10/06/2022 02:46:59 AM Calculated day 186
10/06/2022 02:47:05 AM Calculated day 187
10/06/2022 02:47:12 AM Calculated day 188
10/06/2022 02:47:18 AM Calculated day 189
10/06/2022 02:47:24 AM Calculated day 190
10/06/2022 02:47:31 AM Calculated day 191
10/06/2022 02:47:37 AM Calculated day 192
10/06/2022 02:47:43 AM Calculated day 193
10/06/2022 02:47:50 AM Calculated day 194
10/06/2022 02:47:56 AM Calculated day 195
10/06/2022 02:48:02 AM Calculated day 196
10/06/2022 02:48:09 AM Calculated day 197
10/06/2022 02:48:15 AM Calculated day 198
10/06/2022 02:48:21 AM Calculated day 199
10/06/2022 02:49:26 AM Saved data in /data/pbarpanda/spherical_SWE/evaluate_final_budget/static_U_diff_Heq//dt_150_Q_forcing_10_forcing_y_0_Hmean_500.0_forcing_phase_speed_0_ms/H0_2417_Umax_42//H0_2417/
10/06/2022 02:49:26 AM  ========== CODE RAN SUCCESSFULLY, congrats! ================
10/06/2022 02:49:26 AM  -----> Total Time taken = 1324.151  <----
