10/06/2022 01:43:34 AM **********************************
10/06/2022 01:43:34 AM /data/pbarpanda/spherical_SWE/evaluate_final_budget/static_U_diff_Heq//dt_150_Q_forcing_10_forcing_y_0_Hmean_500.0_forcing_phase_speed_0_ms/H0_1610_Umax_28/
10/06/2022 01:43:34 AM **********************************
10/06/2022 01:43:34 AM Calculated day 0
10/06/2022 01:43:41 AM Calculated day 1
10/06/2022 01:43:47 AM Calculated day 2
10/06/2022 01:43:53 AM Calculated day 3
10/06/2022 01:44:00 AM Calculated day 4
10/06/2022 01:44:06 AM Calculated day 5
10/06/2022 01:44:12 AM Calculated day 6
10/06/2022 01:44:18 AM Calculated day 7
10/06/2022 01:44:25 AM Calculated day 8
10/06/2022 01:44:31 AM Calculated day 9
10/06/2022 01:44:37 AM Calculated day 10
10/06/2022 01:44:44 AM Calculated day 11
10/06/2022 01:44:50 AM Calculated day 12
10/06/2022 01:44:56 AM Calculated day 13
10/06/2022 01:45:03 AM Calculated day 14
10/06/2022 01:45:09 AM Calculated day 15
10/06/2022 01:45:15 AM Calculated day 16
10/06/2022 01:45:22 AM Calculated day 17
10/06/2022 01:45:28 AM Calculated day 18
10/06/2022 01:45:34 AM Calculated day 19
10/06/2022 01:45:41 AM Calculated day 20
10/06/2022 01:45:47 AM Calculated day 21
10/06/2022 01:45:53 AM Calculated day 22
10/06/2022 01:45:59 AM Calculated day 23
10/06/2022 01:46:06 AM Calculated day 24
10/06/2022 01:46:12 AM Calculated day 25
10/06/2022 01:46:18 AM Calculated day 26
10/06/2022 01:46:25 AM Calculated day 27
10/06/2022 01:46:31 AM Calculated day 28
10/06/2022 01:46:37 AM Calculated day 29
10/06/2022 01:46:44 AM Calculated day 30
10/06/2022 01:46:50 AM Calculated day 31
10/06/2022 01:46:56 AM Calculated day 32
10/06/2022 01:47:03 AM Calculated day 33
10/06/2022 01:47:09 AM Calculated day 34
10/06/2022 01:47:15 AM Calculated day 35
10/06/2022 01:47:21 AM Calculated day 36
10/06/2022 01:47:28 AM Calculated day 37
10/06/2022 01:47:34 AM Calculated day 38
10/06/2022 01:47:40 AM Calculated day 39
10/06/2022 01:47:47 AM Calculated day 40
10/06/2022 01:47:53 AM Calculated day 41
10/06/2022 01:47:59 AM Calculated day 42
10/06/2022 01:48:06 AM Calculated day 43
10/06/2022 01:48:12 AM Calculated day 44
10/06/2022 01:48:18 AM Calculated day 45
10/06/2022 01:48:25 AM Calculated day 46
10/06/2022 01:48:31 AM Calculated day 47
10/06/2022 01:48:37 AM Calculated day 48
10/06/2022 01:48:44 AM Calculated day 49
10/06/2022 01:48:50 AM Calculated day 50
10/06/2022 01:48:56 AM Calculated day 51
10/06/2022 01:49:03 AM Calculated day 52
10/06/2022 01:49:09 AM Calculated day 53
10/06/2022 01:49:15 AM Calculated day 54
10/06/2022 01:49:21 AM Calculated day 55
10/06/2022 01:49:28 AM Calculated day 56
10/06/2022 01:49:34 AM Calculated day 57
10/06/2022 01:49:40 AM Calculated day 58
10/06/2022 01:49:47 AM Calculated day 59
10/06/2022 01:49:53 AM Calculated day 60
10/06/2022 01:49:59 AM Calculated day 61
10/06/2022 01:50:06 AM Calculated day 62
10/06/2022 01:50:12 AM Calculated day 63
10/06/2022 01:50:18 AM Calculated day 64
10/06/2022 01:50:25 AM Calculated day 65
10/06/2022 01:50:31 AM Calculated day 66
10/06/2022 01:50:37 AM Calculated day 67
10/06/2022 01:50:44 AM Calculated day 68
10/06/2022 01:50:50 AM Calculated day 69
10/06/2022 01:50:56 AM Calculated day 70
10/06/2022 01:51:03 AM Calculated day 71
10/06/2022 01:51:09 AM Calculated day 72
10/06/2022 01:51:15 AM Calculated day 73
10/06/2022 01:51:21 AM Calculated day 74
10/06/2022 01:51:28 AM Calculated day 75
10/06/2022 01:51:34 AM Calculated day 76
10/06/2022 01:51:40 AM Calculated day 77
10/06/2022 01:51:47 AM Calculated day 78
10/06/2022 01:51:53 AM Calculated day 79
10/06/2022 01:51:59 AM Calculated day 80
10/06/2022 01:52:06 AM Calculated day 81
10/06/2022 01:52:12 AM Calculated day 82
10/06/2022 01:52:18 AM Calculated day 83
10/06/2022 01:52:25 AM Calculated day 84
10/06/2022 01:52:31 AM Calculated day 85
10/06/2022 01:52:37 AM Calculated day 86
10/06/2022 01:52:44 AM Calculated day 87
10/06/2022 01:52:50 AM Calculated day 88
10/06/2022 01:52:56 AM Calculated day 89
10/06/2022 01:53:03 AM Calculated day 90
10/06/2022 01:53:09 AM Calculated day 91
10/06/2022 01:53:15 AM Calculated day 92
10/06/2022 01:53:22 AM Calculated day 93
10/06/2022 01:53:28 AM Calculated day 94
10/06/2022 01:53:34 AM Calculated day 95
10/06/2022 01:53:41 AM Calculated day 96
10/06/2022 01:53:47 AM Calculated day 97
10/06/2022 01:53:53 AM Calculated day 98
10/06/2022 01:54:00 AM Calculated day 99
10/06/2022 01:54:06 AM Calculated day 100
10/06/2022 01:54:12 AM Calculated day 101
10/06/2022 01:54:19 AM Calculated day 102
10/06/2022 01:54:25 AM Calculated day 103
10/06/2022 01:54:31 AM Calculated day 104
10/06/2022 01:54:38 AM Calculated day 105
10/06/2022 01:54:44 AM Calculated day 106
10/06/2022 01:54:50 AM Calculated day 107
10/06/2022 01:54:56 AM Calculated day 108
10/06/2022 01:55:03 AM Calculated day 109
10/06/2022 01:55:09 AM Calculated day 110
10/06/2022 01:55:15 AM Calculated day 111
10/06/2022 01:55:22 AM Calculated day 112
10/06/2022 01:55:28 AM Calculated day 113
10/06/2022 01:55:34 AM Calculated day 114
10/06/2022 01:55:41 AM Calculated day 115
10/06/2022 01:55:47 AM Calculated day 116
10/06/2022 01:55:53 AM Calculated day 117
10/06/2022 01:56:00 AM Calculated day 118
10/06/2022 01:56:06 AM Calculated day 119
10/06/2022 01:56:12 AM Calculated day 120
10/06/2022 01:56:19 AM Calculated day 121
10/06/2022 01:56:25 AM Calculated day 122
10/06/2022 01:56:31 AM Calculated day 123
10/06/2022 01:56:38 AM Calculated day 124
10/06/2022 01:56:44 AM Calculated day 125
10/06/2022 01:56:50 AM Calculated day 126
10/06/2022 01:56:57 AM Calculated day 127
10/06/2022 01:57:03 AM Calculated day 128
10/06/2022 01:57:09 AM Calculated day 129
10/06/2022 01:57:16 AM Calculated day 130
10/06/2022 01:57:22 AM Calculated day 131
10/06/2022 01:57:28 AM Calculated day 132
10/06/2022 01:57:35 AM Calculated day 133
10/06/2022 01:57:41 AM Calculated day 134
10/06/2022 01:57:47 AM Calculated day 135
10/06/2022 01:57:54 AM Calculated day 136
10/06/2022 01:58:00 AM Calculated day 137
10/06/2022 01:58:06 AM Calculated day 138
10/06/2022 01:58:13 AM Calculated day 139
10/06/2022 01:58:19 AM Calculated day 140
10/06/2022 01:58:25 AM Calculated day 141
10/06/2022 01:58:32 AM Calculated day 142
10/06/2022 01:58:38 AM Calculated day 143
10/06/2022 01:58:44 AM Calculated day 144
10/06/2022 01:58:51 AM Calculated day 145
10/06/2022 01:58:57 AM Calculated day 146
10/06/2022 01:59:03 AM Calculated day 147
10/06/2022 01:59:10 AM Calculated day 148
10/06/2022 01:59:16 AM Calculated day 149
10/06/2022 01:59:22 AM Calculated day 150
10/06/2022 01:59:29 AM Calculated day 151
10/06/2022 01:59:35 AM Calculated day 152
10/06/2022 01:59:41 AM Calculated day 153
10/06/2022 01:59:48 AM Calculated day 154
10/06/2022 01:59:54 AM Calculated day 155
10/06/2022 02:00:00 AM Calculated day 156
10/06/2022 02:00:07 AM Calculated day 157
10/06/2022 02:00:13 AM Calculated day 158
10/06/2022 02:00:19 AM Calculated day 159
10/06/2022 02:00:26 AM Calculated day 160
10/06/2022 02:00:32 AM Calculated day 161
10/06/2022 02:00:38 AM Calculated day 162
10/06/2022 02:00:44 AM Calculated day 163
10/06/2022 02:00:51 AM Calculated day 164
10/06/2022 02:00:57 AM Calculated day 165
10/06/2022 02:01:03 AM Calculated day 166
10/06/2022 02:01:10 AM Calculated day 167
10/06/2022 02:01:16 AM Calculated day 168
10/06/2022 02:01:22 AM Calculated day 169
10/06/2022 02:01:29 AM Calculated day 170
10/06/2022 02:01:35 AM Calculated day 171
10/06/2022 02:01:41 AM Calculated day 172
10/06/2022 02:01:48 AM Calculated day 173
10/06/2022 02:01:54 AM Calculated day 174
10/06/2022 02:02:00 AM Calculated day 175
10/06/2022 02:02:07 AM Calculated day 176
10/06/2022 02:02:13 AM Calculated day 177
10/06/2022 02:02:19 AM Calculated day 178
10/06/2022 02:02:26 AM Calculated day 179
10/06/2022 02:02:32 AM Calculated day 180
10/06/2022 02:02:38 AM Calculated day 181
10/06/2022 02:02:45 AM Calculated day 182
10/06/2022 02:02:51 AM Calculated day 183
10/06/2022 02:02:57 AM Calculated day 184
10/06/2022 02:03:04 AM Calculated day 185
10/06/2022 02:03:10 AM Calculated day 186
10/06/2022 02:03:16 AM Calculated day 187
10/06/2022 02:03:23 AM Calculated day 188
10/06/2022 02:03:29 AM Calculated day 189
10/06/2022 02:03:35 AM Calculated day 190
10/06/2022 02:03:42 AM Calculated day 191
10/06/2022 02:03:48 AM Calculated day 192
10/06/2022 02:03:54 AM Calculated day 193
10/06/2022 02:04:01 AM Calculated day 194
10/06/2022 02:04:07 AM Calculated day 195
10/06/2022 02:04:13 AM Calculated day 196
10/06/2022 02:04:20 AM Calculated day 197
10/06/2022 02:04:26 AM Calculated day 198
10/06/2022 02:04:32 AM Calculated day 199
10/06/2022 02:05:36 AM Saved data in /data/pbarpanda/spherical_SWE/evaluate_final_budget/static_U_diff_Heq//dt_150_Q_forcing_10_forcing_y_0_Hmean_500.0_forcing_phase_speed_0_ms/H0_1610_Umax_28//H0_1610/
10/06/2022 02:05:37 AM  ========== CODE RAN SUCCESSFULLY, congrats! ================
10/06/2022 02:05:37 AM  -----> Total Time taken = 1322.310  <----
