09/08/2022 01:30:52 AM **********************************
09/08/2022 01:30:52 AM /data/pbarpanda/spherical_SWE/evaluate_final_budget/static_U_diff_Heq//dt_150_Q_forcing_10_forcing_y_0_Hmean_500.0_forcing_phase_speed_0_ms/H0_2302_Umax_40/
09/08/2022 01:30:52 AM **********************************
09/08/2022 01:30:52 AM Calculated day 0
09/08/2022 01:30:58 AM Calculated day 1
09/08/2022 01:31:04 AM Calculated day 2
09/08/2022 01:31:10 AM Calculated day 3
09/08/2022 01:31:17 AM Calculated day 4
09/08/2022 01:31:23 AM Calculated day 5
09/08/2022 01:31:29 AM Calculated day 6
09/08/2022 01:31:36 AM Calculated day 7
09/08/2022 01:31:42 AM Calculated day 8
09/08/2022 01:31:48 AM Calculated day 9
09/08/2022 01:31:55 AM Calculated day 10
09/08/2022 01:32:01 AM Calculated day 11
09/08/2022 01:32:07 AM Calculated day 12
09/08/2022 01:32:13 AM Calculated day 13
09/08/2022 01:32:20 AM Calculated day 14
09/08/2022 01:32:26 AM Calculated day 15
09/08/2022 01:32:32 AM Calculated day 16
09/08/2022 01:32:39 AM Calculated day 17
09/08/2022 01:32:45 AM Calculated day 18
09/08/2022 01:32:51 AM Calculated day 19
09/08/2022 01:32:58 AM Calculated day 20
09/08/2022 01:33:04 AM Calculated day 21
09/08/2022 01:33:10 AM Calculated day 22
09/08/2022 01:33:16 AM Calculated day 23
09/08/2022 01:33:23 AM Calculated day 24
09/08/2022 01:33:29 AM Calculated day 25
09/08/2022 01:33:35 AM Calculated day 26
09/08/2022 01:33:42 AM Calculated day 27
09/08/2022 01:33:48 AM Calculated day 28
09/08/2022 01:33:54 AM Calculated day 29
09/08/2022 01:34:01 AM Calculated day 30
09/08/2022 01:34:07 AM Calculated day 31
09/08/2022 01:34:13 AM Calculated day 32
09/08/2022 01:34:20 AM Calculated day 33
09/08/2022 01:34:26 AM Calculated day 34
09/08/2022 01:34:32 AM Calculated day 35
09/08/2022 01:34:38 AM Calculated day 36
09/08/2022 01:34:45 AM Calculated day 37
09/08/2022 01:34:51 AM Calculated day 38
09/08/2022 01:34:57 AM Calculated day 39
09/08/2022 01:35:04 AM Calculated day 40
09/08/2022 01:35:10 AM Calculated day 41
09/08/2022 01:35:16 AM Calculated day 42
09/08/2022 01:35:23 AM Calculated day 43
09/08/2022 01:35:29 AM Calculated day 44
09/08/2022 01:35:35 AM Calculated day 45
09/08/2022 01:35:41 AM Calculated day 46
09/08/2022 01:35:48 AM Calculated day 47
09/08/2022 01:35:54 AM Calculated day 48
09/08/2022 01:36:00 AM Calculated day 49
09/08/2022 01:36:07 AM Calculated day 50
09/08/2022 01:36:13 AM Calculated day 51
09/08/2022 01:36:19 AM Calculated day 52
09/08/2022 01:36:26 AM Calculated day 53
09/08/2022 01:36:32 AM Calculated day 54
09/08/2022 01:36:38 AM Calculated day 55
09/08/2022 01:36:45 AM Calculated day 56
09/08/2022 01:36:51 AM Calculated day 57
09/08/2022 01:36:57 AM Calculated day 58
09/08/2022 01:37:03 AM Calculated day 59
09/08/2022 01:37:10 AM Calculated day 60
09/08/2022 01:37:16 AM Calculated day 61
09/08/2022 01:37:22 AM Calculated day 62
09/08/2022 01:37:29 AM Calculated day 63
09/08/2022 01:37:35 AM Calculated day 64
09/08/2022 01:37:41 AM Calculated day 65
09/08/2022 01:37:48 AM Calculated day 66
09/08/2022 01:37:54 AM Calculated day 67
09/08/2022 01:38:00 AM Calculated day 68
09/08/2022 01:38:07 AM Calculated day 69
09/08/2022 01:38:13 AM Calculated day 70
09/08/2022 01:38:19 AM Calculated day 71
09/08/2022 01:38:26 AM Calculated day 72
09/08/2022 01:38:32 AM Calculated day 73
09/08/2022 01:38:38 AM Calculated day 74
09/08/2022 01:38:44 AM Calculated day 75
09/08/2022 01:38:51 AM Calculated day 76
09/08/2022 01:38:57 AM Calculated day 77
09/08/2022 01:39:03 AM Calculated day 78
09/08/2022 01:39:10 AM Calculated day 79
09/08/2022 01:39:16 AM Calculated day 80
09/08/2022 01:39:22 AM Calculated day 81
09/08/2022 01:39:29 AM Calculated day 82
09/08/2022 01:39:35 AM Calculated day 83
09/08/2022 01:39:41 AM Calculated day 84
09/08/2022 01:39:48 AM Calculated day 85
09/08/2022 01:39:54 AM Calculated day 86
09/08/2022 01:40:00 AM Calculated day 87
09/08/2022 01:40:06 AM Calculated day 88
09/08/2022 01:40:13 AM Calculated day 89
09/08/2022 01:40:19 AM Calculated day 90
09/08/2022 01:40:25 AM Calculated day 91
09/08/2022 01:40:32 AM Calculated day 92
09/08/2022 01:40:38 AM Calculated day 93
09/08/2022 01:40:44 AM Calculated day 94
09/08/2022 01:40:51 AM Calculated day 95
09/08/2022 01:40:57 AM Calculated day 96
09/08/2022 01:41:03 AM Calculated day 97
09/08/2022 01:41:10 AM Calculated day 98
09/08/2022 01:41:16 AM Calculated day 99
09/08/2022 01:41:22 AM Calculated day 100
09/08/2022 01:41:29 AM Calculated day 101
09/08/2022 01:41:35 AM Calculated day 102
09/08/2022 01:41:41 AM Calculated day 103
09/08/2022 01:41:47 AM Calculated day 104
09/08/2022 01:41:54 AM Calculated day 105
09/08/2022 01:42:00 AM Calculated day 106
09/08/2022 01:42:06 AM Calculated day 107
09/08/2022 01:42:13 AM Calculated day 108
09/08/2022 01:42:19 AM Calculated day 109
09/08/2022 01:42:25 AM Calculated day 110
09/08/2022 01:42:32 AM Calculated day 111
09/08/2022 01:42:38 AM Calculated day 112
09/08/2022 01:42:44 AM Calculated day 113
09/08/2022 01:42:51 AM Calculated day 114
09/08/2022 01:42:57 AM Calculated day 115
09/08/2022 01:43:03 AM Calculated day 116
09/08/2022 01:43:10 AM Calculated day 117
09/08/2022 01:43:16 AM Calculated day 118
09/08/2022 01:43:22 AM Calculated day 119
09/08/2022 01:43:28 AM Calculated day 120
09/08/2022 01:43:35 AM Calculated day 121
09/08/2022 01:43:41 AM Calculated day 122
09/08/2022 01:43:47 AM Calculated day 123
09/08/2022 01:43:54 AM Calculated day 124
09/08/2022 01:44:00 AM Calculated day 125
09/08/2022 01:44:06 AM Calculated day 126
09/08/2022 01:44:13 AM Calculated day 127
09/08/2022 01:44:19 AM Calculated day 128
09/08/2022 01:44:25 AM Calculated day 129
09/08/2022 01:44:32 AM Calculated day 130
09/08/2022 01:44:38 AM Calculated day 131
09/08/2022 01:44:45 AM Calculated day 132
09/08/2022 01:44:52 AM Calculated day 133
09/08/2022 01:44:59 AM Calculated day 134
09/08/2022 01:45:05 AM Calculated day 135
09/08/2022 01:45:12 AM Calculated day 136
09/08/2022 01:45:18 AM Calculated day 137
09/08/2022 01:45:25 AM Calculated day 138
09/08/2022 01:45:31 AM Calculated day 139
09/08/2022 01:45:38 AM Calculated day 140
09/08/2022 01:45:44 AM Calculated day 141
09/08/2022 01:45:50 AM Calculated day 142
09/08/2022 01:45:57 AM Calculated day 143
09/08/2022 01:46:03 AM Calculated day 144
09/08/2022 01:46:09 AM Calculated day 145
09/08/2022 01:46:16 AM Calculated day 146
09/08/2022 01:46:22 AM Calculated day 147
09/08/2022 01:46:28 AM Calculated day 148
09/08/2022 01:46:34 AM Calculated day 149
09/08/2022 01:46:41 AM Calculated day 150
09/08/2022 01:46:47 AM Calculated day 151
09/08/2022 01:46:54 AM Calculated day 152
09/08/2022 01:47:00 AM Calculated day 153
09/08/2022 01:47:06 AM Calculated day 154
09/08/2022 01:47:13 AM Calculated day 155
09/08/2022 01:47:19 AM Calculated day 156
09/08/2022 01:47:25 AM Calculated day 157
09/08/2022 01:47:32 AM Calculated day 158
09/08/2022 01:47:38 AM Calculated day 159
09/08/2022 01:47:44 AM Calculated day 160
09/08/2022 01:47:51 AM Calculated day 161
09/08/2022 01:47:57 AM Calculated day 162
09/08/2022 01:48:03 AM Calculated day 163
09/08/2022 01:48:10 AM Calculated day 164
09/08/2022 01:48:16 AM Calculated day 165
09/08/2022 01:48:22 AM Calculated day 166
09/08/2022 01:48:28 AM Calculated day 167
09/08/2022 01:48:35 AM Calculated day 168
09/08/2022 01:48:41 AM Calculated day 169
09/08/2022 01:48:47 AM Calculated day 170
09/08/2022 01:48:54 AM Calculated day 171
09/08/2022 01:49:00 AM Calculated day 172
09/08/2022 01:49:06 AM Calculated day 173
09/08/2022 01:49:13 AM Calculated day 174
09/08/2022 01:49:19 AM Calculated day 175
09/08/2022 01:49:25 AM Calculated day 176
09/08/2022 01:49:32 AM Calculated day 177
09/08/2022 01:49:38 AM Calculated day 178
09/08/2022 01:49:44 AM Calculated day 179
09/08/2022 01:49:51 AM Calculated day 180
09/08/2022 01:49:57 AM Calculated day 181
09/08/2022 01:50:03 AM Calculated day 182
09/08/2022 01:50:10 AM Calculated day 183
09/08/2022 01:50:16 AM Calculated day 184
09/08/2022 01:50:22 AM Calculated day 185
09/08/2022 01:50:29 AM Calculated day 186
09/08/2022 01:50:35 AM Calculated day 187
09/08/2022 01:50:41 AM Calculated day 188
09/08/2022 01:50:48 AM Calculated day 189
09/08/2022 01:50:54 AM Calculated day 190
09/08/2022 01:51:00 AM Calculated day 191
09/08/2022 01:51:07 AM Calculated day 192
09/08/2022 01:51:13 AM Calculated day 193
09/08/2022 01:51:19 AM Calculated day 194
09/08/2022 01:51:25 AM Calculated day 195
09/08/2022 01:51:32 AM Calculated day 196
09/08/2022 01:51:38 AM Calculated day 197
09/08/2022 01:51:44 AM Calculated day 198
09/08/2022 01:51:51 AM Calculated day 199
09/08/2022 01:52:51 AM Saved data in /data/pbarpanda/spherical_SWE/evaluate_final_budget/static_U_diff_Heq//dt_150_Q_forcing_10_forcing_y_0_Hmean_500.0_forcing_phase_speed_0_ms/H0_2302_Umax_40//H0_2302/
09/08/2022 01:52:52 AM  ========== CODE RAN SUCCESSFULLY, congrats! ================
09/08/2022 01:52:52 AM  -----> Total Time taken = 1319.950  <----
