10/06/2022 11:17:05 AM **********************************
10/06/2022 11:17:05 AM /data/pbarpanda/spherical_SWE/evaluate_final_budget/static_U_diff_Heq//dt_150_Q_forcing_10_forcing_y_0_Hmean_500.0_forcing_phase_speed_0_ms/H0_576_Umax_12/
10/06/2022 11:17:05 AM **********************************
10/06/2022 11:17:06 AM Calculated day 0
10/06/2022 11:17:12 AM Calculated day 1
10/06/2022 11:17:18 AM Calculated day 2
10/06/2022 11:17:24 AM Calculated day 3
10/06/2022 11:17:31 AM Calculated day 4
10/06/2022 11:17:37 AM Calculated day 5
10/06/2022 11:17:43 AM Calculated day 6
10/06/2022 11:17:50 AM Calculated day 7
10/06/2022 11:17:56 AM Calculated day 8
10/06/2022 11:18:02 AM Calculated day 9
10/06/2022 11:18:09 AM Calculated day 10
10/06/2022 11:18:15 AM Calculated day 11
10/06/2022 11:18:21 AM Calculated day 12
10/06/2022 11:18:28 AM Calculated day 13
10/06/2022 11:18:34 AM Calculated day 14
10/06/2022 11:18:40 AM Calculated day 15
10/06/2022 11:18:47 AM Calculated day 16
10/06/2022 11:18:53 AM Calculated day 17
10/06/2022 11:18:59 AM Calculated day 18
10/06/2022 11:19:06 AM Calculated day 19
10/06/2022 11:19:12 AM Calculated day 20
10/06/2022 11:19:18 AM Calculated day 21
10/06/2022 11:19:25 AM Calculated day 22
10/06/2022 11:19:31 AM Calculated day 23
10/06/2022 11:19:37 AM Calculated day 24
10/06/2022 11:19:44 AM Calculated day 25
10/06/2022 11:19:50 AM Calculated day 26
10/06/2022 11:19:56 AM Calculated day 27
10/06/2022 11:20:03 AM Calculated day 28
10/06/2022 11:20:09 AM Calculated day 29
10/06/2022 11:20:15 AM Calculated day 30
10/06/2022 11:20:22 AM Calculated day 31
10/06/2022 11:20:28 AM Calculated day 32
10/06/2022 11:20:34 AM Calculated day 33
10/06/2022 11:20:41 AM Calculated day 34
10/06/2022 11:20:47 AM Calculated day 35
10/06/2022 11:20:53 AM Calculated day 36
10/06/2022 11:21:00 AM Calculated day 37
10/06/2022 11:21:06 AM Calculated day 38
10/06/2022 11:21:12 AM Calculated day 39
10/06/2022 11:21:19 AM Calculated day 40
10/06/2022 11:21:25 AM Calculated day 41
10/06/2022 11:21:31 AM Calculated day 42
10/06/2022 11:21:38 AM Calculated day 43
10/06/2022 11:21:44 AM Calculated day 44
10/06/2022 11:21:50 AM Calculated day 45
10/06/2022 11:21:57 AM Calculated day 46
10/06/2022 11:22:03 AM Calculated day 47
10/06/2022 11:22:09 AM Calculated day 48
10/06/2022 11:22:16 AM Calculated day 49
10/06/2022 11:22:22 AM Calculated day 50
10/06/2022 11:22:28 AM Calculated day 51
10/06/2022 11:22:35 AM Calculated day 52
10/06/2022 11:22:41 AM Calculated day 53
10/06/2022 11:22:47 AM Calculated day 54
10/06/2022 11:22:54 AM Calculated day 55
10/06/2022 11:23:00 AM Calculated day 56
10/06/2022 11:23:06 AM Calculated day 57
10/06/2022 11:23:13 AM Calculated day 58
10/06/2022 11:23:19 AM Calculated day 59
10/06/2022 11:23:25 AM Calculated day 60
10/06/2022 11:23:32 AM Calculated day 61
10/06/2022 11:23:38 AM Calculated day 62
10/06/2022 11:23:45 AM Calculated day 63
10/06/2022 11:23:51 AM Calculated day 64
10/06/2022 11:23:57 AM Calculated day 65
10/06/2022 11:24:04 AM Calculated day 66
10/06/2022 11:24:10 AM Calculated day 67
10/06/2022 11:24:16 AM Calculated day 68
10/06/2022 11:24:23 AM Calculated day 69
10/06/2022 11:24:29 AM Calculated day 70
10/06/2022 11:24:36 AM Calculated day 71
10/06/2022 11:24:42 AM Calculated day 72
10/06/2022 11:24:48 AM Calculated day 73
10/06/2022 11:24:55 AM Calculated day 74
10/06/2022 11:25:01 AM Calculated day 75
10/06/2022 11:25:07 AM Calculated day 76
10/06/2022 11:25:14 AM Calculated day 77
10/06/2022 11:25:20 AM Calculated day 78
10/06/2022 11:25:26 AM Calculated day 79
10/06/2022 11:25:33 AM Calculated day 80
10/06/2022 11:25:40 AM Calculated day 81
10/06/2022 11:25:46 AM Calculated day 82
10/06/2022 11:25:52 AM Calculated day 83
10/06/2022 11:25:59 AM Calculated day 84
10/06/2022 11:26:05 AM Calculated day 85
10/06/2022 11:26:11 AM Calculated day 86
10/06/2022 11:26:18 AM Calculated day 87
10/06/2022 11:26:24 AM Calculated day 88
10/06/2022 11:26:30 AM Calculated day 89
10/06/2022 11:26:37 AM Calculated day 90
10/06/2022 11:26:43 AM Calculated day 91
10/06/2022 11:26:49 AM Calculated day 92
10/06/2022 11:26:56 AM Calculated day 93
10/06/2022 11:27:02 AM Calculated day 94
10/06/2022 11:27:08 AM Calculated day 95
10/06/2022 11:27:15 AM Calculated day 96
10/06/2022 11:27:21 AM Calculated day 97
10/06/2022 11:27:27 AM Calculated day 98
10/06/2022 11:27:34 AM Calculated day 99
10/06/2022 11:27:40 AM Calculated day 100
10/06/2022 11:27:46 AM Calculated day 101
10/06/2022 11:27:53 AM Calculated day 102
10/06/2022 11:27:59 AM Calculated day 103
10/06/2022 11:28:05 AM Calculated day 104
10/06/2022 11:28:12 AM Calculated day 105
10/06/2022 11:28:18 AM Calculated day 106
10/06/2022 11:28:24 AM Calculated day 107
10/06/2022 11:28:31 AM Calculated day 108
10/06/2022 11:28:37 AM Calculated day 109
10/06/2022 11:28:43 AM Calculated day 110
10/06/2022 11:28:50 AM Calculated day 111
10/06/2022 11:28:56 AM Calculated day 112
10/06/2022 11:29:02 AM Calculated day 113
10/06/2022 11:29:09 AM Calculated day 114
10/06/2022 11:29:15 AM Calculated day 115
10/06/2022 11:29:21 AM Calculated day 116
10/06/2022 11:29:28 AM Calculated day 117
10/06/2022 11:29:34 AM Calculated day 118
10/06/2022 11:29:41 AM Calculated day 119
10/06/2022 11:29:47 AM Calculated day 120
10/06/2022 11:29:53 AM Calculated day 121
10/06/2022 11:29:59 AM Calculated day 122
10/06/2022 11:30:06 AM Calculated day 123
10/06/2022 11:30:12 AM Calculated day 124
10/06/2022 11:30:18 AM Calculated day 125
10/06/2022 11:30:25 AM Calculated day 126
10/06/2022 11:30:31 AM Calculated day 127
10/06/2022 11:30:38 AM Calculated day 128
10/06/2022 11:30:44 AM Calculated day 129
10/06/2022 11:30:50 AM Calculated day 130
10/06/2022 11:30:57 AM Calculated day 131
10/06/2022 11:31:03 AM Calculated day 132
10/06/2022 11:31:09 AM Calculated day 133
10/06/2022 11:31:15 AM Calculated day 134
10/06/2022 11:31:22 AM Calculated day 135
10/06/2022 11:31:28 AM Calculated day 136
10/06/2022 11:31:34 AM Calculated day 137
10/06/2022 11:31:41 AM Calculated day 138
10/06/2022 11:31:47 AM Calculated day 139
10/06/2022 11:31:53 AM Calculated day 140
10/06/2022 11:32:00 AM Calculated day 141
10/06/2022 11:32:06 AM Calculated day 142
10/06/2022 11:32:12 AM Calculated day 143
10/06/2022 11:32:19 AM Calculated day 144
10/06/2022 11:32:25 AM Calculated day 145
10/06/2022 11:32:31 AM Calculated day 146
10/06/2022 11:32:38 AM Calculated day 147
10/06/2022 11:32:44 AM Calculated day 148
10/06/2022 11:32:50 AM Calculated day 149
10/06/2022 11:32:57 AM Calculated day 150
10/06/2022 11:33:03 AM Calculated day 151
10/06/2022 11:33:09 AM Calculated day 152
10/06/2022 11:33:16 AM Calculated day 153
10/06/2022 11:33:22 AM Calculated day 154
10/06/2022 11:33:28 AM Calculated day 155
10/06/2022 11:33:35 AM Calculated day 156
10/06/2022 11:33:41 AM Calculated day 157
10/06/2022 11:33:47 AM Calculated day 158
10/06/2022 11:33:54 AM Calculated day 159
10/06/2022 11:34:00 AM Calculated day 160
10/06/2022 11:34:06 AM Calculated day 161
10/06/2022 11:34:12 AM Calculated day 162
10/06/2022 11:34:19 AM Calculated day 163
10/06/2022 11:34:25 AM Calculated day 164
10/06/2022 11:34:31 AM Calculated day 165
10/06/2022 11:34:38 AM Calculated day 166
10/06/2022 11:34:44 AM Calculated day 167
10/06/2022 11:34:50 AM Calculated day 168
10/06/2022 11:34:57 AM Calculated day 169
10/06/2022 11:35:03 AM Calculated day 170
10/06/2022 11:35:09 AM Calculated day 171
10/06/2022 11:35:16 AM Calculated day 172
10/06/2022 11:35:22 AM Calculated day 173
10/06/2022 11:35:28 AM Calculated day 174
10/06/2022 11:35:35 AM Calculated day 175
10/06/2022 11:35:41 AM Calculated day 176
10/06/2022 11:35:47 AM Calculated day 177
10/06/2022 11:35:54 AM Calculated day 178
10/06/2022 11:36:00 AM Calculated day 179
10/06/2022 11:36:06 AM Calculated day 180
10/06/2022 11:36:13 AM Calculated day 181
10/06/2022 11:36:19 AM Calculated day 182
10/06/2022 11:36:25 AM Calculated day 183
10/06/2022 11:36:32 AM Calculated day 184
10/06/2022 11:36:38 AM Calculated day 185
10/06/2022 11:36:44 AM Calculated day 186
10/06/2022 11:36:50 AM Calculated day 187
10/06/2022 11:36:57 AM Calculated day 188
10/06/2022 11:37:03 AM Calculated day 189
10/06/2022 11:37:09 AM Calculated day 190
10/06/2022 11:37:16 AM Calculated day 191
10/06/2022 11:37:22 AM Calculated day 192
10/06/2022 11:37:28 AM Calculated day 193
10/06/2022 11:37:35 AM Calculated day 194
10/06/2022 11:37:41 AM Calculated day 195
10/06/2022 11:37:47 AM Calculated day 196
10/06/2022 11:37:54 AM Calculated day 197
10/06/2022 11:38:00 AM Calculated day 198
10/06/2022 11:38:06 AM Calculated day 199
10/06/2022 11:39:11 AM Saved data in /data/pbarpanda/spherical_SWE/evaluate_final_budget/static_U_diff_Heq//dt_150_Q_forcing_10_forcing_y_0_Hmean_500.0_forcing_phase_speed_0_ms/H0_576_Umax_12//H0_576/
10/06/2022 11:39:11 AM  ========== CODE RAN SUCCESSFULLY, congrats! ================
10/06/2022 11:39:11 AM  -----> Total Time taken = 1325.520  <----
