10/06/2022 12:00:55 PM **********************************
10/06/2022 12:00:55 PM /data/pbarpanda/spherical_SWE/evaluate_final_budget/static_U_diff_Heq//dt_150_Q_forcing_10_forcing_y_0_Hmean_500.0_forcing_phase_speed_0_ms/H0_691_Umax_10/
10/06/2022 12:00:55 PM **********************************
10/06/2022 12:00:55 PM Calculated day 0
10/06/2022 12:01:01 PM Calculated day 1
10/06/2022 12:01:07 PM Calculated day 2
10/06/2022 12:01:14 PM Calculated day 3
10/06/2022 12:01:20 PM Calculated day 4
10/06/2022 12:01:26 PM Calculated day 5
10/06/2022 12:01:32 PM Calculated day 6
10/06/2022 12:01:39 PM Calculated day 7
10/06/2022 12:01:45 PM Calculated day 8
10/06/2022 12:01:51 PM Calculated day 9
10/06/2022 12:01:58 PM Calculated day 10
10/06/2022 12:02:04 PM Calculated day 11
10/06/2022 12:02:10 PM Calculated day 12
10/06/2022 12:02:17 PM Calculated day 13
10/06/2022 12:02:23 PM Calculated day 14
10/06/2022 12:02:29 PM Calculated day 15
10/06/2022 12:02:36 PM Calculated day 16
10/06/2022 12:02:42 PM Calculated day 17
10/06/2022 12:02:48 PM Calculated day 18
10/06/2022 12:02:55 PM Calculated day 19
10/06/2022 12:03:01 PM Calculated day 20
10/06/2022 12:03:07 PM Calculated day 21
10/06/2022 12:03:13 PM Calculated day 22
10/06/2022 12:03:20 PM Calculated day 23
10/06/2022 12:03:26 PM Calculated day 24
10/06/2022 12:03:32 PM Calculated day 25
10/06/2022 12:03:39 PM Calculated day 26
10/06/2022 12:03:45 PM Calculated day 27
10/06/2022 12:03:51 PM Calculated day 28
10/06/2022 12:03:58 PM Calculated day 29
10/06/2022 12:04:04 PM Calculated day 30
10/06/2022 12:04:10 PM Calculated day 31
10/06/2022 12:04:17 PM Calculated day 32
10/06/2022 12:04:23 PM Calculated day 33
10/06/2022 12:04:29 PM Calculated day 34
10/06/2022 12:04:36 PM Calculated day 35
10/06/2022 12:04:42 PM Calculated day 36
10/06/2022 12:04:48 PM Calculated day 37
10/06/2022 12:04:54 PM Calculated day 38
10/06/2022 12:05:01 PM Calculated day 39
10/06/2022 12:05:07 PM Calculated day 40
10/06/2022 12:05:13 PM Calculated day 41
10/06/2022 12:05:20 PM Calculated day 42
10/06/2022 12:05:26 PM Calculated day 43
10/06/2022 12:05:32 PM Calculated day 44
10/06/2022 12:05:39 PM Calculated day 45
10/06/2022 12:05:45 PM Calculated day 46
10/06/2022 12:05:51 PM Calculated day 47
10/06/2022 12:05:58 PM Calculated day 48
10/06/2022 12:06:04 PM Calculated day 49
10/06/2022 12:06:10 PM Calculated day 50
10/06/2022 12:06:16 PM Calculated day 51
10/06/2022 12:06:23 PM Calculated day 52
10/06/2022 12:06:29 PM Calculated day 53
10/06/2022 12:06:35 PM Calculated day 54
10/06/2022 12:06:42 PM Calculated day 55
10/06/2022 12:06:48 PM Calculated day 56
10/06/2022 12:06:54 PM Calculated day 57
10/06/2022 12:07:01 PM Calculated day 58
10/06/2022 12:07:07 PM Calculated day 59
10/06/2022 12:07:13 PM Calculated day 60
10/06/2022 12:07:20 PM Calculated day 61
10/06/2022 12:07:26 PM Calculated day 62
10/06/2022 12:07:32 PM Calculated day 63
10/06/2022 12:07:39 PM Calculated day 64
10/06/2022 12:07:45 PM Calculated day 65
10/06/2022 12:07:51 PM Calculated day 66
10/06/2022 12:07:57 PM Calculated day 67
10/06/2022 12:08:04 PM Calculated day 68
10/06/2022 12:08:10 PM Calculated day 69
10/06/2022 12:08:16 PM Calculated day 70
10/06/2022 12:08:23 PM Calculated day 71
10/06/2022 12:08:29 PM Calculated day 72
10/06/2022 12:08:35 PM Calculated day 73
10/06/2022 12:08:42 PM Calculated day 74
10/06/2022 12:08:48 PM Calculated day 75
10/06/2022 12:08:54 PM Calculated day 76
10/06/2022 12:09:01 PM Calculated day 77
10/06/2022 12:09:07 PM Calculated day 78
10/06/2022 12:09:13 PM Calculated day 79
10/06/2022 12:09:20 PM Calculated day 80
10/06/2022 12:09:26 PM Calculated day 81
10/06/2022 12:09:32 PM Calculated day 82
10/06/2022 12:09:38 PM Calculated day 83
10/06/2022 12:09:45 PM Calculated day 84
10/06/2022 12:09:51 PM Calculated day 85
10/06/2022 12:09:57 PM Calculated day 86
10/06/2022 12:10:04 PM Calculated day 87
10/06/2022 12:10:10 PM Calculated day 88
10/06/2022 12:10:16 PM Calculated day 89
10/06/2022 12:10:23 PM Calculated day 90
10/06/2022 12:10:29 PM Calculated day 91
10/06/2022 12:10:35 PM Calculated day 92
10/06/2022 12:10:42 PM Calculated day 93
10/06/2022 12:10:48 PM Calculated day 94
10/06/2022 12:10:54 PM Calculated day 95
10/06/2022 12:11:01 PM Calculated day 96
10/06/2022 12:11:07 PM Calculated day 97
10/06/2022 12:11:13 PM Calculated day 98
10/06/2022 12:11:20 PM Calculated day 99
10/06/2022 12:11:26 PM Calculated day 100
10/06/2022 12:11:32 PM Calculated day 101
10/06/2022 12:11:39 PM Calculated day 102
10/06/2022 12:11:45 PM Calculated day 103
10/06/2022 12:11:51 PM Calculated day 104
10/06/2022 12:11:58 PM Calculated day 105
10/06/2022 12:12:04 PM Calculated day 106
10/06/2022 12:12:10 PM Calculated day 107
10/06/2022 12:12:16 PM Calculated day 108
10/06/2022 12:12:23 PM Calculated day 109
10/06/2022 12:12:29 PM Calculated day 110
10/06/2022 12:12:35 PM Calculated day 111
10/06/2022 12:12:42 PM Calculated day 112
10/06/2022 12:12:48 PM Calculated day 113
10/06/2022 12:12:54 PM Calculated day 114
10/06/2022 12:13:01 PM Calculated day 115
10/06/2022 12:13:07 PM Calculated day 116
10/06/2022 12:13:13 PM Calculated day 117
10/06/2022 12:13:20 PM Calculated day 118
10/06/2022 12:13:26 PM Calculated day 119
10/06/2022 12:13:32 PM Calculated day 120
10/06/2022 12:13:39 PM Calculated day 121
10/06/2022 12:13:45 PM Calculated day 122
10/06/2022 12:13:52 PM Calculated day 123
10/06/2022 12:13:58 PM Calculated day 124
10/06/2022 12:14:05 PM Calculated day 125
10/06/2022 12:14:12 PM Calculated day 126
10/06/2022 12:14:19 PM Calculated day 127
10/06/2022 12:14:25 PM Calculated day 128
10/06/2022 12:14:32 PM Calculated day 129
10/06/2022 12:14:38 PM Calculated day 130
10/06/2022 12:14:44 PM Calculated day 131
10/06/2022 12:14:51 PM Calculated day 132
10/06/2022 12:14:57 PM Calculated day 133
10/06/2022 12:15:03 PM Calculated day 134
10/06/2022 12:15:10 PM Calculated day 135
10/06/2022 12:15:16 PM Calculated day 136
10/06/2022 12:15:22 PM Calculated day 137
10/06/2022 12:15:29 PM Calculated day 138
10/06/2022 12:15:35 PM Calculated day 139
10/06/2022 12:15:41 PM Calculated day 140
10/06/2022 12:15:48 PM Calculated day 141
10/06/2022 12:15:54 PM Calculated day 142
10/06/2022 12:16:00 PM Calculated day 143
10/06/2022 12:16:07 PM Calculated day 144
10/06/2022 12:16:13 PM Calculated day 145
10/06/2022 12:16:19 PM Calculated day 146
10/06/2022 12:16:26 PM Calculated day 147
10/06/2022 12:16:32 PM Calculated day 148
10/06/2022 12:16:38 PM Calculated day 149
10/06/2022 12:16:45 PM Calculated day 150
10/06/2022 12:16:51 PM Calculated day 151
10/06/2022 12:16:57 PM Calculated day 152
10/06/2022 12:17:04 PM Calculated day 153
10/06/2022 12:17:10 PM Calculated day 154
10/06/2022 12:17:16 PM Calculated day 155
10/06/2022 12:17:22 PM Calculated day 156
10/06/2022 12:17:29 PM Calculated day 157
10/06/2022 12:17:35 PM Calculated day 158
10/06/2022 12:17:41 PM Calculated day 159
10/06/2022 12:17:48 PM Calculated day 160
10/06/2022 12:17:54 PM Calculated day 161
10/06/2022 12:18:00 PM Calculated day 162
10/06/2022 12:18:07 PM Calculated day 163
10/06/2022 12:18:13 PM Calculated day 164
10/06/2022 12:18:19 PM Calculated day 165
10/06/2022 12:18:26 PM Calculated day 166
10/06/2022 12:18:32 PM Calculated day 167
10/06/2022 12:18:38 PM Calculated day 168
10/06/2022 12:18:45 PM Calculated day 169
10/06/2022 12:18:51 PM Calculated day 170
10/06/2022 12:18:57 PM Calculated day 171
10/06/2022 12:19:04 PM Calculated day 172
10/06/2022 12:19:10 PM Calculated day 173
10/06/2022 12:19:16 PM Calculated day 174
10/06/2022 12:19:23 PM Calculated day 175
10/06/2022 12:19:29 PM Calculated day 176
10/06/2022 12:19:35 PM Calculated day 177
10/06/2022 12:19:42 PM Calculated day 178
10/06/2022 12:19:48 PM Calculated day 179
10/06/2022 12:19:54 PM Calculated day 180
10/06/2022 12:20:01 PM Calculated day 181
10/06/2022 12:20:07 PM Calculated day 182
10/06/2022 12:20:13 PM Calculated day 183
10/06/2022 12:20:19 PM Calculated day 184
10/06/2022 12:20:26 PM Calculated day 185
10/06/2022 12:20:32 PM Calculated day 186
10/06/2022 12:20:38 PM Calculated day 187
10/06/2022 12:20:45 PM Calculated day 188
10/06/2022 12:20:51 PM Calculated day 189
10/06/2022 12:20:57 PM Calculated day 190
10/06/2022 12:21:04 PM Calculated day 191
10/06/2022 12:21:10 PM Calculated day 192
10/06/2022 12:21:16 PM Calculated day 193
10/06/2022 12:21:23 PM Calculated day 194
10/06/2022 12:21:29 PM Calculated day 195
10/06/2022 12:21:35 PM Calculated day 196
10/06/2022 12:21:42 PM Calculated day 197
10/06/2022 12:21:48 PM Calculated day 198
10/06/2022 12:21:54 PM Calculated day 199
10/06/2022 12:22:58 PM Saved data in /data/pbarpanda/spherical_SWE/evaluate_final_budget/static_U_diff_Heq//dt_150_Q_forcing_10_forcing_y_0_Hmean_500.0_forcing_phase_speed_0_ms/H0_691_Umax_10//H0_691/
10/06/2022 12:22:58 PM  ========== CODE RAN SUCCESSFULLY, congrats! ================
10/06/2022 12:22:58 PM  -----> Total Time taken = 1323.389  <----
