10/06/2022 12:59:51 AM **********************************
10/06/2022 12:59:51 AM /data/pbarpanda/spherical_SWE/evaluate_final_budget/static_U_diff_Heq//dt_150_Q_forcing_10_forcing_y_0_Hmean_500.0_forcing_phase_speed_0_ms/H0_806_Umax_14/
10/06/2022 12:59:51 AM **********************************
10/06/2022 12:59:51 AM Calculated day 0
10/06/2022 12:59:57 AM Calculated day 1
10/06/2022 01:00:04 AM Calculated day 2
10/06/2022 01:00:10 AM Calculated day 3
10/06/2022 01:00:16 AM Calculated day 4
10/06/2022 01:00:23 AM Calculated day 5
10/06/2022 01:00:29 AM Calculated day 6
10/06/2022 01:00:35 AM Calculated day 7
10/06/2022 01:00:41 AM Calculated day 8
10/06/2022 01:00:48 AM Calculated day 9
10/06/2022 01:00:54 AM Calculated day 10
10/06/2022 01:01:00 AM Calculated day 11
10/06/2022 01:01:07 AM Calculated day 12
10/06/2022 01:01:13 AM Calculated day 13
10/06/2022 01:01:19 AM Calculated day 14
10/06/2022 01:01:26 AM Calculated day 15
10/06/2022 01:01:32 AM Calculated day 16
10/06/2022 01:01:38 AM Calculated day 17
10/06/2022 01:01:45 AM Calculated day 18
10/06/2022 01:01:51 AM Calculated day 19
10/06/2022 01:01:57 AM Calculated day 20
10/06/2022 01:02:03 AM Calculated day 21
10/06/2022 01:02:10 AM Calculated day 22
10/06/2022 01:02:16 AM Calculated day 23
10/06/2022 01:02:22 AM Calculated day 24
10/06/2022 01:02:29 AM Calculated day 25
10/06/2022 01:02:35 AM Calculated day 26
10/06/2022 01:02:41 AM Calculated day 27
10/06/2022 01:02:48 AM Calculated day 28
10/06/2022 01:02:54 AM Calculated day 29
10/06/2022 01:03:00 AM Calculated day 30
10/06/2022 01:03:06 AM Calculated day 31
10/06/2022 01:03:13 AM Calculated day 32
10/06/2022 01:03:19 AM Calculated day 33
10/06/2022 01:03:25 AM Calculated day 34
10/06/2022 01:03:32 AM Calculated day 35
10/06/2022 01:03:38 AM Calculated day 36
10/06/2022 01:03:44 AM Calculated day 37
10/06/2022 01:03:51 AM Calculated day 38
10/06/2022 01:03:57 AM Calculated day 39
10/06/2022 01:04:03 AM Calculated day 40
10/06/2022 01:04:10 AM Calculated day 41
10/06/2022 01:04:16 AM Calculated day 42
10/06/2022 01:04:22 AM Calculated day 43
10/06/2022 01:04:28 AM Calculated day 44
10/06/2022 01:04:35 AM Calculated day 45
10/06/2022 01:04:41 AM Calculated day 46
10/06/2022 01:04:47 AM Calculated day 47
10/06/2022 01:04:54 AM Calculated day 48
10/06/2022 01:05:00 AM Calculated day 49
10/06/2022 01:05:06 AM Calculated day 50
10/06/2022 01:05:13 AM Calculated day 51
10/06/2022 01:05:19 AM Calculated day 52
10/06/2022 01:05:25 AM Calculated day 53
10/06/2022 01:05:32 AM Calculated day 54
10/06/2022 01:05:38 AM Calculated day 55
10/06/2022 01:05:44 AM Calculated day 56
10/06/2022 01:05:50 AM Calculated day 57
10/06/2022 01:05:57 AM Calculated day 58
10/06/2022 01:06:03 AM Calculated day 59
10/06/2022 01:06:09 AM Calculated day 60
10/06/2022 01:06:16 AM Calculated day 61
10/06/2022 01:06:22 AM Calculated day 62
10/06/2022 01:06:28 AM Calculated day 63
10/06/2022 01:06:35 AM Calculated day 64
10/06/2022 01:06:41 AM Calculated day 65
10/06/2022 01:06:47 AM Calculated day 66
10/06/2022 01:06:53 AM Calculated day 67
10/06/2022 01:07:00 AM Calculated day 68
10/06/2022 01:07:06 AM Calculated day 69
10/06/2022 01:07:12 AM Calculated day 70
10/06/2022 01:07:19 AM Calculated day 71
10/06/2022 01:07:25 AM Calculated day 72
10/06/2022 01:07:31 AM Calculated day 73
10/06/2022 01:07:38 AM Calculated day 74
10/06/2022 01:07:44 AM Calculated day 75
10/06/2022 01:07:50 AM Calculated day 76
10/06/2022 01:07:57 AM Calculated day 77
10/06/2022 01:08:03 AM Calculated day 78
10/06/2022 01:08:09 AM Calculated day 79
10/06/2022 01:08:15 AM Calculated day 80
10/06/2022 01:08:22 AM Calculated day 81
10/06/2022 01:08:28 AM Calculated day 82
10/06/2022 01:08:34 AM Calculated day 83
10/06/2022 01:08:41 AM Calculated day 84
10/06/2022 01:08:47 AM Calculated day 85
10/06/2022 01:08:53 AM Calculated day 86
10/06/2022 01:09:00 AM Calculated day 87
10/06/2022 01:09:06 AM Calculated day 88
10/06/2022 01:09:12 AM Calculated day 89
10/06/2022 01:09:19 AM Calculated day 90
10/06/2022 01:09:25 AM Calculated day 91
10/06/2022 01:09:31 AM Calculated day 92
10/06/2022 01:09:37 AM Calculated day 93
10/06/2022 01:09:44 AM Calculated day 94
10/06/2022 01:09:50 AM Calculated day 95
10/06/2022 01:09:56 AM Calculated day 96
10/06/2022 01:10:03 AM Calculated day 97
10/06/2022 01:10:09 AM Calculated day 98
10/06/2022 01:10:15 AM Calculated day 99
10/06/2022 01:10:22 AM Calculated day 100
10/06/2022 01:10:28 AM Calculated day 101
10/06/2022 01:10:34 AM Calculated day 102
10/06/2022 01:10:41 AM Calculated day 103
10/06/2022 01:10:47 AM Calculated day 104
10/06/2022 01:10:53 AM Calculated day 105
10/06/2022 01:10:59 AM Calculated day 106
10/06/2022 01:11:06 AM Calculated day 107
10/06/2022 01:11:12 AM Calculated day 108
10/06/2022 01:11:18 AM Calculated day 109
10/06/2022 01:11:25 AM Calculated day 110
10/06/2022 01:11:31 AM Calculated day 111
10/06/2022 01:11:37 AM Calculated day 112
10/06/2022 01:11:44 AM Calculated day 113
10/06/2022 01:11:50 AM Calculated day 114
10/06/2022 01:11:56 AM Calculated day 115
10/06/2022 01:12:02 AM Calculated day 116
10/06/2022 01:12:09 AM Calculated day 117
10/06/2022 01:12:15 AM Calculated day 118
10/06/2022 01:12:21 AM Calculated day 119
10/06/2022 01:12:28 AM Calculated day 120
10/06/2022 01:12:34 AM Calculated day 121
10/06/2022 01:12:40 AM Calculated day 122
10/06/2022 01:12:47 AM Calculated day 123
10/06/2022 01:12:53 AM Calculated day 124
10/06/2022 01:12:59 AM Calculated day 125
10/06/2022 01:13:05 AM Calculated day 126
10/06/2022 01:13:12 AM Calculated day 127
10/06/2022 01:13:18 AM Calculated day 128
10/06/2022 01:13:24 AM Calculated day 129
10/06/2022 01:13:31 AM Calculated day 130
10/06/2022 01:13:37 AM Calculated day 131
10/06/2022 01:13:43 AM Calculated day 132
10/06/2022 01:13:50 AM Calculated day 133
10/06/2022 01:13:56 AM Calculated day 134
10/06/2022 01:14:02 AM Calculated day 135
10/06/2022 01:14:09 AM Calculated day 136
10/06/2022 01:14:15 AM Calculated day 137
10/06/2022 01:14:21 AM Calculated day 138
10/06/2022 01:14:27 AM Calculated day 139
10/06/2022 01:14:34 AM Calculated day 140
10/06/2022 01:14:40 AM Calculated day 141
10/06/2022 01:14:46 AM Calculated day 142
10/06/2022 01:14:53 AM Calculated day 143
10/06/2022 01:14:59 AM Calculated day 144
10/06/2022 01:15:05 AM Calculated day 145
10/06/2022 01:15:12 AM Calculated day 146
10/06/2022 01:15:18 AM Calculated day 147
10/06/2022 01:15:24 AM Calculated day 148
10/06/2022 01:15:30 AM Calculated day 149
10/06/2022 01:15:37 AM Calculated day 150
10/06/2022 01:15:43 AM Calculated day 151
10/06/2022 01:15:49 AM Calculated day 152
10/06/2022 01:15:56 AM Calculated day 153
10/06/2022 01:16:02 AM Calculated day 154
10/06/2022 01:16:08 AM Calculated day 155
10/06/2022 01:16:15 AM Calculated day 156
10/06/2022 01:16:21 AM Calculated day 157
10/06/2022 01:16:27 AM Calculated day 158
10/06/2022 01:16:33 AM Calculated day 159
10/06/2022 01:16:40 AM Calculated day 160
10/06/2022 01:16:46 AM Calculated day 161
10/06/2022 01:16:52 AM Calculated day 162
10/06/2022 01:16:59 AM Calculated day 163
10/06/2022 01:17:05 AM Calculated day 164
10/06/2022 01:17:11 AM Calculated day 165
10/06/2022 01:17:18 AM Calculated day 166
10/06/2022 01:17:24 AM Calculated day 167
10/06/2022 01:17:30 AM Calculated day 168
10/06/2022 01:17:36 AM Calculated day 169
10/06/2022 01:17:43 AM Calculated day 170
10/06/2022 01:17:49 AM Calculated day 171
10/06/2022 01:17:56 AM Calculated day 172
10/06/2022 01:18:02 AM Calculated day 173
10/06/2022 01:18:08 AM Calculated day 174
10/06/2022 01:18:14 AM Calculated day 175
10/06/2022 01:18:21 AM Calculated day 176
10/06/2022 01:18:27 AM Calculated day 177
10/06/2022 01:18:33 AM Calculated day 178
10/06/2022 01:18:40 AM Calculated day 179
10/06/2022 01:18:46 AM Calculated day 180
10/06/2022 01:18:52 AM Calculated day 181
10/06/2022 01:18:59 AM Calculated day 182
10/06/2022 01:19:05 AM Calculated day 183
10/06/2022 01:19:11 AM Calculated day 184
10/06/2022 01:19:18 AM Calculated day 185
10/06/2022 01:19:24 AM Calculated day 186
10/06/2022 01:19:30 AM Calculated day 187
10/06/2022 01:19:37 AM Calculated day 188
10/06/2022 01:19:43 AM Calculated day 189
10/06/2022 01:19:49 AM Calculated day 190
10/06/2022 01:19:56 AM Calculated day 191
10/06/2022 01:20:02 AM Calculated day 192
10/06/2022 01:20:08 AM Calculated day 193
10/06/2022 01:20:15 AM Calculated day 194
10/06/2022 01:20:21 AM Calculated day 195
10/06/2022 01:20:27 AM Calculated day 196
10/06/2022 01:20:34 AM Calculated day 197
10/06/2022 01:20:40 AM Calculated day 198
10/06/2022 01:20:46 AM Calculated day 199
10/06/2022 01:21:52 AM Saved data in /data/pbarpanda/spherical_SWE/evaluate_final_budget/static_U_diff_Heq//dt_150_Q_forcing_10_forcing_y_0_Hmean_500.0_forcing_phase_speed_0_ms/H0_806_Umax_14//H0_806/
10/06/2022 01:21:52 AM  ========== CODE RAN SUCCESSFULLY, congrats! ================
10/06/2022 01:21:52 AM  -----> Total Time taken = 1321.367  <----
