09/07/2022 10:24:47 PM **********************************
09/07/2022 10:24:47 PM /data/pbarpanda/spherical_SWE/evaluate_final_budget/static_U_diff_Heq//dt_150_Q_forcing_10_forcing_y_0_Hmean_500.0_forcing_phase_speed_0_ms/H0_461_Umax_8/
09/07/2022 10:24:47 PM **********************************
09/07/2022 10:24:48 PM Calculated day 0
09/07/2022 10:24:54 PM Calculated day 1
09/07/2022 10:25:01 PM Calculated day 2
09/07/2022 10:25:08 PM Calculated day 3
09/07/2022 10:25:16 PM Calculated day 4
09/07/2022 10:25:23 PM Calculated day 5
09/07/2022 10:25:31 PM Calculated day 6
09/07/2022 10:25:38 PM Calculated day 7
09/07/2022 10:25:46 PM Calculated day 8
09/07/2022 10:25:54 PM Calculated day 9
09/07/2022 10:26:00 PM Calculated day 10
09/07/2022 10:26:07 PM Calculated day 11
09/07/2022 10:26:14 PM Calculated day 12
09/07/2022 10:26:20 PM Calculated day 13
09/07/2022 10:26:27 PM Calculated day 14
09/07/2022 10:26:34 PM Calculated day 15
09/07/2022 10:26:40 PM Calculated day 16
09/07/2022 10:26:47 PM Calculated day 17
09/07/2022 10:26:53 PM Calculated day 18
09/07/2022 10:27:00 PM Calculated day 19
09/07/2022 10:27:07 PM Calculated day 20
09/07/2022 10:27:13 PM Calculated day 21
09/07/2022 10:27:20 PM Calculated day 22
09/07/2022 10:27:27 PM Calculated day 23
09/07/2022 10:27:33 PM Calculated day 24
09/07/2022 10:27:40 PM Calculated day 25
09/07/2022 10:27:47 PM Calculated day 26
09/07/2022 10:27:53 PM Calculated day 27
09/07/2022 10:28:00 PM Calculated day 28
09/07/2022 10:28:07 PM Calculated day 29
09/07/2022 10:28:13 PM Calculated day 30
09/07/2022 10:28:20 PM Calculated day 31
09/07/2022 10:28:27 PM Calculated day 32
09/07/2022 10:28:33 PM Calculated day 33
09/07/2022 10:28:40 PM Calculated day 34
09/07/2022 10:28:47 PM Calculated day 35
09/07/2022 10:28:53 PM Calculated day 36
09/07/2022 10:29:00 PM Calculated day 37
09/07/2022 10:29:07 PM Calculated day 38
09/07/2022 10:29:13 PM Calculated day 39
09/07/2022 10:29:20 PM Calculated day 40
09/07/2022 10:29:27 PM Calculated day 41
09/07/2022 10:29:33 PM Calculated day 42
09/07/2022 10:29:40 PM Calculated day 43
09/07/2022 10:29:47 PM Calculated day 44
09/07/2022 10:29:53 PM Calculated day 45
09/07/2022 10:30:00 PM Calculated day 46
09/07/2022 10:30:06 PM Calculated day 47
09/07/2022 10:30:13 PM Calculated day 48
09/07/2022 10:30:20 PM Calculated day 49
09/07/2022 10:30:26 PM Calculated day 50
09/07/2022 10:30:33 PM Calculated day 51
09/07/2022 10:30:40 PM Calculated day 52
09/07/2022 10:30:46 PM Calculated day 53
09/07/2022 10:30:53 PM Calculated day 54
09/07/2022 10:31:00 PM Calculated day 55
09/07/2022 10:31:06 PM Calculated day 56
09/07/2022 10:31:13 PM Calculated day 57
09/07/2022 10:31:20 PM Calculated day 58
09/07/2022 10:31:26 PM Calculated day 59
09/07/2022 10:31:33 PM Calculated day 60
09/07/2022 10:31:40 PM Calculated day 61
09/07/2022 10:31:46 PM Calculated day 62
09/07/2022 10:31:53 PM Calculated day 63
09/07/2022 10:32:00 PM Calculated day 64
09/07/2022 10:32:06 PM Calculated day 65
09/07/2022 10:32:13 PM Calculated day 66
09/07/2022 10:32:19 PM Calculated day 67
09/07/2022 10:32:26 PM Calculated day 68
09/07/2022 10:32:33 PM Calculated day 69
09/07/2022 10:32:39 PM Calculated day 70
09/07/2022 10:32:46 PM Calculated day 71
09/07/2022 10:32:53 PM Calculated day 72
09/07/2022 10:32:59 PM Calculated day 73
09/07/2022 10:33:06 PM Calculated day 74
09/07/2022 10:33:13 PM Calculated day 75
09/07/2022 10:33:19 PM Calculated day 76
09/07/2022 10:33:26 PM Calculated day 77
09/07/2022 10:33:33 PM Calculated day 78
09/07/2022 10:33:39 PM Calculated day 79
09/07/2022 10:33:46 PM Calculated day 80
09/07/2022 10:33:53 PM Calculated day 81
09/07/2022 10:33:59 PM Calculated day 82
09/07/2022 10:34:06 PM Calculated day 83
09/07/2022 10:34:13 PM Calculated day 84
09/07/2022 10:34:19 PM Calculated day 85
09/07/2022 10:34:26 PM Calculated day 86
09/07/2022 10:34:32 PM Calculated day 87
09/07/2022 10:34:39 PM Calculated day 88
09/07/2022 10:34:46 PM Calculated day 89
09/07/2022 10:34:52 PM Calculated day 90
09/07/2022 10:34:59 PM Calculated day 91
09/07/2022 10:35:06 PM Calculated day 92
09/07/2022 10:35:12 PM Calculated day 93
09/07/2022 10:35:19 PM Calculated day 94
09/07/2022 10:35:26 PM Calculated day 95
09/07/2022 10:35:32 PM Calculated day 96
09/07/2022 10:35:39 PM Calculated day 97
09/07/2022 10:35:46 PM Calculated day 98
09/07/2022 10:35:52 PM Calculated day 99
09/07/2022 10:35:59 PM Calculated day 100
09/07/2022 10:36:06 PM Calculated day 101
09/07/2022 10:36:12 PM Calculated day 102
09/07/2022 10:36:19 PM Calculated day 103
09/07/2022 10:36:26 PM Calculated day 104
09/07/2022 10:36:32 PM Calculated day 105
09/07/2022 10:36:39 PM Calculated day 106
09/07/2022 10:36:46 PM Calculated day 107
09/07/2022 10:36:52 PM Calculated day 108
09/07/2022 10:36:59 PM Calculated day 109
09/07/2022 10:37:06 PM Calculated day 110
09/07/2022 10:37:12 PM Calculated day 111
09/07/2022 10:37:19 PM Calculated day 112
09/07/2022 10:37:26 PM Calculated day 113
09/07/2022 10:37:32 PM Calculated day 114
09/07/2022 10:37:39 PM Calculated day 115
09/07/2022 10:37:46 PM Calculated day 116
09/07/2022 10:37:52 PM Calculated day 117
09/07/2022 10:37:59 PM Calculated day 118
09/07/2022 10:38:06 PM Calculated day 119
09/07/2022 10:38:12 PM Calculated day 120
09/07/2022 10:38:19 PM Calculated day 121
09/07/2022 10:38:26 PM Calculated day 122
09/07/2022 10:38:32 PM Calculated day 123
09/07/2022 10:38:39 PM Calculated day 124
09/07/2022 10:38:45 PM Calculated day 125
09/07/2022 10:38:52 PM Calculated day 126
09/07/2022 10:38:59 PM Calculated day 127
09/07/2022 10:39:05 PM Calculated day 128
09/07/2022 10:39:12 PM Calculated day 129
09/07/2022 10:39:19 PM Calculated day 130
09/07/2022 10:39:25 PM Calculated day 131
09/07/2022 10:39:32 PM Calculated day 132
09/07/2022 10:39:39 PM Calculated day 133
09/07/2022 10:39:45 PM Calculated day 134
09/07/2022 10:39:52 PM Calculated day 135
09/07/2022 10:39:59 PM Calculated day 136
09/07/2022 10:40:05 PM Calculated day 137
09/07/2022 10:40:12 PM Calculated day 138
09/07/2022 10:40:19 PM Calculated day 139
09/07/2022 10:40:25 PM Calculated day 140
09/07/2022 10:40:32 PM Calculated day 141
09/07/2022 10:40:39 PM Calculated day 142
09/07/2022 10:40:45 PM Calculated day 143
09/07/2022 10:40:52 PM Calculated day 144
09/07/2022 10:40:59 PM Calculated day 145
09/07/2022 10:41:05 PM Calculated day 146
09/07/2022 10:41:12 PM Calculated day 147
09/07/2022 10:41:19 PM Calculated day 148
09/07/2022 10:41:25 PM Calculated day 149
09/07/2022 10:41:32 PM Calculated day 150
09/07/2022 10:41:39 PM Calculated day 151
09/07/2022 10:41:45 PM Calculated day 152
09/07/2022 10:41:52 PM Calculated day 153
09/07/2022 10:41:59 PM Calculated day 154
09/07/2022 10:42:05 PM Calculated day 155
09/07/2022 10:42:12 PM Calculated day 156
09/07/2022 10:42:19 PM Calculated day 157
09/07/2022 10:42:25 PM Calculated day 158
09/07/2022 10:42:32 PM Calculated day 159
09/07/2022 10:42:39 PM Calculated day 160
09/07/2022 10:42:45 PM Calculated day 161
09/07/2022 10:42:52 PM Calculated day 162
09/07/2022 10:42:59 PM Calculated day 163
09/07/2022 10:43:05 PM Calculated day 164
09/07/2022 10:43:12 PM Calculated day 165
09/07/2022 10:43:19 PM Calculated day 166
09/07/2022 10:43:25 PM Calculated day 167
09/07/2022 10:43:32 PM Calculated day 168
09/07/2022 10:43:39 PM Calculated day 169
09/07/2022 10:43:45 PM Calculated day 170
09/07/2022 10:43:52 PM Calculated day 171
09/07/2022 10:43:59 PM Calculated day 172
09/07/2022 10:44:05 PM Calculated day 173
09/07/2022 10:44:12 PM Calculated day 174
09/07/2022 10:44:19 PM Calculated day 175
09/07/2022 10:44:25 PM Calculated day 176
09/07/2022 10:44:32 PM Calculated day 177
09/07/2022 10:44:39 PM Calculated day 178
09/07/2022 10:44:45 PM Calculated day 179
09/07/2022 10:44:52 PM Calculated day 180
09/07/2022 10:44:59 PM Calculated day 181
09/07/2022 10:45:05 PM Calculated day 182
09/07/2022 10:45:12 PM Calculated day 183
09/07/2022 10:45:19 PM Calculated day 184
09/07/2022 10:45:25 PM Calculated day 185
09/07/2022 10:45:32 PM Calculated day 186
09/07/2022 10:45:38 PM Calculated day 187
09/07/2022 10:45:45 PM Calculated day 188
09/07/2022 10:45:52 PM Calculated day 189
09/07/2022 10:45:58 PM Calculated day 190
09/07/2022 10:46:05 PM Calculated day 191
09/07/2022 10:46:12 PM Calculated day 192
09/07/2022 10:46:18 PM Calculated day 193
09/07/2022 10:46:25 PM Calculated day 194
09/07/2022 10:46:32 PM Calculated day 195
09/07/2022 10:46:38 PM Calculated day 196
09/07/2022 10:46:45 PM Calculated day 197
09/07/2022 10:46:52 PM Calculated day 198
09/07/2022 10:46:58 PM Calculated day 199
09/07/2022 10:48:06 PM Saved data in /data/pbarpanda/spherical_SWE/evaluate_final_budget/static_U_diff_Heq//dt_150_Q_forcing_10_forcing_y_0_Hmean_500.0_forcing_phase_speed_0_ms/H0_461_Umax_8//H0_461/
09/07/2022 10:48:06 PM  ========== CODE RAN SUCCESSFULLY, congrats! ================
09/07/2022 10:48:06 PM  -----> Total Time taken = 1398.964  <----
