09/08/2022 12:47:13 AM **********************************
09/08/2022 12:47:13 AM /data/pbarpanda/spherical_SWE/evaluate_final_budget/static_U_diff_Heq//dt_150_Q_forcing_10_forcing_y_0_Hmean_500.0_forcing_phase_speed_0_ms/H0_1841_Umax_32/
09/08/2022 12:47:13 AM **********************************
09/08/2022 12:47:13 AM Calculated day 0
09/08/2022 12:47:20 AM Calculated day 1
09/08/2022 12:47:26 AM Calculated day 2
09/08/2022 12:47:32 AM Calculated day 3
09/08/2022 12:47:39 AM Calculated day 4
09/08/2022 12:47:45 AM Calculated day 5
09/08/2022 12:47:51 AM Calculated day 6
09/08/2022 12:47:58 AM Calculated day 7
09/08/2022 12:48:04 AM Calculated day 8
09/08/2022 12:48:10 AM Calculated day 9
09/08/2022 12:48:17 AM Calculated day 10
09/08/2022 12:48:23 AM Calculated day 11
09/08/2022 12:48:29 AM Calculated day 12
09/08/2022 12:48:35 AM Calculated day 13
09/08/2022 12:48:42 AM Calculated day 14
09/08/2022 12:48:48 AM Calculated day 15
09/08/2022 12:48:54 AM Calculated day 16
09/08/2022 12:49:01 AM Calculated day 17
09/08/2022 12:49:07 AM Calculated day 18
09/08/2022 12:49:13 AM Calculated day 19
09/08/2022 12:49:20 AM Calculated day 20
09/08/2022 12:49:26 AM Calculated day 21
09/08/2022 12:49:32 AM Calculated day 22
09/08/2022 12:49:39 AM Calculated day 23
09/08/2022 12:49:45 AM Calculated day 24
09/08/2022 12:49:51 AM Calculated day 25
09/08/2022 12:49:58 AM Calculated day 26
09/08/2022 12:50:04 AM Calculated day 27
09/08/2022 12:50:10 AM Calculated day 28
09/08/2022 12:50:17 AM Calculated day 29
09/08/2022 12:50:24 AM Calculated day 30
09/08/2022 12:50:31 AM Calculated day 31
09/08/2022 12:50:37 AM Calculated day 32
09/08/2022 12:50:44 AM Calculated day 33
09/08/2022 12:50:50 AM Calculated day 34
09/08/2022 12:50:57 AM Calculated day 35
09/08/2022 12:51:03 AM Calculated day 36
09/08/2022 12:51:10 AM Calculated day 37
09/08/2022 12:51:16 AM Calculated day 38
09/08/2022 12:51:22 AM Calculated day 39
09/08/2022 12:51:29 AM Calculated day 40
09/08/2022 12:51:35 AM Calculated day 41
09/08/2022 12:51:41 AM Calculated day 42
09/08/2022 12:51:47 AM Calculated day 43
09/08/2022 12:51:54 AM Calculated day 44
09/08/2022 12:52:00 AM Calculated day 45
09/08/2022 12:52:06 AM Calculated day 46
09/08/2022 12:52:13 AM Calculated day 47
09/08/2022 12:52:19 AM Calculated day 48
09/08/2022 12:52:25 AM Calculated day 49
09/08/2022 12:52:32 AM Calculated day 50
09/08/2022 12:52:38 AM Calculated day 51
09/08/2022 12:52:44 AM Calculated day 52
09/08/2022 12:52:51 AM Calculated day 53
09/08/2022 12:52:57 AM Calculated day 54
09/08/2022 12:53:03 AM Calculated day 55
09/08/2022 12:53:10 AM Calculated day 56
09/08/2022 12:53:16 AM Calculated day 57
09/08/2022 12:53:22 AM Calculated day 58
09/08/2022 12:53:28 AM Calculated day 59
09/08/2022 12:53:35 AM Calculated day 60
09/08/2022 12:53:41 AM Calculated day 61
09/08/2022 12:53:47 AM Calculated day 62
09/08/2022 12:53:54 AM Calculated day 63
09/08/2022 12:54:00 AM Calculated day 64
09/08/2022 12:54:06 AM Calculated day 65
09/08/2022 12:54:13 AM Calculated day 66
09/08/2022 12:54:19 AM Calculated day 67
09/08/2022 12:54:25 AM Calculated day 68
09/08/2022 12:54:32 AM Calculated day 69
09/08/2022 12:54:38 AM Calculated day 70
09/08/2022 12:54:44 AM Calculated day 71
09/08/2022 12:54:51 AM Calculated day 72
09/08/2022 12:54:57 AM Calculated day 73
09/08/2022 12:55:03 AM Calculated day 74
09/08/2022 12:55:09 AM Calculated day 75
09/08/2022 12:55:16 AM Calculated day 76
09/08/2022 12:55:22 AM Calculated day 77
09/08/2022 12:55:28 AM Calculated day 78
09/08/2022 12:55:35 AM Calculated day 79
09/08/2022 12:55:41 AM Calculated day 80
09/08/2022 12:55:47 AM Calculated day 81
09/08/2022 12:55:54 AM Calculated day 82
09/08/2022 12:56:00 AM Calculated day 83
09/08/2022 12:56:06 AM Calculated day 84
09/08/2022 12:56:13 AM Calculated day 85
09/08/2022 12:56:19 AM Calculated day 86
09/08/2022 12:56:25 AM Calculated day 87
09/08/2022 12:56:32 AM Calculated day 88
09/08/2022 12:56:38 AM Calculated day 89
09/08/2022 12:56:44 AM Calculated day 90
09/08/2022 12:56:51 AM Calculated day 91
09/08/2022 12:56:57 AM Calculated day 92
09/08/2022 12:57:03 AM Calculated day 93
09/08/2022 12:57:10 AM Calculated day 94
09/08/2022 12:57:16 AM Calculated day 95
09/08/2022 12:57:22 AM Calculated day 96
09/08/2022 12:57:29 AM Calculated day 97
09/08/2022 12:57:35 AM Calculated day 98
09/08/2022 12:57:41 AM Calculated day 99
09/08/2022 12:57:48 AM Calculated day 100
09/08/2022 12:57:54 AM Calculated day 101
09/08/2022 12:58:00 AM Calculated day 102
09/08/2022 12:58:06 AM Calculated day 103
09/08/2022 12:58:13 AM Calculated day 104
09/08/2022 12:58:19 AM Calculated day 105
09/08/2022 12:58:25 AM Calculated day 106
09/08/2022 12:58:32 AM Calculated day 107
09/08/2022 12:58:38 AM Calculated day 108
09/08/2022 12:58:44 AM Calculated day 109
09/08/2022 12:58:51 AM Calculated day 110
09/08/2022 12:58:57 AM Calculated day 111
09/08/2022 12:59:03 AM Calculated day 112
09/08/2022 12:59:10 AM Calculated day 113
09/08/2022 12:59:16 AM Calculated day 114
09/08/2022 12:59:22 AM Calculated day 115
09/08/2022 12:59:29 AM Calculated day 116
09/08/2022 12:59:35 AM Calculated day 117
09/08/2022 12:59:41 AM Calculated day 118
09/08/2022 12:59:48 AM Calculated day 119
09/08/2022 12:59:54 AM Calculated day 120
09/08/2022 01:00:00 AM Calculated day 121
09/08/2022 01:00:06 AM Calculated day 122
09/08/2022 01:00:13 AM Calculated day 123
09/08/2022 01:00:19 AM Calculated day 124
09/08/2022 01:00:25 AM Calculated day 125
09/08/2022 01:00:32 AM Calculated day 126
09/08/2022 01:00:38 AM Calculated day 127
09/08/2022 01:00:44 AM Calculated day 128
09/08/2022 01:00:51 AM Calculated day 129
09/08/2022 01:00:57 AM Calculated day 130
09/08/2022 01:01:03 AM Calculated day 131
09/08/2022 01:01:10 AM Calculated day 132
09/08/2022 01:01:16 AM Calculated day 133
09/08/2022 01:01:22 AM Calculated day 134
09/08/2022 01:01:29 AM Calculated day 135
09/08/2022 01:01:35 AM Calculated day 136
09/08/2022 01:01:41 AM Calculated day 137
09/08/2022 01:01:48 AM Calculated day 138
09/08/2022 01:01:54 AM Calculated day 139
09/08/2022 01:02:00 AM Calculated day 140
09/08/2022 01:02:07 AM Calculated day 141
09/08/2022 01:02:13 AM Calculated day 142
09/08/2022 01:02:19 AM Calculated day 143
09/08/2022 01:02:25 AM Calculated day 144
09/08/2022 01:02:32 AM Calculated day 145
09/08/2022 01:02:38 AM Calculated day 146
09/08/2022 01:02:44 AM Calculated day 147
09/08/2022 01:02:51 AM Calculated day 148
09/08/2022 01:02:57 AM Calculated day 149
09/08/2022 01:03:03 AM Calculated day 150
09/08/2022 01:03:10 AM Calculated day 151
09/08/2022 01:03:16 AM Calculated day 152
09/08/2022 01:03:22 AM Calculated day 153
09/08/2022 01:03:29 AM Calculated day 154
09/08/2022 01:03:35 AM Calculated day 155
09/08/2022 01:03:41 AM Calculated day 156
09/08/2022 01:03:48 AM Calculated day 157
09/08/2022 01:03:54 AM Calculated day 158
09/08/2022 01:04:00 AM Calculated day 159
09/08/2022 01:04:07 AM Calculated day 160
09/08/2022 01:04:13 AM Calculated day 161
09/08/2022 01:04:19 AM Calculated day 162
09/08/2022 01:04:26 AM Calculated day 163
09/08/2022 01:04:32 AM Calculated day 164
09/08/2022 01:04:38 AM Calculated day 165
09/08/2022 01:04:45 AM Calculated day 166
09/08/2022 01:04:51 AM Calculated day 167
09/08/2022 01:04:57 AM Calculated day 168
09/08/2022 01:05:04 AM Calculated day 169
09/08/2022 01:05:10 AM Calculated day 170
09/08/2022 01:05:16 AM Calculated day 171
09/08/2022 01:05:22 AM Calculated day 172
09/08/2022 01:05:29 AM Calculated day 173
09/08/2022 01:05:35 AM Calculated day 174
09/08/2022 01:05:41 AM Calculated day 175
09/08/2022 01:05:48 AM Calculated day 176
09/08/2022 01:05:54 AM Calculated day 177
09/08/2022 01:06:00 AM Calculated day 178
09/08/2022 01:06:07 AM Calculated day 179
09/08/2022 01:06:13 AM Calculated day 180
09/08/2022 01:06:19 AM Calculated day 181
09/08/2022 01:06:26 AM Calculated day 182
09/08/2022 01:06:32 AM Calculated day 183
09/08/2022 01:06:38 AM Calculated day 184
09/08/2022 01:06:45 AM Calculated day 185
09/08/2022 01:06:51 AM Calculated day 186
09/08/2022 01:06:57 AM Calculated day 187
09/08/2022 01:07:04 AM Calculated day 188
09/08/2022 01:07:10 AM Calculated day 189
09/08/2022 01:07:16 AM Calculated day 190
09/08/2022 01:07:23 AM Calculated day 191
09/08/2022 01:07:29 AM Calculated day 192
09/08/2022 01:07:35 AM Calculated day 193
09/08/2022 01:07:42 AM Calculated day 194
09/08/2022 01:07:48 AM Calculated day 195
09/08/2022 01:07:54 AM Calculated day 196
09/08/2022 01:08:01 AM Calculated day 197
09/08/2022 01:08:07 AM Calculated day 198
09/08/2022 01:08:13 AM Calculated day 199
09/08/2022 01:09:15 AM Saved data in /data/pbarpanda/spherical_SWE/evaluate_final_budget/static_U_diff_Heq//dt_150_Q_forcing_10_forcing_y_0_Hmean_500.0_forcing_phase_speed_0_ms/H0_1841_Umax_32//H0_1841/
09/08/2022 01:09:15 AM  ========== CODE RAN SUCCESSFULLY, congrats! ================
09/08/2022 01:09:15 AM  -----> Total Time taken = 1321.445  <----
