09/07/2022 11:11:41 PM **********************************
09/07/2022 11:11:41 PM /data/pbarpanda/spherical_SWE/evaluate_final_budget/resting_basic_state_diff_Heq//dt_150_Q_forcing_10_forcing_y_0_Hmean_325.8_forcing_phase_speed_0_ms/U_up_days_200/
09/07/2022 11:11:41 PM **********************************
09/07/2022 11:11:41 PM Calculated day 0
09/07/2022 11:11:48 PM Calculated day 1
09/07/2022 11:11:54 PM Calculated day 2
09/07/2022 11:12:01 PM Calculated day 3
09/07/2022 11:12:07 PM Calculated day 4
09/07/2022 11:12:14 PM Calculated day 5
09/07/2022 11:12:20 PM Calculated day 6
09/07/2022 11:12:27 PM Calculated day 7
09/07/2022 11:12:33 PM Calculated day 8
09/07/2022 11:12:40 PM Calculated day 9
09/07/2022 11:12:46 PM Calculated day 10
09/07/2022 11:12:53 PM Calculated day 11
09/07/2022 11:13:00 PM Calculated day 12
09/07/2022 11:13:06 PM Calculated day 13
09/07/2022 11:13:13 PM Calculated day 14
09/07/2022 11:13:19 PM Calculated day 15
09/07/2022 11:13:26 PM Calculated day 16
09/07/2022 11:13:32 PM Calculated day 17
09/07/2022 11:13:39 PM Calculated day 18
09/07/2022 11:13:45 PM Calculated day 19
09/07/2022 11:13:52 PM Calculated day 20
09/07/2022 11:13:58 PM Calculated day 21
09/07/2022 11:14:05 PM Calculated day 22
09/07/2022 11:14:11 PM Calculated day 23
09/07/2022 11:14:18 PM Calculated day 24
09/07/2022 11:14:24 PM Calculated day 25
09/07/2022 11:14:31 PM Calculated day 26
09/07/2022 11:14:38 PM Calculated day 27
09/07/2022 11:14:44 PM Calculated day 28
09/07/2022 11:14:51 PM Calculated day 29
09/07/2022 11:14:57 PM Calculated day 30
09/07/2022 11:15:04 PM Calculated day 31
09/07/2022 11:15:10 PM Calculated day 32
09/07/2022 11:15:17 PM Calculated day 33
09/07/2022 11:15:23 PM Calculated day 34
09/07/2022 11:15:30 PM Calculated day 35
09/07/2022 11:15:36 PM Calculated day 36
09/07/2022 11:15:43 PM Calculated day 37
09/07/2022 11:15:49 PM Calculated day 38
09/07/2022 11:15:56 PM Calculated day 39
09/07/2022 11:16:03 PM Calculated day 40
09/07/2022 11:16:09 PM Calculated day 41
09/07/2022 11:16:16 PM Calculated day 42
09/07/2022 11:16:22 PM Calculated day 43
09/07/2022 11:16:29 PM Calculated day 44
09/07/2022 11:16:35 PM Calculated day 45
09/07/2022 11:16:42 PM Calculated day 46
09/07/2022 11:16:48 PM Calculated day 47
09/07/2022 11:16:55 PM Calculated day 48
09/07/2022 11:17:01 PM Calculated day 49
09/07/2022 11:17:08 PM Calculated day 50
09/07/2022 11:17:14 PM Calculated day 51
09/07/2022 11:17:21 PM Calculated day 52
09/07/2022 11:17:28 PM Calculated day 53
09/07/2022 11:17:34 PM Calculated day 54
09/07/2022 11:17:41 PM Calculated day 55
09/07/2022 11:17:47 PM Calculated day 56
09/07/2022 11:17:54 PM Calculated day 57
09/07/2022 11:18:00 PM Calculated day 58
09/07/2022 11:18:07 PM Calculated day 59
09/07/2022 11:18:13 PM Calculated day 60
09/07/2022 11:18:20 PM Calculated day 61
09/07/2022 11:18:26 PM Calculated day 62
09/07/2022 11:18:33 PM Calculated day 63
09/07/2022 11:18:39 PM Calculated day 64
09/07/2022 11:18:46 PM Calculated day 65
09/07/2022 11:18:52 PM Calculated day 66
09/07/2022 11:18:59 PM Calculated day 67
09/07/2022 11:19:06 PM Calculated day 68
09/07/2022 11:19:12 PM Calculated day 69
09/07/2022 11:19:19 PM Calculated day 70
09/07/2022 11:19:25 PM Calculated day 71
09/07/2022 11:19:32 PM Calculated day 72
09/07/2022 11:19:38 PM Calculated day 73
09/07/2022 11:19:45 PM Calculated day 74
09/07/2022 11:19:51 PM Calculated day 75
09/07/2022 11:19:58 PM Calculated day 76
09/07/2022 11:20:04 PM Calculated day 77
09/07/2022 11:20:11 PM Calculated day 78
09/07/2022 11:20:17 PM Calculated day 79
09/07/2022 11:20:24 PM Calculated day 80
09/07/2022 11:20:30 PM Calculated day 81
09/07/2022 11:20:37 PM Calculated day 82
09/07/2022 11:20:44 PM Calculated day 83
09/07/2022 11:20:50 PM Calculated day 84
09/07/2022 11:20:57 PM Calculated day 85
09/07/2022 11:21:03 PM Calculated day 86
09/07/2022 11:21:10 PM Calculated day 87
09/07/2022 11:21:16 PM Calculated day 88
09/07/2022 11:21:23 PM Calculated day 89
09/07/2022 11:21:29 PM Calculated day 90
09/07/2022 11:21:36 PM Calculated day 91
09/07/2022 11:21:42 PM Calculated day 92
09/07/2022 11:21:49 PM Calculated day 93
09/07/2022 11:21:55 PM Calculated day 94
09/07/2022 11:22:02 PM Calculated day 95
09/07/2022 11:22:09 PM Calculated day 96
09/07/2022 11:22:15 PM Calculated day 97
09/07/2022 11:22:22 PM Calculated day 98
09/07/2022 11:22:28 PM Calculated day 99
09/07/2022 11:22:35 PM Calculated day 100
09/07/2022 11:22:41 PM Calculated day 101
09/07/2022 11:22:48 PM Calculated day 102
09/07/2022 11:22:54 PM Calculated day 103
09/07/2022 11:23:01 PM Calculated day 104
09/07/2022 11:23:07 PM Calculated day 105
09/07/2022 11:23:14 PM Calculated day 106
09/07/2022 11:23:21 PM Calculated day 107
09/07/2022 11:23:27 PM Calculated day 108
09/07/2022 11:23:34 PM Calculated day 109
09/07/2022 11:23:40 PM Calculated day 110
09/07/2022 11:23:47 PM Calculated day 111
09/07/2022 11:23:53 PM Calculated day 112
09/07/2022 11:24:00 PM Calculated day 113
09/07/2022 11:24:06 PM Calculated day 114
09/07/2022 11:24:13 PM Calculated day 115
09/07/2022 11:24:19 PM Calculated day 116
09/07/2022 11:24:26 PM Calculated day 117
09/07/2022 11:24:33 PM Calculated day 118
09/07/2022 11:24:39 PM Calculated day 119
09/07/2022 11:24:46 PM Calculated day 120
09/07/2022 11:24:52 PM Calculated day 121
09/07/2022 11:24:59 PM Calculated day 122
09/07/2022 11:25:05 PM Calculated day 123
09/07/2022 11:25:12 PM Calculated day 124
09/07/2022 11:25:18 PM Calculated day 125
09/07/2022 11:25:25 PM Calculated day 126
09/07/2022 11:25:31 PM Calculated day 127
09/07/2022 11:25:38 PM Calculated day 128
09/07/2022 11:25:45 PM Calculated day 129
09/07/2022 11:25:51 PM Calculated day 130
09/07/2022 11:25:58 PM Calculated day 131
09/07/2022 11:26:04 PM Calculated day 132
09/07/2022 11:26:11 PM Calculated day 133
09/07/2022 11:26:17 PM Calculated day 134
09/07/2022 11:26:24 PM Calculated day 135
09/07/2022 11:26:30 PM Calculated day 136
09/07/2022 11:26:37 PM Calculated day 137
09/07/2022 11:26:43 PM Calculated day 138
09/07/2022 11:26:50 PM Calculated day 139
09/07/2022 11:26:56 PM Calculated day 140
09/07/2022 11:27:03 PM Calculated day 141
09/07/2022 11:27:10 PM Calculated day 142
09/07/2022 11:27:16 PM Calculated day 143
09/07/2022 11:27:23 PM Calculated day 144
09/07/2022 11:27:29 PM Calculated day 145
09/07/2022 11:27:36 PM Calculated day 146
09/07/2022 11:27:42 PM Calculated day 147
09/07/2022 11:27:49 PM Calculated day 148
09/07/2022 11:27:55 PM Calculated day 149
09/07/2022 11:28:02 PM Calculated day 150
09/07/2022 11:28:09 PM Calculated day 151
09/07/2022 11:28:15 PM Calculated day 152
09/07/2022 11:28:22 PM Calculated day 153
09/07/2022 11:28:28 PM Calculated day 154
09/07/2022 11:28:35 PM Calculated day 155
09/07/2022 11:28:41 PM Calculated day 156
09/07/2022 11:28:48 PM Calculated day 157
09/07/2022 11:28:54 PM Calculated day 158
09/07/2022 11:29:01 PM Calculated day 159
09/07/2022 11:29:07 PM Calculated day 160
09/07/2022 11:29:14 PM Calculated day 161
09/07/2022 11:29:20 PM Calculated day 162
09/07/2022 11:29:27 PM Calculated day 163
09/07/2022 11:29:34 PM Calculated day 164
09/07/2022 11:29:40 PM Calculated day 165
09/07/2022 11:29:47 PM Calculated day 166
09/07/2022 11:29:53 PM Calculated day 167
09/07/2022 11:30:00 PM Calculated day 168
09/07/2022 11:30:06 PM Calculated day 169
09/07/2022 11:30:13 PM Calculated day 170
09/07/2022 11:30:19 PM Calculated day 171
09/07/2022 11:30:26 PM Calculated day 172
09/07/2022 11:30:32 PM Calculated day 173
09/07/2022 11:30:39 PM Calculated day 174
09/07/2022 11:30:46 PM Calculated day 175
09/07/2022 11:30:52 PM Calculated day 176
09/07/2022 11:30:59 PM Calculated day 177
09/07/2022 11:31:05 PM Calculated day 178
09/07/2022 11:31:12 PM Calculated day 179
09/07/2022 11:31:18 PM Calculated day 180
09/07/2022 11:31:25 PM Calculated day 181
09/07/2022 11:31:31 PM Calculated day 182
09/07/2022 11:31:38 PM Calculated day 183
09/07/2022 11:31:44 PM Calculated day 184
09/07/2022 11:31:51 PM Calculated day 185
09/07/2022 11:31:58 PM Calculated day 186
09/07/2022 11:32:04 PM Calculated day 187
09/07/2022 11:32:11 PM Calculated day 188
09/07/2022 11:32:17 PM Calculated day 189
09/07/2022 11:32:24 PM Calculated day 190
09/07/2022 11:32:30 PM Calculated day 191
09/07/2022 11:32:37 PM Calculated day 192
09/07/2022 11:32:43 PM Calculated day 193
09/07/2022 11:32:50 PM Calculated day 194
09/07/2022 11:32:56 PM Calculated day 195
09/07/2022 11:33:03 PM Calculated day 196
09/07/2022 11:33:10 PM Calculated day 197
09/07/2022 11:33:16 PM Calculated day 198
09/07/2022 11:33:23 PM Calculated day 199
09/07/2022 11:34:49 PM Saved data in /data/pbarpanda/spherical_SWE/evaluate_final_budget/resting_basic_state_diff_Heq//dt_150_Q_forcing_10_forcing_y_0_Hmean_325.8_forcing_phase_speed_0_ms/U_up_days_200//H0_0/
09/07/2022 11:34:50 PM  ========== CODE RAN SUCCESSFULLY, congrats! ================
09/07/2022 11:34:50 PM  -----> Total Time taken = 1388.465  <----
