09/07/2022 11:34:50 PM **********************************
09/07/2022 11:34:50 PM /data/pbarpanda/spherical_SWE/evaluate_final_budget/resting_basic_state_diff_Heq//dt_150_Q_forcing_10_forcing_y_0_Hmean_289.2_forcing_phase_speed_0_ms/U_up_days_200/
09/07/2022 11:34:50 PM **********************************
09/07/2022 11:34:50 PM Calculated day 0
09/07/2022 11:34:56 PM Calculated day 1
09/07/2022 11:35:03 PM Calculated day 2
09/07/2022 11:35:09 PM Calculated day 3
09/07/2022 11:35:16 PM Calculated day 4
09/07/2022 11:35:22 PM Calculated day 5
09/07/2022 11:35:29 PM Calculated day 6
09/07/2022 11:35:35 PM Calculated day 7
09/07/2022 11:35:42 PM Calculated day 8
09/07/2022 11:35:48 PM Calculated day 9
09/07/2022 11:35:55 PM Calculated day 10
09/07/2022 11:36:01 PM Calculated day 11
09/07/2022 11:36:08 PM Calculated day 12
09/07/2022 11:36:15 PM Calculated day 13
09/07/2022 11:36:21 PM Calculated day 14
09/07/2022 11:36:28 PM Calculated day 15
09/07/2022 11:36:34 PM Calculated day 16
09/07/2022 11:36:41 PM Calculated day 17
09/07/2022 11:36:47 PM Calculated day 18
09/07/2022 11:36:54 PM Calculated day 19
09/07/2022 11:37:00 PM Calculated day 20
09/07/2022 11:37:07 PM Calculated day 21
09/07/2022 11:37:13 PM Calculated day 22
09/07/2022 11:37:20 PM Calculated day 23
09/07/2022 11:37:26 PM Calculated day 24
09/07/2022 11:37:33 PM Calculated day 25
09/07/2022 11:37:39 PM Calculated day 26
09/07/2022 11:37:46 PM Calculated day 27
09/07/2022 11:37:53 PM Calculated day 28
09/07/2022 11:37:59 PM Calculated day 29
09/07/2022 11:38:06 PM Calculated day 30
09/07/2022 11:38:12 PM Calculated day 31
09/07/2022 11:38:19 PM Calculated day 32
09/07/2022 11:38:25 PM Calculated day 33
09/07/2022 11:38:32 PM Calculated day 34
09/07/2022 11:38:38 PM Calculated day 35
09/07/2022 11:38:45 PM Calculated day 36
09/07/2022 11:38:51 PM Calculated day 37
09/07/2022 11:38:58 PM Calculated day 38
09/07/2022 11:39:04 PM Calculated day 39
09/07/2022 11:39:11 PM Calculated day 40
09/07/2022 11:39:17 PM Calculated day 41
09/07/2022 11:39:24 PM Calculated day 42
09/07/2022 11:39:31 PM Calculated day 43
09/07/2022 11:39:37 PM Calculated day 44
09/07/2022 11:39:44 PM Calculated day 45
09/07/2022 11:39:50 PM Calculated day 46
09/07/2022 11:39:57 PM Calculated day 47
09/07/2022 11:40:03 PM Calculated day 48
09/07/2022 11:40:10 PM Calculated day 49
09/07/2022 11:40:16 PM Calculated day 50
09/07/2022 11:40:23 PM Calculated day 51
09/07/2022 11:40:29 PM Calculated day 52
09/07/2022 11:40:36 PM Calculated day 53
09/07/2022 11:40:42 PM Calculated day 54
09/07/2022 11:40:49 PM Calculated day 55
09/07/2022 11:40:55 PM Calculated day 56
09/07/2022 11:41:02 PM Calculated day 57
09/07/2022 11:41:08 PM Calculated day 58
09/07/2022 11:41:15 PM Calculated day 59
09/07/2022 11:41:22 PM Calculated day 60
09/07/2022 11:41:28 PM Calculated day 61
09/07/2022 11:41:35 PM Calculated day 62
09/07/2022 11:41:41 PM Calculated day 63
09/07/2022 11:41:48 PM Calculated day 64
09/07/2022 11:41:54 PM Calculated day 65
09/07/2022 11:42:01 PM Calculated day 66
09/07/2022 11:42:07 PM Calculated day 67
09/07/2022 11:42:14 PM Calculated day 68
09/07/2022 11:42:20 PM Calculated day 69
09/07/2022 11:42:27 PM Calculated day 70
09/07/2022 11:42:33 PM Calculated day 71
09/07/2022 11:42:40 PM Calculated day 72
09/07/2022 11:42:46 PM Calculated day 73
09/07/2022 11:42:53 PM Calculated day 74
09/07/2022 11:42:59 PM Calculated day 75
09/07/2022 11:43:06 PM Calculated day 76
09/07/2022 11:43:13 PM Calculated day 77
09/07/2022 11:43:19 PM Calculated day 78
09/07/2022 11:43:26 PM Calculated day 79
09/07/2022 11:43:32 PM Calculated day 80
09/07/2022 11:43:39 PM Calculated day 81
09/07/2022 11:43:45 PM Calculated day 82
09/07/2022 11:43:52 PM Calculated day 83
09/07/2022 11:43:58 PM Calculated day 84
09/07/2022 11:44:05 PM Calculated day 85
09/07/2022 11:44:11 PM Calculated day 86
09/07/2022 11:44:18 PM Calculated day 87
09/07/2022 11:44:24 PM Calculated day 88
09/07/2022 11:44:31 PM Calculated day 89
09/07/2022 11:44:37 PM Calculated day 90
09/07/2022 11:44:44 PM Calculated day 91
09/07/2022 11:44:50 PM Calculated day 92
09/07/2022 11:44:57 PM Calculated day 93
09/07/2022 11:45:04 PM Calculated day 94
09/07/2022 11:45:10 PM Calculated day 95
09/07/2022 11:45:17 PM Calculated day 96
09/07/2022 11:45:23 PM Calculated day 97
09/07/2022 11:45:30 PM Calculated day 98
09/07/2022 11:45:36 PM Calculated day 99
09/07/2022 11:45:43 PM Calculated day 100
09/07/2022 11:45:49 PM Calculated day 101
09/07/2022 11:45:56 PM Calculated day 102
09/07/2022 11:46:02 PM Calculated day 103
09/07/2022 11:46:09 PM Calculated day 104
09/07/2022 11:46:15 PM Calculated day 105
09/07/2022 11:46:22 PM Calculated day 106
09/07/2022 11:46:28 PM Calculated day 107
09/07/2022 11:46:35 PM Calculated day 108
09/07/2022 11:46:42 PM Calculated day 109
09/07/2022 11:46:48 PM Calculated day 110
09/07/2022 11:46:55 PM Calculated day 111
09/07/2022 11:47:01 PM Calculated day 112
09/07/2022 11:47:08 PM Calculated day 113
09/07/2022 11:47:14 PM Calculated day 114
09/07/2022 11:47:21 PM Calculated day 115
09/07/2022 11:47:27 PM Calculated day 116
09/07/2022 11:47:34 PM Calculated day 117
09/07/2022 11:47:40 PM Calculated day 118
09/07/2022 11:47:47 PM Calculated day 119
09/07/2022 11:47:53 PM Calculated day 120
09/07/2022 11:48:00 PM Calculated day 121
09/07/2022 11:48:07 PM Calculated day 122
09/07/2022 11:48:13 PM Calculated day 123
09/07/2022 11:48:20 PM Calculated day 124
09/07/2022 11:48:26 PM Calculated day 125
09/07/2022 11:48:33 PM Calculated day 126
09/07/2022 11:48:39 PM Calculated day 127
09/07/2022 11:48:46 PM Calculated day 128
09/07/2022 11:48:52 PM Calculated day 129
09/07/2022 11:48:59 PM Calculated day 130
09/07/2022 11:49:05 PM Calculated day 131
09/07/2022 11:49:12 PM Calculated day 132
09/07/2022 11:49:18 PM Calculated day 133
09/07/2022 11:49:25 PM Calculated day 134
09/07/2022 11:49:32 PM Calculated day 135
09/07/2022 11:49:38 PM Calculated day 136
09/07/2022 11:49:45 PM Calculated day 137
09/07/2022 11:49:51 PM Calculated day 138
09/07/2022 11:49:58 PM Calculated day 139
09/07/2022 11:50:04 PM Calculated day 140
09/07/2022 11:50:11 PM Calculated day 141
09/07/2022 11:50:17 PM Calculated day 142
09/07/2022 11:50:24 PM Calculated day 143
09/07/2022 11:50:30 PM Calculated day 144
09/07/2022 11:50:37 PM Calculated day 145
09/07/2022 11:50:43 PM Calculated day 146
09/07/2022 11:50:50 PM Calculated day 147
09/07/2022 11:50:57 PM Calculated day 148
09/07/2022 11:51:03 PM Calculated day 149
09/07/2022 11:51:10 PM Calculated day 150
09/07/2022 11:51:16 PM Calculated day 151
09/07/2022 11:51:23 PM Calculated day 152
09/07/2022 11:51:29 PM Calculated day 153
09/07/2022 11:51:36 PM Calculated day 154
09/07/2022 11:51:42 PM Calculated day 155
09/07/2022 11:51:49 PM Calculated day 156
09/07/2022 11:51:55 PM Calculated day 157
09/07/2022 11:52:02 PM Calculated day 158
09/07/2022 11:52:08 PM Calculated day 159
09/07/2022 11:52:15 PM Calculated day 160
09/07/2022 11:52:22 PM Calculated day 161
09/07/2022 11:52:28 PM Calculated day 162
09/07/2022 11:52:35 PM Calculated day 163
09/07/2022 11:52:41 PM Calculated day 164
09/07/2022 11:52:48 PM Calculated day 165
09/07/2022 11:52:54 PM Calculated day 166
09/07/2022 11:53:01 PM Calculated day 167
09/07/2022 11:53:07 PM Calculated day 168
09/07/2022 11:53:14 PM Calculated day 169
09/07/2022 11:53:20 PM Calculated day 170
09/07/2022 11:53:27 PM Calculated day 171
09/07/2022 11:53:33 PM Calculated day 172
09/07/2022 11:53:40 PM Calculated day 173
09/07/2022 11:53:47 PM Calculated day 174
09/07/2022 11:53:53 PM Calculated day 175
09/07/2022 11:54:00 PM Calculated day 176
09/07/2022 11:54:06 PM Calculated day 177
09/07/2022 11:54:13 PM Calculated day 178
09/07/2022 11:54:19 PM Calculated day 179
09/07/2022 11:54:26 PM Calculated day 180
09/07/2022 11:54:32 PM Calculated day 181
09/07/2022 11:54:39 PM Calculated day 182
09/07/2022 11:54:45 PM Calculated day 183
09/07/2022 11:54:52 PM Calculated day 184
09/07/2022 11:54:58 PM Calculated day 185
09/07/2022 11:55:05 PM Calculated day 186
09/07/2022 11:55:12 PM Calculated day 187
09/07/2022 11:55:18 PM Calculated day 188
09/07/2022 11:55:25 PM Calculated day 189
09/07/2022 11:55:31 PM Calculated day 190
09/07/2022 11:55:38 PM Calculated day 191
09/07/2022 11:55:44 PM Calculated day 192
09/07/2022 11:55:51 PM Calculated day 193
09/07/2022 11:55:57 PM Calculated day 194
09/07/2022 11:56:04 PM Calculated day 195
09/07/2022 11:56:11 PM Calculated day 196
09/07/2022 11:56:17 PM Calculated day 197
09/07/2022 11:56:24 PM Calculated day 198
09/07/2022 11:56:30 PM Calculated day 199
09/07/2022 11:57:53 PM Saved data in /data/pbarpanda/spherical_SWE/evaluate_final_budget/resting_basic_state_diff_Heq//dt_150_Q_forcing_10_forcing_y_0_Hmean_289.2_forcing_phase_speed_0_ms/U_up_days_200//H0_0/
09/07/2022 11:57:54 PM  ========== CODE RAN SUCCESSFULLY, congrats! ================
09/07/2022 11:57:54 PM  -----> Total Time taken = 1384.201  <----
