09/07/2022 11:57:54 PM **********************************
09/07/2022 11:57:54 PM /data/pbarpanda/spherical_SWE/evaluate_final_budget/resting_basic_state_diff_Heq//dt_150_Q_forcing_10_forcing_y_0_Hmean_248.6_forcing_phase_speed_0_ms/U_up_days_200/
09/07/2022 11:57:54 PM **********************************
09/07/2022 11:57:54 PM Calculated day 0
09/07/2022 11:58:00 PM Calculated day 1
09/07/2022 11:58:07 PM Calculated day 2
09/07/2022 11:58:13 PM Calculated day 3
09/07/2022 11:58:20 PM Calculated day 4
09/07/2022 11:58:26 PM Calculated day 5
09/07/2022 11:58:33 PM Calculated day 6
09/07/2022 11:58:39 PM Calculated day 7
09/07/2022 11:58:46 PM Calculated day 8
09/07/2022 11:58:53 PM Calculated day 9
09/07/2022 11:58:59 PM Calculated day 10
09/07/2022 11:59:06 PM Calculated day 11
09/07/2022 11:59:12 PM Calculated day 12
09/07/2022 11:59:19 PM Calculated day 13
09/07/2022 11:59:25 PM Calculated day 14
09/07/2022 11:59:32 PM Calculated day 15
09/07/2022 11:59:38 PM Calculated day 16
09/07/2022 11:59:45 PM Calculated day 17
09/07/2022 11:59:51 PM Calculated day 18
09/07/2022 11:59:58 PM Calculated day 19
09/08/2022 12:00:05 AM Calculated day 20
09/08/2022 12:00:13 AM Calculated day 21
09/08/2022 12:00:20 AM Calculated day 22
09/08/2022 12:00:28 AM Calculated day 23
09/08/2022 12:00:34 AM Calculated day 24
09/08/2022 12:00:41 AM Calculated day 25
09/08/2022 12:00:48 AM Calculated day 26
09/08/2022 12:00:55 AM Calculated day 27
09/08/2022 12:01:02 AM Calculated day 28
09/08/2022 12:01:09 AM Calculated day 29
09/08/2022 12:01:16 AM Calculated day 30
09/08/2022 12:01:23 AM Calculated day 31
09/08/2022 12:01:30 AM Calculated day 32
09/08/2022 12:01:37 AM Calculated day 33
09/08/2022 12:01:44 AM Calculated day 34
09/08/2022 12:01:51 AM Calculated day 35
09/08/2022 12:01:58 AM Calculated day 36
09/08/2022 12:02:05 AM Calculated day 37
09/08/2022 12:02:12 AM Calculated day 38
09/08/2022 12:02:19 AM Calculated day 39
09/08/2022 12:02:26 AM Calculated day 40
09/08/2022 12:02:33 AM Calculated day 41
09/08/2022 12:02:40 AM Calculated day 42
09/08/2022 12:02:47 AM Calculated day 43
09/08/2022 12:02:54 AM Calculated day 44
09/08/2022 12:03:01 AM Calculated day 45
09/08/2022 12:03:09 AM Calculated day 46
09/08/2022 12:03:16 AM Calculated day 47
09/08/2022 12:03:23 AM Calculated day 48
09/08/2022 12:03:30 AM Calculated day 49
09/08/2022 12:03:37 AM Calculated day 50
09/08/2022 12:03:44 AM Calculated day 51
09/08/2022 12:03:51 AM Calculated day 52
09/08/2022 12:03:58 AM Calculated day 53
09/08/2022 12:04:06 AM Calculated day 54
09/08/2022 12:04:13 AM Calculated day 55
09/08/2022 12:04:20 AM Calculated day 56
09/08/2022 12:04:27 AM Calculated day 57
09/08/2022 12:04:34 AM Calculated day 58
09/08/2022 12:04:42 AM Calculated day 59
09/08/2022 12:04:49 AM Calculated day 60
09/08/2022 12:04:56 AM Calculated day 61
09/08/2022 12:05:03 AM Calculated day 62
09/08/2022 12:05:10 AM Calculated day 63
09/08/2022 12:05:18 AM Calculated day 64
09/08/2022 12:05:25 AM Calculated day 65
09/08/2022 12:05:32 AM Calculated day 66
09/08/2022 12:05:39 AM Calculated day 67
09/08/2022 12:05:46 AM Calculated day 68
09/08/2022 12:05:53 AM Calculated day 69
09/08/2022 12:06:00 AM Calculated day 70
09/08/2022 12:06:08 AM Calculated day 71
09/08/2022 12:06:15 AM Calculated day 72
09/08/2022 12:06:22 AM Calculated day 73
09/08/2022 12:06:29 AM Calculated day 74
09/08/2022 12:06:37 AM Calculated day 75
09/08/2022 12:06:44 AM Calculated day 76
09/08/2022 12:06:51 AM Calculated day 77
09/08/2022 12:06:58 AM Calculated day 78
09/08/2022 12:07:05 AM Calculated day 79
09/08/2022 12:07:12 AM Calculated day 80
09/08/2022 12:07:20 AM Calculated day 81
09/08/2022 12:07:27 AM Calculated day 82
09/08/2022 12:07:34 AM Calculated day 83
09/08/2022 12:07:41 AM Calculated day 84
09/08/2022 12:07:48 AM Calculated day 85
09/08/2022 12:07:55 AM Calculated day 86
09/08/2022 12:08:03 AM Calculated day 87
09/08/2022 12:08:10 AM Calculated day 88
09/08/2022 12:08:17 AM Calculated day 89
09/08/2022 12:08:25 AM Calculated day 90
09/08/2022 12:08:32 AM Calculated day 91
09/08/2022 12:08:39 AM Calculated day 92
09/08/2022 12:08:46 AM Calculated day 93
09/08/2022 12:08:53 AM Calculated day 94
09/08/2022 12:09:00 AM Calculated day 95
09/08/2022 12:09:07 AM Calculated day 96
09/08/2022 12:09:14 AM Calculated day 97
09/08/2022 12:09:22 AM Calculated day 98
09/08/2022 12:09:29 AM Calculated day 99
09/08/2022 12:09:36 AM Calculated day 100
09/08/2022 12:09:43 AM Calculated day 101
09/08/2022 12:09:50 AM Calculated day 102
09/08/2022 12:09:58 AM Calculated day 103
09/08/2022 12:10:05 AM Calculated day 104
09/08/2022 12:10:12 AM Calculated day 105
09/08/2022 12:10:19 AM Calculated day 106
09/08/2022 12:10:27 AM Calculated day 107
09/08/2022 12:10:34 AM Calculated day 108
09/08/2022 12:10:41 AM Calculated day 109
09/08/2022 12:10:48 AM Calculated day 110
09/08/2022 12:10:55 AM Calculated day 111
09/08/2022 12:11:03 AM Calculated day 112
09/08/2022 12:11:10 AM Calculated day 113
09/08/2022 12:11:17 AM Calculated day 114
09/08/2022 12:11:24 AM Calculated day 115
09/08/2022 12:11:32 AM Calculated day 116
09/08/2022 12:11:39 AM Calculated day 117
09/08/2022 12:11:46 AM Calculated day 118
09/08/2022 12:11:53 AM Calculated day 119
09/08/2022 12:12:01 AM Calculated day 120
09/08/2022 12:12:08 AM Calculated day 121
09/08/2022 12:12:15 AM Calculated day 122
09/08/2022 12:12:22 AM Calculated day 123
09/08/2022 12:12:30 AM Calculated day 124
09/08/2022 12:12:37 AM Calculated day 125
09/08/2022 12:12:44 AM Calculated day 126
09/08/2022 12:12:51 AM Calculated day 127
09/08/2022 12:12:58 AM Calculated day 128
09/08/2022 12:13:05 AM Calculated day 129
09/08/2022 12:13:13 AM Calculated day 130
09/08/2022 12:13:20 AM Calculated day 131
09/08/2022 12:13:27 AM Calculated day 132
09/08/2022 12:13:34 AM Calculated day 133
09/08/2022 12:13:42 AM Calculated day 134
09/08/2022 12:13:49 AM Calculated day 135
09/08/2022 12:13:56 AM Calculated day 136
09/08/2022 12:14:03 AM Calculated day 137
09/08/2022 12:14:10 AM Calculated day 138
09/08/2022 12:14:18 AM Calculated day 139
09/08/2022 12:14:25 AM Calculated day 140
09/08/2022 12:14:32 AM Calculated day 141
09/08/2022 12:14:39 AM Calculated day 142
09/08/2022 12:14:47 AM Calculated day 143
09/08/2022 12:14:54 AM Calculated day 144
09/08/2022 12:15:01 AM Calculated day 145
09/08/2022 12:15:09 AM Calculated day 146
09/08/2022 12:15:16 AM Calculated day 147
09/08/2022 12:15:23 AM Calculated day 148
09/08/2022 12:15:31 AM Calculated day 149
09/08/2022 12:15:38 AM Calculated day 150
09/08/2022 12:15:45 AM Calculated day 151
09/08/2022 12:15:53 AM Calculated day 152
09/08/2022 12:16:00 AM Calculated day 153
09/08/2022 12:16:07 AM Calculated day 154
09/08/2022 12:16:14 AM Calculated day 155
09/08/2022 12:16:21 AM Calculated day 156
09/08/2022 12:16:28 AM Calculated day 157
09/08/2022 12:16:36 AM Calculated day 158
09/08/2022 12:16:43 AM Calculated day 159
09/08/2022 12:16:51 AM Calculated day 160
09/08/2022 12:16:58 AM Calculated day 161
09/08/2022 12:17:05 AM Calculated day 162
09/08/2022 12:17:12 AM Calculated day 163
09/08/2022 12:17:19 AM Calculated day 164
09/08/2022 12:17:27 AM Calculated day 165
09/08/2022 12:17:34 AM Calculated day 166
09/08/2022 12:17:41 AM Calculated day 167
09/08/2022 12:17:49 AM Calculated day 168
09/08/2022 12:17:56 AM Calculated day 169
09/08/2022 12:18:04 AM Calculated day 170
09/08/2022 12:18:11 AM Calculated day 171
09/08/2022 12:18:18 AM Calculated day 172
09/08/2022 12:18:26 AM Calculated day 173
09/08/2022 12:18:33 AM Calculated day 174
09/08/2022 12:18:41 AM Calculated day 175
09/08/2022 12:18:48 AM Calculated day 176
09/08/2022 12:18:55 AM Calculated day 177
09/08/2022 12:19:03 AM Calculated day 178
09/08/2022 12:19:10 AM Calculated day 179
09/08/2022 12:19:17 AM Calculated day 180
09/08/2022 12:19:24 AM Calculated day 181
09/08/2022 12:19:31 AM Calculated day 182
09/08/2022 12:19:38 AM Calculated day 183
09/08/2022 12:19:45 AM Calculated day 184
09/08/2022 12:19:52 AM Calculated day 185
09/08/2022 12:19:59 AM Calculated day 186
09/08/2022 12:20:06 AM Calculated day 187
09/08/2022 12:20:13 AM Calculated day 188
09/08/2022 12:20:21 AM Calculated day 189
09/08/2022 12:20:27 AM Calculated day 190
09/08/2022 12:20:34 AM Calculated day 191
09/08/2022 12:20:41 AM Calculated day 192
09/08/2022 12:20:48 AM Calculated day 193
09/08/2022 12:20:55 AM Calculated day 194
09/08/2022 12:21:02 AM Calculated day 195
09/08/2022 12:21:08 AM Calculated day 196
09/08/2022 12:21:15 AM Calculated day 197
09/08/2022 12:21:22 AM Calculated day 198
09/08/2022 12:21:29 AM Calculated day 199
09/08/2022 12:22:42 AM Saved data in /data/pbarpanda/spherical_SWE/evaluate_final_budget/resting_basic_state_diff_Heq//dt_150_Q_forcing_10_forcing_y_0_Hmean_248.6_forcing_phase_speed_0_ms/U_up_days_200//H0_0/
09/08/2022 12:22:42 AM  ========== CODE RAN SUCCESSFULLY, congrats! ================
09/08/2022 12:22:42 AM  -----> Total Time taken = 1488.226  <----
