09/08/2022 12:22:42 AM **********************************
09/08/2022 12:22:42 AM /data/pbarpanda/spherical_SWE/evaluate_final_budget/resting_basic_state_diff_Heq//dt_150_Q_forcing_10_forcing_y_0_Hmean_204.6_forcing_phase_speed_0_ms/U_up_days_200/
09/08/2022 12:22:42 AM **********************************
09/08/2022 12:22:42 AM Calculated day 0
09/08/2022 12:22:50 AM Calculated day 1
09/08/2022 12:22:59 AM Calculated day 2
09/08/2022 12:23:08 AM Calculated day 3
09/08/2022 12:23:16 AM Calculated day 4
09/08/2022 12:23:22 AM Calculated day 5
09/08/2022 12:23:29 AM Calculated day 6
09/08/2022 12:23:35 AM Calculated day 7
09/08/2022 12:23:42 AM Calculated day 8
09/08/2022 12:23:49 AM Calculated day 9
09/08/2022 12:23:56 AM Calculated day 10
09/08/2022 12:24:02 AM Calculated day 11
09/08/2022 12:24:09 AM Calculated day 12
09/08/2022 12:24:16 AM Calculated day 13
09/08/2022 12:24:24 AM Calculated day 14
09/08/2022 12:24:31 AM Calculated day 15
09/08/2022 12:24:38 AM Calculated day 16
09/08/2022 12:24:45 AM Calculated day 17
09/08/2022 12:24:52 AM Calculated day 18
09/08/2022 12:24:59 AM Calculated day 19
09/08/2022 12:25:06 AM Calculated day 20
09/08/2022 12:25:13 AM Calculated day 21
09/08/2022 12:25:20 AM Calculated day 22
09/08/2022 12:25:27 AM Calculated day 23
09/08/2022 12:25:34 AM Calculated day 24
09/08/2022 12:25:41 AM Calculated day 25
09/08/2022 12:25:48 AM Calculated day 26
09/08/2022 12:25:55 AM Calculated day 27
09/08/2022 12:26:02 AM Calculated day 28
09/08/2022 12:26:09 AM Calculated day 29
09/08/2022 12:26:15 AM Calculated day 30
09/08/2022 12:26:22 AM Calculated day 31
09/08/2022 12:26:29 AM Calculated day 32
09/08/2022 12:26:36 AM Calculated day 33
09/08/2022 12:26:43 AM Calculated day 34
09/08/2022 12:26:50 AM Calculated day 35
09/08/2022 12:26:57 AM Calculated day 36
09/08/2022 12:27:04 AM Calculated day 37
09/08/2022 12:27:11 AM Calculated day 38
09/08/2022 12:27:17 AM Calculated day 39
09/08/2022 12:27:24 AM Calculated day 40
09/08/2022 12:27:31 AM Calculated day 41
09/08/2022 12:27:38 AM Calculated day 42
09/08/2022 12:27:45 AM Calculated day 43
09/08/2022 12:27:52 AM Calculated day 44
09/08/2022 12:27:59 AM Calculated day 45
09/08/2022 12:28:06 AM Calculated day 46
09/08/2022 12:28:12 AM Calculated day 47
09/08/2022 12:28:19 AM Calculated day 48
09/08/2022 12:28:26 AM Calculated day 49
09/08/2022 12:28:33 AM Calculated day 50
09/08/2022 12:28:40 AM Calculated day 51
09/08/2022 12:28:47 AM Calculated day 52
09/08/2022 12:28:54 AM Calculated day 53
09/08/2022 12:29:01 AM Calculated day 54
09/08/2022 12:29:08 AM Calculated day 55
09/08/2022 12:29:15 AM Calculated day 56
09/08/2022 12:29:21 AM Calculated day 57
09/08/2022 12:29:28 AM Calculated day 58
09/08/2022 12:29:35 AM Calculated day 59
09/08/2022 12:29:42 AM Calculated day 60
09/08/2022 12:29:49 AM Calculated day 61
09/08/2022 12:29:56 AM Calculated day 62
09/08/2022 12:30:03 AM Calculated day 63
09/08/2022 12:30:10 AM Calculated day 64
09/08/2022 12:30:16 AM Calculated day 65
09/08/2022 12:30:23 AM Calculated day 66
09/08/2022 12:30:30 AM Calculated day 67
09/08/2022 12:30:37 AM Calculated day 68
09/08/2022 12:30:44 AM Calculated day 69
09/08/2022 12:30:51 AM Calculated day 70
09/08/2022 12:30:59 AM Calculated day 71
09/08/2022 12:31:06 AM Calculated day 72
09/08/2022 12:31:13 AM Calculated day 73
09/08/2022 12:31:21 AM Calculated day 74
09/08/2022 12:31:28 AM Calculated day 75
09/08/2022 12:31:35 AM Calculated day 76
09/08/2022 12:31:42 AM Calculated day 77
09/08/2022 12:31:49 AM Calculated day 78
09/08/2022 12:31:56 AM Calculated day 79
09/08/2022 12:32:03 AM Calculated day 80
09/08/2022 12:32:10 AM Calculated day 81
09/08/2022 12:32:17 AM Calculated day 82
09/08/2022 12:32:24 AM Calculated day 83
09/08/2022 12:32:31 AM Calculated day 84
09/08/2022 12:32:38 AM Calculated day 85
09/08/2022 12:32:45 AM Calculated day 86
09/08/2022 12:32:52 AM Calculated day 87
09/08/2022 12:32:59 AM Calculated day 88
09/08/2022 12:33:06 AM Calculated day 89
09/08/2022 12:33:13 AM Calculated day 90
09/08/2022 12:33:20 AM Calculated day 91
09/08/2022 12:33:27 AM Calculated day 92
09/08/2022 12:33:34 AM Calculated day 93
09/08/2022 12:33:41 AM Calculated day 94
09/08/2022 12:33:48 AM Calculated day 95
09/08/2022 12:33:55 AM Calculated day 96
09/08/2022 12:34:02 AM Calculated day 97
09/08/2022 12:34:09 AM Calculated day 98
09/08/2022 12:34:16 AM Calculated day 99
09/08/2022 12:34:24 AM Calculated day 100
09/08/2022 12:34:31 AM Calculated day 101
09/08/2022 12:34:38 AM Calculated day 102
09/08/2022 12:34:45 AM Calculated day 103
09/08/2022 12:34:52 AM Calculated day 104
09/08/2022 12:35:00 AM Calculated day 105
09/08/2022 12:35:07 AM Calculated day 106
09/08/2022 12:35:14 AM Calculated day 107
09/08/2022 12:35:21 AM Calculated day 108
09/08/2022 12:35:28 AM Calculated day 109
09/08/2022 12:35:35 AM Calculated day 110
09/08/2022 12:35:42 AM Calculated day 111
09/08/2022 12:35:49 AM Calculated day 112
09/08/2022 12:35:56 AM Calculated day 113
09/08/2022 12:36:03 AM Calculated day 114
09/08/2022 12:36:10 AM Calculated day 115
09/08/2022 12:36:17 AM Calculated day 116
09/08/2022 12:36:24 AM Calculated day 117
09/08/2022 12:36:31 AM Calculated day 118
09/08/2022 12:36:38 AM Calculated day 119
09/08/2022 12:36:45 AM Calculated day 120
09/08/2022 12:36:52 AM Calculated day 121
09/08/2022 12:36:59 AM Calculated day 122
09/08/2022 12:37:06 AM Calculated day 123
09/08/2022 12:37:13 AM Calculated day 124
09/08/2022 12:37:20 AM Calculated day 125
09/08/2022 12:37:27 AM Calculated day 126
09/08/2022 12:37:34 AM Calculated day 127
09/08/2022 12:37:41 AM Calculated day 128
09/08/2022 12:37:48 AM Calculated day 129
09/08/2022 12:37:55 AM Calculated day 130
09/08/2022 12:38:03 AM Calculated day 131
09/08/2022 12:38:10 AM Calculated day 132
09/08/2022 12:38:17 AM Calculated day 133
09/08/2022 12:38:23 AM Calculated day 134
09/08/2022 12:38:30 AM Calculated day 135
09/08/2022 12:38:36 AM Calculated day 136
09/08/2022 12:38:43 AM Calculated day 137
09/08/2022 12:38:50 AM Calculated day 138
09/08/2022 12:38:57 AM Calculated day 139
09/08/2022 12:39:04 AM Calculated day 140
09/08/2022 12:39:10 AM Calculated day 141
09/08/2022 12:39:17 AM Calculated day 142
09/08/2022 12:39:23 AM Calculated day 143
09/08/2022 12:39:30 AM Calculated day 144
09/08/2022 12:39:36 AM Calculated day 145
09/08/2022 12:39:43 AM Calculated day 146
09/08/2022 12:39:50 AM Calculated day 147
09/08/2022 12:39:56 AM Calculated day 148
09/08/2022 12:40:03 AM Calculated day 149
09/08/2022 12:40:09 AM Calculated day 150
09/08/2022 12:40:16 AM Calculated day 151
09/08/2022 12:40:22 AM Calculated day 152
09/08/2022 12:40:29 AM Calculated day 153
09/08/2022 12:40:36 AM Calculated day 154
09/08/2022 12:40:42 AM Calculated day 155
09/08/2022 12:40:49 AM Calculated day 156
09/08/2022 12:40:55 AM Calculated day 157
09/08/2022 12:41:02 AM Calculated day 158
09/08/2022 12:41:08 AM Calculated day 159
09/08/2022 12:41:15 AM Calculated day 160
09/08/2022 12:41:21 AM Calculated day 161
09/08/2022 12:41:28 AM Calculated day 162
09/08/2022 12:41:35 AM Calculated day 163
09/08/2022 12:41:41 AM Calculated day 164
09/08/2022 12:41:48 AM Calculated day 165
09/08/2022 12:41:54 AM Calculated day 166
09/08/2022 12:42:01 AM Calculated day 167
09/08/2022 12:42:07 AM Calculated day 168
09/08/2022 12:42:14 AM Calculated day 169
09/08/2022 12:42:21 AM Calculated day 170
09/08/2022 12:42:27 AM Calculated day 171
09/08/2022 12:42:34 AM Calculated day 172
09/08/2022 12:42:40 AM Calculated day 173
09/08/2022 12:42:47 AM Calculated day 174
09/08/2022 12:42:53 AM Calculated day 175
09/08/2022 12:43:00 AM Calculated day 176
09/08/2022 12:43:06 AM Calculated day 177
09/08/2022 12:43:13 AM Calculated day 178
09/08/2022 12:43:20 AM Calculated day 179
09/08/2022 12:43:26 AM Calculated day 180
09/08/2022 12:43:33 AM Calculated day 181
09/08/2022 12:43:39 AM Calculated day 182
09/08/2022 12:43:46 AM Calculated day 183
09/08/2022 12:43:52 AM Calculated day 184
09/08/2022 12:43:59 AM Calculated day 185
09/08/2022 12:44:05 AM Calculated day 186
09/08/2022 12:44:12 AM Calculated day 187
09/08/2022 12:44:19 AM Calculated day 188
09/08/2022 12:44:25 AM Calculated day 189
09/08/2022 12:44:32 AM Calculated day 190
09/08/2022 12:44:38 AM Calculated day 191
09/08/2022 12:44:45 AM Calculated day 192
09/08/2022 12:44:51 AM Calculated day 193
09/08/2022 12:44:58 AM Calculated day 194
09/08/2022 12:45:04 AM Calculated day 195
09/08/2022 12:45:11 AM Calculated day 196
09/08/2022 12:45:18 AM Calculated day 197
09/08/2022 12:45:24 AM Calculated day 198
09/08/2022 12:45:31 AM Calculated day 199
09/08/2022 12:46:43 AM Saved data in /data/pbarpanda/spherical_SWE/evaluate_final_budget/resting_basic_state_diff_Heq//dt_150_Q_forcing_10_forcing_y_0_Hmean_204.6_forcing_phase_speed_0_ms/U_up_days_200//H0_0/
09/08/2022 12:46:43 AM  ========== CODE RAN SUCCESSFULLY, congrats! ================
09/08/2022 12:46:43 AM  -----> Total Time taken = 1441.276  <----
