09/07/2022 09:18:32 PM **********************************
09/07/2022 09:18:32 PM /data/pbarpanda/spherical_SWE/evaluate_final_budget/resting_basic_state_diff_Heq//dt_150_Q_forcing_10_forcing_y_0_Hmean_471.5_forcing_phase_speed_0_ms/U_up_days_200/
09/07/2022 09:18:32 PM **********************************
09/07/2022 09:18:32 PM Calculated day 0
09/07/2022 09:18:39 PM Calculated day 1
09/07/2022 09:18:45 PM Calculated day 2
09/07/2022 09:18:51 PM Calculated day 3
09/07/2022 09:18:57 PM Calculated day 4
09/07/2022 09:19:03 PM Calculated day 5
09/07/2022 09:19:09 PM Calculated day 6
09/07/2022 09:19:16 PM Calculated day 7
09/07/2022 09:19:22 PM Calculated day 8
09/07/2022 09:19:28 PM Calculated day 9
09/07/2022 09:19:34 PM Calculated day 10
09/07/2022 09:19:40 PM Calculated day 11
09/07/2022 09:19:47 PM Calculated day 12
09/07/2022 09:19:53 PM Calculated day 13
09/07/2022 09:19:59 PM Calculated day 14
09/07/2022 09:20:05 PM Calculated day 15
09/07/2022 09:20:11 PM Calculated day 16
09/07/2022 09:20:18 PM Calculated day 17
09/07/2022 09:20:24 PM Calculated day 18
09/07/2022 09:20:30 PM Calculated day 19
09/07/2022 09:20:36 PM Calculated day 20
09/07/2022 09:20:42 PM Calculated day 21
09/07/2022 09:20:49 PM Calculated day 22
09/07/2022 09:20:55 PM Calculated day 23
09/07/2022 09:21:01 PM Calculated day 24
09/07/2022 09:21:07 PM Calculated day 25
09/07/2022 09:21:13 PM Calculated day 26
09/07/2022 09:21:20 PM Calculated day 27
09/07/2022 09:21:26 PM Calculated day 28
09/07/2022 09:21:32 PM Calculated day 29
09/07/2022 09:21:38 PM Calculated day 30
09/07/2022 09:21:44 PM Calculated day 31
09/07/2022 09:21:51 PM Calculated day 32
09/07/2022 09:21:57 PM Calculated day 33
09/07/2022 09:22:03 PM Calculated day 34
09/07/2022 09:22:09 PM Calculated day 35
09/07/2022 09:22:16 PM Calculated day 36
09/07/2022 09:22:22 PM Calculated day 37
09/07/2022 09:22:28 PM Calculated day 38
09/07/2022 09:22:34 PM Calculated day 39
09/07/2022 09:22:40 PM Calculated day 40
09/07/2022 09:22:47 PM Calculated day 41
09/07/2022 09:22:53 PM Calculated day 42
09/07/2022 09:22:59 PM Calculated day 43
09/07/2022 09:23:05 PM Calculated day 44
09/07/2022 09:23:11 PM Calculated day 45
09/07/2022 09:23:18 PM Calculated day 46
09/07/2022 09:23:24 PM Calculated day 47
09/07/2022 09:23:30 PM Calculated day 48
09/07/2022 09:23:36 PM Calculated day 49
09/07/2022 09:23:42 PM Calculated day 50
09/07/2022 09:23:49 PM Calculated day 51
09/07/2022 09:23:55 PM Calculated day 52
09/07/2022 09:24:01 PM Calculated day 53
09/07/2022 09:24:07 PM Calculated day 54
09/07/2022 09:24:13 PM Calculated day 55
09/07/2022 09:24:20 PM Calculated day 56
09/07/2022 09:24:26 PM Calculated day 57
09/07/2022 09:24:32 PM Calculated day 58
09/07/2022 09:24:38 PM Calculated day 59
09/07/2022 09:24:44 PM Calculated day 60
09/07/2022 09:24:51 PM Calculated day 61
09/07/2022 09:24:57 PM Calculated day 62
09/07/2022 09:25:03 PM Calculated day 63
09/07/2022 09:25:09 PM Calculated day 64
09/07/2022 09:25:15 PM Calculated day 65
09/07/2022 09:25:22 PM Calculated day 66
09/07/2022 09:25:28 PM Calculated day 67
09/07/2022 09:25:34 PM Calculated day 68
09/07/2022 09:25:40 PM Calculated day 69
09/07/2022 09:25:46 PM Calculated day 70
09/07/2022 09:25:53 PM Calculated day 71
09/07/2022 09:25:59 PM Calculated day 72
09/07/2022 09:26:05 PM Calculated day 73
09/07/2022 09:26:11 PM Calculated day 74
09/07/2022 09:26:17 PM Calculated day 75
09/07/2022 09:26:24 PM Calculated day 76
09/07/2022 09:26:30 PM Calculated day 77
09/07/2022 09:26:36 PM Calculated day 78
09/07/2022 09:26:42 PM Calculated day 79
09/07/2022 09:26:49 PM Calculated day 80
09/07/2022 09:26:55 PM Calculated day 81
09/07/2022 09:27:01 PM Calculated day 82
09/07/2022 09:27:07 PM Calculated day 83
09/07/2022 09:27:13 PM Calculated day 84
09/07/2022 09:27:20 PM Calculated day 85
09/07/2022 09:27:26 PM Calculated day 86
09/07/2022 09:27:32 PM Calculated day 87
09/07/2022 09:27:38 PM Calculated day 88
09/07/2022 09:27:44 PM Calculated day 89
09/07/2022 09:27:51 PM Calculated day 90
09/07/2022 09:27:57 PM Calculated day 91
09/07/2022 09:28:03 PM Calculated day 92
09/07/2022 09:28:09 PM Calculated day 93
09/07/2022 09:28:15 PM Calculated day 94
09/07/2022 09:28:22 PM Calculated day 95
09/07/2022 09:28:28 PM Calculated day 96
09/07/2022 09:28:34 PM Calculated day 97
09/07/2022 09:28:40 PM Calculated day 98
09/07/2022 09:28:46 PM Calculated day 99
09/07/2022 09:28:53 PM Calculated day 100
09/07/2022 09:28:59 PM Calculated day 101
09/07/2022 09:29:05 PM Calculated day 102
09/07/2022 09:29:11 PM Calculated day 103
09/07/2022 09:29:17 PM Calculated day 104
09/07/2022 09:29:24 PM Calculated day 105
09/07/2022 09:29:30 PM Calculated day 106
09/07/2022 09:29:36 PM Calculated day 107
09/07/2022 09:29:42 PM Calculated day 108
09/07/2022 09:29:49 PM Calculated day 109
09/07/2022 09:29:55 PM Calculated day 110
09/07/2022 09:30:01 PM Calculated day 111
09/07/2022 09:30:07 PM Calculated day 112
09/07/2022 09:30:13 PM Calculated day 113
09/07/2022 09:30:20 PM Calculated day 114
09/07/2022 09:30:26 PM Calculated day 115
09/07/2022 09:30:32 PM Calculated day 116
09/07/2022 09:30:38 PM Calculated day 117
09/07/2022 09:30:44 PM Calculated day 118
09/07/2022 09:30:51 PM Calculated day 119
09/07/2022 09:30:57 PM Calculated day 120
09/07/2022 09:31:03 PM Calculated day 121
09/07/2022 09:31:09 PM Calculated day 122
09/07/2022 09:31:15 PM Calculated day 123
09/07/2022 09:31:22 PM Calculated day 124
09/07/2022 09:31:28 PM Calculated day 125
09/07/2022 09:31:34 PM Calculated day 126
09/07/2022 09:31:40 PM Calculated day 127
09/07/2022 09:31:46 PM Calculated day 128
09/07/2022 09:31:52 PM Calculated day 129
09/07/2022 09:31:59 PM Calculated day 130
09/07/2022 09:32:05 PM Calculated day 131
09/07/2022 09:32:11 PM Calculated day 132
09/07/2022 09:32:17 PM Calculated day 133
09/07/2022 09:32:23 PM Calculated day 134
09/07/2022 09:32:30 PM Calculated day 135
09/07/2022 09:32:36 PM Calculated day 136
09/07/2022 09:32:42 PM Calculated day 137
09/07/2022 09:32:48 PM Calculated day 138
09/07/2022 09:32:54 PM Calculated day 139
09/07/2022 09:33:01 PM Calculated day 140
09/07/2022 09:33:07 PM Calculated day 141
09/07/2022 09:33:13 PM Calculated day 142
09/07/2022 09:33:19 PM Calculated day 143
09/07/2022 09:33:25 PM Calculated day 144
09/07/2022 09:33:32 PM Calculated day 145
09/07/2022 09:33:38 PM Calculated day 146
09/07/2022 09:33:44 PM Calculated day 147
09/07/2022 09:33:50 PM Calculated day 148
09/07/2022 09:33:56 PM Calculated day 149
09/07/2022 09:34:03 PM Calculated day 150
09/07/2022 09:34:10 PM Calculated day 151
09/07/2022 09:34:16 PM Calculated day 152
09/07/2022 09:34:22 PM Calculated day 153
09/07/2022 09:34:28 PM Calculated day 154
09/07/2022 09:34:34 PM Calculated day 155
09/07/2022 09:34:41 PM Calculated day 156
09/07/2022 09:34:47 PM Calculated day 157
09/07/2022 09:34:53 PM Calculated day 158
09/07/2022 09:34:59 PM Calculated day 159
09/07/2022 09:35:05 PM Calculated day 160
09/07/2022 09:35:12 PM Calculated day 161
09/07/2022 09:35:18 PM Calculated day 162
09/07/2022 09:35:24 PM Calculated day 163
09/07/2022 09:35:30 PM Calculated day 164
09/07/2022 09:35:36 PM Calculated day 165
09/07/2022 09:35:43 PM Calculated day 166
09/07/2022 09:35:49 PM Calculated day 167
09/07/2022 09:35:56 PM Calculated day 168
09/07/2022 09:36:02 PM Calculated day 169
09/07/2022 09:36:08 PM Calculated day 170
09/07/2022 09:36:14 PM Calculated day 171
09/07/2022 09:36:20 PM Calculated day 172
09/07/2022 09:36:26 PM Calculated day 173
09/07/2022 09:36:33 PM Calculated day 174
09/07/2022 09:36:39 PM Calculated day 175
09/07/2022 09:36:45 PM Calculated day 176
09/07/2022 09:36:51 PM Calculated day 177
09/07/2022 09:36:58 PM Calculated day 178
09/07/2022 09:37:04 PM Calculated day 179
09/07/2022 09:37:10 PM Calculated day 180
09/07/2022 09:37:16 PM Calculated day 181
09/07/2022 09:37:22 PM Calculated day 182
09/07/2022 09:37:29 PM Calculated day 183
09/07/2022 09:37:35 PM Calculated day 184
09/07/2022 09:37:41 PM Calculated day 185
09/07/2022 09:37:47 PM Calculated day 186
09/07/2022 09:37:53 PM Calculated day 187
09/07/2022 09:38:00 PM Calculated day 188
09/07/2022 09:38:06 PM Calculated day 189
09/07/2022 09:38:12 PM Calculated day 190
09/07/2022 09:38:18 PM Calculated day 191
09/07/2022 09:38:25 PM Calculated day 192
09/07/2022 09:38:32 PM Calculated day 193
09/07/2022 09:38:38 PM Calculated day 194
09/07/2022 09:38:45 PM Calculated day 195
09/07/2022 09:38:51 PM Calculated day 196
09/07/2022 09:38:58 PM Calculated day 197
09/07/2022 09:39:04 PM Calculated day 198
09/07/2022 09:39:11 PM Calculated day 199
09/07/2022 09:40:15 PM Saved data in /data/pbarpanda/spherical_SWE/evaluate_final_budget/resting_basic_state_diff_Heq//dt_150_Q_forcing_10_forcing_y_0_Hmean_471.5_forcing_phase_speed_0_ms/U_up_days_200//H0_0/
09/07/2022 09:40:16 PM  ========== CODE RAN SUCCESSFULLY, congrats! ================
09/07/2022 09:40:16 PM  -----> Total Time taken = 1303.516  <----
