09/07/2022 10:48:44 PM **********************************
09/07/2022 10:48:44 PM /data/pbarpanda/spherical_SWE/evaluate_final_budget/resting_basic_state_diff_Heq//dt_150_Q_forcing_10_forcing_y_0_Hmean_359.6_forcing_phase_speed_0_ms/U_up_days_200/
09/07/2022 10:48:44 PM **********************************
09/07/2022 10:48:44 PM Calculated day 0
09/07/2022 10:48:51 PM Calculated day 1
09/07/2022 10:48:58 PM Calculated day 2
09/07/2022 10:49:04 PM Calculated day 3
09/07/2022 10:49:10 PM Calculated day 4
09/07/2022 10:49:17 PM Calculated day 5
09/07/2022 10:49:24 PM Calculated day 6
09/07/2022 10:49:30 PM Calculated day 7
09/07/2022 10:49:37 PM Calculated day 8
09/07/2022 10:49:43 PM Calculated day 9
09/07/2022 10:49:50 PM Calculated day 10
09/07/2022 10:49:56 PM Calculated day 11
09/07/2022 10:50:03 PM Calculated day 12
09/07/2022 10:50:09 PM Calculated day 13
09/07/2022 10:50:16 PM Calculated day 14
09/07/2022 10:50:22 PM Calculated day 15
09/07/2022 10:50:29 PM Calculated day 16
09/07/2022 10:50:35 PM Calculated day 17
09/07/2022 10:50:42 PM Calculated day 18
09/07/2022 10:50:48 PM Calculated day 19
09/07/2022 10:50:55 PM Calculated day 20
09/07/2022 10:51:02 PM Calculated day 21
09/07/2022 10:51:08 PM Calculated day 22
09/07/2022 10:51:15 PM Calculated day 23
09/07/2022 10:51:21 PM Calculated day 24
09/07/2022 10:51:28 PM Calculated day 25
09/07/2022 10:51:34 PM Calculated day 26
09/07/2022 10:51:41 PM Calculated day 27
09/07/2022 10:51:47 PM Calculated day 28
09/07/2022 10:51:54 PM Calculated day 29
09/07/2022 10:52:00 PM Calculated day 30
09/07/2022 10:52:07 PM Calculated day 31
09/07/2022 10:52:13 PM Calculated day 32
09/07/2022 10:52:20 PM Calculated day 33
09/07/2022 10:52:27 PM Calculated day 34
09/07/2022 10:52:33 PM Calculated day 35
09/07/2022 10:52:40 PM Calculated day 36
09/07/2022 10:52:46 PM Calculated day 37
09/07/2022 10:52:53 PM Calculated day 38
09/07/2022 10:52:59 PM Calculated day 39
09/07/2022 10:53:06 PM Calculated day 40
09/07/2022 10:53:12 PM Calculated day 41
09/07/2022 10:53:19 PM Calculated day 42
09/07/2022 10:53:25 PM Calculated day 43
09/07/2022 10:53:32 PM Calculated day 44
09/07/2022 10:53:38 PM Calculated day 45
09/07/2022 10:53:45 PM Calculated day 46
09/07/2022 10:53:51 PM Calculated day 47
09/07/2022 10:53:58 PM Calculated day 48
09/07/2022 10:54:05 PM Calculated day 49
09/07/2022 10:54:11 PM Calculated day 50
09/07/2022 10:54:18 PM Calculated day 51
09/07/2022 10:54:24 PM Calculated day 52
09/07/2022 10:54:31 PM Calculated day 53
09/07/2022 10:54:37 PM Calculated day 54
09/07/2022 10:54:44 PM Calculated day 55
09/07/2022 10:54:50 PM Calculated day 56
09/07/2022 10:54:57 PM Calculated day 57
09/07/2022 10:55:03 PM Calculated day 58
09/07/2022 10:55:10 PM Calculated day 59
09/07/2022 10:55:16 PM Calculated day 60
09/07/2022 10:55:23 PM Calculated day 61
09/07/2022 10:55:29 PM Calculated day 62
09/07/2022 10:55:36 PM Calculated day 63
09/07/2022 10:55:43 PM Calculated day 64
09/07/2022 10:55:49 PM Calculated day 65
09/07/2022 10:55:56 PM Calculated day 66
09/07/2022 10:56:02 PM Calculated day 67
09/07/2022 10:56:09 PM Calculated day 68
09/07/2022 10:56:15 PM Calculated day 69
09/07/2022 10:56:22 PM Calculated day 70
09/07/2022 10:56:28 PM Calculated day 71
09/07/2022 10:56:35 PM Calculated day 72
09/07/2022 10:56:41 PM Calculated day 73
09/07/2022 10:56:48 PM Calculated day 74
09/07/2022 10:56:54 PM Calculated day 75
09/07/2022 10:57:01 PM Calculated day 76
09/07/2022 10:57:07 PM Calculated day 77
09/07/2022 10:57:14 PM Calculated day 78
09/07/2022 10:57:21 PM Calculated day 79
09/07/2022 10:57:27 PM Calculated day 80
09/07/2022 10:57:34 PM Calculated day 81
09/07/2022 10:57:40 PM Calculated day 82
09/07/2022 10:57:47 PM Calculated day 83
09/07/2022 10:57:53 PM Calculated day 84
09/07/2022 10:58:00 PM Calculated day 85
09/07/2022 10:58:06 PM Calculated day 86
09/07/2022 10:58:13 PM Calculated day 87
09/07/2022 10:58:19 PM Calculated day 88
09/07/2022 10:58:26 PM Calculated day 89
09/07/2022 10:58:32 PM Calculated day 90
09/07/2022 10:58:39 PM Calculated day 91
09/07/2022 10:58:45 PM Calculated day 92
09/07/2022 10:58:52 PM Calculated day 93
09/07/2022 10:58:58 PM Calculated day 94
09/07/2022 10:59:05 PM Calculated day 95
09/07/2022 10:59:12 PM Calculated day 96
09/07/2022 10:59:18 PM Calculated day 97
09/07/2022 10:59:25 PM Calculated day 98
09/07/2022 10:59:31 PM Calculated day 99
09/07/2022 10:59:38 PM Calculated day 100
09/07/2022 10:59:44 PM Calculated day 101
09/07/2022 10:59:51 PM Calculated day 102
09/07/2022 10:59:57 PM Calculated day 103
09/07/2022 11:00:04 PM Calculated day 104
09/07/2022 11:00:11 PM Calculated day 105
09/07/2022 11:00:17 PM Calculated day 106
09/07/2022 11:00:24 PM Calculated day 107
09/07/2022 11:00:30 PM Calculated day 108
09/07/2022 11:00:37 PM Calculated day 109
09/07/2022 11:00:43 PM Calculated day 110
09/07/2022 11:00:50 PM Calculated day 111
09/07/2022 11:00:56 PM Calculated day 112
09/07/2022 11:01:03 PM Calculated day 113
09/07/2022 11:01:09 PM Calculated day 114
09/07/2022 11:01:16 PM Calculated day 115
09/07/2022 11:01:22 PM Calculated day 116
09/07/2022 11:01:29 PM Calculated day 117
09/07/2022 11:01:36 PM Calculated day 118
09/07/2022 11:01:42 PM Calculated day 119
09/07/2022 11:01:49 PM Calculated day 120
09/07/2022 11:01:55 PM Calculated day 121
09/07/2022 11:02:02 PM Calculated day 122
09/07/2022 11:02:08 PM Calculated day 123
09/07/2022 11:02:15 PM Calculated day 124
09/07/2022 11:02:21 PM Calculated day 125
09/07/2022 11:02:28 PM Calculated day 126
09/07/2022 11:02:34 PM Calculated day 127
09/07/2022 11:02:41 PM Calculated day 128
09/07/2022 11:02:48 PM Calculated day 129
09/07/2022 11:02:54 PM Calculated day 130
09/07/2022 11:03:01 PM Calculated day 131
09/07/2022 11:03:07 PM Calculated day 132
09/07/2022 11:03:14 PM Calculated day 133
09/07/2022 11:03:20 PM Calculated day 134
09/07/2022 11:03:27 PM Calculated day 135
09/07/2022 11:03:33 PM Calculated day 136
09/07/2022 11:03:40 PM Calculated day 137
09/07/2022 11:03:46 PM Calculated day 138
09/07/2022 11:03:53 PM Calculated day 139
09/07/2022 11:03:59 PM Calculated day 140
09/07/2022 11:04:06 PM Calculated day 141
09/07/2022 11:04:13 PM Calculated day 142
09/07/2022 11:04:20 PM Calculated day 143
09/07/2022 11:04:27 PM Calculated day 144
09/07/2022 11:04:34 PM Calculated day 145
09/07/2022 11:04:41 PM Calculated day 146
09/07/2022 11:04:47 PM Calculated day 147
09/07/2022 11:04:54 PM Calculated day 148
09/07/2022 11:05:00 PM Calculated day 149
09/07/2022 11:05:07 PM Calculated day 150
09/07/2022 11:05:14 PM Calculated day 151
09/07/2022 11:05:20 PM Calculated day 152
09/07/2022 11:05:27 PM Calculated day 153
09/07/2022 11:05:33 PM Calculated day 154
09/07/2022 11:05:40 PM Calculated day 155
09/07/2022 11:05:46 PM Calculated day 156
09/07/2022 11:05:53 PM Calculated day 157
09/07/2022 11:05:59 PM Calculated day 158
09/07/2022 11:06:06 PM Calculated day 159
09/07/2022 11:06:12 PM Calculated day 160
09/07/2022 11:06:19 PM Calculated day 161
09/07/2022 11:06:26 PM Calculated day 162
09/07/2022 11:06:32 PM Calculated day 163
09/07/2022 11:06:39 PM Calculated day 164
09/07/2022 11:06:45 PM Calculated day 165
09/07/2022 11:06:52 PM Calculated day 166
09/07/2022 11:06:58 PM Calculated day 167
09/07/2022 11:07:05 PM Calculated day 168
09/07/2022 11:07:11 PM Calculated day 169
09/07/2022 11:07:18 PM Calculated day 170
09/07/2022 11:07:24 PM Calculated day 171
09/07/2022 11:07:31 PM Calculated day 172
09/07/2022 11:07:38 PM Calculated day 173
09/07/2022 11:07:44 PM Calculated day 174
09/07/2022 11:07:51 PM Calculated day 175
09/07/2022 11:07:57 PM Calculated day 176
09/07/2022 11:08:04 PM Calculated day 177
09/07/2022 11:08:10 PM Calculated day 178
09/07/2022 11:08:17 PM Calculated day 179
09/07/2022 11:08:23 PM Calculated day 180
09/07/2022 11:08:30 PM Calculated day 181
09/07/2022 11:08:36 PM Calculated day 182
09/07/2022 11:08:43 PM Calculated day 183
09/07/2022 11:08:50 PM Calculated day 184
09/07/2022 11:08:56 PM Calculated day 185
09/07/2022 11:09:03 PM Calculated day 186
09/07/2022 11:09:09 PM Calculated day 187
09/07/2022 11:09:16 PM Calculated day 188
09/07/2022 11:09:22 PM Calculated day 189
09/07/2022 11:09:29 PM Calculated day 190
09/07/2022 11:09:35 PM Calculated day 191
09/07/2022 11:09:42 PM Calculated day 192
09/07/2022 11:09:48 PM Calculated day 193
09/07/2022 11:09:55 PM Calculated day 194
09/07/2022 11:10:01 PM Calculated day 195
09/07/2022 11:10:08 PM Calculated day 196
09/07/2022 11:10:16 PM Calculated day 197
09/07/2022 11:10:23 PM Calculated day 198
09/07/2022 11:10:30 PM Calculated day 199
09/07/2022 11:11:41 PM Saved data in /data/pbarpanda/spherical_SWE/evaluate_final_budget/resting_basic_state_diff_Heq//dt_150_Q_forcing_10_forcing_y_0_Hmean_359.6_forcing_phase_speed_0_ms/U_up_days_200//H0_0/
09/07/2022 11:11:41 PM  ========== CODE RAN SUCCESSFULLY, congrats! ================
09/07/2022 11:11:41 PM  -----> Total Time taken = 1376.721  <----
