06/28/2022 01:36:29 PM **********************************
06/28/2022 01:36:29 PM /data/pbarpanda/spherical_SWE/initial_value_exps//dt_150_Q_forcing_0_forcing_y_0_Hmean_500_forcing_phase_speed_0_ms/U_up_days_150_Kelvin/
06/28/2022 01:36:29 PM **********************************
06/28/2022 01:36:30 PM Calculated day 0
06/28/2022 01:36:35 PM Calculated day 1
06/28/2022 01:36:41 PM Calculated day 2
06/28/2022 01:36:47 PM Calculated day 3
06/28/2022 01:36:53 PM Calculated day 4
06/28/2022 01:37:00 PM Calculated day 5
06/28/2022 01:37:06 PM Calculated day 6
06/28/2022 01:37:13 PM Calculated day 7
06/28/2022 01:37:19 PM Calculated day 8
06/28/2022 01:37:25 PM Calculated day 9
06/28/2022 01:37:32 PM Calculated day 10
06/28/2022 01:37:38 PM Calculated day 11
06/28/2022 01:37:45 PM Calculated day 12
06/28/2022 01:37:51 PM Calculated day 13
06/28/2022 01:37:58 PM Calculated day 14
06/28/2022 01:38:04 PM Calculated day 15
06/28/2022 01:38:11 PM Calculated day 16
06/28/2022 01:38:17 PM Calculated day 17
06/28/2022 01:38:24 PM Calculated day 18
06/28/2022 01:38:31 PM Calculated day 19
06/28/2022 01:38:37 PM Calculated day 20
06/28/2022 01:38:44 PM Calculated day 21
06/28/2022 01:38:50 PM Calculated day 22
06/28/2022 01:38:57 PM Calculated day 23
06/28/2022 01:39:04 PM Calculated day 24
06/28/2022 01:39:10 PM Calculated day 25
06/28/2022 01:39:17 PM Calculated day 26
06/28/2022 01:39:24 PM Calculated day 27
06/28/2022 01:39:31 PM Calculated day 28
06/28/2022 01:39:37 PM Calculated day 29
06/28/2022 01:39:44 PM Calculated day 30
06/28/2022 01:39:51 PM Calculated day 31
06/28/2022 01:39:58 PM Calculated day 32
06/28/2022 01:40:05 PM Calculated day 33
06/28/2022 01:40:12 PM Calculated day 34
06/28/2022 01:40:18 PM Calculated day 35
06/28/2022 01:40:25 PM Calculated day 36
06/28/2022 01:40:32 PM Calculated day 37
06/28/2022 01:40:39 PM Calculated day 38
06/28/2022 01:40:46 PM Calculated day 39
06/28/2022 01:40:53 PM Calculated day 40
06/28/2022 01:41:00 PM Calculated day 41
06/28/2022 01:41:07 PM Calculated day 42
06/28/2022 01:41:14 PM Calculated day 43
06/28/2022 01:41:21 PM Calculated day 44
06/28/2022 01:41:28 PM Calculated day 45
06/28/2022 01:41:35 PM Calculated day 46
06/28/2022 01:41:42 PM Calculated day 47
06/28/2022 01:41:50 PM Calculated day 48
06/28/2022 01:41:57 PM Calculated day 49
06/28/2022 01:42:04 PM Calculated day 50
06/28/2022 01:42:11 PM Calculated day 51
06/28/2022 01:42:18 PM Calculated day 52
06/28/2022 01:42:26 PM Calculated day 53
06/28/2022 01:42:33 PM Calculated day 54
06/28/2022 01:42:40 PM Calculated day 55
06/28/2022 01:42:47 PM Calculated day 56
06/28/2022 01:42:54 PM Calculated day 57
06/28/2022 01:43:01 PM Calculated day 58
06/28/2022 01:43:09 PM Calculated day 59
06/28/2022 01:43:16 PM Calculated day 60
06/28/2022 01:43:24 PM Calculated day 61
06/28/2022 01:43:31 PM Calculated day 62
06/28/2022 01:43:38 PM Calculated day 63
06/28/2022 01:43:46 PM Calculated day 64
06/28/2022 01:43:53 PM Calculated day 65
06/28/2022 01:44:01 PM Calculated day 66
06/28/2022 01:44:08 PM Calculated day 67
06/28/2022 01:44:15 PM Calculated day 68
06/28/2022 01:44:23 PM Calculated day 69
06/28/2022 01:44:30 PM Calculated day 70
06/28/2022 01:44:38 PM Calculated day 71
06/28/2022 01:44:45 PM Calculated day 72
06/28/2022 01:44:53 PM Calculated day 73
06/28/2022 01:45:00 PM Calculated day 74
06/28/2022 01:45:08 PM Calculated day 75
06/28/2022 01:45:15 PM Calculated day 76
06/28/2022 01:45:23 PM Calculated day 77
06/28/2022 01:45:30 PM Calculated day 78
06/28/2022 01:45:38 PM Calculated day 79
06/28/2022 01:45:46 PM Calculated day 80
06/28/2022 01:45:53 PM Calculated day 81
06/28/2022 01:46:01 PM Calculated day 82
06/28/2022 01:46:08 PM Calculated day 83
06/28/2022 01:46:16 PM Calculated day 84
06/28/2022 01:46:24 PM Calculated day 85
06/28/2022 01:46:32 PM Calculated day 86
06/28/2022 01:46:39 PM Calculated day 87
06/28/2022 01:46:47 PM Calculated day 88
06/28/2022 01:46:55 PM Calculated day 89
06/28/2022 01:47:03 PM Calculated day 90
06/28/2022 01:47:11 PM Calculated day 91
06/28/2022 01:47:18 PM Calculated day 92
06/28/2022 01:47:26 PM Calculated day 93
06/28/2022 01:47:34 PM Calculated day 94
06/28/2022 01:47:42 PM Calculated day 95
06/28/2022 01:47:50 PM Calculated day 96
06/28/2022 01:47:58 PM Calculated day 97
06/28/2022 01:48:06 PM Calculated day 98
06/28/2022 01:48:13 PM Calculated day 99
06/28/2022 01:48:21 PM Calculated day 100
06/28/2022 01:48:34 PM Calculated day 101
06/28/2022 01:48:41 PM Calculated day 102
06/28/2022 01:48:49 PM Calculated day 103
06/28/2022 01:48:57 PM Calculated day 104
06/28/2022 01:49:05 PM Calculated day 105
06/28/2022 01:49:14 PM Calculated day 106
06/28/2022 01:49:22 PM Calculated day 107
06/28/2022 01:49:30 PM Calculated day 108
06/28/2022 01:49:38 PM Calculated day 109
06/28/2022 01:49:46 PM Calculated day 110
06/28/2022 01:49:54 PM Calculated day 111
06/28/2022 01:50:02 PM Calculated day 112
06/28/2022 01:50:10 PM Calculated day 113
06/28/2022 01:50:18 PM Calculated day 114
06/28/2022 01:50:26 PM Calculated day 115
06/28/2022 01:50:35 PM Calculated day 116
06/28/2022 01:50:43 PM Calculated day 117
06/28/2022 01:50:51 PM Calculated day 118
06/28/2022 01:50:59 PM Calculated day 119
06/28/2022 01:51:08 PM Calculated day 120
06/28/2022 01:51:16 PM Calculated day 121
06/28/2022 01:51:24 PM Calculated day 122
06/28/2022 01:51:32 PM Calculated day 123
06/28/2022 01:51:41 PM Calculated day 124
06/28/2022 01:51:49 PM Calculated day 125
06/28/2022 01:51:58 PM Calculated day 126
06/28/2022 01:52:06 PM Calculated day 127
06/28/2022 01:52:14 PM Calculated day 128
06/28/2022 01:52:23 PM Calculated day 129
06/28/2022 01:52:31 PM Calculated day 130
06/28/2022 01:52:40 PM Calculated day 131
06/28/2022 01:52:48 PM Calculated day 132
06/28/2022 01:52:57 PM Calculated day 133
06/28/2022 01:53:05 PM Calculated day 134
06/28/2022 01:53:14 PM Calculated day 135
06/28/2022 01:53:22 PM Calculated day 136
06/28/2022 01:53:31 PM Calculated day 137
06/28/2022 01:53:40 PM Calculated day 138
06/28/2022 01:53:48 PM Calculated day 139
06/28/2022 01:53:57 PM Calculated day 140
06/28/2022 01:54:05 PM Calculated day 141
06/28/2022 01:54:14 PM Calculated day 142
06/28/2022 01:54:23 PM Calculated day 143
06/28/2022 01:54:31 PM Calculated day 144
06/28/2022 01:54:40 PM Calculated day 145
06/28/2022 01:54:49 PM Calculated day 146
06/28/2022 01:54:57 PM Calculated day 147
06/28/2022 01:55:06 PM Calculated day 148
06/28/2022 01:55:15 PM Calculated day 149
06/28/2022 01:55:24 PM Calculated day 150
06/28/2022 01:55:33 PM Calculated day 151
06/28/2022 01:55:42 PM Calculated day 152
06/28/2022 01:55:51 PM Calculated day 153
06/28/2022 01:56:00 PM Calculated day 154
06/28/2022 01:56:08 PM Calculated day 155
06/28/2022 01:56:17 PM Calculated day 156
06/28/2022 01:56:26 PM Calculated day 157
06/28/2022 01:56:35 PM Calculated day 158
06/28/2022 01:56:45 PM Calculated day 159
06/28/2022 01:56:54 PM Calculated day 160
06/28/2022 01:57:03 PM Calculated day 161
06/28/2022 01:57:12 PM Calculated day 162
06/28/2022 01:57:22 PM Calculated day 163
06/28/2022 01:57:31 PM Calculated day 164
06/28/2022 01:57:40 PM Calculated day 165
06/28/2022 01:57:49 PM Calculated day 166
06/28/2022 01:57:59 PM Calculated day 167
06/28/2022 01:58:08 PM Calculated day 168
06/28/2022 01:58:17 PM Calculated day 169
06/28/2022 01:58:27 PM Calculated day 170
06/28/2022 01:58:36 PM Calculated day 171
06/28/2022 01:58:45 PM Calculated day 172
06/28/2022 01:58:55 PM Calculated day 173
06/28/2022 01:59:04 PM Calculated day 174
06/28/2022 01:59:14 PM Calculated day 175
06/28/2022 01:59:23 PM Calculated day 176
06/28/2022 01:59:33 PM Calculated day 177
06/28/2022 01:59:42 PM Calculated day 178
06/28/2022 01:59:56 PM Calculated day 179
06/28/2022 02:00:06 PM Calculated day 180
06/28/2022 02:00:15 PM Calculated day 181
06/28/2022 02:00:25 PM Calculated day 182
06/28/2022 02:00:34 PM Calculated day 183
06/28/2022 02:00:44 PM Calculated day 184
06/28/2022 02:00:54 PM Calculated day 185
06/28/2022 02:01:03 PM Calculated day 186
06/28/2022 02:01:13 PM Calculated day 187
06/28/2022 02:01:23 PM Calculated day 188
06/28/2022 02:01:32 PM Calculated day 189
06/28/2022 02:01:42 PM Calculated day 190
06/28/2022 02:01:52 PM Calculated day 191
06/28/2022 02:02:02 PM Calculated day 192
06/28/2022 02:02:11 PM Calculated day 193
06/28/2022 02:02:21 PM Calculated day 194
06/28/2022 02:02:31 PM Calculated day 195
06/28/2022 02:02:41 PM Calculated day 196
06/28/2022 02:02:51 PM Calculated day 197
06/28/2022 02:03:01 PM Calculated day 198
06/28/2022 02:03:11 PM Calculated day 199
06/28/2022 02:03:21 PM Calculated day 200
06/28/2022 02:03:31 PM Calculated day 201
06/28/2022 02:03:41 PM Calculated day 202
06/28/2022 02:03:51 PM Calculated day 203
06/28/2022 02:04:01 PM Calculated day 204
06/28/2022 02:04:11 PM Calculated day 205
06/28/2022 02:04:21 PM Calculated day 206
06/28/2022 02:04:31 PM Calculated day 207
06/28/2022 02:04:41 PM Calculated day 208
06/28/2022 02:04:51 PM Calculated day 209
06/28/2022 02:05:02 PM Calculated day 210
06/28/2022 02:05:12 PM Calculated day 211
06/28/2022 02:05:22 PM Calculated day 212
06/28/2022 02:05:32 PM Calculated day 213
06/28/2022 02:05:42 PM Calculated day 214
06/28/2022 02:05:53 PM Calculated day 215
06/28/2022 02:06:03 PM Calculated day 216
06/28/2022 02:06:13 PM Calculated day 217
06/28/2022 02:06:24 PM Calculated day 218
06/28/2022 02:06:34 PM Calculated day 219
06/28/2022 02:06:44 PM Calculated day 220
06/28/2022 02:06:55 PM Calculated day 221
06/28/2022 02:07:05 PM Calculated day 222
06/28/2022 02:07:16 PM Calculated day 223
06/28/2022 02:07:26 PM Calculated day 224
06/28/2022 02:07:37 PM Calculated day 225
06/28/2022 02:07:47 PM Calculated day 226
06/28/2022 02:07:58 PM Calculated day 227
06/28/2022 02:08:08 PM Calculated day 228
06/28/2022 02:08:19 PM Calculated day 229
06/28/2022 02:08:29 PM Calculated day 230
06/28/2022 02:08:40 PM Calculated day 231
06/28/2022 02:08:50 PM Calculated day 232
06/28/2022 02:09:01 PM Calculated day 233
06/28/2022 02:09:11 PM Calculated day 234
06/28/2022 02:09:22 PM Calculated day 235
06/28/2022 02:09:32 PM Calculated day 236
06/28/2022 02:09:43 PM Calculated day 237
06/28/2022 02:09:54 PM Calculated day 238
06/28/2022 02:10:04 PM Calculated day 239
06/28/2022 02:10:15 PM Calculated day 240
06/28/2022 02:10:26 PM Calculated day 241
06/28/2022 02:10:36 PM Calculated day 242
06/28/2022 02:10:47 PM Calculated day 243
06/28/2022 02:10:58 PM Calculated day 244
06/28/2022 02:11:09 PM Calculated day 245
06/28/2022 02:11:19 PM Calculated day 246
06/28/2022 02:11:30 PM Calculated day 247
06/28/2022 02:11:41 PM Calculated day 248
06/28/2022 02:11:52 PM Calculated day 249
06/28/2022 02:12:03 PM Calculated day 250
06/28/2022 02:12:14 PM Calculated day 251
06/28/2022 02:12:25 PM Calculated day 252
06/28/2022 02:12:35 PM Calculated day 253
06/28/2022 02:12:47 PM Calculated day 254
06/28/2022 02:12:58 PM Calculated day 255
06/28/2022 02:13:09 PM Calculated day 256
06/28/2022 02:13:20 PM Calculated day 257
06/28/2022 02:13:32 PM Calculated day 258
06/28/2022 02:13:47 PM Calculated day 259
06/28/2022 02:14:00 PM Calculated day 260
06/28/2022 02:14:14 PM Calculated day 261
06/28/2022 02:14:28 PM Calculated day 262
06/28/2022 02:14:42 PM Calculated day 263
06/28/2022 02:14:55 PM Calculated day 264
06/28/2022 02:15:09 PM Calculated day 265
06/28/2022 02:15:22 PM Calculated day 266
06/28/2022 02:15:36 PM Calculated day 267
06/28/2022 02:15:50 PM Calculated day 268
06/28/2022 02:16:04 PM Calculated day 269
06/28/2022 02:16:18 PM Calculated day 270
06/28/2022 02:16:32 PM Calculated day 271
06/28/2022 02:16:46 PM Calculated day 272
06/28/2022 02:17:00 PM Calculated day 273
06/28/2022 02:17:13 PM Calculated day 274
06/28/2022 02:17:27 PM Calculated day 275
06/28/2022 02:17:41 PM Calculated day 276
06/28/2022 02:17:55 PM Calculated day 277
06/28/2022 02:18:09 PM Calculated day 278
06/28/2022 02:18:23 PM Calculated day 279
06/28/2022 02:18:38 PM Calculated day 280
06/28/2022 02:18:52 PM Calculated day 281
06/28/2022 02:19:06 PM Calculated day 282
06/28/2022 02:19:20 PM Calculated day 283
06/28/2022 02:19:34 PM Calculated day 284
06/28/2022 02:19:48 PM Calculated day 285
06/28/2022 02:20:03 PM Calculated day 286
06/28/2022 02:20:17 PM Calculated day 287
06/28/2022 02:20:31 PM Calculated day 288
06/28/2022 02:20:45 PM Calculated day 289
06/28/2022 02:21:00 PM Calculated day 290
06/28/2022 02:21:14 PM Calculated day 291
06/28/2022 02:21:29 PM Calculated day 292
06/28/2022 02:21:43 PM Calculated day 293
06/28/2022 02:21:58 PM Calculated day 294
06/28/2022 02:22:12 PM Calculated day 295
06/28/2022 02:22:27 PM Calculated day 296
06/28/2022 02:22:41 PM Calculated day 297
06/28/2022 02:22:56 PM Calculated day 298
06/28/2022 02:23:10 PM Calculated day 299
06/28/2022 02:23:25 PM Calculated day 300
06/28/2022 02:23:40 PM Calculated day 301
06/28/2022 02:23:54 PM Calculated day 302
06/28/2022 02:24:09 PM Calculated day 303
06/28/2022 02:24:24 PM Calculated day 304
06/28/2022 02:24:38 PM Calculated day 305
06/28/2022 02:24:53 PM Calculated day 306
06/28/2022 02:25:08 PM Calculated day 307
06/28/2022 02:25:22 PM Calculated day 308
06/28/2022 02:25:37 PM Calculated day 309
06/28/2022 02:25:52 PM Calculated day 310
06/28/2022 02:26:08 PM Calculated day 311
06/28/2022 02:26:22 PM Calculated day 312
06/28/2022 02:26:38 PM Calculated day 313
06/28/2022 02:26:52 PM Calculated day 314
06/28/2022 02:27:08 PM Calculated day 315
06/28/2022 02:27:23 PM Calculated day 316
06/28/2022 02:27:38 PM Calculated day 317
06/28/2022 02:27:53 PM Calculated day 318
06/28/2022 02:28:08 PM Calculated day 319
06/28/2022 02:28:23 PM Calculated day 320
06/28/2022 02:28:39 PM Calculated day 321
06/28/2022 02:28:54 PM Calculated day 322
06/28/2022 02:29:09 PM Calculated day 323
06/28/2022 02:29:24 PM Calculated day 324
06/28/2022 02:29:39 PM Calculated day 325
06/28/2022 02:29:55 PM Calculated day 326
06/28/2022 02:30:10 PM Calculated day 327
06/28/2022 02:30:25 PM Calculated day 328
06/28/2022 02:30:41 PM Calculated day 329
06/28/2022 02:30:56 PM Calculated day 330
06/28/2022 02:31:12 PM Calculated day 331
06/28/2022 02:31:27 PM Calculated day 332
06/28/2022 02:31:43 PM Calculated day 333
06/28/2022 02:31:58 PM Calculated day 334
06/28/2022 02:32:14 PM Calculated day 335
06/28/2022 02:32:29 PM Calculated day 336
06/28/2022 02:32:45 PM Calculated day 337
06/28/2022 02:33:00 PM Calculated day 338
06/28/2022 02:33:16 PM Calculated day 339
06/28/2022 02:33:32 PM Calculated day 340
06/28/2022 02:33:47 PM Calculated day 341
06/28/2022 02:34:03 PM Calculated day 342
06/28/2022 02:34:19 PM Calculated day 343
06/28/2022 02:34:35 PM Calculated day 344
06/28/2022 02:34:51 PM Calculated day 345
06/28/2022 02:35:06 PM Calculated day 346
06/28/2022 02:35:22 PM Calculated day 347
06/28/2022 02:35:38 PM Calculated day 348
06/28/2022 02:35:54 PM Calculated day 349
06/28/2022 02:36:10 PM Calculated day 350
06/28/2022 02:36:26 PM Calculated day 351
06/28/2022 02:36:42 PM Calculated day 352
06/28/2022 02:36:58 PM Calculated day 353
06/28/2022 02:37:14 PM Calculated day 354
06/28/2022 02:37:30 PM Calculated day 355
06/28/2022 02:37:46 PM Calculated day 356
06/28/2022 02:38:02 PM Calculated day 357
06/28/2022 02:38:18 PM Calculated day 358
06/28/2022 02:38:35 PM Calculated day 359
06/28/2022 02:38:51 PM Calculated day 360
06/28/2022 02:39:07 PM Calculated day 361
06/28/2022 02:39:23 PM Calculated day 362
06/28/2022 02:39:40 PM Calculated day 363
06/28/2022 02:39:56 PM Calculated day 364
06/28/2022 02:40:12 PM Calculated day 365
06/28/2022 02:40:28 PM Calculated day 366
06/28/2022 02:40:45 PM Calculated day 367
06/28/2022 02:41:01 PM Calculated day 368
06/28/2022 02:41:18 PM Calculated day 369
06/28/2022 02:41:34 PM Calculated day 370
06/28/2022 02:41:51 PM Calculated day 371
06/28/2022 02:42:07 PM Calculated day 372
06/28/2022 02:42:24 PM Calculated day 373
06/28/2022 02:42:40 PM Calculated day 374
06/28/2022 02:42:57 PM Calculated day 375
06/28/2022 02:43:13 PM Calculated day 376
06/28/2022 02:43:30 PM Calculated day 377
06/28/2022 02:43:47 PM Calculated day 378
06/28/2022 02:44:03 PM Calculated day 379
06/28/2022 02:44:20 PM Calculated day 380
06/28/2022 02:44:37 PM Calculated day 381
06/28/2022 02:44:54 PM Calculated day 382
06/28/2022 02:45:11 PM Calculated day 383
06/28/2022 02:45:28 PM Calculated day 384
06/28/2022 02:45:44 PM Calculated day 385
06/28/2022 02:46:01 PM Calculated day 386
06/28/2022 02:46:18 PM Calculated day 387
06/28/2022 02:46:35 PM Calculated day 388
06/28/2022 02:46:52 PM Calculated day 389
06/28/2022 02:47:09 PM Calculated day 390
06/28/2022 02:47:27 PM Calculated day 391
06/28/2022 02:47:44 PM Calculated day 392
06/28/2022 02:48:01 PM Calculated day 393
06/28/2022 02:48:18 PM Calculated day 394
06/28/2022 02:48:35 PM Calculated day 395
06/28/2022 02:48:52 PM Calculated day 396
06/28/2022 02:49:09 PM Calculated day 397
06/28/2022 02:49:27 PM Calculated day 398
06/28/2022 02:49:44 PM Calculated day 399
06/28/2022 02:50:01 PM Calculated day 400
06/28/2022 02:50:19 PM Calculated day 401
06/28/2022 02:50:36 PM Calculated day 402
06/28/2022 02:50:53 PM Calculated day 403
06/28/2022 02:51:11 PM Calculated day 404
06/28/2022 02:51:28 PM Calculated day 405
06/28/2022 02:51:46 PM Calculated day 406
06/28/2022 02:52:03 PM Calculated day 407
06/28/2022 02:52:21 PM Calculated day 408
06/28/2022 02:52:39 PM Calculated day 409
06/28/2022 02:52:56 PM Calculated day 410
06/28/2022 02:53:13 PM Calculated day 411
06/28/2022 02:53:31 PM Calculated day 412
06/28/2022 02:53:49 PM Calculated day 413
06/28/2022 02:54:06 PM Calculated day 414
06/28/2022 02:54:24 PM Calculated day 415
06/28/2022 02:54:42 PM Calculated day 416
06/28/2022 02:54:59 PM Calculated day 417
06/28/2022 02:55:17 PM Calculated day 418
06/28/2022 02:55:35 PM Calculated day 419
06/28/2022 02:55:53 PM Calculated day 420
06/28/2022 02:56:11 PM Calculated day 421
06/28/2022 02:56:29 PM Calculated day 422
06/28/2022 02:56:47 PM Calculated day 423
06/28/2022 02:57:05 PM Calculated day 424
06/28/2022 02:57:23 PM Calculated day 425
06/28/2022 02:57:41 PM Calculated day 426
06/28/2022 02:57:59 PM Calculated day 427
06/28/2022 02:58:17 PM Calculated day 428
06/28/2022 02:58:35 PM Calculated day 429
06/28/2022 02:58:53 PM Calculated day 430
06/28/2022 02:59:11 PM Calculated day 431
06/28/2022 02:59:29 PM Calculated day 432
06/28/2022 02:59:48 PM Calculated day 433
06/28/2022 03:00:07 PM Calculated day 434
06/28/2022 03:00:25 PM Calculated day 435
06/28/2022 03:00:44 PM Calculated day 436
06/28/2022 03:01:02 PM Calculated day 437
06/28/2022 03:01:20 PM Calculated day 438
06/28/2022 03:01:39 PM Calculated day 439
06/28/2022 03:01:57 PM Calculated day 440
06/28/2022 03:02:15 PM Calculated day 441
06/28/2022 03:02:34 PM Calculated day 442
06/28/2022 03:02:55 PM Calculated day 443
06/28/2022 03:03:14 PM Calculated day 444
06/28/2022 03:03:32 PM Calculated day 445
06/28/2022 03:03:51 PM Calculated day 446
06/28/2022 03:04:10 PM Calculated day 447
06/28/2022 03:04:28 PM Calculated day 448
06/28/2022 03:04:47 PM Calculated day 449
06/28/2022 03:05:06 PM Calculated day 450
06/28/2022 03:05:24 PM Calculated day 451
06/28/2022 03:05:43 PM Calculated day 452
06/28/2022 03:06:02 PM Calculated day 453
06/28/2022 03:06:21 PM Calculated day 454
06/28/2022 03:06:41 PM Calculated day 455
06/28/2022 03:07:02 PM Calculated day 456
06/28/2022 03:07:21 PM Calculated day 457
06/28/2022 03:07:40 PM Calculated day 458
06/28/2022 03:07:59 PM Calculated day 459
06/28/2022 03:08:18 PM Calculated day 460
06/28/2022 03:08:37 PM Calculated day 461
06/28/2022 03:08:56 PM Calculated day 462
06/28/2022 03:09:15 PM Calculated day 463
06/28/2022 03:09:34 PM Calculated day 464
06/28/2022 03:09:53 PM Calculated day 465
06/28/2022 03:10:12 PM Calculated day 466
06/28/2022 03:10:31 PM Calculated day 467
06/28/2022 03:10:51 PM Calculated day 468
06/28/2022 03:11:10 PM Calculated day 469
06/28/2022 03:11:29 PM Calculated day 470
06/28/2022 03:11:48 PM Calculated day 471
06/28/2022 03:12:08 PM Calculated day 472
06/28/2022 03:12:27 PM Calculated day 473
06/28/2022 03:12:46 PM Calculated day 474
06/28/2022 03:13:06 PM Calculated day 475
06/28/2022 03:13:25 PM Calculated day 476
06/28/2022 03:13:44 PM Calculated day 477
06/28/2022 03:14:04 PM Calculated day 478
06/28/2022 03:14:24 PM Calculated day 479
06/28/2022 03:14:44 PM Calculated day 480
06/28/2022 03:15:05 PM Calculated day 481
06/28/2022 03:15:26 PM Calculated day 482
06/28/2022 03:15:47 PM Calculated day 483
06/28/2022 03:16:08 PM Calculated day 484
06/28/2022 03:16:30 PM Calculated day 485
06/28/2022 03:16:51 PM Calculated day 486
06/28/2022 03:17:13 PM Calculated day 487
06/28/2022 03:17:34 PM Calculated day 488
06/28/2022 03:17:56 PM Calculated day 489
06/28/2022 03:18:17 PM Calculated day 490
06/28/2022 03:18:39 PM Calculated day 491
06/28/2022 03:19:01 PM Calculated day 492
06/28/2022 03:19:23 PM Calculated day 493
06/28/2022 03:19:45 PM Calculated day 494
06/28/2022 03:20:07 PM Calculated day 495
06/28/2022 03:20:28 PM Calculated day 496
06/28/2022 03:20:50 PM Calculated day 497
06/28/2022 03:21:12 PM Calculated day 498
06/28/2022 03:21:35 PM Calculated day 499
06/28/2022 03:21:59 PM Calculated day 500
06/28/2022 03:22:22 PM Calculated day 501
06/28/2022 03:22:45 PM Calculated day 502
06/28/2022 03:23:08 PM Calculated day 503
06/28/2022 03:23:31 PM Calculated day 504
06/28/2022 03:23:54 PM Calculated day 505
06/28/2022 03:24:17 PM Calculated day 506
06/28/2022 03:24:40 PM Calculated day 507
06/28/2022 03:25:03 PM Calculated day 508
06/28/2022 03:25:26 PM Calculated day 509
06/28/2022 03:25:49 PM Calculated day 510
06/28/2022 03:26:12 PM Calculated day 511
06/28/2022 03:26:35 PM Calculated day 512
06/28/2022 03:26:58 PM Calculated day 513
06/28/2022 03:27:21 PM Calculated day 514
06/28/2022 03:27:44 PM Calculated day 515
06/28/2022 03:28:08 PM Calculated day 516
06/28/2022 03:28:34 PM Calculated day 517
06/28/2022 03:28:58 PM Calculated day 518
06/28/2022 03:29:21 PM Calculated day 519
06/28/2022 03:29:45 PM Calculated day 520
06/28/2022 03:30:08 PM Calculated day 521
06/28/2022 03:30:32 PM Calculated day 522
06/28/2022 03:30:55 PM Calculated day 523
06/28/2022 03:31:19 PM Calculated day 524
06/28/2022 03:31:43 PM Calculated day 525
06/28/2022 03:32:07 PM Calculated day 526
06/28/2022 03:32:31 PM Calculated day 527
06/28/2022 03:32:55 PM Calculated day 528
06/28/2022 03:33:19 PM Calculated day 529
06/28/2022 03:33:43 PM Calculated day 530
06/28/2022 03:34:07 PM Calculated day 531
06/28/2022 03:34:32 PM Calculated day 532
06/28/2022 03:34:56 PM Calculated day 533
06/28/2022 03:35:21 PM Calculated day 534
06/28/2022 03:35:45 PM Calculated day 535
06/28/2022 03:36:10 PM Calculated day 536
06/28/2022 03:36:35 PM Calculated day 537
06/28/2022 03:37:00 PM Calculated day 538
06/28/2022 03:37:25 PM Calculated day 539
06/28/2022 03:37:49 PM Calculated day 540
06/28/2022 03:38:14 PM Calculated day 541
06/28/2022 03:38:39 PM Calculated day 542
06/28/2022 03:39:04 PM Calculated day 543
06/28/2022 03:39:29 PM Calculated day 544
06/28/2022 03:39:54 PM Calculated day 545
06/28/2022 03:40:19 PM Calculated day 546
06/28/2022 03:40:45 PM Calculated day 547
06/28/2022 03:41:10 PM Calculated day 548
06/28/2022 03:41:35 PM Calculated day 549
06/28/2022 03:42:01 PM Calculated day 550
06/28/2022 03:42:26 PM Calculated day 551
06/28/2022 03:42:52 PM Calculated day 552
06/28/2022 03:43:17 PM Calculated day 553
06/28/2022 03:43:43 PM Calculated day 554
06/28/2022 03:44:09 PM Calculated day 555
06/28/2022 03:44:35 PM Calculated day 556
06/28/2022 03:45:01 PM Calculated day 557
06/28/2022 03:45:28 PM Calculated day 558
06/28/2022 03:45:55 PM Calculated day 559
06/28/2022 03:46:22 PM Calculated day 560
06/28/2022 03:46:50 PM Calculated day 561
06/28/2022 03:47:19 PM Calculated day 562
06/28/2022 03:47:48 PM Calculated day 563
06/28/2022 03:48:17 PM Calculated day 564
06/28/2022 03:48:46 PM Calculated day 565
06/28/2022 03:49:16 PM Calculated day 566
06/28/2022 03:49:46 PM Calculated day 567
06/28/2022 03:50:16 PM Calculated day 568
06/28/2022 03:50:46 PM Calculated day 569
06/28/2022 03:51:17 PM Calculated day 570
06/28/2022 03:51:49 PM Calculated day 571
06/28/2022 03:52:22 PM Calculated day 572
06/28/2022 03:52:56 PM Calculated day 573
06/28/2022 03:53:29 PM Calculated day 574
06/28/2022 03:54:03 PM Calculated day 575
06/28/2022 03:54:37 PM Calculated day 576
06/28/2022 03:55:13 PM Calculated day 577
06/28/2022 03:55:49 PM Calculated day 578
06/28/2022 03:56:25 PM Calculated day 579
06/28/2022 03:57:02 PM Calculated day 580
06/28/2022 03:57:39 PM Calculated day 581
06/28/2022 03:58:16 PM Calculated day 582
06/28/2022 03:58:53 PM Calculated day 583
06/28/2022 03:59:31 PM Calculated day 584
06/28/2022 04:00:08 PM Calculated day 585
06/28/2022 04:00:45 PM Calculated day 586
06/28/2022 04:01:22 PM Calculated day 587
06/28/2022 04:02:00 PM Calculated day 588
06/28/2022 04:02:37 PM Calculated day 589
06/28/2022 04:03:15 PM Calculated day 590
06/28/2022 04:03:53 PM Calculated day 591
06/28/2022 04:04:30 PM Calculated day 592
06/28/2022 04:05:08 PM Calculated day 593
06/28/2022 04:05:45 PM Calculated day 594
06/28/2022 04:06:23 PM Calculated day 595
06/28/2022 04:07:01 PM Calculated day 596
06/28/2022 04:07:39 PM Calculated day 597
06/28/2022 04:08:17 PM Calculated day 598
06/28/2022 04:08:54 PM Calculated day 599
06/28/2022 04:12:23 PM Saved data in /data/pbarpanda/spherical_SWE/initial_value_exps//dt_150_Q_forcing_0_forcing_y_0_Hmean_500_forcing_phase_speed_0_ms/U_up_days_150_Kelvin//H0_1000/
06/28/2022 04:12:26 PM  ========== CODE RAN SUCCESSFULLY, congrats! ================
06/28/2022 04:12:26 PM  -----> Total Time taken = 9361.525  <----
