06/29/2022 02:37:38 AM **********************************
06/29/2022 02:37:38 AM /data/pbarpanda/spherical_SWE/initial_value_exps//dt_150_Q_forcing_0_forcing_y_0_Hmean_500_forcing_phase_speed_0_ms/U_up_days_150_Rossby/
06/29/2022 02:37:38 AM **********************************
06/29/2022 02:37:38 AM Calculated day 0
06/29/2022 02:37:43 AM Calculated day 1
06/29/2022 02:37:49 AM Calculated day 2
06/29/2022 02:37:56 AM Calculated day 3
06/29/2022 02:38:03 AM Calculated day 4
06/29/2022 02:38:09 AM Calculated day 5
06/29/2022 02:38:15 AM Calculated day 6
06/29/2022 02:38:22 AM Calculated day 7
06/29/2022 02:38:28 AM Calculated day 8
06/29/2022 02:38:35 AM Calculated day 9
06/29/2022 02:38:41 AM Calculated day 10
06/29/2022 02:38:48 AM Calculated day 11
06/29/2022 02:38:54 AM Calculated day 12
06/29/2022 02:39:01 AM Calculated day 13
06/29/2022 02:39:07 AM Calculated day 14
06/29/2022 02:39:14 AM Calculated day 15
06/29/2022 02:39:20 AM Calculated day 16
06/29/2022 02:39:27 AM Calculated day 17
06/29/2022 02:39:34 AM Calculated day 18
06/29/2022 02:39:41 AM Calculated day 19
06/29/2022 02:39:47 AM Calculated day 20
06/29/2022 02:39:54 AM Calculated day 21
06/29/2022 02:40:01 AM Calculated day 22
06/29/2022 02:40:08 AM Calculated day 23
06/29/2022 02:40:14 AM Calculated day 24
06/29/2022 02:40:21 AM Calculated day 25
06/29/2022 02:40:28 AM Calculated day 26
06/29/2022 02:40:35 AM Calculated day 27
06/29/2022 02:40:42 AM Calculated day 28
06/29/2022 02:40:48 AM Calculated day 29
06/29/2022 02:40:55 AM Calculated day 30
06/29/2022 02:41:02 AM Calculated day 31
06/29/2022 02:41:09 AM Calculated day 32
06/29/2022 02:41:16 AM Calculated day 33
06/29/2022 02:41:23 AM Calculated day 34
06/29/2022 02:41:30 AM Calculated day 35
06/29/2022 02:41:37 AM Calculated day 36
06/29/2022 02:41:44 AM Calculated day 37
06/29/2022 02:41:51 AM Calculated day 38
06/29/2022 02:41:58 AM Calculated day 39
06/29/2022 02:42:05 AM Calculated day 40
06/29/2022 02:42:12 AM Calculated day 41
06/29/2022 02:42:19 AM Calculated day 42
06/29/2022 02:42:26 AM Calculated day 43
06/29/2022 02:42:33 AM Calculated day 44
06/29/2022 02:42:41 AM Calculated day 45
06/29/2022 02:42:48 AM Calculated day 46
06/29/2022 02:42:55 AM Calculated day 47
06/29/2022 02:43:02 AM Calculated day 48
06/29/2022 02:43:09 AM Calculated day 49
06/29/2022 02:43:16 AM Calculated day 50
06/29/2022 02:43:24 AM Calculated day 51
06/29/2022 02:43:31 AM Calculated day 52
06/29/2022 02:43:38 AM Calculated day 53
06/29/2022 02:43:45 AM Calculated day 54
06/29/2022 02:43:53 AM Calculated day 55
06/29/2022 02:44:00 AM Calculated day 56
06/29/2022 02:44:07 AM Calculated day 57
06/29/2022 02:44:14 AM Calculated day 58
06/29/2022 02:44:22 AM Calculated day 59
06/29/2022 02:44:29 AM Calculated day 60
06/29/2022 02:44:36 AM Calculated day 61
06/29/2022 02:44:44 AM Calculated day 62
06/29/2022 02:44:51 AM Calculated day 63
06/29/2022 02:44:59 AM Calculated day 64
06/29/2022 02:45:06 AM Calculated day 65
06/29/2022 02:45:13 AM Calculated day 66
06/29/2022 02:45:21 AM Calculated day 67
06/29/2022 02:45:28 AM Calculated day 68
06/29/2022 02:45:36 AM Calculated day 69
06/29/2022 02:45:43 AM Calculated day 70
06/29/2022 02:45:51 AM Calculated day 71
06/29/2022 02:45:59 AM Calculated day 72
06/29/2022 02:46:06 AM Calculated day 73
06/29/2022 02:46:14 AM Calculated day 74
06/29/2022 02:46:21 AM Calculated day 75
06/29/2022 02:46:29 AM Calculated day 76
06/29/2022 02:46:37 AM Calculated day 77
06/29/2022 02:46:44 AM Calculated day 78
06/29/2022 02:46:52 AM Calculated day 79
06/29/2022 02:47:00 AM Calculated day 80
06/29/2022 02:47:07 AM Calculated day 81
06/29/2022 02:47:15 AM Calculated day 82
06/29/2022 02:47:22 AM Calculated day 83
06/29/2022 02:47:30 AM Calculated day 84
06/29/2022 02:47:38 AM Calculated day 85
06/29/2022 02:47:46 AM Calculated day 86
06/29/2022 02:47:53 AM Calculated day 87
06/29/2022 02:48:01 AM Calculated day 88
06/29/2022 02:48:09 AM Calculated day 89
06/29/2022 02:48:17 AM Calculated day 90
06/29/2022 02:48:24 AM Calculated day 91
06/29/2022 02:48:32 AM Calculated day 92
06/29/2022 02:48:40 AM Calculated day 93
06/29/2022 02:48:48 AM Calculated day 94
06/29/2022 02:48:56 AM Calculated day 95
06/29/2022 02:49:04 AM Calculated day 96
06/29/2022 02:49:19 AM Calculated day 97
06/29/2022 02:49:26 AM Calculated day 98
06/29/2022 02:49:34 AM Calculated day 99
06/29/2022 02:49:42 AM Calculated day 100
06/29/2022 02:49:50 AM Calculated day 101
06/29/2022 02:49:58 AM Calculated day 102
06/29/2022 02:50:06 AM Calculated day 103
06/29/2022 02:50:14 AM Calculated day 104
06/29/2022 02:50:22 AM Calculated day 105
06/29/2022 02:50:30 AM Calculated day 106
06/29/2022 02:50:38 AM Calculated day 107
06/29/2022 02:50:46 AM Calculated day 108
06/29/2022 02:50:55 AM Calculated day 109
06/29/2022 02:51:03 AM Calculated day 110
06/29/2022 02:51:11 AM Calculated day 111
06/29/2022 02:51:19 AM Calculated day 112
06/29/2022 02:51:27 AM Calculated day 113
06/29/2022 02:51:36 AM Calculated day 114
06/29/2022 02:51:44 AM Calculated day 115
06/29/2022 02:51:52 AM Calculated day 116
06/29/2022 02:52:01 AM Calculated day 117
06/29/2022 02:52:09 AM Calculated day 118
06/29/2022 02:52:18 AM Calculated day 119
06/29/2022 02:52:26 AM Calculated day 120
06/29/2022 02:52:34 AM Calculated day 121
06/29/2022 02:52:43 AM Calculated day 122
06/29/2022 02:52:51 AM Calculated day 123
06/29/2022 02:53:00 AM Calculated day 124
06/29/2022 02:53:08 AM Calculated day 125
06/29/2022 02:53:16 AM Calculated day 126
06/29/2022 02:53:25 AM Calculated day 127
06/29/2022 02:53:33 AM Calculated day 128
06/29/2022 02:53:42 AM Calculated day 129
06/29/2022 02:53:50 AM Calculated day 130
06/29/2022 02:53:59 AM Calculated day 131
06/29/2022 02:54:07 AM Calculated day 132
06/29/2022 02:54:16 AM Calculated day 133
06/29/2022 02:54:25 AM Calculated day 134
06/29/2022 02:54:34 AM Calculated day 135
06/29/2022 02:54:42 AM Calculated day 136
06/29/2022 02:54:51 AM Calculated day 137
06/29/2022 02:55:00 AM Calculated day 138
06/29/2022 02:55:09 AM Calculated day 139
06/29/2022 02:55:17 AM Calculated day 140
06/29/2022 02:55:26 AM Calculated day 141
06/29/2022 02:55:35 AM Calculated day 142
06/29/2022 02:55:43 AM Calculated day 143
06/29/2022 02:55:52 AM Calculated day 144
06/29/2022 02:56:01 AM Calculated day 145
06/29/2022 02:56:10 AM Calculated day 146
06/29/2022 02:56:18 AM Calculated day 147
06/29/2022 02:56:27 AM Calculated day 148
06/29/2022 02:56:36 AM Calculated day 149
06/29/2022 02:56:45 AM Calculated day 150
06/29/2022 02:56:54 AM Calculated day 151
06/29/2022 02:57:03 AM Calculated day 152
06/29/2022 02:57:12 AM Calculated day 153
06/29/2022 02:57:21 AM Calculated day 154
06/29/2022 02:57:29 AM Calculated day 155
06/29/2022 02:57:39 AM Calculated day 156
06/29/2022 02:57:48 AM Calculated day 157
06/29/2022 02:57:57 AM Calculated day 158
06/29/2022 02:58:06 AM Calculated day 159
06/29/2022 02:58:15 AM Calculated day 160
06/29/2022 02:58:24 AM Calculated day 161
06/29/2022 02:58:33 AM Calculated day 162
06/29/2022 02:58:42 AM Calculated day 163
06/29/2022 02:58:52 AM Calculated day 164
06/29/2022 02:59:01 AM Calculated day 165
06/29/2022 02:59:10 AM Calculated day 166
06/29/2022 02:59:20 AM Calculated day 167
06/29/2022 02:59:29 AM Calculated day 168
06/29/2022 02:59:38 AM Calculated day 169
06/29/2022 02:59:48 AM Calculated day 170
06/29/2022 02:59:57 AM Calculated day 171
06/29/2022 03:00:06 AM Calculated day 172
06/29/2022 03:00:16 AM Calculated day 173
06/29/2022 03:00:26 AM Calculated day 174
06/29/2022 03:00:35 AM Calculated day 175
06/29/2022 03:00:45 AM Calculated day 176
06/29/2022 03:00:54 AM Calculated day 177
06/29/2022 03:01:04 AM Calculated day 178
06/29/2022 03:01:13 AM Calculated day 179
06/29/2022 03:01:28 AM Calculated day 180
06/29/2022 03:01:38 AM Calculated day 181
06/29/2022 03:01:47 AM Calculated day 182
06/29/2022 03:01:57 AM Calculated day 183
06/29/2022 03:02:07 AM Calculated day 184
06/29/2022 03:02:17 AM Calculated day 185
06/29/2022 03:02:28 AM Calculated day 186
06/29/2022 03:02:37 AM Calculated day 187
06/29/2022 03:02:47 AM Calculated day 188
06/29/2022 03:02:57 AM Calculated day 189
06/29/2022 03:03:06 AM Calculated day 190
06/29/2022 03:03:16 AM Calculated day 191
06/29/2022 03:03:26 AM Calculated day 192
06/29/2022 03:03:42 AM Calculated day 193
06/29/2022 03:03:52 AM Calculated day 194
06/29/2022 03:04:08 AM Calculated day 195
06/29/2022 03:04:18 AM Calculated day 196
06/29/2022 03:04:27 AM Calculated day 197
06/29/2022 03:04:37 AM Calculated day 198
06/29/2022 03:04:47 AM Calculated day 199
06/29/2022 03:05:00 AM Calculated day 200
06/29/2022 03:05:10 AM Calculated day 201
06/29/2022 03:05:21 AM Calculated day 202
06/29/2022 03:05:31 AM Calculated day 203
06/29/2022 03:05:41 AM Calculated day 204
06/29/2022 03:05:51 AM Calculated day 205
06/29/2022 03:06:01 AM Calculated day 206
06/29/2022 03:06:11 AM Calculated day 207
06/29/2022 03:06:21 AM Calculated day 208
06/29/2022 03:06:31 AM Calculated day 209
06/29/2022 03:06:42 AM Calculated day 210
06/29/2022 03:06:52 AM Calculated day 211
06/29/2022 03:07:02 AM Calculated day 212
06/29/2022 03:07:16 AM Calculated day 213
06/29/2022 03:07:27 AM Calculated day 214
06/29/2022 03:07:37 AM Calculated day 215
06/29/2022 03:07:47 AM Calculated day 216
06/29/2022 03:07:58 AM Calculated day 217
06/29/2022 03:08:08 AM Calculated day 218
06/29/2022 03:08:19 AM Calculated day 219
06/29/2022 03:08:29 AM Calculated day 220
06/29/2022 03:08:39 AM Calculated day 221
06/29/2022 03:08:50 AM Calculated day 222
06/29/2022 03:09:00 AM Calculated day 223
06/29/2022 03:09:11 AM Calculated day 224
06/29/2022 03:09:21 AM Calculated day 225
06/29/2022 03:09:32 AM Calculated day 226
06/29/2022 03:09:43 AM Calculated day 227
06/29/2022 03:09:53 AM Calculated day 228
06/29/2022 03:10:04 AM Calculated day 229
06/29/2022 03:10:14 AM Calculated day 230
06/29/2022 03:10:25 AM Calculated day 231
06/29/2022 03:10:36 AM Calculated day 232
06/29/2022 03:10:46 AM Calculated day 233
06/29/2022 03:10:57 AM Calculated day 234
06/29/2022 03:11:08 AM Calculated day 235
06/29/2022 03:11:18 AM Calculated day 236
06/29/2022 03:11:29 AM Calculated day 237
06/29/2022 03:11:40 AM Calculated day 238
06/29/2022 03:11:50 AM Calculated day 239
06/29/2022 03:12:01 AM Calculated day 240
06/29/2022 03:12:12 AM Calculated day 241
06/29/2022 03:12:23 AM Calculated day 242
06/29/2022 03:12:34 AM Calculated day 243
06/29/2022 03:12:44 AM Calculated day 244
06/29/2022 03:12:56 AM Calculated day 245
06/29/2022 03:13:06 AM Calculated day 246
06/29/2022 03:13:17 AM Calculated day 247
06/29/2022 03:13:28 AM Calculated day 248
06/29/2022 03:13:39 AM Calculated day 249
06/29/2022 03:13:50 AM Calculated day 250
06/29/2022 03:14:01 AM Calculated day 251
06/29/2022 03:14:12 AM Calculated day 252
06/29/2022 03:14:23 AM Calculated day 253
06/29/2022 03:14:34 AM Calculated day 254
06/29/2022 03:14:45 AM Calculated day 255
06/29/2022 03:14:56 AM Calculated day 256
06/29/2022 03:15:07 AM Calculated day 257
06/29/2022 03:15:20 AM Calculated day 258
06/29/2022 03:15:34 AM Calculated day 259
06/29/2022 03:15:48 AM Calculated day 260
06/29/2022 03:16:01 AM Calculated day 261
06/29/2022 03:16:15 AM Calculated day 262
06/29/2022 03:16:29 AM Calculated day 263
06/29/2022 03:16:42 AM Calculated day 264
06/29/2022 03:16:56 AM Calculated day 265
06/29/2022 03:17:10 AM Calculated day 266
06/29/2022 03:17:24 AM Calculated day 267
06/29/2022 03:17:38 AM Calculated day 268
06/29/2022 03:17:52 AM Calculated day 269
06/29/2022 03:18:05 AM Calculated day 270
06/29/2022 03:18:19 AM Calculated day 271
06/29/2022 03:18:33 AM Calculated day 272
06/29/2022 03:18:47 AM Calculated day 273
06/29/2022 03:19:01 AM Calculated day 274
06/29/2022 03:19:15 AM Calculated day 275
06/29/2022 03:19:29 AM Calculated day 276
06/29/2022 03:19:43 AM Calculated day 277
06/29/2022 03:19:57 AM Calculated day 278
06/29/2022 03:20:11 AM Calculated day 279
06/29/2022 03:20:26 AM Calculated day 280
06/29/2022 03:20:40 AM Calculated day 281
06/29/2022 03:20:54 AM Calculated day 282
06/29/2022 03:21:08 AM Calculated day 283
06/29/2022 03:21:22 AM Calculated day 284
06/29/2022 03:21:37 AM Calculated day 285
06/29/2022 03:21:51 AM Calculated day 286
06/29/2022 03:22:05 AM Calculated day 287
06/29/2022 03:22:20 AM Calculated day 288
06/29/2022 03:22:34 AM Calculated day 289
06/29/2022 03:22:48 AM Calculated day 290
06/29/2022 03:23:03 AM Calculated day 291
06/29/2022 03:23:17 AM Calculated day 292
06/29/2022 03:23:32 AM Calculated day 293
06/29/2022 03:23:46 AM Calculated day 294
06/29/2022 03:24:01 AM Calculated day 295
06/29/2022 03:24:15 AM Calculated day 296
06/29/2022 03:24:30 AM Calculated day 297
06/29/2022 03:24:45 AM Calculated day 298
06/29/2022 03:24:59 AM Calculated day 299
06/29/2022 03:25:14 AM Calculated day 300
06/29/2022 03:25:28 AM Calculated day 301
06/29/2022 03:25:43 AM Calculated day 302
06/29/2022 03:25:58 AM Calculated day 303
06/29/2022 03:26:13 AM Calculated day 304
06/29/2022 03:26:27 AM Calculated day 305
06/29/2022 03:26:42 AM Calculated day 306
06/29/2022 03:26:57 AM Calculated day 307
06/29/2022 03:27:12 AM Calculated day 308
06/29/2022 03:27:27 AM Calculated day 309
06/29/2022 03:27:42 AM Calculated day 310
06/29/2022 03:27:57 AM Calculated day 311
06/29/2022 03:28:12 AM Calculated day 312
06/29/2022 03:28:28 AM Calculated day 313
06/29/2022 03:28:43 AM Calculated day 314
06/29/2022 03:28:58 AM Calculated day 315
06/29/2022 03:29:13 AM Calculated day 316
06/29/2022 03:29:28 AM Calculated day 317
06/29/2022 03:29:43 AM Calculated day 318
06/29/2022 03:29:59 AM Calculated day 319
06/29/2022 03:30:14 AM Calculated day 320
06/29/2022 03:30:29 AM Calculated day 321
06/29/2022 03:30:45 AM Calculated day 322
06/29/2022 03:31:00 AM Calculated day 323
06/29/2022 03:31:15 AM Calculated day 324
06/29/2022 03:31:31 AM Calculated day 325
06/29/2022 03:31:46 AM Calculated day 326
06/29/2022 03:32:02 AM Calculated day 327
06/29/2022 03:32:17 AM Calculated day 328
06/29/2022 03:32:33 AM Calculated day 329
06/29/2022 03:32:48 AM Calculated day 330
06/29/2022 03:33:04 AM Calculated day 331
06/29/2022 03:33:20 AM Calculated day 332
06/29/2022 03:33:35 AM Calculated day 333
06/29/2022 03:33:51 AM Calculated day 334
06/29/2022 03:34:07 AM Calculated day 335
06/29/2022 03:34:22 AM Calculated day 336
06/29/2022 03:34:38 AM Calculated day 337
06/29/2022 03:34:54 AM Calculated day 338
06/29/2022 03:35:10 AM Calculated day 339
06/29/2022 03:35:26 AM Calculated day 340
06/29/2022 03:35:42 AM Calculated day 341
06/29/2022 03:35:58 AM Calculated day 342
06/29/2022 03:36:14 AM Calculated day 343
06/29/2022 03:36:30 AM Calculated day 344
06/29/2022 03:36:46 AM Calculated day 345
06/29/2022 03:37:02 AM Calculated day 346
06/29/2022 03:37:18 AM Calculated day 347
06/29/2022 03:37:34 AM Calculated day 348
06/29/2022 03:37:50 AM Calculated day 349
06/29/2022 03:38:06 AM Calculated day 350
06/29/2022 03:38:22 AM Calculated day 351
06/29/2022 03:38:38 AM Calculated day 352
06/29/2022 03:38:54 AM Calculated day 353
06/29/2022 03:39:11 AM Calculated day 354
06/29/2022 03:39:27 AM Calculated day 355
06/29/2022 03:39:43 AM Calculated day 356
06/29/2022 03:39:59 AM Calculated day 357
06/29/2022 03:40:16 AM Calculated day 358
06/29/2022 03:40:32 AM Calculated day 359
06/29/2022 03:40:48 AM Calculated day 360
06/29/2022 03:41:05 AM Calculated day 361
06/29/2022 03:41:21 AM Calculated day 362
06/29/2022 03:41:38 AM Calculated day 363
06/29/2022 03:41:54 AM Calculated day 364
06/29/2022 03:42:11 AM Calculated day 365
06/29/2022 03:42:27 AM Calculated day 366
06/29/2022 03:42:44 AM Calculated day 367
06/29/2022 03:43:00 AM Calculated day 368
06/29/2022 03:43:17 AM Calculated day 369
06/29/2022 03:43:34 AM Calculated day 370
06/29/2022 03:43:50 AM Calculated day 371
06/29/2022 03:44:07 AM Calculated day 372
06/29/2022 03:44:24 AM Calculated day 373
06/29/2022 03:44:42 AM Calculated day 374
06/29/2022 03:44:59 AM Calculated day 375
06/29/2022 03:45:16 AM Calculated day 376
06/29/2022 03:45:33 AM Calculated day 377
06/29/2022 03:45:50 AM Calculated day 378
06/29/2022 03:46:07 AM Calculated day 379
06/29/2022 03:46:24 AM Calculated day 380
06/29/2022 03:46:41 AM Calculated day 381
06/29/2022 03:46:58 AM Calculated day 382
06/29/2022 03:47:15 AM Calculated day 383
06/29/2022 03:47:32 AM Calculated day 384
06/29/2022 03:47:49 AM Calculated day 385
06/29/2022 03:48:06 AM Calculated day 386
06/29/2022 03:48:23 AM Calculated day 387
06/29/2022 03:48:40 AM Calculated day 388
06/29/2022 03:48:57 AM Calculated day 389
06/29/2022 03:49:19 AM Calculated day 390
06/29/2022 03:49:37 AM Calculated day 391
06/29/2022 03:49:54 AM Calculated day 392
06/29/2022 03:50:11 AM Calculated day 393
06/29/2022 03:50:29 AM Calculated day 394
06/29/2022 03:50:46 AM Calculated day 395
06/29/2022 03:51:03 AM Calculated day 396
06/29/2022 03:51:21 AM Calculated day 397
06/29/2022 03:51:38 AM Calculated day 398
06/29/2022 03:51:56 AM Calculated day 399
06/29/2022 03:52:13 AM Calculated day 400
06/29/2022 03:52:31 AM Calculated day 401
06/29/2022 03:52:49 AM Calculated day 402
06/29/2022 03:53:06 AM Calculated day 403
06/29/2022 03:53:24 AM Calculated day 404
06/29/2022 03:53:42 AM Calculated day 405
06/29/2022 03:53:59 AM Calculated day 406
06/29/2022 03:54:17 AM Calculated day 407
06/29/2022 03:54:35 AM Calculated day 408
06/29/2022 03:54:53 AM Calculated day 409
06/29/2022 03:55:10 AM Calculated day 410
06/29/2022 03:55:28 AM Calculated day 411
06/29/2022 03:55:46 AM Calculated day 412
06/29/2022 03:56:04 AM Calculated day 413
06/29/2022 03:56:22 AM Calculated day 414
06/29/2022 03:56:40 AM Calculated day 415
06/29/2022 03:56:58 AM Calculated day 416
06/29/2022 03:57:16 AM Calculated day 417
06/29/2022 03:57:34 AM Calculated day 418
06/29/2022 03:57:52 AM Calculated day 419
06/29/2022 03:58:10 AM Calculated day 420
06/29/2022 03:58:28 AM Calculated day 421
06/29/2022 03:58:47 AM Calculated day 422
06/29/2022 03:59:05 AM Calculated day 423
06/29/2022 03:59:23 AM Calculated day 424
06/29/2022 03:59:41 AM Calculated day 425
06/29/2022 03:59:59 AM Calculated day 426
06/29/2022 04:00:18 AM Calculated day 427
06/29/2022 04:00:36 AM Calculated day 428
06/29/2022 04:00:54 AM Calculated day 429
06/29/2022 04:01:12 AM Calculated day 430
06/29/2022 04:01:35 AM Calculated day 431
06/29/2022 04:01:54 AM Calculated day 432
06/29/2022 04:02:12 AM Calculated day 433
06/29/2022 04:02:30 AM Calculated day 434
06/29/2022 04:02:49 AM Calculated day 435
06/29/2022 04:03:07 AM Calculated day 436
06/29/2022 04:03:26 AM Calculated day 437
06/29/2022 04:03:44 AM Calculated day 438
06/29/2022 04:04:03 AM Calculated day 439
06/29/2022 04:04:25 AM Calculated day 440
06/29/2022 04:04:44 AM Calculated day 441
06/29/2022 04:05:08 AM Calculated day 442
06/29/2022 04:05:27 AM Calculated day 443
06/29/2022 04:05:45 AM Calculated day 444
06/29/2022 04:06:04 AM Calculated day 445
06/29/2022 04:06:24 AM Calculated day 446
06/29/2022 04:06:43 AM Calculated day 447
06/29/2022 04:07:01 AM Calculated day 448
06/29/2022 04:07:21 AM Calculated day 449
06/29/2022 04:07:40 AM Calculated day 450
06/29/2022 04:07:59 AM Calculated day 451
06/29/2022 04:08:18 AM Calculated day 452
06/29/2022 04:08:37 AM Calculated day 453
06/29/2022 04:08:56 AM Calculated day 454
06/29/2022 04:09:15 AM Calculated day 455
06/29/2022 04:09:35 AM Calculated day 456
06/29/2022 04:09:54 AM Calculated day 457
06/29/2022 04:10:13 AM Calculated day 458
06/29/2022 04:10:32 AM Calculated day 459
06/29/2022 04:10:51 AM Calculated day 460
06/29/2022 04:11:10 AM Calculated day 461
06/29/2022 04:11:30 AM Calculated day 462
06/29/2022 04:11:49 AM Calculated day 463
06/29/2022 04:12:09 AM Calculated day 464
06/29/2022 04:12:28 AM Calculated day 465
06/29/2022 04:12:47 AM Calculated day 466
06/29/2022 04:13:07 AM Calculated day 467
06/29/2022 04:13:26 AM Calculated day 468
06/29/2022 04:13:45 AM Calculated day 469
06/29/2022 04:14:05 AM Calculated day 470
06/29/2022 04:14:24 AM Calculated day 471
06/29/2022 04:14:44 AM Calculated day 472
06/29/2022 04:15:03 AM Calculated day 473
06/29/2022 04:15:23 AM Calculated day 474
06/29/2022 04:15:43 AM Calculated day 475
06/29/2022 04:16:02 AM Calculated day 476
06/29/2022 04:16:22 AM Calculated day 477
06/29/2022 04:16:42 AM Calculated day 478
06/29/2022 04:17:02 AM Calculated day 479
06/29/2022 04:17:21 AM Calculated day 480
06/29/2022 04:17:41 AM Calculated day 481
06/29/2022 04:18:01 AM Calculated day 482
06/29/2022 04:18:21 AM Calculated day 483
06/29/2022 04:18:41 AM Calculated day 484
06/29/2022 04:19:01 AM Calculated day 485
06/29/2022 04:19:21 AM Calculated day 486
06/29/2022 04:19:41 AM Calculated day 487
06/29/2022 04:20:02 AM Calculated day 488
06/29/2022 04:20:23 AM Calculated day 489
06/29/2022 04:20:44 AM Calculated day 490
06/29/2022 04:21:06 AM Calculated day 491
06/29/2022 04:21:28 AM Calculated day 492
06/29/2022 04:21:50 AM Calculated day 493
06/29/2022 04:22:12 AM Calculated day 494
06/29/2022 04:22:34 AM Calculated day 495
06/29/2022 04:22:56 AM Calculated day 496
06/29/2022 04:23:18 AM Calculated day 497
06/29/2022 04:23:40 AM Calculated day 498
06/29/2022 04:24:02 AM Calculated day 499
06/29/2022 04:24:25 AM Calculated day 500
06/29/2022 04:24:47 AM Calculated day 501
06/29/2022 04:25:09 AM Calculated day 502
06/29/2022 04:25:32 AM Calculated day 503
06/29/2022 04:25:54 AM Calculated day 504
06/29/2022 04:26:17 AM Calculated day 505
06/29/2022 04:26:39 AM Calculated day 506
06/29/2022 04:27:02 AM Calculated day 507
06/29/2022 04:27:26 AM Calculated day 508
06/29/2022 04:27:49 AM Calculated day 509
06/29/2022 04:28:12 AM Calculated day 510
06/29/2022 04:28:36 AM Calculated day 511
06/29/2022 04:28:59 AM Calculated day 512
06/29/2022 04:29:22 AM Calculated day 513
06/29/2022 04:29:46 AM Calculated day 514
06/29/2022 04:30:12 AM Calculated day 515
06/29/2022 04:30:37 AM Calculated day 516
06/29/2022 04:31:01 AM Calculated day 517
06/29/2022 04:31:25 AM Calculated day 518
06/29/2022 04:31:49 AM Calculated day 519
06/29/2022 04:32:12 AM Calculated day 520
06/29/2022 04:32:36 AM Calculated day 521
06/29/2022 04:33:00 AM Calculated day 522
06/29/2022 04:33:24 AM Calculated day 523
06/29/2022 04:33:48 AM Calculated day 524
06/29/2022 04:34:11 AM Calculated day 525
06/29/2022 04:34:35 AM Calculated day 526
06/29/2022 04:34:59 AM Calculated day 527
06/29/2022 04:35:24 AM Calculated day 528
06/29/2022 04:35:48 AM Calculated day 529
06/29/2022 04:36:12 AM Calculated day 530
06/29/2022 04:36:36 AM Calculated day 531
06/29/2022 04:37:01 AM Calculated day 532
06/29/2022 04:37:25 AM Calculated day 533
06/29/2022 04:37:49 AM Calculated day 534
06/29/2022 04:38:14 AM Calculated day 535
06/29/2022 04:38:39 AM Calculated day 536
06/29/2022 04:39:03 AM Calculated day 537
06/29/2022 04:39:28 AM Calculated day 538
06/29/2022 04:39:53 AM Calculated day 539
06/29/2022 04:40:18 AM Calculated day 540
06/29/2022 04:40:43 AM Calculated day 541
06/29/2022 04:41:08 AM Calculated day 542
06/29/2022 04:41:34 AM Calculated day 543
06/29/2022 04:41:59 AM Calculated day 544
06/29/2022 04:42:24 AM Calculated day 545
06/29/2022 04:42:50 AM Calculated day 546
06/29/2022 04:43:15 AM Calculated day 547
06/29/2022 04:43:40 AM Calculated day 548
06/29/2022 04:44:06 AM Calculated day 549
06/29/2022 04:44:31 AM Calculated day 550
06/29/2022 04:44:57 AM Calculated day 551
06/29/2022 04:45:23 AM Calculated day 552
06/29/2022 04:45:48 AM Calculated day 553
06/29/2022 04:46:14 AM Calculated day 554
06/29/2022 04:46:40 AM Calculated day 555
06/29/2022 04:47:06 AM Calculated day 556
06/29/2022 04:47:32 AM Calculated day 557
06/29/2022 04:47:58 AM Calculated day 558
06/29/2022 04:48:24 AM Calculated day 559
06/29/2022 04:48:51 AM Calculated day 560
06/29/2022 04:49:17 AM Calculated day 561
06/29/2022 04:49:44 AM Calculated day 562
06/29/2022 04:50:11 AM Calculated day 563
06/29/2022 04:50:38 AM Calculated day 564
06/29/2022 04:51:06 AM Calculated day 565
06/29/2022 04:51:34 AM Calculated day 566
06/29/2022 04:52:03 AM Calculated day 567
06/29/2022 04:52:32 AM Calculated day 568
06/29/2022 04:53:01 AM Calculated day 569
06/29/2022 04:53:30 AM Calculated day 570
06/29/2022 04:54:01 AM Calculated day 571
06/29/2022 04:54:31 AM Calculated day 572
06/29/2022 04:55:01 AM Calculated day 573
06/29/2022 04:55:33 AM Calculated day 574
06/29/2022 04:56:04 AM Calculated day 575
06/29/2022 04:56:37 AM Calculated day 576
06/29/2022 04:57:10 AM Calculated day 577
06/29/2022 04:57:43 AM Calculated day 578
06/29/2022 04:58:17 AM Calculated day 579
06/29/2022 04:58:50 AM Calculated day 580
06/29/2022 04:59:25 AM Calculated day 581
06/29/2022 05:00:01 AM Calculated day 582
06/29/2022 05:00:36 AM Calculated day 583
06/29/2022 05:01:12 AM Calculated day 584
06/29/2022 05:01:48 AM Calculated day 585
06/29/2022 05:02:24 AM Calculated day 586
06/29/2022 05:03:00 AM Calculated day 587
06/29/2022 05:03:37 AM Calculated day 588
06/29/2022 05:04:13 AM Calculated day 589
06/29/2022 05:04:50 AM Calculated day 590
06/29/2022 05:05:26 AM Calculated day 591
06/29/2022 05:06:03 AM Calculated day 592
06/29/2022 05:06:40 AM Calculated day 593
06/29/2022 05:07:16 AM Calculated day 594
06/29/2022 05:07:53 AM Calculated day 595
06/29/2022 05:08:29 AM Calculated day 596
06/29/2022 05:09:06 AM Calculated day 597
06/29/2022 05:09:43 AM Calculated day 598
06/29/2022 05:10:20 AM Calculated day 599
06/29/2022 05:13:49 AM Saved data in /data/pbarpanda/spherical_SWE/initial_value_exps//dt_150_Q_forcing_0_forcing_y_0_Hmean_500_forcing_phase_speed_0_ms/U_up_days_150_Rossby//H0_2000/
06/29/2022 05:13:51 AM  ========== CODE RAN SUCCESSFULLY, congrats! ================
06/29/2022 05:13:51 AM  -----> Total Time taken = 9378.741  <----
