06/29/2022 02:45:03 PM **********************************
06/29/2022 02:45:03 PM /data/pbarpanda/spherical_SWE/initial_value_exps//dt_150_Q_forcing_0_forcing_y_0_Hmean_200_forcing_phase_speed_0_ms/U_up_days_150_mixmodes/
06/29/2022 02:45:03 PM **********************************
06/29/2022 02:45:03 PM Calculated day 0
06/29/2022 02:45:08 PM Calculated day 1
06/29/2022 02:45:14 PM Calculated day 2
06/29/2022 02:45:19 PM Calculated day 3
06/29/2022 02:45:25 PM Calculated day 4
06/29/2022 02:45:31 PM Calculated day 5
06/29/2022 02:45:36 PM Calculated day 6
06/29/2022 02:45:42 PM Calculated day 7
06/29/2022 02:45:47 PM Calculated day 8
06/29/2022 02:45:53 PM Calculated day 9
06/29/2022 02:45:58 PM Calculated day 10
06/29/2022 02:46:04 PM Calculated day 11
06/29/2022 02:46:10 PM Calculated day 12
06/29/2022 02:46:15 PM Calculated day 13
06/29/2022 02:46:21 PM Calculated day 14
06/29/2022 02:46:26 PM Calculated day 15
06/29/2022 02:46:32 PM Calculated day 16
06/29/2022 02:46:37 PM Calculated day 17
06/29/2022 02:46:43 PM Calculated day 18
06/29/2022 02:46:48 PM Calculated day 19
06/29/2022 02:46:54 PM Calculated day 20
06/29/2022 02:46:59 PM Calculated day 21
06/29/2022 02:47:05 PM Calculated day 22
06/29/2022 02:47:11 PM Calculated day 23
06/29/2022 02:47:16 PM Calculated day 24
06/29/2022 02:47:22 PM Calculated day 25
06/29/2022 02:47:27 PM Calculated day 26
06/29/2022 02:47:33 PM Calculated day 27
06/29/2022 02:47:38 PM Calculated day 28
06/29/2022 02:47:44 PM Calculated day 29
06/29/2022 02:47:49 PM Calculated day 30
06/29/2022 02:47:55 PM Calculated day 31
06/29/2022 02:48:00 PM Calculated day 32
06/29/2022 02:48:06 PM Calculated day 33
06/29/2022 02:48:12 PM Calculated day 34
06/29/2022 02:48:17 PM Calculated day 35
06/29/2022 02:48:23 PM Calculated day 36
06/29/2022 02:48:28 PM Calculated day 37
06/29/2022 02:48:34 PM Calculated day 38
06/29/2022 02:48:39 PM Calculated day 39
06/29/2022 02:48:45 PM Calculated day 40
06/29/2022 02:48:50 PM Calculated day 41
06/29/2022 02:48:56 PM Calculated day 42
06/29/2022 02:49:01 PM Calculated day 43
06/29/2022 02:49:07 PM Calculated day 44
06/29/2022 02:49:13 PM Calculated day 45
06/29/2022 02:49:18 PM Calculated day 46
06/29/2022 02:49:24 PM Calculated day 47
06/29/2022 02:49:29 PM Calculated day 48
06/29/2022 02:49:35 PM Calculated day 49
06/29/2022 02:49:40 PM Calculated day 50
06/29/2022 02:49:46 PM Calculated day 51
06/29/2022 02:49:51 PM Calculated day 52
06/29/2022 02:49:57 PM Calculated day 53
06/29/2022 02:50:02 PM Calculated day 54
06/29/2022 02:50:08 PM Calculated day 55
06/29/2022 02:50:14 PM Calculated day 56
06/29/2022 02:50:19 PM Calculated day 57
06/29/2022 02:50:25 PM Calculated day 58
06/29/2022 02:50:30 PM Calculated day 59
06/29/2022 02:50:36 PM Calculated day 60
06/29/2022 02:50:41 PM Calculated day 61
06/29/2022 02:50:47 PM Calculated day 62
06/29/2022 02:50:52 PM Calculated day 63
06/29/2022 02:50:58 PM Calculated day 64
06/29/2022 02:51:03 PM Calculated day 65
06/29/2022 02:51:09 PM Calculated day 66
06/29/2022 02:51:15 PM Calculated day 67
06/29/2022 02:51:20 PM Calculated day 68
06/29/2022 02:51:26 PM Calculated day 69
06/29/2022 02:51:31 PM Calculated day 70
06/29/2022 02:51:37 PM Calculated day 71
06/29/2022 02:51:42 PM Calculated day 72
06/29/2022 02:51:48 PM Calculated day 73
06/29/2022 02:51:53 PM Calculated day 74
06/29/2022 02:51:59 PM Calculated day 75
06/29/2022 02:52:04 PM Calculated day 76
06/29/2022 02:52:10 PM Calculated day 77
06/29/2022 02:52:15 PM Calculated day 78
06/29/2022 02:52:21 PM Calculated day 79
06/29/2022 02:52:27 PM Calculated day 80
06/29/2022 02:52:32 PM Calculated day 81
06/29/2022 02:52:38 PM Calculated day 82
06/29/2022 02:52:43 PM Calculated day 83
06/29/2022 02:52:49 PM Calculated day 84
06/29/2022 02:52:54 PM Calculated day 85
06/29/2022 02:53:00 PM Calculated day 86
06/29/2022 02:53:05 PM Calculated day 87
06/29/2022 02:53:11 PM Calculated day 88
06/29/2022 02:53:17 PM Calculated day 89
06/29/2022 02:53:23 PM Calculated day 90
06/29/2022 02:53:29 PM Calculated day 91
06/29/2022 02:53:35 PM Calculated day 92
06/29/2022 02:53:41 PM Calculated day 93
06/29/2022 02:53:47 PM Calculated day 94
06/29/2022 02:53:52 PM Calculated day 95
06/29/2022 02:53:58 PM Calculated day 96
06/29/2022 02:54:04 PM Calculated day 97
06/29/2022 02:54:09 PM Calculated day 98
06/29/2022 02:54:15 PM Calculated day 99
06/29/2022 02:54:21 PM Calculated day 100
06/29/2022 02:54:26 PM Calculated day 101
06/29/2022 02:54:32 PM Calculated day 102
06/29/2022 02:54:37 PM Calculated day 103
06/29/2022 02:54:43 PM Calculated day 104
06/29/2022 02:54:48 PM Calculated day 105
06/29/2022 02:54:54 PM Calculated day 106
06/29/2022 02:54:59 PM Calculated day 107
06/29/2022 02:55:05 PM Calculated day 108
06/29/2022 02:55:11 PM Calculated day 109
06/29/2022 02:55:16 PM Calculated day 110
06/29/2022 02:55:22 PM Calculated day 111
06/29/2022 02:55:28 PM Calculated day 112
06/29/2022 02:55:33 PM Calculated day 113
06/29/2022 02:55:39 PM Calculated day 114
06/29/2022 02:55:45 PM Calculated day 115
06/29/2022 02:55:50 PM Calculated day 116
06/29/2022 02:55:56 PM Calculated day 117
06/29/2022 02:56:01 PM Calculated day 118
06/29/2022 02:56:07 PM Calculated day 119
06/29/2022 02:56:12 PM Calculated day 120
06/29/2022 02:56:18 PM Calculated day 121
06/29/2022 02:56:23 PM Calculated day 122
06/29/2022 02:56:29 PM Calculated day 123
06/29/2022 02:56:34 PM Calculated day 124
06/29/2022 02:56:40 PM Calculated day 125
06/29/2022 02:56:46 PM Calculated day 126
06/29/2022 02:56:51 PM Calculated day 127
06/29/2022 02:56:57 PM Calculated day 128
06/29/2022 02:57:02 PM Calculated day 129
06/29/2022 02:57:08 PM Calculated day 130
06/29/2022 02:57:13 PM Calculated day 131
06/29/2022 02:57:19 PM Calculated day 132
06/29/2022 02:57:24 PM Calculated day 133
06/29/2022 02:57:30 PM Calculated day 134
06/29/2022 02:57:35 PM Calculated day 135
06/29/2022 02:57:41 PM Calculated day 136
06/29/2022 02:57:46 PM Calculated day 137
06/29/2022 02:57:52 PM Calculated day 138
06/29/2022 02:57:58 PM Calculated day 139
06/29/2022 02:58:03 PM Calculated day 140
06/29/2022 02:58:09 PM Calculated day 141
06/29/2022 02:58:14 PM Calculated day 142
06/29/2022 02:58:20 PM Calculated day 143
06/29/2022 02:58:25 PM Calculated day 144
06/29/2022 02:58:31 PM Calculated day 145
06/29/2022 02:58:36 PM Calculated day 146
06/29/2022 02:58:42 PM Calculated day 147
06/29/2022 02:58:47 PM Calculated day 148
06/29/2022 02:58:53 PM Calculated day 149
06/29/2022 02:58:59 PM Calculated day 150
06/29/2022 02:59:04 PM Calculated day 151
06/29/2022 02:59:10 PM Calculated day 152
06/29/2022 02:59:15 PM Calculated day 153
06/29/2022 02:59:21 PM Calculated day 154
06/29/2022 02:59:27 PM Calculated day 155
06/29/2022 02:59:32 PM Calculated day 156
06/29/2022 02:59:38 PM Calculated day 157
06/29/2022 02:59:43 PM Calculated day 158
06/29/2022 02:59:49 PM Calculated day 159
06/29/2022 02:59:54 PM Calculated day 160
06/29/2022 03:00:00 PM Calculated day 161
06/29/2022 03:00:05 PM Calculated day 162
06/29/2022 03:00:11 PM Calculated day 163
06/29/2022 03:00:16 PM Calculated day 164
06/29/2022 03:00:22 PM Calculated day 165
06/29/2022 03:00:27 PM Calculated day 166
06/29/2022 03:00:33 PM Calculated day 167
06/29/2022 03:00:39 PM Calculated day 168
06/29/2022 03:00:44 PM Calculated day 169
06/29/2022 03:00:50 PM Calculated day 170
06/29/2022 03:00:55 PM Calculated day 171
06/29/2022 03:01:01 PM Calculated day 172
06/29/2022 03:01:06 PM Calculated day 173
06/29/2022 03:01:12 PM Calculated day 174
06/29/2022 03:01:17 PM Calculated day 175
06/29/2022 03:01:23 PM Calculated day 176
06/29/2022 03:01:28 PM Calculated day 177
06/29/2022 03:01:34 PM Calculated day 178
06/29/2022 03:01:40 PM Calculated day 179
06/29/2022 03:01:45 PM Calculated day 180
06/29/2022 03:01:51 PM Calculated day 181
06/29/2022 03:01:56 PM Calculated day 182
06/29/2022 03:02:02 PM Calculated day 183
06/29/2022 03:02:07 PM Calculated day 184
06/29/2022 03:02:13 PM Calculated day 185
06/29/2022 03:02:18 PM Calculated day 186
06/29/2022 03:02:24 PM Calculated day 187
06/29/2022 03:02:29 PM Calculated day 188
06/29/2022 03:02:35 PM Calculated day 189
06/29/2022 03:02:40 PM Calculated day 190
06/29/2022 03:02:46 PM Calculated day 191
06/29/2022 03:02:52 PM Calculated day 192
06/29/2022 03:02:57 PM Calculated day 193
06/29/2022 03:03:03 PM Calculated day 194
06/29/2022 03:03:08 PM Calculated day 195
06/29/2022 03:03:14 PM Calculated day 196
06/29/2022 03:03:19 PM Calculated day 197
06/29/2022 03:03:25 PM Calculated day 198
06/29/2022 03:03:30 PM Calculated day 199
06/29/2022 03:03:36 PM Calculated day 200
06/29/2022 03:03:41 PM Calculated day 201
06/29/2022 03:03:47 PM Calculated day 202
06/29/2022 03:03:53 PM Calculated day 203
06/29/2022 03:03:58 PM Calculated day 204
06/29/2022 03:04:04 PM Calculated day 205
06/29/2022 03:04:09 PM Calculated day 206
06/29/2022 03:04:15 PM Calculated day 207
06/29/2022 03:04:20 PM Calculated day 208
06/29/2022 03:04:26 PM Calculated day 209
06/29/2022 03:04:31 PM Calculated day 210
06/29/2022 03:04:37 PM Calculated day 211
06/29/2022 03:04:43 PM Calculated day 212
06/29/2022 03:04:48 PM Calculated day 213
06/29/2022 03:04:54 PM Calculated day 214
06/29/2022 03:04:59 PM Calculated day 215
06/29/2022 03:05:05 PM Calculated day 216
06/29/2022 03:05:10 PM Calculated day 217
06/29/2022 03:05:16 PM Calculated day 218
06/29/2022 03:05:21 PM Calculated day 219
06/29/2022 03:05:27 PM Calculated day 220
06/29/2022 03:05:32 PM Calculated day 221
06/29/2022 03:05:38 PM Calculated day 222
06/29/2022 03:05:44 PM Calculated day 223
06/29/2022 03:05:49 PM Calculated day 224
06/29/2022 03:05:55 PM Calculated day 225
06/29/2022 03:06:00 PM Calculated day 226
06/29/2022 03:06:06 PM Calculated day 227
06/29/2022 03:06:11 PM Calculated day 228
06/29/2022 03:06:17 PM Calculated day 229
06/29/2022 03:06:22 PM Calculated day 230
06/29/2022 03:06:28 PM Calculated day 231
06/29/2022 03:06:33 PM Calculated day 232
06/29/2022 03:06:39 PM Calculated day 233
06/29/2022 03:06:44 PM Calculated day 234
06/29/2022 03:06:50 PM Calculated day 235
06/29/2022 03:06:56 PM Calculated day 236
06/29/2022 03:07:01 PM Calculated day 237
06/29/2022 03:07:07 PM Calculated day 238
06/29/2022 03:07:12 PM Calculated day 239
06/29/2022 03:07:18 PM Calculated day 240
06/29/2022 03:07:23 PM Calculated day 241
06/29/2022 03:07:29 PM Calculated day 242
06/29/2022 03:07:34 PM Calculated day 243
06/29/2022 03:07:40 PM Calculated day 244
06/29/2022 03:07:45 PM Calculated day 245
06/29/2022 03:07:51 PM Calculated day 246
06/29/2022 03:07:56 PM Calculated day 247
06/29/2022 03:08:02 PM Calculated day 248
06/29/2022 03:08:08 PM Calculated day 249
06/29/2022 03:08:13 PM Calculated day 250
06/29/2022 03:08:19 PM Calculated day 251
06/29/2022 03:08:24 PM Calculated day 252
06/29/2022 03:08:30 PM Calculated day 253
06/29/2022 03:08:35 PM Calculated day 254
06/29/2022 03:08:41 PM Calculated day 255
06/29/2022 03:08:46 PM Calculated day 256
06/29/2022 03:08:52 PM Calculated day 257
06/29/2022 03:08:57 PM Calculated day 258
06/29/2022 03:09:03 PM Calculated day 259
06/29/2022 03:09:09 PM Calculated day 260
06/29/2022 03:09:14 PM Calculated day 261
06/29/2022 03:09:20 PM Calculated day 262
06/29/2022 03:09:25 PM Calculated day 263
06/29/2022 03:09:31 PM Calculated day 264
06/29/2022 03:09:36 PM Calculated day 265
06/29/2022 03:09:42 PM Calculated day 266
06/29/2022 03:09:47 PM Calculated day 267
06/29/2022 03:09:53 PM Calculated day 268
06/29/2022 03:09:58 PM Calculated day 269
06/29/2022 03:10:04 PM Calculated day 270
06/29/2022 03:10:10 PM Calculated day 271
06/29/2022 03:10:15 PM Calculated day 272
06/29/2022 03:10:21 PM Calculated day 273
06/29/2022 03:10:26 PM Calculated day 274
06/29/2022 03:10:32 PM Calculated day 275
06/29/2022 03:10:37 PM Calculated day 276
06/29/2022 03:10:43 PM Calculated day 277
06/29/2022 03:10:48 PM Calculated day 278
06/29/2022 03:10:54 PM Calculated day 279
06/29/2022 03:10:59 PM Calculated day 280
06/29/2022 03:11:05 PM Calculated day 281
06/29/2022 03:11:11 PM Calculated day 282
06/29/2022 03:11:16 PM Calculated day 283
06/29/2022 03:11:22 PM Calculated day 284
06/29/2022 03:11:27 PM Calculated day 285
06/29/2022 03:11:33 PM Calculated day 286
06/29/2022 03:11:38 PM Calculated day 287
06/29/2022 03:11:44 PM Calculated day 288
06/29/2022 03:11:49 PM Calculated day 289
06/29/2022 03:11:55 PM Calculated day 290
06/29/2022 03:12:00 PM Calculated day 291
06/29/2022 03:12:06 PM Calculated day 292
06/29/2022 03:12:12 PM Calculated day 293
06/29/2022 03:12:17 PM Calculated day 294
06/29/2022 03:12:23 PM Calculated day 295
06/29/2022 03:12:28 PM Calculated day 296
06/29/2022 03:12:34 PM Calculated day 297
06/29/2022 03:12:39 PM Calculated day 298
06/29/2022 03:12:45 PM Calculated day 299
06/29/2022 03:12:50 PM Calculated day 300
06/29/2022 03:12:56 PM Calculated day 301
06/29/2022 03:13:01 PM Calculated day 302
06/29/2022 03:13:07 PM Calculated day 303
06/29/2022 03:13:13 PM Calculated day 304
06/29/2022 03:13:18 PM Calculated day 305
06/29/2022 03:13:24 PM Calculated day 306
06/29/2022 03:13:29 PM Calculated day 307
06/29/2022 03:13:35 PM Calculated day 308
06/29/2022 03:13:40 PM Calculated day 309
06/29/2022 03:13:46 PM Calculated day 310
06/29/2022 03:13:51 PM Calculated day 311
06/29/2022 03:13:57 PM Calculated day 312
06/29/2022 03:14:02 PM Calculated day 313
06/29/2022 03:14:08 PM Calculated day 314
06/29/2022 03:14:13 PM Calculated day 315
06/29/2022 03:14:19 PM Calculated day 316
06/29/2022 03:14:25 PM Calculated day 317
06/29/2022 03:14:30 PM Calculated day 318
06/29/2022 03:14:36 PM Calculated day 319
06/29/2022 03:14:41 PM Calculated day 320
06/29/2022 03:14:47 PM Calculated day 321
06/29/2022 03:14:52 PM Calculated day 322
06/29/2022 03:14:58 PM Calculated day 323
06/29/2022 03:15:03 PM Calculated day 324
06/29/2022 03:15:09 PM Calculated day 325
06/29/2022 03:15:15 PM Calculated day 326
06/29/2022 03:15:20 PM Calculated day 327
06/29/2022 03:15:26 PM Calculated day 328
06/29/2022 03:15:31 PM Calculated day 329
06/29/2022 03:15:37 PM Calculated day 330
06/29/2022 03:15:42 PM Calculated day 331
06/29/2022 03:15:48 PM Calculated day 332
06/29/2022 03:15:53 PM Calculated day 333
06/29/2022 03:15:59 PM Calculated day 334
06/29/2022 03:16:04 PM Calculated day 335
06/29/2022 03:16:10 PM Calculated day 336
06/29/2022 03:16:16 PM Calculated day 337
06/29/2022 03:16:21 PM Calculated day 338
06/29/2022 03:16:27 PM Calculated day 339
06/29/2022 03:16:32 PM Calculated day 340
06/29/2022 03:16:38 PM Calculated day 341
06/29/2022 03:16:43 PM Calculated day 342
06/29/2022 03:16:49 PM Calculated day 343
06/29/2022 03:16:54 PM Calculated day 344
06/29/2022 03:17:00 PM Calculated day 345
06/29/2022 03:17:05 PM Calculated day 346
06/29/2022 03:17:11 PM Calculated day 347
06/29/2022 03:17:17 PM Calculated day 348
06/29/2022 03:17:22 PM Calculated day 349
06/29/2022 03:17:28 PM Calculated day 350
06/29/2022 03:17:33 PM Calculated day 351
06/29/2022 03:17:39 PM Calculated day 352
06/29/2022 03:17:44 PM Calculated day 353
06/29/2022 03:17:50 PM Calculated day 354
06/29/2022 03:17:55 PM Calculated day 355
06/29/2022 03:18:01 PM Calculated day 356
06/29/2022 03:18:07 PM Calculated day 357
06/29/2022 03:18:12 PM Calculated day 358
06/29/2022 03:18:18 PM Calculated day 359
06/29/2022 03:18:23 PM Calculated day 360
06/29/2022 03:18:29 PM Calculated day 361
06/29/2022 03:18:34 PM Calculated day 362
06/29/2022 03:18:40 PM Calculated day 363
06/29/2022 03:18:45 PM Calculated day 364
06/29/2022 03:18:51 PM Calculated day 365
06/29/2022 03:18:56 PM Calculated day 366
06/29/2022 03:19:02 PM Calculated day 367
06/29/2022 03:19:07 PM Calculated day 368
06/29/2022 03:19:13 PM Calculated day 369
06/29/2022 03:19:19 PM Calculated day 370
06/29/2022 03:19:24 PM Calculated day 371
06/29/2022 03:19:30 PM Calculated day 372
06/29/2022 03:19:35 PM Calculated day 373
06/29/2022 03:19:41 PM Calculated day 374
06/29/2022 03:19:46 PM Calculated day 375
06/29/2022 03:19:52 PM Calculated day 376
06/29/2022 03:19:57 PM Calculated day 377
06/29/2022 03:20:03 PM Calculated day 378
06/29/2022 03:20:08 PM Calculated day 379
06/29/2022 03:20:14 PM Calculated day 380
06/29/2022 03:20:20 PM Calculated day 381
06/29/2022 03:20:25 PM Calculated day 382
06/29/2022 03:20:31 PM Calculated day 383
06/29/2022 03:20:36 PM Calculated day 384
06/29/2022 03:20:42 PM Calculated day 385
06/29/2022 03:20:47 PM Calculated day 386
06/29/2022 03:20:53 PM Calculated day 387
06/29/2022 03:20:58 PM Calculated day 388
06/29/2022 03:21:04 PM Calculated day 389
06/29/2022 03:21:09 PM Calculated day 390
06/29/2022 03:21:15 PM Calculated day 391
06/29/2022 03:21:20 PM Calculated day 392
06/29/2022 03:21:26 PM Calculated day 393
06/29/2022 03:21:32 PM Calculated day 394
06/29/2022 03:21:37 PM Calculated day 395
06/29/2022 03:21:43 PM Calculated day 396
06/29/2022 03:21:48 PM Calculated day 397
06/29/2022 03:21:54 PM Calculated day 398
06/29/2022 03:21:59 PM Calculated day 399
06/29/2022 03:22:05 PM Calculated day 400
06/29/2022 03:22:10 PM Calculated day 401
06/29/2022 03:22:16 PM Calculated day 402
06/29/2022 03:22:21 PM Calculated day 403
06/29/2022 03:22:27 PM Calculated day 404
06/29/2022 03:22:33 PM Calculated day 405
06/29/2022 03:22:38 PM Calculated day 406
06/29/2022 03:22:44 PM Calculated day 407
06/29/2022 03:22:49 PM Calculated day 408
06/29/2022 03:22:55 PM Calculated day 409
06/29/2022 03:23:00 PM Calculated day 410
06/29/2022 03:23:06 PM Calculated day 411
06/29/2022 03:23:11 PM Calculated day 412
06/29/2022 03:23:17 PM Calculated day 413
06/29/2022 03:23:22 PM Calculated day 414
06/29/2022 03:23:28 PM Calculated day 415
06/29/2022 03:23:34 PM Calculated day 416
06/29/2022 03:23:39 PM Calculated day 417
06/29/2022 03:23:45 PM Calculated day 418
06/29/2022 03:23:50 PM Calculated day 419
06/29/2022 03:23:56 PM Calculated day 420
06/29/2022 03:24:01 PM Calculated day 421
06/29/2022 03:24:07 PM Calculated day 422
06/29/2022 03:24:12 PM Calculated day 423
06/29/2022 03:24:18 PM Calculated day 424
06/29/2022 03:24:24 PM Calculated day 425
06/29/2022 03:24:29 PM Calculated day 426
06/29/2022 03:24:35 PM Calculated day 427
06/29/2022 03:24:40 PM Calculated day 428
06/29/2022 03:24:46 PM Calculated day 429
06/29/2022 03:24:51 PM Calculated day 430
06/29/2022 03:24:57 PM Calculated day 431
06/29/2022 03:25:02 PM Calculated day 432
06/29/2022 03:25:08 PM Calculated day 433
06/29/2022 03:25:14 PM Calculated day 434
06/29/2022 03:25:19 PM Calculated day 435
06/29/2022 03:25:25 PM Calculated day 436
06/29/2022 03:25:30 PM Calculated day 437
06/29/2022 03:25:36 PM Calculated day 438
06/29/2022 03:25:41 PM Calculated day 439
06/29/2022 03:25:47 PM Calculated day 440
06/29/2022 03:25:53 PM Calculated day 441
06/29/2022 03:25:58 PM Calculated day 442
06/29/2022 03:26:04 PM Calculated day 443
06/29/2022 03:26:09 PM Calculated day 444
06/29/2022 03:26:15 PM Calculated day 445
06/29/2022 03:26:20 PM Calculated day 446
06/29/2022 03:26:26 PM Calculated day 447
06/29/2022 03:26:31 PM Calculated day 448
06/29/2022 03:26:37 PM Calculated day 449
06/29/2022 03:26:42 PM Calculated day 450
06/29/2022 03:26:48 PM Calculated day 451
06/29/2022 03:26:54 PM Calculated day 452
06/29/2022 03:26:59 PM Calculated day 453
06/29/2022 03:27:05 PM Calculated day 454
06/29/2022 03:27:10 PM Calculated day 455
06/29/2022 03:27:16 PM Calculated day 456
06/29/2022 03:27:21 PM Calculated day 457
06/29/2022 03:27:27 PM Calculated day 458
06/29/2022 03:27:32 PM Calculated day 459
06/29/2022 03:27:38 PM Calculated day 460
06/29/2022 03:27:44 PM Calculated day 461
06/29/2022 03:27:50 PM Calculated day 462
06/29/2022 03:27:56 PM Calculated day 463
06/29/2022 03:28:02 PM Calculated day 464
06/29/2022 03:28:08 PM Calculated day 465
06/29/2022 03:28:14 PM Calculated day 466
06/29/2022 03:28:19 PM Calculated day 467
06/29/2022 03:28:25 PM Calculated day 468
06/29/2022 03:28:30 PM Calculated day 469
06/29/2022 03:28:36 PM Calculated day 470
06/29/2022 03:28:42 PM Calculated day 471
06/29/2022 03:28:47 PM Calculated day 472
06/29/2022 03:28:53 PM Calculated day 473
06/29/2022 03:28:58 PM Calculated day 474
06/29/2022 03:29:04 PM Calculated day 475
06/29/2022 03:29:09 PM Calculated day 476
06/29/2022 03:29:15 PM Calculated day 477
06/29/2022 03:29:20 PM Calculated day 478
06/29/2022 03:29:26 PM Calculated day 479
06/29/2022 03:29:32 PM Calculated day 480
06/29/2022 03:29:37 PM Calculated day 481
06/29/2022 03:29:43 PM Calculated day 482
06/29/2022 03:29:48 PM Calculated day 483
06/29/2022 03:29:54 PM Calculated day 484
06/29/2022 03:29:59 PM Calculated day 485
06/29/2022 03:30:05 PM Calculated day 486
06/29/2022 03:30:10 PM Calculated day 487
06/29/2022 03:30:16 PM Calculated day 488
06/29/2022 03:30:21 PM Calculated day 489
06/29/2022 03:30:27 PM Calculated day 490
06/29/2022 03:30:33 PM Calculated day 491
06/29/2022 03:30:38 PM Calculated day 492
06/29/2022 03:30:44 PM Calculated day 493
06/29/2022 03:30:49 PM Calculated day 494
06/29/2022 03:30:55 PM Calculated day 495
06/29/2022 03:31:00 PM Calculated day 496
06/29/2022 03:31:06 PM Calculated day 497
06/29/2022 03:31:11 PM Calculated day 498
06/29/2022 03:31:17 PM Calculated day 499
06/29/2022 03:31:22 PM Calculated day 500
06/29/2022 03:31:28 PM Calculated day 501
06/29/2022 03:31:33 PM Calculated day 502
06/29/2022 03:31:39 PM Calculated day 503
06/29/2022 03:31:45 PM Calculated day 504
06/29/2022 03:31:50 PM Calculated day 505
06/29/2022 03:31:56 PM Calculated day 506
06/29/2022 03:32:01 PM Calculated day 507
06/29/2022 03:32:07 PM Calculated day 508
06/29/2022 03:32:12 PM Calculated day 509
06/29/2022 03:32:18 PM Calculated day 510
06/29/2022 03:32:23 PM Calculated day 511
06/29/2022 03:32:29 PM Calculated day 512
06/29/2022 03:32:34 PM Calculated day 513
06/29/2022 03:32:40 PM Calculated day 514
06/29/2022 03:32:45 PM Calculated day 515
06/29/2022 03:32:51 PM Calculated day 516
06/29/2022 03:32:57 PM Calculated day 517
06/29/2022 03:33:02 PM Calculated day 518
06/29/2022 03:33:08 PM Calculated day 519
06/29/2022 03:33:13 PM Calculated day 520
06/29/2022 03:33:19 PM Calculated day 521
06/29/2022 03:33:24 PM Calculated day 522
06/29/2022 03:33:30 PM Calculated day 523
06/29/2022 03:33:35 PM Calculated day 524
06/29/2022 03:33:41 PM Calculated day 525
06/29/2022 03:33:46 PM Calculated day 526
06/29/2022 03:33:52 PM Calculated day 527
06/29/2022 03:33:57 PM Calculated day 528
06/29/2022 03:34:03 PM Calculated day 529
06/29/2022 03:34:09 PM Calculated day 530
06/29/2022 03:34:14 PM Calculated day 531
06/29/2022 03:34:20 PM Calculated day 532
06/29/2022 03:34:25 PM Calculated day 533
06/29/2022 03:34:31 PM Calculated day 534
06/29/2022 03:34:36 PM Calculated day 535
06/29/2022 03:34:42 PM Calculated day 536
06/29/2022 03:34:48 PM Calculated day 537
06/29/2022 03:34:53 PM Calculated day 538
06/29/2022 03:34:59 PM Calculated day 539
06/29/2022 03:35:04 PM Calculated day 540
06/29/2022 03:35:10 PM Calculated day 541
06/29/2022 03:35:15 PM Calculated day 542
06/29/2022 03:35:21 PM Calculated day 543
06/29/2022 03:35:26 PM Calculated day 544
06/29/2022 03:35:32 PM Calculated day 545
06/29/2022 03:35:37 PM Calculated day 546
06/29/2022 03:35:43 PM Calculated day 547
06/29/2022 03:35:49 PM Calculated day 548
06/29/2022 03:35:54 PM Calculated day 549
06/29/2022 03:36:00 PM Calculated day 550
06/29/2022 03:36:05 PM Calculated day 551
06/29/2022 03:36:11 PM Calculated day 552
06/29/2022 03:36:16 PM Calculated day 553
06/29/2022 03:36:22 PM Calculated day 554
06/29/2022 03:36:27 PM Calculated day 555
06/29/2022 03:36:33 PM Calculated day 556
06/29/2022 03:36:38 PM Calculated day 557
06/29/2022 03:36:44 PM Calculated day 558
06/29/2022 03:36:50 PM Calculated day 559
06/29/2022 03:36:55 PM Calculated day 560
06/29/2022 03:37:01 PM Calculated day 561
06/29/2022 03:37:06 PM Calculated day 562
06/29/2022 03:37:12 PM Calculated day 563
06/29/2022 03:37:17 PM Calculated day 564
06/29/2022 03:37:23 PM Calculated day 565
06/29/2022 03:37:28 PM Calculated day 566
06/29/2022 03:37:34 PM Calculated day 567
06/29/2022 03:37:39 PM Calculated day 568
06/29/2022 03:37:45 PM Calculated day 569
06/29/2022 03:37:51 PM Calculated day 570
06/29/2022 03:37:56 PM Calculated day 571
06/29/2022 03:38:02 PM Calculated day 572
06/29/2022 03:38:07 PM Calculated day 573
06/29/2022 03:38:13 PM Calculated day 574
06/29/2022 03:38:18 PM Calculated day 575
06/29/2022 03:38:24 PM Calculated day 576
06/29/2022 03:38:29 PM Calculated day 577
06/29/2022 03:38:35 PM Calculated day 578
06/29/2022 03:38:40 PM Calculated day 579
06/29/2022 03:38:46 PM Calculated day 580
06/29/2022 03:38:52 PM Calculated day 581
06/29/2022 03:38:57 PM Calculated day 582
06/29/2022 03:39:03 PM Calculated day 583
06/29/2022 03:39:08 PM Calculated day 584
06/29/2022 03:39:14 PM Calculated day 585
06/29/2022 03:39:19 PM Calculated day 586
06/29/2022 03:39:25 PM Calculated day 587
06/29/2022 03:39:30 PM Calculated day 588
06/29/2022 03:39:36 PM Calculated day 589
06/29/2022 03:39:41 PM Calculated day 590
06/29/2022 03:39:47 PM Calculated day 591
06/29/2022 03:39:52 PM Calculated day 592
06/29/2022 03:39:58 PM Calculated day 593
06/29/2022 03:40:04 PM Calculated day 594
06/29/2022 03:40:09 PM Calculated day 595
06/29/2022 03:40:15 PM Calculated day 596
06/29/2022 03:40:20 PM Calculated day 597
06/29/2022 03:40:26 PM Calculated day 598
06/29/2022 03:40:31 PM Calculated day 599
06/29/2022 03:43:26 PM Saved data in /data/pbarpanda/spherical_SWE/initial_value_exps//dt_150_Q_forcing_0_forcing_y_0_Hmean_200_forcing_phase_speed_0_ms/U_up_days_150_mixmodes//H0_1000/
06/29/2022 03:43:28 PM  ========== CODE RAN SUCCESSFULLY, congrats! ================
06/29/2022 03:43:28 PM  -----> Total Time taken = 3510.249  <----
