06/28/2022 03:06:51 AM **********************************
06/28/2022 03:06:51 AM /data/pbarpanda/spherical_SWE/initial_value_exps//dt_150_Q_forcing_0_forcing_y_0_Hmean_500_forcing_phase_speed_0_ms/U_up_days_150_Kelvin/
06/28/2022 03:06:51 AM **********************************
06/28/2022 03:06:51 AM Calculated day 0
06/28/2022 03:06:57 AM Calculated day 1
06/28/2022 03:07:03 AM Calculated day 2
06/28/2022 03:07:09 AM Calculated day 3
06/28/2022 03:07:16 AM Calculated day 4
06/28/2022 03:07:23 AM Calculated day 5
06/28/2022 03:07:29 AM Calculated day 6
06/28/2022 03:07:36 AM Calculated day 7
06/28/2022 03:07:43 AM Calculated day 8
06/28/2022 03:07:49 AM Calculated day 9
06/28/2022 03:07:56 AM Calculated day 10
06/28/2022 03:08:03 AM Calculated day 11
06/28/2022 03:08:09 AM Calculated day 12
06/28/2022 03:08:16 AM Calculated day 13
06/28/2022 03:08:23 AM Calculated day 14
06/28/2022 03:08:30 AM Calculated day 15
06/28/2022 03:08:37 AM Calculated day 16
06/28/2022 03:08:44 AM Calculated day 17
06/28/2022 03:08:52 AM Calculated day 18
06/28/2022 03:08:59 AM Calculated day 19
06/28/2022 03:09:06 AM Calculated day 20
06/28/2022 03:09:13 AM Calculated day 21
06/28/2022 03:09:19 AM Calculated day 22
06/28/2022 03:09:26 AM Calculated day 23
06/28/2022 03:09:33 AM Calculated day 24
06/28/2022 03:09:40 AM Calculated day 25
06/28/2022 03:09:47 AM Calculated day 26
06/28/2022 03:09:54 AM Calculated day 27
06/28/2022 03:10:01 AM Calculated day 28
06/28/2022 03:10:09 AM Calculated day 29
06/28/2022 03:10:16 AM Calculated day 30
06/28/2022 03:10:23 AM Calculated day 31
06/28/2022 03:10:30 AM Calculated day 32
06/28/2022 03:10:37 AM Calculated day 33
06/28/2022 03:10:44 AM Calculated day 34
06/28/2022 03:10:51 AM Calculated day 35
06/28/2022 03:10:59 AM Calculated day 36
06/28/2022 03:11:06 AM Calculated day 37
06/28/2022 03:11:13 AM Calculated day 38
06/28/2022 03:11:20 AM Calculated day 39
06/28/2022 03:11:27 AM Calculated day 40
06/28/2022 03:11:35 AM Calculated day 41
06/28/2022 03:11:42 AM Calculated day 42
06/28/2022 03:11:49 AM Calculated day 43
06/28/2022 03:11:57 AM Calculated day 44
06/28/2022 03:12:04 AM Calculated day 45
06/28/2022 03:12:12 AM Calculated day 46
06/28/2022 03:12:19 AM Calculated day 47
06/28/2022 03:12:26 AM Calculated day 48
06/28/2022 03:12:34 AM Calculated day 49
06/28/2022 03:12:42 AM Calculated day 50
06/28/2022 03:12:49 AM Calculated day 51
06/28/2022 03:12:57 AM Calculated day 52
06/28/2022 03:13:04 AM Calculated day 53
06/28/2022 03:13:12 AM Calculated day 54
06/28/2022 03:13:19 AM Calculated day 55
06/28/2022 03:13:27 AM Calculated day 56
06/28/2022 03:13:34 AM Calculated day 57
06/28/2022 03:13:42 AM Calculated day 58
06/28/2022 03:13:49 AM Calculated day 59
06/28/2022 03:13:57 AM Calculated day 60
06/28/2022 03:14:09 AM Calculated day 61
06/28/2022 03:14:17 AM Calculated day 62
06/28/2022 03:14:24 AM Calculated day 63
06/28/2022 03:14:32 AM Calculated day 64
06/28/2022 03:14:40 AM Calculated day 65
06/28/2022 03:14:47 AM Calculated day 66
06/28/2022 03:14:55 AM Calculated day 67
06/28/2022 03:15:03 AM Calculated day 68
06/28/2022 03:15:10 AM Calculated day 69
06/28/2022 03:15:18 AM Calculated day 70
06/28/2022 03:15:26 AM Calculated day 71
06/28/2022 03:15:34 AM Calculated day 72
06/28/2022 03:15:41 AM Calculated day 73
06/28/2022 03:15:49 AM Calculated day 74
06/28/2022 03:15:57 AM Calculated day 75
06/28/2022 03:16:05 AM Calculated day 76
06/28/2022 03:16:13 AM Calculated day 77
06/28/2022 03:16:21 AM Calculated day 78
06/28/2022 03:16:28 AM Calculated day 79
06/28/2022 03:16:36 AM Calculated day 80
06/28/2022 03:16:44 AM Calculated day 81
06/28/2022 03:16:52 AM Calculated day 82
06/28/2022 03:17:00 AM Calculated day 83
06/28/2022 03:17:08 AM Calculated day 84
06/28/2022 03:17:16 AM Calculated day 85
06/28/2022 03:17:24 AM Calculated day 86
06/28/2022 03:17:32 AM Calculated day 87
06/28/2022 03:17:40 AM Calculated day 88
06/28/2022 03:17:48 AM Calculated day 89
06/28/2022 03:17:56 AM Calculated day 90
06/28/2022 03:18:04 AM Calculated day 91
06/28/2022 03:18:13 AM Calculated day 92
06/28/2022 03:18:21 AM Calculated day 93
06/28/2022 03:18:29 AM Calculated day 94
06/28/2022 03:18:37 AM Calculated day 95
06/28/2022 03:18:45 AM Calculated day 96
06/28/2022 03:18:53 AM Calculated day 97
06/28/2022 03:19:01 AM Calculated day 98
06/28/2022 03:19:10 AM Calculated day 99
06/28/2022 03:19:18 AM Calculated day 100
06/28/2022 03:19:26 AM Calculated day 101
06/28/2022 03:19:34 AM Calculated day 102
06/28/2022 03:19:43 AM Calculated day 103
06/28/2022 03:19:51 AM Calculated day 104
06/28/2022 03:19:59 AM Calculated day 105
06/28/2022 03:20:08 AM Calculated day 106
06/28/2022 03:20:16 AM Calculated day 107
06/28/2022 03:20:25 AM Calculated day 108
06/28/2022 03:20:33 AM Calculated day 109
06/28/2022 03:20:41 AM Calculated day 110
06/28/2022 03:20:50 AM Calculated day 111
06/28/2022 03:20:58 AM Calculated day 112
06/28/2022 03:21:07 AM Calculated day 113
06/28/2022 03:21:15 AM Calculated day 114
06/28/2022 03:21:24 AM Calculated day 115
06/28/2022 03:21:32 AM Calculated day 116
06/28/2022 03:21:41 AM Calculated day 117
06/28/2022 03:21:50 AM Calculated day 118
06/28/2022 03:21:58 AM Calculated day 119
06/28/2022 03:22:07 AM Calculated day 120
06/28/2022 03:22:15 AM Calculated day 121
06/28/2022 03:22:24 AM Calculated day 122
06/28/2022 03:22:33 AM Calculated day 123
06/28/2022 03:22:41 AM Calculated day 124
06/28/2022 03:22:50 AM Calculated day 125
06/28/2022 03:22:59 AM Calculated day 126
06/28/2022 03:23:07 AM Calculated day 127
06/28/2022 03:23:16 AM Calculated day 128
06/28/2022 03:23:26 AM Calculated day 129
06/28/2022 03:23:34 AM Calculated day 130
06/28/2022 03:23:43 AM Calculated day 131
06/28/2022 03:23:52 AM Calculated day 132
06/28/2022 03:24:01 AM Calculated day 133
06/28/2022 03:24:10 AM Calculated day 134
06/28/2022 03:24:19 AM Calculated day 135
06/28/2022 03:24:27 AM Calculated day 136
06/28/2022 03:24:37 AM Calculated day 137
06/28/2022 03:24:45 AM Calculated day 138
06/28/2022 03:24:54 AM Calculated day 139
06/28/2022 03:25:03 AM Calculated day 140
06/28/2022 03:25:12 AM Calculated day 141
06/28/2022 03:25:21 AM Calculated day 142
06/28/2022 03:25:30 AM Calculated day 143
06/28/2022 03:25:39 AM Calculated day 144
06/28/2022 03:25:48 AM Calculated day 145
06/28/2022 03:25:57 AM Calculated day 146
06/28/2022 03:26:06 AM Calculated day 147
06/28/2022 03:26:15 AM Calculated day 148
06/28/2022 03:26:25 AM Calculated day 149
06/28/2022 03:26:35 AM Calculated day 150
06/28/2022 03:26:44 AM Calculated day 151
06/28/2022 03:26:54 AM Calculated day 152
06/28/2022 03:27:04 AM Calculated day 153
06/28/2022 03:27:13 AM Calculated day 154
06/28/2022 03:27:23 AM Calculated day 155
06/28/2022 03:27:33 AM Calculated day 156
06/28/2022 03:27:42 AM Calculated day 157
06/28/2022 03:27:52 AM Calculated day 158
06/28/2022 03:28:01 AM Calculated day 159
06/28/2022 03:28:11 AM Calculated day 160
06/28/2022 03:28:20 AM Calculated day 161
06/28/2022 03:28:30 AM Calculated day 162
06/28/2022 03:28:39 AM Calculated day 163
06/28/2022 03:28:49 AM Calculated day 164
06/28/2022 03:28:58 AM Calculated day 165
06/28/2022 03:29:08 AM Calculated day 166
06/28/2022 03:29:18 AM Calculated day 167
06/28/2022 03:29:28 AM Calculated day 168
06/28/2022 03:29:37 AM Calculated day 169
06/28/2022 03:29:47 AM Calculated day 170
06/28/2022 03:29:56 AM Calculated day 171
06/28/2022 03:30:06 AM Calculated day 172
06/28/2022 03:30:16 AM Calculated day 173
06/28/2022 03:30:26 AM Calculated day 174
06/28/2022 03:30:36 AM Calculated day 175
06/28/2022 03:30:45 AM Calculated day 176
06/28/2022 03:30:55 AM Calculated day 177
06/28/2022 03:31:05 AM Calculated day 178
06/28/2022 03:31:15 AM Calculated day 179
06/28/2022 03:31:25 AM Calculated day 180
06/28/2022 03:31:35 AM Calculated day 181
06/28/2022 03:31:45 AM Calculated day 182
06/28/2022 03:31:55 AM Calculated day 183
06/28/2022 03:32:05 AM Calculated day 184
06/28/2022 03:32:15 AM Calculated day 185
06/28/2022 03:32:25 AM Calculated day 186
06/28/2022 03:32:35 AM Calculated day 187
06/28/2022 03:32:45 AM Calculated day 188
06/28/2022 03:32:55 AM Calculated day 189
06/28/2022 03:33:05 AM Calculated day 190
06/28/2022 03:33:15 AM Calculated day 191
06/28/2022 03:33:26 AM Calculated day 192
06/28/2022 03:33:36 AM Calculated day 193
06/28/2022 03:33:46 AM Calculated day 194
06/28/2022 03:33:56 AM Calculated day 195
06/28/2022 03:34:06 AM Calculated day 196
06/28/2022 03:34:16 AM Calculated day 197
06/28/2022 03:34:27 AM Calculated day 198
06/28/2022 03:34:37 AM Calculated day 199
06/28/2022 03:34:47 AM Calculated day 200
06/28/2022 03:34:58 AM Calculated day 201
06/28/2022 03:35:08 AM Calculated day 202
06/28/2022 03:35:19 AM Calculated day 203
06/28/2022 03:35:29 AM Calculated day 204
06/28/2022 03:35:40 AM Calculated day 205
06/28/2022 03:35:50 AM Calculated day 206
06/28/2022 03:36:00 AM Calculated day 207
06/28/2022 03:36:11 AM Calculated day 208
06/28/2022 03:36:21 AM Calculated day 209
06/28/2022 03:36:32 AM Calculated day 210
06/28/2022 03:36:42 AM Calculated day 211
06/28/2022 03:36:53 AM Calculated day 212
06/28/2022 03:37:03 AM Calculated day 213
06/28/2022 03:37:14 AM Calculated day 214
06/28/2022 03:37:24 AM Calculated day 215
06/28/2022 03:37:35 AM Calculated day 216
06/28/2022 03:37:46 AM Calculated day 217
06/28/2022 03:37:56 AM Calculated day 218
06/28/2022 03:38:07 AM Calculated day 219
06/28/2022 03:38:17 AM Calculated day 220
06/28/2022 03:38:28 AM Calculated day 221
06/28/2022 03:38:39 AM Calculated day 222
06/28/2022 03:38:49 AM Calculated day 223
06/28/2022 03:39:00 AM Calculated day 224
06/28/2022 03:39:11 AM Calculated day 225
06/28/2022 03:39:22 AM Calculated day 226
06/28/2022 03:39:32 AM Calculated day 227
06/28/2022 03:39:43 AM Calculated day 228
06/28/2022 03:39:54 AM Calculated day 229
06/28/2022 03:40:05 AM Calculated day 230
06/28/2022 03:40:16 AM Calculated day 231
06/28/2022 03:40:27 AM Calculated day 232
06/28/2022 03:40:38 AM Calculated day 233
06/28/2022 03:40:48 AM Calculated day 234
06/28/2022 03:40:59 AM Calculated day 235
06/28/2022 03:41:10 AM Calculated day 236
06/28/2022 03:41:21 AM Calculated day 237
06/28/2022 03:41:32 AM Calculated day 238
06/28/2022 03:41:43 AM Calculated day 239
06/28/2022 03:41:54 AM Calculated day 240
06/28/2022 03:42:05 AM Calculated day 241
06/28/2022 03:42:17 AM Calculated day 242
06/28/2022 03:42:28 AM Calculated day 243
06/28/2022 03:42:39 AM Calculated day 244
06/28/2022 03:42:50 AM Calculated day 245
06/28/2022 03:43:01 AM Calculated day 246
06/28/2022 03:43:12 AM Calculated day 247
06/28/2022 03:43:24 AM Calculated day 248
06/28/2022 03:43:35 AM Calculated day 249
06/28/2022 03:43:46 AM Calculated day 250
06/28/2022 03:43:58 AM Calculated day 251
06/28/2022 03:44:09 AM Calculated day 252
06/28/2022 03:44:20 AM Calculated day 253
06/28/2022 03:44:31 AM Calculated day 254
06/28/2022 03:44:43 AM Calculated day 255
06/28/2022 03:44:54 AM Calculated day 256
06/28/2022 03:45:06 AM Calculated day 257
06/28/2022 03:45:18 AM Calculated day 258
06/28/2022 03:45:33 AM Calculated day 259
06/28/2022 03:45:47 AM Calculated day 260
06/28/2022 03:46:01 AM Calculated day 261
06/28/2022 03:46:15 AM Calculated day 262
06/28/2022 03:46:29 AM Calculated day 263
06/28/2022 03:46:43 AM Calculated day 264
06/28/2022 03:46:58 AM Calculated day 265
06/28/2022 03:47:12 AM Calculated day 266
06/28/2022 03:47:26 AM Calculated day 267
06/28/2022 03:47:40 AM Calculated day 268
06/28/2022 03:47:55 AM Calculated day 269
06/28/2022 03:48:10 AM Calculated day 270
06/28/2022 03:48:25 AM Calculated day 271
06/28/2022 03:48:39 AM Calculated day 272
06/28/2022 03:48:53 AM Calculated day 273
06/28/2022 03:49:08 AM Calculated day 274
06/28/2022 03:49:22 AM Calculated day 275
06/28/2022 03:49:36 AM Calculated day 276
06/28/2022 03:49:51 AM Calculated day 277
06/28/2022 03:50:05 AM Calculated day 278
06/28/2022 03:50:19 AM Calculated day 279
06/28/2022 03:50:34 AM Calculated day 280
06/28/2022 03:50:48 AM Calculated day 281
06/28/2022 03:51:03 AM Calculated day 282
06/28/2022 03:51:17 AM Calculated day 283
06/28/2022 03:51:32 AM Calculated day 284
06/28/2022 03:51:47 AM Calculated day 285
06/28/2022 03:52:02 AM Calculated day 286
06/28/2022 03:52:16 AM Calculated day 287
06/28/2022 03:52:31 AM Calculated day 288
06/28/2022 03:52:46 AM Calculated day 289
06/28/2022 03:53:00 AM Calculated day 290
06/28/2022 03:53:15 AM Calculated day 291
06/28/2022 03:53:30 AM Calculated day 292
06/28/2022 03:53:45 AM Calculated day 293
06/28/2022 03:54:00 AM Calculated day 294
06/28/2022 03:54:14 AM Calculated day 295
06/28/2022 03:54:29 AM Calculated day 296
06/28/2022 03:54:45 AM Calculated day 297
06/28/2022 03:55:00 AM Calculated day 298
06/28/2022 03:55:15 AM Calculated day 299
06/28/2022 03:55:30 AM Calculated day 300
06/28/2022 03:55:45 AM Calculated day 301
06/28/2022 03:56:00 AM Calculated day 302
06/28/2022 03:56:15 AM Calculated day 303
06/28/2022 03:56:30 AM Calculated day 304
06/28/2022 03:56:45 AM Calculated day 305
06/28/2022 03:57:00 AM Calculated day 306
06/28/2022 03:57:15 AM Calculated day 307
06/28/2022 03:57:30 AM Calculated day 308
06/28/2022 03:57:46 AM Calculated day 309
06/28/2022 03:58:01 AM Calculated day 310
06/28/2022 03:58:16 AM Calculated day 311
06/28/2022 03:58:31 AM Calculated day 312
06/28/2022 03:58:47 AM Calculated day 313
06/28/2022 03:59:02 AM Calculated day 314
06/28/2022 03:59:18 AM Calculated day 315
06/28/2022 03:59:33 AM Calculated day 316
06/28/2022 03:59:49 AM Calculated day 317
06/28/2022 04:00:04 AM Calculated day 318
06/28/2022 04:00:19 AM Calculated day 319
06/28/2022 04:00:35 AM Calculated day 320
06/28/2022 04:00:50 AM Calculated day 321
06/28/2022 04:01:06 AM Calculated day 322
06/28/2022 04:01:22 AM Calculated day 323
06/28/2022 04:01:37 AM Calculated day 324
06/28/2022 04:01:53 AM Calculated day 325
06/28/2022 04:02:09 AM Calculated day 326
06/28/2022 04:02:25 AM Calculated day 327
06/28/2022 04:02:40 AM Calculated day 328
06/28/2022 04:02:56 AM Calculated day 329
06/28/2022 04:03:12 AM Calculated day 330
06/28/2022 04:03:28 AM Calculated day 331
06/28/2022 04:03:44 AM Calculated day 332
06/28/2022 04:04:00 AM Calculated day 333
06/28/2022 04:04:16 AM Calculated day 334
06/28/2022 04:04:32 AM Calculated day 335
06/28/2022 04:04:48 AM Calculated day 336
06/28/2022 04:05:04 AM Calculated day 337
06/28/2022 04:05:20 AM Calculated day 338
06/28/2022 04:05:36 AM Calculated day 339
06/28/2022 04:05:52 AM Calculated day 340
06/28/2022 04:06:08 AM Calculated day 341
06/28/2022 04:06:25 AM Calculated day 342
06/28/2022 04:06:41 AM Calculated day 343
06/28/2022 04:06:57 AM Calculated day 344
06/28/2022 04:07:13 AM Calculated day 345
06/28/2022 04:07:29 AM Calculated day 346
06/28/2022 04:07:46 AM Calculated day 347
06/28/2022 04:08:02 AM Calculated day 348
06/28/2022 04:08:18 AM Calculated day 349
06/28/2022 04:08:35 AM Calculated day 350
06/28/2022 04:08:51 AM Calculated day 351
06/28/2022 04:09:08 AM Calculated day 352
06/28/2022 04:09:24 AM Calculated day 353
06/28/2022 04:09:41 AM Calculated day 354
06/28/2022 04:09:58 AM Calculated day 355
06/28/2022 04:10:14 AM Calculated day 356
06/28/2022 04:10:31 AM Calculated day 357
06/28/2022 04:10:47 AM Calculated day 358
06/28/2022 04:11:04 AM Calculated day 359
06/28/2022 04:11:20 AM Calculated day 360
06/28/2022 04:11:37 AM Calculated day 361
06/28/2022 04:11:54 AM Calculated day 362
06/28/2022 04:12:10 AM Calculated day 363
06/28/2022 04:12:27 AM Calculated day 364
06/28/2022 04:12:44 AM Calculated day 365
06/28/2022 04:13:01 AM Calculated day 366
06/28/2022 04:13:17 AM Calculated day 367
06/28/2022 04:13:34 AM Calculated day 368
06/28/2022 04:13:51 AM Calculated day 369
06/28/2022 04:14:08 AM Calculated day 370
06/28/2022 04:14:25 AM Calculated day 371
06/28/2022 04:14:42 AM Calculated day 372
06/28/2022 04:14:59 AM Calculated day 373
06/28/2022 04:15:16 AM Calculated day 374
06/28/2022 04:15:33 AM Calculated day 375
06/28/2022 04:15:50 AM Calculated day 376
06/28/2022 04:16:07 AM Calculated day 377
06/28/2022 04:16:24 AM Calculated day 378
06/28/2022 04:16:41 AM Calculated day 379
06/28/2022 04:16:58 AM Calculated day 380
06/28/2022 04:17:15 AM Calculated day 381
06/28/2022 04:17:33 AM Calculated day 382
06/28/2022 04:17:50 AM Calculated day 383
06/28/2022 04:18:07 AM Calculated day 384
06/28/2022 04:18:24 AM Calculated day 385
06/28/2022 04:18:41 AM Calculated day 386
06/28/2022 04:18:59 AM Calculated day 387
06/28/2022 04:19:16 AM Calculated day 388
06/28/2022 04:19:34 AM Calculated day 389
06/28/2022 04:19:51 AM Calculated day 390
06/28/2022 04:20:09 AM Calculated day 391
06/28/2022 04:20:26 AM Calculated day 392
06/28/2022 04:20:44 AM Calculated day 393
06/28/2022 04:21:01 AM Calculated day 394
06/28/2022 04:21:19 AM Calculated day 395
06/28/2022 04:21:37 AM Calculated day 396
06/28/2022 04:21:54 AM Calculated day 397
06/28/2022 04:22:12 AM Calculated day 398
06/28/2022 04:22:30 AM Calculated day 399
06/28/2022 04:22:47 AM Calculated day 400
06/28/2022 04:23:05 AM Calculated day 401
06/28/2022 04:23:23 AM Calculated day 402
06/28/2022 04:23:41 AM Calculated day 403
06/28/2022 04:23:58 AM Calculated day 404
06/28/2022 04:24:16 AM Calculated day 405
06/28/2022 04:24:34 AM Calculated day 406
06/28/2022 04:24:52 AM Calculated day 407
06/28/2022 04:25:10 AM Calculated day 408
06/28/2022 04:25:28 AM Calculated day 409
06/28/2022 04:25:46 AM Calculated day 410
06/28/2022 04:26:04 AM Calculated day 411
06/28/2022 04:26:22 AM Calculated day 412
06/28/2022 04:26:40 AM Calculated day 413
06/28/2022 04:26:58 AM Calculated day 414
06/28/2022 04:27:16 AM Calculated day 415
06/28/2022 04:27:34 AM Calculated day 416
06/28/2022 04:27:53 AM Calculated day 417
06/28/2022 04:28:11 AM Calculated day 418
06/28/2022 04:28:29 AM Calculated day 419
06/28/2022 04:28:47 AM Calculated day 420
06/28/2022 04:29:05 AM Calculated day 421
06/28/2022 04:29:23 AM Calculated day 422
06/28/2022 04:29:42 AM Calculated day 423
06/28/2022 04:30:00 AM Calculated day 424
06/28/2022 04:30:19 AM Calculated day 425
06/28/2022 04:30:37 AM Calculated day 426
06/28/2022 04:30:56 AM Calculated day 427
06/28/2022 04:31:14 AM Calculated day 428
06/28/2022 04:31:33 AM Calculated day 429
06/28/2022 04:31:51 AM Calculated day 430
06/28/2022 04:32:10 AM Calculated day 431
06/28/2022 04:32:28 AM Calculated day 432
06/28/2022 04:32:47 AM Calculated day 433
06/28/2022 04:33:05 AM Calculated day 434
06/28/2022 04:33:24 AM Calculated day 435
06/28/2022 04:33:43 AM Calculated day 436
06/28/2022 04:34:02 AM Calculated day 437
06/28/2022 04:34:20 AM Calculated day 438
06/28/2022 04:34:39 AM Calculated day 439
06/28/2022 04:34:58 AM Calculated day 440
06/28/2022 04:35:17 AM Calculated day 441
06/28/2022 04:35:36 AM Calculated day 442
06/28/2022 04:35:54 AM Calculated day 443
06/28/2022 04:36:13 AM Calculated day 444
06/28/2022 04:36:32 AM Calculated day 445
06/28/2022 04:36:51 AM Calculated day 446
06/28/2022 04:37:10 AM Calculated day 447
06/28/2022 04:37:29 AM Calculated day 448
06/28/2022 04:37:48 AM Calculated day 449
06/28/2022 04:38:07 AM Calculated day 450
06/28/2022 04:38:27 AM Calculated day 451
06/28/2022 04:38:46 AM Calculated day 452
06/28/2022 04:39:05 AM Calculated day 453
06/28/2022 04:39:24 AM Calculated day 454
06/28/2022 04:39:43 AM Calculated day 455
06/28/2022 04:40:02 AM Calculated day 456
06/28/2022 04:40:22 AM Calculated day 457
06/28/2022 04:40:41 AM Calculated day 458
06/28/2022 04:41:00 AM Calculated day 459
06/28/2022 04:41:20 AM Calculated day 460
06/28/2022 04:41:39 AM Calculated day 461
06/28/2022 04:41:59 AM Calculated day 462
06/28/2022 04:42:18 AM Calculated day 463
06/28/2022 04:42:38 AM Calculated day 464
06/28/2022 04:42:57 AM Calculated day 465
06/28/2022 04:43:17 AM Calculated day 466
06/28/2022 04:43:36 AM Calculated day 467
06/28/2022 04:43:56 AM Calculated day 468
06/28/2022 04:44:15 AM Calculated day 469
06/28/2022 04:44:35 AM Calculated day 470
06/28/2022 04:44:55 AM Calculated day 471
06/28/2022 04:45:15 AM Calculated day 472
06/28/2022 04:45:35 AM Calculated day 473
06/28/2022 04:45:55 AM Calculated day 474
06/28/2022 04:46:14 AM Calculated day 475
06/28/2022 04:46:34 AM Calculated day 476
06/28/2022 04:46:54 AM Calculated day 477
06/28/2022 04:47:14 AM Calculated day 478
06/28/2022 04:47:34 AM Calculated day 479
06/28/2022 04:47:55 AM Calculated day 480
06/28/2022 04:48:15 AM Calculated day 481
06/28/2022 04:48:35 AM Calculated day 482
06/28/2022 04:48:55 AM Calculated day 483
06/28/2022 04:49:15 AM Calculated day 484
06/28/2022 04:49:35 AM Calculated day 485
06/28/2022 04:49:55 AM Calculated day 486
06/28/2022 04:50:16 AM Calculated day 487
06/28/2022 04:50:37 AM Calculated day 488
06/28/2022 04:50:58 AM Calculated day 489
06/28/2022 04:51:19 AM Calculated day 490
06/28/2022 04:51:41 AM Calculated day 491
06/28/2022 04:52:03 AM Calculated day 492
06/28/2022 04:52:25 AM Calculated day 493
06/28/2022 04:52:47 AM Calculated day 494
06/28/2022 04:53:09 AM Calculated day 495
06/28/2022 04:53:31 AM Calculated day 496
06/28/2022 04:53:53 AM Calculated day 497
06/28/2022 04:54:15 AM Calculated day 498
06/28/2022 04:54:38 AM Calculated day 499
06/28/2022 04:55:00 AM Calculated day 500
06/28/2022 04:55:22 AM Calculated day 501
06/28/2022 04:55:45 AM Calculated day 502
06/28/2022 04:56:08 AM Calculated day 503
06/28/2022 04:56:30 AM Calculated day 504
06/28/2022 04:56:53 AM Calculated day 505
06/28/2022 04:57:16 AM Calculated day 506
06/28/2022 04:57:38 AM Calculated day 507
06/28/2022 04:58:02 AM Calculated day 508
06/28/2022 04:58:26 AM Calculated day 509
06/28/2022 04:58:49 AM Calculated day 510
06/28/2022 04:59:14 AM Calculated day 511
06/28/2022 04:59:39 AM Calculated day 512
06/28/2022 05:00:03 AM Calculated day 513
06/28/2022 05:00:27 AM Calculated day 514
06/28/2022 05:00:50 AM Calculated day 515
06/28/2022 05:01:14 AM Calculated day 516
06/28/2022 05:01:38 AM Calculated day 517
06/28/2022 05:02:01 AM Calculated day 518
06/28/2022 05:02:25 AM Calculated day 519
06/28/2022 05:02:48 AM Calculated day 520
06/28/2022 05:03:12 AM Calculated day 521
06/28/2022 05:03:36 AM Calculated day 522
06/28/2022 05:03:59 AM Calculated day 523
06/28/2022 05:04:23 AM Calculated day 524
06/28/2022 05:04:47 AM Calculated day 525
06/28/2022 05:05:11 AM Calculated day 526
06/28/2022 05:05:35 AM Calculated day 527
06/28/2022 05:05:59 AM Calculated day 528
06/28/2022 05:06:23 AM Calculated day 529
06/28/2022 05:06:47 AM Calculated day 530
06/28/2022 05:07:11 AM Calculated day 531
06/28/2022 05:07:35 AM Calculated day 532
06/28/2022 05:08:00 AM Calculated day 533
06/28/2022 05:08:24 AM Calculated day 534
06/28/2022 05:08:49 AM Calculated day 535
06/28/2022 05:09:13 AM Calculated day 536
06/28/2022 05:09:38 AM Calculated day 537
06/28/2022 05:10:03 AM Calculated day 538
06/28/2022 05:10:27 AM Calculated day 539
06/28/2022 05:10:52 AM Calculated day 540
06/28/2022 05:11:17 AM Calculated day 541
06/28/2022 05:11:42 AM Calculated day 542
06/28/2022 05:12:08 AM Calculated day 543
06/28/2022 05:12:33 AM Calculated day 544
06/28/2022 05:12:58 AM Calculated day 545
06/28/2022 05:13:24 AM Calculated day 546
06/28/2022 05:13:49 AM Calculated day 547
06/28/2022 05:14:15 AM Calculated day 548
06/28/2022 05:14:40 AM Calculated day 549
06/28/2022 05:15:06 AM Calculated day 550
06/28/2022 05:15:32 AM Calculated day 551
06/28/2022 05:15:57 AM Calculated day 552
06/28/2022 05:16:23 AM Calculated day 553
06/28/2022 05:16:49 AM Calculated day 554
06/28/2022 05:17:15 AM Calculated day 555
06/28/2022 05:17:40 AM Calculated day 556
06/28/2022 05:18:06 AM Calculated day 557
06/28/2022 05:18:33 AM Calculated day 558
06/28/2022 05:18:59 AM Calculated day 559
06/28/2022 05:19:25 AM Calculated day 560
06/28/2022 05:19:52 AM Calculated day 561
06/28/2022 05:20:18 AM Calculated day 562
06/28/2022 05:20:44 AM Calculated day 563
06/28/2022 05:21:11 AM Calculated day 564
06/28/2022 05:21:38 AM Calculated day 565
06/28/2022 05:22:05 AM Calculated day 566
06/28/2022 05:22:32 AM Calculated day 567
06/28/2022 05:22:59 AM Calculated day 568
06/28/2022 05:23:27 AM Calculated day 569
06/28/2022 05:23:55 AM Calculated day 570
06/28/2022 05:24:24 AM Calculated day 571
06/28/2022 05:24:53 AM Calculated day 572
06/28/2022 05:25:23 AM Calculated day 573
06/28/2022 05:25:53 AM Calculated day 574
06/28/2022 05:26:23 AM Calculated day 575
06/28/2022 05:26:54 AM Calculated day 576
06/28/2022 05:27:25 AM Calculated day 577
06/28/2022 05:27:57 AM Calculated day 578
06/28/2022 05:28:29 AM Calculated day 579
06/28/2022 05:29:03 AM Calculated day 580
06/28/2022 05:29:36 AM Calculated day 581
06/28/2022 05:30:10 AM Calculated day 582
06/28/2022 05:30:44 AM Calculated day 583
06/28/2022 05:31:19 AM Calculated day 584
06/28/2022 05:31:55 AM Calculated day 585
06/28/2022 05:32:33 AM Calculated day 586
06/28/2022 05:33:10 AM Calculated day 587
06/28/2022 05:33:47 AM Calculated day 588
06/28/2022 05:34:24 AM Calculated day 589
06/28/2022 05:35:00 AM Calculated day 590
06/28/2022 05:35:37 AM Calculated day 591
06/28/2022 05:36:14 AM Calculated day 592
06/28/2022 05:36:50 AM Calculated day 593
06/28/2022 05:37:27 AM Calculated day 594
06/28/2022 05:38:04 AM Calculated day 595
06/28/2022 05:38:40 AM Calculated day 596
06/28/2022 05:39:17 AM Calculated day 597
06/28/2022 05:39:54 AM Calculated day 598
06/28/2022 05:40:30 AM Calculated day 599
06/28/2022 05:43:56 AM Saved data in /data/pbarpanda/spherical_SWE/initial_value_exps//dt_150_Q_forcing_0_forcing_y_0_Hmean_500_forcing_phase_speed_0_ms/U_up_days_150_Kelvin//H0_100/
06/28/2022 05:43:58 AM  ========== CODE RAN SUCCESSFULLY, congrats! ================
06/28/2022 05:43:58 AM  -----> Total Time taken = 9432.455  <----
