06/29/2022 03:43:32 PM **********************************
06/29/2022 03:43:32 PM /data/pbarpanda/spherical_SWE/initial_value_exps//dt_150_Q_forcing_0_forcing_y_0_Hmean_200_forcing_phase_speed_0_ms/U_up_days_150_mixmodes/
06/29/2022 03:43:32 PM **********************************
06/29/2022 03:43:33 PM Calculated day 0
06/29/2022 03:43:38 PM Calculated day 1
06/29/2022 03:43:44 PM Calculated day 2
06/29/2022 03:43:49 PM Calculated day 3
06/29/2022 03:43:55 PM Calculated day 4
06/29/2022 03:44:00 PM Calculated day 5
06/29/2022 03:44:06 PM Calculated day 6
06/29/2022 03:44:11 PM Calculated day 7
06/29/2022 03:44:17 PM Calculated day 8
06/29/2022 03:44:22 PM Calculated day 9
06/29/2022 03:44:28 PM Calculated day 10
06/29/2022 03:44:33 PM Calculated day 11
06/29/2022 03:44:39 PM Calculated day 12
06/29/2022 03:44:44 PM Calculated day 13
06/29/2022 03:44:50 PM Calculated day 14
06/29/2022 03:44:56 PM Calculated day 15
06/29/2022 03:45:01 PM Calculated day 16
06/29/2022 03:45:07 PM Calculated day 17
06/29/2022 03:45:12 PM Calculated day 18
06/29/2022 03:45:18 PM Calculated day 19
06/29/2022 03:45:23 PM Calculated day 20
06/29/2022 03:45:29 PM Calculated day 21
06/29/2022 03:45:34 PM Calculated day 22
06/29/2022 03:45:40 PM Calculated day 23
06/29/2022 03:45:45 PM Calculated day 24
06/29/2022 03:45:51 PM Calculated day 25
06/29/2022 03:45:56 PM Calculated day 26
06/29/2022 03:46:02 PM Calculated day 27
06/29/2022 03:46:07 PM Calculated day 28
06/29/2022 03:46:13 PM Calculated day 29
06/29/2022 03:46:18 PM Calculated day 30
06/29/2022 03:46:24 PM Calculated day 31
06/29/2022 03:46:29 PM Calculated day 32
06/29/2022 03:46:35 PM Calculated day 33
06/29/2022 03:46:40 PM Calculated day 34
06/29/2022 03:46:46 PM Calculated day 35
06/29/2022 03:46:51 PM Calculated day 36
06/29/2022 03:46:57 PM Calculated day 37
06/29/2022 03:47:02 PM Calculated day 38
06/29/2022 03:47:08 PM Calculated day 39
06/29/2022 03:47:13 PM Calculated day 40
06/29/2022 03:47:19 PM Calculated day 41
06/29/2022 03:47:24 PM Calculated day 42
06/29/2022 03:47:30 PM Calculated day 43
06/29/2022 03:47:35 PM Calculated day 44
06/29/2022 03:47:41 PM Calculated day 45
06/29/2022 03:47:46 PM Calculated day 46
06/29/2022 03:47:52 PM Calculated day 47
06/29/2022 03:47:57 PM Calculated day 48
06/29/2022 03:48:03 PM Calculated day 49
06/29/2022 03:48:08 PM Calculated day 50
06/29/2022 03:48:14 PM Calculated day 51
06/29/2022 03:48:19 PM Calculated day 52
06/29/2022 03:48:25 PM Calculated day 53
06/29/2022 03:48:30 PM Calculated day 54
06/29/2022 03:48:36 PM Calculated day 55
06/29/2022 03:48:41 PM Calculated day 56
06/29/2022 03:48:47 PM Calculated day 57
06/29/2022 03:48:52 PM Calculated day 58
06/29/2022 03:48:58 PM Calculated day 59
06/29/2022 03:49:03 PM Calculated day 60
06/29/2022 03:49:09 PM Calculated day 61
06/29/2022 03:49:14 PM Calculated day 62
06/29/2022 03:49:20 PM Calculated day 63
06/29/2022 03:49:25 PM Calculated day 64
06/29/2022 03:49:31 PM Calculated day 65
06/29/2022 03:49:36 PM Calculated day 66
06/29/2022 03:49:42 PM Calculated day 67
06/29/2022 03:49:48 PM Calculated day 68
06/29/2022 03:49:53 PM Calculated day 69
06/29/2022 03:49:59 PM Calculated day 70
06/29/2022 03:50:04 PM Calculated day 71
06/29/2022 03:50:10 PM Calculated day 72
06/29/2022 03:50:15 PM Calculated day 73
06/29/2022 03:50:21 PM Calculated day 74
06/29/2022 03:50:26 PM Calculated day 75
06/29/2022 03:50:32 PM Calculated day 76
06/29/2022 03:50:37 PM Calculated day 77
06/29/2022 03:50:43 PM Calculated day 78
06/29/2022 03:50:48 PM Calculated day 79
06/29/2022 03:50:54 PM Calculated day 80
06/29/2022 03:50:59 PM Calculated day 81
06/29/2022 03:51:05 PM Calculated day 82
06/29/2022 03:51:10 PM Calculated day 83
06/29/2022 03:51:16 PM Calculated day 84
06/29/2022 03:51:21 PM Calculated day 85
06/29/2022 03:51:27 PM Calculated day 86
06/29/2022 03:51:33 PM Calculated day 87
06/29/2022 03:51:38 PM Calculated day 88
06/29/2022 03:51:44 PM Calculated day 89
06/29/2022 03:51:49 PM Calculated day 90
06/29/2022 03:51:55 PM Calculated day 91
06/29/2022 03:52:00 PM Calculated day 92
06/29/2022 03:52:06 PM Calculated day 93
06/29/2022 03:52:11 PM Calculated day 94
06/29/2022 03:52:17 PM Calculated day 95
06/29/2022 03:52:22 PM Calculated day 96
06/29/2022 03:52:28 PM Calculated day 97
06/29/2022 03:52:33 PM Calculated day 98
06/29/2022 03:52:39 PM Calculated day 99
06/29/2022 03:52:45 PM Calculated day 100
06/29/2022 03:52:50 PM Calculated day 101
06/29/2022 03:52:56 PM Calculated day 102
06/29/2022 03:53:01 PM Calculated day 103
06/29/2022 03:53:07 PM Calculated day 104
06/29/2022 03:53:12 PM Calculated day 105
06/29/2022 03:53:18 PM Calculated day 106
06/29/2022 03:53:23 PM Calculated day 107
06/29/2022 03:53:29 PM Calculated day 108
06/29/2022 03:53:35 PM Calculated day 109
06/29/2022 03:53:40 PM Calculated day 110
06/29/2022 03:53:46 PM Calculated day 111
06/29/2022 03:53:51 PM Calculated day 112
06/29/2022 03:53:57 PM Calculated day 113
06/29/2022 03:54:02 PM Calculated day 114
06/29/2022 03:54:08 PM Calculated day 115
06/29/2022 03:54:13 PM Calculated day 116
06/29/2022 03:54:19 PM Calculated day 117
06/29/2022 03:54:24 PM Calculated day 118
06/29/2022 03:54:30 PM Calculated day 119
06/29/2022 03:54:36 PM Calculated day 120
06/29/2022 03:54:41 PM Calculated day 121
06/29/2022 03:54:47 PM Calculated day 122
06/29/2022 03:54:52 PM Calculated day 123
06/29/2022 03:54:58 PM Calculated day 124
06/29/2022 03:55:03 PM Calculated day 125
06/29/2022 03:55:09 PM Calculated day 126
06/29/2022 03:55:14 PM Calculated day 127
06/29/2022 03:55:20 PM Calculated day 128
06/29/2022 03:55:25 PM Calculated day 129
06/29/2022 03:55:31 PM Calculated day 130
06/29/2022 03:55:37 PM Calculated day 131
06/29/2022 03:55:42 PM Calculated day 132
06/29/2022 03:55:48 PM Calculated day 133
06/29/2022 03:55:53 PM Calculated day 134
06/29/2022 03:55:59 PM Calculated day 135
06/29/2022 03:56:04 PM Calculated day 136
06/29/2022 03:56:10 PM Calculated day 137
06/29/2022 03:56:15 PM Calculated day 138
06/29/2022 03:56:21 PM Calculated day 139
06/29/2022 03:56:26 PM Calculated day 140
06/29/2022 03:56:32 PM Calculated day 141
06/29/2022 03:56:38 PM Calculated day 142
06/29/2022 03:56:43 PM Calculated day 143
06/29/2022 03:56:49 PM Calculated day 144
06/29/2022 03:56:54 PM Calculated day 145
06/29/2022 03:57:00 PM Calculated day 146
06/29/2022 03:57:05 PM Calculated day 147
06/29/2022 03:57:11 PM Calculated day 148
06/29/2022 03:57:16 PM Calculated day 149
06/29/2022 03:57:22 PM Calculated day 150
06/29/2022 03:57:28 PM Calculated day 151
06/29/2022 03:57:33 PM Calculated day 152
06/29/2022 03:57:39 PM Calculated day 153
06/29/2022 03:57:44 PM Calculated day 154
06/29/2022 03:57:50 PM Calculated day 155
06/29/2022 03:57:56 PM Calculated day 156
06/29/2022 03:58:01 PM Calculated day 157
06/29/2022 03:58:07 PM Calculated day 158
06/29/2022 03:58:12 PM Calculated day 159
06/29/2022 03:58:18 PM Calculated day 160
06/29/2022 03:58:23 PM Calculated day 161
06/29/2022 03:58:29 PM Calculated day 162
06/29/2022 03:58:34 PM Calculated day 163
06/29/2022 03:58:40 PM Calculated day 164
06/29/2022 03:58:45 PM Calculated day 165
06/29/2022 03:58:51 PM Calculated day 166
06/29/2022 03:58:57 PM Calculated day 167
06/29/2022 03:59:02 PM Calculated day 168
06/29/2022 03:59:08 PM Calculated day 169
06/29/2022 03:59:13 PM Calculated day 170
06/29/2022 03:59:19 PM Calculated day 171
06/29/2022 03:59:24 PM Calculated day 172
06/29/2022 03:59:30 PM Calculated day 173
06/29/2022 03:59:35 PM Calculated day 174
06/29/2022 03:59:41 PM Calculated day 175
06/29/2022 03:59:46 PM Calculated day 176
06/29/2022 03:59:52 PM Calculated day 177
06/29/2022 03:59:58 PM Calculated day 178
06/29/2022 04:00:03 PM Calculated day 179
06/29/2022 04:00:09 PM Calculated day 180
06/29/2022 04:00:14 PM Calculated day 181
06/29/2022 04:00:20 PM Calculated day 182
06/29/2022 04:00:25 PM Calculated day 183
06/29/2022 04:00:31 PM Calculated day 184
06/29/2022 04:00:36 PM Calculated day 185
06/29/2022 04:00:42 PM Calculated day 186
06/29/2022 04:00:48 PM Calculated day 187
06/29/2022 04:00:53 PM Calculated day 188
06/29/2022 04:00:59 PM Calculated day 189
06/29/2022 04:01:04 PM Calculated day 190
06/29/2022 04:01:10 PM Calculated day 191
06/29/2022 04:01:15 PM Calculated day 192
06/29/2022 04:01:21 PM Calculated day 193
06/29/2022 04:01:26 PM Calculated day 194
06/29/2022 04:01:32 PM Calculated day 195
06/29/2022 04:01:38 PM Calculated day 196
06/29/2022 04:01:43 PM Calculated day 197
06/29/2022 04:01:49 PM Calculated day 198
06/29/2022 04:01:54 PM Calculated day 199
06/29/2022 04:02:00 PM Calculated day 200
06/29/2022 04:02:05 PM Calculated day 201
06/29/2022 04:02:11 PM Calculated day 202
06/29/2022 04:02:16 PM Calculated day 203
06/29/2022 04:02:22 PM Calculated day 204
06/29/2022 04:02:27 PM Calculated day 205
06/29/2022 04:02:33 PM Calculated day 206
06/29/2022 04:02:39 PM Calculated day 207
06/29/2022 04:02:44 PM Calculated day 208
06/29/2022 04:02:50 PM Calculated day 209
06/29/2022 04:02:55 PM Calculated day 210
06/29/2022 04:03:01 PM Calculated day 211
06/29/2022 04:03:06 PM Calculated day 212
06/29/2022 04:03:12 PM Calculated day 213
06/29/2022 04:03:17 PM Calculated day 214
06/29/2022 04:03:23 PM Calculated day 215
06/29/2022 04:03:28 PM Calculated day 216
06/29/2022 04:03:34 PM Calculated day 217
06/29/2022 04:03:40 PM Calculated day 218
06/29/2022 04:03:45 PM Calculated day 219
06/29/2022 04:03:51 PM Calculated day 220
06/29/2022 04:03:56 PM Calculated day 221
06/29/2022 04:04:02 PM Calculated day 222
06/29/2022 04:04:07 PM Calculated day 223
06/29/2022 04:04:13 PM Calculated day 224
06/29/2022 04:04:19 PM Calculated day 225
06/29/2022 04:04:24 PM Calculated day 226
06/29/2022 04:04:30 PM Calculated day 227
06/29/2022 04:04:35 PM Calculated day 228
06/29/2022 04:04:41 PM Calculated day 229
06/29/2022 04:04:46 PM Calculated day 230
06/29/2022 04:04:52 PM Calculated day 231
06/29/2022 04:04:57 PM Calculated day 232
06/29/2022 04:05:03 PM Calculated day 233
06/29/2022 04:05:08 PM Calculated day 234
06/29/2022 04:05:14 PM Calculated day 235
06/29/2022 04:05:20 PM Calculated day 236
06/29/2022 04:05:25 PM Calculated day 237
06/29/2022 04:05:31 PM Calculated day 238
06/29/2022 04:05:36 PM Calculated day 239
06/29/2022 04:05:42 PM Calculated day 240
06/29/2022 04:05:47 PM Calculated day 241
06/29/2022 04:05:53 PM Calculated day 242
06/29/2022 04:05:59 PM Calculated day 243
06/29/2022 04:06:04 PM Calculated day 244
06/29/2022 04:06:10 PM Calculated day 245
06/29/2022 04:06:15 PM Calculated day 246
06/29/2022 04:06:21 PM Calculated day 247
06/29/2022 04:06:26 PM Calculated day 248
06/29/2022 04:06:32 PM Calculated day 249
06/29/2022 04:06:37 PM Calculated day 250
06/29/2022 04:06:43 PM Calculated day 251
06/29/2022 04:06:48 PM Calculated day 252
06/29/2022 04:06:54 PM Calculated day 253
06/29/2022 04:07:00 PM Calculated day 254
06/29/2022 04:07:05 PM Calculated day 255
06/29/2022 04:07:11 PM Calculated day 256
06/29/2022 04:07:16 PM Calculated day 257
06/29/2022 04:07:22 PM Calculated day 258
06/29/2022 04:07:27 PM Calculated day 259
06/29/2022 04:07:33 PM Calculated day 260
06/29/2022 04:07:38 PM Calculated day 261
06/29/2022 04:07:44 PM Calculated day 262
06/29/2022 04:07:49 PM Calculated day 263
06/29/2022 04:07:55 PM Calculated day 264
06/29/2022 04:08:01 PM Calculated day 265
06/29/2022 04:08:06 PM Calculated day 266
06/29/2022 04:08:12 PM Calculated day 267
06/29/2022 04:08:17 PM Calculated day 268
06/29/2022 04:08:23 PM Calculated day 269
06/29/2022 04:08:28 PM Calculated day 270
06/29/2022 04:08:34 PM Calculated day 271
06/29/2022 04:08:39 PM Calculated day 272
06/29/2022 04:08:45 PM Calculated day 273
06/29/2022 04:08:50 PM Calculated day 274
06/29/2022 04:08:56 PM Calculated day 275
06/29/2022 04:09:02 PM Calculated day 276
06/29/2022 04:09:07 PM Calculated day 277
06/29/2022 04:09:13 PM Calculated day 278
06/29/2022 04:09:18 PM Calculated day 279
06/29/2022 04:09:24 PM Calculated day 280
06/29/2022 04:09:29 PM Calculated day 281
06/29/2022 04:09:35 PM Calculated day 282
06/29/2022 04:09:40 PM Calculated day 283
06/29/2022 04:09:46 PM Calculated day 284
06/29/2022 04:09:51 PM Calculated day 285
06/29/2022 04:09:57 PM Calculated day 286
06/29/2022 04:10:03 PM Calculated day 287
06/29/2022 04:10:08 PM Calculated day 288
06/29/2022 04:10:14 PM Calculated day 289
06/29/2022 04:10:19 PM Calculated day 290
06/29/2022 04:10:25 PM Calculated day 291
06/29/2022 04:10:30 PM Calculated day 292
06/29/2022 04:10:36 PM Calculated day 293
06/29/2022 04:10:41 PM Calculated day 294
06/29/2022 04:10:47 PM Calculated day 295
06/29/2022 04:10:52 PM Calculated day 296
06/29/2022 04:10:58 PM Calculated day 297
06/29/2022 04:11:04 PM Calculated day 298
06/29/2022 04:11:09 PM Calculated day 299
06/29/2022 04:11:15 PM Calculated day 300
06/29/2022 04:11:20 PM Calculated day 301
06/29/2022 04:11:26 PM Calculated day 302
06/29/2022 04:11:31 PM Calculated day 303
06/29/2022 04:11:37 PM Calculated day 304
06/29/2022 04:11:42 PM Calculated day 305
06/29/2022 04:11:48 PM Calculated day 306
06/29/2022 04:11:53 PM Calculated day 307
06/29/2022 04:11:59 PM Calculated day 308
06/29/2022 04:12:05 PM Calculated day 309
06/29/2022 04:12:10 PM Calculated day 310
06/29/2022 04:12:16 PM Calculated day 311
06/29/2022 04:12:21 PM Calculated day 312
06/29/2022 04:12:27 PM Calculated day 313
06/29/2022 04:12:32 PM Calculated day 314
06/29/2022 04:12:38 PM Calculated day 315
06/29/2022 04:12:43 PM Calculated day 316
06/29/2022 04:12:49 PM Calculated day 317
06/29/2022 04:12:54 PM Calculated day 318
06/29/2022 04:13:00 PM Calculated day 319
06/29/2022 04:13:06 PM Calculated day 320
06/29/2022 04:13:11 PM Calculated day 321
06/29/2022 04:13:17 PM Calculated day 322
06/29/2022 04:13:22 PM Calculated day 323
06/29/2022 04:13:28 PM Calculated day 324
06/29/2022 04:13:33 PM Calculated day 325
06/29/2022 04:13:39 PM Calculated day 326
06/29/2022 04:13:44 PM Calculated day 327
06/29/2022 04:13:50 PM Calculated day 328
06/29/2022 04:13:55 PM Calculated day 329
06/29/2022 04:14:01 PM Calculated day 330
06/29/2022 04:14:06 PM Calculated day 331
06/29/2022 04:14:12 PM Calculated day 332
06/29/2022 04:14:18 PM Calculated day 333
06/29/2022 04:14:23 PM Calculated day 334
06/29/2022 04:14:29 PM Calculated day 335
06/29/2022 04:14:34 PM Calculated day 336
06/29/2022 04:14:40 PM Calculated day 337
06/29/2022 04:14:45 PM Calculated day 338
06/29/2022 04:14:51 PM Calculated day 339
06/29/2022 04:14:56 PM Calculated day 340
06/29/2022 04:15:02 PM Calculated day 341
06/29/2022 04:15:07 PM Calculated day 342
06/29/2022 04:15:13 PM Calculated day 343
06/29/2022 04:15:19 PM Calculated day 344
06/29/2022 04:15:24 PM Calculated day 345
06/29/2022 04:15:30 PM Calculated day 346
06/29/2022 04:15:35 PM Calculated day 347
06/29/2022 04:15:41 PM Calculated day 348
06/29/2022 04:15:46 PM Calculated day 349
06/29/2022 04:15:52 PM Calculated day 350
06/29/2022 04:15:57 PM Calculated day 351
06/29/2022 04:16:03 PM Calculated day 352
06/29/2022 04:16:09 PM Calculated day 353
06/29/2022 04:16:14 PM Calculated day 354
06/29/2022 04:16:20 PM Calculated day 355
06/29/2022 04:16:25 PM Calculated day 356
06/29/2022 04:16:31 PM Calculated day 357
06/29/2022 04:16:36 PM Calculated day 358
06/29/2022 04:16:42 PM Calculated day 359
06/29/2022 04:16:47 PM Calculated day 360
06/29/2022 04:16:53 PM Calculated day 361
06/29/2022 04:16:58 PM Calculated day 362
06/29/2022 04:17:04 PM Calculated day 363
06/29/2022 04:17:10 PM Calculated day 364
06/29/2022 04:17:15 PM Calculated day 365
06/29/2022 04:17:21 PM Calculated day 366
06/29/2022 04:17:26 PM Calculated day 367
06/29/2022 04:17:32 PM Calculated day 368
06/29/2022 04:17:37 PM Calculated day 369
06/29/2022 04:17:43 PM Calculated day 370
06/29/2022 04:17:48 PM Calculated day 371
06/29/2022 04:17:54 PM Calculated day 372
06/29/2022 04:17:59 PM Calculated day 373
06/29/2022 04:18:05 PM Calculated day 374
06/29/2022 04:18:11 PM Calculated day 375
06/29/2022 04:18:16 PM Calculated day 376
06/29/2022 04:18:22 PM Calculated day 377
06/29/2022 04:18:27 PM Calculated day 378
06/29/2022 04:18:33 PM Calculated day 379
06/29/2022 04:18:38 PM Calculated day 380
06/29/2022 04:18:44 PM Calculated day 381
06/29/2022 04:18:49 PM Calculated day 382
06/29/2022 04:18:55 PM Calculated day 383
06/29/2022 04:19:00 PM Calculated day 384
06/29/2022 04:19:06 PM Calculated day 385
06/29/2022 04:19:12 PM Calculated day 386
06/29/2022 04:19:17 PM Calculated day 387
06/29/2022 04:19:23 PM Calculated day 388
06/29/2022 04:19:28 PM Calculated day 389
06/29/2022 04:19:34 PM Calculated day 390
06/29/2022 04:19:39 PM Calculated day 391
06/29/2022 04:19:45 PM Calculated day 392
06/29/2022 04:19:50 PM Calculated day 393
06/29/2022 04:19:56 PM Calculated day 394
06/29/2022 04:20:01 PM Calculated day 395
06/29/2022 04:20:07 PM Calculated day 396
06/29/2022 04:20:13 PM Calculated day 397
06/29/2022 04:20:18 PM Calculated day 398
06/29/2022 04:20:24 PM Calculated day 399
06/29/2022 04:20:29 PM Calculated day 400
06/29/2022 04:20:35 PM Calculated day 401
06/29/2022 04:20:40 PM Calculated day 402
06/29/2022 04:20:46 PM Calculated day 403
06/29/2022 04:20:51 PM Calculated day 404
06/29/2022 04:20:57 PM Calculated day 405
06/29/2022 04:21:02 PM Calculated day 406
06/29/2022 04:21:08 PM Calculated day 407
06/29/2022 04:21:14 PM Calculated day 408
06/29/2022 04:21:19 PM Calculated day 409
06/29/2022 04:21:25 PM Calculated day 410
06/29/2022 04:21:30 PM Calculated day 411
06/29/2022 04:21:36 PM Calculated day 412
06/29/2022 04:21:41 PM Calculated day 413
06/29/2022 04:21:47 PM Calculated day 414
06/29/2022 04:21:52 PM Calculated day 415
06/29/2022 04:21:58 PM Calculated day 416
06/29/2022 04:22:03 PM Calculated day 417
06/29/2022 04:22:09 PM Calculated day 418
06/29/2022 04:22:15 PM Calculated day 419
06/29/2022 04:22:20 PM Calculated day 420
06/29/2022 04:22:26 PM Calculated day 421
06/29/2022 04:22:31 PM Calculated day 422
06/29/2022 04:22:37 PM Calculated day 423
06/29/2022 04:22:42 PM Calculated day 424
06/29/2022 04:22:48 PM Calculated day 425
06/29/2022 04:22:53 PM Calculated day 426
06/29/2022 04:22:59 PM Calculated day 427
06/29/2022 04:23:04 PM Calculated day 428
06/29/2022 04:23:10 PM Calculated day 429
06/29/2022 04:23:16 PM Calculated day 430
06/29/2022 04:23:21 PM Calculated day 431
06/29/2022 04:23:27 PM Calculated day 432
06/29/2022 04:23:32 PM Calculated day 433
06/29/2022 04:23:38 PM Calculated day 434
06/29/2022 04:23:43 PM Calculated day 435
06/29/2022 04:23:49 PM Calculated day 436
06/29/2022 04:23:54 PM Calculated day 437
06/29/2022 04:24:00 PM Calculated day 438
06/29/2022 04:24:05 PM Calculated day 439
06/29/2022 04:24:11 PM Calculated day 440
06/29/2022 04:24:17 PM Calculated day 441
06/29/2022 04:24:22 PM Calculated day 442
06/29/2022 04:24:28 PM Calculated day 443
06/29/2022 04:24:33 PM Calculated day 444
06/29/2022 04:24:39 PM Calculated day 445
06/29/2022 04:24:44 PM Calculated day 446
06/29/2022 04:24:50 PM Calculated day 447
06/29/2022 04:24:55 PM Calculated day 448
06/29/2022 04:25:01 PM Calculated day 449
06/29/2022 04:25:06 PM Calculated day 450
06/29/2022 04:25:12 PM Calculated day 451
06/29/2022 04:25:18 PM Calculated day 452
06/29/2022 04:25:23 PM Calculated day 453
06/29/2022 04:25:29 PM Calculated day 454
06/29/2022 04:25:34 PM Calculated day 455
06/29/2022 04:25:40 PM Calculated day 456
06/29/2022 04:25:45 PM Calculated day 457
06/29/2022 04:25:51 PM Calculated day 458
06/29/2022 04:25:56 PM Calculated day 459
06/29/2022 04:26:02 PM Calculated day 460
06/29/2022 04:26:08 PM Calculated day 461
06/29/2022 04:26:13 PM Calculated day 462
06/29/2022 04:26:19 PM Calculated day 463
06/29/2022 04:26:24 PM Calculated day 464
06/29/2022 04:26:30 PM Calculated day 465
06/29/2022 04:26:35 PM Calculated day 466
06/29/2022 04:26:41 PM Calculated day 467
06/29/2022 04:26:46 PM Calculated day 468
06/29/2022 04:26:52 PM Calculated day 469
06/29/2022 04:26:58 PM Calculated day 470
06/29/2022 04:27:03 PM Calculated day 471
06/29/2022 04:27:09 PM Calculated day 472
06/29/2022 04:27:14 PM Calculated day 473
06/29/2022 04:27:20 PM Calculated day 474
06/29/2022 04:27:25 PM Calculated day 475
06/29/2022 04:27:31 PM Calculated day 476
06/29/2022 04:27:36 PM Calculated day 477
06/29/2022 04:27:42 PM Calculated day 478
06/29/2022 04:27:47 PM Calculated day 479
06/29/2022 04:27:53 PM Calculated day 480
06/29/2022 04:27:58 PM Calculated day 481
06/29/2022 04:28:04 PM Calculated day 482
06/29/2022 04:28:10 PM Calculated day 483
06/29/2022 04:28:15 PM Calculated day 484
06/29/2022 04:28:21 PM Calculated day 485
06/29/2022 04:28:26 PM Calculated day 486
06/29/2022 04:28:32 PM Calculated day 487
06/29/2022 04:28:37 PM Calculated day 488
06/29/2022 04:28:43 PM Calculated day 489
06/29/2022 04:28:48 PM Calculated day 490
06/29/2022 04:28:54 PM Calculated day 491
06/29/2022 04:29:00 PM Calculated day 492
06/29/2022 04:29:05 PM Calculated day 493
06/29/2022 04:29:11 PM Calculated day 494
06/29/2022 04:29:16 PM Calculated day 495
06/29/2022 04:29:22 PM Calculated day 496
06/29/2022 04:29:27 PM Calculated day 497
06/29/2022 04:29:33 PM Calculated day 498
06/29/2022 04:29:38 PM Calculated day 499
06/29/2022 04:29:44 PM Calculated day 500
06/29/2022 04:29:50 PM Calculated day 501
06/29/2022 04:29:55 PM Calculated day 502
06/29/2022 04:30:01 PM Calculated day 503
06/29/2022 04:30:06 PM Calculated day 504
06/29/2022 04:30:12 PM Calculated day 505
06/29/2022 04:30:17 PM Calculated day 506
06/29/2022 04:30:23 PM Calculated day 507
06/29/2022 04:30:28 PM Calculated day 508
06/29/2022 04:30:34 PM Calculated day 509
06/29/2022 04:30:40 PM Calculated day 510
06/29/2022 04:30:45 PM Calculated day 511
06/29/2022 04:30:51 PM Calculated day 512
06/29/2022 04:30:56 PM Calculated day 513
06/29/2022 04:31:02 PM Calculated day 514
06/29/2022 04:31:07 PM Calculated day 515
06/29/2022 04:31:13 PM Calculated day 516
06/29/2022 04:31:18 PM Calculated day 517
06/29/2022 04:31:24 PM Calculated day 518
06/29/2022 04:31:29 PM Calculated day 519
06/29/2022 04:31:35 PM Calculated day 520
06/29/2022 04:31:41 PM Calculated day 521
06/29/2022 04:31:46 PM Calculated day 522
06/29/2022 04:31:52 PM Calculated day 523
06/29/2022 04:31:57 PM Calculated day 524
06/29/2022 04:32:03 PM Calculated day 525
06/29/2022 04:32:08 PM Calculated day 526
06/29/2022 04:32:14 PM Calculated day 527
06/29/2022 04:32:19 PM Calculated day 528
06/29/2022 04:32:25 PM Calculated day 529
06/29/2022 04:32:30 PM Calculated day 530
06/29/2022 04:32:36 PM Calculated day 531
06/29/2022 04:32:42 PM Calculated day 532
06/29/2022 04:32:47 PM Calculated day 533
06/29/2022 04:32:53 PM Calculated day 534
06/29/2022 04:32:58 PM Calculated day 535
06/29/2022 04:33:04 PM Calculated day 536
06/29/2022 04:33:09 PM Calculated day 537
06/29/2022 04:33:15 PM Calculated day 538
06/29/2022 04:33:20 PM Calculated day 539
06/29/2022 04:33:26 PM Calculated day 540
06/29/2022 04:33:31 PM Calculated day 541
06/29/2022 04:33:37 PM Calculated day 542
06/29/2022 04:33:42 PM Calculated day 543
06/29/2022 04:33:48 PM Calculated day 544
06/29/2022 04:33:54 PM Calculated day 545
06/29/2022 04:33:59 PM Calculated day 546
06/29/2022 04:34:05 PM Calculated day 547
06/29/2022 04:34:10 PM Calculated day 548
06/29/2022 04:34:16 PM Calculated day 549
06/29/2022 04:34:21 PM Calculated day 550
06/29/2022 04:34:27 PM Calculated day 551
06/29/2022 04:34:32 PM Calculated day 552
06/29/2022 04:34:38 PM Calculated day 553
06/29/2022 04:34:43 PM Calculated day 554
06/29/2022 04:34:49 PM Calculated day 555
06/29/2022 04:34:55 PM Calculated day 556
06/29/2022 04:35:00 PM Calculated day 557
06/29/2022 04:35:06 PM Calculated day 558
06/29/2022 04:35:11 PM Calculated day 559
06/29/2022 04:35:17 PM Calculated day 560
06/29/2022 04:35:22 PM Calculated day 561
06/29/2022 04:35:28 PM Calculated day 562
06/29/2022 04:35:33 PM Calculated day 563
06/29/2022 04:35:39 PM Calculated day 564
06/29/2022 04:35:44 PM Calculated day 565
06/29/2022 04:35:50 PM Calculated day 566
06/29/2022 04:35:56 PM Calculated day 567
06/29/2022 04:36:01 PM Calculated day 568
06/29/2022 04:36:07 PM Calculated day 569
06/29/2022 04:36:12 PM Calculated day 570
06/29/2022 04:36:18 PM Calculated day 571
06/29/2022 04:36:23 PM Calculated day 572
06/29/2022 04:36:29 PM Calculated day 573
06/29/2022 04:36:34 PM Calculated day 574
06/29/2022 04:36:40 PM Calculated day 575
06/29/2022 04:36:46 PM Calculated day 576
06/29/2022 04:36:51 PM Calculated day 577
06/29/2022 04:36:57 PM Calculated day 578
06/29/2022 04:37:02 PM Calculated day 579
06/29/2022 04:37:08 PM Calculated day 580
06/29/2022 04:37:13 PM Calculated day 581
06/29/2022 04:37:19 PM Calculated day 582
06/29/2022 04:37:24 PM Calculated day 583
06/29/2022 04:37:30 PM Calculated day 584
06/29/2022 04:37:35 PM Calculated day 585
06/29/2022 04:37:41 PM Calculated day 586
06/29/2022 04:37:47 PM Calculated day 587
06/29/2022 04:37:52 PM Calculated day 588
06/29/2022 04:37:58 PM Calculated day 589
06/29/2022 04:38:03 PM Calculated day 590
06/29/2022 04:38:09 PM Calculated day 591
06/29/2022 04:38:14 PM Calculated day 592
06/29/2022 04:38:20 PM Calculated day 593
06/29/2022 04:38:25 PM Calculated day 594
06/29/2022 04:38:31 PM Calculated day 595
06/29/2022 04:38:36 PM Calculated day 596
06/29/2022 04:38:42 PM Calculated day 597
06/29/2022 04:38:48 PM Calculated day 598
06/29/2022 04:38:53 PM Calculated day 599
06/29/2022 04:41:45 PM Saved data in /data/pbarpanda/spherical_SWE/initial_value_exps//dt_150_Q_forcing_0_forcing_y_0_Hmean_200_forcing_phase_speed_0_ms/U_up_days_150_mixmodes//H0_1500/
06/29/2022 04:41:46 PM  ========== CODE RAN SUCCESSFULLY, congrats! ================
06/29/2022 04:41:46 PM  -----> Total Time taken = 3498.665  <----
