06/28/2022 04:12:31 PM **********************************
06/28/2022 04:12:31 PM /data/pbarpanda/spherical_SWE/initial_value_exps//dt_150_Q_forcing_0_forcing_y_0_Hmean_500_forcing_phase_speed_0_ms/U_up_days_150_Kelvin/
06/28/2022 04:12:31 PM **********************************
06/28/2022 04:12:31 PM Calculated day 0
06/28/2022 04:12:37 PM Calculated day 1
06/28/2022 04:12:42 PM Calculated day 2
06/28/2022 04:12:49 PM Calculated day 3
06/28/2022 04:12:55 PM Calculated day 4
06/28/2022 04:13:02 PM Calculated day 5
06/28/2022 04:13:09 PM Calculated day 6
06/28/2022 04:13:15 PM Calculated day 7
06/28/2022 04:13:22 PM Calculated day 8
06/28/2022 04:13:28 PM Calculated day 9
06/28/2022 04:13:35 PM Calculated day 10
06/28/2022 04:13:41 PM Calculated day 11
06/28/2022 04:13:48 PM Calculated day 12
06/28/2022 04:13:54 PM Calculated day 13
06/28/2022 04:14:01 PM Calculated day 14
06/28/2022 04:14:07 PM Calculated day 15
06/28/2022 04:14:14 PM Calculated day 16
06/28/2022 04:14:21 PM Calculated day 17
06/28/2022 04:14:27 PM Calculated day 18
06/28/2022 04:14:34 PM Calculated day 19
06/28/2022 04:14:41 PM Calculated day 20
06/28/2022 04:14:47 PM Calculated day 21
06/28/2022 04:14:54 PM Calculated day 22
06/28/2022 04:15:01 PM Calculated day 23
06/28/2022 04:15:08 PM Calculated day 24
06/28/2022 04:15:14 PM Calculated day 25
06/28/2022 04:15:21 PM Calculated day 26
06/28/2022 04:15:28 PM Calculated day 27
06/28/2022 04:15:34 PM Calculated day 28
06/28/2022 04:15:41 PM Calculated day 29
06/28/2022 04:15:48 PM Calculated day 30
06/28/2022 04:15:55 PM Calculated day 31
06/28/2022 04:16:02 PM Calculated day 32
06/28/2022 04:16:08 PM Calculated day 33
06/28/2022 04:16:15 PM Calculated day 34
06/28/2022 04:16:22 PM Calculated day 35
06/28/2022 04:16:29 PM Calculated day 36
06/28/2022 04:16:36 PM Calculated day 37
06/28/2022 04:16:43 PM Calculated day 38
06/28/2022 04:16:50 PM Calculated day 39
06/28/2022 04:16:57 PM Calculated day 40
06/28/2022 04:17:04 PM Calculated day 41
06/28/2022 04:17:11 PM Calculated day 42
06/28/2022 04:17:18 PM Calculated day 43
06/28/2022 04:17:25 PM Calculated day 44
06/28/2022 04:17:32 PM Calculated day 45
06/28/2022 04:17:40 PM Calculated day 46
06/28/2022 04:17:47 PM Calculated day 47
06/28/2022 04:17:54 PM Calculated day 48
06/28/2022 04:18:01 PM Calculated day 49
06/28/2022 04:18:08 PM Calculated day 50
06/28/2022 04:18:16 PM Calculated day 51
06/28/2022 04:18:23 PM Calculated day 52
06/28/2022 04:18:30 PM Calculated day 53
06/28/2022 04:18:37 PM Calculated day 54
06/28/2022 04:18:45 PM Calculated day 55
06/28/2022 04:18:52 PM Calculated day 56
06/28/2022 04:18:59 PM Calculated day 57
06/28/2022 04:19:07 PM Calculated day 58
06/28/2022 04:19:14 PM Calculated day 59
06/28/2022 04:19:21 PM Calculated day 60
06/28/2022 04:19:29 PM Calculated day 61
06/28/2022 04:19:36 PM Calculated day 62
06/28/2022 04:19:44 PM Calculated day 63
06/28/2022 04:19:51 PM Calculated day 64
06/28/2022 04:19:58 PM Calculated day 65
06/28/2022 04:20:06 PM Calculated day 66
06/28/2022 04:20:13 PM Calculated day 67
06/28/2022 04:20:21 PM Calculated day 68
06/28/2022 04:20:28 PM Calculated day 69
06/28/2022 04:20:36 PM Calculated day 70
06/28/2022 04:20:43 PM Calculated day 71
06/28/2022 04:20:51 PM Calculated day 72
06/28/2022 04:20:58 PM Calculated day 73
06/28/2022 04:21:06 PM Calculated day 74
06/28/2022 04:21:13 PM Calculated day 75
06/28/2022 04:21:21 PM Calculated day 76
06/28/2022 04:21:28 PM Calculated day 77
06/28/2022 04:21:36 PM Calculated day 78
06/28/2022 04:21:44 PM Calculated day 79
06/28/2022 04:21:51 PM Calculated day 80
06/28/2022 04:21:59 PM Calculated day 81
06/28/2022 04:22:06 PM Calculated day 82
06/28/2022 04:22:14 PM Calculated day 83
06/28/2022 04:22:22 PM Calculated day 84
06/28/2022 04:22:29 PM Calculated day 85
06/28/2022 04:22:37 PM Calculated day 86
06/28/2022 04:22:45 PM Calculated day 87
06/28/2022 04:22:53 PM Calculated day 88
06/28/2022 04:23:01 PM Calculated day 89
06/28/2022 04:23:08 PM Calculated day 90
06/28/2022 04:23:16 PM Calculated day 91
06/28/2022 04:23:24 PM Calculated day 92
06/28/2022 04:23:32 PM Calculated day 93
06/28/2022 04:23:40 PM Calculated day 94
06/28/2022 04:23:48 PM Calculated day 95
06/28/2022 04:23:56 PM Calculated day 96
06/28/2022 04:24:04 PM Calculated day 97
06/28/2022 04:24:12 PM Calculated day 98
06/28/2022 04:24:20 PM Calculated day 99
06/28/2022 04:24:27 PM Calculated day 100
06/28/2022 04:24:35 PM Calculated day 101
06/28/2022 04:24:43 PM Calculated day 102
06/28/2022 04:24:51 PM Calculated day 103
06/28/2022 04:24:59 PM Calculated day 104
06/28/2022 04:25:07 PM Calculated day 105
06/28/2022 04:25:15 PM Calculated day 106
06/28/2022 04:25:23 PM Calculated day 107
06/28/2022 04:25:32 PM Calculated day 108
06/28/2022 04:25:40 PM Calculated day 109
06/28/2022 04:25:48 PM Calculated day 110
06/28/2022 04:25:56 PM Calculated day 111
06/28/2022 04:26:04 PM Calculated day 112
06/28/2022 04:26:12 PM Calculated day 113
06/28/2022 04:26:20 PM Calculated day 114
06/28/2022 04:26:29 PM Calculated day 115
06/28/2022 04:26:37 PM Calculated day 116
06/28/2022 04:26:45 PM Calculated day 117
06/28/2022 04:26:53 PM Calculated day 118
06/28/2022 04:27:02 PM Calculated day 119
06/28/2022 04:27:10 PM Calculated day 120
06/28/2022 04:27:18 PM Calculated day 121
06/28/2022 04:27:27 PM Calculated day 122
06/28/2022 04:27:35 PM Calculated day 123
06/28/2022 04:27:44 PM Calculated day 124
06/28/2022 04:27:52 PM Calculated day 125
06/28/2022 04:28:00 PM Calculated day 126
06/28/2022 04:28:09 PM Calculated day 127
06/28/2022 04:28:17 PM Calculated day 128
06/28/2022 04:28:26 PM Calculated day 129
06/28/2022 04:28:34 PM Calculated day 130
06/28/2022 04:28:43 PM Calculated day 131
06/28/2022 04:28:51 PM Calculated day 132
06/28/2022 04:29:00 PM Calculated day 133
06/28/2022 04:29:08 PM Calculated day 134
06/28/2022 04:29:17 PM Calculated day 135
06/28/2022 04:29:25 PM Calculated day 136
06/28/2022 04:29:34 PM Calculated day 137
06/28/2022 04:29:43 PM Calculated day 138
06/28/2022 04:29:51 PM Calculated day 139
06/28/2022 04:30:00 PM Calculated day 140
06/28/2022 04:30:08 PM Calculated day 141
06/28/2022 04:30:17 PM Calculated day 142
06/28/2022 04:30:26 PM Calculated day 143
06/28/2022 04:30:35 PM Calculated day 144
06/28/2022 04:30:43 PM Calculated day 145
06/28/2022 04:30:52 PM Calculated day 146
06/28/2022 04:31:00 PM Calculated day 147
06/28/2022 04:31:09 PM Calculated day 148
06/28/2022 04:31:18 PM Calculated day 149
06/28/2022 04:31:27 PM Calculated day 150
06/28/2022 04:31:36 PM Calculated day 151
06/28/2022 04:31:45 PM Calculated day 152
06/28/2022 04:31:54 PM Calculated day 153
06/28/2022 04:32:03 PM Calculated day 154
06/28/2022 04:32:12 PM Calculated day 155
06/28/2022 04:32:21 PM Calculated day 156
06/28/2022 04:32:29 PM Calculated day 157
06/28/2022 04:32:39 PM Calculated day 158
06/28/2022 04:32:48 PM Calculated day 159
06/28/2022 04:32:57 PM Calculated day 160
06/28/2022 04:33:06 PM Calculated day 161
06/28/2022 04:33:15 PM Calculated day 162
06/28/2022 04:33:25 PM Calculated day 163
06/28/2022 04:33:35 PM Calculated day 164
06/28/2022 04:33:45 PM Calculated day 165
06/28/2022 04:33:55 PM Calculated day 166
06/28/2022 04:34:05 PM Calculated day 167
06/28/2022 04:34:14 PM Calculated day 168
06/28/2022 04:34:24 PM Calculated day 169
06/28/2022 04:34:33 PM Calculated day 170
06/28/2022 04:34:42 PM Calculated day 171
06/28/2022 04:34:52 PM Calculated day 172
06/28/2022 04:35:02 PM Calculated day 173
06/28/2022 04:35:11 PM Calculated day 174
06/28/2022 04:35:20 PM Calculated day 175
06/28/2022 04:35:30 PM Calculated day 176
06/28/2022 04:35:39 PM Calculated day 177
06/28/2022 04:35:49 PM Calculated day 178
06/28/2022 04:35:58 PM Calculated day 179
06/28/2022 04:36:08 PM Calculated day 180
06/28/2022 04:36:18 PM Calculated day 181
06/28/2022 04:36:27 PM Calculated day 182
06/28/2022 04:36:37 PM Calculated day 183
06/28/2022 04:36:46 PM Calculated day 184
06/28/2022 04:36:56 PM Calculated day 185
06/28/2022 04:37:06 PM Calculated day 186
06/28/2022 04:37:15 PM Calculated day 187
06/28/2022 04:37:25 PM Calculated day 188
06/28/2022 04:37:35 PM Calculated day 189
06/28/2022 04:37:45 PM Calculated day 190
06/28/2022 04:37:55 PM Calculated day 191
06/28/2022 04:38:04 PM Calculated day 192
06/28/2022 04:38:14 PM Calculated day 193
06/28/2022 04:38:24 PM Calculated day 194
06/28/2022 04:38:34 PM Calculated day 195
06/28/2022 04:38:44 PM Calculated day 196
06/28/2022 04:38:54 PM Calculated day 197
06/28/2022 04:39:04 PM Calculated day 198
06/28/2022 04:39:14 PM Calculated day 199
06/28/2022 04:39:24 PM Calculated day 200
06/28/2022 04:39:34 PM Calculated day 201
06/28/2022 04:39:44 PM Calculated day 202
06/28/2022 04:39:54 PM Calculated day 203
06/28/2022 04:40:04 PM Calculated day 204
06/28/2022 04:40:14 PM Calculated day 205
06/28/2022 04:40:24 PM Calculated day 206
06/28/2022 04:40:34 PM Calculated day 207
06/28/2022 04:40:44 PM Calculated day 208
06/28/2022 04:40:54 PM Calculated day 209
06/28/2022 04:41:05 PM Calculated day 210
06/28/2022 04:41:15 PM Calculated day 211
06/28/2022 04:41:25 PM Calculated day 212
06/28/2022 04:41:35 PM Calculated day 213
06/28/2022 04:41:45 PM Calculated day 214
06/28/2022 04:41:56 PM Calculated day 215
06/28/2022 04:42:06 PM Calculated day 216
06/28/2022 04:42:16 PM Calculated day 217
06/28/2022 04:42:27 PM Calculated day 218
06/28/2022 04:42:37 PM Calculated day 219
06/28/2022 04:42:47 PM Calculated day 220
06/28/2022 04:42:58 PM Calculated day 221
06/28/2022 04:43:08 PM Calculated day 222
06/28/2022 04:43:19 PM Calculated day 223
06/28/2022 04:43:29 PM Calculated day 224
06/28/2022 04:43:39 PM Calculated day 225
06/28/2022 04:43:50 PM Calculated day 226
06/28/2022 04:44:00 PM Calculated day 227
06/28/2022 04:44:11 PM Calculated day 228
06/28/2022 04:44:21 PM Calculated day 229
06/28/2022 04:44:32 PM Calculated day 230
06/28/2022 04:44:43 PM Calculated day 231
06/28/2022 04:44:53 PM Calculated day 232
06/28/2022 04:45:04 PM Calculated day 233
06/28/2022 04:45:14 PM Calculated day 234
06/28/2022 04:45:25 PM Calculated day 235
06/28/2022 04:45:35 PM Calculated day 236
06/28/2022 04:45:46 PM Calculated day 237
06/28/2022 04:45:57 PM Calculated day 238
06/28/2022 04:46:08 PM Calculated day 239
06/28/2022 04:46:18 PM Calculated day 240
06/28/2022 04:46:29 PM Calculated day 241
06/28/2022 04:46:40 PM Calculated day 242
06/28/2022 04:46:51 PM Calculated day 243
06/28/2022 04:47:02 PM Calculated day 244
06/28/2022 04:47:12 PM Calculated day 245
06/28/2022 04:47:23 PM Calculated day 246
06/28/2022 04:47:34 PM Calculated day 247
06/28/2022 04:47:45 PM Calculated day 248
06/28/2022 04:47:56 PM Calculated day 249
06/28/2022 04:48:07 PM Calculated day 250
06/28/2022 04:48:18 PM Calculated day 251
06/28/2022 04:48:29 PM Calculated day 252
06/28/2022 04:48:40 PM Calculated day 253
06/28/2022 04:48:51 PM Calculated day 254
06/28/2022 04:49:02 PM Calculated day 255
06/28/2022 04:49:13 PM Calculated day 256
06/28/2022 04:49:24 PM Calculated day 257
06/28/2022 04:49:36 PM Calculated day 258
06/28/2022 04:49:51 PM Calculated day 259
06/28/2022 04:50:04 PM Calculated day 260
06/28/2022 04:50:18 PM Calculated day 261
06/28/2022 04:50:31 PM Calculated day 262
06/28/2022 04:50:45 PM Calculated day 263
06/28/2022 04:50:58 PM Calculated day 264
06/28/2022 04:51:12 PM Calculated day 265
06/28/2022 04:51:26 PM Calculated day 266
06/28/2022 04:51:39 PM Calculated day 267
06/28/2022 04:51:53 PM Calculated day 268
06/28/2022 04:52:07 PM Calculated day 269
06/28/2022 04:52:21 PM Calculated day 270
06/28/2022 04:52:34 PM Calculated day 271
06/28/2022 04:52:48 PM Calculated day 272
06/28/2022 04:53:02 PM Calculated day 273
06/28/2022 04:53:16 PM Calculated day 274
06/28/2022 04:53:30 PM Calculated day 275
06/28/2022 04:53:44 PM Calculated day 276
06/28/2022 04:53:58 PM Calculated day 277
06/28/2022 04:54:11 PM Calculated day 278
06/28/2022 04:54:25 PM Calculated day 279
06/28/2022 04:54:39 PM Calculated day 280
06/28/2022 04:54:53 PM Calculated day 281
06/28/2022 04:55:08 PM Calculated day 282
06/28/2022 04:55:22 PM Calculated day 283
06/28/2022 04:55:36 PM Calculated day 284
06/28/2022 04:55:50 PM Calculated day 285
06/28/2022 04:56:04 PM Calculated day 286
06/28/2022 04:56:18 PM Calculated day 287
06/28/2022 04:56:33 PM Calculated day 288
06/28/2022 04:56:47 PM Calculated day 289
06/28/2022 04:57:02 PM Calculated day 290
06/28/2022 04:57:16 PM Calculated day 291
06/28/2022 04:57:30 PM Calculated day 292
06/28/2022 04:57:45 PM Calculated day 293
06/28/2022 04:57:59 PM Calculated day 294
06/28/2022 04:58:14 PM Calculated day 295
06/28/2022 04:58:28 PM Calculated day 296
06/28/2022 04:58:43 PM Calculated day 297
06/28/2022 04:58:57 PM Calculated day 298
06/28/2022 04:59:12 PM Calculated day 299
06/28/2022 04:59:31 PM Calculated day 300
06/28/2022 04:59:45 PM Calculated day 301
06/28/2022 05:00:00 PM Calculated day 302
06/28/2022 05:00:14 PM Calculated day 303
06/28/2022 05:00:29 PM Calculated day 304
06/28/2022 05:00:44 PM Calculated day 305
06/28/2022 05:00:59 PM Calculated day 306
06/28/2022 05:01:13 PM Calculated day 307
06/28/2022 05:01:28 PM Calculated day 308
06/28/2022 05:01:48 PM Calculated day 309
06/28/2022 05:02:03 PM Calculated day 310
06/28/2022 05:02:18 PM Calculated day 311
06/28/2022 05:02:33 PM Calculated day 312
06/28/2022 05:02:48 PM Calculated day 313
06/28/2022 05:03:03 PM Calculated day 314
06/28/2022 05:03:19 PM Calculated day 315
06/28/2022 05:03:34 PM Calculated day 316
06/28/2022 05:03:49 PM Calculated day 317
06/28/2022 05:04:04 PM Calculated day 318
06/28/2022 05:04:19 PM Calculated day 319
06/28/2022 05:04:34 PM Calculated day 320
06/28/2022 05:04:49 PM Calculated day 321
06/28/2022 05:05:04 PM Calculated day 322
06/28/2022 05:05:19 PM Calculated day 323
06/28/2022 05:05:35 PM Calculated day 324
06/28/2022 05:05:50 PM Calculated day 325
06/28/2022 05:06:05 PM Calculated day 326
06/28/2022 05:06:21 PM Calculated day 327
06/28/2022 05:06:36 PM Calculated day 328
06/28/2022 05:06:52 PM Calculated day 329
06/28/2022 05:07:07 PM Calculated day 330
06/28/2022 05:07:22 PM Calculated day 331
06/28/2022 05:07:38 PM Calculated day 332
06/28/2022 05:07:53 PM Calculated day 333
06/28/2022 05:08:09 PM Calculated day 334
06/28/2022 05:08:24 PM Calculated day 335
06/28/2022 05:08:40 PM Calculated day 336
06/28/2022 05:08:56 PM Calculated day 337
06/28/2022 05:09:11 PM Calculated day 338
06/28/2022 05:09:27 PM Calculated day 339
06/28/2022 05:09:42 PM Calculated day 340
06/28/2022 05:09:58 PM Calculated day 341
06/28/2022 05:10:14 PM Calculated day 342
06/28/2022 05:10:30 PM Calculated day 343
06/28/2022 05:10:45 PM Calculated day 344
06/28/2022 05:11:01 PM Calculated day 345
06/28/2022 05:11:17 PM Calculated day 346
06/28/2022 05:11:33 PM Calculated day 347
06/28/2022 05:11:49 PM Calculated day 348
06/28/2022 05:12:05 PM Calculated day 349
06/28/2022 05:12:20 PM Calculated day 350
06/28/2022 05:12:37 PM Calculated day 351
06/28/2022 05:12:52 PM Calculated day 352
06/28/2022 05:13:09 PM Calculated day 353
06/28/2022 05:13:25 PM Calculated day 354
06/28/2022 05:13:41 PM Calculated day 355
06/28/2022 05:13:57 PM Calculated day 356
06/28/2022 05:14:13 PM Calculated day 357
06/28/2022 05:14:29 PM Calculated day 358
06/28/2022 05:14:46 PM Calculated day 359
06/28/2022 05:15:02 PM Calculated day 360
06/28/2022 05:15:18 PM Calculated day 361
06/28/2022 05:15:35 PM Calculated day 362
06/28/2022 05:15:51 PM Calculated day 363
06/28/2022 05:16:07 PM Calculated day 364
06/28/2022 05:16:23 PM Calculated day 365
06/28/2022 05:16:40 PM Calculated day 366
06/28/2022 05:16:56 PM Calculated day 367
06/28/2022 05:17:13 PM Calculated day 368
06/28/2022 05:17:29 PM Calculated day 369
06/28/2022 05:17:46 PM Calculated day 370
06/28/2022 05:18:02 PM Calculated day 371
06/28/2022 05:18:19 PM Calculated day 372
06/28/2022 05:18:35 PM Calculated day 373
06/28/2022 05:18:52 PM Calculated day 374
06/28/2022 05:19:09 PM Calculated day 375
06/28/2022 05:19:25 PM Calculated day 376
06/28/2022 05:19:42 PM Calculated day 377
06/28/2022 05:19:59 PM Calculated day 378
06/28/2022 05:20:15 PM Calculated day 379
06/28/2022 05:20:32 PM Calculated day 380
06/28/2022 05:20:49 PM Calculated day 381
06/28/2022 05:21:05 PM Calculated day 382
06/28/2022 05:21:22 PM Calculated day 383
06/28/2022 05:21:39 PM Calculated day 384
06/28/2022 05:21:56 PM Calculated day 385
06/28/2022 05:22:13 PM Calculated day 386
06/28/2022 05:22:30 PM Calculated day 387
06/28/2022 05:22:47 PM Calculated day 388
06/28/2022 05:23:04 PM Calculated day 389
06/28/2022 05:23:21 PM Calculated day 390
06/28/2022 05:23:38 PM Calculated day 391
06/28/2022 05:23:55 PM Calculated day 392
06/28/2022 05:24:12 PM Calculated day 393
06/28/2022 05:24:29 PM Calculated day 394
06/28/2022 05:24:47 PM Calculated day 395
06/28/2022 05:25:04 PM Calculated day 396
06/28/2022 05:25:21 PM Calculated day 397
06/28/2022 05:25:38 PM Calculated day 398
06/28/2022 05:25:55 PM Calculated day 399
06/28/2022 05:26:14 PM Calculated day 400
06/28/2022 05:26:32 PM Calculated day 401
06/28/2022 05:26:50 PM Calculated day 402
06/28/2022 05:27:07 PM Calculated day 403
06/28/2022 05:27:25 PM Calculated day 404
06/28/2022 05:27:42 PM Calculated day 405
06/28/2022 05:28:00 PM Calculated day 406
06/28/2022 05:28:17 PM Calculated day 407
06/28/2022 05:28:35 PM Calculated day 408
06/28/2022 05:28:53 PM Calculated day 409
06/28/2022 05:29:10 PM Calculated day 410
06/28/2022 05:29:28 PM Calculated day 411
06/28/2022 05:29:45 PM Calculated day 412
06/28/2022 05:30:03 PM Calculated day 413
06/28/2022 05:30:21 PM Calculated day 414
06/28/2022 05:30:38 PM Calculated day 415
06/28/2022 05:30:56 PM Calculated day 416
06/28/2022 05:31:14 PM Calculated day 417
06/28/2022 05:31:32 PM Calculated day 418
06/28/2022 05:31:49 PM Calculated day 419
06/28/2022 05:32:07 PM Calculated day 420
06/28/2022 05:32:25 PM Calculated day 421
06/28/2022 05:32:43 PM Calculated day 422
06/28/2022 05:33:01 PM Calculated day 423
06/28/2022 05:33:19 PM Calculated day 424
06/28/2022 05:33:37 PM Calculated day 425
06/28/2022 05:33:55 PM Calculated day 426
06/28/2022 05:34:13 PM Calculated day 427
06/28/2022 05:34:31 PM Calculated day 428
06/28/2022 05:34:49 PM Calculated day 429
06/28/2022 05:35:07 PM Calculated day 430
06/28/2022 05:35:25 PM Calculated day 431
06/28/2022 05:35:43 PM Calculated day 432
06/28/2022 05:36:02 PM Calculated day 433
06/28/2022 05:36:20 PM Calculated day 434
06/28/2022 05:36:38 PM Calculated day 435
06/28/2022 05:36:56 PM Calculated day 436
06/28/2022 05:37:14 PM Calculated day 437
06/28/2022 05:37:33 PM Calculated day 438
06/28/2022 05:37:51 PM Calculated day 439
06/28/2022 05:38:09 PM Calculated day 440
06/28/2022 05:38:28 PM Calculated day 441
06/28/2022 05:38:46 PM Calculated day 442
06/28/2022 05:39:05 PM Calculated day 443
06/28/2022 05:39:23 PM Calculated day 444
06/28/2022 05:39:42 PM Calculated day 445
06/28/2022 05:40:00 PM Calculated day 446
06/28/2022 05:40:19 PM Calculated day 447
06/28/2022 05:40:37 PM Calculated day 448
06/28/2022 05:40:56 PM Calculated day 449
06/28/2022 05:41:14 PM Calculated day 450
06/28/2022 05:41:33 PM Calculated day 451
06/28/2022 05:41:52 PM Calculated day 452
06/28/2022 05:42:11 PM Calculated day 453
06/28/2022 05:42:29 PM Calculated day 454
06/28/2022 05:42:48 PM Calculated day 455
06/28/2022 05:43:07 PM Calculated day 456
06/28/2022 05:43:26 PM Calculated day 457
06/28/2022 05:43:45 PM Calculated day 458
06/28/2022 05:44:04 PM Calculated day 459
06/28/2022 05:44:23 PM Calculated day 460
06/28/2022 05:44:41 PM Calculated day 461
06/28/2022 05:45:00 PM Calculated day 462
06/28/2022 05:45:19 PM Calculated day 463
06/28/2022 05:45:38 PM Calculated day 464
06/28/2022 05:45:58 PM Calculated day 465
06/28/2022 05:46:17 PM Calculated day 466
06/28/2022 05:46:36 PM Calculated day 467
06/28/2022 05:46:55 PM Calculated day 468
06/28/2022 05:47:15 PM Calculated day 469
06/28/2022 05:47:34 PM Calculated day 470
06/28/2022 05:47:53 PM Calculated day 471
06/28/2022 05:48:12 PM Calculated day 472
06/28/2022 05:48:32 PM Calculated day 473
06/28/2022 05:48:51 PM Calculated day 474
06/28/2022 05:49:11 PM Calculated day 475
06/28/2022 05:49:30 PM Calculated day 476
06/28/2022 05:49:49 PM Calculated day 477
06/28/2022 05:50:09 PM Calculated day 478
06/28/2022 05:50:28 PM Calculated day 479
06/28/2022 05:50:48 PM Calculated day 480
06/28/2022 05:51:07 PM Calculated day 481
06/28/2022 05:51:27 PM Calculated day 482
06/28/2022 05:51:46 PM Calculated day 483
06/28/2022 05:52:06 PM Calculated day 484
06/28/2022 05:52:26 PM Calculated day 485
06/28/2022 05:52:45 PM Calculated day 486
06/28/2022 05:53:06 PM Calculated day 487
06/28/2022 05:53:26 PM Calculated day 488
06/28/2022 05:53:47 PM Calculated day 489
06/28/2022 05:54:08 PM Calculated day 490
06/28/2022 05:54:30 PM Calculated day 491
06/28/2022 05:54:53 PM Calculated day 492
06/28/2022 05:55:14 PM Calculated day 493
06/28/2022 05:55:36 PM Calculated day 494
06/28/2022 05:55:58 PM Calculated day 495
06/28/2022 05:56:19 PM Calculated day 496
06/28/2022 05:56:41 PM Calculated day 497
06/28/2022 05:57:04 PM Calculated day 498
06/28/2022 05:57:25 PM Calculated day 499
06/28/2022 05:57:48 PM Calculated day 500
06/28/2022 05:58:10 PM Calculated day 501
06/28/2022 05:58:32 PM Calculated day 502
06/28/2022 05:58:55 PM Calculated day 503
06/28/2022 05:59:17 PM Calculated day 504
06/28/2022 05:59:41 PM Calculated day 505
06/28/2022 06:00:04 PM Calculated day 506
06/28/2022 06:00:27 PM Calculated day 507
06/28/2022 06:00:57 PM Calculated day 508
06/28/2022 06:01:20 PM Calculated day 509
06/28/2022 06:01:44 PM Calculated day 510
06/28/2022 06:02:08 PM Calculated day 511
06/28/2022 06:02:32 PM Calculated day 512
06/28/2022 06:02:55 PM Calculated day 513
06/28/2022 06:03:19 PM Calculated day 514
06/28/2022 06:03:42 PM Calculated day 515
06/28/2022 06:04:06 PM Calculated day 516
06/28/2022 06:04:29 PM Calculated day 517
06/28/2022 06:04:52 PM Calculated day 518
06/28/2022 06:05:16 PM Calculated day 519
06/28/2022 06:05:39 PM Calculated day 520
06/28/2022 06:06:02 PM Calculated day 521
06/28/2022 06:06:26 PM Calculated day 522
06/28/2022 06:06:49 PM Calculated day 523
06/28/2022 06:07:12 PM Calculated day 524
06/28/2022 06:07:36 PM Calculated day 525
06/28/2022 06:07:59 PM Calculated day 526
06/28/2022 06:08:23 PM Calculated day 527
06/28/2022 06:08:47 PM Calculated day 528
06/28/2022 06:09:11 PM Calculated day 529
06/28/2022 06:09:35 PM Calculated day 530
06/28/2022 06:09:59 PM Calculated day 531
06/28/2022 06:10:23 PM Calculated day 532
06/28/2022 06:10:47 PM Calculated day 533
06/28/2022 06:11:11 PM Calculated day 534
06/28/2022 06:11:35 PM Calculated day 535
06/28/2022 06:12:00 PM Calculated day 536
06/28/2022 06:12:24 PM Calculated day 537
06/28/2022 06:12:48 PM Calculated day 538
06/28/2022 06:13:13 PM Calculated day 539
06/28/2022 06:13:38 PM Calculated day 540
06/28/2022 06:14:03 PM Calculated day 541
06/28/2022 06:14:27 PM Calculated day 542
06/28/2022 06:14:52 PM Calculated day 543
06/28/2022 06:15:17 PM Calculated day 544
06/28/2022 06:15:43 PM Calculated day 545
06/28/2022 06:16:09 PM Calculated day 546
06/28/2022 06:16:36 PM Calculated day 547
06/28/2022 06:17:02 PM Calculated day 548
06/28/2022 06:17:27 PM Calculated day 549
06/28/2022 06:17:53 PM Calculated day 550
06/28/2022 06:18:18 PM Calculated day 551
06/28/2022 06:18:43 PM Calculated day 552
06/28/2022 06:19:09 PM Calculated day 553
06/28/2022 06:19:35 PM Calculated day 554
06/28/2022 06:20:00 PM Calculated day 555
06/28/2022 06:20:26 PM Calculated day 556
06/28/2022 06:20:52 PM Calculated day 557
06/28/2022 06:21:18 PM Calculated day 558
06/28/2022 06:21:44 PM Calculated day 559
06/28/2022 06:22:10 PM Calculated day 560
06/28/2022 06:22:36 PM Calculated day 561
06/28/2022 06:23:02 PM Calculated day 562
06/28/2022 06:23:29 PM Calculated day 563
06/28/2022 06:23:56 PM Calculated day 564
06/28/2022 06:24:23 PM Calculated day 565
06/28/2022 06:24:51 PM Calculated day 566
06/28/2022 06:25:19 PM Calculated day 567
06/28/2022 06:25:47 PM Calculated day 568
06/28/2022 06:26:17 PM Calculated day 569
06/28/2022 06:26:47 PM Calculated day 570
06/28/2022 06:27:17 PM Calculated day 571
06/28/2022 06:27:47 PM Calculated day 572
06/28/2022 06:28:17 PM Calculated day 573
06/28/2022 06:28:48 PM Calculated day 574
06/28/2022 06:29:19 PM Calculated day 575
06/28/2022 06:29:50 PM Calculated day 576
06/28/2022 06:30:22 PM Calculated day 577
06/28/2022 06:30:55 PM Calculated day 578
06/28/2022 06:31:30 PM Calculated day 579
06/28/2022 06:32:05 PM Calculated day 580
06/28/2022 06:32:40 PM Calculated day 581
06/28/2022 06:33:15 PM Calculated day 582
06/28/2022 06:33:51 PM Calculated day 583
06/28/2022 06:34:29 PM Calculated day 584
06/28/2022 06:35:06 PM Calculated day 585
06/28/2022 06:35:43 PM Calculated day 586
06/28/2022 06:36:21 PM Calculated day 587
06/28/2022 06:36:59 PM Calculated day 588
06/28/2022 06:37:37 PM Calculated day 589
06/28/2022 06:38:15 PM Calculated day 590
06/28/2022 06:38:53 PM Calculated day 591
06/28/2022 06:39:31 PM Calculated day 592
06/28/2022 06:40:10 PM Calculated day 593
06/28/2022 06:40:48 PM Calculated day 594
06/28/2022 06:41:26 PM Calculated day 595
06/28/2022 06:42:05 PM Calculated day 596
06/28/2022 06:42:44 PM Calculated day 597
06/28/2022 06:43:23 PM Calculated day 598
06/28/2022 06:44:02 PM Calculated day 599
06/28/2022 06:47:32 PM Saved data in /data/pbarpanda/spherical_SWE/initial_value_exps//dt_150_Q_forcing_0_forcing_y_0_Hmean_500_forcing_phase_speed_0_ms/U_up_days_150_Kelvin//H0_2000/
06/28/2022 06:47:34 PM  ========== CODE RAN SUCCESSFULLY, congrats! ================
06/28/2022 06:47:34 PM  -----> Total Time taken = 9308.735  <----
