06/29/2022 04:41:51 PM **********************************
06/29/2022 04:41:51 PM /data/pbarpanda/spherical_SWE/initial_value_exps//dt_150_Q_forcing_0_forcing_y_0_Hmean_200_forcing_phase_speed_0_ms/U_up_days_150_mixmodes/
06/29/2022 04:41:51 PM **********************************
06/29/2022 04:41:51 PM Calculated day 0
06/29/2022 04:41:57 PM Calculated day 1
06/29/2022 04:42:02 PM Calculated day 2
06/29/2022 04:42:08 PM Calculated day 3
06/29/2022 04:42:13 PM Calculated day 4
06/29/2022 04:42:19 PM Calculated day 5
06/29/2022 04:42:25 PM Calculated day 6
06/29/2022 04:42:30 PM Calculated day 7
06/29/2022 04:42:36 PM Calculated day 8
06/29/2022 04:42:41 PM Calculated day 9
06/29/2022 04:42:47 PM Calculated day 10
06/29/2022 04:42:52 PM Calculated day 11
06/29/2022 04:42:58 PM Calculated day 12
06/29/2022 04:43:03 PM Calculated day 13
06/29/2022 04:43:09 PM Calculated day 14
06/29/2022 04:43:14 PM Calculated day 15
06/29/2022 04:43:20 PM Calculated day 16
06/29/2022 04:43:25 PM Calculated day 17
06/29/2022 04:43:31 PM Calculated day 18
06/29/2022 04:43:37 PM Calculated day 19
06/29/2022 04:43:42 PM Calculated day 20
06/29/2022 04:43:48 PM Calculated day 21
06/29/2022 04:43:53 PM Calculated day 22
06/29/2022 04:43:59 PM Calculated day 23
06/29/2022 04:44:04 PM Calculated day 24
06/29/2022 04:44:10 PM Calculated day 25
06/29/2022 04:44:15 PM Calculated day 26
06/29/2022 04:44:21 PM Calculated day 27
06/29/2022 04:44:26 PM Calculated day 28
06/29/2022 04:44:32 PM Calculated day 29
06/29/2022 04:44:37 PM Calculated day 30
06/29/2022 04:44:43 PM Calculated day 31
06/29/2022 04:44:48 PM Calculated day 32
06/29/2022 04:44:54 PM Calculated day 33
06/29/2022 04:45:00 PM Calculated day 34
06/29/2022 04:45:05 PM Calculated day 35
06/29/2022 04:45:11 PM Calculated day 36
06/29/2022 04:45:16 PM Calculated day 37
06/29/2022 04:45:22 PM Calculated day 38
06/29/2022 04:45:27 PM Calculated day 39
06/29/2022 04:45:33 PM Calculated day 40
06/29/2022 04:45:38 PM Calculated day 41
06/29/2022 04:45:44 PM Calculated day 42
06/29/2022 04:45:49 PM Calculated day 43
06/29/2022 04:45:55 PM Calculated day 44
06/29/2022 04:46:00 PM Calculated day 45
06/29/2022 04:46:06 PM Calculated day 46
06/29/2022 04:46:12 PM Calculated day 47
06/29/2022 04:46:17 PM Calculated day 48
06/29/2022 04:46:23 PM Calculated day 49
06/29/2022 04:46:28 PM Calculated day 50
06/29/2022 04:46:34 PM Calculated day 51
06/29/2022 04:46:39 PM Calculated day 52
06/29/2022 04:46:45 PM Calculated day 53
06/29/2022 04:46:50 PM Calculated day 54
06/29/2022 04:46:56 PM Calculated day 55
06/29/2022 04:47:01 PM Calculated day 56
06/29/2022 04:47:07 PM Calculated day 57
06/29/2022 04:47:12 PM Calculated day 58
06/29/2022 04:47:18 PM Calculated day 59
06/29/2022 04:47:24 PM Calculated day 60
06/29/2022 04:47:29 PM Calculated day 61
06/29/2022 04:47:35 PM Calculated day 62
06/29/2022 04:47:40 PM Calculated day 63
06/29/2022 04:47:46 PM Calculated day 64
06/29/2022 04:47:51 PM Calculated day 65
06/29/2022 04:47:57 PM Calculated day 66
06/29/2022 04:48:02 PM Calculated day 67
06/29/2022 04:48:08 PM Calculated day 68
06/29/2022 04:48:13 PM Calculated day 69
06/29/2022 04:48:19 PM Calculated day 70
06/29/2022 04:48:24 PM Calculated day 71
06/29/2022 04:48:30 PM Calculated day 72
06/29/2022 04:48:35 PM Calculated day 73
06/29/2022 04:48:40 PM Calculated day 74
06/29/2022 04:48:46 PM Calculated day 75
06/29/2022 04:48:52 PM Calculated day 76
06/29/2022 04:48:57 PM Calculated day 77
06/29/2022 04:49:02 PM Calculated day 78
06/29/2022 04:49:08 PM Calculated day 79
06/29/2022 04:49:13 PM Calculated day 80
06/29/2022 04:49:19 PM Calculated day 81
06/29/2022 04:49:25 PM Calculated day 82
06/29/2022 04:49:30 PM Calculated day 83
06/29/2022 04:49:36 PM Calculated day 84
06/29/2022 04:49:41 PM Calculated day 85
06/29/2022 04:49:47 PM Calculated day 86
06/29/2022 04:49:52 PM Calculated day 87
06/29/2022 04:49:58 PM Calculated day 88
06/29/2022 04:50:03 PM Calculated day 89
06/29/2022 04:50:09 PM Calculated day 90
06/29/2022 04:50:14 PM Calculated day 91
06/29/2022 04:50:20 PM Calculated day 92
06/29/2022 04:50:25 PM Calculated day 93
06/29/2022 04:50:31 PM Calculated day 94
06/29/2022 04:50:36 PM Calculated day 95
06/29/2022 04:50:42 PM Calculated day 96
06/29/2022 04:50:47 PM Calculated day 97
06/29/2022 04:50:53 PM Calculated day 98
06/29/2022 04:50:58 PM Calculated day 99
06/29/2022 04:51:04 PM Calculated day 100
06/29/2022 04:51:10 PM Calculated day 101
06/29/2022 04:51:15 PM Calculated day 102
06/29/2022 04:51:21 PM Calculated day 103
06/29/2022 04:51:26 PM Calculated day 104
06/29/2022 04:51:32 PM Calculated day 105
06/29/2022 04:51:37 PM Calculated day 106
06/29/2022 04:51:43 PM Calculated day 107
06/29/2022 04:51:48 PM Calculated day 108
06/29/2022 04:51:54 PM Calculated day 109
06/29/2022 04:51:59 PM Calculated day 110
06/29/2022 04:52:05 PM Calculated day 111
06/29/2022 04:52:10 PM Calculated day 112
06/29/2022 04:52:16 PM Calculated day 113
06/29/2022 04:52:21 PM Calculated day 114
06/29/2022 04:52:27 PM Calculated day 115
06/29/2022 04:52:32 PM Calculated day 116
06/29/2022 04:52:38 PM Calculated day 117
06/29/2022 04:52:44 PM Calculated day 118
06/29/2022 04:52:49 PM Calculated day 119
06/29/2022 04:52:55 PM Calculated day 120
06/29/2022 04:53:00 PM Calculated day 121
06/29/2022 04:53:06 PM Calculated day 122
06/29/2022 04:53:11 PM Calculated day 123
06/29/2022 04:53:17 PM Calculated day 124
06/29/2022 04:53:22 PM Calculated day 125
06/29/2022 04:53:28 PM Calculated day 126
06/29/2022 04:53:33 PM Calculated day 127
06/29/2022 04:53:39 PM Calculated day 128
06/29/2022 04:53:44 PM Calculated day 129
06/29/2022 04:53:50 PM Calculated day 130
06/29/2022 04:53:56 PM Calculated day 131
06/29/2022 04:54:01 PM Calculated day 132
06/29/2022 04:54:07 PM Calculated day 133
06/29/2022 04:54:12 PM Calculated day 134
06/29/2022 04:54:18 PM Calculated day 135
06/29/2022 04:54:23 PM Calculated day 136
06/29/2022 04:54:29 PM Calculated day 137
06/29/2022 04:54:34 PM Calculated day 138
06/29/2022 04:54:40 PM Calculated day 139
06/29/2022 04:54:45 PM Calculated day 140
06/29/2022 04:54:51 PM Calculated day 141
06/29/2022 04:54:57 PM Calculated day 142
06/29/2022 04:55:02 PM Calculated day 143
06/29/2022 04:55:08 PM Calculated day 144
06/29/2022 04:55:13 PM Calculated day 145
06/29/2022 04:55:19 PM Calculated day 146
06/29/2022 04:55:24 PM Calculated day 147
06/29/2022 04:55:30 PM Calculated day 148
06/29/2022 04:55:35 PM Calculated day 149
06/29/2022 04:55:41 PM Calculated day 150
06/29/2022 04:55:47 PM Calculated day 151
06/29/2022 04:55:52 PM Calculated day 152
06/29/2022 04:55:58 PM Calculated day 153
06/29/2022 04:56:04 PM Calculated day 154
06/29/2022 04:56:10 PM Calculated day 155
06/29/2022 04:56:16 PM Calculated day 156
06/29/2022 04:56:22 PM Calculated day 157
06/29/2022 04:56:28 PM Calculated day 158
06/29/2022 04:56:34 PM Calculated day 159
06/29/2022 04:56:39 PM Calculated day 160
06/29/2022 04:56:45 PM Calculated day 161
06/29/2022 04:56:50 PM Calculated day 162
06/29/2022 04:56:56 PM Calculated day 163
06/29/2022 04:57:02 PM Calculated day 164
06/29/2022 04:57:07 PM Calculated day 165
06/29/2022 04:57:13 PM Calculated day 166
06/29/2022 04:57:18 PM Calculated day 167
06/29/2022 04:57:24 PM Calculated day 168
06/29/2022 04:57:29 PM Calculated day 169
06/29/2022 04:57:35 PM Calculated day 170
06/29/2022 04:57:40 PM Calculated day 171
06/29/2022 04:57:46 PM Calculated day 172
06/29/2022 04:57:51 PM Calculated day 173
06/29/2022 04:57:57 PM Calculated day 174
06/29/2022 04:58:03 PM Calculated day 175
06/29/2022 04:58:08 PM Calculated day 176
06/29/2022 04:58:14 PM Calculated day 177
06/29/2022 04:58:19 PM Calculated day 178
06/29/2022 04:58:25 PM Calculated day 179
06/29/2022 04:58:30 PM Calculated day 180
06/29/2022 04:58:36 PM Calculated day 181
06/29/2022 04:58:41 PM Calculated day 182
06/29/2022 04:58:47 PM Calculated day 183
06/29/2022 04:58:52 PM Calculated day 184
06/29/2022 04:58:58 PM Calculated day 185
06/29/2022 04:59:04 PM Calculated day 186
06/29/2022 04:59:09 PM Calculated day 187
06/29/2022 04:59:15 PM Calculated day 188
06/29/2022 04:59:20 PM Calculated day 189
06/29/2022 04:59:26 PM Calculated day 190
06/29/2022 04:59:31 PM Calculated day 191
06/29/2022 04:59:37 PM Calculated day 192
06/29/2022 04:59:42 PM Calculated day 193
06/29/2022 04:59:48 PM Calculated day 194
06/29/2022 04:59:53 PM Calculated day 195
06/29/2022 04:59:59 PM Calculated day 196
06/29/2022 05:00:05 PM Calculated day 197
06/29/2022 05:00:10 PM Calculated day 198
06/29/2022 05:00:16 PM Calculated day 199
06/29/2022 05:00:21 PM Calculated day 200
06/29/2022 05:00:27 PM Calculated day 201
06/29/2022 05:00:32 PM Calculated day 202
06/29/2022 05:00:38 PM Calculated day 203
06/29/2022 05:00:43 PM Calculated day 204
06/29/2022 05:00:49 PM Calculated day 205
06/29/2022 05:00:54 PM Calculated day 206
06/29/2022 05:01:00 PM Calculated day 207
06/29/2022 05:01:05 PM Calculated day 208
06/29/2022 05:01:11 PM Calculated day 209
06/29/2022 05:01:17 PM Calculated day 210
06/29/2022 05:01:22 PM Calculated day 211
06/29/2022 05:01:28 PM Calculated day 212
06/29/2022 05:01:33 PM Calculated day 213
06/29/2022 05:01:39 PM Calculated day 214
06/29/2022 05:01:44 PM Calculated day 215
06/29/2022 05:01:50 PM Calculated day 216
06/29/2022 05:01:55 PM Calculated day 217
06/29/2022 05:02:01 PM Calculated day 218
06/29/2022 05:02:06 PM Calculated day 219
06/29/2022 05:02:12 PM Calculated day 220
06/29/2022 05:02:17 PM Calculated day 221
06/29/2022 05:02:23 PM Calculated day 222
06/29/2022 05:02:29 PM Calculated day 223
06/29/2022 05:02:34 PM Calculated day 224
06/29/2022 05:02:40 PM Calculated day 225
06/29/2022 05:02:45 PM Calculated day 226
06/29/2022 05:02:51 PM Calculated day 227
06/29/2022 05:02:56 PM Calculated day 228
06/29/2022 05:03:02 PM Calculated day 229
06/29/2022 05:03:07 PM Calculated day 230
06/29/2022 05:03:13 PM Calculated day 231
06/29/2022 05:03:18 PM Calculated day 232
06/29/2022 05:03:24 PM Calculated day 233
06/29/2022 05:03:30 PM Calculated day 234
06/29/2022 05:03:35 PM Calculated day 235
06/29/2022 05:03:41 PM Calculated day 236
06/29/2022 05:03:46 PM Calculated day 237
06/29/2022 05:03:52 PM Calculated day 238
06/29/2022 05:03:57 PM Calculated day 239
06/29/2022 05:04:03 PM Calculated day 240
06/29/2022 05:04:08 PM Calculated day 241
06/29/2022 05:04:14 PM Calculated day 242
06/29/2022 05:04:19 PM Calculated day 243
06/29/2022 05:04:25 PM Calculated day 244
06/29/2022 05:04:31 PM Calculated day 245
06/29/2022 05:04:36 PM Calculated day 246
06/29/2022 05:04:42 PM Calculated day 247
06/29/2022 05:04:47 PM Calculated day 248
06/29/2022 05:04:53 PM Calculated day 249
06/29/2022 05:04:58 PM Calculated day 250
06/29/2022 05:05:04 PM Calculated day 251
06/29/2022 05:05:09 PM Calculated day 252
06/29/2022 05:05:15 PM Calculated day 253
06/29/2022 05:05:20 PM Calculated day 254
06/29/2022 05:05:26 PM Calculated day 255
06/29/2022 05:05:32 PM Calculated day 256
06/29/2022 05:05:37 PM Calculated day 257
06/29/2022 05:05:43 PM Calculated day 258
06/29/2022 05:05:48 PM Calculated day 259
06/29/2022 05:05:54 PM Calculated day 260
06/29/2022 05:05:59 PM Calculated day 261
06/29/2022 05:06:05 PM Calculated day 262
06/29/2022 05:06:10 PM Calculated day 263
06/29/2022 05:06:16 PM Calculated day 264
06/29/2022 05:06:21 PM Calculated day 265
06/29/2022 05:06:27 PM Calculated day 266
06/29/2022 05:06:33 PM Calculated day 267
06/29/2022 05:06:38 PM Calculated day 268
06/29/2022 05:06:44 PM Calculated day 269
06/29/2022 05:06:49 PM Calculated day 270
06/29/2022 05:06:55 PM Calculated day 271
06/29/2022 05:07:00 PM Calculated day 272
06/29/2022 05:07:06 PM Calculated day 273
06/29/2022 05:07:11 PM Calculated day 274
06/29/2022 05:07:17 PM Calculated day 275
06/29/2022 05:07:22 PM Calculated day 276
06/29/2022 05:07:28 PM Calculated day 277
06/29/2022 05:07:34 PM Calculated day 278
06/29/2022 05:07:39 PM Calculated day 279
06/29/2022 05:07:45 PM Calculated day 280
06/29/2022 05:07:50 PM Calculated day 281
06/29/2022 05:07:56 PM Calculated day 282
06/29/2022 05:08:01 PM Calculated day 283
06/29/2022 05:08:07 PM Calculated day 284
06/29/2022 05:08:12 PM Calculated day 285
06/29/2022 05:08:18 PM Calculated day 286
06/29/2022 05:08:23 PM Calculated day 287
06/29/2022 05:08:29 PM Calculated day 288
06/29/2022 05:08:35 PM Calculated day 289
06/29/2022 05:08:40 PM Calculated day 290
06/29/2022 05:08:46 PM Calculated day 291
06/29/2022 05:08:51 PM Calculated day 292
06/29/2022 05:08:57 PM Calculated day 293
06/29/2022 05:09:02 PM Calculated day 294
06/29/2022 05:09:08 PM Calculated day 295
06/29/2022 05:09:13 PM Calculated day 296
06/29/2022 05:09:19 PM Calculated day 297
06/29/2022 05:09:25 PM Calculated day 298
06/29/2022 05:09:30 PM Calculated day 299
06/29/2022 05:09:36 PM Calculated day 300
06/29/2022 05:09:41 PM Calculated day 301
06/29/2022 05:09:47 PM Calculated day 302
06/29/2022 05:09:52 PM Calculated day 303
06/29/2022 05:09:58 PM Calculated day 304
06/29/2022 05:10:03 PM Calculated day 305
06/29/2022 05:10:09 PM Calculated day 306
06/29/2022 05:10:14 PM Calculated day 307
06/29/2022 05:10:20 PM Calculated day 308
06/29/2022 05:10:25 PM Calculated day 309
06/29/2022 05:10:31 PM Calculated day 310
06/29/2022 05:10:37 PM Calculated day 311
06/29/2022 05:10:42 PM Calculated day 312
06/29/2022 05:10:48 PM Calculated day 313
06/29/2022 05:10:53 PM Calculated day 314
06/29/2022 05:10:59 PM Calculated day 315
06/29/2022 05:11:04 PM Calculated day 316
06/29/2022 05:11:10 PM Calculated day 317
06/29/2022 05:11:15 PM Calculated day 318
06/29/2022 05:11:21 PM Calculated day 319
06/29/2022 05:11:26 PM Calculated day 320
06/29/2022 05:11:32 PM Calculated day 321
06/29/2022 05:11:38 PM Calculated day 322
06/29/2022 05:11:43 PM Calculated day 323
06/29/2022 05:11:49 PM Calculated day 324
06/29/2022 05:11:54 PM Calculated day 325
06/29/2022 05:12:00 PM Calculated day 326
06/29/2022 05:12:05 PM Calculated day 327
06/29/2022 05:12:11 PM Calculated day 328
06/29/2022 05:12:16 PM Calculated day 329
06/29/2022 05:12:22 PM Calculated day 330
06/29/2022 05:12:27 PM Calculated day 331
06/29/2022 05:12:33 PM Calculated day 332
06/29/2022 05:12:38 PM Calculated day 333
06/29/2022 05:12:44 PM Calculated day 334
06/29/2022 05:12:50 PM Calculated day 335
06/29/2022 05:12:55 PM Calculated day 336
06/29/2022 05:13:01 PM Calculated day 337
06/29/2022 05:13:06 PM Calculated day 338
06/29/2022 05:13:12 PM Calculated day 339
06/29/2022 05:13:17 PM Calculated day 340
06/29/2022 05:13:23 PM Calculated day 341
06/29/2022 05:13:28 PM Calculated day 342
06/29/2022 05:13:34 PM Calculated day 343
06/29/2022 05:13:39 PM Calculated day 344
06/29/2022 05:13:45 PM Calculated day 345
06/29/2022 05:13:51 PM Calculated day 346
06/29/2022 05:13:56 PM Calculated day 347
06/29/2022 05:14:02 PM Calculated day 348
06/29/2022 05:14:07 PM Calculated day 349
06/29/2022 05:14:13 PM Calculated day 350
06/29/2022 05:14:18 PM Calculated day 351
06/29/2022 05:14:24 PM Calculated day 352
06/29/2022 05:14:29 PM Calculated day 353
06/29/2022 05:14:35 PM Calculated day 354
06/29/2022 05:14:40 PM Calculated day 355
06/29/2022 05:14:46 PM Calculated day 356
06/29/2022 05:14:51 PM Calculated day 357
06/29/2022 05:14:57 PM Calculated day 358
06/29/2022 05:15:03 PM Calculated day 359
06/29/2022 05:15:08 PM Calculated day 360
06/29/2022 05:15:14 PM Calculated day 361
06/29/2022 05:15:19 PM Calculated day 362
06/29/2022 05:15:25 PM Calculated day 363
06/29/2022 05:15:30 PM Calculated day 364
06/29/2022 05:15:36 PM Calculated day 365
06/29/2022 05:15:41 PM Calculated day 366
06/29/2022 05:15:47 PM Calculated day 367
06/29/2022 05:15:52 PM Calculated day 368
06/29/2022 05:15:58 PM Calculated day 369
06/29/2022 05:16:04 PM Calculated day 370
06/29/2022 05:16:09 PM Calculated day 371
06/29/2022 05:16:15 PM Calculated day 372
06/29/2022 05:16:20 PM Calculated day 373
06/29/2022 05:16:26 PM Calculated day 374
06/29/2022 05:16:31 PM Calculated day 375
06/29/2022 05:16:37 PM Calculated day 376
06/29/2022 05:16:42 PM Calculated day 377
06/29/2022 05:16:48 PM Calculated day 378
06/29/2022 05:16:54 PM Calculated day 379
06/29/2022 05:16:59 PM Calculated day 380
06/29/2022 05:17:05 PM Calculated day 381
06/29/2022 05:17:10 PM Calculated day 382
06/29/2022 05:17:16 PM Calculated day 383
06/29/2022 05:17:21 PM Calculated day 384
06/29/2022 05:17:27 PM Calculated day 385
06/29/2022 05:17:32 PM Calculated day 386
06/29/2022 05:17:38 PM Calculated day 387
06/29/2022 05:17:43 PM Calculated day 388
06/29/2022 05:17:49 PM Calculated day 389
06/29/2022 05:17:55 PM Calculated day 390
06/29/2022 05:18:00 PM Calculated day 391
06/29/2022 05:18:06 PM Calculated day 392
06/29/2022 05:18:11 PM Calculated day 393
06/29/2022 05:18:17 PM Calculated day 394
06/29/2022 05:18:22 PM Calculated day 395
06/29/2022 05:18:28 PM Calculated day 396
06/29/2022 05:18:33 PM Calculated day 397
06/29/2022 05:18:39 PM Calculated day 398
06/29/2022 05:18:44 PM Calculated day 399
06/29/2022 05:18:50 PM Calculated day 400
06/29/2022 05:18:56 PM Calculated day 401
06/29/2022 05:19:01 PM Calculated day 402
06/29/2022 05:19:07 PM Calculated day 403
06/29/2022 05:19:12 PM Calculated day 404
06/29/2022 05:19:18 PM Calculated day 405
06/29/2022 05:19:23 PM Calculated day 406
06/29/2022 05:19:29 PM Calculated day 407
06/29/2022 05:19:34 PM Calculated day 408
06/29/2022 05:19:40 PM Calculated day 409
06/29/2022 05:19:45 PM Calculated day 410
06/29/2022 05:19:51 PM Calculated day 411
06/29/2022 05:19:56 PM Calculated day 412
06/29/2022 05:20:02 PM Calculated day 413
06/29/2022 05:20:08 PM Calculated day 414
06/29/2022 05:20:13 PM Calculated day 415
06/29/2022 05:20:19 PM Calculated day 416
06/29/2022 05:20:24 PM Calculated day 417
06/29/2022 05:20:30 PM Calculated day 418
06/29/2022 05:20:35 PM Calculated day 419
06/29/2022 05:20:41 PM Calculated day 420
06/29/2022 05:20:46 PM Calculated day 421
06/29/2022 05:20:52 PM Calculated day 422
06/29/2022 05:20:57 PM Calculated day 423
06/29/2022 05:21:03 PM Calculated day 424
06/29/2022 05:21:09 PM Calculated day 425
06/29/2022 05:21:14 PM Calculated day 426
06/29/2022 05:21:20 PM Calculated day 427
06/29/2022 05:21:25 PM Calculated day 428
06/29/2022 05:21:31 PM Calculated day 429
06/29/2022 05:21:36 PM Calculated day 430
06/29/2022 05:21:42 PM Calculated day 431
06/29/2022 05:21:47 PM Calculated day 432
06/29/2022 05:21:53 PM Calculated day 433
06/29/2022 05:21:58 PM Calculated day 434
06/29/2022 05:22:04 PM Calculated day 435
06/29/2022 05:22:09 PM Calculated day 436
06/29/2022 05:22:15 PM Calculated day 437
06/29/2022 05:22:21 PM Calculated day 438
06/29/2022 05:22:26 PM Calculated day 439
06/29/2022 05:22:32 PM Calculated day 440
06/29/2022 05:22:37 PM Calculated day 441
06/29/2022 05:22:43 PM Calculated day 442
06/29/2022 05:22:48 PM Calculated day 443
06/29/2022 05:22:54 PM Calculated day 444
06/29/2022 05:22:59 PM Calculated day 445
06/29/2022 05:23:05 PM Calculated day 446
06/29/2022 05:23:10 PM Calculated day 447
06/29/2022 05:23:16 PM Calculated day 448
06/29/2022 05:23:22 PM Calculated day 449
06/29/2022 05:23:27 PM Calculated day 450
06/29/2022 05:23:33 PM Calculated day 451
06/29/2022 05:23:38 PM Calculated day 452
06/29/2022 05:23:44 PM Calculated day 453
06/29/2022 05:23:49 PM Calculated day 454
06/29/2022 05:23:55 PM Calculated day 455
06/29/2022 05:24:00 PM Calculated day 456
06/29/2022 05:24:06 PM Calculated day 457
06/29/2022 05:24:11 PM Calculated day 458
06/29/2022 05:24:17 PM Calculated day 459
06/29/2022 05:24:23 PM Calculated day 460
06/29/2022 05:24:28 PM Calculated day 461
06/29/2022 05:24:34 PM Calculated day 462
06/29/2022 05:24:39 PM Calculated day 463
06/29/2022 05:24:45 PM Calculated day 464
06/29/2022 05:24:50 PM Calculated day 465
06/29/2022 05:24:56 PM Calculated day 466
06/29/2022 05:25:01 PM Calculated day 467
06/29/2022 05:25:07 PM Calculated day 468
06/29/2022 05:25:12 PM Calculated day 469
06/29/2022 05:25:18 PM Calculated day 470
06/29/2022 05:25:23 PM Calculated day 471
06/29/2022 05:25:29 PM Calculated day 472
06/29/2022 05:25:35 PM Calculated day 473
06/29/2022 05:25:40 PM Calculated day 474
06/29/2022 05:25:46 PM Calculated day 475
06/29/2022 05:25:51 PM Calculated day 476
06/29/2022 05:25:57 PM Calculated day 477
06/29/2022 05:26:02 PM Calculated day 478
06/29/2022 05:26:08 PM Calculated day 479
06/29/2022 05:26:13 PM Calculated day 480
06/29/2022 05:26:19 PM Calculated day 481
06/29/2022 05:26:24 PM Calculated day 482
06/29/2022 05:26:30 PM Calculated day 483
06/29/2022 05:26:36 PM Calculated day 484
06/29/2022 05:26:41 PM Calculated day 485
06/29/2022 05:26:47 PM Calculated day 486
06/29/2022 05:26:52 PM Calculated day 487
06/29/2022 05:26:58 PM Calculated day 488
06/29/2022 05:27:03 PM Calculated day 489
06/29/2022 05:27:09 PM Calculated day 490
06/29/2022 05:27:14 PM Calculated day 491
06/29/2022 05:27:20 PM Calculated day 492
06/29/2022 05:27:25 PM Calculated day 493
06/29/2022 05:27:31 PM Calculated day 494
06/29/2022 05:27:37 PM Calculated day 495
06/29/2022 05:27:42 PM Calculated day 496
06/29/2022 05:27:48 PM Calculated day 497
06/29/2022 05:27:53 PM Calculated day 498
06/29/2022 05:27:59 PM Calculated day 499
06/29/2022 05:28:04 PM Calculated day 500
06/29/2022 05:28:10 PM Calculated day 501
06/29/2022 05:28:15 PM Calculated day 502
06/29/2022 05:28:21 PM Calculated day 503
06/29/2022 05:28:26 PM Calculated day 504
06/29/2022 05:28:32 PM Calculated day 505
06/29/2022 05:28:38 PM Calculated day 506
06/29/2022 05:28:43 PM Calculated day 507
06/29/2022 05:28:49 PM Calculated day 508
06/29/2022 05:28:54 PM Calculated day 509
06/29/2022 05:29:00 PM Calculated day 510
06/29/2022 05:29:05 PM Calculated day 511
06/29/2022 05:29:11 PM Calculated day 512
06/29/2022 05:29:16 PM Calculated day 513
06/29/2022 05:29:22 PM Calculated day 514
06/29/2022 05:29:27 PM Calculated day 515
06/29/2022 05:29:33 PM Calculated day 516
06/29/2022 05:29:39 PM Calculated day 517
06/29/2022 05:29:44 PM Calculated day 518
06/29/2022 05:29:50 PM Calculated day 519
06/29/2022 05:29:55 PM Calculated day 520
06/29/2022 05:30:01 PM Calculated day 521
06/29/2022 05:30:06 PM Calculated day 522
06/29/2022 05:30:12 PM Calculated day 523
06/29/2022 05:30:17 PM Calculated day 524
06/29/2022 05:30:23 PM Calculated day 525
06/29/2022 05:30:28 PM Calculated day 526
06/29/2022 05:30:34 PM Calculated day 527
06/29/2022 05:30:40 PM Calculated day 528
06/29/2022 05:30:45 PM Calculated day 529
06/29/2022 05:30:51 PM Calculated day 530
06/29/2022 05:30:56 PM Calculated day 531
06/29/2022 05:31:02 PM Calculated day 532
06/29/2022 05:31:07 PM Calculated day 533
06/29/2022 05:31:13 PM Calculated day 534
06/29/2022 05:31:18 PM Calculated day 535
06/29/2022 05:31:24 PM Calculated day 536
06/29/2022 05:31:29 PM Calculated day 537
06/29/2022 05:31:35 PM Calculated day 538
06/29/2022 05:31:41 PM Calculated day 539
06/29/2022 05:31:46 PM Calculated day 540
06/29/2022 05:31:52 PM Calculated day 541
06/29/2022 05:31:57 PM Calculated day 542
06/29/2022 05:32:03 PM Calculated day 543
06/29/2022 05:32:08 PM Calculated day 544
06/29/2022 05:32:14 PM Calculated day 545
06/29/2022 05:32:19 PM Calculated day 546
06/29/2022 05:32:25 PM Calculated day 547
06/29/2022 05:32:30 PM Calculated day 548
06/29/2022 05:32:36 PM Calculated day 549
06/29/2022 05:32:41 PM Calculated day 550
06/29/2022 05:32:47 PM Calculated day 551
06/29/2022 05:32:53 PM Calculated day 552
06/29/2022 05:32:58 PM Calculated day 553
06/29/2022 05:33:04 PM Calculated day 554
06/29/2022 05:33:09 PM Calculated day 555
06/29/2022 05:33:15 PM Calculated day 556
06/29/2022 05:33:20 PM Calculated day 557
06/29/2022 05:33:26 PM Calculated day 558
06/29/2022 05:33:31 PM Calculated day 559
06/29/2022 05:33:37 PM Calculated day 560
06/29/2022 05:33:42 PM Calculated day 561
06/29/2022 05:33:48 PM Calculated day 562
06/29/2022 05:33:54 PM Calculated day 563
06/29/2022 05:33:59 PM Calculated day 564
06/29/2022 05:34:05 PM Calculated day 565
06/29/2022 05:34:10 PM Calculated day 566
06/29/2022 05:34:16 PM Calculated day 567
06/29/2022 05:34:21 PM Calculated day 568
06/29/2022 05:34:27 PM Calculated day 569
06/29/2022 05:34:32 PM Calculated day 570
06/29/2022 05:34:38 PM Calculated day 571
06/29/2022 05:34:43 PM Calculated day 572
06/29/2022 05:34:49 PM Calculated day 573
06/29/2022 05:34:54 PM Calculated day 574
06/29/2022 05:35:00 PM Calculated day 575
06/29/2022 05:35:06 PM Calculated day 576
06/29/2022 05:35:11 PM Calculated day 577
06/29/2022 05:35:17 PM Calculated day 578
06/29/2022 05:35:22 PM Calculated day 579
06/29/2022 05:35:28 PM Calculated day 580
06/29/2022 05:35:33 PM Calculated day 581
06/29/2022 05:35:39 PM Calculated day 582
06/29/2022 05:35:44 PM Calculated day 583
06/29/2022 05:35:50 PM Calculated day 584
06/29/2022 05:35:55 PM Calculated day 585
06/29/2022 05:36:01 PM Calculated day 586
06/29/2022 05:36:07 PM Calculated day 587
06/29/2022 05:36:12 PM Calculated day 588
06/29/2022 05:36:18 PM Calculated day 589
06/29/2022 05:36:23 PM Calculated day 590
06/29/2022 05:36:29 PM Calculated day 591
06/29/2022 05:36:34 PM Calculated day 592
06/29/2022 05:36:40 PM Calculated day 593
06/29/2022 05:36:45 PM Calculated day 594
06/29/2022 05:36:51 PM Calculated day 595
06/29/2022 05:36:56 PM Calculated day 596
06/29/2022 05:37:02 PM Calculated day 597
06/29/2022 05:37:08 PM Calculated day 598
06/29/2022 05:37:13 PM Calculated day 599
06/29/2022 05:40:02 PM Saved data in /data/pbarpanda/spherical_SWE/initial_value_exps//dt_150_Q_forcing_0_forcing_y_0_Hmean_200_forcing_phase_speed_0_ms/U_up_days_150_mixmodes//H0_2000/
06/29/2022 05:40:03 PM  ========== CODE RAN SUCCESSFULLY, congrats! ================
06/29/2022 05:40:03 PM  -----> Total Time taken = 3496.964  <----
