06/29/2022 05:13:57 AM **********************************
06/29/2022 05:13:57 AM /data/pbarpanda/spherical_SWE/initial_value_exps//dt_150_Q_forcing_0_forcing_y_0_Hmean_500_forcing_phase_speed_0_ms/U_up_days_150_Rossby/
06/29/2022 05:13:57 AM **********************************
06/29/2022 05:13:57 AM Calculated day 0
06/29/2022 05:14:03 AM Calculated day 1
06/29/2022 05:14:08 AM Calculated day 2
06/29/2022 05:14:15 AM Calculated day 3
06/29/2022 05:14:21 AM Calculated day 4
06/29/2022 05:14:28 AM Calculated day 5
06/29/2022 05:14:34 AM Calculated day 6
06/29/2022 05:14:40 AM Calculated day 7
06/29/2022 05:14:47 AM Calculated day 8
06/29/2022 05:14:53 AM Calculated day 9
06/29/2022 05:15:00 AM Calculated day 10
06/29/2022 05:15:06 AM Calculated day 11
06/29/2022 05:15:13 AM Calculated day 12
06/29/2022 05:15:19 AM Calculated day 13
06/29/2022 05:15:26 AM Calculated day 14
06/29/2022 05:15:32 AM Calculated day 15
06/29/2022 05:15:39 AM Calculated day 16
06/29/2022 05:15:45 AM Calculated day 17
06/29/2022 05:15:52 AM Calculated day 18
06/29/2022 05:15:59 AM Calculated day 19
06/29/2022 05:16:06 AM Calculated day 20
06/29/2022 05:16:12 AM Calculated day 21
06/29/2022 05:16:19 AM Calculated day 22
06/29/2022 05:16:26 AM Calculated day 23
06/29/2022 05:16:32 AM Calculated day 24
06/29/2022 05:16:39 AM Calculated day 25
06/29/2022 05:16:46 AM Calculated day 26
06/29/2022 05:16:53 AM Calculated day 27
06/29/2022 05:16:59 AM Calculated day 28
06/29/2022 05:17:06 AM Calculated day 29
06/29/2022 05:17:13 AM Calculated day 30
06/29/2022 05:17:20 AM Calculated day 31
06/29/2022 05:17:27 AM Calculated day 32
06/29/2022 05:17:34 AM Calculated day 33
06/29/2022 05:17:41 AM Calculated day 34
06/29/2022 05:17:48 AM Calculated day 35
06/29/2022 05:17:54 AM Calculated day 36
06/29/2022 05:18:01 AM Calculated day 37
06/29/2022 05:18:08 AM Calculated day 38
06/29/2022 05:18:15 AM Calculated day 39
06/29/2022 05:18:23 AM Calculated day 40
06/29/2022 05:18:30 AM Calculated day 41
06/29/2022 05:18:36 AM Calculated day 42
06/29/2022 05:18:43 AM Calculated day 43
06/29/2022 05:18:50 AM Calculated day 44
06/29/2022 05:18:58 AM Calculated day 45
06/29/2022 05:19:05 AM Calculated day 46
06/29/2022 05:19:12 AM Calculated day 47
06/29/2022 05:19:19 AM Calculated day 48
06/29/2022 05:19:26 AM Calculated day 49
06/29/2022 05:19:33 AM Calculated day 50
06/29/2022 05:19:40 AM Calculated day 51
06/29/2022 05:19:48 AM Calculated day 52
06/29/2022 05:19:55 AM Calculated day 53
06/29/2022 05:20:02 AM Calculated day 54
06/29/2022 05:20:09 AM Calculated day 55
06/29/2022 05:20:17 AM Calculated day 56
06/29/2022 05:20:24 AM Calculated day 57
06/29/2022 05:20:31 AM Calculated day 58
06/29/2022 05:20:39 AM Calculated day 59
06/29/2022 05:20:46 AM Calculated day 60
06/29/2022 05:20:54 AM Calculated day 61
06/29/2022 05:21:01 AM Calculated day 62
06/29/2022 05:21:09 AM Calculated day 63
06/29/2022 05:21:16 AM Calculated day 64
06/29/2022 05:21:24 AM Calculated day 65
06/29/2022 05:21:31 AM Calculated day 66
06/29/2022 05:21:39 AM Calculated day 67
06/29/2022 05:21:46 AM Calculated day 68
06/29/2022 05:21:54 AM Calculated day 69
06/29/2022 05:22:01 AM Calculated day 70
06/29/2022 05:22:09 AM Calculated day 71
06/29/2022 05:22:16 AM Calculated day 72
06/29/2022 05:22:24 AM Calculated day 73
06/29/2022 05:22:32 AM Calculated day 74
06/29/2022 05:22:39 AM Calculated day 75
06/29/2022 05:22:47 AM Calculated day 76
06/29/2022 05:22:54 AM Calculated day 77
06/29/2022 05:23:02 AM Calculated day 78
06/29/2022 05:23:10 AM Calculated day 79
06/29/2022 05:23:17 AM Calculated day 80
06/29/2022 05:23:25 AM Calculated day 81
06/29/2022 05:23:32 AM Calculated day 82
06/29/2022 05:23:40 AM Calculated day 83
06/29/2022 05:23:48 AM Calculated day 84
06/29/2022 05:23:55 AM Calculated day 85
06/29/2022 05:24:03 AM Calculated day 86
06/29/2022 05:24:11 AM Calculated day 87
06/29/2022 05:24:19 AM Calculated day 88
06/29/2022 05:24:27 AM Calculated day 89
06/29/2022 05:24:35 AM Calculated day 90
06/29/2022 05:24:42 AM Calculated day 91
06/29/2022 05:24:50 AM Calculated day 92
06/29/2022 05:24:58 AM Calculated day 93
06/29/2022 05:25:06 AM Calculated day 94
06/29/2022 05:25:14 AM Calculated day 95
06/29/2022 05:25:22 AM Calculated day 96
06/29/2022 05:25:30 AM Calculated day 97
06/29/2022 05:25:38 AM Calculated day 98
06/29/2022 05:25:46 AM Calculated day 99
06/29/2022 05:25:54 AM Calculated day 100
06/29/2022 05:26:02 AM Calculated day 101
06/29/2022 05:26:10 AM Calculated day 102
06/29/2022 05:26:18 AM Calculated day 103
06/29/2022 05:26:26 AM Calculated day 104
06/29/2022 05:26:34 AM Calculated day 105
06/29/2022 05:26:42 AM Calculated day 106
06/29/2022 05:26:50 AM Calculated day 107
06/29/2022 05:26:58 AM Calculated day 108
06/29/2022 05:27:06 AM Calculated day 109
06/29/2022 05:27:14 AM Calculated day 110
06/29/2022 05:27:22 AM Calculated day 111
06/29/2022 05:27:31 AM Calculated day 112
06/29/2022 05:27:39 AM Calculated day 113
06/29/2022 05:27:47 AM Calculated day 114
06/29/2022 05:27:55 AM Calculated day 115
06/29/2022 05:28:03 AM Calculated day 116
06/29/2022 05:28:11 AM Calculated day 117
06/29/2022 05:28:20 AM Calculated day 118
06/29/2022 05:28:28 AM Calculated day 119
06/29/2022 05:28:36 AM Calculated day 120
06/29/2022 05:28:45 AM Calculated day 121
06/29/2022 05:28:53 AM Calculated day 122
06/29/2022 05:29:01 AM Calculated day 123
06/29/2022 05:29:10 AM Calculated day 124
06/29/2022 05:29:18 AM Calculated day 125
06/29/2022 05:29:26 AM Calculated day 126
06/29/2022 05:29:35 AM Calculated day 127
06/29/2022 05:29:43 AM Calculated day 128
06/29/2022 05:29:52 AM Calculated day 129
06/29/2022 05:30:00 AM Calculated day 130
06/29/2022 05:30:09 AM Calculated day 131
06/29/2022 05:30:17 AM Calculated day 132
06/29/2022 05:30:26 AM Calculated day 133
06/29/2022 05:30:34 AM Calculated day 134
06/29/2022 05:30:43 AM Calculated day 135
06/29/2022 05:30:52 AM Calculated day 136
06/29/2022 05:31:00 AM Calculated day 137
06/29/2022 05:31:09 AM Calculated day 138
06/29/2022 05:31:18 AM Calculated day 139
06/29/2022 05:31:26 AM Calculated day 140
06/29/2022 05:31:35 AM Calculated day 141
06/29/2022 05:31:44 AM Calculated day 142
06/29/2022 05:31:52 AM Calculated day 143
06/29/2022 05:32:01 AM Calculated day 144
06/29/2022 05:32:10 AM Calculated day 145
06/29/2022 05:32:18 AM Calculated day 146
06/29/2022 05:32:27 AM Calculated day 147
06/29/2022 05:32:36 AM Calculated day 148
06/29/2022 05:32:44 AM Calculated day 149
06/29/2022 05:32:54 AM Calculated day 150
06/29/2022 05:33:02 AM Calculated day 151
06/29/2022 05:33:11 AM Calculated day 152
06/29/2022 05:33:20 AM Calculated day 153
06/29/2022 05:33:29 AM Calculated day 154
06/29/2022 05:33:38 AM Calculated day 155
06/29/2022 05:33:47 AM Calculated day 156
06/29/2022 05:33:56 AM Calculated day 157
06/29/2022 05:34:05 AM Calculated day 158
06/29/2022 05:34:14 AM Calculated day 159
06/29/2022 05:34:23 AM Calculated day 160
06/29/2022 05:34:33 AM Calculated day 161
06/29/2022 05:34:42 AM Calculated day 162
06/29/2022 05:34:51 AM Calculated day 163
06/29/2022 05:35:00 AM Calculated day 164
06/29/2022 05:35:10 AM Calculated day 165
06/29/2022 05:35:19 AM Calculated day 166
06/29/2022 05:35:29 AM Calculated day 167
06/29/2022 05:35:38 AM Calculated day 168
06/29/2022 05:35:48 AM Calculated day 169
06/29/2022 05:35:58 AM Calculated day 170
06/29/2022 05:36:07 AM Calculated day 171
06/29/2022 05:36:16 AM Calculated day 172
06/29/2022 05:36:26 AM Calculated day 173
06/29/2022 05:36:35 AM Calculated day 174
06/29/2022 05:36:45 AM Calculated day 175
06/29/2022 05:36:54 AM Calculated day 176
06/29/2022 05:37:04 AM Calculated day 177
06/29/2022 05:37:14 AM Calculated day 178
06/29/2022 05:37:23 AM Calculated day 179
06/29/2022 05:37:33 AM Calculated day 180
06/29/2022 05:37:42 AM Calculated day 181
06/29/2022 05:37:52 AM Calculated day 182
06/29/2022 05:38:02 AM Calculated day 183
06/29/2022 05:38:11 AM Calculated day 184
06/29/2022 05:38:21 AM Calculated day 185
06/29/2022 05:38:31 AM Calculated day 186
06/29/2022 05:38:41 AM Calculated day 187
06/29/2022 05:38:51 AM Calculated day 188
06/29/2022 05:39:00 AM Calculated day 189
06/29/2022 05:39:11 AM Calculated day 190
06/29/2022 05:39:22 AM Calculated day 191
06/29/2022 05:39:32 AM Calculated day 192
06/29/2022 05:39:42 AM Calculated day 193
06/29/2022 05:39:52 AM Calculated day 194
06/29/2022 05:40:02 AM Calculated day 195
06/29/2022 05:40:12 AM Calculated day 196
06/29/2022 05:40:22 AM Calculated day 197
06/29/2022 05:40:32 AM Calculated day 198
06/29/2022 05:40:42 AM Calculated day 199
06/29/2022 05:40:52 AM Calculated day 200
06/29/2022 05:41:02 AM Calculated day 201
06/29/2022 05:41:12 AM Calculated day 202
06/29/2022 05:41:22 AM Calculated day 203
06/29/2022 05:41:32 AM Calculated day 204
06/29/2022 05:41:42 AM Calculated day 205
06/29/2022 05:41:52 AM Calculated day 206
06/29/2022 05:42:02 AM Calculated day 207
06/29/2022 05:42:13 AM Calculated day 208
06/29/2022 05:42:23 AM Calculated day 209
06/29/2022 05:42:33 AM Calculated day 210
06/29/2022 05:42:43 AM Calculated day 211
06/29/2022 05:42:54 AM Calculated day 212
06/29/2022 05:43:04 AM Calculated day 213
06/29/2022 05:43:14 AM Calculated day 214
06/29/2022 05:43:24 AM Calculated day 215
06/29/2022 05:43:35 AM Calculated day 216
06/29/2022 05:43:45 AM Calculated day 217
06/29/2022 05:43:55 AM Calculated day 218
06/29/2022 05:44:06 AM Calculated day 219
06/29/2022 05:44:16 AM Calculated day 220
06/29/2022 05:44:26 AM Calculated day 221
06/29/2022 05:44:37 AM Calculated day 222
06/29/2022 05:44:47 AM Calculated day 223
06/29/2022 05:44:58 AM Calculated day 224
06/29/2022 05:45:08 AM Calculated day 225
06/29/2022 05:45:19 AM Calculated day 226
06/29/2022 05:45:30 AM Calculated day 227
06/29/2022 05:45:40 AM Calculated day 228
06/29/2022 05:45:51 AM Calculated day 229
06/29/2022 05:46:01 AM Calculated day 230
06/29/2022 05:46:12 AM Calculated day 231
06/29/2022 05:46:22 AM Calculated day 232
06/29/2022 05:46:33 AM Calculated day 233
06/29/2022 05:46:44 AM Calculated day 234
06/29/2022 05:46:55 AM Calculated day 235
06/29/2022 05:47:05 AM Calculated day 236
06/29/2022 05:47:16 AM Calculated day 237
06/29/2022 05:47:27 AM Calculated day 238
06/29/2022 05:47:38 AM Calculated day 239
06/29/2022 05:47:48 AM Calculated day 240
06/29/2022 05:47:59 AM Calculated day 241
06/29/2022 05:48:10 AM Calculated day 242
06/29/2022 05:48:21 AM Calculated day 243
06/29/2022 05:48:32 AM Calculated day 244
06/29/2022 05:48:43 AM Calculated day 245
06/29/2022 05:48:54 AM Calculated day 246
06/29/2022 05:49:05 AM Calculated day 247
06/29/2022 05:49:16 AM Calculated day 248
06/29/2022 05:49:30 AM Calculated day 249
06/29/2022 05:49:41 AM Calculated day 250
06/29/2022 05:49:52 AM Calculated day 251
06/29/2022 05:50:03 AM Calculated day 252
06/29/2022 05:50:14 AM Calculated day 253
06/29/2022 05:50:25 AM Calculated day 254
06/29/2022 05:50:36 AM Calculated day 255
06/29/2022 05:50:47 AM Calculated day 256
06/29/2022 05:50:58 AM Calculated day 257
06/29/2022 05:51:11 AM Calculated day 258
06/29/2022 05:51:25 AM Calculated day 259
06/29/2022 05:51:39 AM Calculated day 260
06/29/2022 05:51:52 AM Calculated day 261
06/29/2022 05:52:06 AM Calculated day 262
06/29/2022 05:52:20 AM Calculated day 263
06/29/2022 05:52:33 AM Calculated day 264
06/29/2022 05:52:47 AM Calculated day 265
06/29/2022 05:53:01 AM Calculated day 266
06/29/2022 05:53:15 AM Calculated day 267
06/29/2022 05:53:29 AM Calculated day 268
06/29/2022 05:53:43 AM Calculated day 269
06/29/2022 05:53:56 AM Calculated day 270
06/29/2022 05:54:10 AM Calculated day 271
06/29/2022 05:54:24 AM Calculated day 272
06/29/2022 05:54:38 AM Calculated day 273
06/29/2022 05:54:52 AM Calculated day 274
06/29/2022 05:55:06 AM Calculated day 275
06/29/2022 05:55:20 AM Calculated day 276
06/29/2022 05:55:34 AM Calculated day 277
06/29/2022 05:55:49 AM Calculated day 278
06/29/2022 05:56:03 AM Calculated day 279
06/29/2022 05:56:17 AM Calculated day 280
06/29/2022 05:56:31 AM Calculated day 281
06/29/2022 05:56:45 AM Calculated day 282
06/29/2022 05:57:00 AM Calculated day 283
06/29/2022 05:57:14 AM Calculated day 284
06/29/2022 05:57:28 AM Calculated day 285
06/29/2022 05:57:43 AM Calculated day 286
06/29/2022 05:57:57 AM Calculated day 287
06/29/2022 05:58:11 AM Calculated day 288
06/29/2022 05:58:26 AM Calculated day 289
06/29/2022 05:58:40 AM Calculated day 290
06/29/2022 05:58:55 AM Calculated day 291
06/29/2022 05:59:09 AM Calculated day 292
06/29/2022 05:59:24 AM Calculated day 293
06/29/2022 05:59:39 AM Calculated day 294
06/29/2022 05:59:53 AM Calculated day 295
06/29/2022 06:00:08 AM Calculated day 296
06/29/2022 06:00:22 AM Calculated day 297
06/29/2022 06:00:37 AM Calculated day 298
06/29/2022 06:00:52 AM Calculated day 299
06/29/2022 06:01:07 AM Calculated day 300
06/29/2022 06:01:21 AM Calculated day 301
06/29/2022 06:01:36 AM Calculated day 302
06/29/2022 06:01:51 AM Calculated day 303
06/29/2022 06:02:06 AM Calculated day 304
06/29/2022 06:02:21 AM Calculated day 305
06/29/2022 06:02:35 AM Calculated day 306
06/29/2022 06:02:53 AM Calculated day 307
06/29/2022 06:03:08 AM Calculated day 308
06/29/2022 06:03:23 AM Calculated day 309
06/29/2022 06:03:38 AM Calculated day 310
06/29/2022 06:03:53 AM Calculated day 311
06/29/2022 06:04:08 AM Calculated day 312
06/29/2022 06:04:23 AM Calculated day 313
06/29/2022 06:04:38 AM Calculated day 314
06/29/2022 06:04:59 AM Calculated day 315
06/29/2022 06:05:14 AM Calculated day 316
06/29/2022 06:05:29 AM Calculated day 317
06/29/2022 06:05:44 AM Calculated day 318
06/29/2022 06:06:00 AM Calculated day 319
06/29/2022 06:06:15 AM Calculated day 320
06/29/2022 06:06:30 AM Calculated day 321
06/29/2022 06:06:46 AM Calculated day 322
06/29/2022 06:07:01 AM Calculated day 323
06/29/2022 06:07:16 AM Calculated day 324
06/29/2022 06:07:32 AM Calculated day 325
06/29/2022 06:07:48 AM Calculated day 326
06/29/2022 06:08:03 AM Calculated day 327
06/29/2022 06:08:19 AM Calculated day 328
06/29/2022 06:08:35 AM Calculated day 329
06/29/2022 06:08:50 AM Calculated day 330
06/29/2022 06:09:06 AM Calculated day 331
06/29/2022 06:09:21 AM Calculated day 332
06/29/2022 06:09:37 AM Calculated day 333
06/29/2022 06:09:53 AM Calculated day 334
06/29/2022 06:10:08 AM Calculated day 335
06/29/2022 06:10:24 AM Calculated day 336
06/29/2022 06:10:40 AM Calculated day 337
06/29/2022 06:10:56 AM Calculated day 338
06/29/2022 06:11:12 AM Calculated day 339
06/29/2022 06:11:27 AM Calculated day 340
06/29/2022 06:11:44 AM Calculated day 341
06/29/2022 06:11:59 AM Calculated day 342
06/29/2022 06:12:15 AM Calculated day 343
06/29/2022 06:12:31 AM Calculated day 344
06/29/2022 06:12:47 AM Calculated day 345
06/29/2022 06:13:04 AM Calculated day 346
06/29/2022 06:13:20 AM Calculated day 347
06/29/2022 06:13:36 AM Calculated day 348
06/29/2022 06:13:52 AM Calculated day 349
06/29/2022 06:14:08 AM Calculated day 350
06/29/2022 06:14:25 AM Calculated day 351
06/29/2022 06:14:41 AM Calculated day 352
06/29/2022 06:14:57 AM Calculated day 353
06/29/2022 06:15:13 AM Calculated day 354
06/29/2022 06:15:30 AM Calculated day 355
06/29/2022 06:15:46 AM Calculated day 356
06/29/2022 06:16:02 AM Calculated day 357
06/29/2022 06:16:19 AM Calculated day 358
06/29/2022 06:16:35 AM Calculated day 359
06/29/2022 06:16:51 AM Calculated day 360
06/29/2022 06:17:08 AM Calculated day 361
06/29/2022 06:17:24 AM Calculated day 362
06/29/2022 06:17:41 AM Calculated day 363
06/29/2022 06:17:57 AM Calculated day 364
06/29/2022 06:18:14 AM Calculated day 365
06/29/2022 06:18:30 AM Calculated day 366
06/29/2022 06:18:47 AM Calculated day 367
06/29/2022 06:19:04 AM Calculated day 368
06/29/2022 06:19:20 AM Calculated day 369
06/29/2022 06:19:37 AM Calculated day 370
06/29/2022 06:19:54 AM Calculated day 371
06/29/2022 06:20:11 AM Calculated day 372
06/29/2022 06:20:27 AM Calculated day 373
06/29/2022 06:20:44 AM Calculated day 374
06/29/2022 06:21:01 AM Calculated day 375
06/29/2022 06:21:18 AM Calculated day 376
06/29/2022 06:21:35 AM Calculated day 377
06/29/2022 06:21:52 AM Calculated day 378
06/29/2022 06:22:08 AM Calculated day 379
06/29/2022 06:22:25 AM Calculated day 380
06/29/2022 06:22:42 AM Calculated day 381
06/29/2022 06:22:59 AM Calculated day 382
06/29/2022 06:23:16 AM Calculated day 383
06/29/2022 06:23:33 AM Calculated day 384
06/29/2022 06:23:51 AM Calculated day 385
06/29/2022 06:24:08 AM Calculated day 386
06/29/2022 06:24:25 AM Calculated day 387
06/29/2022 06:24:42 AM Calculated day 388
06/29/2022 06:25:00 AM Calculated day 389
06/29/2022 06:25:17 AM Calculated day 390
06/29/2022 06:25:34 AM Calculated day 391
06/29/2022 06:25:52 AM Calculated day 392
06/29/2022 06:26:09 AM Calculated day 393
06/29/2022 06:26:27 AM Calculated day 394
06/29/2022 06:26:44 AM Calculated day 395
06/29/2022 06:27:01 AM Calculated day 396
06/29/2022 06:27:19 AM Calculated day 397
06/29/2022 06:27:36 AM Calculated day 398
06/29/2022 06:27:54 AM Calculated day 399
06/29/2022 06:28:11 AM Calculated day 400
06/29/2022 06:28:29 AM Calculated day 401
06/29/2022 06:28:46 AM Calculated day 402
06/29/2022 06:29:04 AM Calculated day 403
06/29/2022 06:29:22 AM Calculated day 404
06/29/2022 06:29:39 AM Calculated day 405
06/29/2022 06:29:57 AM Calculated day 406
06/29/2022 06:30:15 AM Calculated day 407
06/29/2022 06:30:32 AM Calculated day 408
06/29/2022 06:30:50 AM Calculated day 409
06/29/2022 06:31:08 AM Calculated day 410
06/29/2022 06:31:26 AM Calculated day 411
06/29/2022 06:31:44 AM Calculated day 412
06/29/2022 06:32:02 AM Calculated day 413
06/29/2022 06:32:19 AM Calculated day 414
06/29/2022 06:32:38 AM Calculated day 415
06/29/2022 06:32:55 AM Calculated day 416
06/29/2022 06:33:14 AM Calculated day 417
06/29/2022 06:33:32 AM Calculated day 418
06/29/2022 06:33:50 AM Calculated day 419
06/29/2022 06:34:08 AM Calculated day 420
06/29/2022 06:34:26 AM Calculated day 421
06/29/2022 06:34:44 AM Calculated day 422
06/29/2022 06:35:02 AM Calculated day 423
06/29/2022 06:35:20 AM Calculated day 424
06/29/2022 06:35:39 AM Calculated day 425
06/29/2022 06:35:57 AM Calculated day 426
06/29/2022 06:36:15 AM Calculated day 427
06/29/2022 06:36:33 AM Calculated day 428
06/29/2022 06:36:52 AM Calculated day 429
06/29/2022 06:37:10 AM Calculated day 430
06/29/2022 06:37:28 AM Calculated day 431
06/29/2022 06:37:47 AM Calculated day 432
06/29/2022 06:38:05 AM Calculated day 433
06/29/2022 06:38:23 AM Calculated day 434
06/29/2022 06:38:42 AM Calculated day 435
06/29/2022 06:39:00 AM Calculated day 436
06/29/2022 06:39:19 AM Calculated day 437
06/29/2022 06:39:38 AM Calculated day 438
06/29/2022 06:39:56 AM Calculated day 439
06/29/2022 06:40:15 AM Calculated day 440
06/29/2022 06:40:33 AM Calculated day 441
06/29/2022 06:40:52 AM Calculated day 442
06/29/2022 06:41:11 AM Calculated day 443
06/29/2022 06:41:29 AM Calculated day 444
06/29/2022 06:41:48 AM Calculated day 445
06/29/2022 06:42:06 AM Calculated day 446
06/29/2022 06:42:25 AM Calculated day 447
06/29/2022 06:42:44 AM Calculated day 448
06/29/2022 06:43:03 AM Calculated day 449
06/29/2022 06:43:22 AM Calculated day 450
06/29/2022 06:43:41 AM Calculated day 451
06/29/2022 06:44:00 AM Calculated day 452
06/29/2022 06:44:19 AM Calculated day 453
06/29/2022 06:44:38 AM Calculated day 454
06/29/2022 06:44:57 AM Calculated day 455
06/29/2022 06:45:16 AM Calculated day 456
06/29/2022 06:45:35 AM Calculated day 457
06/29/2022 06:45:54 AM Calculated day 458
06/29/2022 06:46:13 AM Calculated day 459
06/29/2022 06:46:35 AM Calculated day 460
06/29/2022 06:46:55 AM Calculated day 461
06/29/2022 06:47:14 AM Calculated day 462
06/29/2022 06:47:34 AM Calculated day 463
06/29/2022 06:47:53 AM Calculated day 464
06/29/2022 06:48:12 AM Calculated day 465
06/29/2022 06:48:32 AM Calculated day 466
06/29/2022 06:48:51 AM Calculated day 467
06/29/2022 06:49:11 AM Calculated day 468
06/29/2022 06:49:37 AM Calculated day 469
06/29/2022 06:49:56 AM Calculated day 470
06/29/2022 06:50:16 AM Calculated day 471
06/29/2022 06:50:35 AM Calculated day 472
06/29/2022 06:50:55 AM Calculated day 473
06/29/2022 06:51:14 AM Calculated day 474
06/29/2022 06:51:34 AM Calculated day 475
06/29/2022 06:51:53 AM Calculated day 476
06/29/2022 06:52:13 AM Calculated day 477
06/29/2022 06:52:33 AM Calculated day 478
06/29/2022 06:52:53 AM Calculated day 479
06/29/2022 06:53:12 AM Calculated day 480
06/29/2022 06:53:32 AM Calculated day 481
06/29/2022 06:53:52 AM Calculated day 482
06/29/2022 06:54:12 AM Calculated day 483
06/29/2022 06:54:32 AM Calculated day 484
06/29/2022 06:54:53 AM Calculated day 485
06/29/2022 06:55:13 AM Calculated day 486
06/29/2022 06:55:34 AM Calculated day 487
06/29/2022 06:55:56 AM Calculated day 488
06/29/2022 06:56:17 AM Calculated day 489
06/29/2022 06:56:39 AM Calculated day 490
06/29/2022 06:57:01 AM Calculated day 491
06/29/2022 06:57:22 AM Calculated day 492
06/29/2022 06:57:44 AM Calculated day 493
06/29/2022 06:58:06 AM Calculated day 494
06/29/2022 06:58:28 AM Calculated day 495
06/29/2022 06:58:50 AM Calculated day 496
06/29/2022 06:59:12 AM Calculated day 497
06/29/2022 06:59:34 AM Calculated day 498
06/29/2022 06:59:56 AM Calculated day 499
06/29/2022 07:00:18 AM Calculated day 500
06/29/2022 07:00:41 AM Calculated day 501
06/29/2022 07:01:03 AM Calculated day 502
06/29/2022 07:01:25 AM Calculated day 503
06/29/2022 07:01:48 AM Calculated day 504
06/29/2022 07:02:15 AM Calculated day 505
06/29/2022 07:02:39 AM Calculated day 506
06/29/2022 07:03:02 AM Calculated day 507
06/29/2022 07:03:25 AM Calculated day 508
06/29/2022 07:03:49 AM Calculated day 509
06/29/2022 07:04:12 AM Calculated day 510
06/29/2022 07:04:36 AM Calculated day 511
06/29/2022 07:05:00 AM Calculated day 512
06/29/2022 07:05:23 AM Calculated day 513
06/29/2022 07:05:48 AM Calculated day 514
06/29/2022 07:06:11 AM Calculated day 515
06/29/2022 07:06:34 AM Calculated day 516
06/29/2022 07:06:58 AM Calculated day 517
06/29/2022 07:07:21 AM Calculated day 518
06/29/2022 07:07:45 AM Calculated day 519
06/29/2022 07:08:08 AM Calculated day 520
06/29/2022 07:08:32 AM Calculated day 521
06/29/2022 07:08:55 AM Calculated day 522
06/29/2022 07:09:19 AM Calculated day 523
06/29/2022 07:09:42 AM Calculated day 524
06/29/2022 07:10:06 AM Calculated day 525
06/29/2022 07:10:30 AM Calculated day 526
06/29/2022 07:10:54 AM Calculated day 527
06/29/2022 07:11:18 AM Calculated day 528
06/29/2022 07:11:41 AM Calculated day 529
06/29/2022 07:12:06 AM Calculated day 530
06/29/2022 07:12:30 AM Calculated day 531
06/29/2022 07:12:54 AM Calculated day 532
06/29/2022 07:13:18 AM Calculated day 533
06/29/2022 07:13:43 AM Calculated day 534
06/29/2022 07:14:07 AM Calculated day 535
06/29/2022 07:14:31 AM Calculated day 536
06/29/2022 07:14:56 AM Calculated day 537
06/29/2022 07:15:20 AM Calculated day 538
06/29/2022 07:15:45 AM Calculated day 539
06/29/2022 07:16:10 AM Calculated day 540
06/29/2022 07:16:35 AM Calculated day 541
06/29/2022 07:17:00 AM Calculated day 542
06/29/2022 07:17:25 AM Calculated day 543
06/29/2022 07:17:50 AM Calculated day 544
06/29/2022 07:18:15 AM Calculated day 545
06/29/2022 07:18:41 AM Calculated day 546
06/29/2022 07:19:06 AM Calculated day 547
06/29/2022 07:19:31 AM Calculated day 548
06/29/2022 07:19:57 AM Calculated day 549
06/29/2022 07:20:22 AM Calculated day 550
06/29/2022 07:20:48 AM Calculated day 551
06/29/2022 07:21:13 AM Calculated day 552
06/29/2022 07:21:39 AM Calculated day 553
06/29/2022 07:22:05 AM Calculated day 554
06/29/2022 07:22:31 AM Calculated day 555
06/29/2022 07:22:57 AM Calculated day 556
06/29/2022 07:23:22 AM Calculated day 557
06/29/2022 07:23:48 AM Calculated day 558
06/29/2022 07:24:14 AM Calculated day 559
06/29/2022 07:24:40 AM Calculated day 560
06/29/2022 07:25:06 AM Calculated day 561
06/29/2022 07:25:33 AM Calculated day 562
06/29/2022 07:25:59 AM Calculated day 563
06/29/2022 07:26:26 AM Calculated day 564
06/29/2022 07:26:52 AM Calculated day 565
06/29/2022 07:27:19 AM Calculated day 566
06/29/2022 07:27:46 AM Calculated day 567
06/29/2022 07:28:13 AM Calculated day 568
06/29/2022 07:28:41 AM Calculated day 569
06/29/2022 07:29:09 AM Calculated day 570
06/29/2022 07:29:38 AM Calculated day 571
06/29/2022 07:30:07 AM Calculated day 572
06/29/2022 07:30:37 AM Calculated day 573
06/29/2022 07:31:06 AM Calculated day 574
06/29/2022 07:31:36 AM Calculated day 575
06/29/2022 07:32:06 AM Calculated day 576
06/29/2022 07:32:37 AM Calculated day 577
06/29/2022 07:33:09 AM Calculated day 578
06/29/2022 07:33:41 AM Calculated day 579
06/29/2022 07:34:13 AM Calculated day 580
06/29/2022 07:34:47 AM Calculated day 581
06/29/2022 07:35:20 AM Calculated day 582
06/29/2022 07:35:54 AM Calculated day 583
06/29/2022 07:36:28 AM Calculated day 584
06/29/2022 07:37:02 AM Calculated day 585
06/29/2022 07:37:38 AM Calculated day 586
06/29/2022 07:38:14 AM Calculated day 587
06/29/2022 07:38:50 AM Calculated day 588
06/29/2022 07:39:26 AM Calculated day 589
06/29/2022 07:40:02 AM Calculated day 590
06/29/2022 07:40:39 AM Calculated day 591
06/29/2022 07:41:16 AM Calculated day 592
06/29/2022 07:41:53 AM Calculated day 593
06/29/2022 07:42:29 AM Calculated day 594
06/29/2022 07:43:06 AM Calculated day 595
06/29/2022 07:43:43 AM Calculated day 596
06/29/2022 07:44:20 AM Calculated day 597
06/29/2022 07:44:57 AM Calculated day 598
06/29/2022 07:45:34 AM Calculated day 599
06/29/2022 07:49:06 AM Saved data in /data/pbarpanda/spherical_SWE/initial_value_exps//dt_150_Q_forcing_0_forcing_y_0_Hmean_500_forcing_phase_speed_0_ms/U_up_days_150_Rossby//H0_3000/
06/29/2022 07:49:08 AM  ========== CODE RAN SUCCESSFULLY, congrats! ================
06/29/2022 07:49:08 AM  -----> Total Time taken = 9316.916  <----
