06/28/2022 05:44:18 AM **********************************
06/28/2022 05:44:18 AM /data/pbarpanda/spherical_SWE/initial_value_exps//dt_150_Q_forcing_0_forcing_y_0_Hmean_500_forcing_phase_speed_0_ms/U_up_days_150_Rossby/
06/28/2022 05:44:18 AM **********************************
06/28/2022 05:44:18 AM Calculated day 0
06/28/2022 05:44:23 AM Calculated day 1
06/28/2022 05:44:29 AM Calculated day 2
06/28/2022 05:44:35 AM Calculated day 3
06/28/2022 05:44:42 AM Calculated day 4
06/28/2022 05:44:48 AM Calculated day 5
06/28/2022 05:44:55 AM Calculated day 6
06/28/2022 05:45:01 AM Calculated day 7
06/28/2022 05:45:08 AM Calculated day 8
06/28/2022 05:45:14 AM Calculated day 9
06/28/2022 05:45:20 AM Calculated day 10
06/28/2022 05:45:27 AM Calculated day 11
06/28/2022 05:45:33 AM Calculated day 12
06/28/2022 05:45:40 AM Calculated day 13
06/28/2022 05:45:47 AM Calculated day 14
06/28/2022 05:45:53 AM Calculated day 15
06/28/2022 05:46:00 AM Calculated day 16
06/28/2022 05:46:06 AM Calculated day 17
06/28/2022 05:46:13 AM Calculated day 18
06/28/2022 05:46:20 AM Calculated day 19
06/28/2022 05:46:26 AM Calculated day 20
06/28/2022 05:46:33 AM Calculated day 21
06/28/2022 05:46:40 AM Calculated day 22
06/28/2022 05:46:46 AM Calculated day 23
06/28/2022 05:46:53 AM Calculated day 24
06/28/2022 05:47:00 AM Calculated day 25
06/28/2022 05:47:06 AM Calculated day 26
06/28/2022 05:47:13 AM Calculated day 27
06/28/2022 05:47:20 AM Calculated day 28
06/28/2022 05:47:26 AM Calculated day 29
06/28/2022 05:47:33 AM Calculated day 30
06/28/2022 05:47:40 AM Calculated day 31
06/28/2022 05:47:47 AM Calculated day 32
06/28/2022 05:47:54 AM Calculated day 33
06/28/2022 05:48:00 AM Calculated day 34
06/28/2022 05:48:07 AM Calculated day 35
06/28/2022 05:48:14 AM Calculated day 36
06/28/2022 05:48:21 AM Calculated day 37
06/28/2022 05:48:28 AM Calculated day 38
06/28/2022 05:48:35 AM Calculated day 39
06/28/2022 05:48:42 AM Calculated day 40
06/28/2022 05:48:49 AM Calculated day 41
06/28/2022 05:48:56 AM Calculated day 42
06/28/2022 05:49:02 AM Calculated day 43
06/28/2022 05:49:09 AM Calculated day 44
06/28/2022 05:49:17 AM Calculated day 45
06/28/2022 05:49:24 AM Calculated day 46
06/28/2022 05:49:31 AM Calculated day 47
06/28/2022 05:49:38 AM Calculated day 48
06/28/2022 05:49:45 AM Calculated day 49
06/28/2022 05:49:52 AM Calculated day 50
06/28/2022 05:49:59 AM Calculated day 51
06/28/2022 05:50:06 AM Calculated day 52
06/28/2022 05:50:13 AM Calculated day 53
06/28/2022 05:50:21 AM Calculated day 54
06/28/2022 05:50:28 AM Calculated day 55
06/28/2022 05:50:35 AM Calculated day 56
06/28/2022 05:50:42 AM Calculated day 57
06/28/2022 05:50:50 AM Calculated day 58
06/28/2022 05:50:57 AM Calculated day 59
06/28/2022 05:51:04 AM Calculated day 60
06/28/2022 05:51:11 AM Calculated day 61
06/28/2022 05:51:19 AM Calculated day 62
06/28/2022 05:51:26 AM Calculated day 63
06/28/2022 05:51:33 AM Calculated day 64
06/28/2022 05:51:41 AM Calculated day 65
06/28/2022 05:51:48 AM Calculated day 66
06/28/2022 05:51:55 AM Calculated day 67
06/28/2022 05:52:03 AM Calculated day 68
06/28/2022 05:52:10 AM Calculated day 69
06/28/2022 05:52:18 AM Calculated day 70
06/28/2022 05:52:25 AM Calculated day 71
06/28/2022 05:52:33 AM Calculated day 72
06/28/2022 05:52:40 AM Calculated day 73
06/28/2022 05:52:48 AM Calculated day 74
06/28/2022 05:52:56 AM Calculated day 75
06/28/2022 05:53:03 AM Calculated day 76
06/28/2022 05:53:11 AM Calculated day 77
06/28/2022 05:53:18 AM Calculated day 78
06/28/2022 05:53:26 AM Calculated day 79
06/28/2022 05:53:33 AM Calculated day 80
06/28/2022 05:53:41 AM Calculated day 81
06/28/2022 05:53:49 AM Calculated day 82
06/28/2022 05:53:56 AM Calculated day 83
06/28/2022 05:54:04 AM Calculated day 84
06/28/2022 05:54:11 AM Calculated day 85
06/28/2022 05:54:19 AM Calculated day 86
06/28/2022 05:54:27 AM Calculated day 87
06/28/2022 05:54:34 AM Calculated day 88
06/28/2022 05:54:42 AM Calculated day 89
06/28/2022 05:54:50 AM Calculated day 90
06/28/2022 05:54:58 AM Calculated day 91
06/28/2022 05:55:05 AM Calculated day 92
06/28/2022 05:55:13 AM Calculated day 93
06/28/2022 05:55:21 AM Calculated day 94
06/28/2022 05:55:29 AM Calculated day 95
06/28/2022 05:55:37 AM Calculated day 96
06/28/2022 05:55:45 AM Calculated day 97
06/28/2022 05:55:53 AM Calculated day 98
06/28/2022 05:56:01 AM Calculated day 99
06/28/2022 05:56:09 AM Calculated day 100
06/28/2022 05:56:17 AM Calculated day 101
06/28/2022 05:56:25 AM Calculated day 102
06/28/2022 05:56:33 AM Calculated day 103
06/28/2022 05:56:41 AM Calculated day 104
06/28/2022 05:56:49 AM Calculated day 105
06/28/2022 05:56:57 AM Calculated day 106
06/28/2022 05:57:05 AM Calculated day 107
06/28/2022 05:57:13 AM Calculated day 108
06/28/2022 05:57:21 AM Calculated day 109
06/28/2022 05:57:29 AM Calculated day 110
06/28/2022 05:57:38 AM Calculated day 111
06/28/2022 05:57:46 AM Calculated day 112
06/28/2022 05:57:54 AM Calculated day 113
06/28/2022 05:58:02 AM Calculated day 114
06/28/2022 05:58:10 AM Calculated day 115
06/28/2022 05:58:18 AM Calculated day 116
06/28/2022 05:58:27 AM Calculated day 117
06/28/2022 05:58:35 AM Calculated day 118
06/28/2022 05:58:43 AM Calculated day 119
06/28/2022 05:58:51 AM Calculated day 120
06/28/2022 05:59:00 AM Calculated day 121
06/28/2022 05:59:08 AM Calculated day 122
06/28/2022 05:59:16 AM Calculated day 123
06/28/2022 05:59:24 AM Calculated day 124
06/28/2022 05:59:33 AM Calculated day 125
06/28/2022 05:59:41 AM Calculated day 126
06/28/2022 05:59:49 AM Calculated day 127
06/28/2022 05:59:58 AM Calculated day 128
06/28/2022 06:00:06 AM Calculated day 129
06/28/2022 06:00:15 AM Calculated day 130
06/28/2022 06:00:23 AM Calculated day 131
06/28/2022 06:00:32 AM Calculated day 132
06/28/2022 06:00:40 AM Calculated day 133
06/28/2022 06:00:49 AM Calculated day 134
06/28/2022 06:00:57 AM Calculated day 135
06/28/2022 06:01:06 AM Calculated day 136
06/28/2022 06:01:14 AM Calculated day 137
06/28/2022 06:01:23 AM Calculated day 138
06/28/2022 06:01:31 AM Calculated day 139
06/28/2022 06:01:40 AM Calculated day 140
06/28/2022 06:01:49 AM Calculated day 141
06/28/2022 06:01:57 AM Calculated day 142
06/28/2022 06:02:06 AM Calculated day 143
06/28/2022 06:02:15 AM Calculated day 144
06/28/2022 06:02:23 AM Calculated day 145
06/28/2022 06:02:32 AM Calculated day 146
06/28/2022 06:02:41 AM Calculated day 147
06/28/2022 06:02:49 AM Calculated day 148
06/28/2022 06:02:58 AM Calculated day 149
06/28/2022 06:03:08 AM Calculated day 150
06/28/2022 06:03:16 AM Calculated day 151
06/28/2022 06:03:25 AM Calculated day 152
06/28/2022 06:03:34 AM Calculated day 153
06/28/2022 06:03:43 AM Calculated day 154
06/28/2022 06:03:51 AM Calculated day 155
06/28/2022 06:04:00 AM Calculated day 156
06/28/2022 06:04:09 AM Calculated day 157
06/28/2022 06:04:18 AM Calculated day 158
06/28/2022 06:04:27 AM Calculated day 159
06/28/2022 06:04:36 AM Calculated day 160
06/28/2022 06:04:45 AM Calculated day 161
06/28/2022 06:04:54 AM Calculated day 162
06/28/2022 06:05:03 AM Calculated day 163
06/28/2022 06:05:13 AM Calculated day 164
06/28/2022 06:05:22 AM Calculated day 165
06/28/2022 06:05:31 AM Calculated day 166
06/28/2022 06:05:40 AM Calculated day 167
06/28/2022 06:05:50 AM Calculated day 168
06/28/2022 06:05:59 AM Calculated day 169
06/28/2022 06:06:08 AM Calculated day 170
06/28/2022 06:06:18 AM Calculated day 171
06/28/2022 06:06:27 AM Calculated day 172
06/28/2022 06:06:37 AM Calculated day 173
06/28/2022 06:06:46 AM Calculated day 174
06/28/2022 06:06:55 AM Calculated day 175
06/28/2022 06:07:05 AM Calculated day 176
06/28/2022 06:07:14 AM Calculated day 177
06/28/2022 06:07:24 AM Calculated day 178
06/28/2022 06:07:33 AM Calculated day 179
06/28/2022 06:07:43 AM Calculated day 180
06/28/2022 06:07:52 AM Calculated day 181
06/28/2022 06:08:02 AM Calculated day 182
06/28/2022 06:08:12 AM Calculated day 183
06/28/2022 06:08:21 AM Calculated day 184
06/28/2022 06:08:31 AM Calculated day 185
06/28/2022 06:08:41 AM Calculated day 186
06/28/2022 06:08:50 AM Calculated day 187
06/28/2022 06:09:00 AM Calculated day 188
06/28/2022 06:09:10 AM Calculated day 189
06/28/2022 06:09:19 AM Calculated day 190
06/28/2022 06:09:29 AM Calculated day 191
06/28/2022 06:09:39 AM Calculated day 192
06/28/2022 06:09:48 AM Calculated day 193
06/28/2022 06:09:58 AM Calculated day 194
06/28/2022 06:10:08 AM Calculated day 195
06/28/2022 06:10:18 AM Calculated day 196
06/28/2022 06:10:28 AM Calculated day 197
06/28/2022 06:10:38 AM Calculated day 198
06/28/2022 06:10:48 AM Calculated day 199
06/28/2022 06:10:57 AM Calculated day 200
06/28/2022 06:11:07 AM Calculated day 201
06/28/2022 06:11:17 AM Calculated day 202
06/28/2022 06:11:27 AM Calculated day 203
06/28/2022 06:11:37 AM Calculated day 204
06/28/2022 06:11:47 AM Calculated day 205
06/28/2022 06:11:57 AM Calculated day 206
06/28/2022 06:12:07 AM Calculated day 207
06/28/2022 06:12:17 AM Calculated day 208
06/28/2022 06:12:27 AM Calculated day 209
06/28/2022 06:12:38 AM Calculated day 210
06/28/2022 06:12:48 AM Calculated day 211
06/28/2022 06:12:58 AM Calculated day 212
06/28/2022 06:13:09 AM Calculated day 213
06/28/2022 06:13:20 AM Calculated day 214
06/28/2022 06:13:30 AM Calculated day 215
06/28/2022 06:13:40 AM Calculated day 216
06/28/2022 06:13:50 AM Calculated day 217
06/28/2022 06:14:00 AM Calculated day 218
06/28/2022 06:14:11 AM Calculated day 219
06/28/2022 06:14:21 AM Calculated day 220
06/28/2022 06:14:31 AM Calculated day 221
06/28/2022 06:14:42 AM Calculated day 222
06/28/2022 06:14:52 AM Calculated day 223
06/28/2022 06:15:02 AM Calculated day 224
06/28/2022 06:15:13 AM Calculated day 225
06/28/2022 06:15:23 AM Calculated day 226
06/28/2022 06:15:34 AM Calculated day 227
06/28/2022 06:15:44 AM Calculated day 228
06/28/2022 06:15:55 AM Calculated day 229
06/28/2022 06:16:05 AM Calculated day 230
06/28/2022 06:16:16 AM Calculated day 231
06/28/2022 06:16:27 AM Calculated day 232
06/28/2022 06:16:37 AM Calculated day 233
06/28/2022 06:16:48 AM Calculated day 234
06/28/2022 06:16:58 AM Calculated day 235
06/28/2022 06:17:09 AM Calculated day 236
06/28/2022 06:17:20 AM Calculated day 237
06/28/2022 06:17:30 AM Calculated day 238
06/28/2022 06:17:41 AM Calculated day 239
06/28/2022 06:17:52 AM Calculated day 240
06/28/2022 06:18:02 AM Calculated day 241
06/28/2022 06:18:13 AM Calculated day 242
06/28/2022 06:18:24 AM Calculated day 243
06/28/2022 06:18:34 AM Calculated day 244
06/28/2022 06:18:45 AM Calculated day 245
06/28/2022 06:18:56 AM Calculated day 246
06/28/2022 06:19:07 AM Calculated day 247
06/28/2022 06:19:18 AM Calculated day 248
06/28/2022 06:19:28 AM Calculated day 249
06/28/2022 06:19:39 AM Calculated day 250
06/28/2022 06:19:50 AM Calculated day 251
06/28/2022 06:20:01 AM Calculated day 252
06/28/2022 06:20:12 AM Calculated day 253
06/28/2022 06:20:23 AM Calculated day 254
06/28/2022 06:20:34 AM Calculated day 255
06/28/2022 06:20:45 AM Calculated day 256
06/28/2022 06:20:56 AM Calculated day 257
06/28/2022 06:21:09 AM Calculated day 258
06/28/2022 06:21:25 AM Calculated day 259
06/28/2022 06:21:39 AM Calculated day 260
06/28/2022 06:21:53 AM Calculated day 261
06/28/2022 06:22:06 AM Calculated day 262
06/28/2022 06:22:20 AM Calculated day 263
06/28/2022 06:22:34 AM Calculated day 264
06/28/2022 06:22:47 AM Calculated day 265
06/28/2022 06:23:01 AM Calculated day 266
06/28/2022 06:23:14 AM Calculated day 267
06/28/2022 06:23:28 AM Calculated day 268
06/28/2022 06:23:42 AM Calculated day 269
06/28/2022 06:23:55 AM Calculated day 270
06/28/2022 06:24:09 AM Calculated day 271
06/28/2022 06:24:23 AM Calculated day 272
06/28/2022 06:24:37 AM Calculated day 273
06/28/2022 06:24:51 AM Calculated day 274
06/28/2022 06:25:05 AM Calculated day 275
06/28/2022 06:25:19 AM Calculated day 276
06/28/2022 06:25:33 AM Calculated day 277
06/28/2022 06:25:46 AM Calculated day 278
06/28/2022 06:26:00 AM Calculated day 279
06/28/2022 06:26:14 AM Calculated day 280
06/28/2022 06:26:28 AM Calculated day 281
06/28/2022 06:26:42 AM Calculated day 282
06/28/2022 06:26:57 AM Calculated day 283
06/28/2022 06:27:11 AM Calculated day 284
06/28/2022 06:27:25 AM Calculated day 285
06/28/2022 06:27:39 AM Calculated day 286
06/28/2022 06:27:53 AM Calculated day 287
06/28/2022 06:28:08 AM Calculated day 288
06/28/2022 06:28:22 AM Calculated day 289
06/28/2022 06:28:36 AM Calculated day 290
06/28/2022 06:28:50 AM Calculated day 291
06/28/2022 06:29:05 AM Calculated day 292
06/28/2022 06:29:19 AM Calculated day 293
06/28/2022 06:29:33 AM Calculated day 294
06/28/2022 06:29:48 AM Calculated day 295
06/28/2022 06:30:02 AM Calculated day 296
06/28/2022 06:30:17 AM Calculated day 297
06/28/2022 06:30:31 AM Calculated day 298
06/28/2022 06:30:46 AM Calculated day 299
06/28/2022 06:31:01 AM Calculated day 300
06/28/2022 06:31:15 AM Calculated day 301
06/28/2022 06:31:30 AM Calculated day 302
06/28/2022 06:31:45 AM Calculated day 303
06/28/2022 06:32:00 AM Calculated day 304
06/28/2022 06:32:15 AM Calculated day 305
06/28/2022 06:32:30 AM Calculated day 306
06/28/2022 06:32:45 AM Calculated day 307
06/28/2022 06:33:00 AM Calculated day 308
06/28/2022 06:33:15 AM Calculated day 309
06/28/2022 06:33:30 AM Calculated day 310
06/28/2022 06:33:45 AM Calculated day 311
06/28/2022 06:34:00 AM Calculated day 312
06/28/2022 06:34:15 AM Calculated day 313
06/28/2022 06:34:31 AM Calculated day 314
06/28/2022 06:34:45 AM Calculated day 315
06/28/2022 06:35:00 AM Calculated day 316
06/28/2022 06:35:16 AM Calculated day 317
06/28/2022 06:35:31 AM Calculated day 318
06/28/2022 06:35:46 AM Calculated day 319
06/28/2022 06:36:01 AM Calculated day 320
06/28/2022 06:36:16 AM Calculated day 321
06/28/2022 06:36:31 AM Calculated day 322
06/28/2022 06:36:46 AM Calculated day 323
06/28/2022 06:37:02 AM Calculated day 324
06/28/2022 06:37:17 AM Calculated day 325
06/28/2022 06:37:32 AM Calculated day 326
06/28/2022 06:37:47 AM Calculated day 327
06/28/2022 06:38:03 AM Calculated day 328
06/28/2022 06:38:18 AM Calculated day 329
06/28/2022 06:38:34 AM Calculated day 330
06/28/2022 06:38:49 AM Calculated day 331
06/28/2022 06:39:04 AM Calculated day 332
06/28/2022 06:39:20 AM Calculated day 333
06/28/2022 06:39:35 AM Calculated day 334
06/28/2022 06:39:51 AM Calculated day 335
06/28/2022 06:40:06 AM Calculated day 336
06/28/2022 06:40:22 AM Calculated day 337
06/28/2022 06:40:37 AM Calculated day 338
06/28/2022 06:40:53 AM Calculated day 339
06/28/2022 06:41:09 AM Calculated day 340
06/28/2022 06:41:25 AM Calculated day 341
06/28/2022 06:41:40 AM Calculated day 342
06/28/2022 06:41:56 AM Calculated day 343
06/28/2022 06:42:12 AM Calculated day 344
06/28/2022 06:42:28 AM Calculated day 345
06/28/2022 06:42:43 AM Calculated day 346
06/28/2022 06:42:59 AM Calculated day 347
06/28/2022 06:43:15 AM Calculated day 348
06/28/2022 06:43:31 AM Calculated day 349
06/28/2022 06:43:47 AM Calculated day 350
06/28/2022 06:44:03 AM Calculated day 351
06/28/2022 06:44:19 AM Calculated day 352
06/28/2022 06:44:35 AM Calculated day 353
06/28/2022 06:44:51 AM Calculated day 354
06/28/2022 06:45:07 AM Calculated day 355
06/28/2022 06:45:23 AM Calculated day 356
06/28/2022 06:45:39 AM Calculated day 357
06/28/2022 06:45:55 AM Calculated day 358
06/28/2022 06:46:11 AM Calculated day 359
06/28/2022 06:46:28 AM Calculated day 360
06/28/2022 06:46:44 AM Calculated day 361
06/28/2022 06:47:00 AM Calculated day 362
06/28/2022 06:47:17 AM Calculated day 363
06/28/2022 06:47:33 AM Calculated day 364
06/28/2022 06:47:49 AM Calculated day 365
06/28/2022 06:48:08 AM Calculated day 366
06/28/2022 06:48:25 AM Calculated day 367
06/28/2022 06:48:41 AM Calculated day 368
06/28/2022 06:48:58 AM Calculated day 369
06/28/2022 06:49:15 AM Calculated day 370
06/28/2022 06:49:31 AM Calculated day 371
06/28/2022 06:49:48 AM Calculated day 372
06/28/2022 06:50:04 AM Calculated day 373
06/28/2022 06:50:21 AM Calculated day 374
06/28/2022 06:50:37 AM Calculated day 375
06/28/2022 06:50:54 AM Calculated day 376
06/28/2022 06:51:11 AM Calculated day 377
06/28/2022 06:51:27 AM Calculated day 378
06/28/2022 06:51:44 AM Calculated day 379
06/28/2022 06:52:01 AM Calculated day 380
06/28/2022 06:52:18 AM Calculated day 381
06/28/2022 06:52:34 AM Calculated day 382
06/28/2022 06:52:51 AM Calculated day 383
06/28/2022 06:53:08 AM Calculated day 384
06/28/2022 06:53:25 AM Calculated day 385
06/28/2022 06:53:42 AM Calculated day 386
06/28/2022 06:53:59 AM Calculated day 387
06/28/2022 06:54:16 AM Calculated day 388
06/28/2022 06:54:33 AM Calculated day 389
06/28/2022 06:54:50 AM Calculated day 390
06/28/2022 06:55:07 AM Calculated day 391
06/28/2022 06:55:24 AM Calculated day 392
06/28/2022 06:55:41 AM Calculated day 393
06/28/2022 06:55:59 AM Calculated day 394
06/28/2022 06:56:16 AM Calculated day 395
06/28/2022 06:56:33 AM Calculated day 396
06/28/2022 06:56:50 AM Calculated day 397
06/28/2022 06:57:07 AM Calculated day 398
06/28/2022 06:57:25 AM Calculated day 399
06/28/2022 06:57:42 AM Calculated day 400
06/28/2022 06:57:59 AM Calculated day 401
06/28/2022 06:58:17 AM Calculated day 402
06/28/2022 06:58:34 AM Calculated day 403
06/28/2022 06:58:51 AM Calculated day 404
06/28/2022 06:59:09 AM Calculated day 405
06/28/2022 06:59:26 AM Calculated day 406
06/28/2022 06:59:44 AM Calculated day 407
06/28/2022 07:00:01 AM Calculated day 408
06/28/2022 07:00:19 AM Calculated day 409
06/28/2022 07:00:36 AM Calculated day 410
06/28/2022 07:00:54 AM Calculated day 411
06/28/2022 07:01:12 AM Calculated day 412
06/28/2022 07:01:29 AM Calculated day 413
06/28/2022 07:01:47 AM Calculated day 414
06/28/2022 07:02:05 AM Calculated day 415
06/28/2022 07:02:22 AM Calculated day 416
06/28/2022 07:02:40 AM Calculated day 417
06/28/2022 07:02:58 AM Calculated day 418
06/28/2022 07:03:16 AM Calculated day 419
06/28/2022 07:03:34 AM Calculated day 420
06/28/2022 07:03:52 AM Calculated day 421
06/28/2022 07:04:09 AM Calculated day 422
06/28/2022 07:04:27 AM Calculated day 423
06/28/2022 07:04:45 AM Calculated day 424
06/28/2022 07:05:03 AM Calculated day 425
06/28/2022 07:05:21 AM Calculated day 426
06/28/2022 07:05:39 AM Calculated day 427
06/28/2022 07:05:57 AM Calculated day 428
06/28/2022 07:06:15 AM Calculated day 429
06/28/2022 07:06:33 AM Calculated day 430
06/28/2022 07:06:52 AM Calculated day 431
06/28/2022 07:07:10 AM Calculated day 432
06/28/2022 07:07:28 AM Calculated day 433
06/28/2022 07:07:46 AM Calculated day 434
06/28/2022 07:08:04 AM Calculated day 435
06/28/2022 07:08:23 AM Calculated day 436
06/28/2022 07:08:41 AM Calculated day 437
06/28/2022 07:08:59 AM Calculated day 438
06/28/2022 07:09:17 AM Calculated day 439
06/28/2022 07:09:36 AM Calculated day 440
06/28/2022 07:09:54 AM Calculated day 441
06/28/2022 07:10:13 AM Calculated day 442
06/28/2022 07:10:31 AM Calculated day 443
06/28/2022 07:10:49 AM Calculated day 444
06/28/2022 07:11:08 AM Calculated day 445
06/28/2022 07:11:26 AM Calculated day 446
06/28/2022 07:11:45 AM Calculated day 447
06/28/2022 07:12:03 AM Calculated day 448
06/28/2022 07:12:22 AM Calculated day 449
06/28/2022 07:12:41 AM Calculated day 450
06/28/2022 07:12:59 AM Calculated day 451
06/28/2022 07:13:18 AM Calculated day 452
06/28/2022 07:13:37 AM Calculated day 453
06/28/2022 07:13:55 AM Calculated day 454
06/28/2022 07:14:14 AM Calculated day 455
06/28/2022 07:14:33 AM Calculated day 456
06/28/2022 07:14:52 AM Calculated day 457
06/28/2022 07:15:11 AM Calculated day 458
06/28/2022 07:15:29 AM Calculated day 459
06/28/2022 07:15:48 AM Calculated day 460
06/28/2022 07:16:07 AM Calculated day 461
06/28/2022 07:16:26 AM Calculated day 462
06/28/2022 07:16:45 AM Calculated day 463
06/28/2022 07:17:04 AM Calculated day 464
06/28/2022 07:17:23 AM Calculated day 465
06/28/2022 07:17:42 AM Calculated day 466
06/28/2022 07:18:01 AM Calculated day 467
06/28/2022 07:18:20 AM Calculated day 468
06/28/2022 07:18:40 AM Calculated day 469
06/28/2022 07:18:59 AM Calculated day 470
06/28/2022 07:19:18 AM Calculated day 471
06/28/2022 07:19:37 AM Calculated day 472
06/28/2022 07:19:57 AM Calculated day 473
06/28/2022 07:20:16 AM Calculated day 474
06/28/2022 07:20:35 AM Calculated day 475
06/28/2022 07:20:55 AM Calculated day 476
06/28/2022 07:21:14 AM Calculated day 477
06/28/2022 07:21:33 AM Calculated day 478
06/28/2022 07:21:53 AM Calculated day 479
06/28/2022 07:22:12 AM Calculated day 480
06/28/2022 07:22:32 AM Calculated day 481
06/28/2022 07:22:52 AM Calculated day 482
06/28/2022 07:23:11 AM Calculated day 483
06/28/2022 07:23:31 AM Calculated day 484
06/28/2022 07:23:51 AM Calculated day 485
06/28/2022 07:24:10 AM Calculated day 486
06/28/2022 07:24:31 AM Calculated day 487
06/28/2022 07:24:51 AM Calculated day 488
06/28/2022 07:25:12 AM Calculated day 489
06/28/2022 07:25:33 AM Calculated day 490
06/28/2022 07:25:55 AM Calculated day 491
06/28/2022 07:26:16 AM Calculated day 492
06/28/2022 07:26:37 AM Calculated day 493
06/28/2022 07:26:59 AM Calculated day 494
06/28/2022 07:27:21 AM Calculated day 495
06/28/2022 07:27:42 AM Calculated day 496
06/28/2022 07:28:04 AM Calculated day 497
06/28/2022 07:28:25 AM Calculated day 498
06/28/2022 07:28:47 AM Calculated day 499
06/28/2022 07:29:09 AM Calculated day 500
06/28/2022 07:29:31 AM Calculated day 501
06/28/2022 07:29:53 AM Calculated day 502
06/28/2022 07:30:15 AM Calculated day 503
06/28/2022 07:30:37 AM Calculated day 504
06/28/2022 07:30:59 AM Calculated day 505
06/28/2022 07:31:22 AM Calculated day 506
06/28/2022 07:31:45 AM Calculated day 507
06/28/2022 07:32:08 AM Calculated day 508
06/28/2022 07:32:31 AM Calculated day 509
06/28/2022 07:32:54 AM Calculated day 510
06/28/2022 07:33:17 AM Calculated day 511
06/28/2022 07:33:40 AM Calculated day 512
06/28/2022 07:34:03 AM Calculated day 513
06/28/2022 07:34:26 AM Calculated day 514
06/28/2022 07:34:49 AM Calculated day 515
06/28/2022 07:35:12 AM Calculated day 516
06/28/2022 07:35:35 AM Calculated day 517
06/28/2022 07:35:58 AM Calculated day 518
06/28/2022 07:36:21 AM Calculated day 519
06/28/2022 07:36:44 AM Calculated day 520
06/28/2022 07:37:07 AM Calculated day 521
06/28/2022 07:37:30 AM Calculated day 522
06/28/2022 07:37:53 AM Calculated day 523
06/28/2022 07:38:17 AM Calculated day 524
06/28/2022 07:38:40 AM Calculated day 525
06/28/2022 07:39:03 AM Calculated day 526
06/28/2022 07:39:27 AM Calculated day 527
06/28/2022 07:39:50 AM Calculated day 528
06/28/2022 07:40:14 AM Calculated day 529
06/28/2022 07:40:37 AM Calculated day 530
06/28/2022 07:41:01 AM Calculated day 531
06/28/2022 07:41:24 AM Calculated day 532
06/28/2022 07:41:48 AM Calculated day 533
06/28/2022 07:42:12 AM Calculated day 534
06/28/2022 07:42:36 AM Calculated day 535
06/28/2022 07:43:00 AM Calculated day 536
06/28/2022 07:43:24 AM Calculated day 537
06/28/2022 07:43:48 AM Calculated day 538
06/28/2022 07:44:12 AM Calculated day 539
06/28/2022 07:44:37 AM Calculated day 540
06/28/2022 07:45:03 AM Calculated day 541
06/28/2022 07:45:29 AM Calculated day 542
06/28/2022 07:45:54 AM Calculated day 543
06/28/2022 07:46:18 AM Calculated day 544
06/28/2022 07:46:43 AM Calculated day 545
06/28/2022 07:47:08 AM Calculated day 546
06/28/2022 07:47:33 AM Calculated day 547
06/28/2022 07:47:57 AM Calculated day 548
06/28/2022 07:48:22 AM Calculated day 549
06/28/2022 07:48:47 AM Calculated day 550
06/28/2022 07:49:12 AM Calculated day 551
06/28/2022 07:49:37 AM Calculated day 552
06/28/2022 07:50:03 AM Calculated day 553
06/28/2022 07:50:28 AM Calculated day 554
06/28/2022 07:50:53 AM Calculated day 555
06/28/2022 07:51:18 AM Calculated day 556
06/28/2022 07:51:43 AM Calculated day 557
06/28/2022 07:52:09 AM Calculated day 558
06/28/2022 07:52:35 AM Calculated day 559
06/28/2022 07:53:00 AM Calculated day 560
06/28/2022 07:53:26 AM Calculated day 561
06/28/2022 07:53:52 AM Calculated day 562
06/28/2022 07:54:18 AM Calculated day 563
06/28/2022 07:54:44 AM Calculated day 564
06/28/2022 07:55:11 AM Calculated day 565
06/28/2022 07:55:38 AM Calculated day 566
06/28/2022 07:56:05 AM Calculated day 567
06/28/2022 07:56:33 AM Calculated day 568
06/28/2022 07:57:02 AM Calculated day 569
06/28/2022 07:57:30 AM Calculated day 570
06/28/2022 07:57:59 AM Calculated day 571
06/28/2022 07:58:28 AM Calculated day 572
06/28/2022 07:58:58 AM Calculated day 573
06/28/2022 07:59:28 AM Calculated day 574
06/28/2022 07:59:58 AM Calculated day 575
06/28/2022 08:00:30 AM Calculated day 576
06/28/2022 08:01:02 AM Calculated day 577
06/28/2022 08:01:34 AM Calculated day 578
06/28/2022 08:02:07 AM Calculated day 579
06/28/2022 08:02:40 AM Calculated day 580
06/28/2022 08:03:15 AM Calculated day 581
06/28/2022 08:03:49 AM Calculated day 582
06/28/2022 08:04:24 AM Calculated day 583
06/28/2022 08:04:59 AM Calculated day 584
06/28/2022 08:05:33 AM Calculated day 585
06/28/2022 08:06:08 AM Calculated day 586
06/28/2022 08:06:42 AM Calculated day 587
06/28/2022 08:07:18 AM Calculated day 588
06/28/2022 08:07:53 AM Calculated day 589
06/28/2022 08:08:28 AM Calculated day 590
06/28/2022 08:09:03 AM Calculated day 591
06/28/2022 08:09:38 AM Calculated day 592
06/28/2022 08:10:13 AM Calculated day 593
06/28/2022 08:10:48 AM Calculated day 594
06/28/2022 08:11:24 AM Calculated day 595
06/28/2022 08:11:59 AM Calculated day 596
06/28/2022 08:12:34 AM Calculated day 597
06/28/2022 08:13:09 AM Calculated day 598
06/28/2022 08:13:45 AM Calculated day 599
06/28/2022 08:17:16 AM Saved data in /data/pbarpanda/spherical_SWE/initial_value_exps//dt_150_Q_forcing_0_forcing_y_0_Hmean_500_forcing_phase_speed_0_ms/U_up_days_150_Rossby//H0_100/
06/28/2022 08:17:18 AM  ========== CODE RAN SUCCESSFULLY, congrats! ================
06/28/2022 08:17:18 AM  -----> Total Time taken = 9185.837  <----
