06/29/2022 05:40:08 PM **********************************
06/29/2022 05:40:08 PM /data/pbarpanda/spherical_SWE/initial_value_exps//dt_150_Q_forcing_0_forcing_y_0_Hmean_200_forcing_phase_speed_0_ms/U_up_days_150_mixmodes/
06/29/2022 05:40:08 PM **********************************
06/29/2022 05:40:08 PM Calculated day 0
06/29/2022 05:40:14 PM Calculated day 1
06/29/2022 05:40:19 PM Calculated day 2
06/29/2022 05:40:25 PM Calculated day 3
06/29/2022 05:40:30 PM Calculated day 4
06/29/2022 05:40:36 PM Calculated day 5
06/29/2022 05:40:41 PM Calculated day 6
06/29/2022 05:40:47 PM Calculated day 7
06/29/2022 05:40:52 PM Calculated day 8
06/29/2022 05:40:58 PM Calculated day 9
06/29/2022 05:41:03 PM Calculated day 10
06/29/2022 05:41:09 PM Calculated day 11
06/29/2022 05:41:15 PM Calculated day 12
06/29/2022 05:41:20 PM Calculated day 13
06/29/2022 05:41:26 PM Calculated day 14
06/29/2022 05:41:31 PM Calculated day 15
06/29/2022 05:41:37 PM Calculated day 16
06/29/2022 05:41:42 PM Calculated day 17
06/29/2022 05:41:48 PM Calculated day 18
06/29/2022 05:41:53 PM Calculated day 19
06/29/2022 05:41:59 PM Calculated day 20
06/29/2022 05:42:04 PM Calculated day 21
06/29/2022 05:42:10 PM Calculated day 22
06/29/2022 05:42:15 PM Calculated day 23
06/29/2022 05:42:21 PM Calculated day 24
06/29/2022 05:42:26 PM Calculated day 25
06/29/2022 05:42:32 PM Calculated day 26
06/29/2022 05:42:37 PM Calculated day 27
06/29/2022 05:42:43 PM Calculated day 28
06/29/2022 05:42:48 PM Calculated day 29
06/29/2022 05:42:54 PM Calculated day 30
06/29/2022 05:42:59 PM Calculated day 31
06/29/2022 05:43:05 PM Calculated day 32
06/29/2022 05:43:10 PM Calculated day 33
06/29/2022 05:43:16 PM Calculated day 34
06/29/2022 05:43:21 PM Calculated day 35
06/29/2022 05:43:27 PM Calculated day 36
06/29/2022 05:43:33 PM Calculated day 37
06/29/2022 05:43:38 PM Calculated day 38
06/29/2022 05:43:43 PM Calculated day 39
06/29/2022 05:43:49 PM Calculated day 40
06/29/2022 05:43:55 PM Calculated day 41
06/29/2022 05:44:01 PM Calculated day 42
06/29/2022 05:44:07 PM Calculated day 43
06/29/2022 05:44:13 PM Calculated day 44
06/29/2022 05:44:19 PM Calculated day 45
06/29/2022 05:44:24 PM Calculated day 46
06/29/2022 05:44:30 PM Calculated day 47
06/29/2022 05:44:36 PM Calculated day 48
06/29/2022 05:44:41 PM Calculated day 49
06/29/2022 05:44:47 PM Calculated day 50
06/29/2022 05:44:52 PM Calculated day 51
06/29/2022 05:44:58 PM Calculated day 52
06/29/2022 05:45:03 PM Calculated day 53
06/29/2022 05:45:09 PM Calculated day 54
06/29/2022 05:45:14 PM Calculated day 55
06/29/2022 05:45:20 PM Calculated day 56
06/29/2022 05:45:25 PM Calculated day 57
06/29/2022 05:45:31 PM Calculated day 58
06/29/2022 05:45:36 PM Calculated day 59
06/29/2022 05:45:42 PM Calculated day 60
06/29/2022 05:45:47 PM Calculated day 61
06/29/2022 05:45:53 PM Calculated day 62
06/29/2022 05:45:59 PM Calculated day 63
06/29/2022 05:46:04 PM Calculated day 64
06/29/2022 05:46:10 PM Calculated day 65
06/29/2022 05:46:15 PM Calculated day 66
06/29/2022 05:46:21 PM Calculated day 67
06/29/2022 05:46:26 PM Calculated day 68
06/29/2022 05:46:32 PM Calculated day 69
06/29/2022 05:46:37 PM Calculated day 70
06/29/2022 05:46:43 PM Calculated day 71
06/29/2022 05:46:48 PM Calculated day 72
06/29/2022 05:46:54 PM Calculated day 73
06/29/2022 05:46:59 PM Calculated day 74
06/29/2022 05:47:05 PM Calculated day 75
06/29/2022 05:47:10 PM Calculated day 76
06/29/2022 05:47:16 PM Calculated day 77
06/29/2022 05:47:22 PM Calculated day 78
06/29/2022 05:47:27 PM Calculated day 79
06/29/2022 05:47:33 PM Calculated day 80
06/29/2022 05:47:38 PM Calculated day 81
06/29/2022 05:47:44 PM Calculated day 82
06/29/2022 05:47:49 PM Calculated day 83
06/29/2022 05:47:55 PM Calculated day 84
06/29/2022 05:48:00 PM Calculated day 85
06/29/2022 05:48:06 PM Calculated day 86
06/29/2022 05:48:11 PM Calculated day 87
06/29/2022 05:48:17 PM Calculated day 88
06/29/2022 05:48:22 PM Calculated day 89
06/29/2022 05:48:28 PM Calculated day 90
06/29/2022 05:48:33 PM Calculated day 91
06/29/2022 05:48:39 PM Calculated day 92
06/29/2022 05:48:44 PM Calculated day 93
06/29/2022 05:48:50 PM Calculated day 94
06/29/2022 05:48:55 PM Calculated day 95
06/29/2022 05:49:01 PM Calculated day 96
06/29/2022 05:49:06 PM Calculated day 97
06/29/2022 05:49:12 PM Calculated day 98
06/29/2022 05:49:17 PM Calculated day 99
06/29/2022 05:49:23 PM Calculated day 100
06/29/2022 05:49:28 PM Calculated day 101
06/29/2022 05:49:34 PM Calculated day 102
06/29/2022 05:49:39 PM Calculated day 103
06/29/2022 05:49:45 PM Calculated day 104
06/29/2022 05:49:50 PM Calculated day 105
06/29/2022 05:49:56 PM Calculated day 106
06/29/2022 05:50:01 PM Calculated day 107
06/29/2022 05:50:07 PM Calculated day 108
06/29/2022 05:50:12 PM Calculated day 109
06/29/2022 05:50:18 PM Calculated day 110
06/29/2022 05:50:23 PM Calculated day 111
06/29/2022 05:50:29 PM Calculated day 112
06/29/2022 05:50:34 PM Calculated day 113
06/29/2022 05:50:40 PM Calculated day 114
06/29/2022 05:50:46 PM Calculated day 115
06/29/2022 05:50:51 PM Calculated day 116
06/29/2022 05:50:57 PM Calculated day 117
06/29/2022 05:51:02 PM Calculated day 118
06/29/2022 05:51:08 PM Calculated day 119
06/29/2022 05:51:13 PM Calculated day 120
06/29/2022 05:51:19 PM Calculated day 121
06/29/2022 05:51:24 PM Calculated day 122
06/29/2022 05:51:30 PM Calculated day 123
06/29/2022 05:51:35 PM Calculated day 124
06/29/2022 05:51:41 PM Calculated day 125
06/29/2022 05:51:46 PM Calculated day 126
06/29/2022 05:51:52 PM Calculated day 127
06/29/2022 05:51:57 PM Calculated day 128
06/29/2022 05:52:03 PM Calculated day 129
06/29/2022 05:52:09 PM Calculated day 130
06/29/2022 05:52:14 PM Calculated day 131
06/29/2022 05:52:20 PM Calculated day 132
06/29/2022 05:52:25 PM Calculated day 133
06/29/2022 05:52:31 PM Calculated day 134
06/29/2022 05:52:36 PM Calculated day 135
06/29/2022 05:52:42 PM Calculated day 136
06/29/2022 05:52:47 PM Calculated day 137
06/29/2022 05:52:53 PM Calculated day 138
06/29/2022 05:52:58 PM Calculated day 139
06/29/2022 05:53:04 PM Calculated day 140
06/29/2022 05:53:10 PM Calculated day 141
06/29/2022 05:53:15 PM Calculated day 142
06/29/2022 05:53:21 PM Calculated day 143
06/29/2022 05:53:26 PM Calculated day 144
06/29/2022 05:53:32 PM Calculated day 145
06/29/2022 05:53:37 PM Calculated day 146
06/29/2022 05:53:43 PM Calculated day 147
06/29/2022 05:53:48 PM Calculated day 148
06/29/2022 05:53:54 PM Calculated day 149
06/29/2022 05:54:00 PM Calculated day 150
06/29/2022 05:54:05 PM Calculated day 151
06/29/2022 05:54:11 PM Calculated day 152
06/29/2022 05:54:16 PM Calculated day 153
06/29/2022 05:54:22 PM Calculated day 154
06/29/2022 05:54:27 PM Calculated day 155
06/29/2022 05:54:33 PM Calculated day 156
06/29/2022 05:54:38 PM Calculated day 157
06/29/2022 05:54:44 PM Calculated day 158
06/29/2022 05:54:50 PM Calculated day 159
06/29/2022 05:54:55 PM Calculated day 160
06/29/2022 05:55:01 PM Calculated day 161
06/29/2022 05:55:06 PM Calculated day 162
06/29/2022 05:55:12 PM Calculated day 163
06/29/2022 05:55:17 PM Calculated day 164
06/29/2022 05:55:23 PM Calculated day 165
06/29/2022 05:55:28 PM Calculated day 166
06/29/2022 05:55:34 PM Calculated day 167
06/29/2022 05:55:39 PM Calculated day 168
06/29/2022 05:55:45 PM Calculated day 169
06/29/2022 05:55:50 PM Calculated day 170
06/29/2022 05:55:56 PM Calculated day 171
06/29/2022 05:56:02 PM Calculated day 172
06/29/2022 05:56:07 PM Calculated day 173
06/29/2022 05:56:13 PM Calculated day 174
06/29/2022 05:56:18 PM Calculated day 175
06/29/2022 05:56:24 PM Calculated day 176
06/29/2022 05:56:29 PM Calculated day 177
06/29/2022 05:56:35 PM Calculated day 178
06/29/2022 05:56:40 PM Calculated day 179
06/29/2022 05:56:46 PM Calculated day 180
06/29/2022 05:56:51 PM Calculated day 181
06/29/2022 05:56:57 PM Calculated day 182
06/29/2022 05:57:02 PM Calculated day 183
06/29/2022 05:57:08 PM Calculated day 184
06/29/2022 05:57:14 PM Calculated day 185
06/29/2022 05:57:19 PM Calculated day 186
06/29/2022 05:57:25 PM Calculated day 187
06/29/2022 05:57:30 PM Calculated day 188
06/29/2022 05:57:36 PM Calculated day 189
06/29/2022 05:57:41 PM Calculated day 190
06/29/2022 05:57:47 PM Calculated day 191
06/29/2022 05:57:52 PM Calculated day 192
06/29/2022 05:57:58 PM Calculated day 193
06/29/2022 05:58:03 PM Calculated day 194
06/29/2022 05:58:09 PM Calculated day 195
06/29/2022 05:58:15 PM Calculated day 196
06/29/2022 05:58:20 PM Calculated day 197
06/29/2022 05:58:26 PM Calculated day 198
06/29/2022 05:58:31 PM Calculated day 199
06/29/2022 05:58:37 PM Calculated day 200
06/29/2022 05:58:42 PM Calculated day 201
06/29/2022 05:58:48 PM Calculated day 202
06/29/2022 05:58:53 PM Calculated day 203
06/29/2022 05:58:59 PM Calculated day 204
06/29/2022 05:59:04 PM Calculated day 205
06/29/2022 05:59:10 PM Calculated day 206
06/29/2022 05:59:16 PM Calculated day 207
06/29/2022 05:59:21 PM Calculated day 208
06/29/2022 05:59:27 PM Calculated day 209
06/29/2022 05:59:32 PM Calculated day 210
06/29/2022 05:59:38 PM Calculated day 211
06/29/2022 05:59:43 PM Calculated day 212
06/29/2022 05:59:49 PM Calculated day 213
06/29/2022 05:59:54 PM Calculated day 214
06/29/2022 06:00:00 PM Calculated day 215
06/29/2022 06:00:05 PM Calculated day 216
06/29/2022 06:00:11 PM Calculated day 217
06/29/2022 06:00:17 PM Calculated day 218
06/29/2022 06:00:22 PM Calculated day 219
06/29/2022 06:00:28 PM Calculated day 220
06/29/2022 06:00:33 PM Calculated day 221
06/29/2022 06:00:39 PM Calculated day 222
06/29/2022 06:00:44 PM Calculated day 223
06/29/2022 06:00:50 PM Calculated day 224
06/29/2022 06:00:55 PM Calculated day 225
06/29/2022 06:01:01 PM Calculated day 226
06/29/2022 06:01:06 PM Calculated day 227
06/29/2022 06:01:12 PM Calculated day 228
06/29/2022 06:01:18 PM Calculated day 229
06/29/2022 06:01:23 PM Calculated day 230
06/29/2022 06:01:29 PM Calculated day 231
06/29/2022 06:01:34 PM Calculated day 232
06/29/2022 06:01:40 PM Calculated day 233
06/29/2022 06:01:45 PM Calculated day 234
06/29/2022 06:01:51 PM Calculated day 235
06/29/2022 06:01:56 PM Calculated day 236
06/29/2022 06:02:02 PM Calculated day 237
06/29/2022 06:02:07 PM Calculated day 238
06/29/2022 06:02:13 PM Calculated day 239
06/29/2022 06:02:19 PM Calculated day 240
06/29/2022 06:02:24 PM Calculated day 241
06/29/2022 06:02:30 PM Calculated day 242
06/29/2022 06:02:35 PM Calculated day 243
06/29/2022 06:02:41 PM Calculated day 244
06/29/2022 06:02:46 PM Calculated day 245
06/29/2022 06:02:52 PM Calculated day 246
06/29/2022 06:02:57 PM Calculated day 247
06/29/2022 06:03:03 PM Calculated day 248
06/29/2022 06:03:08 PM Calculated day 249
06/29/2022 06:03:14 PM Calculated day 250
06/29/2022 06:03:19 PM Calculated day 251
06/29/2022 06:03:25 PM Calculated day 252
06/29/2022 06:03:31 PM Calculated day 253
06/29/2022 06:03:36 PM Calculated day 254
06/29/2022 06:03:42 PM Calculated day 255
06/29/2022 06:03:47 PM Calculated day 256
06/29/2022 06:03:53 PM Calculated day 257
06/29/2022 06:03:58 PM Calculated day 258
06/29/2022 06:04:04 PM Calculated day 259
06/29/2022 06:04:09 PM Calculated day 260
06/29/2022 06:04:15 PM Calculated day 261
06/29/2022 06:04:20 PM Calculated day 262
06/29/2022 06:04:26 PM Calculated day 263
06/29/2022 06:04:32 PM Calculated day 264
06/29/2022 06:04:37 PM Calculated day 265
06/29/2022 06:04:43 PM Calculated day 266
06/29/2022 06:04:48 PM Calculated day 267
06/29/2022 06:04:54 PM Calculated day 268
06/29/2022 06:04:59 PM Calculated day 269
06/29/2022 06:05:05 PM Calculated day 270
06/29/2022 06:05:10 PM Calculated day 271
06/29/2022 06:05:16 PM Calculated day 272
06/29/2022 06:05:21 PM Calculated day 273
06/29/2022 06:05:27 PM Calculated day 274
06/29/2022 06:05:33 PM Calculated day 275
06/29/2022 06:05:38 PM Calculated day 276
06/29/2022 06:05:44 PM Calculated day 277
06/29/2022 06:05:49 PM Calculated day 278
06/29/2022 06:05:55 PM Calculated day 279
06/29/2022 06:06:00 PM Calculated day 280
06/29/2022 06:06:06 PM Calculated day 281
06/29/2022 06:06:11 PM Calculated day 282
06/29/2022 06:06:17 PM Calculated day 283
06/29/2022 06:06:23 PM Calculated day 284
06/29/2022 06:06:28 PM Calculated day 285
06/29/2022 06:06:34 PM Calculated day 286
06/29/2022 06:06:39 PM Calculated day 287
06/29/2022 06:06:45 PM Calculated day 288
06/29/2022 06:06:50 PM Calculated day 289
06/29/2022 06:06:56 PM Calculated day 290
06/29/2022 06:07:01 PM Calculated day 291
06/29/2022 06:07:07 PM Calculated day 292
06/29/2022 06:07:13 PM Calculated day 293
06/29/2022 06:07:18 PM Calculated day 294
06/29/2022 06:07:24 PM Calculated day 295
06/29/2022 06:07:29 PM Calculated day 296
06/29/2022 06:07:35 PM Calculated day 297
06/29/2022 06:07:40 PM Calculated day 298
06/29/2022 06:07:46 PM Calculated day 299
06/29/2022 06:07:51 PM Calculated day 300
06/29/2022 06:07:57 PM Calculated day 301
06/29/2022 06:08:02 PM Calculated day 302
06/29/2022 06:08:08 PM Calculated day 303
06/29/2022 06:08:13 PM Calculated day 304
06/29/2022 06:08:19 PM Calculated day 305
06/29/2022 06:08:25 PM Calculated day 306
06/29/2022 06:08:30 PM Calculated day 307
06/29/2022 06:08:36 PM Calculated day 308
06/29/2022 06:08:41 PM Calculated day 309
06/29/2022 06:08:47 PM Calculated day 310
06/29/2022 06:08:52 PM Calculated day 311
06/29/2022 06:08:58 PM Calculated day 312
06/29/2022 06:09:03 PM Calculated day 313
06/29/2022 06:09:09 PM Calculated day 314
06/29/2022 06:09:15 PM Calculated day 315
06/29/2022 06:09:20 PM Calculated day 316
06/29/2022 06:09:26 PM Calculated day 317
06/29/2022 06:09:31 PM Calculated day 318
06/29/2022 06:09:37 PM Calculated day 319
06/29/2022 06:09:42 PM Calculated day 320
06/29/2022 06:09:48 PM Calculated day 321
06/29/2022 06:09:53 PM Calculated day 322
06/29/2022 06:09:59 PM Calculated day 323
06/29/2022 06:10:04 PM Calculated day 324
06/29/2022 06:10:10 PM Calculated day 325
06/29/2022 06:10:16 PM Calculated day 326
06/29/2022 06:10:21 PM Calculated day 327
06/29/2022 06:10:27 PM Calculated day 328
06/29/2022 06:10:32 PM Calculated day 329
06/29/2022 06:10:38 PM Calculated day 330
06/29/2022 06:10:43 PM Calculated day 331
06/29/2022 06:10:49 PM Calculated day 332
06/29/2022 06:10:54 PM Calculated day 333
06/29/2022 06:11:00 PM Calculated day 334
06/29/2022 06:11:06 PM Calculated day 335
06/29/2022 06:11:11 PM Calculated day 336
06/29/2022 06:11:17 PM Calculated day 337
06/29/2022 06:11:22 PM Calculated day 338
06/29/2022 06:11:28 PM Calculated day 339
06/29/2022 06:11:33 PM Calculated day 340
06/29/2022 06:11:39 PM Calculated day 341
06/29/2022 06:11:44 PM Calculated day 342
06/29/2022 06:11:50 PM Calculated day 343
06/29/2022 06:11:55 PM Calculated day 344
06/29/2022 06:12:01 PM Calculated day 345
06/29/2022 06:12:07 PM Calculated day 346
06/29/2022 06:12:12 PM Calculated day 347
06/29/2022 06:12:18 PM Calculated day 348
06/29/2022 06:12:23 PM Calculated day 349
06/29/2022 06:12:29 PM Calculated day 350
06/29/2022 06:12:34 PM Calculated day 351
06/29/2022 06:12:40 PM Calculated day 352
06/29/2022 06:12:45 PM Calculated day 353
06/29/2022 06:12:51 PM Calculated day 354
06/29/2022 06:12:56 PM Calculated day 355
06/29/2022 06:13:02 PM Calculated day 356
06/29/2022 06:13:08 PM Calculated day 357
06/29/2022 06:13:13 PM Calculated day 358
06/29/2022 06:13:19 PM Calculated day 359
06/29/2022 06:13:24 PM Calculated day 360
06/29/2022 06:13:30 PM Calculated day 361
06/29/2022 06:13:35 PM Calculated day 362
06/29/2022 06:13:41 PM Calculated day 363
06/29/2022 06:13:46 PM Calculated day 364
06/29/2022 06:13:52 PM Calculated day 365
06/29/2022 06:13:57 PM Calculated day 366
06/29/2022 06:14:03 PM Calculated day 367
06/29/2022 06:14:08 PM Calculated day 368
06/29/2022 06:14:14 PM Calculated day 369
06/29/2022 06:14:20 PM Calculated day 370
06/29/2022 06:14:25 PM Calculated day 371
06/29/2022 06:14:31 PM Calculated day 372
06/29/2022 06:14:36 PM Calculated day 373
06/29/2022 06:14:42 PM Calculated day 374
06/29/2022 06:14:47 PM Calculated day 375
06/29/2022 06:14:53 PM Calculated day 376
06/29/2022 06:14:58 PM Calculated day 377
06/29/2022 06:15:04 PM Calculated day 378
06/29/2022 06:15:09 PM Calculated day 379
06/29/2022 06:15:15 PM Calculated day 380
06/29/2022 06:15:21 PM Calculated day 381
06/29/2022 06:15:26 PM Calculated day 382
06/29/2022 06:15:32 PM Calculated day 383
06/29/2022 06:15:37 PM Calculated day 384
06/29/2022 06:15:43 PM Calculated day 385
06/29/2022 06:15:48 PM Calculated day 386
06/29/2022 06:15:54 PM Calculated day 387
06/29/2022 06:15:59 PM Calculated day 388
06/29/2022 06:16:05 PM Calculated day 389
06/29/2022 06:16:10 PM Calculated day 390
06/29/2022 06:16:16 PM Calculated day 391
06/29/2022 06:16:22 PM Calculated day 392
06/29/2022 06:16:27 PM Calculated day 393
06/29/2022 06:16:33 PM Calculated day 394
06/29/2022 06:16:38 PM Calculated day 395
06/29/2022 06:16:44 PM Calculated day 396
06/29/2022 06:16:49 PM Calculated day 397
06/29/2022 06:16:55 PM Calculated day 398
06/29/2022 06:17:00 PM Calculated day 399
06/29/2022 06:17:06 PM Calculated day 400
06/29/2022 06:17:11 PM Calculated day 401
06/29/2022 06:17:17 PM Calculated day 402
06/29/2022 06:17:22 PM Calculated day 403
06/29/2022 06:17:28 PM Calculated day 404
06/29/2022 06:17:34 PM Calculated day 405
06/29/2022 06:17:39 PM Calculated day 406
06/29/2022 06:17:45 PM Calculated day 407
06/29/2022 06:17:50 PM Calculated day 408
06/29/2022 06:17:56 PM Calculated day 409
06/29/2022 06:18:01 PM Calculated day 410
06/29/2022 06:18:07 PM Calculated day 411
06/29/2022 06:18:12 PM Calculated day 412
06/29/2022 06:18:18 PM Calculated day 413
06/29/2022 06:18:23 PM Calculated day 414
06/29/2022 06:18:29 PM Calculated day 415
06/29/2022 06:18:35 PM Calculated day 416
06/29/2022 06:18:40 PM Calculated day 417
06/29/2022 06:18:46 PM Calculated day 418
06/29/2022 06:18:51 PM Calculated day 419
06/29/2022 06:18:57 PM Calculated day 420
06/29/2022 06:19:02 PM Calculated day 421
06/29/2022 06:19:08 PM Calculated day 422
06/29/2022 06:19:14 PM Calculated day 423
06/29/2022 06:19:19 PM Calculated day 424
06/29/2022 06:19:25 PM Calculated day 425
06/29/2022 06:19:30 PM Calculated day 426
06/29/2022 06:19:36 PM Calculated day 427
06/29/2022 06:19:41 PM Calculated day 428
06/29/2022 06:19:47 PM Calculated day 429
06/29/2022 06:19:52 PM Calculated day 430
06/29/2022 06:19:58 PM Calculated day 431
06/29/2022 06:20:03 PM Calculated day 432
06/29/2022 06:20:09 PM Calculated day 433
06/29/2022 06:20:15 PM Calculated day 434
06/29/2022 06:20:20 PM Calculated day 435
06/29/2022 06:20:26 PM Calculated day 436
06/29/2022 06:20:31 PM Calculated day 437
06/29/2022 06:20:37 PM Calculated day 438
06/29/2022 06:20:42 PM Calculated day 439
06/29/2022 06:20:48 PM Calculated day 440
06/29/2022 06:20:53 PM Calculated day 441
06/29/2022 06:20:59 PM Calculated day 442
06/29/2022 06:21:05 PM Calculated day 443
06/29/2022 06:21:10 PM Calculated day 444
06/29/2022 06:21:16 PM Calculated day 445
06/29/2022 06:21:21 PM Calculated day 446
06/29/2022 06:21:27 PM Calculated day 447
06/29/2022 06:21:32 PM Calculated day 448
06/29/2022 06:21:38 PM Calculated day 449
06/29/2022 06:21:43 PM Calculated day 450
06/29/2022 06:21:49 PM Calculated day 451
06/29/2022 06:21:54 PM Calculated day 452
06/29/2022 06:22:00 PM Calculated day 453
06/29/2022 06:22:06 PM Calculated day 454
06/29/2022 06:22:11 PM Calculated day 455
06/29/2022 06:22:17 PM Calculated day 456
06/29/2022 06:22:22 PM Calculated day 457
06/29/2022 06:22:28 PM Calculated day 458
06/29/2022 06:22:34 PM Calculated day 459
06/29/2022 06:22:40 PM Calculated day 460
06/29/2022 06:22:46 PM Calculated day 461
06/29/2022 06:22:52 PM Calculated day 462
06/29/2022 06:22:58 PM Calculated day 463
06/29/2022 06:23:03 PM Calculated day 464
06/29/2022 06:23:09 PM Calculated day 465
06/29/2022 06:23:15 PM Calculated day 466
06/29/2022 06:23:20 PM Calculated day 467
06/29/2022 06:23:26 PM Calculated day 468
06/29/2022 06:23:31 PM Calculated day 469
06/29/2022 06:23:37 PM Calculated day 470
06/29/2022 06:23:42 PM Calculated day 471
06/29/2022 06:23:48 PM Calculated day 472
06/29/2022 06:23:53 PM Calculated day 473
06/29/2022 06:23:59 PM Calculated day 474
06/29/2022 06:24:04 PM Calculated day 475
06/29/2022 06:24:10 PM Calculated day 476
06/29/2022 06:24:16 PM Calculated day 477
06/29/2022 06:24:21 PM Calculated day 478
06/29/2022 06:24:27 PM Calculated day 479
06/29/2022 06:24:32 PM Calculated day 480
06/29/2022 06:24:38 PM Calculated day 481
06/29/2022 06:24:43 PM Calculated day 482
06/29/2022 06:24:49 PM Calculated day 483
06/29/2022 06:24:54 PM Calculated day 484
06/29/2022 06:25:00 PM Calculated day 485
06/29/2022 06:25:06 PM Calculated day 486
06/29/2022 06:25:11 PM Calculated day 487
06/29/2022 06:25:17 PM Calculated day 488
06/29/2022 06:25:22 PM Calculated day 489
06/29/2022 06:25:28 PM Calculated day 490
06/29/2022 06:25:33 PM Calculated day 491
06/29/2022 06:25:39 PM Calculated day 492
06/29/2022 06:25:44 PM Calculated day 493
06/29/2022 06:25:50 PM Calculated day 494
06/29/2022 06:25:56 PM Calculated day 495
06/29/2022 06:26:01 PM Calculated day 496
06/29/2022 06:26:07 PM Calculated day 497
06/29/2022 06:26:12 PM Calculated day 498
06/29/2022 06:26:18 PM Calculated day 499
06/29/2022 06:26:23 PM Calculated day 500
06/29/2022 06:26:29 PM Calculated day 501
06/29/2022 06:26:34 PM Calculated day 502
06/29/2022 06:26:40 PM Calculated day 503
06/29/2022 06:26:45 PM Calculated day 504
06/29/2022 06:26:51 PM Calculated day 505
06/29/2022 06:26:56 PM Calculated day 506
06/29/2022 06:27:02 PM Calculated day 507
06/29/2022 06:27:08 PM Calculated day 508
06/29/2022 06:27:13 PM Calculated day 509
06/29/2022 06:27:19 PM Calculated day 510
06/29/2022 06:27:24 PM Calculated day 511
06/29/2022 06:27:30 PM Calculated day 512
06/29/2022 06:27:35 PM Calculated day 513
06/29/2022 06:27:41 PM Calculated day 514
06/29/2022 06:27:46 PM Calculated day 515
06/29/2022 06:27:52 PM Calculated day 516
06/29/2022 06:27:57 PM Calculated day 517
06/29/2022 06:28:03 PM Calculated day 518
06/29/2022 06:28:09 PM Calculated day 519
06/29/2022 06:28:14 PM Calculated day 520
06/29/2022 06:28:20 PM Calculated day 521
06/29/2022 06:28:25 PM Calculated day 522
06/29/2022 06:28:31 PM Calculated day 523
06/29/2022 06:28:36 PM Calculated day 524
06/29/2022 06:28:42 PM Calculated day 525
06/29/2022 06:28:47 PM Calculated day 526
06/29/2022 06:28:53 PM Calculated day 527
06/29/2022 06:28:59 PM Calculated day 528
06/29/2022 06:29:04 PM Calculated day 529
06/29/2022 06:29:10 PM Calculated day 530
06/29/2022 06:29:15 PM Calculated day 531
06/29/2022 06:29:21 PM Calculated day 532
06/29/2022 06:29:26 PM Calculated day 533
06/29/2022 06:29:32 PM Calculated day 534
06/29/2022 06:29:37 PM Calculated day 535
06/29/2022 06:29:43 PM Calculated day 536
06/29/2022 06:29:48 PM Calculated day 537
06/29/2022 06:29:54 PM Calculated day 538
06/29/2022 06:29:59 PM Calculated day 539
06/29/2022 06:30:05 PM Calculated day 540
06/29/2022 06:30:11 PM Calculated day 541
06/29/2022 06:30:16 PM Calculated day 542
06/29/2022 06:30:22 PM Calculated day 543
06/29/2022 06:30:27 PM Calculated day 544
06/29/2022 06:30:33 PM Calculated day 545
06/29/2022 06:30:38 PM Calculated day 546
06/29/2022 06:30:44 PM Calculated day 547
06/29/2022 06:30:49 PM Calculated day 548
06/29/2022 06:30:55 PM Calculated day 549
06/29/2022 06:31:01 PM Calculated day 550
06/29/2022 06:31:06 PM Calculated day 551
06/29/2022 06:31:12 PM Calculated day 552
06/29/2022 06:31:17 PM Calculated day 553
06/29/2022 06:31:23 PM Calculated day 554
06/29/2022 06:31:28 PM Calculated day 555
06/29/2022 06:31:34 PM Calculated day 556
06/29/2022 06:31:39 PM Calculated day 557
06/29/2022 06:31:45 PM Calculated day 558
06/29/2022 06:31:50 PM Calculated day 559
06/29/2022 06:31:56 PM Calculated day 560
06/29/2022 06:32:02 PM Calculated day 561
06/29/2022 06:32:07 PM Calculated day 562
06/29/2022 06:32:13 PM Calculated day 563
06/29/2022 06:32:18 PM Calculated day 564
06/29/2022 06:32:24 PM Calculated day 565
06/29/2022 06:32:29 PM Calculated day 566
06/29/2022 06:32:35 PM Calculated day 567
06/29/2022 06:32:40 PM Calculated day 568
06/29/2022 06:32:46 PM Calculated day 569
06/29/2022 06:32:51 PM Calculated day 570
06/29/2022 06:32:57 PM Calculated day 571
06/29/2022 06:33:03 PM Calculated day 572
06/29/2022 06:33:08 PM Calculated day 573
06/29/2022 06:33:14 PM Calculated day 574
06/29/2022 06:33:19 PM Calculated day 575
06/29/2022 06:33:25 PM Calculated day 576
06/29/2022 06:33:30 PM Calculated day 577
06/29/2022 06:33:36 PM Calculated day 578
06/29/2022 06:33:41 PM Calculated day 579
06/29/2022 06:33:47 PM Calculated day 580
06/29/2022 06:33:52 PM Calculated day 581
06/29/2022 06:33:58 PM Calculated day 582
06/29/2022 06:34:04 PM Calculated day 583
06/29/2022 06:34:09 PM Calculated day 584
06/29/2022 06:34:15 PM Calculated day 585
06/29/2022 06:34:20 PM Calculated day 586
06/29/2022 06:34:26 PM Calculated day 587
06/29/2022 06:34:31 PM Calculated day 588
06/29/2022 06:34:37 PM Calculated day 589
06/29/2022 06:34:42 PM Calculated day 590
06/29/2022 06:34:48 PM Calculated day 591
06/29/2022 06:34:53 PM Calculated day 592
06/29/2022 06:34:59 PM Calculated day 593
06/29/2022 06:35:05 PM Calculated day 594
06/29/2022 06:35:10 PM Calculated day 595
06/29/2022 06:35:16 PM Calculated day 596
06/29/2022 06:35:21 PM Calculated day 597
06/29/2022 06:35:27 PM Calculated day 598
06/29/2022 06:35:33 PM Calculated day 599
06/29/2022 06:38:21 PM Saved data in /data/pbarpanda/spherical_SWE/initial_value_exps//dt_150_Q_forcing_0_forcing_y_0_Hmean_200_forcing_phase_speed_0_ms/U_up_days_150_mixmodes//H0_3000/
06/29/2022 06:38:22 PM  ========== CODE RAN SUCCESSFULLY, congrats! ================
06/29/2022 06:38:22 PM  -----> Total Time taken = 3499.186  <----
