06/29/2022 06:38:27 PM **********************************
06/29/2022 06:38:27 PM /data/pbarpanda/spherical_SWE/initial_value_exps//dt_150_Q_forcing_0_forcing_y_0_Hmean_200_forcing_phase_speed_0_ms/U_up_days_150_mixmodes/
06/29/2022 06:38:27 PM **********************************
06/29/2022 06:38:27 PM Calculated day 0
06/29/2022 06:38:33 PM Calculated day 1
06/29/2022 06:38:39 PM Calculated day 2
06/29/2022 06:38:44 PM Calculated day 3
06/29/2022 06:38:50 PM Calculated day 4
06/29/2022 06:38:55 PM Calculated day 5
06/29/2022 06:39:01 PM Calculated day 6
06/29/2022 06:39:06 PM Calculated day 7
06/29/2022 06:39:12 PM Calculated day 8
06/29/2022 06:39:17 PM Calculated day 9
06/29/2022 06:39:23 PM Calculated day 10
06/29/2022 06:39:28 PM Calculated day 11
06/29/2022 06:39:34 PM Calculated day 12
06/29/2022 06:39:39 PM Calculated day 13
06/29/2022 06:39:45 PM Calculated day 14
06/29/2022 06:39:50 PM Calculated day 15
06/29/2022 06:39:56 PM Calculated day 16
06/29/2022 06:40:02 PM Calculated day 17
06/29/2022 06:40:07 PM Calculated day 18
06/29/2022 06:40:13 PM Calculated day 19
06/29/2022 06:40:18 PM Calculated day 20
06/29/2022 06:40:24 PM Calculated day 21
06/29/2022 06:40:29 PM Calculated day 22
06/29/2022 06:40:35 PM Calculated day 23
06/29/2022 06:40:40 PM Calculated day 24
06/29/2022 06:40:46 PM Calculated day 25
06/29/2022 06:40:51 PM Calculated day 26
06/29/2022 06:40:57 PM Calculated day 27
06/29/2022 06:41:02 PM Calculated day 28
06/29/2022 06:41:08 PM Calculated day 29
06/29/2022 06:41:13 PM Calculated day 30
06/29/2022 06:41:19 PM Calculated day 31
06/29/2022 06:41:24 PM Calculated day 32
06/29/2022 06:41:30 PM Calculated day 33
06/29/2022 06:41:35 PM Calculated day 34
06/29/2022 06:41:41 PM Calculated day 35
06/29/2022 06:41:46 PM Calculated day 36
06/29/2022 06:41:52 PM Calculated day 37
06/29/2022 06:41:57 PM Calculated day 38
06/29/2022 06:42:03 PM Calculated day 39
06/29/2022 06:42:08 PM Calculated day 40
06/29/2022 06:42:14 PM Calculated day 41
06/29/2022 06:42:20 PM Calculated day 42
06/29/2022 06:42:25 PM Calculated day 43
06/29/2022 06:42:31 PM Calculated day 44
06/29/2022 06:42:36 PM Calculated day 45
06/29/2022 06:42:42 PM Calculated day 46
06/29/2022 06:42:47 PM Calculated day 47
06/29/2022 06:42:53 PM Calculated day 48
06/29/2022 06:42:58 PM Calculated day 49
06/29/2022 06:43:04 PM Calculated day 50
06/29/2022 06:43:09 PM Calculated day 51
06/29/2022 06:43:15 PM Calculated day 52
06/29/2022 06:43:20 PM Calculated day 53
06/29/2022 06:43:26 PM Calculated day 54
06/29/2022 06:43:31 PM Calculated day 55
06/29/2022 06:43:37 PM Calculated day 56
06/29/2022 06:43:42 PM Calculated day 57
06/29/2022 06:43:48 PM Calculated day 58
06/29/2022 06:43:54 PM Calculated day 59
06/29/2022 06:43:59 PM Calculated day 60
06/29/2022 06:44:05 PM Calculated day 61
06/29/2022 06:44:10 PM Calculated day 62
06/29/2022 06:44:16 PM Calculated day 63
06/29/2022 06:44:21 PM Calculated day 64
06/29/2022 06:44:27 PM Calculated day 65
06/29/2022 06:44:32 PM Calculated day 66
06/29/2022 06:44:38 PM Calculated day 67
06/29/2022 06:44:43 PM Calculated day 68
06/29/2022 06:44:49 PM Calculated day 69
06/29/2022 06:44:54 PM Calculated day 70
06/29/2022 06:45:00 PM Calculated day 71
06/29/2022 06:45:05 PM Calculated day 72
06/29/2022 06:45:11 PM Calculated day 73
06/29/2022 06:45:16 PM Calculated day 74
06/29/2022 06:45:22 PM Calculated day 75
06/29/2022 06:45:28 PM Calculated day 76
06/29/2022 06:45:33 PM Calculated day 77
06/29/2022 06:45:39 PM Calculated day 78
06/29/2022 06:45:44 PM Calculated day 79
06/29/2022 06:45:50 PM Calculated day 80
06/29/2022 06:45:55 PM Calculated day 81
06/29/2022 06:46:01 PM Calculated day 82
06/29/2022 06:46:06 PM Calculated day 83
06/29/2022 06:46:12 PM Calculated day 84
06/29/2022 06:46:17 PM Calculated day 85
06/29/2022 06:46:23 PM Calculated day 86
06/29/2022 06:46:28 PM Calculated day 87
06/29/2022 06:46:34 PM Calculated day 88
06/29/2022 06:46:39 PM Calculated day 89
06/29/2022 06:46:45 PM Calculated day 90
06/29/2022 06:46:50 PM Calculated day 91
06/29/2022 06:46:56 PM Calculated day 92
06/29/2022 06:47:01 PM Calculated day 93
06/29/2022 06:47:07 PM Calculated day 94
06/29/2022 06:47:12 PM Calculated day 95
06/29/2022 06:47:18 PM Calculated day 96
06/29/2022 06:47:23 PM Calculated day 97
06/29/2022 06:47:29 PM Calculated day 98
06/29/2022 06:47:35 PM Calculated day 99
06/29/2022 06:47:40 PM Calculated day 100
06/29/2022 06:47:46 PM Calculated day 101
06/29/2022 06:47:51 PM Calculated day 102
06/29/2022 06:47:57 PM Calculated day 103
06/29/2022 06:48:02 PM Calculated day 104
06/29/2022 06:48:08 PM Calculated day 105
06/29/2022 06:48:13 PM Calculated day 106
06/29/2022 06:48:19 PM Calculated day 107
06/29/2022 06:48:24 PM Calculated day 108
06/29/2022 06:48:30 PM Calculated day 109
06/29/2022 06:48:35 PM Calculated day 110
06/29/2022 06:48:41 PM Calculated day 111
06/29/2022 06:48:46 PM Calculated day 112
06/29/2022 06:48:52 PM Calculated day 113
06/29/2022 06:48:57 PM Calculated day 114
06/29/2022 06:49:03 PM Calculated day 115
06/29/2022 06:49:08 PM Calculated day 116
06/29/2022 06:49:14 PM Calculated day 117
06/29/2022 06:49:20 PM Calculated day 118
06/29/2022 06:49:25 PM Calculated day 119
06/29/2022 06:49:31 PM Calculated day 120
06/29/2022 06:49:36 PM Calculated day 121
06/29/2022 06:49:42 PM Calculated day 122
06/29/2022 06:49:47 PM Calculated day 123
06/29/2022 06:49:53 PM Calculated day 124
06/29/2022 06:49:58 PM Calculated day 125
06/29/2022 06:50:04 PM Calculated day 126
06/29/2022 06:50:09 PM Calculated day 127
06/29/2022 06:50:15 PM Calculated day 128
06/29/2022 06:50:20 PM Calculated day 129
06/29/2022 06:50:26 PM Calculated day 130
06/29/2022 06:50:31 PM Calculated day 131
06/29/2022 06:50:37 PM Calculated day 132
06/29/2022 06:50:42 PM Calculated day 133
06/29/2022 06:50:48 PM Calculated day 134
06/29/2022 06:50:53 PM Calculated day 135
06/29/2022 06:50:59 PM Calculated day 136
06/29/2022 06:51:04 PM Calculated day 137
06/29/2022 06:51:10 PM Calculated day 138
06/29/2022 06:51:15 PM Calculated day 139
06/29/2022 06:51:21 PM Calculated day 140
06/29/2022 06:51:26 PM Calculated day 141
06/29/2022 06:51:32 PM Calculated day 142
06/29/2022 06:51:37 PM Calculated day 143
06/29/2022 06:51:43 PM Calculated day 144
06/29/2022 06:51:48 PM Calculated day 145
06/29/2022 06:51:54 PM Calculated day 146
06/29/2022 06:52:00 PM Calculated day 147
06/29/2022 06:52:05 PM Calculated day 148
06/29/2022 06:52:11 PM Calculated day 149
06/29/2022 06:52:16 PM Calculated day 150
06/29/2022 06:52:22 PM Calculated day 151
06/29/2022 06:52:28 PM Calculated day 152
06/29/2022 06:52:33 PM Calculated day 153
06/29/2022 06:52:39 PM Calculated day 154
06/29/2022 06:52:44 PM Calculated day 155
06/29/2022 06:52:50 PM Calculated day 156
06/29/2022 06:52:55 PM Calculated day 157
06/29/2022 06:53:01 PM Calculated day 158
06/29/2022 06:53:06 PM Calculated day 159
06/29/2022 06:53:12 PM Calculated day 160
06/29/2022 06:53:17 PM Calculated day 161
06/29/2022 06:53:23 PM Calculated day 162
06/29/2022 06:53:28 PM Calculated day 163
06/29/2022 06:53:34 PM Calculated day 164
06/29/2022 06:53:39 PM Calculated day 165
06/29/2022 06:53:45 PM Calculated day 166
06/29/2022 06:53:50 PM Calculated day 167
06/29/2022 06:53:56 PM Calculated day 168
06/29/2022 06:54:02 PM Calculated day 169
06/29/2022 06:54:07 PM Calculated day 170
06/29/2022 06:54:13 PM Calculated day 171
06/29/2022 06:54:18 PM Calculated day 172
06/29/2022 06:54:24 PM Calculated day 173
06/29/2022 06:54:29 PM Calculated day 174
06/29/2022 06:54:35 PM Calculated day 175
06/29/2022 06:54:40 PM Calculated day 176
06/29/2022 06:54:46 PM Calculated day 177
06/29/2022 06:54:51 PM Calculated day 178
06/29/2022 06:54:57 PM Calculated day 179
06/29/2022 06:55:02 PM Calculated day 180
06/29/2022 06:55:08 PM Calculated day 181
06/29/2022 06:55:14 PM Calculated day 182
06/29/2022 06:55:19 PM Calculated day 183
06/29/2022 06:55:25 PM Calculated day 184
06/29/2022 06:55:30 PM Calculated day 185
06/29/2022 06:55:36 PM Calculated day 186
06/29/2022 06:55:41 PM Calculated day 187
06/29/2022 06:55:47 PM Calculated day 188
06/29/2022 06:55:52 PM Calculated day 189
06/29/2022 06:55:58 PM Calculated day 190
06/29/2022 06:56:03 PM Calculated day 191
06/29/2022 06:56:09 PM Calculated day 192
06/29/2022 06:56:15 PM Calculated day 193
06/29/2022 06:56:20 PM Calculated day 194
06/29/2022 06:56:26 PM Calculated day 195
06/29/2022 06:56:31 PM Calculated day 196
06/29/2022 06:56:37 PM Calculated day 197
06/29/2022 06:56:42 PM Calculated day 198
06/29/2022 06:56:48 PM Calculated day 199
06/29/2022 06:56:53 PM Calculated day 200
06/29/2022 06:56:59 PM Calculated day 201
06/29/2022 06:57:04 PM Calculated day 202
06/29/2022 06:57:10 PM Calculated day 203
06/29/2022 06:57:15 PM Calculated day 204
06/29/2022 06:57:21 PM Calculated day 205
06/29/2022 06:57:27 PM Calculated day 206
06/29/2022 06:57:32 PM Calculated day 207
06/29/2022 06:57:38 PM Calculated day 208
06/29/2022 06:57:43 PM Calculated day 209
06/29/2022 06:57:49 PM Calculated day 210
06/29/2022 06:57:54 PM Calculated day 211
06/29/2022 06:58:00 PM Calculated day 212
06/29/2022 06:58:05 PM Calculated day 213
06/29/2022 06:58:11 PM Calculated day 214
06/29/2022 06:58:16 PM Calculated day 215
06/29/2022 06:58:22 PM Calculated day 216
06/29/2022 06:58:27 PM Calculated day 217
06/29/2022 06:58:33 PM Calculated day 218
06/29/2022 06:58:39 PM Calculated day 219
06/29/2022 06:58:44 PM Calculated day 220
06/29/2022 06:58:50 PM Calculated day 221
06/29/2022 06:58:55 PM Calculated day 222
06/29/2022 06:59:01 PM Calculated day 223
06/29/2022 06:59:06 PM Calculated day 224
06/29/2022 06:59:12 PM Calculated day 225
06/29/2022 06:59:17 PM Calculated day 226
06/29/2022 06:59:23 PM Calculated day 227
06/29/2022 06:59:28 PM Calculated day 228
06/29/2022 06:59:34 PM Calculated day 229
06/29/2022 06:59:40 PM Calculated day 230
06/29/2022 06:59:45 PM Calculated day 231
06/29/2022 06:59:51 PM Calculated day 232
06/29/2022 06:59:56 PM Calculated day 233
06/29/2022 07:00:02 PM Calculated day 234
06/29/2022 07:00:07 PM Calculated day 235
06/29/2022 07:00:13 PM Calculated day 236
06/29/2022 07:00:18 PM Calculated day 237
06/29/2022 07:00:24 PM Calculated day 238
06/29/2022 07:00:29 PM Calculated day 239
06/29/2022 07:00:35 PM Calculated day 240
06/29/2022 07:00:41 PM Calculated day 241
06/29/2022 07:00:46 PM Calculated day 242
06/29/2022 07:00:52 PM Calculated day 243
06/29/2022 07:00:57 PM Calculated day 244
06/29/2022 07:01:03 PM Calculated day 245
06/29/2022 07:01:08 PM Calculated day 246
06/29/2022 07:01:14 PM Calculated day 247
06/29/2022 07:01:19 PM Calculated day 248
06/29/2022 07:01:25 PM Calculated day 249
06/29/2022 07:01:31 PM Calculated day 250
06/29/2022 07:01:36 PM Calculated day 251
06/29/2022 07:01:42 PM Calculated day 252
06/29/2022 07:01:47 PM Calculated day 253
06/29/2022 07:01:53 PM Calculated day 254
06/29/2022 07:01:58 PM Calculated day 255
06/29/2022 07:02:04 PM Calculated day 256
06/29/2022 07:02:09 PM Calculated day 257
06/29/2022 07:02:15 PM Calculated day 258
06/29/2022 07:02:20 PM Calculated day 259
06/29/2022 07:02:26 PM Calculated day 260
06/29/2022 07:02:32 PM Calculated day 261
06/29/2022 07:02:37 PM Calculated day 262
06/29/2022 07:02:43 PM Calculated day 263
06/29/2022 07:02:48 PM Calculated day 264
06/29/2022 07:02:54 PM Calculated day 265
06/29/2022 07:02:59 PM Calculated day 266
06/29/2022 07:03:05 PM Calculated day 267
06/29/2022 07:03:10 PM Calculated day 268
06/29/2022 07:03:16 PM Calculated day 269
06/29/2022 07:03:22 PM Calculated day 270
06/29/2022 07:03:27 PM Calculated day 271
06/29/2022 07:03:33 PM Calculated day 272
06/29/2022 07:03:38 PM Calculated day 273
06/29/2022 07:03:44 PM Calculated day 274
06/29/2022 07:03:49 PM Calculated day 275
06/29/2022 07:03:55 PM Calculated day 276
06/29/2022 07:04:00 PM Calculated day 277
06/29/2022 07:04:06 PM Calculated day 278
06/29/2022 07:04:11 PM Calculated day 279
06/29/2022 07:04:17 PM Calculated day 280
06/29/2022 07:04:22 PM Calculated day 281
06/29/2022 07:04:28 PM Calculated day 282
06/29/2022 07:04:34 PM Calculated day 283
06/29/2022 07:04:39 PM Calculated day 284
06/29/2022 07:04:45 PM Calculated day 285
06/29/2022 07:04:50 PM Calculated day 286
06/29/2022 07:04:56 PM Calculated day 287
06/29/2022 07:05:01 PM Calculated day 288
06/29/2022 07:05:07 PM Calculated day 289
06/29/2022 07:05:12 PM Calculated day 290
06/29/2022 07:05:18 PM Calculated day 291
06/29/2022 07:05:23 PM Calculated day 292
06/29/2022 07:05:29 PM Calculated day 293
06/29/2022 07:05:34 PM Calculated day 294
06/29/2022 07:05:40 PM Calculated day 295
06/29/2022 07:05:46 PM Calculated day 296
06/29/2022 07:05:51 PM Calculated day 297
06/29/2022 07:05:57 PM Calculated day 298
06/29/2022 07:06:02 PM Calculated day 299
06/29/2022 07:06:08 PM Calculated day 300
06/29/2022 07:06:13 PM Calculated day 301
06/29/2022 07:06:19 PM Calculated day 302
06/29/2022 07:06:24 PM Calculated day 303
06/29/2022 07:06:30 PM Calculated day 304
06/29/2022 07:06:35 PM Calculated day 305
06/29/2022 07:06:41 PM Calculated day 306
06/29/2022 07:06:47 PM Calculated day 307
06/29/2022 07:06:52 PM Calculated day 308
06/29/2022 07:06:58 PM Calculated day 309
06/29/2022 07:07:03 PM Calculated day 310
06/29/2022 07:07:09 PM Calculated day 311
06/29/2022 07:07:14 PM Calculated day 312
06/29/2022 07:07:20 PM Calculated day 313
06/29/2022 07:07:25 PM Calculated day 314
06/29/2022 07:07:31 PM Calculated day 315
06/29/2022 07:07:36 PM Calculated day 316
06/29/2022 07:07:42 PM Calculated day 317
06/29/2022 07:07:48 PM Calculated day 318
06/29/2022 07:07:53 PM Calculated day 319
06/29/2022 07:07:59 PM Calculated day 320
06/29/2022 07:08:04 PM Calculated day 321
06/29/2022 07:08:10 PM Calculated day 322
06/29/2022 07:08:15 PM Calculated day 323
06/29/2022 07:08:21 PM Calculated day 324
06/29/2022 07:08:26 PM Calculated day 325
06/29/2022 07:08:32 PM Calculated day 326
06/29/2022 07:08:37 PM Calculated day 327
06/29/2022 07:08:43 PM Calculated day 328
06/29/2022 07:08:49 PM Calculated day 329
06/29/2022 07:08:54 PM Calculated day 330
06/29/2022 07:09:00 PM Calculated day 331
06/29/2022 07:09:05 PM Calculated day 332
06/29/2022 07:09:11 PM Calculated day 333
06/29/2022 07:09:16 PM Calculated day 334
06/29/2022 07:09:22 PM Calculated day 335
06/29/2022 07:09:27 PM Calculated day 336
06/29/2022 07:09:28 PM ABORTING for Q0 = 0 because of a runaway scenario at 336
06/29/2022 07:09:31 PM  ========== CODE RAN SUCCESSFULLY, congrats! ================
06/29/2022 07:09:31 PM  -----> Total Time taken = 1868.911  <----
