06/28/2022 06:47:40 PM **********************************
06/28/2022 06:47:40 PM /data/pbarpanda/spherical_SWE/initial_value_exps//dt_150_Q_forcing_0_forcing_y_0_Hmean_500_forcing_phase_speed_0_ms/U_up_days_150_Kelvin/
06/28/2022 06:47:40 PM **********************************
06/28/2022 06:47:40 PM Calculated day 0
06/28/2022 06:47:46 PM Calculated day 1
06/28/2022 06:47:51 PM Calculated day 2
06/28/2022 06:47:58 PM Calculated day 3
06/28/2022 06:48:04 PM Calculated day 4
06/28/2022 06:48:11 PM Calculated day 5
06/28/2022 06:48:17 PM Calculated day 6
06/28/2022 06:48:24 PM Calculated day 7
06/28/2022 06:48:30 PM Calculated day 8
06/28/2022 06:48:37 PM Calculated day 9
06/28/2022 06:48:43 PM Calculated day 10
06/28/2022 06:48:50 PM Calculated day 11
06/28/2022 06:48:57 PM Calculated day 12
06/28/2022 06:49:03 PM Calculated day 13
06/28/2022 06:49:10 PM Calculated day 14
06/28/2022 06:49:16 PM Calculated day 15
06/28/2022 06:49:23 PM Calculated day 16
06/28/2022 06:49:29 PM Calculated day 17
06/28/2022 06:49:36 PM Calculated day 18
06/28/2022 06:49:43 PM Calculated day 19
06/28/2022 06:49:49 PM Calculated day 20
06/28/2022 06:49:56 PM Calculated day 21
06/28/2022 06:50:03 PM Calculated day 22
06/28/2022 06:50:09 PM Calculated day 23
06/28/2022 06:50:16 PM Calculated day 24
06/28/2022 06:50:23 PM Calculated day 25
06/28/2022 06:50:30 PM Calculated day 26
06/28/2022 06:50:36 PM Calculated day 27
06/28/2022 06:50:43 PM Calculated day 28
06/28/2022 06:50:50 PM Calculated day 29
06/28/2022 06:50:57 PM Calculated day 30
06/28/2022 06:51:04 PM Calculated day 31
06/28/2022 06:51:11 PM Calculated day 32
06/28/2022 06:51:18 PM Calculated day 33
06/28/2022 06:51:24 PM Calculated day 34
06/28/2022 06:51:31 PM Calculated day 35
06/28/2022 06:51:38 PM Calculated day 36
06/28/2022 06:51:45 PM Calculated day 37
06/28/2022 06:51:52 PM Calculated day 38
06/28/2022 06:51:59 PM Calculated day 39
06/28/2022 06:52:06 PM Calculated day 40
06/28/2022 06:52:13 PM Calculated day 41
06/28/2022 06:52:20 PM Calculated day 42
06/28/2022 06:52:27 PM Calculated day 43
06/28/2022 06:52:34 PM Calculated day 44
06/28/2022 06:52:41 PM Calculated day 45
06/28/2022 06:52:49 PM Calculated day 46
06/28/2022 06:52:56 PM Calculated day 47
06/28/2022 06:53:03 PM Calculated day 48
06/28/2022 06:53:10 PM Calculated day 49
06/28/2022 06:53:17 PM Calculated day 50
06/28/2022 06:53:25 PM Calculated day 51
06/28/2022 06:53:32 PM Calculated day 52
06/28/2022 06:53:40 PM Calculated day 53
06/28/2022 06:53:47 PM Calculated day 54
06/28/2022 06:53:54 PM Calculated day 55
06/28/2022 06:54:01 PM Calculated day 56
06/28/2022 06:54:09 PM Calculated day 57
06/28/2022 06:54:16 PM Calculated day 58
06/28/2022 06:54:23 PM Calculated day 59
06/28/2022 06:54:30 PM Calculated day 60
06/28/2022 06:54:38 PM Calculated day 61
06/28/2022 06:54:46 PM Calculated day 62
06/28/2022 06:54:53 PM Calculated day 63
06/28/2022 06:55:00 PM Calculated day 64
06/28/2022 06:55:08 PM Calculated day 65
06/28/2022 06:55:15 PM Calculated day 66
06/28/2022 06:55:23 PM Calculated day 67
06/28/2022 06:55:30 PM Calculated day 68
06/28/2022 06:55:38 PM Calculated day 69
06/28/2022 06:55:45 PM Calculated day 70
06/28/2022 06:55:53 PM Calculated day 71
06/28/2022 06:56:00 PM Calculated day 72
06/28/2022 06:56:08 PM Calculated day 73
06/28/2022 06:56:15 PM Calculated day 74
06/28/2022 06:56:22 PM Calculated day 75
06/28/2022 06:56:30 PM Calculated day 76
06/28/2022 06:56:37 PM Calculated day 77
06/28/2022 06:56:45 PM Calculated day 78
06/28/2022 06:56:53 PM Calculated day 79
06/28/2022 06:57:00 PM Calculated day 80
06/28/2022 06:57:08 PM Calculated day 81
06/28/2022 06:57:15 PM Calculated day 82
06/28/2022 06:57:23 PM Calculated day 83
06/28/2022 06:57:31 PM Calculated day 84
06/28/2022 06:57:38 PM Calculated day 85
06/28/2022 06:57:46 PM Calculated day 86
06/28/2022 06:57:54 PM Calculated day 87
06/28/2022 06:58:02 PM Calculated day 88
06/28/2022 06:58:09 PM Calculated day 89
06/28/2022 06:58:17 PM Calculated day 90
06/28/2022 06:58:25 PM Calculated day 91
06/28/2022 06:58:33 PM Calculated day 92
06/28/2022 06:58:40 PM Calculated day 93
06/28/2022 06:58:48 PM Calculated day 94
06/28/2022 06:58:56 PM Calculated day 95
06/28/2022 06:59:04 PM Calculated day 96
06/28/2022 06:59:12 PM Calculated day 97
06/28/2022 06:59:20 PM Calculated day 98
06/28/2022 06:59:28 PM Calculated day 99
06/28/2022 06:59:36 PM Calculated day 100
06/28/2022 06:59:44 PM Calculated day 101
06/28/2022 06:59:51 PM Calculated day 102
06/28/2022 07:00:06 PM Calculated day 103
06/28/2022 07:00:14 PM Calculated day 104
06/28/2022 07:00:22 PM Calculated day 105
06/28/2022 07:00:30 PM Calculated day 106
06/28/2022 07:00:38 PM Calculated day 107
06/28/2022 07:00:46 PM Calculated day 108
06/28/2022 07:00:54 PM Calculated day 109
06/28/2022 07:01:06 PM Calculated day 110
06/28/2022 07:01:14 PM Calculated day 111
06/28/2022 07:01:22 PM Calculated day 112
06/28/2022 07:01:30 PM Calculated day 113
06/28/2022 07:01:39 PM Calculated day 114
06/28/2022 07:01:47 PM Calculated day 115
06/28/2022 07:01:56 PM Calculated day 116
06/28/2022 07:02:10 PM Calculated day 117
06/28/2022 07:02:19 PM Calculated day 118
06/28/2022 07:02:27 PM Calculated day 119
06/28/2022 07:02:36 PM Calculated day 120
06/28/2022 07:02:44 PM Calculated day 121
06/28/2022 07:02:52 PM Calculated day 122
06/28/2022 07:03:01 PM Calculated day 123
06/28/2022 07:03:10 PM Calculated day 124
06/28/2022 07:03:19 PM Calculated day 125
06/28/2022 07:03:32 PM Calculated day 126
06/28/2022 07:03:41 PM Calculated day 127
06/28/2022 07:03:49 PM Calculated day 128
06/28/2022 07:03:58 PM Calculated day 129
06/28/2022 07:04:06 PM Calculated day 130
06/28/2022 07:04:15 PM Calculated day 131
06/28/2022 07:04:23 PM Calculated day 132
06/28/2022 07:04:32 PM Calculated day 133
06/28/2022 07:04:40 PM Calculated day 134
06/28/2022 07:04:49 PM Calculated day 135
06/28/2022 07:04:57 PM Calculated day 136
06/28/2022 07:05:06 PM Calculated day 137
06/28/2022 07:05:14 PM Calculated day 138
06/28/2022 07:05:23 PM Calculated day 139
06/28/2022 07:05:31 PM Calculated day 140
06/28/2022 07:05:40 PM Calculated day 141
06/28/2022 07:05:49 PM Calculated day 142
06/28/2022 07:05:57 PM Calculated day 143
06/28/2022 07:06:06 PM Calculated day 144
06/28/2022 07:06:14 PM Calculated day 145
06/28/2022 07:06:23 PM Calculated day 146
06/28/2022 07:06:32 PM Calculated day 147
06/28/2022 07:06:41 PM Calculated day 148
06/28/2022 07:06:50 PM Calculated day 149
06/28/2022 07:06:59 PM Calculated day 150
06/28/2022 07:07:08 PM Calculated day 151
06/28/2022 07:07:16 PM Calculated day 152
06/28/2022 07:07:25 PM Calculated day 153
06/28/2022 07:07:34 PM Calculated day 154
06/28/2022 07:07:43 PM Calculated day 155
06/28/2022 07:07:52 PM Calculated day 156
06/28/2022 07:08:01 PM Calculated day 157
06/28/2022 07:08:10 PM Calculated day 158
06/28/2022 07:08:19 PM Calculated day 159
06/28/2022 07:08:28 PM Calculated day 160
06/28/2022 07:08:37 PM Calculated day 161
06/28/2022 07:08:46 PM Calculated day 162
06/28/2022 07:08:55 PM Calculated day 163
06/28/2022 07:09:05 PM Calculated day 164
06/28/2022 07:09:14 PM Calculated day 165
06/28/2022 07:09:23 PM Calculated day 166
06/28/2022 07:09:33 PM Calculated day 167
06/28/2022 07:09:42 PM Calculated day 168
06/28/2022 07:09:51 PM Calculated day 169
06/28/2022 07:10:01 PM Calculated day 170
06/28/2022 07:10:10 PM Calculated day 171
06/28/2022 07:10:19 PM Calculated day 172
06/28/2022 07:10:29 PM Calculated day 173
06/28/2022 07:10:38 PM Calculated day 174
06/28/2022 07:10:48 PM Calculated day 175
06/28/2022 07:10:57 PM Calculated day 176
06/28/2022 07:11:06 PM Calculated day 177
06/28/2022 07:11:16 PM Calculated day 178
06/28/2022 07:11:25 PM Calculated day 179
06/28/2022 07:11:35 PM Calculated day 180
06/28/2022 07:11:44 PM Calculated day 181
06/28/2022 07:11:54 PM Calculated day 182
06/28/2022 07:12:04 PM Calculated day 183
06/28/2022 07:12:13 PM Calculated day 184
06/28/2022 07:12:23 PM Calculated day 185
06/28/2022 07:12:33 PM Calculated day 186
06/28/2022 07:12:42 PM Calculated day 187
06/28/2022 07:12:52 PM Calculated day 188
06/28/2022 07:13:02 PM Calculated day 189
06/28/2022 07:13:13 PM Calculated day 190
06/28/2022 07:13:23 PM Calculated day 191
06/28/2022 07:13:34 PM Calculated day 192
06/28/2022 07:13:44 PM Calculated day 193
06/28/2022 07:13:53 PM Calculated day 194
06/28/2022 07:14:03 PM Calculated day 195
06/28/2022 07:14:13 PM Calculated day 196
06/28/2022 07:14:23 PM Calculated day 197
06/28/2022 07:14:33 PM Calculated day 198
06/28/2022 07:14:43 PM Calculated day 199
06/28/2022 07:14:53 PM Calculated day 200
06/28/2022 07:15:03 PM Calculated day 201
06/28/2022 07:15:13 PM Calculated day 202
06/28/2022 07:15:23 PM Calculated day 203
06/28/2022 07:15:33 PM Calculated day 204
06/28/2022 07:15:43 PM Calculated day 205
06/28/2022 07:15:53 PM Calculated day 206
06/28/2022 07:16:03 PM Calculated day 207
06/28/2022 07:16:13 PM Calculated day 208
06/28/2022 07:16:23 PM Calculated day 209
06/28/2022 07:16:33 PM Calculated day 210
06/28/2022 07:16:44 PM Calculated day 211
06/28/2022 07:16:54 PM Calculated day 212
06/28/2022 07:17:04 PM Calculated day 213
06/28/2022 07:17:14 PM Calculated day 214
06/28/2022 07:17:25 PM Calculated day 215
06/28/2022 07:17:35 PM Calculated day 216
06/28/2022 07:17:45 PM Calculated day 217
06/28/2022 07:17:55 PM Calculated day 218
06/28/2022 07:18:06 PM Calculated day 219
06/28/2022 07:18:16 PM Calculated day 220
06/28/2022 07:18:26 PM Calculated day 221
06/28/2022 07:18:36 PM Calculated day 222
06/28/2022 07:18:47 PM Calculated day 223
06/28/2022 07:18:57 PM Calculated day 224
06/28/2022 07:19:07 PM Calculated day 225
06/28/2022 07:19:18 PM Calculated day 226
06/28/2022 07:19:28 PM Calculated day 227
06/28/2022 07:19:39 PM Calculated day 228
06/28/2022 07:19:49 PM Calculated day 229
06/28/2022 07:20:00 PM Calculated day 230
06/28/2022 07:20:10 PM Calculated day 231
06/28/2022 07:20:21 PM Calculated day 232
06/28/2022 07:20:31 PM Calculated day 233
06/28/2022 07:20:42 PM Calculated day 234
06/28/2022 07:20:52 PM Calculated day 235
06/28/2022 07:21:03 PM Calculated day 236
06/28/2022 07:21:14 PM Calculated day 237
06/28/2022 07:21:24 PM Calculated day 238
06/28/2022 07:21:35 PM Calculated day 239
06/28/2022 07:21:46 PM Calculated day 240
06/28/2022 07:21:57 PM Calculated day 241
06/28/2022 07:22:07 PM Calculated day 242
06/28/2022 07:22:18 PM Calculated day 243
06/28/2022 07:22:29 PM Calculated day 244
06/28/2022 07:22:39 PM Calculated day 245
06/28/2022 07:22:50 PM Calculated day 246
06/28/2022 07:23:01 PM Calculated day 247
06/28/2022 07:23:12 PM Calculated day 248
06/28/2022 07:23:23 PM Calculated day 249
06/28/2022 07:23:33 PM Calculated day 250
06/28/2022 07:23:44 PM Calculated day 251
06/28/2022 07:23:55 PM Calculated day 252
06/28/2022 07:24:06 PM Calculated day 253
06/28/2022 07:24:17 PM Calculated day 254
06/28/2022 07:24:28 PM Calculated day 255
06/28/2022 07:24:39 PM Calculated day 256
06/28/2022 07:24:50 PM Calculated day 257
06/28/2022 07:25:03 PM Calculated day 258
06/28/2022 07:25:17 PM Calculated day 259
06/28/2022 07:25:31 PM Calculated day 260
06/28/2022 07:25:44 PM Calculated day 261
06/28/2022 07:25:58 PM Calculated day 262
06/28/2022 07:26:12 PM Calculated day 263
06/28/2022 07:26:25 PM Calculated day 264
06/28/2022 07:26:39 PM Calculated day 265
06/28/2022 07:26:53 PM Calculated day 266
06/28/2022 07:27:06 PM Calculated day 267
06/28/2022 07:27:20 PM Calculated day 268
06/28/2022 07:27:34 PM Calculated day 269
06/28/2022 07:27:47 PM Calculated day 270
06/28/2022 07:28:01 PM Calculated day 271
06/28/2022 07:28:15 PM Calculated day 272
06/28/2022 07:28:29 PM Calculated day 273
06/28/2022 07:28:43 PM Calculated day 274
06/28/2022 07:28:56 PM Calculated day 275
06/28/2022 07:29:10 PM Calculated day 276
06/28/2022 07:29:24 PM Calculated day 277
06/28/2022 07:29:39 PM Calculated day 278
06/28/2022 07:29:53 PM Calculated day 279
06/28/2022 07:30:07 PM Calculated day 280
06/28/2022 07:30:21 PM Calculated day 281
06/28/2022 07:30:35 PM Calculated day 282
06/28/2022 07:30:49 PM Calculated day 283
06/28/2022 07:31:03 PM Calculated day 284
06/28/2022 07:31:17 PM Calculated day 285
06/28/2022 07:31:31 PM Calculated day 286
06/28/2022 07:31:46 PM Calculated day 287
06/28/2022 07:32:00 PM Calculated day 288
06/28/2022 07:32:14 PM Calculated day 289
06/28/2022 07:32:29 PM Calculated day 290
06/28/2022 07:32:43 PM Calculated day 291
06/28/2022 07:32:57 PM Calculated day 292
06/28/2022 07:33:12 PM Calculated day 293
06/28/2022 07:33:26 PM Calculated day 294
06/28/2022 07:33:40 PM Calculated day 295
06/28/2022 07:33:55 PM Calculated day 296
06/28/2022 07:34:10 PM Calculated day 297
06/28/2022 07:34:24 PM Calculated day 298
06/28/2022 07:34:39 PM Calculated day 299
06/28/2022 07:34:53 PM Calculated day 300
06/28/2022 07:35:08 PM Calculated day 301
06/28/2022 07:35:22 PM Calculated day 302
06/28/2022 07:35:37 PM Calculated day 303
06/28/2022 07:35:52 PM Calculated day 304
06/28/2022 07:36:07 PM Calculated day 305
06/28/2022 07:36:21 PM Calculated day 306
06/28/2022 07:36:36 PM Calculated day 307
06/28/2022 07:36:51 PM Calculated day 308
06/28/2022 07:37:05 PM Calculated day 309
06/28/2022 07:37:20 PM Calculated day 310
06/28/2022 07:37:36 PM Calculated day 311
06/28/2022 07:37:51 PM Calculated day 312
06/28/2022 07:38:06 PM Calculated day 313
06/28/2022 07:38:21 PM Calculated day 314
06/28/2022 07:38:36 PM Calculated day 315
06/28/2022 07:38:51 PM Calculated day 316
06/28/2022 07:39:06 PM Calculated day 317
06/28/2022 07:39:21 PM Calculated day 318
06/28/2022 07:39:36 PM Calculated day 319
06/28/2022 07:39:51 PM Calculated day 320
06/28/2022 07:40:06 PM Calculated day 321
06/28/2022 07:40:21 PM Calculated day 322
06/28/2022 07:40:37 PM Calculated day 323
06/28/2022 07:40:52 PM Calculated day 324
06/28/2022 07:41:07 PM Calculated day 325
06/28/2022 07:41:23 PM Calculated day 326
06/28/2022 07:41:38 PM Calculated day 327
06/28/2022 07:41:54 PM Calculated day 328
06/28/2022 07:42:09 PM Calculated day 329
06/28/2022 07:42:24 PM Calculated day 330
06/28/2022 07:42:40 PM Calculated day 331
06/28/2022 07:42:55 PM Calculated day 332
06/28/2022 07:43:11 PM Calculated day 333
06/28/2022 07:43:26 PM Calculated day 334
06/28/2022 07:43:42 PM Calculated day 335
06/28/2022 07:43:58 PM Calculated day 336
06/28/2022 07:44:13 PM Calculated day 337
06/28/2022 07:44:29 PM Calculated day 338
06/28/2022 07:44:44 PM Calculated day 339
06/28/2022 07:45:00 PM Calculated day 340
06/28/2022 07:45:16 PM Calculated day 341
06/28/2022 07:45:32 PM Calculated day 342
06/28/2022 07:45:47 PM Calculated day 343
06/28/2022 07:46:05 PM Calculated day 344
06/28/2022 07:46:21 PM Calculated day 345
06/28/2022 07:46:36 PM Calculated day 346
06/28/2022 07:46:52 PM Calculated day 347
06/28/2022 07:47:08 PM Calculated day 348
06/28/2022 07:47:24 PM Calculated day 349
06/28/2022 07:47:40 PM Calculated day 350
06/28/2022 07:47:56 PM Calculated day 351
06/28/2022 07:48:12 PM Calculated day 352
06/28/2022 07:48:28 PM Calculated day 353
06/28/2022 07:48:44 PM Calculated day 354
06/28/2022 07:49:00 PM Calculated day 355
06/28/2022 07:49:16 PM Calculated day 356
06/28/2022 07:49:32 PM Calculated day 357
06/28/2022 07:49:48 PM Calculated day 358
06/28/2022 07:50:05 PM Calculated day 359
06/28/2022 07:50:21 PM Calculated day 360
06/28/2022 07:50:37 PM Calculated day 361
06/28/2022 07:50:53 PM Calculated day 362
06/28/2022 07:51:10 PM Calculated day 363
06/28/2022 07:51:26 PM Calculated day 364
06/28/2022 07:51:43 PM Calculated day 365
06/28/2022 07:51:59 PM Calculated day 366
06/28/2022 07:52:16 PM Calculated day 367
06/28/2022 07:52:32 PM Calculated day 368
06/28/2022 07:52:48 PM Calculated day 369
06/28/2022 07:53:05 PM Calculated day 370
06/28/2022 07:53:21 PM Calculated day 371
06/28/2022 07:53:38 PM Calculated day 372
06/28/2022 07:53:55 PM Calculated day 373
06/28/2022 07:54:11 PM Calculated day 374
06/28/2022 07:54:28 PM Calculated day 375
06/28/2022 07:54:45 PM Calculated day 376
06/28/2022 07:55:01 PM Calculated day 377
06/28/2022 07:55:18 PM Calculated day 378
06/28/2022 07:55:34 PM Calculated day 379
06/28/2022 07:55:51 PM Calculated day 380
06/28/2022 07:56:08 PM Calculated day 381
06/28/2022 07:56:25 PM Calculated day 382
06/28/2022 07:56:41 PM Calculated day 383
06/28/2022 07:56:58 PM Calculated day 384
06/28/2022 07:57:15 PM Calculated day 385
06/28/2022 07:57:32 PM Calculated day 386
06/28/2022 07:57:49 PM Calculated day 387
06/28/2022 07:58:06 PM Calculated day 388
06/28/2022 07:58:23 PM Calculated day 389
06/28/2022 07:58:40 PM Calculated day 390
06/28/2022 07:58:57 PM Calculated day 391
06/28/2022 07:59:14 PM Calculated day 392
06/28/2022 07:59:31 PM Calculated day 393
06/28/2022 07:59:48 PM Calculated day 394
06/28/2022 08:00:05 PM Calculated day 395
06/28/2022 08:00:22 PM Calculated day 396
06/28/2022 08:00:40 PM Calculated day 397
06/28/2022 08:00:57 PM Calculated day 398
06/28/2022 08:01:17 PM Calculated day 399
06/28/2022 08:01:34 PM Calculated day 400
06/28/2022 08:01:52 PM Calculated day 401
06/28/2022 08:02:09 PM Calculated day 402
06/28/2022 08:02:26 PM Calculated day 403
06/28/2022 08:02:44 PM Calculated day 404
06/28/2022 08:03:03 PM Calculated day 405
06/28/2022 08:03:20 PM Calculated day 406
06/28/2022 08:03:43 PM Calculated day 407
06/28/2022 08:04:00 PM Calculated day 408
06/28/2022 08:04:18 PM Calculated day 409
06/28/2022 08:04:35 PM Calculated day 410
06/28/2022 08:04:53 PM Calculated day 411
06/28/2022 08:05:11 PM Calculated day 412
06/28/2022 08:05:28 PM Calculated day 413
06/28/2022 08:05:51 PM Calculated day 414
06/28/2022 08:06:09 PM Calculated day 415
06/28/2022 08:06:27 PM Calculated day 416
06/28/2022 08:06:44 PM Calculated day 417
06/28/2022 08:07:02 PM Calculated day 418
06/28/2022 08:07:20 PM Calculated day 419
06/28/2022 08:07:38 PM Calculated day 420
06/28/2022 08:07:56 PM Calculated day 421
06/28/2022 08:08:13 PM Calculated day 422
06/28/2022 08:08:31 PM Calculated day 423
06/28/2022 08:08:49 PM Calculated day 424
06/28/2022 08:09:07 PM Calculated day 425
06/28/2022 08:09:25 PM Calculated day 426
06/28/2022 08:09:43 PM Calculated day 427
06/28/2022 08:10:01 PM Calculated day 428
06/28/2022 08:10:19 PM Calculated day 429
06/28/2022 08:10:37 PM Calculated day 430
06/28/2022 08:10:55 PM Calculated day 431
06/28/2022 08:11:13 PM Calculated day 432
06/28/2022 08:11:32 PM Calculated day 433
06/28/2022 08:11:50 PM Calculated day 434
06/28/2022 08:12:08 PM Calculated day 435
06/28/2022 08:12:26 PM Calculated day 436
06/28/2022 08:12:45 PM Calculated day 437
06/28/2022 08:13:03 PM Calculated day 438
06/28/2022 08:13:22 PM Calculated day 439
06/28/2022 08:13:40 PM Calculated day 440
06/28/2022 08:13:58 PM Calculated day 441
06/28/2022 08:14:17 PM Calculated day 442
06/28/2022 08:14:35 PM Calculated day 443
06/28/2022 08:14:54 PM Calculated day 444
06/28/2022 08:15:12 PM Calculated day 445
06/28/2022 08:15:31 PM Calculated day 446
06/28/2022 08:15:49 PM Calculated day 447
06/28/2022 08:16:08 PM Calculated day 448
06/28/2022 08:16:26 PM Calculated day 449
06/28/2022 08:16:45 PM Calculated day 450
06/28/2022 08:17:04 PM Calculated day 451
06/28/2022 08:17:22 PM Calculated day 452
06/28/2022 08:17:41 PM Calculated day 453
06/28/2022 08:18:00 PM Calculated day 454
06/28/2022 08:18:19 PM Calculated day 455
06/28/2022 08:18:38 PM Calculated day 456
06/28/2022 08:18:57 PM Calculated day 457
06/28/2022 08:19:16 PM Calculated day 458
06/28/2022 08:19:35 PM Calculated day 459
06/28/2022 08:19:54 PM Calculated day 460
06/28/2022 08:20:13 PM Calculated day 461
06/28/2022 08:20:32 PM Calculated day 462
06/28/2022 08:20:51 PM Calculated day 463
06/28/2022 08:21:10 PM Calculated day 464
06/28/2022 08:21:29 PM Calculated day 465
06/28/2022 08:21:48 PM Calculated day 466
06/28/2022 08:22:07 PM Calculated day 467
06/28/2022 08:22:26 PM Calculated day 468
06/28/2022 08:22:45 PM Calculated day 469
06/28/2022 08:23:05 PM Calculated day 470
06/28/2022 08:23:24 PM Calculated day 471
06/28/2022 08:23:44 PM Calculated day 472
06/28/2022 08:24:03 PM Calculated day 473
06/28/2022 08:24:22 PM Calculated day 474
06/28/2022 08:24:42 PM Calculated day 475
06/28/2022 08:25:01 PM Calculated day 476
06/28/2022 08:25:23 PM Calculated day 477
06/28/2022 08:25:46 PM Calculated day 478
06/28/2022 08:26:08 PM Calculated day 479
06/28/2022 08:26:29 PM Calculated day 480
06/28/2022 08:26:49 PM Calculated day 481
06/28/2022 08:27:10 PM Calculated day 482
06/28/2022 08:27:31 PM Calculated day 483
06/28/2022 08:27:52 PM Calculated day 484
06/28/2022 08:28:13 PM Calculated day 485
06/28/2022 08:28:35 PM Calculated day 486
06/28/2022 08:28:56 PM Calculated day 487
06/28/2022 08:29:17 PM Calculated day 488
06/28/2022 08:29:39 PM Calculated day 489
06/28/2022 08:30:00 PM Calculated day 490
06/28/2022 08:30:22 PM Calculated day 491
06/28/2022 08:30:44 PM Calculated day 492
06/28/2022 08:31:05 PM Calculated day 493
06/28/2022 08:31:27 PM Calculated day 494
06/28/2022 08:31:49 PM Calculated day 495
06/28/2022 08:32:11 PM Calculated day 496
06/28/2022 08:32:33 PM Calculated day 497
06/28/2022 08:32:55 PM Calculated day 498
06/28/2022 08:33:17 PM Calculated day 499
06/28/2022 08:33:39 PM Calculated day 500
06/28/2022 08:34:01 PM Calculated day 501
06/28/2022 08:34:24 PM Calculated day 502
06/28/2022 08:34:46 PM Calculated day 503
06/28/2022 08:35:08 PM Calculated day 504
06/28/2022 08:35:31 PM Calculated day 505
06/28/2022 08:35:55 PM Calculated day 506
06/28/2022 08:36:19 PM Calculated day 507
06/28/2022 08:36:42 PM Calculated day 508
06/28/2022 08:37:06 PM Calculated day 509
06/28/2022 08:37:29 PM Calculated day 510
06/28/2022 08:37:52 PM Calculated day 511
06/28/2022 08:38:16 PM Calculated day 512
06/28/2022 08:38:39 PM Calculated day 513
06/28/2022 08:39:03 PM Calculated day 514
06/28/2022 08:39:26 PM Calculated day 515
06/28/2022 08:39:49 PM Calculated day 516
06/28/2022 08:40:12 PM Calculated day 517
06/28/2022 08:40:35 PM Calculated day 518
06/28/2022 08:40:58 PM Calculated day 519
06/28/2022 08:41:22 PM Calculated day 520
06/28/2022 08:41:45 PM Calculated day 521
06/28/2022 08:42:08 PM Calculated day 522
06/28/2022 08:42:32 PM Calculated day 523
06/28/2022 08:42:55 PM Calculated day 524
06/28/2022 08:43:19 PM Calculated day 525
06/28/2022 08:43:43 PM Calculated day 526
06/28/2022 08:44:06 PM Calculated day 527
06/28/2022 08:44:30 PM Calculated day 528
06/28/2022 08:44:54 PM Calculated day 529
06/28/2022 08:45:18 PM Calculated day 530
06/28/2022 08:45:42 PM Calculated day 531
06/28/2022 08:46:06 PM Calculated day 532
06/28/2022 08:46:30 PM Calculated day 533
06/28/2022 08:46:55 PM Calculated day 534
06/28/2022 08:47:19 PM Calculated day 535
06/28/2022 08:47:43 PM Calculated day 536
06/28/2022 08:48:08 PM Calculated day 537
06/28/2022 08:48:34 PM Calculated day 538
06/28/2022 08:49:03 PM Calculated day 539
06/28/2022 08:49:28 PM Calculated day 540
06/28/2022 08:49:53 PM Calculated day 541
06/28/2022 08:50:18 PM Calculated day 542
06/28/2022 08:50:43 PM Calculated day 543
06/28/2022 08:51:08 PM Calculated day 544
06/28/2022 08:51:33 PM Calculated day 545
06/28/2022 08:51:58 PM Calculated day 546
06/28/2022 08:52:23 PM Calculated day 547
06/28/2022 08:52:48 PM Calculated day 548
06/28/2022 08:53:14 PM Calculated day 549
06/28/2022 08:53:39 PM Calculated day 550
06/28/2022 08:54:05 PM Calculated day 551
06/28/2022 08:54:31 PM Calculated day 552
06/28/2022 08:54:56 PM Calculated day 553
06/28/2022 08:55:22 PM Calculated day 554
06/28/2022 08:55:48 PM Calculated day 555
06/28/2022 08:56:13 PM Calculated day 556
06/28/2022 08:56:39 PM Calculated day 557
06/28/2022 08:57:05 PM Calculated day 558
06/28/2022 08:57:31 PM Calculated day 559
06/28/2022 08:57:57 PM Calculated day 560
06/28/2022 08:58:23 PM Calculated day 561
06/28/2022 08:58:49 PM Calculated day 562
06/28/2022 08:59:15 PM Calculated day 563
06/28/2022 08:59:42 PM Calculated day 564
06/28/2022 09:00:09 PM Calculated day 565
06/28/2022 09:00:39 PM Calculated day 566
06/28/2022 09:01:06 PM Calculated day 567
06/28/2022 09:01:33 PM Calculated day 568
06/28/2022 09:02:01 PM Calculated day 569
06/28/2022 09:02:29 PM Calculated day 570
06/28/2022 09:03:02 PM Calculated day 571
06/28/2022 09:03:32 PM Calculated day 572
06/28/2022 09:04:03 PM Calculated day 573
06/28/2022 09:04:34 PM Calculated day 574
06/28/2022 09:05:04 PM Calculated day 575
06/28/2022 09:05:34 PM Calculated day 576
06/28/2022 09:06:05 PM Calculated day 577
06/28/2022 09:06:36 PM Calculated day 578
06/28/2022 09:07:08 PM Calculated day 579
06/28/2022 09:07:40 PM Calculated day 580
06/28/2022 09:08:12 PM Calculated day 581
06/28/2022 09:08:46 PM Calculated day 582
06/28/2022 09:09:21 PM Calculated day 583
06/28/2022 09:09:56 PM Calculated day 584
06/28/2022 09:10:31 PM Calculated day 585
06/28/2022 09:11:06 PM Calculated day 586
06/28/2022 09:11:42 PM Calculated day 587
06/28/2022 09:12:18 PM Calculated day 588
06/28/2022 09:12:55 PM Calculated day 589
06/28/2022 09:13:33 PM Calculated day 590
06/28/2022 09:14:10 PM Calculated day 591
06/28/2022 09:14:48 PM Calculated day 592
06/28/2022 09:15:27 PM Calculated day 593
06/28/2022 09:16:05 PM Calculated day 594
06/28/2022 09:16:44 PM Calculated day 595
06/28/2022 09:17:23 PM Calculated day 596
06/28/2022 09:18:02 PM Calculated day 597
06/28/2022 09:18:41 PM Calculated day 598
06/28/2022 09:19:20 PM Calculated day 599
06/28/2022 09:22:50 PM Saved data in /data/pbarpanda/spherical_SWE/initial_value_exps//dt_150_Q_forcing_0_forcing_y_0_Hmean_500_forcing_phase_speed_0_ms/U_up_days_150_Kelvin//H0_3000/
06/28/2022 09:22:52 PM  ========== CODE RAN SUCCESSFULLY, congrats! ================
06/28/2022 09:22:52 PM  -----> Total Time taken = 9317.467  <----
