06/29/2022 07:49:13 AM **********************************
06/29/2022 07:49:13 AM /data/pbarpanda/spherical_SWE/initial_value_exps//dt_150_Q_forcing_0_forcing_y_0_Hmean_500_forcing_phase_speed_0_ms/U_up_days_150_Rossby/
06/29/2022 07:49:13 AM **********************************
06/29/2022 07:49:13 AM Calculated day 0
06/29/2022 07:49:19 AM Calculated day 1
06/29/2022 07:49:24 AM Calculated day 2
06/29/2022 07:49:31 AM Calculated day 3
06/29/2022 07:49:37 AM Calculated day 4
06/29/2022 07:49:44 AM Calculated day 5
06/29/2022 07:49:50 AM Calculated day 6
06/29/2022 07:49:57 AM Calculated day 7
06/29/2022 07:50:03 AM Calculated day 8
06/29/2022 07:50:09 AM Calculated day 9
06/29/2022 07:50:16 AM Calculated day 10
06/29/2022 07:50:22 AM Calculated day 11
06/29/2022 07:50:29 AM Calculated day 12
06/29/2022 07:50:35 AM Calculated day 13
06/29/2022 07:50:42 AM Calculated day 14
06/29/2022 07:50:48 AM Calculated day 15
06/29/2022 07:50:55 AM Calculated day 16
06/29/2022 07:51:02 AM Calculated day 17
06/29/2022 07:51:08 AM Calculated day 18
06/29/2022 07:51:15 AM Calculated day 19
06/29/2022 07:51:22 AM Calculated day 20
06/29/2022 07:51:28 AM Calculated day 21
06/29/2022 07:51:35 AM Calculated day 22
06/29/2022 07:51:42 AM Calculated day 23
06/29/2022 07:51:48 AM Calculated day 24
06/29/2022 07:51:55 AM Calculated day 25
06/29/2022 07:52:02 AM Calculated day 26
06/29/2022 07:52:09 AM Calculated day 27
06/29/2022 07:52:15 AM Calculated day 28
06/29/2022 07:52:22 AM Calculated day 29
06/29/2022 07:52:29 AM Calculated day 30
06/29/2022 07:52:36 AM Calculated day 31
06/29/2022 07:52:43 AM Calculated day 32
06/29/2022 07:52:50 AM Calculated day 33
06/29/2022 07:52:57 AM Calculated day 34
06/29/2022 07:53:04 AM Calculated day 35
06/29/2022 07:53:11 AM Calculated day 36
06/29/2022 07:53:18 AM Calculated day 37
06/29/2022 07:53:25 AM Calculated day 38
06/29/2022 07:53:33 AM Calculated day 39
06/29/2022 07:53:40 AM Calculated day 40
06/29/2022 07:53:47 AM Calculated day 41
06/29/2022 07:53:54 AM Calculated day 42
06/29/2022 07:54:01 AM Calculated day 43
06/29/2022 07:54:08 AM Calculated day 44
06/29/2022 07:54:15 AM Calculated day 45
06/29/2022 07:54:22 AM Calculated day 46
06/29/2022 07:54:29 AM Calculated day 47
06/29/2022 07:54:37 AM Calculated day 48
06/29/2022 07:54:44 AM Calculated day 49
06/29/2022 07:54:51 AM Calculated day 50
06/29/2022 07:54:58 AM Calculated day 51
06/29/2022 07:55:05 AM Calculated day 52
06/29/2022 07:55:12 AM Calculated day 53
06/29/2022 07:55:20 AM Calculated day 54
06/29/2022 07:55:27 AM Calculated day 55
06/29/2022 07:55:34 AM Calculated day 56
06/29/2022 07:55:41 AM Calculated day 57
06/29/2022 07:55:49 AM Calculated day 58
06/29/2022 07:55:56 AM Calculated day 59
06/29/2022 07:56:04 AM Calculated day 60
06/29/2022 07:56:11 AM Calculated day 61
06/29/2022 07:56:19 AM Calculated day 62
06/29/2022 07:56:26 AM Calculated day 63
06/29/2022 07:56:34 AM Calculated day 64
06/29/2022 07:56:41 AM Calculated day 65
06/29/2022 07:56:49 AM Calculated day 66
06/29/2022 07:56:56 AM Calculated day 67
06/29/2022 07:57:04 AM Calculated day 68
06/29/2022 07:57:11 AM Calculated day 69
06/29/2022 07:57:19 AM Calculated day 70
06/29/2022 07:57:27 AM Calculated day 71
06/29/2022 07:57:34 AM Calculated day 72
06/29/2022 07:57:42 AM Calculated day 73
06/29/2022 07:57:49 AM Calculated day 74
06/29/2022 07:57:57 AM Calculated day 75
06/29/2022 07:58:04 AM Calculated day 76
06/29/2022 07:58:12 AM Calculated day 77
06/29/2022 07:58:19 AM Calculated day 78
06/29/2022 07:58:27 AM Calculated day 79
06/29/2022 07:58:35 AM Calculated day 80
06/29/2022 07:58:42 AM Calculated day 81
06/29/2022 07:58:50 AM Calculated day 82
06/29/2022 07:58:58 AM Calculated day 83
06/29/2022 07:59:06 AM Calculated day 84
06/29/2022 07:59:13 AM Calculated day 85
06/29/2022 07:59:21 AM Calculated day 86
06/29/2022 07:59:29 AM Calculated day 87
06/29/2022 07:59:36 AM Calculated day 88
06/29/2022 07:59:44 AM Calculated day 89
06/29/2022 07:59:52 AM Calculated day 90
06/29/2022 08:00:00 AM Calculated day 91
06/29/2022 08:00:08 AM Calculated day 92
06/29/2022 08:00:16 AM Calculated day 93
06/29/2022 08:00:23 AM Calculated day 94
06/29/2022 08:00:31 AM Calculated day 95
06/29/2022 08:00:39 AM Calculated day 96
06/29/2022 08:00:48 AM Calculated day 97
06/29/2022 08:00:56 AM Calculated day 98
06/29/2022 08:01:05 AM Calculated day 99
06/29/2022 08:01:13 AM Calculated day 100
06/29/2022 08:01:21 AM Calculated day 101
06/29/2022 08:01:30 AM Calculated day 102
06/29/2022 08:01:38 AM Calculated day 103
06/29/2022 08:01:46 AM Calculated day 104
06/29/2022 08:01:54 AM Calculated day 105
06/29/2022 08:02:02 AM Calculated day 106
06/29/2022 08:02:10 AM Calculated day 107
06/29/2022 08:02:24 AM Calculated day 108
06/29/2022 08:02:32 AM Calculated day 109
06/29/2022 08:02:40 AM Calculated day 110
06/29/2022 08:02:48 AM Calculated day 111
06/29/2022 08:02:57 AM Calculated day 112
06/29/2022 08:03:06 AM Calculated day 113
06/29/2022 08:03:15 AM Calculated day 114
06/29/2022 08:03:23 AM Calculated day 115
06/29/2022 08:03:31 AM Calculated day 116
06/29/2022 08:03:39 AM Calculated day 117
06/29/2022 08:03:47 AM Calculated day 118
06/29/2022 08:03:56 AM Calculated day 119
06/29/2022 08:04:04 AM Calculated day 120
06/29/2022 08:04:12 AM Calculated day 121
06/29/2022 08:04:21 AM Calculated day 122
06/29/2022 08:04:29 AM Calculated day 123
06/29/2022 08:04:38 AM Calculated day 124
06/29/2022 08:04:46 AM Calculated day 125
06/29/2022 08:04:55 AM Calculated day 126
06/29/2022 08:05:03 AM Calculated day 127
06/29/2022 08:05:13 AM Calculated day 128
06/29/2022 08:05:22 AM Calculated day 129
06/29/2022 08:05:31 AM Calculated day 130
06/29/2022 08:05:39 AM Calculated day 131
06/29/2022 08:05:51 AM Calculated day 132
06/29/2022 08:05:59 AM Calculated day 133
06/29/2022 08:06:08 AM Calculated day 134
06/29/2022 08:06:17 AM Calculated day 135
06/29/2022 08:06:25 AM Calculated day 136
06/29/2022 08:06:34 AM Calculated day 137
06/29/2022 08:06:42 AM Calculated day 138
06/29/2022 08:06:51 AM Calculated day 139
06/29/2022 08:07:00 AM Calculated day 140
06/29/2022 08:07:09 AM Calculated day 141
06/29/2022 08:07:18 AM Calculated day 142
06/29/2022 08:07:27 AM Calculated day 143
06/29/2022 08:07:36 AM Calculated day 144
06/29/2022 08:07:45 AM Calculated day 145
06/29/2022 08:07:53 AM Calculated day 146
06/29/2022 08:08:02 AM Calculated day 147
06/29/2022 08:08:11 AM Calculated day 148
06/29/2022 08:08:20 AM Calculated day 149
06/29/2022 08:08:29 AM Calculated day 150
06/29/2022 08:08:38 AM Calculated day 151
06/29/2022 08:08:47 AM Calculated day 152
06/29/2022 08:08:56 AM Calculated day 153
06/29/2022 08:09:05 AM Calculated day 154
06/29/2022 08:09:14 AM Calculated day 155
06/29/2022 08:09:23 AM Calculated day 156
06/29/2022 08:09:32 AM Calculated day 157
06/29/2022 08:09:41 AM Calculated day 158
06/29/2022 08:09:50 AM Calculated day 159
06/29/2022 08:09:59 AM Calculated day 160
06/29/2022 08:10:08 AM Calculated day 161
06/29/2022 08:10:17 AM Calculated day 162
06/29/2022 08:10:27 AM Calculated day 163
06/29/2022 08:10:37 AM Calculated day 164
06/29/2022 08:10:46 AM Calculated day 165
06/29/2022 08:10:55 AM Calculated day 166
06/29/2022 08:11:04 AM Calculated day 167
06/29/2022 08:11:14 AM Calculated day 168
06/29/2022 08:11:23 AM Calculated day 169
06/29/2022 08:11:32 AM Calculated day 170
06/29/2022 08:11:42 AM Calculated day 171
06/29/2022 08:11:51 AM Calculated day 172
06/29/2022 08:12:01 AM Calculated day 173
06/29/2022 08:12:10 AM Calculated day 174
06/29/2022 08:12:20 AM Calculated day 175
06/29/2022 08:12:29 AM Calculated day 176
06/29/2022 08:12:39 AM Calculated day 177
06/29/2022 08:12:48 AM Calculated day 178
06/29/2022 08:12:58 AM Calculated day 179
06/29/2022 08:13:08 AM Calculated day 180
06/29/2022 08:13:17 AM Calculated day 181
06/29/2022 08:13:27 AM Calculated day 182
06/29/2022 08:13:37 AM Calculated day 183
06/29/2022 08:13:46 AM Calculated day 184
06/29/2022 08:13:56 AM Calculated day 185
06/29/2022 08:14:06 AM Calculated day 186
06/29/2022 08:14:16 AM Calculated day 187
06/29/2022 08:14:26 AM Calculated day 188
06/29/2022 08:14:36 AM Calculated day 189
06/29/2022 08:14:46 AM Calculated day 190
06/29/2022 08:14:56 AM Calculated day 191
06/29/2022 08:15:06 AM Calculated day 192
06/29/2022 08:15:16 AM Calculated day 193
06/29/2022 08:15:26 AM Calculated day 194
06/29/2022 08:15:35 AM Calculated day 195
06/29/2022 08:15:46 AM Calculated day 196
06/29/2022 08:15:55 AM Calculated day 197
06/29/2022 08:16:06 AM Calculated day 198
06/29/2022 08:16:16 AM Calculated day 199
06/29/2022 08:16:26 AM Calculated day 200
06/29/2022 08:16:36 AM Calculated day 201
06/29/2022 08:16:46 AM Calculated day 202
06/29/2022 08:16:56 AM Calculated day 203
06/29/2022 08:17:06 AM Calculated day 204
06/29/2022 08:17:16 AM Calculated day 205
06/29/2022 08:17:26 AM Calculated day 206
06/29/2022 08:17:36 AM Calculated day 207
06/29/2022 08:17:47 AM Calculated day 208
06/29/2022 08:17:57 AM Calculated day 209
06/29/2022 08:18:07 AM Calculated day 210
06/29/2022 08:18:18 AM Calculated day 211
06/29/2022 08:18:28 AM Calculated day 212
06/29/2022 08:18:38 AM Calculated day 213
06/29/2022 08:18:49 AM Calculated day 214
06/29/2022 08:18:59 AM Calculated day 215
06/29/2022 08:19:10 AM Calculated day 216
06/29/2022 08:19:20 AM Calculated day 217
06/29/2022 08:19:30 AM Calculated day 218
06/29/2022 08:19:40 AM Calculated day 219
06/29/2022 08:19:51 AM Calculated day 220
06/29/2022 08:20:01 AM Calculated day 221
06/29/2022 08:20:12 AM Calculated day 222
06/29/2022 08:20:22 AM Calculated day 223
06/29/2022 08:20:33 AM Calculated day 224
06/29/2022 08:20:43 AM Calculated day 225
06/29/2022 08:20:54 AM Calculated day 226
06/29/2022 08:21:04 AM Calculated day 227
06/29/2022 08:21:14 AM Calculated day 228
06/29/2022 08:21:25 AM Calculated day 229
06/29/2022 08:21:36 AM Calculated day 230
06/29/2022 08:21:46 AM Calculated day 231
06/29/2022 08:21:57 AM Calculated day 232
06/29/2022 08:22:07 AM Calculated day 233
06/29/2022 08:22:18 AM Calculated day 234
06/29/2022 08:22:29 AM Calculated day 235
06/29/2022 08:22:39 AM Calculated day 236
06/29/2022 08:22:50 AM Calculated day 237
06/29/2022 08:23:01 AM Calculated day 238
06/29/2022 08:23:12 AM Calculated day 239
06/29/2022 08:23:23 AM Calculated day 240
06/29/2022 08:23:33 AM Calculated day 241
06/29/2022 08:23:44 AM Calculated day 242
06/29/2022 08:23:55 AM Calculated day 243
06/29/2022 08:24:06 AM Calculated day 244
06/29/2022 08:24:16 AM Calculated day 245
06/29/2022 08:24:27 AM Calculated day 246
06/29/2022 08:24:38 AM Calculated day 247
06/29/2022 08:24:49 AM Calculated day 248
06/29/2022 08:25:00 AM Calculated day 249
06/29/2022 08:25:12 AM Calculated day 250
06/29/2022 08:25:22 AM Calculated day 251
06/29/2022 08:25:34 AM Calculated day 252
06/29/2022 08:25:45 AM Calculated day 253
06/29/2022 08:25:56 AM Calculated day 254
06/29/2022 08:26:07 AM Calculated day 255
06/29/2022 08:26:18 AM Calculated day 256
06/29/2022 08:26:29 AM Calculated day 257
06/29/2022 08:26:42 AM Calculated day 258
06/29/2022 08:26:56 AM Calculated day 259
06/29/2022 08:27:10 AM Calculated day 260
06/29/2022 08:27:24 AM Calculated day 261
06/29/2022 08:27:37 AM Calculated day 262
06/29/2022 08:27:51 AM Calculated day 263
06/29/2022 08:28:05 AM Calculated day 264
06/29/2022 08:28:19 AM Calculated day 265
06/29/2022 08:28:32 AM Calculated day 266
06/29/2022 08:28:46 AM Calculated day 267
06/29/2022 08:29:00 AM Calculated day 268
06/29/2022 08:29:14 AM Calculated day 269
06/29/2022 08:29:28 AM Calculated day 270
06/29/2022 08:29:42 AM Calculated day 271
06/29/2022 08:29:56 AM Calculated day 272
06/29/2022 08:30:10 AM Calculated day 273
06/29/2022 08:30:24 AM Calculated day 274
06/29/2022 08:30:38 AM Calculated day 275
06/29/2022 08:30:52 AM Calculated day 276
06/29/2022 08:31:06 AM Calculated day 277
06/29/2022 08:31:20 AM Calculated day 278
06/29/2022 08:31:34 AM Calculated day 279
06/29/2022 08:31:49 AM Calculated day 280
06/29/2022 08:32:03 AM Calculated day 281
06/29/2022 08:32:17 AM Calculated day 282
06/29/2022 08:32:31 AM Calculated day 283
06/29/2022 08:32:46 AM Calculated day 284
06/29/2022 08:33:00 AM Calculated day 285
06/29/2022 08:33:15 AM Calculated day 286
06/29/2022 08:33:29 AM Calculated day 287
06/29/2022 08:33:43 AM Calculated day 288
06/29/2022 08:33:58 AM Calculated day 289
06/29/2022 08:34:12 AM Calculated day 290
06/29/2022 08:34:27 AM Calculated day 291
06/29/2022 08:34:42 AM Calculated day 292
06/29/2022 08:34:56 AM Calculated day 293
06/29/2022 08:35:11 AM Calculated day 294
06/29/2022 08:35:25 AM Calculated day 295
06/29/2022 08:35:40 AM Calculated day 296
06/29/2022 08:35:55 AM Calculated day 297
06/29/2022 08:36:09 AM Calculated day 298
06/29/2022 08:36:24 AM Calculated day 299
06/29/2022 08:36:39 AM Calculated day 300
06/29/2022 08:36:53 AM Calculated day 301
06/29/2022 08:37:08 AM Calculated day 302
06/29/2022 08:37:23 AM Calculated day 303
06/29/2022 08:37:38 AM Calculated day 304
06/29/2022 08:37:53 AM Calculated day 305
06/29/2022 08:38:08 AM Calculated day 306
06/29/2022 08:38:23 AM Calculated day 307
06/29/2022 08:38:38 AM Calculated day 308
06/29/2022 08:38:53 AM Calculated day 309
06/29/2022 08:39:08 AM Calculated day 310
06/29/2022 08:39:23 AM Calculated day 311
06/29/2022 08:39:38 AM Calculated day 312
06/29/2022 08:39:53 AM Calculated day 313
06/29/2022 08:40:08 AM Calculated day 314
06/29/2022 08:40:23 AM Calculated day 315
06/29/2022 08:40:39 AM Calculated day 316
06/29/2022 08:40:54 AM Calculated day 317
06/29/2022 08:41:10 AM Calculated day 318
06/29/2022 08:41:25 AM Calculated day 319
06/29/2022 08:41:40 AM Calculated day 320
06/29/2022 08:41:55 AM Calculated day 321
06/29/2022 08:42:10 AM Calculated day 322
06/29/2022 08:42:26 AM Calculated day 323
06/29/2022 08:42:41 AM Calculated day 324
06/29/2022 08:42:57 AM Calculated day 325
06/29/2022 08:43:12 AM Calculated day 326
06/29/2022 08:43:28 AM Calculated day 327
06/29/2022 08:43:43 AM Calculated day 328
06/29/2022 08:43:59 AM Calculated day 329
06/29/2022 08:44:14 AM Calculated day 330
06/29/2022 08:44:30 AM Calculated day 331
06/29/2022 08:44:46 AM Calculated day 332
06/29/2022 08:45:01 AM Calculated day 333
06/29/2022 08:45:17 AM Calculated day 334
06/29/2022 08:45:33 AM Calculated day 335
06/29/2022 08:45:48 AM Calculated day 336
06/29/2022 08:46:04 AM Calculated day 337
06/29/2022 08:46:20 AM Calculated day 338
06/29/2022 08:46:36 AM Calculated day 339
06/29/2022 08:46:51 AM Calculated day 340
06/29/2022 08:47:07 AM Calculated day 341
06/29/2022 08:47:23 AM Calculated day 342
06/29/2022 08:47:39 AM Calculated day 343
06/29/2022 08:47:55 AM Calculated day 344
06/29/2022 08:48:11 AM Calculated day 345
06/29/2022 08:48:27 AM Calculated day 346
06/29/2022 08:48:43 AM Calculated day 347
06/29/2022 08:48:59 AM Calculated day 348
06/29/2022 08:49:15 AM Calculated day 349
06/29/2022 08:49:31 AM Calculated day 350
06/29/2022 08:49:48 AM Calculated day 351
06/29/2022 08:50:04 AM Calculated day 352
06/29/2022 08:50:20 AM Calculated day 353
06/29/2022 08:50:36 AM Calculated day 354
06/29/2022 08:50:52 AM Calculated day 355
06/29/2022 08:51:09 AM Calculated day 356
06/29/2022 08:51:25 AM Calculated day 357
06/29/2022 08:51:41 AM Calculated day 358
06/29/2022 08:51:59 AM Calculated day 359
06/29/2022 08:52:16 AM Calculated day 360
06/29/2022 08:52:33 AM Calculated day 361
06/29/2022 08:52:50 AM Calculated day 362
06/29/2022 08:53:06 AM Calculated day 363
06/29/2022 08:53:23 AM Calculated day 364
06/29/2022 08:53:39 AM Calculated day 365
06/29/2022 08:53:56 AM Calculated day 366
06/29/2022 08:54:12 AM Calculated day 367
06/29/2022 08:54:29 AM Calculated day 368
06/29/2022 08:54:45 AM Calculated day 369
06/29/2022 08:55:02 AM Calculated day 370
06/29/2022 08:55:19 AM Calculated day 371
06/29/2022 08:55:35 AM Calculated day 372
06/29/2022 08:55:52 AM Calculated day 373
06/29/2022 08:56:09 AM Calculated day 374
06/29/2022 08:56:26 AM Calculated day 375
06/29/2022 08:56:42 AM Calculated day 376
06/29/2022 08:56:59 AM Calculated day 377
06/29/2022 08:57:16 AM Calculated day 378
06/29/2022 08:57:33 AM Calculated day 379
06/29/2022 08:57:50 AM Calculated day 380
06/29/2022 08:58:06 AM Calculated day 381
06/29/2022 08:58:23 AM Calculated day 382
06/29/2022 08:58:40 AM Calculated day 383
06/29/2022 08:58:57 AM Calculated day 384
06/29/2022 08:59:15 AM Calculated day 385
06/29/2022 08:59:32 AM Calculated day 386
06/29/2022 08:59:49 AM Calculated day 387
06/29/2022 09:00:06 AM Calculated day 388
06/29/2022 09:00:24 AM Calculated day 389
06/29/2022 09:00:41 AM Calculated day 390
06/29/2022 09:00:58 AM Calculated day 391
06/29/2022 09:01:15 AM Calculated day 392
06/29/2022 09:01:32 AM Calculated day 393
06/29/2022 09:01:50 AM Calculated day 394
06/29/2022 09:02:07 AM Calculated day 395
06/29/2022 09:02:25 AM Calculated day 396
06/29/2022 09:02:42 AM Calculated day 397
06/29/2022 09:02:59 AM Calculated day 398
06/29/2022 09:03:17 AM Calculated day 399
06/29/2022 09:03:34 AM Calculated day 400
06/29/2022 09:03:51 AM Calculated day 401
06/29/2022 09:04:09 AM Calculated day 402
06/29/2022 09:04:26 AM Calculated day 403
06/29/2022 09:04:44 AM Calculated day 404
06/29/2022 09:05:01 AM Calculated day 405
06/29/2022 09:05:19 AM Calculated day 406
06/29/2022 09:05:36 AM Calculated day 407
06/29/2022 09:05:54 AM Calculated day 408
06/29/2022 09:06:11 AM Calculated day 409
06/29/2022 09:06:29 AM Calculated day 410
06/29/2022 09:06:47 AM Calculated day 411
06/29/2022 09:07:04 AM Calculated day 412
06/29/2022 09:07:22 AM Calculated day 413
06/29/2022 09:07:40 AM Calculated day 414
06/29/2022 09:07:57 AM Calculated day 415
06/29/2022 09:08:15 AM Calculated day 416
06/29/2022 09:08:33 AM Calculated day 417
06/29/2022 09:08:51 AM Calculated day 418
06/29/2022 09:09:09 AM Calculated day 419
06/29/2022 09:09:27 AM Calculated day 420
06/29/2022 09:09:45 AM Calculated day 421
06/29/2022 09:10:03 AM Calculated day 422
06/29/2022 09:10:21 AM Calculated day 423
06/29/2022 09:10:39 AM Calculated day 424
06/29/2022 09:10:57 AM Calculated day 425
06/29/2022 09:11:15 AM Calculated day 426
06/29/2022 09:11:34 AM Calculated day 427
06/29/2022 09:11:52 AM Calculated day 428
06/29/2022 09:12:10 AM Calculated day 429
06/29/2022 09:12:28 AM Calculated day 430
06/29/2022 09:12:47 AM Calculated day 431
06/29/2022 09:13:05 AM Calculated day 432
06/29/2022 09:13:24 AM Calculated day 433
06/29/2022 09:13:42 AM Calculated day 434
06/29/2022 09:14:01 AM Calculated day 435
06/29/2022 09:14:19 AM Calculated day 436
06/29/2022 09:14:38 AM Calculated day 437
06/29/2022 09:14:56 AM Calculated day 438
06/29/2022 09:15:15 AM Calculated day 439
06/29/2022 09:15:34 AM Calculated day 440
06/29/2022 09:15:52 AM Calculated day 441
06/29/2022 09:16:11 AM Calculated day 442
06/29/2022 09:16:29 AM Calculated day 443
06/29/2022 09:16:48 AM Calculated day 444
06/29/2022 09:17:07 AM Calculated day 445
06/29/2022 09:17:25 AM Calculated day 446
06/29/2022 09:17:44 AM Calculated day 447
06/29/2022 09:18:03 AM Calculated day 448
06/29/2022 09:18:22 AM Calculated day 449
06/29/2022 09:18:41 AM Calculated day 450
06/29/2022 09:19:00 AM Calculated day 451
06/29/2022 09:19:19 AM Calculated day 452
06/29/2022 09:19:39 AM Calculated day 453
06/29/2022 09:19:59 AM Calculated day 454
06/29/2022 09:20:18 AM Calculated day 455
06/29/2022 09:20:37 AM Calculated day 456
06/29/2022 09:20:56 AM Calculated day 457
06/29/2022 09:21:15 AM Calculated day 458
06/29/2022 09:21:34 AM Calculated day 459
06/29/2022 09:21:54 AM Calculated day 460
06/29/2022 09:22:13 AM Calculated day 461
06/29/2022 09:22:32 AM Calculated day 462
06/29/2022 09:22:51 AM Calculated day 463
06/29/2022 09:23:10 AM Calculated day 464
06/29/2022 09:23:29 AM Calculated day 465
06/29/2022 09:23:49 AM Calculated day 466
06/29/2022 09:24:08 AM Calculated day 467
06/29/2022 09:24:28 AM Calculated day 468
06/29/2022 09:24:47 AM Calculated day 469
06/29/2022 09:25:07 AM Calculated day 470
06/29/2022 09:25:26 AM Calculated day 471
06/29/2022 09:25:46 AM Calculated day 472
06/29/2022 09:26:05 AM Calculated day 473
06/29/2022 09:26:25 AM Calculated day 474
06/29/2022 09:26:45 AM Calculated day 475
06/29/2022 09:27:04 AM Calculated day 476
06/29/2022 09:27:24 AM Calculated day 477
06/29/2022 09:27:44 AM Calculated day 478
06/29/2022 09:28:03 AM Calculated day 479
06/29/2022 09:28:23 AM Calculated day 480
06/29/2022 09:28:43 AM Calculated day 481
06/29/2022 09:29:03 AM Calculated day 482
06/29/2022 09:29:23 AM Calculated day 483
06/29/2022 09:29:43 AM Calculated day 484
06/29/2022 09:30:03 AM Calculated day 485
06/29/2022 09:30:22 AM Calculated day 486
06/29/2022 09:30:42 AM Calculated day 487
06/29/2022 09:31:03 AM Calculated day 488
06/29/2022 09:31:23 AM Calculated day 489
06/29/2022 09:31:44 AM Calculated day 490
06/29/2022 09:32:05 AM Calculated day 491
06/29/2022 09:32:26 AM Calculated day 492
06/29/2022 09:32:48 AM Calculated day 493
06/29/2022 09:33:10 AM Calculated day 494
06/29/2022 09:33:31 AM Calculated day 495
06/29/2022 09:33:53 AM Calculated day 496
06/29/2022 09:34:16 AM Calculated day 497
06/29/2022 09:34:37 AM Calculated day 498
06/29/2022 09:35:00 AM Calculated day 499
06/29/2022 09:35:22 AM Calculated day 500
06/29/2022 09:35:44 AM Calculated day 501
06/29/2022 09:36:06 AM Calculated day 502
06/29/2022 09:36:28 AM Calculated day 503
06/29/2022 09:36:51 AM Calculated day 504
06/29/2022 09:37:14 AM Calculated day 505
06/29/2022 09:37:36 AM Calculated day 506
06/29/2022 09:37:59 AM Calculated day 507
06/29/2022 09:38:21 AM Calculated day 508
06/29/2022 09:38:44 AM Calculated day 509
06/29/2022 09:39:07 AM Calculated day 510
06/29/2022 09:39:31 AM Calculated day 511
06/29/2022 09:39:54 AM Calculated day 512
06/29/2022 09:40:18 AM Calculated day 513
06/29/2022 09:40:42 AM Calculated day 514
06/29/2022 09:41:05 AM Calculated day 515
06/29/2022 09:41:29 AM Calculated day 516
06/29/2022 09:41:53 AM Calculated day 517
06/29/2022 09:42:17 AM Calculated day 518
06/29/2022 09:42:40 AM Calculated day 519
06/29/2022 09:43:03 AM Calculated day 520
06/29/2022 09:43:27 AM Calculated day 521
06/29/2022 09:43:50 AM Calculated day 522
06/29/2022 09:44:14 AM Calculated day 523
06/29/2022 09:44:38 AM Calculated day 524
06/29/2022 09:45:01 AM Calculated day 525
06/29/2022 09:45:25 AM Calculated day 526
06/29/2022 09:45:48 AM Calculated day 527
06/29/2022 09:46:12 AM Calculated day 528
06/29/2022 09:46:36 AM Calculated day 529
06/29/2022 09:47:00 AM Calculated day 530
06/29/2022 09:47:24 AM Calculated day 531
06/29/2022 09:47:48 AM Calculated day 532
06/29/2022 09:48:12 AM Calculated day 533
06/29/2022 09:48:37 AM Calculated day 534
06/29/2022 09:49:01 AM Calculated day 535
06/29/2022 09:49:25 AM Calculated day 536
06/29/2022 09:49:49 AM Calculated day 537
06/29/2022 09:50:14 AM Calculated day 538
06/29/2022 09:50:38 AM Calculated day 539
06/29/2022 09:51:03 AM Calculated day 540
06/29/2022 09:51:28 AM Calculated day 541
06/29/2022 09:51:52 AM Calculated day 542
06/29/2022 09:52:17 AM Calculated day 543
06/29/2022 09:52:42 AM Calculated day 544
06/29/2022 09:53:07 AM Calculated day 545
06/29/2022 09:53:32 AM Calculated day 546
06/29/2022 09:53:58 AM Calculated day 547
06/29/2022 09:54:23 AM Calculated day 548
06/29/2022 09:54:48 AM Calculated day 549
06/29/2022 09:55:13 AM Calculated day 550
06/29/2022 09:55:39 AM Calculated day 551
06/29/2022 09:56:05 AM Calculated day 552
06/29/2022 09:56:30 AM Calculated day 553
06/29/2022 09:56:56 AM Calculated day 554
06/29/2022 09:57:22 AM Calculated day 555
06/29/2022 09:57:47 AM Calculated day 556
06/29/2022 09:58:13 AM Calculated day 557
06/29/2022 09:58:39 AM Calculated day 558
06/29/2022 09:59:05 AM Calculated day 559
06/29/2022 09:59:31 AM Calculated day 560
06/29/2022 09:59:57 AM Calculated day 561
06/29/2022 10:00:23 AM Calculated day 562
06/29/2022 10:00:50 AM Calculated day 563
06/29/2022 10:01:16 AM Calculated day 564
06/29/2022 10:01:43 AM Calculated day 565
06/29/2022 10:02:09 AM Calculated day 566
06/29/2022 10:02:42 AM Calculated day 567
06/29/2022 10:03:09 AM Calculated day 568
06/29/2022 10:03:39 AM Calculated day 569
06/29/2022 10:04:07 AM Calculated day 570
06/29/2022 10:04:34 AM Calculated day 571
06/29/2022 10:05:02 AM Calculated day 572
06/29/2022 10:05:31 AM Calculated day 573
06/29/2022 10:06:00 AM Calculated day 574
06/29/2022 10:06:29 AM Calculated day 575
06/29/2022 10:07:00 AM Calculated day 576
06/29/2022 10:07:29 AM Calculated day 577
06/29/2022 10:08:00 AM Calculated day 578
06/29/2022 10:08:32 AM Calculated day 579
06/29/2022 10:09:04 AM Calculated day 580
06/29/2022 10:09:36 AM Calculated day 581
06/29/2022 10:10:11 AM Calculated day 582
06/29/2022 10:10:44 AM Calculated day 583
06/29/2022 10:11:19 AM Calculated day 584
06/29/2022 10:11:54 AM Calculated day 585
06/29/2022 10:12:30 AM Calculated day 586
06/29/2022 10:13:06 AM Calculated day 587
06/29/2022 10:13:42 AM Calculated day 588
06/29/2022 10:14:19 AM Calculated day 589
06/29/2022 10:14:55 AM Calculated day 590
06/29/2022 10:15:32 AM Calculated day 591
06/29/2022 10:16:09 AM Calculated day 592
06/29/2022 10:16:46 AM Calculated day 593
06/29/2022 10:17:23 AM Calculated day 594
06/29/2022 10:18:00 AM Calculated day 595
06/29/2022 10:18:37 AM Calculated day 596
06/29/2022 10:19:15 AM Calculated day 597
06/29/2022 10:19:52 AM Calculated day 598
06/29/2022 10:20:30 AM Calculated day 599
06/29/2022 10:23:50 AM Saved data in /data/pbarpanda/spherical_SWE/initial_value_exps//dt_150_Q_forcing_0_forcing_y_0_Hmean_500_forcing_phase_speed_0_ms/U_up_days_150_Rossby//H0_4000/
06/29/2022 10:23:53 AM  ========== CODE RAN SUCCESSFULLY, congrats! ================
06/29/2022 10:23:53 AM  -----> Total Time taken = 9284.776  <----
