06/28/2022 09:22:57 PM **********************************
06/28/2022 09:22:57 PM /data/pbarpanda/spherical_SWE/initial_value_exps//dt_150_Q_forcing_0_forcing_y_0_Hmean_500_forcing_phase_speed_0_ms/U_up_days_150_Kelvin/
06/28/2022 09:22:57 PM **********************************
06/28/2022 09:22:57 PM Calculated day 0
06/28/2022 09:23:03 PM Calculated day 1
06/28/2022 09:23:08 PM Calculated day 2
06/28/2022 09:23:15 PM Calculated day 3
06/28/2022 09:23:22 PM Calculated day 4
06/28/2022 09:23:28 PM Calculated day 5
06/28/2022 09:23:34 PM Calculated day 6
06/28/2022 09:23:41 PM Calculated day 7
06/28/2022 09:23:47 PM Calculated day 8
06/28/2022 09:23:54 PM Calculated day 9
06/28/2022 09:24:00 PM Calculated day 10
06/28/2022 09:24:07 PM Calculated day 11
06/28/2022 09:24:13 PM Calculated day 12
06/28/2022 09:24:20 PM Calculated day 13
06/28/2022 09:24:26 PM Calculated day 14
06/28/2022 09:24:33 PM Calculated day 15
06/28/2022 09:24:39 PM Calculated day 16
06/28/2022 09:24:46 PM Calculated day 17
06/28/2022 09:24:53 PM Calculated day 18
06/28/2022 09:24:59 PM Calculated day 19
06/28/2022 09:25:06 PM Calculated day 20
06/28/2022 09:25:13 PM Calculated day 21
06/28/2022 09:25:19 PM Calculated day 22
06/28/2022 09:25:26 PM Calculated day 23
06/28/2022 09:25:33 PM Calculated day 24
06/28/2022 09:25:40 PM Calculated day 25
06/28/2022 09:25:47 PM Calculated day 26
06/28/2022 09:25:53 PM Calculated day 27
06/28/2022 09:26:00 PM Calculated day 28
06/28/2022 09:26:07 PM Calculated day 29
06/28/2022 09:26:14 PM Calculated day 30
06/28/2022 09:26:21 PM Calculated day 31
06/28/2022 09:26:28 PM Calculated day 32
06/28/2022 09:26:35 PM Calculated day 33
06/28/2022 09:26:42 PM Calculated day 34
06/28/2022 09:26:49 PM Calculated day 35
06/28/2022 09:26:56 PM Calculated day 36
06/28/2022 09:27:03 PM Calculated day 37
06/28/2022 09:27:10 PM Calculated day 38
06/28/2022 09:27:17 PM Calculated day 39
06/28/2022 09:27:24 PM Calculated day 40
06/28/2022 09:27:31 PM Calculated day 41
06/28/2022 09:27:38 PM Calculated day 42
06/28/2022 09:27:45 PM Calculated day 43
06/28/2022 09:27:53 PM Calculated day 44
06/28/2022 09:28:00 PM Calculated day 45
06/28/2022 09:28:07 PM Calculated day 46
06/28/2022 09:28:14 PM Calculated day 47
06/28/2022 09:28:21 PM Calculated day 48
06/28/2022 09:28:28 PM Calculated day 49
06/28/2022 09:28:36 PM Calculated day 50
06/28/2022 09:28:43 PM Calculated day 51
06/28/2022 09:28:50 PM Calculated day 52
06/28/2022 09:28:57 PM Calculated day 53
06/28/2022 09:29:04 PM Calculated day 54
06/28/2022 09:29:11 PM Calculated day 55
06/28/2022 09:29:19 PM Calculated day 56
06/28/2022 09:29:26 PM Calculated day 57
06/28/2022 09:29:33 PM Calculated day 58
06/28/2022 09:29:40 PM Calculated day 59
06/28/2022 09:29:48 PM Calculated day 60
06/28/2022 09:29:55 PM Calculated day 61
06/28/2022 09:30:02 PM Calculated day 62
06/28/2022 09:30:10 PM Calculated day 63
06/28/2022 09:30:17 PM Calculated day 64
06/28/2022 09:30:25 PM Calculated day 65
06/28/2022 09:30:32 PM Calculated day 66
06/28/2022 09:30:40 PM Calculated day 67
06/28/2022 09:30:48 PM Calculated day 68
06/28/2022 09:30:55 PM Calculated day 69
06/28/2022 09:31:03 PM Calculated day 70
06/28/2022 09:31:10 PM Calculated day 71
06/28/2022 09:31:18 PM Calculated day 72
06/28/2022 09:31:25 PM Calculated day 73
06/28/2022 09:31:33 PM Calculated day 74
06/28/2022 09:31:41 PM Calculated day 75
06/28/2022 09:31:48 PM Calculated day 76
06/28/2022 09:31:55 PM Calculated day 77
06/28/2022 09:32:03 PM Calculated day 78
06/28/2022 09:32:11 PM Calculated day 79
06/28/2022 09:32:18 PM Calculated day 80
06/28/2022 09:32:26 PM Calculated day 81
06/28/2022 09:32:34 PM Calculated day 82
06/28/2022 09:32:41 PM Calculated day 83
06/28/2022 09:32:49 PM Calculated day 84
06/28/2022 09:32:57 PM Calculated day 85
06/28/2022 09:33:04 PM Calculated day 86
06/28/2022 09:33:12 PM Calculated day 87
06/28/2022 09:33:20 PM Calculated day 88
06/28/2022 09:33:28 PM Calculated day 89
06/28/2022 09:33:35 PM Calculated day 90
06/28/2022 09:33:43 PM Calculated day 91
06/28/2022 09:33:51 PM Calculated day 92
06/28/2022 09:33:59 PM Calculated day 93
06/28/2022 09:34:07 PM Calculated day 94
06/28/2022 09:34:15 PM Calculated day 95
06/28/2022 09:34:22 PM Calculated day 96
06/28/2022 09:34:30 PM Calculated day 97
06/28/2022 09:34:38 PM Calculated day 98
06/28/2022 09:34:46 PM Calculated day 99
06/28/2022 09:34:54 PM Calculated day 100
06/28/2022 09:35:02 PM Calculated day 101
06/28/2022 09:35:10 PM Calculated day 102
06/28/2022 09:35:18 PM Calculated day 103
06/28/2022 09:35:26 PM Calculated day 104
06/28/2022 09:35:34 PM Calculated day 105
06/28/2022 09:35:42 PM Calculated day 106
06/28/2022 09:35:50 PM Calculated day 107
06/28/2022 09:35:58 PM Calculated day 108
06/28/2022 09:36:06 PM Calculated day 109
06/28/2022 09:36:14 PM Calculated day 110
06/28/2022 09:36:22 PM Calculated day 111
06/28/2022 09:36:30 PM Calculated day 112
06/28/2022 09:36:38 PM Calculated day 113
06/28/2022 09:36:47 PM Calculated day 114
06/28/2022 09:36:55 PM Calculated day 115
06/28/2022 09:37:03 PM Calculated day 116
06/28/2022 09:37:11 PM Calculated day 117
06/28/2022 09:37:19 PM Calculated day 118
06/28/2022 09:37:28 PM Calculated day 119
06/28/2022 09:37:36 PM Calculated day 120
06/28/2022 09:37:44 PM Calculated day 121
06/28/2022 09:37:53 PM Calculated day 122
06/28/2022 09:38:01 PM Calculated day 123
06/28/2022 09:38:09 PM Calculated day 124
06/28/2022 09:38:17 PM Calculated day 125
06/28/2022 09:38:26 PM Calculated day 126
06/28/2022 09:38:34 PM Calculated day 127
06/28/2022 09:38:42 PM Calculated day 128
06/28/2022 09:38:51 PM Calculated day 129
06/28/2022 09:38:59 PM Calculated day 130
06/28/2022 09:39:08 PM Calculated day 131
06/28/2022 09:39:16 PM Calculated day 132
06/28/2022 09:39:25 PM Calculated day 133
06/28/2022 09:39:33 PM Calculated day 134
06/28/2022 09:39:42 PM Calculated day 135
06/28/2022 09:39:50 PM Calculated day 136
06/28/2022 09:39:59 PM Calculated day 137
06/28/2022 09:40:08 PM Calculated day 138
06/28/2022 09:40:16 PM Calculated day 139
06/28/2022 09:40:25 PM Calculated day 140
06/28/2022 09:40:33 PM Calculated day 141
06/28/2022 09:40:42 PM Calculated day 142
06/28/2022 09:40:51 PM Calculated day 143
06/28/2022 09:41:00 PM Calculated day 144
06/28/2022 09:41:08 PM Calculated day 145
06/28/2022 09:41:17 PM Calculated day 146
06/28/2022 09:41:26 PM Calculated day 147
06/28/2022 09:41:35 PM Calculated day 148
06/28/2022 09:41:43 PM Calculated day 149
06/28/2022 09:41:53 PM Calculated day 150
06/28/2022 09:42:01 PM Calculated day 151
06/28/2022 09:42:10 PM Calculated day 152
06/28/2022 09:42:19 PM Calculated day 153
06/28/2022 09:42:28 PM Calculated day 154
06/28/2022 09:42:37 PM Calculated day 155
06/28/2022 09:42:46 PM Calculated day 156
06/28/2022 09:42:55 PM Calculated day 157
06/28/2022 09:43:04 PM Calculated day 158
06/28/2022 09:43:13 PM Calculated day 159
06/28/2022 09:43:22 PM Calculated day 160
06/28/2022 09:43:31 PM Calculated day 161
06/28/2022 09:43:40 PM Calculated day 162
06/28/2022 09:43:49 PM Calculated day 163
06/28/2022 09:43:59 PM Calculated day 164
06/28/2022 09:44:08 PM Calculated day 165
06/28/2022 09:44:17 PM Calculated day 166
06/28/2022 09:44:26 PM Calculated day 167
06/28/2022 09:44:36 PM Calculated day 168
06/28/2022 09:44:45 PM Calculated day 169
06/28/2022 09:44:54 PM Calculated day 170
06/28/2022 09:45:04 PM Calculated day 171
06/28/2022 09:45:13 PM Calculated day 172
06/28/2022 09:45:22 PM Calculated day 173
06/28/2022 09:45:32 PM Calculated day 174
06/28/2022 09:45:42 PM Calculated day 175
06/28/2022 09:45:51 PM Calculated day 176
06/28/2022 09:46:00 PM Calculated day 177
06/28/2022 09:46:10 PM Calculated day 178
06/28/2022 09:46:19 PM Calculated day 179
06/28/2022 09:46:29 PM Calculated day 180
06/28/2022 09:46:38 PM Calculated day 181
06/28/2022 09:46:48 PM Calculated day 182
06/28/2022 09:46:58 PM Calculated day 183
06/28/2022 09:47:08 PM Calculated day 184
06/28/2022 09:47:17 PM Calculated day 185
06/28/2022 09:47:27 PM Calculated day 186
06/28/2022 09:47:37 PM Calculated day 187
06/28/2022 09:47:46 PM Calculated day 188
06/28/2022 09:47:56 PM Calculated day 189
06/28/2022 09:48:06 PM Calculated day 190
06/28/2022 09:48:15 PM Calculated day 191
06/28/2022 09:48:25 PM Calculated day 192
06/28/2022 09:48:35 PM Calculated day 193
06/28/2022 09:48:45 PM Calculated day 194
06/28/2022 09:48:57 PM Calculated day 195
06/28/2022 09:49:07 PM Calculated day 196
06/28/2022 09:49:17 PM Calculated day 197
06/28/2022 09:49:27 PM Calculated day 198
06/28/2022 09:49:37 PM Calculated day 199
06/28/2022 09:49:47 PM Calculated day 200
06/28/2022 09:49:57 PM Calculated day 201
06/28/2022 09:50:07 PM Calculated day 202
06/28/2022 09:50:17 PM Calculated day 203
06/28/2022 09:50:27 PM Calculated day 204
06/28/2022 09:50:37 PM Calculated day 205
06/28/2022 09:50:47 PM Calculated day 206
06/28/2022 09:50:57 PM Calculated day 207
06/28/2022 09:51:07 PM Calculated day 208
06/28/2022 09:51:17 PM Calculated day 209
06/28/2022 09:51:27 PM Calculated day 210
06/28/2022 09:51:37 PM Calculated day 211
06/28/2022 09:51:47 PM Calculated day 212
06/28/2022 09:51:58 PM Calculated day 213
06/28/2022 09:52:08 PM Calculated day 214
06/28/2022 09:52:18 PM Calculated day 215
06/28/2022 09:52:28 PM Calculated day 216
06/28/2022 09:52:39 PM Calculated day 217
06/28/2022 09:52:49 PM Calculated day 218
06/28/2022 09:52:59 PM Calculated day 219
06/28/2022 09:53:10 PM Calculated day 220
06/28/2022 09:53:20 PM Calculated day 221
06/28/2022 09:53:30 PM Calculated day 222
06/28/2022 09:53:41 PM Calculated day 223
06/28/2022 09:53:51 PM Calculated day 224
06/28/2022 09:54:02 PM Calculated day 225
06/28/2022 09:54:12 PM Calculated day 226
06/28/2022 09:54:22 PM Calculated day 227
06/28/2022 09:54:33 PM Calculated day 228
06/28/2022 09:54:43 PM Calculated day 229
06/28/2022 09:54:54 PM Calculated day 230
06/28/2022 09:55:05 PM Calculated day 231
06/28/2022 09:55:15 PM Calculated day 232
06/28/2022 09:55:26 PM Calculated day 233
06/28/2022 09:55:36 PM Calculated day 234
06/28/2022 09:55:47 PM Calculated day 235
06/28/2022 09:55:57 PM Calculated day 236
06/28/2022 09:56:08 PM Calculated day 237
06/28/2022 09:56:18 PM Calculated day 238
06/28/2022 09:56:29 PM Calculated day 239
06/28/2022 09:56:40 PM Calculated day 240
06/28/2022 09:56:50 PM Calculated day 241
06/28/2022 09:57:01 PM Calculated day 242
06/28/2022 09:57:12 PM Calculated day 243
06/28/2022 09:57:23 PM Calculated day 244
06/28/2022 09:57:33 PM Calculated day 245
06/28/2022 09:57:44 PM Calculated day 246
06/28/2022 09:57:55 PM Calculated day 247
06/28/2022 09:58:06 PM Calculated day 248
06/28/2022 09:58:17 PM Calculated day 249
06/28/2022 09:58:28 PM Calculated day 250
06/28/2022 09:58:38 PM Calculated day 251
06/28/2022 09:58:49 PM Calculated day 252
06/28/2022 09:59:00 PM Calculated day 253
06/28/2022 09:59:11 PM Calculated day 254
06/28/2022 09:59:22 PM Calculated day 255
06/28/2022 09:59:33 PM Calculated day 256
06/28/2022 09:59:44 PM Calculated day 257
06/28/2022 09:59:56 PM Calculated day 258
06/28/2022 10:00:11 PM Calculated day 259
06/28/2022 10:00:24 PM Calculated day 260
06/28/2022 10:00:38 PM Calculated day 261
06/28/2022 10:00:51 PM Calculated day 262
06/28/2022 10:01:05 PM Calculated day 263
06/28/2022 10:01:18 PM Calculated day 264
06/28/2022 10:01:32 PM Calculated day 265
06/28/2022 10:01:45 PM Calculated day 266
06/28/2022 10:01:59 PM Calculated day 267
06/28/2022 10:02:13 PM Calculated day 268
06/28/2022 10:02:26 PM Calculated day 269
06/28/2022 10:02:40 PM Calculated day 270
06/28/2022 10:02:54 PM Calculated day 271
06/28/2022 10:03:13 PM Calculated day 272
06/28/2022 10:03:27 PM Calculated day 273
06/28/2022 10:03:41 PM Calculated day 274
06/28/2022 10:03:55 PM Calculated day 275
06/28/2022 10:04:08 PM Calculated day 276
06/28/2022 10:04:22 PM Calculated day 277
06/28/2022 10:04:36 PM Calculated day 278
06/28/2022 10:04:50 PM Calculated day 279
06/28/2022 10:05:04 PM Calculated day 280
06/28/2022 10:05:18 PM Calculated day 281
06/28/2022 10:05:32 PM Calculated day 282
06/28/2022 10:05:47 PM Calculated day 283
06/28/2022 10:06:01 PM Calculated day 284
06/28/2022 10:06:15 PM Calculated day 285
06/28/2022 10:06:29 PM Calculated day 286
06/28/2022 10:06:44 PM Calculated day 287
06/28/2022 10:06:59 PM Calculated day 288
06/28/2022 10:07:14 PM Calculated day 289
06/28/2022 10:07:29 PM Calculated day 290
06/28/2022 10:07:44 PM Calculated day 291
06/28/2022 10:07:58 PM Calculated day 292
06/28/2022 10:08:12 PM Calculated day 293
06/28/2022 10:08:27 PM Calculated day 294
06/28/2022 10:08:41 PM Calculated day 295
06/28/2022 10:08:56 PM Calculated day 296
06/28/2022 10:09:10 PM Calculated day 297
06/28/2022 10:09:25 PM Calculated day 298
06/28/2022 10:09:39 PM Calculated day 299
06/28/2022 10:09:54 PM Calculated day 300
06/28/2022 10:10:08 PM Calculated day 301
06/28/2022 10:10:23 PM Calculated day 302
06/28/2022 10:10:38 PM Calculated day 303
06/28/2022 10:10:52 PM Calculated day 304
06/28/2022 10:11:07 PM Calculated day 305
06/28/2022 10:11:22 PM Calculated day 306
06/28/2022 10:11:37 PM Calculated day 307
06/28/2022 10:11:52 PM Calculated day 308
06/28/2022 10:12:07 PM Calculated day 309
06/28/2022 10:12:22 PM Calculated day 310
06/28/2022 10:12:37 PM Calculated day 311
06/28/2022 10:12:52 PM Calculated day 312
06/28/2022 10:13:07 PM Calculated day 313
06/28/2022 10:13:22 PM Calculated day 314
06/28/2022 10:13:37 PM Calculated day 315
06/28/2022 10:13:52 PM Calculated day 316
06/28/2022 10:14:06 PM Calculated day 317
06/28/2022 10:14:22 PM Calculated day 318
06/28/2022 10:14:37 PM Calculated day 319
06/28/2022 10:14:52 PM Calculated day 320
06/28/2022 10:15:07 PM Calculated day 321
06/28/2022 10:15:22 PM Calculated day 322
06/28/2022 10:15:37 PM Calculated day 323
06/28/2022 10:15:53 PM Calculated day 324
06/28/2022 10:16:08 PM Calculated day 325
06/28/2022 10:16:23 PM Calculated day 326
06/28/2022 10:16:39 PM Calculated day 327
06/28/2022 10:16:54 PM Calculated day 328
06/28/2022 10:17:09 PM Calculated day 329
06/28/2022 10:17:25 PM Calculated day 330
06/28/2022 10:17:40 PM Calculated day 331
06/28/2022 10:17:55 PM Calculated day 332
06/28/2022 10:18:11 PM Calculated day 333
06/28/2022 10:18:26 PM Calculated day 334
06/28/2022 10:18:42 PM Calculated day 335
06/28/2022 10:18:57 PM Calculated day 336
06/28/2022 10:19:13 PM Calculated day 337
06/28/2022 10:19:29 PM Calculated day 338
06/28/2022 10:19:44 PM Calculated day 339
06/28/2022 10:20:00 PM Calculated day 340
06/28/2022 10:20:16 PM Calculated day 341
06/28/2022 10:20:31 PM Calculated day 342
06/28/2022 10:20:47 PM Calculated day 343
06/28/2022 10:21:03 PM Calculated day 344
06/28/2022 10:21:19 PM Calculated day 345
06/28/2022 10:21:34 PM Calculated day 346
06/28/2022 10:21:50 PM Calculated day 347
06/28/2022 10:22:06 PM Calculated day 348
06/28/2022 10:22:22 PM Calculated day 349
06/28/2022 10:22:38 PM Calculated day 350
06/28/2022 10:22:54 PM Calculated day 351
06/28/2022 10:23:10 PM Calculated day 352
06/28/2022 10:23:26 PM Calculated day 353
06/28/2022 10:23:42 PM Calculated day 354
06/28/2022 10:23:58 PM Calculated day 355
06/28/2022 10:24:14 PM Calculated day 356
06/28/2022 10:24:30 PM Calculated day 357
06/28/2022 10:24:47 PM Calculated day 358
06/28/2022 10:25:03 PM Calculated day 359
06/28/2022 10:25:19 PM Calculated day 360
06/28/2022 10:25:35 PM Calculated day 361
06/28/2022 10:25:51 PM Calculated day 362
06/28/2022 10:26:08 PM Calculated day 363
06/28/2022 10:26:24 PM Calculated day 364
06/28/2022 10:26:40 PM Calculated day 365
06/28/2022 10:26:57 PM Calculated day 366
06/28/2022 10:27:13 PM Calculated day 367
06/28/2022 10:27:30 PM Calculated day 368
06/28/2022 10:27:46 PM Calculated day 369
06/28/2022 10:28:03 PM Calculated day 370
06/28/2022 10:28:19 PM Calculated day 371
06/28/2022 10:28:36 PM Calculated day 372
06/28/2022 10:28:52 PM Calculated day 373
06/28/2022 10:29:09 PM Calculated day 374
06/28/2022 10:29:25 PM Calculated day 375
06/28/2022 10:29:42 PM Calculated day 376
06/28/2022 10:29:59 PM Calculated day 377
06/28/2022 10:30:15 PM Calculated day 378
06/28/2022 10:30:32 PM Calculated day 379
06/28/2022 10:30:49 PM Calculated day 380
06/28/2022 10:31:06 PM Calculated day 381
06/28/2022 10:31:22 PM Calculated day 382
06/28/2022 10:31:39 PM Calculated day 383
06/28/2022 10:31:56 PM Calculated day 384
06/28/2022 10:32:13 PM Calculated day 385
06/28/2022 10:32:30 PM Calculated day 386
06/28/2022 10:32:47 PM Calculated day 387
06/28/2022 10:33:04 PM Calculated day 388
06/28/2022 10:33:21 PM Calculated day 389
06/28/2022 10:33:38 PM Calculated day 390
06/28/2022 10:33:55 PM Calculated day 391
06/28/2022 10:34:12 PM Calculated day 392
06/28/2022 10:34:29 PM Calculated day 393
06/28/2022 10:34:47 PM Calculated day 394
06/28/2022 10:35:05 PM Calculated day 395
06/28/2022 10:35:22 PM Calculated day 396
06/28/2022 10:35:39 PM Calculated day 397
06/28/2022 10:35:57 PM Calculated day 398
06/28/2022 10:36:14 PM Calculated day 399
06/28/2022 10:36:31 PM Calculated day 400
06/28/2022 10:36:48 PM Calculated day 401
06/28/2022 10:37:06 PM Calculated day 402
06/28/2022 10:37:23 PM Calculated day 403
06/28/2022 10:37:40 PM Calculated day 404
06/28/2022 10:37:58 PM Calculated day 405
06/28/2022 10:38:15 PM Calculated day 406
06/28/2022 10:38:32 PM Calculated day 407
06/28/2022 10:38:50 PM Calculated day 408
06/28/2022 10:39:07 PM Calculated day 409
06/28/2022 10:39:25 PM Calculated day 410
06/28/2022 10:39:43 PM Calculated day 411
06/28/2022 10:40:00 PM Calculated day 412
06/28/2022 10:40:18 PM Calculated day 413
06/28/2022 10:40:36 PM Calculated day 414
06/28/2022 10:40:53 PM Calculated day 415
06/28/2022 10:41:11 PM Calculated day 416
06/28/2022 10:41:29 PM Calculated day 417
06/28/2022 10:41:47 PM Calculated day 418
06/28/2022 10:42:04 PM Calculated day 419
06/28/2022 10:42:22 PM Calculated day 420
06/28/2022 10:42:40 PM Calculated day 421
06/28/2022 10:42:58 PM Calculated day 422
06/28/2022 10:43:15 PM Calculated day 423
06/28/2022 10:43:33 PM Calculated day 424
06/28/2022 10:43:51 PM Calculated day 425
06/28/2022 10:44:09 PM Calculated day 426
06/28/2022 10:44:27 PM Calculated day 427
06/28/2022 10:44:45 PM Calculated day 428
06/28/2022 10:45:03 PM Calculated day 429
06/28/2022 10:45:22 PM Calculated day 430
06/28/2022 10:45:40 PM Calculated day 431
06/28/2022 10:45:58 PM Calculated day 432
06/28/2022 10:46:16 PM Calculated day 433
06/28/2022 10:46:34 PM Calculated day 434
06/28/2022 10:46:53 PM Calculated day 435
06/28/2022 10:47:11 PM Calculated day 436
06/28/2022 10:47:29 PM Calculated day 437
06/28/2022 10:47:47 PM Calculated day 438
06/28/2022 10:48:06 PM Calculated day 439
06/28/2022 10:48:24 PM Calculated day 440
06/28/2022 10:48:42 PM Calculated day 441
06/28/2022 10:49:01 PM Calculated day 442
06/28/2022 10:49:19 PM Calculated day 443
06/28/2022 10:49:38 PM Calculated day 444
06/28/2022 10:49:56 PM Calculated day 445
06/28/2022 10:50:15 PM Calculated day 446
06/28/2022 10:50:33 PM Calculated day 447
06/28/2022 10:50:52 PM Calculated day 448
06/28/2022 10:51:11 PM Calculated day 449
06/28/2022 10:51:31 PM Calculated day 450
06/28/2022 10:51:51 PM Calculated day 451
06/28/2022 10:52:09 PM Calculated day 452
06/28/2022 10:52:28 PM Calculated day 453
06/28/2022 10:52:47 PM Calculated day 454
06/28/2022 10:53:05 PM Calculated day 455
06/28/2022 10:53:24 PM Calculated day 456
06/28/2022 10:53:43 PM Calculated day 457
06/28/2022 10:54:02 PM Calculated day 458
06/28/2022 10:54:20 PM Calculated day 459
06/28/2022 10:54:39 PM Calculated day 460
06/28/2022 10:54:58 PM Calculated day 461
06/28/2022 10:55:17 PM Calculated day 462
06/28/2022 10:55:36 PM Calculated day 463
06/28/2022 10:55:56 PM Calculated day 464
06/28/2022 10:56:15 PM Calculated day 465
06/28/2022 10:56:34 PM Calculated day 466
06/28/2022 10:56:53 PM Calculated day 467
06/28/2022 10:57:12 PM Calculated day 468
06/28/2022 10:57:31 PM Calculated day 469
06/28/2022 10:57:50 PM Calculated day 470
06/28/2022 10:58:10 PM Calculated day 471
06/28/2022 10:58:29 PM Calculated day 472
06/28/2022 10:58:48 PM Calculated day 473
06/28/2022 10:59:08 PM Calculated day 474
06/28/2022 10:59:27 PM Calculated day 475
06/28/2022 10:59:46 PM Calculated day 476
06/28/2022 11:00:05 PM Calculated day 477
06/28/2022 11:00:25 PM Calculated day 478
06/28/2022 11:00:44 PM Calculated day 479
06/28/2022 11:01:04 PM Calculated day 480
06/28/2022 11:01:23 PM Calculated day 481
06/28/2022 11:01:43 PM Calculated day 482
06/28/2022 11:02:03 PM Calculated day 483
06/28/2022 11:02:22 PM Calculated day 484
06/28/2022 11:02:42 PM Calculated day 485
06/28/2022 11:03:01 PM Calculated day 486
06/28/2022 11:03:24 PM Calculated day 487
06/28/2022 11:03:44 PM Calculated day 488
06/28/2022 11:04:04 PM Calculated day 489
06/28/2022 11:04:24 PM Calculated day 490
06/28/2022 11:04:45 PM Calculated day 491
06/28/2022 11:05:06 PM Calculated day 492
06/28/2022 11:05:27 PM Calculated day 493
06/28/2022 11:05:49 PM Calculated day 494
06/28/2022 11:06:10 PM Calculated day 495
06/28/2022 11:06:33 PM Calculated day 496
06/28/2022 11:06:56 PM Calculated day 497
06/28/2022 11:07:18 PM Calculated day 498
06/28/2022 11:07:40 PM Calculated day 499
06/28/2022 11:08:01 PM Calculated day 500
06/28/2022 11:08:24 PM Calculated day 501
06/28/2022 11:08:48 PM Calculated day 502
06/28/2022 11:09:10 PM Calculated day 503
06/28/2022 11:09:32 PM Calculated day 504
06/28/2022 11:09:54 PM Calculated day 505
06/28/2022 11:10:17 PM Calculated day 506
06/28/2022 11:10:39 PM Calculated day 507
06/28/2022 11:11:01 PM Calculated day 508
06/28/2022 11:11:24 PM Calculated day 509
06/28/2022 11:11:47 PM Calculated day 510
06/28/2022 11:12:11 PM Calculated day 511
06/28/2022 11:12:34 PM Calculated day 512
06/28/2022 11:12:58 PM Calculated day 513
06/28/2022 11:13:22 PM Calculated day 514
06/28/2022 11:13:46 PM Calculated day 515
06/28/2022 11:14:09 PM Calculated day 516
06/28/2022 11:14:33 PM Calculated day 517
06/28/2022 11:14:57 PM Calculated day 518
06/28/2022 11:15:20 PM Calculated day 519
06/28/2022 11:15:43 PM Calculated day 520
06/28/2022 11:16:06 PM Calculated day 521
06/28/2022 11:16:30 PM Calculated day 522
06/28/2022 11:16:53 PM Calculated day 523
06/28/2022 11:17:17 PM Calculated day 524
06/28/2022 11:17:40 PM Calculated day 525
06/28/2022 11:18:04 PM Calculated day 526
06/28/2022 11:18:27 PM Calculated day 527
06/28/2022 11:18:51 PM Calculated day 528
06/28/2022 11:19:14 PM Calculated day 529
06/28/2022 11:19:38 PM Calculated day 530
06/28/2022 11:20:02 PM Calculated day 531
06/28/2022 11:20:26 PM Calculated day 532
06/28/2022 11:20:49 PM Calculated day 533
06/28/2022 11:21:13 PM Calculated day 534
06/28/2022 11:21:37 PM Calculated day 535
06/28/2022 11:22:02 PM Calculated day 536
06/28/2022 11:22:29 PM Calculated day 537
06/28/2022 11:22:54 PM Calculated day 538
06/28/2022 11:23:19 PM Calculated day 539
06/28/2022 11:23:43 PM Calculated day 540
06/28/2022 11:24:08 PM Calculated day 541
06/28/2022 11:24:32 PM Calculated day 542
06/28/2022 11:24:57 PM Calculated day 543
06/28/2022 11:25:22 PM Calculated day 544
06/28/2022 11:25:47 PM Calculated day 545
06/28/2022 11:26:12 PM Calculated day 546
06/28/2022 11:26:37 PM Calculated day 547
06/28/2022 11:27:02 PM Calculated day 548
06/28/2022 11:27:27 PM Calculated day 549
06/28/2022 11:27:52 PM Calculated day 550
06/28/2022 11:28:17 PM Calculated day 551
06/28/2022 11:28:43 PM Calculated day 552
06/28/2022 11:29:08 PM Calculated day 553
06/28/2022 11:29:33 PM Calculated day 554
06/28/2022 11:29:59 PM Calculated day 555
06/28/2022 11:30:24 PM Calculated day 556
06/28/2022 11:30:50 PM Calculated day 557
06/28/2022 11:31:15 PM Calculated day 558
06/28/2022 11:31:41 PM Calculated day 559
06/28/2022 11:32:07 PM Calculated day 560
06/28/2022 11:32:33 PM Calculated day 561
06/28/2022 11:32:59 PM Calculated day 562
06/28/2022 11:33:25 PM Calculated day 563
06/28/2022 11:33:51 PM Calculated day 564
06/28/2022 11:34:17 PM Calculated day 565
06/28/2022 11:34:43 PM Calculated day 566
06/28/2022 11:35:10 PM Calculated day 567
06/28/2022 11:35:36 PM Calculated day 568
06/28/2022 11:36:03 PM Calculated day 569
06/28/2022 11:36:30 PM Calculated day 570
06/28/2022 11:36:57 PM Calculated day 571
06/28/2022 11:37:25 PM Calculated day 572
06/28/2022 11:37:53 PM Calculated day 573
06/28/2022 11:38:22 PM Calculated day 574
06/28/2022 11:38:51 PM Calculated day 575
06/28/2022 11:39:21 PM Calculated day 576
06/28/2022 11:39:51 PM Calculated day 577
06/28/2022 11:40:22 PM Calculated day 578
06/28/2022 11:40:53 PM Calculated day 579
06/28/2022 11:41:24 PM Calculated day 580
06/28/2022 11:41:56 PM Calculated day 581
06/28/2022 11:42:29 PM Calculated day 582
06/28/2022 11:43:03 PM Calculated day 583
06/28/2022 11:43:37 PM Calculated day 584
06/28/2022 11:44:11 PM Calculated day 585
06/28/2022 11:44:46 PM Calculated day 586
06/28/2022 11:45:21 PM Calculated day 587
06/28/2022 11:45:58 PM Calculated day 588
06/28/2022 11:46:36 PM Calculated day 589
06/28/2022 11:47:13 PM Calculated day 590
06/28/2022 11:47:50 PM Calculated day 591
06/28/2022 11:48:27 PM Calculated day 592
06/28/2022 11:49:05 PM Calculated day 593
06/28/2022 11:49:43 PM Calculated day 594
06/28/2022 11:50:21 PM Calculated day 595
06/28/2022 11:50:59 PM Calculated day 596
06/28/2022 11:51:37 PM Calculated day 597
06/28/2022 11:52:15 PM Calculated day 598
06/28/2022 11:52:53 PM Calculated day 599
06/28/2022 11:56:25 PM Saved data in /data/pbarpanda/spherical_SWE/initial_value_exps//dt_150_Q_forcing_0_forcing_y_0_Hmean_500_forcing_phase_speed_0_ms/U_up_days_150_Kelvin//H0_4000/
06/28/2022 11:56:28 PM  ========== CODE RAN SUCCESSFULLY, congrats! ================
06/28/2022 11:56:28 PM  -----> Total Time taken = 9215.748  <----
