06/28/2022 11:56:44 PM **********************************
06/28/2022 11:56:44 PM /data/pbarpanda/spherical_SWE/initial_value_exps//dt_150_Q_forcing_0_forcing_y_0_Hmean_500_forcing_phase_speed_0_ms/U_up_days_150_Rossby/
06/28/2022 11:56:44 PM **********************************
06/28/2022 11:56:44 PM Calculated day 0
06/28/2022 11:56:51 PM Calculated day 1
06/28/2022 11:56:58 PM Calculated day 2
06/28/2022 11:57:06 PM Calculated day 3
06/28/2022 11:57:13 PM Calculated day 4
06/28/2022 11:57:20 PM Calculated day 5
06/28/2022 11:57:26 PM Calculated day 6
06/28/2022 11:57:32 PM Calculated day 7
06/28/2022 11:57:39 PM Calculated day 8
06/28/2022 11:57:45 PM Calculated day 9
06/28/2022 11:57:52 PM Calculated day 10
06/28/2022 11:57:58 PM Calculated day 11
06/28/2022 11:58:04 PM Calculated day 12
06/28/2022 11:58:11 PM Calculated day 13
06/28/2022 11:58:17 PM Calculated day 14
06/28/2022 11:58:24 PM Calculated day 15
06/28/2022 11:58:30 PM Calculated day 16
06/28/2022 11:58:37 PM Calculated day 17
06/28/2022 11:58:43 PM Calculated day 18
06/28/2022 11:58:50 PM Calculated day 19
06/28/2022 11:58:57 PM Calculated day 20
06/28/2022 11:59:03 PM Calculated day 21
06/28/2022 11:59:10 PM Calculated day 22
06/28/2022 11:59:17 PM Calculated day 23
06/28/2022 11:59:23 PM Calculated day 24
06/28/2022 11:59:30 PM Calculated day 25
06/28/2022 11:59:37 PM Calculated day 26
06/28/2022 11:59:44 PM Calculated day 27
06/28/2022 11:59:50 PM Calculated day 28
06/28/2022 11:59:57 PM Calculated day 29
06/29/2022 12:00:04 AM Calculated day 30
06/29/2022 12:00:12 AM Calculated day 31
06/29/2022 12:00:19 AM Calculated day 32
06/29/2022 12:00:27 AM Calculated day 33
06/29/2022 12:00:35 AM Calculated day 34
06/29/2022 12:00:42 AM Calculated day 35
06/29/2022 12:00:50 AM Calculated day 36
06/29/2022 12:00:57 AM Calculated day 37
06/29/2022 12:01:05 AM Calculated day 38
06/29/2022 12:01:12 AM Calculated day 39
06/29/2022 12:01:20 AM Calculated day 40
06/29/2022 12:01:28 AM Calculated day 41
06/29/2022 12:01:35 AM Calculated day 42
06/29/2022 12:01:43 AM Calculated day 43
06/29/2022 12:01:54 AM Calculated day 44
06/29/2022 12:02:02 AM Calculated day 45
06/29/2022 12:02:10 AM Calculated day 46
06/29/2022 12:02:17 AM Calculated day 47
06/29/2022 12:02:25 AM Calculated day 48
06/29/2022 12:02:33 AM Calculated day 49
06/29/2022 12:02:41 AM Calculated day 50
06/29/2022 12:02:49 AM Calculated day 51
06/29/2022 12:02:57 AM Calculated day 52
06/29/2022 12:03:10 AM Calculated day 53
06/29/2022 12:03:18 AM Calculated day 54
06/29/2022 12:03:26 AM Calculated day 55
06/29/2022 12:03:38 AM Calculated day 56
06/29/2022 12:03:46 AM Calculated day 57
06/29/2022 12:03:54 AM Calculated day 58
06/29/2022 12:04:03 AM Calculated day 59
06/29/2022 12:04:11 AM Calculated day 60
06/29/2022 12:04:26 AM Calculated day 61
06/29/2022 12:04:34 AM Calculated day 62
06/29/2022 12:04:42 AM Calculated day 63
06/29/2022 12:04:50 AM Calculated day 64
06/29/2022 12:04:58 AM Calculated day 65
06/29/2022 12:05:07 AM Calculated day 66
06/29/2022 12:05:16 AM Calculated day 67
06/29/2022 12:05:24 AM Calculated day 68
06/29/2022 12:05:32 AM Calculated day 69
06/29/2022 12:05:41 AM Calculated day 70
06/29/2022 12:05:49 AM Calculated day 71
06/29/2022 12:05:58 AM Calculated day 72
06/29/2022 12:06:06 AM Calculated day 73
06/29/2022 12:06:14 AM Calculated day 74
06/29/2022 12:06:23 AM Calculated day 75
06/29/2022 12:06:31 AM Calculated day 76
06/29/2022 12:06:40 AM Calculated day 77
06/29/2022 12:06:48 AM Calculated day 78
06/29/2022 12:06:57 AM Calculated day 79
06/29/2022 12:07:06 AM Calculated day 80
06/29/2022 12:07:14 AM Calculated day 81
06/29/2022 12:07:23 AM Calculated day 82
06/29/2022 12:07:32 AM Calculated day 83
06/29/2022 12:07:40 AM Calculated day 84
06/29/2022 12:07:49 AM Calculated day 85
06/29/2022 12:07:58 AM Calculated day 86
06/29/2022 12:08:06 AM Calculated day 87
06/29/2022 12:08:15 AM Calculated day 88
06/29/2022 12:08:24 AM Calculated day 89
06/29/2022 12:08:32 AM Calculated day 90
06/29/2022 12:08:41 AM Calculated day 91
06/29/2022 12:08:50 AM Calculated day 92
06/29/2022 12:08:59 AM Calculated day 93
06/29/2022 12:09:08 AM Calculated day 94
06/29/2022 12:09:17 AM Calculated day 95
06/29/2022 12:09:25 AM Calculated day 96
06/29/2022 12:09:34 AM Calculated day 97
06/29/2022 12:09:43 AM Calculated day 98
06/29/2022 12:09:52 AM Calculated day 99
06/29/2022 12:10:01 AM Calculated day 100
06/29/2022 12:10:10 AM Calculated day 101
06/29/2022 12:10:19 AM Calculated day 102
06/29/2022 12:10:28 AM Calculated day 103
06/29/2022 12:10:37 AM Calculated day 104
06/29/2022 12:10:46 AM Calculated day 105
06/29/2022 12:10:55 AM Calculated day 106
06/29/2022 12:11:04 AM Calculated day 107
06/29/2022 12:11:13 AM Calculated day 108
06/29/2022 12:11:22 AM Calculated day 109
06/29/2022 12:11:31 AM Calculated day 110
06/29/2022 12:11:41 AM Calculated day 111
06/29/2022 12:11:50 AM Calculated day 112
06/29/2022 12:11:59 AM Calculated day 113
06/29/2022 12:12:08 AM Calculated day 114
06/29/2022 12:12:17 AM Calculated day 115
06/29/2022 12:12:26 AM Calculated day 116
06/29/2022 12:12:36 AM Calculated day 117
06/29/2022 12:12:45 AM Calculated day 118
06/29/2022 12:12:55 AM Calculated day 119
06/29/2022 12:13:04 AM Calculated day 120
06/29/2022 12:13:13 AM Calculated day 121
06/29/2022 12:13:23 AM Calculated day 122
06/29/2022 12:13:32 AM Calculated day 123
06/29/2022 12:13:41 AM Calculated day 124
06/29/2022 12:13:51 AM Calculated day 125
06/29/2022 12:14:00 AM Calculated day 126
06/29/2022 12:14:10 AM Calculated day 127
06/29/2022 12:14:19 AM Calculated day 128
06/29/2022 12:14:29 AM Calculated day 129
06/29/2022 12:14:39 AM Calculated day 130
06/29/2022 12:14:49 AM Calculated day 131
06/29/2022 12:14:59 AM Calculated day 132
06/29/2022 12:15:09 AM Calculated day 133
06/29/2022 12:15:19 AM Calculated day 134
06/29/2022 12:15:28 AM Calculated day 135
06/29/2022 12:15:38 AM Calculated day 136
06/29/2022 12:15:47 AM Calculated day 137
06/29/2022 12:15:57 AM Calculated day 138
06/29/2022 12:16:06 AM Calculated day 139
06/29/2022 12:16:16 AM Calculated day 140
06/29/2022 12:16:26 AM Calculated day 141
06/29/2022 12:16:36 AM Calculated day 142
06/29/2022 12:16:45 AM Calculated day 143
06/29/2022 12:16:55 AM Calculated day 144
06/29/2022 12:17:04 AM Calculated day 145
06/29/2022 12:17:14 AM Calculated day 146
06/29/2022 12:17:24 AM Calculated day 147
06/29/2022 12:17:35 AM Calculated day 148
06/29/2022 12:17:45 AM Calculated day 149
06/29/2022 12:17:55 AM Calculated day 150
06/29/2022 12:18:04 AM Calculated day 151
06/29/2022 12:18:14 AM Calculated day 152
06/29/2022 12:18:23 AM Calculated day 153
06/29/2022 12:18:33 AM Calculated day 154
06/29/2022 12:18:43 AM Calculated day 155
06/29/2022 12:18:53 AM Calculated day 156
06/29/2022 12:19:03 AM Calculated day 157
06/29/2022 12:19:12 AM Calculated day 158
06/29/2022 12:19:22 AM Calculated day 159
06/29/2022 12:19:32 AM Calculated day 160
06/29/2022 12:19:42 AM Calculated day 161
06/29/2022 12:19:52 AM Calculated day 162
06/29/2022 12:20:02 AM Calculated day 163
06/29/2022 12:20:12 AM Calculated day 164
06/29/2022 12:20:22 AM Calculated day 165
06/29/2022 12:20:32 AM Calculated day 166
06/29/2022 12:20:42 AM Calculated day 167
06/29/2022 12:20:52 AM Calculated day 168
06/29/2022 12:21:02 AM Calculated day 169
06/29/2022 12:21:12 AM Calculated day 170
06/29/2022 12:21:22 AM Calculated day 171
06/29/2022 12:21:32 AM Calculated day 172
06/29/2022 12:21:42 AM Calculated day 173
06/29/2022 12:21:53 AM Calculated day 174
06/29/2022 12:22:03 AM Calculated day 175
06/29/2022 12:22:13 AM Calculated day 176
06/29/2022 12:22:23 AM Calculated day 177
06/29/2022 12:22:33 AM Calculated day 178
06/29/2022 12:22:44 AM Calculated day 179
06/29/2022 12:22:54 AM Calculated day 180
06/29/2022 12:23:04 AM Calculated day 181
06/29/2022 12:23:15 AM Calculated day 182
06/29/2022 12:23:25 AM Calculated day 183
06/29/2022 12:23:35 AM Calculated day 184
06/29/2022 12:23:46 AM Calculated day 185
06/29/2022 12:23:56 AM Calculated day 186
06/29/2022 12:24:07 AM Calculated day 187
06/29/2022 12:24:17 AM Calculated day 188
06/29/2022 12:24:28 AM Calculated day 189
06/29/2022 12:24:38 AM Calculated day 190
06/29/2022 12:24:49 AM Calculated day 191
06/29/2022 12:25:00 AM Calculated day 192
06/29/2022 12:25:11 AM Calculated day 193
06/29/2022 12:25:22 AM Calculated day 194
06/29/2022 12:25:33 AM Calculated day 195
06/29/2022 12:25:43 AM Calculated day 196
06/29/2022 12:25:54 AM Calculated day 197
06/29/2022 12:26:05 AM Calculated day 198
06/29/2022 12:26:16 AM Calculated day 199
06/29/2022 12:26:27 AM Calculated day 200
06/29/2022 12:26:38 AM Calculated day 201
06/29/2022 12:26:49 AM Calculated day 202
06/29/2022 12:27:00 AM Calculated day 203
06/29/2022 12:27:12 AM Calculated day 204
06/29/2022 12:27:23 AM Calculated day 205
06/29/2022 12:27:34 AM Calculated day 206
06/29/2022 12:27:45 AM Calculated day 207
06/29/2022 12:27:56 AM Calculated day 208
06/29/2022 12:28:07 AM Calculated day 209
06/29/2022 12:28:18 AM Calculated day 210
06/29/2022 12:28:30 AM Calculated day 211
06/29/2022 12:28:41 AM Calculated day 212
06/29/2022 12:28:52 AM Calculated day 213
06/29/2022 12:29:04 AM Calculated day 214
06/29/2022 12:29:15 AM Calculated day 215
06/29/2022 12:29:26 AM Calculated day 216
06/29/2022 12:29:38 AM Calculated day 217
06/29/2022 12:29:49 AM Calculated day 218
06/29/2022 12:30:00 AM Calculated day 219
06/29/2022 12:30:11 AM Calculated day 220
06/29/2022 12:30:22 AM Calculated day 221
06/29/2022 12:30:34 AM Calculated day 222
06/29/2022 12:30:45 AM Calculated day 223
06/29/2022 12:30:57 AM Calculated day 224
06/29/2022 12:31:08 AM Calculated day 225
06/29/2022 12:31:20 AM Calculated day 226
06/29/2022 12:31:31 AM Calculated day 227
06/29/2022 12:31:43 AM Calculated day 228
06/29/2022 12:31:55 AM Calculated day 229
06/29/2022 12:32:07 AM Calculated day 230
06/29/2022 12:32:19 AM Calculated day 231
06/29/2022 12:32:32 AM Calculated day 232
06/29/2022 12:32:46 AM Calculated day 233
06/29/2022 12:33:01 AM Calculated day 234
06/29/2022 12:33:13 AM Calculated day 235
06/29/2022 12:33:26 AM Calculated day 236
06/29/2022 12:33:40 AM Calculated day 237
06/29/2022 12:33:55 AM Calculated day 238
06/29/2022 12:34:09 AM Calculated day 239
06/29/2022 12:34:23 AM Calculated day 240
06/29/2022 12:34:39 AM Calculated day 241
06/29/2022 12:34:56 AM Calculated day 242
06/29/2022 12:35:11 AM Calculated day 243
06/29/2022 12:35:23 AM Calculated day 244
06/29/2022 12:35:35 AM Calculated day 245
06/29/2022 12:35:48 AM Calculated day 246
06/29/2022 12:36:01 AM Calculated day 247
06/29/2022 12:36:14 AM Calculated day 248
06/29/2022 12:36:27 AM Calculated day 249
06/29/2022 12:36:42 AM Calculated day 250
06/29/2022 12:36:57 AM Calculated day 251
06/29/2022 12:37:11 AM Calculated day 252
06/29/2022 12:37:26 AM Calculated day 253
06/29/2022 12:37:41 AM Calculated day 254
06/29/2022 12:37:56 AM Calculated day 255
06/29/2022 12:38:11 AM Calculated day 256
06/29/2022 12:38:28 AM Calculated day 257
06/29/2022 12:38:42 AM Calculated day 258
06/29/2022 12:38:59 AM Calculated day 259
06/29/2022 12:39:12 AM Calculated day 260
06/29/2022 12:39:27 AM Calculated day 261
06/29/2022 12:39:41 AM Calculated day 262
06/29/2022 12:39:55 AM Calculated day 263
06/29/2022 12:40:09 AM Calculated day 264
06/29/2022 12:40:23 AM Calculated day 265
06/29/2022 12:40:37 AM Calculated day 266
06/29/2022 12:40:51 AM Calculated day 267
06/29/2022 12:41:05 AM Calculated day 268
06/29/2022 12:41:20 AM Calculated day 269
06/29/2022 12:41:34 AM Calculated day 270
06/29/2022 12:41:48 AM Calculated day 271
06/29/2022 12:42:02 AM Calculated day 272
06/29/2022 12:42:17 AM Calculated day 273
06/29/2022 12:42:31 AM Calculated day 274
06/29/2022 12:42:46 AM Calculated day 275
06/29/2022 12:43:01 AM Calculated day 276
06/29/2022 12:43:15 AM Calculated day 277
06/29/2022 12:43:30 AM Calculated day 278
06/29/2022 12:43:44 AM Calculated day 279
06/29/2022 12:43:59 AM Calculated day 280
06/29/2022 12:44:16 AM Calculated day 281
06/29/2022 12:44:33 AM Calculated day 282
06/29/2022 12:44:47 AM Calculated day 283
06/29/2022 12:45:02 AM Calculated day 284
06/29/2022 12:45:16 AM Calculated day 285
06/29/2022 12:45:31 AM Calculated day 286
06/29/2022 12:45:45 AM Calculated day 287
06/29/2022 12:45:59 AM Calculated day 288
06/29/2022 12:46:14 AM Calculated day 289
06/29/2022 12:46:29 AM Calculated day 290
06/29/2022 12:46:43 AM Calculated day 291
06/29/2022 12:46:58 AM Calculated day 292
06/29/2022 12:47:13 AM Calculated day 293
06/29/2022 12:47:27 AM Calculated day 294
06/29/2022 12:47:42 AM Calculated day 295
06/29/2022 12:47:57 AM Calculated day 296
06/29/2022 12:48:12 AM Calculated day 297
06/29/2022 12:48:27 AM Calculated day 298
06/29/2022 12:48:42 AM Calculated day 299
06/29/2022 12:48:57 AM Calculated day 300
06/29/2022 12:49:13 AM Calculated day 301
06/29/2022 12:49:28 AM Calculated day 302
06/29/2022 12:49:43 AM Calculated day 303
06/29/2022 12:49:58 AM Calculated day 304
06/29/2022 12:50:13 AM Calculated day 305
06/29/2022 12:50:28 AM Calculated day 306
06/29/2022 12:50:43 AM Calculated day 307
06/29/2022 12:50:58 AM Calculated day 308
06/29/2022 12:51:13 AM Calculated day 309
06/29/2022 12:51:28 AM Calculated day 310
06/29/2022 12:51:44 AM Calculated day 311
06/29/2022 12:51:59 AM Calculated day 312
06/29/2022 12:52:14 AM Calculated day 313
06/29/2022 12:52:29 AM Calculated day 314
06/29/2022 12:52:44 AM Calculated day 315
06/29/2022 12:52:59 AM Calculated day 316
06/29/2022 12:53:15 AM Calculated day 317
06/29/2022 12:53:30 AM Calculated day 318
06/29/2022 12:53:45 AM Calculated day 319
06/29/2022 12:54:01 AM Calculated day 320
06/29/2022 12:54:16 AM Calculated day 321
06/29/2022 12:54:32 AM Calculated day 322
06/29/2022 12:54:47 AM Calculated day 323
06/29/2022 12:55:03 AM Calculated day 324
06/29/2022 12:55:18 AM Calculated day 325
06/29/2022 12:55:34 AM Calculated day 326
06/29/2022 12:55:49 AM Calculated day 327
06/29/2022 12:56:05 AM Calculated day 328
06/29/2022 12:56:21 AM Calculated day 329
06/29/2022 12:56:36 AM Calculated day 330
06/29/2022 12:56:52 AM Calculated day 331
06/29/2022 12:57:08 AM Calculated day 332
06/29/2022 12:57:23 AM Calculated day 333
06/29/2022 12:57:39 AM Calculated day 334
06/29/2022 12:57:55 AM Calculated day 335
06/29/2022 12:58:11 AM Calculated day 336
06/29/2022 12:58:27 AM Calculated day 337
06/29/2022 12:58:43 AM Calculated day 338
06/29/2022 12:58:58 AM Calculated day 339
06/29/2022 12:59:14 AM Calculated day 340
06/29/2022 12:59:30 AM Calculated day 341
06/29/2022 12:59:46 AM Calculated day 342
06/29/2022 01:00:02 AM Calculated day 343
06/29/2022 01:00:18 AM Calculated day 344
06/29/2022 01:00:34 AM Calculated day 345
06/29/2022 01:00:50 AM Calculated day 346
06/29/2022 01:01:07 AM Calculated day 347
06/29/2022 01:01:23 AM Calculated day 348
06/29/2022 01:01:39 AM Calculated day 349
06/29/2022 01:01:55 AM Calculated day 350
06/29/2022 01:02:11 AM Calculated day 351
06/29/2022 01:02:27 AM Calculated day 352
06/29/2022 01:02:44 AM Calculated day 353
06/29/2022 01:03:00 AM Calculated day 354
06/29/2022 01:03:16 AM Calculated day 355
06/29/2022 01:03:33 AM Calculated day 356
06/29/2022 01:03:49 AM Calculated day 357
06/29/2022 01:04:05 AM Calculated day 358
06/29/2022 01:04:22 AM Calculated day 359
06/29/2022 01:04:38 AM Calculated day 360
06/29/2022 01:04:55 AM Calculated day 361
06/29/2022 01:05:11 AM Calculated day 362
06/29/2022 01:05:28 AM Calculated day 363
06/29/2022 01:05:44 AM Calculated day 364
06/29/2022 01:06:02 AM Calculated day 365
06/29/2022 01:06:19 AM Calculated day 366
06/29/2022 01:06:37 AM Calculated day 367
06/29/2022 01:06:54 AM Calculated day 368
06/29/2022 01:07:10 AM Calculated day 369
06/29/2022 01:07:27 AM Calculated day 370
06/29/2022 01:07:44 AM Calculated day 371
06/29/2022 01:08:00 AM Calculated day 372
06/29/2022 01:08:17 AM Calculated day 373
06/29/2022 01:08:34 AM Calculated day 374
06/29/2022 01:08:51 AM Calculated day 375
06/29/2022 01:09:08 AM Calculated day 376
06/29/2022 01:09:25 AM Calculated day 377
06/29/2022 01:09:42 AM Calculated day 378
06/29/2022 01:09:59 AM Calculated day 379
06/29/2022 01:10:16 AM Calculated day 380
06/29/2022 01:10:33 AM Calculated day 381
06/29/2022 01:10:50 AM Calculated day 382
06/29/2022 01:11:07 AM Calculated day 383
06/29/2022 01:11:24 AM Calculated day 384
06/29/2022 01:11:41 AM Calculated day 385
06/29/2022 01:11:58 AM Calculated day 386
06/29/2022 01:12:15 AM Calculated day 387
06/29/2022 01:12:33 AM Calculated day 388
06/29/2022 01:12:50 AM Calculated day 389
06/29/2022 01:13:07 AM Calculated day 390
06/29/2022 01:13:25 AM Calculated day 391
06/29/2022 01:13:42 AM Calculated day 392
06/29/2022 01:14:00 AM Calculated day 393
06/29/2022 01:14:17 AM Calculated day 394
06/29/2022 01:14:35 AM Calculated day 395
06/29/2022 01:14:52 AM Calculated day 396
06/29/2022 01:15:10 AM Calculated day 397
06/29/2022 01:15:27 AM Calculated day 398
06/29/2022 01:15:45 AM Calculated day 399
06/29/2022 01:16:02 AM Calculated day 400
06/29/2022 01:16:20 AM Calculated day 401
06/29/2022 01:16:38 AM Calculated day 402
06/29/2022 01:16:55 AM Calculated day 403
06/29/2022 01:17:13 AM Calculated day 404
06/29/2022 01:17:31 AM Calculated day 405
06/29/2022 01:17:49 AM Calculated day 406
06/29/2022 01:18:07 AM Calculated day 407
06/29/2022 01:18:24 AM Calculated day 408
06/29/2022 01:18:42 AM Calculated day 409
06/29/2022 01:19:00 AM Calculated day 410
06/29/2022 01:19:18 AM Calculated day 411
06/29/2022 01:19:36 AM Calculated day 412
06/29/2022 01:19:54 AM Calculated day 413
06/29/2022 01:20:12 AM Calculated day 414
06/29/2022 01:20:30 AM Calculated day 415
06/29/2022 01:20:48 AM Calculated day 416
06/29/2022 01:21:06 AM Calculated day 417
06/29/2022 01:21:24 AM Calculated day 418
06/29/2022 01:21:42 AM Calculated day 419
06/29/2022 01:22:00 AM Calculated day 420
06/29/2022 01:22:19 AM Calculated day 421
06/29/2022 01:22:37 AM Calculated day 422
06/29/2022 01:22:55 AM Calculated day 423
06/29/2022 01:23:14 AM Calculated day 424
06/29/2022 01:23:32 AM Calculated day 425
06/29/2022 01:23:50 AM Calculated day 426
06/29/2022 01:24:09 AM Calculated day 427
06/29/2022 01:24:27 AM Calculated day 428
06/29/2022 01:24:46 AM Calculated day 429
06/29/2022 01:25:04 AM Calculated day 430
06/29/2022 01:25:23 AM Calculated day 431
06/29/2022 01:25:41 AM Calculated day 432
06/29/2022 01:26:00 AM Calculated day 433
06/29/2022 01:26:18 AM Calculated day 434
06/29/2022 01:26:37 AM Calculated day 435
06/29/2022 01:26:55 AM Calculated day 436
06/29/2022 01:27:14 AM Calculated day 437
06/29/2022 01:27:33 AM Calculated day 438
06/29/2022 01:27:51 AM Calculated day 439
06/29/2022 01:28:10 AM Calculated day 440
06/29/2022 01:28:29 AM Calculated day 441
06/29/2022 01:28:48 AM Calculated day 442
06/29/2022 01:29:06 AM Calculated day 443
06/29/2022 01:29:25 AM Calculated day 444
06/29/2022 01:29:44 AM Calculated day 445
06/29/2022 01:30:03 AM Calculated day 446
06/29/2022 01:30:22 AM Calculated day 447
06/29/2022 01:30:41 AM Calculated day 448
06/29/2022 01:31:00 AM Calculated day 449
06/29/2022 01:31:19 AM Calculated day 450
06/29/2022 01:31:38 AM Calculated day 451
06/29/2022 01:31:57 AM Calculated day 452
06/29/2022 01:32:16 AM Calculated day 453
06/29/2022 01:32:35 AM Calculated day 454
06/29/2022 01:32:54 AM Calculated day 455
06/29/2022 01:33:13 AM Calculated day 456
06/29/2022 01:33:33 AM Calculated day 457
06/29/2022 01:33:52 AM Calculated day 458
06/29/2022 01:34:11 AM Calculated day 459
06/29/2022 01:34:31 AM Calculated day 460
06/29/2022 01:34:50 AM Calculated day 461
06/29/2022 01:35:09 AM Calculated day 462
06/29/2022 01:35:29 AM Calculated day 463
06/29/2022 01:35:48 AM Calculated day 464
06/29/2022 01:36:07 AM Calculated day 465
06/29/2022 01:36:27 AM Calculated day 466
06/29/2022 01:36:46 AM Calculated day 467
06/29/2022 01:37:06 AM Calculated day 468
06/29/2022 01:37:26 AM Calculated day 469
06/29/2022 01:37:45 AM Calculated day 470
06/29/2022 01:38:05 AM Calculated day 471
06/29/2022 01:38:24 AM Calculated day 472
06/29/2022 01:38:44 AM Calculated day 473
06/29/2022 01:39:04 AM Calculated day 474
06/29/2022 01:39:23 AM Calculated day 475
06/29/2022 01:39:43 AM Calculated day 476
06/29/2022 01:40:03 AM Calculated day 477
06/29/2022 01:40:23 AM Calculated day 478
06/29/2022 01:40:43 AM Calculated day 479
06/29/2022 01:41:02 AM Calculated day 480
06/29/2022 01:41:22 AM Calculated day 481
06/29/2022 01:41:42 AM Calculated day 482
06/29/2022 01:42:02 AM Calculated day 483
06/29/2022 01:42:22 AM Calculated day 484
06/29/2022 01:42:42 AM Calculated day 485
06/29/2022 01:43:03 AM Calculated day 486
06/29/2022 01:43:23 AM Calculated day 487
06/29/2022 01:43:45 AM Calculated day 488
06/29/2022 01:44:06 AM Calculated day 489
06/29/2022 01:44:28 AM Calculated day 490
06/29/2022 01:44:50 AM Calculated day 491
06/29/2022 01:45:11 AM Calculated day 492
06/29/2022 01:45:33 AM Calculated day 493
06/29/2022 01:45:55 AM Calculated day 494
06/29/2022 01:46:17 AM Calculated day 495
06/29/2022 01:46:39 AM Calculated day 496
06/29/2022 01:47:01 AM Calculated day 497
06/29/2022 01:47:23 AM Calculated day 498
06/29/2022 01:47:46 AM Calculated day 499
06/29/2022 01:48:08 AM Calculated day 500
06/29/2022 01:48:30 AM Calculated day 501
06/29/2022 01:48:52 AM Calculated day 502
06/29/2022 01:49:19 AM Calculated day 503
06/29/2022 01:49:42 AM Calculated day 504
06/29/2022 01:50:05 AM Calculated day 505
06/29/2022 01:50:27 AM Calculated day 506
06/29/2022 01:50:51 AM Calculated day 507
06/29/2022 01:51:14 AM Calculated day 508
06/29/2022 01:51:38 AM Calculated day 509
06/29/2022 01:52:01 AM Calculated day 510
06/29/2022 01:52:24 AM Calculated day 511
06/29/2022 01:52:48 AM Calculated day 512
06/29/2022 01:53:11 AM Calculated day 513
06/29/2022 01:53:35 AM Calculated day 514
06/29/2022 01:53:58 AM Calculated day 515
06/29/2022 01:54:21 AM Calculated day 516
06/29/2022 01:54:45 AM Calculated day 517
06/29/2022 01:55:09 AM Calculated day 518
06/29/2022 01:55:32 AM Calculated day 519
06/29/2022 01:55:55 AM Calculated day 520
06/29/2022 01:56:19 AM Calculated day 521
06/29/2022 01:56:42 AM Calculated day 522
06/29/2022 01:57:06 AM Calculated day 523
06/29/2022 01:57:29 AM Calculated day 524
06/29/2022 01:57:53 AM Calculated day 525
06/29/2022 01:58:17 AM Calculated day 526
06/29/2022 01:58:40 AM Calculated day 527
06/29/2022 01:59:04 AM Calculated day 528
06/29/2022 01:59:28 AM Calculated day 529
06/29/2022 01:59:53 AM Calculated day 530
06/29/2022 02:00:17 AM Calculated day 531
06/29/2022 02:00:41 AM Calculated day 532
06/29/2022 02:01:05 AM Calculated day 533
06/29/2022 02:01:29 AM Calculated day 534
06/29/2022 02:01:54 AM Calculated day 535
06/29/2022 02:02:18 AM Calculated day 536
06/29/2022 02:02:43 AM Calculated day 537
06/29/2022 02:03:08 AM Calculated day 538
06/29/2022 02:03:33 AM Calculated day 539
06/29/2022 02:03:57 AM Calculated day 540
06/29/2022 02:04:22 AM Calculated day 541
06/29/2022 02:04:47 AM Calculated day 542
06/29/2022 02:05:12 AM Calculated day 543
06/29/2022 02:05:37 AM Calculated day 544
06/29/2022 02:06:03 AM Calculated day 545
06/29/2022 02:06:28 AM Calculated day 546
06/29/2022 02:06:59 AM Calculated day 547
06/29/2022 02:07:24 AM Calculated day 548
06/29/2022 02:07:50 AM Calculated day 549
06/29/2022 02:08:15 AM Calculated day 550
06/29/2022 02:08:41 AM Calculated day 551
06/29/2022 02:09:06 AM Calculated day 552
06/29/2022 02:09:32 AM Calculated day 553
06/29/2022 02:09:58 AM Calculated day 554
06/29/2022 02:10:25 AM Calculated day 555
06/29/2022 02:10:52 AM Calculated day 556
06/29/2022 02:11:19 AM Calculated day 557
06/29/2022 02:11:45 AM Calculated day 558
06/29/2022 02:12:11 AM Calculated day 559
06/29/2022 02:12:37 AM Calculated day 560
06/29/2022 02:13:04 AM Calculated day 561
06/29/2022 02:13:30 AM Calculated day 562
06/29/2022 02:13:57 AM Calculated day 563
06/29/2022 02:14:24 AM Calculated day 564
06/29/2022 02:14:52 AM Calculated day 565
06/29/2022 02:15:21 AM Calculated day 566
06/29/2022 02:15:51 AM Calculated day 567
06/29/2022 02:16:20 AM Calculated day 568
06/29/2022 02:16:50 AM Calculated day 569
06/29/2022 02:17:20 AM Calculated day 570
06/29/2022 02:17:49 AM Calculated day 571
06/29/2022 02:18:20 AM Calculated day 572
06/29/2022 02:18:49 AM Calculated day 573
06/29/2022 02:19:20 AM Calculated day 574
06/29/2022 02:19:52 AM Calculated day 575
06/29/2022 02:20:24 AM Calculated day 576
06/29/2022 02:20:57 AM Calculated day 577
06/29/2022 02:21:30 AM Calculated day 578
06/29/2022 02:22:03 AM Calculated day 579
06/29/2022 02:22:36 AM Calculated day 580
06/29/2022 02:23:10 AM Calculated day 581
06/29/2022 02:23:45 AM Calculated day 582
06/29/2022 02:24:20 AM Calculated day 583
06/29/2022 02:24:56 AM Calculated day 584
06/29/2022 02:25:31 AM Calculated day 585
06/29/2022 02:26:07 AM Calculated day 586
06/29/2022 02:26:43 AM Calculated day 587
06/29/2022 02:27:20 AM Calculated day 588
06/29/2022 02:27:56 AM Calculated day 589
06/29/2022 02:28:32 AM Calculated day 590
06/29/2022 02:29:08 AM Calculated day 591
06/29/2022 02:29:45 AM Calculated day 592
06/29/2022 02:30:21 AM Calculated day 593
06/29/2022 02:30:58 AM Calculated day 594
06/29/2022 02:31:34 AM Calculated day 595
06/29/2022 02:32:10 AM Calculated day 596
06/29/2022 02:32:47 AM Calculated day 597
06/29/2022 02:33:23 AM Calculated day 598
06/29/2022 02:34:00 AM Calculated day 599
06/29/2022 02:37:30 AM Saved data in /data/pbarpanda/spherical_SWE/initial_value_exps//dt_150_Q_forcing_0_forcing_y_0_Hmean_500_forcing_phase_speed_0_ms/U_up_days_150_Rossby//H0_1000/
06/29/2022 02:37:32 AM  ========== CODE RAN SUCCESSFULLY, congrats! ================
06/29/2022 02:37:32 AM  -----> Total Time taken = 9655.418  <----
