02/27/2022 01:33:03 AM **********************************
02/27/2022 01:33:03 AM /data/pbarpanda/spherical_SWE/evaluate_final_budget/transient_U_fixed_forcing//dt_150_Q_forcing_10_forcing_y_0_Hmean_200_forcing_phase_speed_0_ms/U_up_days_217/
02/27/2022 01:33:03 AM **********************************
02/27/2022 01:33:04 AM Calculated day 0
02/27/2022 01:33:10 AM Calculated day 1
02/27/2022 01:33:16 AM Calculated day 2
02/27/2022 01:33:23 AM Calculated day 3
02/27/2022 01:33:29 AM Calculated day 4
02/27/2022 01:33:35 AM Calculated day 5
02/27/2022 01:33:41 AM Calculated day 6
02/27/2022 01:33:48 AM Calculated day 7
02/27/2022 01:33:54 AM Calculated day 8
02/27/2022 01:34:00 AM Calculated day 9
02/27/2022 01:34:07 AM Calculated day 10
02/27/2022 01:34:13 AM Calculated day 11
02/27/2022 01:34:20 AM Calculated day 12
02/27/2022 01:34:26 AM Calculated day 13
02/27/2022 01:34:32 AM Calculated day 14
02/27/2022 01:34:39 AM Calculated day 15
02/27/2022 01:34:45 AM Calculated day 16
02/27/2022 01:34:51 AM Calculated day 17
02/27/2022 01:34:58 AM Calculated day 18
02/27/2022 01:35:04 AM Calculated day 19
02/27/2022 01:35:10 AM Calculated day 20
02/27/2022 01:35:16 AM Calculated day 21
02/27/2022 01:35:23 AM Calculated day 22
02/27/2022 01:35:29 AM Calculated day 23
02/27/2022 01:35:35 AM Calculated day 24
02/27/2022 01:35:42 AM Calculated day 25
02/27/2022 01:35:48 AM Calculated day 26
02/27/2022 01:35:55 AM Calculated day 27
02/27/2022 01:36:01 AM Calculated day 28
02/27/2022 01:36:07 AM Calculated day 29
02/27/2022 01:36:14 AM Calculated day 30
02/27/2022 01:36:20 AM Calculated day 31
02/27/2022 01:36:26 AM Calculated day 32
02/27/2022 01:36:33 AM Calculated day 33
02/27/2022 01:36:39 AM Calculated day 34
02/27/2022 01:36:45 AM Calculated day 35
02/27/2022 01:36:51 AM Calculated day 36
02/27/2022 01:36:58 AM Calculated day 37
02/27/2022 01:37:04 AM Calculated day 38
02/27/2022 01:37:10 AM Calculated day 39
02/27/2022 01:37:17 AM Calculated day 40
02/27/2022 01:37:23 AM Calculated day 41
02/27/2022 01:37:29 AM Calculated day 42
02/27/2022 01:37:36 AM Calculated day 43
02/27/2022 01:37:42 AM Calculated day 44
02/27/2022 01:37:48 AM Calculated day 45
02/27/2022 01:37:55 AM Calculated day 46
02/27/2022 01:38:01 AM Calculated day 47
02/27/2022 01:38:07 AM Calculated day 48
02/27/2022 01:38:14 AM Calculated day 49
02/27/2022 01:38:20 AM Calculated day 50
02/27/2022 01:38:26 AM Calculated day 51
02/27/2022 01:38:33 AM Calculated day 52
02/27/2022 01:38:39 AM Calculated day 53
02/27/2022 01:38:45 AM Calculated day 54
02/27/2022 01:38:52 AM Calculated day 55
02/27/2022 01:38:58 AM Calculated day 56
02/27/2022 01:39:04 AM Calculated day 57
02/27/2022 01:39:10 AM Calculated day 58
02/27/2022 01:39:17 AM Calculated day 59
02/27/2022 01:39:23 AM Calculated day 60
02/27/2022 01:39:29 AM Calculated day 61
02/27/2022 01:39:36 AM Calculated day 62
02/27/2022 01:39:42 AM Calculated day 63
02/27/2022 01:39:48 AM Calculated day 64
02/27/2022 01:39:55 AM Calculated day 65
02/27/2022 01:40:01 AM Calculated day 66
02/27/2022 01:40:07 AM Calculated day 67
02/27/2022 01:40:14 AM Calculated day 68
02/27/2022 01:40:20 AM Calculated day 69
02/27/2022 01:40:26 AM Calculated day 70
02/27/2022 01:40:33 AM Calculated day 71
02/27/2022 01:40:39 AM Calculated day 72
02/27/2022 01:40:45 AM Calculated day 73
02/27/2022 01:40:52 AM Calculated day 74
02/27/2022 01:40:58 AM Calculated day 75
02/27/2022 01:41:04 AM Calculated day 76
02/27/2022 01:41:11 AM Calculated day 77
02/27/2022 01:41:17 AM Calculated day 78
02/27/2022 01:41:23 AM Calculated day 79
02/27/2022 01:41:30 AM Calculated day 80
02/27/2022 01:41:36 AM Calculated day 81
02/27/2022 01:41:42 AM Calculated day 82
02/27/2022 01:41:48 AM Calculated day 83
02/27/2022 01:41:55 AM Calculated day 84
02/27/2022 01:42:01 AM Calculated day 85
02/27/2022 01:42:07 AM Calculated day 86
02/27/2022 01:42:14 AM Calculated day 87
02/27/2022 01:42:20 AM Calculated day 88
02/27/2022 01:42:26 AM Calculated day 89
02/27/2022 01:42:33 AM Calculated day 90
02/27/2022 01:42:39 AM Calculated day 91
02/27/2022 01:42:46 AM Calculated day 92
02/27/2022 01:42:52 AM Calculated day 93
02/27/2022 01:42:59 AM Calculated day 94
02/27/2022 01:43:06 AM Calculated day 95
02/27/2022 01:43:13 AM Calculated day 96
02/27/2022 01:43:19 AM Calculated day 97
02/27/2022 01:43:26 AM Calculated day 98
02/27/2022 01:43:33 AM Calculated day 99
02/27/2022 01:43:39 AM Calculated day 100
02/27/2022 01:43:45 AM Calculated day 101
02/27/2022 01:43:52 AM Calculated day 102
02/27/2022 01:43:58 AM Calculated day 103
02/27/2022 01:44:04 AM Calculated day 104
02/27/2022 01:44:11 AM Calculated day 105
02/27/2022 01:44:17 AM Calculated day 106
02/27/2022 01:44:23 AM Calculated day 107
02/27/2022 01:44:29 AM Calculated day 108
02/27/2022 01:44:36 AM Calculated day 109
02/27/2022 01:44:42 AM Calculated day 110
02/27/2022 01:44:48 AM Calculated day 111
02/27/2022 01:44:55 AM Calculated day 112
02/27/2022 01:45:01 AM Calculated day 113
02/27/2022 01:45:07 AM Calculated day 114
02/27/2022 01:45:14 AM Calculated day 115
02/27/2022 01:45:20 AM Calculated day 116
02/27/2022 01:45:26 AM Calculated day 117
02/27/2022 01:45:33 AM Calculated day 118
02/27/2022 01:45:39 AM Calculated day 119
02/27/2022 01:45:45 AM Calculated day 120
02/27/2022 01:45:52 AM Calculated day 121
02/27/2022 01:45:58 AM Calculated day 122
02/27/2022 01:46:04 AM Calculated day 123
02/27/2022 01:46:11 AM Calculated day 124
02/27/2022 01:46:17 AM Calculated day 125
02/27/2022 01:46:23 AM Calculated day 126
02/27/2022 01:46:30 AM Calculated day 127
02/27/2022 01:46:36 AM Calculated day 128
02/27/2022 01:46:42 AM Calculated day 129
02/27/2022 01:46:49 AM Calculated day 130
02/27/2022 01:46:55 AM Calculated day 131
02/27/2022 01:47:01 AM Calculated day 132
02/27/2022 01:47:08 AM Calculated day 133
02/27/2022 01:47:14 AM Calculated day 134
02/27/2022 01:47:20 AM Calculated day 135
02/27/2022 01:47:27 AM Calculated day 136
02/27/2022 01:47:33 AM Calculated day 137
02/27/2022 01:47:39 AM Calculated day 138
02/27/2022 01:47:46 AM Calculated day 139
02/27/2022 01:47:52 AM Calculated day 140
02/27/2022 01:47:58 AM Calculated day 141
02/27/2022 01:48:05 AM Calculated day 142
02/27/2022 01:48:11 AM Calculated day 143
02/27/2022 01:48:17 AM Calculated day 144
02/27/2022 01:48:24 AM Calculated day 145
02/27/2022 01:48:30 AM Calculated day 146
02/27/2022 01:48:36 AM Calculated day 147
02/27/2022 01:48:43 AM Calculated day 148
02/27/2022 01:48:49 AM Calculated day 149
02/27/2022 01:48:55 AM Calculated day 150
02/27/2022 01:49:02 AM Calculated day 151
02/27/2022 01:49:08 AM Calculated day 152
02/27/2022 01:49:14 AM Calculated day 153
02/27/2022 01:49:21 AM Calculated day 154
02/27/2022 01:49:27 AM Calculated day 155
02/27/2022 01:49:33 AM Calculated day 156
02/27/2022 01:49:40 AM Calculated day 157
02/27/2022 01:49:46 AM Calculated day 158
02/27/2022 01:49:52 AM Calculated day 159
02/27/2022 01:49:58 AM Calculated day 160
02/27/2022 01:50:05 AM Calculated day 161
02/27/2022 01:50:11 AM Calculated day 162
02/27/2022 01:50:17 AM Calculated day 163
02/27/2022 01:50:24 AM Calculated day 164
02/27/2022 01:50:30 AM Calculated day 165
02/27/2022 01:50:36 AM Calculated day 166
02/27/2022 01:50:43 AM Calculated day 167
02/27/2022 01:50:49 AM Calculated day 168
02/27/2022 01:50:56 AM Calculated day 169
02/27/2022 01:51:02 AM Calculated day 170
02/27/2022 01:51:08 AM Calculated day 171
02/27/2022 01:51:15 AM Calculated day 172
02/27/2022 01:51:21 AM Calculated day 173
02/27/2022 01:51:27 AM Calculated day 174
02/27/2022 01:51:34 AM Calculated day 175
02/27/2022 01:51:40 AM Calculated day 176
02/27/2022 01:51:46 AM Calculated day 177
02/27/2022 01:51:53 AM Calculated day 178
02/27/2022 01:51:59 AM Calculated day 179
02/27/2022 01:52:05 AM Calculated day 180
02/27/2022 01:52:12 AM Calculated day 181
02/27/2022 01:52:18 AM Calculated day 182
02/27/2022 01:52:24 AM Calculated day 183
02/27/2022 01:52:31 AM Calculated day 184
02/27/2022 01:52:37 AM Calculated day 185
02/27/2022 01:52:43 AM Calculated day 186
02/27/2022 01:52:50 AM Calculated day 187
02/27/2022 01:52:56 AM Calculated day 188
02/27/2022 01:53:02 AM Calculated day 189
02/27/2022 01:53:09 AM Calculated day 190
02/27/2022 01:53:15 AM Calculated day 191
02/27/2022 01:53:21 AM Calculated day 192
02/27/2022 01:53:28 AM Calculated day 193
02/27/2022 01:53:34 AM Calculated day 194
02/27/2022 01:53:40 AM Calculated day 195
02/27/2022 01:53:47 AM Calculated day 196
02/27/2022 01:53:53 AM Calculated day 197
02/27/2022 01:53:59 AM Calculated day 198
02/27/2022 01:54:06 AM Calculated day 199
02/27/2022 01:54:12 AM Calculated day 200
02/27/2022 01:54:18 AM Calculated day 201
02/27/2022 01:54:25 AM Calculated day 202
02/27/2022 01:54:31 AM Calculated day 203
02/27/2022 01:54:37 AM Calculated day 204
02/27/2022 01:54:44 AM Calculated day 205
02/27/2022 01:54:50 AM Calculated day 206
02/27/2022 01:54:56 AM Calculated day 207
02/27/2022 01:55:03 AM Calculated day 208
02/27/2022 01:55:09 AM Calculated day 209
02/27/2022 01:55:15 AM Calculated day 210
02/27/2022 01:55:22 AM Calculated day 211
02/27/2022 01:55:28 AM Calculated day 212
02/27/2022 01:55:35 AM Calculated day 213
02/27/2022 01:55:41 AM Calculated day 214
02/27/2022 01:55:48 AM Calculated day 215
02/27/2022 01:55:54 AM Calculated day 216
02/27/2022 01:56:00 AM Calculated day 217
02/27/2022 01:56:07 AM Calculated day 218
02/27/2022 01:56:13 AM Calculated day 219
02/27/2022 01:56:19 AM Calculated day 220
02/27/2022 01:56:26 AM Calculated day 221
02/27/2022 01:56:32 AM Calculated day 222
02/27/2022 01:56:38 AM Calculated day 223
02/27/2022 01:56:45 AM Calculated day 224
02/27/2022 01:56:51 AM Calculated day 225
02/27/2022 01:56:57 AM Calculated day 226
02/27/2022 01:57:04 AM Calculated day 227
02/27/2022 01:57:10 AM Calculated day 228
02/27/2022 01:57:16 AM Calculated day 229
02/27/2022 01:57:23 AM Calculated day 230
02/27/2022 01:57:29 AM Calculated day 231
02/27/2022 01:57:35 AM Calculated day 232
02/27/2022 01:57:42 AM Calculated day 233
02/27/2022 01:57:48 AM Calculated day 234
02/27/2022 01:57:54 AM Calculated day 235
02/27/2022 01:58:01 AM Calculated day 236
02/27/2022 01:58:07 AM Calculated day 237
02/27/2022 01:58:13 AM Calculated day 238
02/27/2022 01:58:20 AM Calculated day 239
02/27/2022 01:58:26 AM Calculated day 240
02/27/2022 01:58:32 AM Calculated day 241
02/27/2022 01:58:39 AM Calculated day 242
02/27/2022 01:58:45 AM Calculated day 243
02/27/2022 01:58:51 AM Calculated day 244
02/27/2022 01:58:58 AM Calculated day 245
02/27/2022 01:59:04 AM Calculated day 246
02/27/2022 01:59:10 AM Calculated day 247
02/27/2022 01:59:17 AM Calculated day 248
02/27/2022 01:59:23 AM Calculated day 249
02/27/2022 01:59:29 AM Calculated day 250
02/27/2022 01:59:36 AM Calculated day 251
02/27/2022 01:59:42 AM Calculated day 252
02/27/2022 01:59:48 AM Calculated day 253
02/27/2022 01:59:55 AM Calculated day 254
02/27/2022 02:00:01 AM Calculated day 255
02/27/2022 02:00:07 AM Calculated day 256
02/27/2022 02:00:13 AM Calculated day 257
02/27/2022 02:00:20 AM Calculated day 258
02/27/2022 02:00:26 AM Calculated day 259
02/27/2022 02:00:32 AM Calculated day 260
02/27/2022 02:00:39 AM Calculated day 261
02/27/2022 02:00:45 AM Calculated day 262
02/27/2022 02:00:51 AM Calculated day 263
02/27/2022 02:00:58 AM Calculated day 264
02/27/2022 02:01:04 AM Calculated day 265
02/27/2022 02:01:11 AM Calculated day 266
02/27/2022 02:01:17 AM Calculated day 267
02/27/2022 02:01:23 AM Calculated day 268
02/27/2022 02:01:30 AM Calculated day 269
02/27/2022 02:01:36 AM Calculated day 270
02/27/2022 02:01:42 AM Calculated day 271
02/27/2022 02:01:48 AM Calculated day 272
02/27/2022 02:01:55 AM Calculated day 273
02/27/2022 02:02:01 AM Calculated day 274
02/27/2022 02:02:08 AM Calculated day 275
02/27/2022 02:02:14 AM Calculated day 276
02/27/2022 02:02:20 AM Calculated day 277
02/27/2022 02:02:26 AM Calculated day 278
02/27/2022 02:02:33 AM Calculated day 279
02/27/2022 02:02:39 AM Calculated day 280
02/27/2022 02:02:45 AM Calculated day 281
02/27/2022 02:02:52 AM Calculated day 282
02/27/2022 02:02:58 AM Calculated day 283
02/27/2022 02:03:04 AM Calculated day 284
02/27/2022 02:03:11 AM Calculated day 285
02/27/2022 02:03:17 AM Calculated day 286
02/27/2022 02:03:23 AM Calculated day 287
02/27/2022 02:03:30 AM Calculated day 288
02/27/2022 02:03:36 AM Calculated day 289
02/27/2022 02:03:42 AM Calculated day 290
02/27/2022 02:03:49 AM Calculated day 291
02/27/2022 02:03:55 AM Calculated day 292
02/27/2022 02:04:01 AM Calculated day 293
02/27/2022 02:04:08 AM Calculated day 294
02/27/2022 02:04:14 AM Calculated day 295
02/27/2022 02:04:20 AM Calculated day 296
02/27/2022 02:04:27 AM Calculated day 297
02/27/2022 02:04:33 AM Calculated day 298
02/27/2022 02:04:39 AM Calculated day 299
02/27/2022 02:04:46 AM Calculated day 300
02/27/2022 02:04:52 AM Calculated day 301
02/27/2022 02:04:58 AM Calculated day 302
02/27/2022 02:05:05 AM Calculated day 303
02/27/2022 02:05:11 AM Calculated day 304
02/27/2022 02:05:17 AM Calculated day 305
02/27/2022 02:05:24 AM Calculated day 306
02/27/2022 02:05:30 AM Calculated day 307
02/27/2022 02:05:36 AM Calculated day 308
02/27/2022 02:05:43 AM Calculated day 309
02/27/2022 02:05:49 AM Calculated day 310
02/27/2022 02:05:55 AM Calculated day 311
02/27/2022 02:06:02 AM Calculated day 312
02/27/2022 02:06:08 AM Calculated day 313
02/27/2022 02:06:14 AM Calculated day 314
02/27/2022 02:06:21 AM Calculated day 315
02/27/2022 02:06:27 AM Calculated day 316
02/27/2022 02:06:33 AM Calculated day 317
02/27/2022 02:06:40 AM Calculated day 318
02/27/2022 02:06:46 AM Calculated day 319
02/27/2022 02:06:52 AM Calculated day 320
02/27/2022 02:06:59 AM Calculated day 321
02/27/2022 02:07:05 AM Calculated day 322
02/27/2022 02:07:11 AM Calculated day 323
02/27/2022 02:07:18 AM Calculated day 324
02/27/2022 02:07:24 AM Calculated day 325
02/27/2022 02:07:30 AM Calculated day 326
02/27/2022 02:07:37 AM Calculated day 327
02/27/2022 02:07:43 AM Calculated day 328
02/27/2022 02:07:49 AM Calculated day 329
02/27/2022 02:07:56 AM Calculated day 330
02/27/2022 02:08:02 AM Calculated day 331
02/27/2022 02:08:08 AM Calculated day 332
02/27/2022 02:08:15 AM Calculated day 333
02/27/2022 02:08:21 AM Calculated day 334
02/27/2022 02:08:27 AM Calculated day 335
02/27/2022 02:08:33 AM Calculated day 336
02/27/2022 02:08:40 AM Calculated day 337
02/27/2022 02:08:46 AM Calculated day 338
02/27/2022 02:08:52 AM Calculated day 339
02/27/2022 02:08:59 AM Calculated day 340
02/27/2022 02:09:05 AM Calculated day 341
02/27/2022 02:09:12 AM Calculated day 342
02/27/2022 02:09:18 AM Calculated day 343
02/27/2022 02:09:24 AM Calculated day 344
02/27/2022 02:09:31 AM Calculated day 345
02/27/2022 02:09:37 AM Calculated day 346
02/27/2022 02:09:43 AM Calculated day 347
02/27/2022 02:09:49 AM Calculated day 348
02/27/2022 02:09:56 AM Calculated day 349
02/27/2022 02:10:02 AM Calculated day 350
02/27/2022 02:10:09 AM Calculated day 351
02/27/2022 02:10:15 AM Calculated day 352
02/27/2022 02:10:21 AM Calculated day 353
02/27/2022 02:10:28 AM Calculated day 354
02/27/2022 02:10:34 AM Calculated day 355
02/27/2022 02:10:40 AM Calculated day 356
02/27/2022 02:10:46 AM Calculated day 357
02/27/2022 02:10:53 AM Calculated day 358
02/27/2022 02:10:59 AM Calculated day 359
02/27/2022 02:11:05 AM Calculated day 360
02/27/2022 02:11:12 AM Calculated day 361
02/27/2022 02:11:18 AM Calculated day 362
02/27/2022 02:11:25 AM Calculated day 363
02/27/2022 02:11:31 AM Calculated day 364
02/27/2022 02:11:37 AM Calculated day 365
02/27/2022 02:11:44 AM Calculated day 366
02/27/2022 02:11:50 AM Calculated day 367
02/27/2022 02:11:56 AM Calculated day 368
02/27/2022 02:12:03 AM Calculated day 369
02/27/2022 02:12:09 AM Calculated day 370
02/27/2022 02:12:15 AM Calculated day 371
02/27/2022 02:12:22 AM Calculated day 372
02/27/2022 02:12:28 AM Calculated day 373
02/27/2022 02:12:34 AM Calculated day 374
02/27/2022 02:12:41 AM Calculated day 375
02/27/2022 02:12:47 AM Calculated day 376
02/27/2022 02:12:53 AM Calculated day 377
02/27/2022 02:13:00 AM Calculated day 378
02/27/2022 02:13:06 AM Calculated day 379
02/27/2022 02:13:13 AM Calculated day 380
02/27/2022 02:13:19 AM Calculated day 381
02/27/2022 02:13:25 AM Calculated day 382
02/27/2022 02:13:32 AM Calculated day 383
02/27/2022 02:13:38 AM Calculated day 384
02/27/2022 02:13:44 AM Calculated day 385
02/27/2022 02:13:51 AM Calculated day 386
02/27/2022 02:13:57 AM Calculated day 387
02/27/2022 02:14:03 AM Calculated day 388
02/27/2022 02:14:10 AM Calculated day 389
02/27/2022 02:14:16 AM Calculated day 390
02/27/2022 02:14:22 AM Calculated day 391
02/27/2022 02:14:29 AM Calculated day 392
02/27/2022 02:14:35 AM Calculated day 393
02/27/2022 02:14:41 AM Calculated day 394
02/27/2022 02:14:48 AM Calculated day 395
02/27/2022 02:14:54 AM Calculated day 396
02/27/2022 02:15:00 AM Calculated day 397
02/27/2022 02:15:07 AM Calculated day 398
02/27/2022 02:15:13 AM Calculated day 399
02/27/2022 02:15:20 AM Calculated day 400
02/27/2022 02:15:26 AM Calculated day 401
02/27/2022 02:15:32 AM Calculated day 402
02/27/2022 02:15:39 AM Calculated day 403
02/27/2022 02:15:45 AM Calculated day 404
02/27/2022 02:15:51 AM Calculated day 405
02/27/2022 02:15:58 AM Calculated day 406
02/27/2022 02:16:04 AM Calculated day 407
02/27/2022 02:16:10 AM Calculated day 408
02/27/2022 02:16:17 AM Calculated day 409
02/27/2022 02:16:23 AM Calculated day 410
02/27/2022 02:16:29 AM Calculated day 411
02/27/2022 02:16:36 AM Calculated day 412
02/27/2022 02:16:42 AM Calculated day 413
02/27/2022 02:16:48 AM Calculated day 414
02/27/2022 02:16:55 AM Calculated day 415
02/27/2022 02:17:01 AM Calculated day 416
02/27/2022 02:17:07 AM Calculated day 417
02/27/2022 02:17:14 AM Calculated day 418
02/27/2022 02:17:20 AM Calculated day 419
02/27/2022 02:17:27 AM Calculated day 420
02/27/2022 02:17:33 AM Calculated day 421
02/27/2022 02:17:39 AM Calculated day 422
02/27/2022 02:17:46 AM Calculated day 423
02/27/2022 02:17:52 AM Calculated day 424
02/27/2022 02:17:58 AM Calculated day 425
02/27/2022 02:18:05 AM Calculated day 426
02/27/2022 02:18:11 AM Calculated day 427
02/27/2022 02:18:17 AM Calculated day 428
02/27/2022 02:18:24 AM Calculated day 429
02/27/2022 02:18:30 AM Calculated day 430
02/27/2022 02:18:36 AM Calculated day 431
02/27/2022 02:18:43 AM Calculated day 432
02/27/2022 02:18:49 AM Calculated day 433
02/27/2022 02:18:55 AM Calculated day 434
02/27/2022 02:19:02 AM Calculated day 435
02/27/2022 02:19:08 AM Calculated day 436
02/27/2022 02:19:14 AM Calculated day 437
02/27/2022 02:19:21 AM Calculated day 438
02/27/2022 02:19:27 AM Calculated day 439
02/27/2022 02:19:33 AM Calculated day 440
02/27/2022 02:19:40 AM Calculated day 441
02/27/2022 02:19:46 AM Calculated day 442
02/27/2022 02:19:52 AM Calculated day 443
02/27/2022 02:19:59 AM Calculated day 444
02/27/2022 02:20:05 AM Calculated day 445
02/27/2022 02:20:11 AM Calculated day 446
02/27/2022 02:20:18 AM Calculated day 447
02/27/2022 02:20:24 AM Calculated day 448
02/27/2022 02:20:31 AM Calculated day 449
02/27/2022 02:20:37 AM Calculated day 450
02/27/2022 02:20:43 AM Calculated day 451
02/27/2022 02:20:50 AM Calculated day 452
02/27/2022 02:20:56 AM Calculated day 453
02/27/2022 02:21:02 AM Calculated day 454
02/27/2022 02:21:09 AM Calculated day 455
02/27/2022 02:21:15 AM Calculated day 456
02/27/2022 02:21:21 AM Calculated day 457
02/27/2022 02:21:28 AM Calculated day 458
02/27/2022 02:21:34 AM Calculated day 459
02/27/2022 02:21:41 AM Calculated day 460
02/27/2022 02:21:47 AM Calculated day 461
02/27/2022 02:21:53 AM Calculated day 462
02/27/2022 02:22:00 AM Calculated day 463
02/27/2022 02:22:06 AM Calculated day 464
02/27/2022 02:22:13 AM Calculated day 465
02/27/2022 02:22:19 AM Calculated day 466
02/27/2022 02:22:25 AM Calculated day 467
02/27/2022 02:22:32 AM Calculated day 468
02/27/2022 02:22:38 AM Calculated day 469
02/27/2022 02:22:44 AM Calculated day 470
02/27/2022 02:22:51 AM Calculated day 471
02/27/2022 02:22:57 AM Calculated day 472
02/27/2022 02:23:03 AM Calculated day 473
02/27/2022 02:23:10 AM Calculated day 474
02/27/2022 02:23:16 AM Calculated day 475
02/27/2022 02:23:22 AM Calculated day 476
02/27/2022 02:23:29 AM Calculated day 477
02/27/2022 02:23:35 AM Calculated day 478
02/27/2022 02:23:41 AM Calculated day 479
02/27/2022 02:23:48 AM Calculated day 480
02/27/2022 02:23:54 AM Calculated day 481
02/27/2022 02:24:00 AM Calculated day 482
02/27/2022 02:24:07 AM Calculated day 483
02/27/2022 02:24:13 AM Calculated day 484
02/27/2022 02:24:20 AM Calculated day 485
02/27/2022 02:24:26 AM Calculated day 486
02/27/2022 02:24:32 AM Calculated day 487
02/27/2022 02:24:39 AM Calculated day 488
02/27/2022 02:24:45 AM Calculated day 489
02/27/2022 02:24:51 AM Calculated day 490
02/27/2022 02:24:58 AM Calculated day 491
02/27/2022 02:25:04 AM Calculated day 492
02/27/2022 02:25:10 AM Calculated day 493
02/27/2022 02:25:17 AM Calculated day 494
02/27/2022 02:25:23 AM Calculated day 495
02/27/2022 02:25:30 AM Calculated day 496
02/27/2022 02:25:37 AM Calculated day 497
02/27/2022 02:25:43 AM Calculated day 498
02/27/2022 02:25:50 AM Calculated day 499
02/27/2022 02:25:57 AM Calculated day 500
02/27/2022 02:26:04 AM Calculated day 501
02/27/2022 02:26:10 AM Calculated day 502
02/27/2022 02:26:17 AM Calculated day 503
02/27/2022 02:26:23 AM Calculated day 504
02/27/2022 02:26:29 AM Calculated day 505
02/27/2022 02:26:36 AM Calculated day 506
02/27/2022 02:26:42 AM Calculated day 507
02/27/2022 02:26:48 AM Calculated day 508
02/27/2022 02:26:55 AM Calculated day 509
02/27/2022 02:27:01 AM Calculated day 510
02/27/2022 02:27:07 AM Calculated day 511
02/27/2022 02:27:14 AM Calculated day 512
02/27/2022 02:27:20 AM Calculated day 513
02/27/2022 02:27:26 AM Calculated day 514
02/27/2022 02:27:33 AM Calculated day 515
02/27/2022 02:27:39 AM Calculated day 516
02/27/2022 02:27:45 AM Calculated day 517
02/27/2022 02:27:52 AM Calculated day 518
02/27/2022 02:27:58 AM Calculated day 519
02/27/2022 02:28:04 AM Calculated day 520
02/27/2022 02:28:11 AM Calculated day 521
02/27/2022 02:28:17 AM Calculated day 522
02/27/2022 02:28:23 AM Calculated day 523
02/27/2022 02:28:30 AM Calculated day 524
02/27/2022 02:28:36 AM Calculated day 525
02/27/2022 02:28:43 AM Calculated day 526
02/27/2022 02:28:49 AM Calculated day 527
02/27/2022 02:28:55 AM Calculated day 528
02/27/2022 02:29:02 AM Calculated day 529
02/27/2022 02:29:08 AM Calculated day 530
02/27/2022 02:29:14 AM Calculated day 531
02/27/2022 02:29:21 AM Calculated day 532
02/27/2022 02:29:27 AM Calculated day 533
02/27/2022 02:29:34 AM Calculated day 534
02/27/2022 02:29:40 AM Calculated day 535
02/27/2022 02:29:46 AM Calculated day 536
02/27/2022 02:29:53 AM Calculated day 537
02/27/2022 02:29:59 AM Calculated day 538
02/27/2022 02:30:06 AM Calculated day 539
02/27/2022 02:30:12 AM Calculated day 540
02/27/2022 02:30:18 AM Calculated day 541
02/27/2022 02:30:25 AM Calculated day 542
02/27/2022 02:30:31 AM Calculated day 543
02/27/2022 02:30:38 AM Calculated day 544
02/27/2022 02:30:44 AM Calculated day 545
02/27/2022 02:30:50 AM Calculated day 546
02/27/2022 02:30:57 AM Calculated day 547
02/27/2022 02:31:03 AM Calculated day 548
02/27/2022 02:31:10 AM Calculated day 549
02/27/2022 02:31:16 AM Calculated day 550
02/27/2022 02:31:23 AM Calculated day 551
02/27/2022 02:31:29 AM Calculated day 552
02/27/2022 02:31:35 AM Calculated day 553
02/27/2022 02:31:42 AM Calculated day 554
02/27/2022 02:31:48 AM Calculated day 555
02/27/2022 02:31:55 AM Calculated day 556
02/27/2022 02:32:01 AM Calculated day 557
02/27/2022 02:32:07 AM Calculated day 558
02/27/2022 02:32:14 AM Calculated day 559
02/27/2022 02:32:20 AM Calculated day 560
02/27/2022 02:32:26 AM Calculated day 561
02/27/2022 02:32:33 AM Calculated day 562
02/27/2022 02:32:39 AM Calculated day 563
02/27/2022 02:32:46 AM Calculated day 564
02/27/2022 02:32:52 AM Calculated day 565
02/27/2022 02:32:58 AM Calculated day 566
02/27/2022 02:33:05 AM Calculated day 567
02/27/2022 02:33:11 AM Calculated day 568
02/27/2022 02:33:17 AM Calculated day 569
02/27/2022 02:33:24 AM Calculated day 570
02/27/2022 02:33:30 AM Calculated day 571
02/27/2022 02:33:37 AM Calculated day 572
02/27/2022 02:33:43 AM Calculated day 573
02/27/2022 02:33:50 AM Calculated day 574
02/27/2022 02:33:56 AM Calculated day 575
02/27/2022 02:34:02 AM Calculated day 576
02/27/2022 02:34:09 AM Calculated day 577
02/27/2022 02:34:15 AM Calculated day 578
02/27/2022 02:34:22 AM Calculated day 579
02/27/2022 02:34:28 AM Calculated day 580
02/27/2022 02:34:34 AM Calculated day 581
02/27/2022 02:34:41 AM Calculated day 582
02/27/2022 02:34:47 AM Calculated day 583
02/27/2022 02:34:54 AM Calculated day 584
02/27/2022 02:35:00 AM Calculated day 585
02/27/2022 02:35:06 AM Calculated day 586
02/27/2022 02:35:13 AM Calculated day 587
02/27/2022 02:35:19 AM Calculated day 588
02/27/2022 02:35:25 AM Calculated day 589
02/27/2022 02:35:32 AM Calculated day 590
02/27/2022 02:35:38 AM Calculated day 591
02/27/2022 02:35:45 AM Calculated day 592
02/27/2022 02:35:51 AM Calculated day 593
02/27/2022 02:35:57 AM Calculated day 594
02/27/2022 02:36:04 AM Calculated day 595
02/27/2022 02:36:10 AM Calculated day 596
02/27/2022 02:36:17 AM Calculated day 597
02/27/2022 02:36:23 AM Calculated day 598
02/27/2022 02:36:29 AM Calculated day 599
02/27/2022 03:11:26 AM Saved data in /data/pbarpanda/spherical_SWE/evaluate_final_budget/transient_U_fixed_forcing//dt_150_Q_forcing_10_forcing_y_0_Hmean_200_forcing_phase_speed_0_ms/U_up_days_217//H0_2500/
02/27/2022 03:12:44 AM  ========== CODE RAN SUCCESSFULLY, congrats! ================
02/27/2022 03:12:44 AM  -----> Total Time taken = 5980.947  <----
