02/26/2022 01:45:50 PM **********************************
02/26/2022 01:45:50 PM /data/pbarpanda/spherical_SWE/evaluate_final_budget/transient_U_fixed_forcing//dt_150_Q_forcing_10_forcing_y_0_Hmean_500_forcing_phase_speed_0_ms/U_up_days_170/
02/26/2022 01:45:50 PM **********************************
02/26/2022 01:45:50 PM Calculated day 0
02/26/2022 01:45:56 PM Calculated day 1
02/26/2022 01:46:02 PM Calculated day 2
02/26/2022 01:46:09 PM Calculated day 3
02/26/2022 01:46:15 PM Calculated day 4
02/26/2022 01:46:22 PM Calculated day 5
02/26/2022 01:46:28 PM Calculated day 6
02/26/2022 01:46:34 PM Calculated day 7
02/26/2022 01:46:41 PM Calculated day 8
02/26/2022 01:46:47 PM Calculated day 9
02/26/2022 01:46:53 PM Calculated day 10
02/26/2022 01:47:00 PM Calculated day 11
02/26/2022 01:47:06 PM Calculated day 12
02/26/2022 01:47:13 PM Calculated day 13
02/26/2022 01:47:19 PM Calculated day 14
02/26/2022 01:47:25 PM Calculated day 15
02/26/2022 01:47:32 PM Calculated day 16
02/26/2022 01:47:38 PM Calculated day 17
02/26/2022 01:47:45 PM Calculated day 18
02/26/2022 01:47:51 PM Calculated day 19
02/26/2022 01:47:57 PM Calculated day 20
02/26/2022 01:48:04 PM Calculated day 21
02/26/2022 01:48:10 PM Calculated day 22
02/26/2022 01:48:17 PM Calculated day 23
02/26/2022 01:48:23 PM Calculated day 24
02/26/2022 01:48:29 PM Calculated day 25
02/26/2022 01:48:36 PM Calculated day 26
02/26/2022 01:48:42 PM Calculated day 27
02/26/2022 01:48:49 PM Calculated day 28
02/26/2022 01:48:55 PM Calculated day 29
02/26/2022 01:49:01 PM Calculated day 30
02/26/2022 01:49:08 PM Calculated day 31
02/26/2022 01:49:14 PM Calculated day 32
02/26/2022 01:49:20 PM Calculated day 33
02/26/2022 01:49:27 PM Calculated day 34
02/26/2022 01:49:33 PM Calculated day 35
02/26/2022 01:49:40 PM Calculated day 36
02/26/2022 01:49:46 PM Calculated day 37
02/26/2022 01:49:52 PM Calculated day 38
02/26/2022 01:49:59 PM Calculated day 39
02/26/2022 01:50:05 PM Calculated day 40
02/26/2022 01:50:12 PM Calculated day 41
02/26/2022 01:50:18 PM Calculated day 42
02/26/2022 01:50:24 PM Calculated day 43
02/26/2022 01:50:31 PM Calculated day 44
02/26/2022 01:50:37 PM Calculated day 45
02/26/2022 01:50:44 PM Calculated day 46
02/26/2022 01:50:50 PM Calculated day 47
02/26/2022 01:50:56 PM Calculated day 48
02/26/2022 01:51:03 PM Calculated day 49
02/26/2022 01:51:09 PM Calculated day 50
02/26/2022 01:51:16 PM Calculated day 51
02/26/2022 01:51:22 PM Calculated day 52
02/26/2022 01:51:29 PM Calculated day 53
02/26/2022 01:51:35 PM Calculated day 54
02/26/2022 01:51:41 PM Calculated day 55
02/26/2022 01:51:48 PM Calculated day 56
02/26/2022 01:51:54 PM Calculated day 57
02/26/2022 01:52:00 PM Calculated day 58
02/26/2022 01:52:07 PM Calculated day 59
02/26/2022 01:52:13 PM Calculated day 60
02/26/2022 01:52:20 PM Calculated day 61
02/26/2022 01:52:26 PM Calculated day 62
02/26/2022 01:52:32 PM Calculated day 63
02/26/2022 01:52:39 PM Calculated day 64
02/26/2022 01:52:46 PM Calculated day 65
02/26/2022 01:52:52 PM Calculated day 66
02/26/2022 01:52:58 PM Calculated day 67
02/26/2022 01:53:05 PM Calculated day 68
02/26/2022 01:53:11 PM Calculated day 69
02/26/2022 01:53:18 PM Calculated day 70
02/26/2022 01:53:24 PM Calculated day 71
02/26/2022 01:53:30 PM Calculated day 72
02/26/2022 01:53:37 PM Calculated day 73
02/26/2022 01:53:43 PM Calculated day 74
02/26/2022 01:53:49 PM Calculated day 75
02/26/2022 01:53:56 PM Calculated day 76
02/26/2022 01:54:02 PM Calculated day 77
02/26/2022 01:54:09 PM Calculated day 78
02/26/2022 01:54:15 PM Calculated day 79
02/26/2022 01:54:21 PM Calculated day 80
02/26/2022 01:54:28 PM Calculated day 81
02/26/2022 01:54:34 PM Calculated day 82
02/26/2022 01:54:40 PM Calculated day 83
02/26/2022 01:54:47 PM Calculated day 84
02/26/2022 01:54:53 PM Calculated day 85
02/26/2022 01:54:59 PM Calculated day 86
02/26/2022 01:55:06 PM Calculated day 87
02/26/2022 01:55:12 PM Calculated day 88
02/26/2022 01:55:18 PM Calculated day 89
02/26/2022 01:55:25 PM Calculated day 90
02/26/2022 01:55:31 PM Calculated day 91
02/26/2022 01:55:38 PM Calculated day 92
02/26/2022 01:55:44 PM Calculated day 93
02/26/2022 01:55:50 PM Calculated day 94
02/26/2022 01:55:57 PM Calculated day 95
02/26/2022 01:56:03 PM Calculated day 96
02/26/2022 01:56:09 PM Calculated day 97
02/26/2022 01:56:16 PM Calculated day 98
02/26/2022 01:56:22 PM Calculated day 99
02/26/2022 01:56:28 PM Calculated day 100
02/26/2022 01:56:35 PM Calculated day 101
02/26/2022 01:56:41 PM Calculated day 102
02/26/2022 01:56:47 PM Calculated day 103
02/26/2022 01:56:54 PM Calculated day 104
02/26/2022 01:57:00 PM Calculated day 105
02/26/2022 01:57:06 PM Calculated day 106
02/26/2022 01:57:13 PM Calculated day 107
02/26/2022 01:57:19 PM Calculated day 108
02/26/2022 01:57:25 PM Calculated day 109
02/26/2022 01:57:32 PM Calculated day 110
02/26/2022 01:57:38 PM Calculated day 111
02/26/2022 01:57:44 PM Calculated day 112
02/26/2022 01:57:51 PM Calculated day 113
02/26/2022 01:57:57 PM Calculated day 114
02/26/2022 01:58:03 PM Calculated day 115
02/26/2022 01:58:10 PM Calculated day 116
02/26/2022 01:58:16 PM Calculated day 117
02/26/2022 01:58:23 PM Calculated day 118
02/26/2022 01:58:29 PM Calculated day 119
02/26/2022 01:58:35 PM Calculated day 120
02/26/2022 01:58:42 PM Calculated day 121
02/26/2022 01:58:48 PM Calculated day 122
02/26/2022 01:58:54 PM Calculated day 123
02/26/2022 01:59:01 PM Calculated day 124
02/26/2022 01:59:07 PM Calculated day 125
02/26/2022 01:59:13 PM Calculated day 126
02/26/2022 01:59:20 PM Calculated day 127
02/26/2022 01:59:26 PM Calculated day 128
02/26/2022 01:59:32 PM Calculated day 129
02/26/2022 01:59:39 PM Calculated day 130
02/26/2022 01:59:45 PM Calculated day 131
02/26/2022 01:59:51 PM Calculated day 132
02/26/2022 01:59:58 PM Calculated day 133
02/26/2022 02:00:04 PM Calculated day 134
02/26/2022 02:00:11 PM Calculated day 135
02/26/2022 02:00:17 PM Calculated day 136
02/26/2022 02:00:23 PM Calculated day 137
02/26/2022 02:00:30 PM Calculated day 138
02/26/2022 02:00:36 PM Calculated day 139
02/26/2022 02:00:42 PM Calculated day 140
02/26/2022 02:00:49 PM Calculated day 141
02/26/2022 02:00:55 PM Calculated day 142
02/26/2022 02:01:01 PM Calculated day 143
02/26/2022 02:01:08 PM Calculated day 144
02/26/2022 02:01:14 PM Calculated day 145
02/26/2022 02:01:20 PM Calculated day 146
02/26/2022 02:01:27 PM Calculated day 147
02/26/2022 02:01:33 PM Calculated day 148
02/26/2022 02:01:40 PM Calculated day 149
02/26/2022 02:01:46 PM Calculated day 150
02/26/2022 02:01:52 PM Calculated day 151
02/26/2022 02:01:59 PM Calculated day 152
02/26/2022 02:02:05 PM Calculated day 153
02/26/2022 02:02:11 PM Calculated day 154
02/26/2022 02:02:18 PM Calculated day 155
02/26/2022 02:02:24 PM Calculated day 156
02/26/2022 02:02:30 PM Calculated day 157
02/26/2022 02:02:37 PM Calculated day 158
02/26/2022 02:02:43 PM Calculated day 159
02/26/2022 02:02:49 PM Calculated day 160
02/26/2022 02:02:56 PM Calculated day 161
02/26/2022 02:03:02 PM Calculated day 162
02/26/2022 02:03:08 PM Calculated day 163
02/26/2022 02:03:15 PM Calculated day 164
02/26/2022 02:03:21 PM Calculated day 165
02/26/2022 02:03:27 PM Calculated day 166
02/26/2022 02:03:34 PM Calculated day 167
02/26/2022 02:03:40 PM Calculated day 168
02/26/2022 02:03:47 PM Calculated day 169
02/26/2022 02:03:53 PM Calculated day 170
02/26/2022 02:03:59 PM Calculated day 171
02/26/2022 02:04:06 PM Calculated day 172
02/26/2022 02:04:12 PM Calculated day 173
02/26/2022 02:04:18 PM Calculated day 174
02/26/2022 02:04:25 PM Calculated day 175
02/26/2022 02:04:31 PM Calculated day 176
02/26/2022 02:04:37 PM Calculated day 177
02/26/2022 02:04:44 PM Calculated day 178
02/26/2022 02:04:50 PM Calculated day 179
02/26/2022 02:04:56 PM Calculated day 180
02/26/2022 02:05:03 PM Calculated day 181
02/26/2022 02:05:09 PM Calculated day 182
02/26/2022 02:05:15 PM Calculated day 183
02/26/2022 02:05:22 PM Calculated day 184
02/26/2022 02:05:28 PM Calculated day 185
02/26/2022 02:05:35 PM Calculated day 186
02/26/2022 02:05:41 PM Calculated day 187
02/26/2022 02:05:47 PM Calculated day 188
02/26/2022 02:05:54 PM Calculated day 189
02/26/2022 02:06:00 PM Calculated day 190
02/26/2022 02:06:06 PM Calculated day 191
02/26/2022 02:06:13 PM Calculated day 192
02/26/2022 02:06:19 PM Calculated day 193
02/26/2022 02:06:25 PM Calculated day 194
02/26/2022 02:06:32 PM Calculated day 195
02/26/2022 02:06:38 PM Calculated day 196
02/26/2022 02:06:44 PM Calculated day 197
02/26/2022 02:06:51 PM Calculated day 198
02/26/2022 02:06:57 PM Calculated day 199
02/26/2022 02:07:03 PM Calculated day 200
02/26/2022 02:07:10 PM Calculated day 201
02/26/2022 02:07:16 PM Calculated day 202
02/26/2022 02:07:22 PM Calculated day 203
02/26/2022 02:07:29 PM Calculated day 204
02/26/2022 02:07:35 PM Calculated day 205
02/26/2022 02:07:42 PM Calculated day 206
02/26/2022 02:07:48 PM Calculated day 207
02/26/2022 02:07:54 PM Calculated day 208
02/26/2022 02:08:01 PM Calculated day 209
02/26/2022 02:08:07 PM Calculated day 210
02/26/2022 02:08:13 PM Calculated day 211
02/26/2022 02:08:20 PM Calculated day 212
02/26/2022 02:08:26 PM Calculated day 213
02/26/2022 02:08:32 PM Calculated day 214
02/26/2022 02:08:39 PM Calculated day 215
02/26/2022 02:08:45 PM Calculated day 216
02/26/2022 02:08:51 PM Calculated day 217
02/26/2022 02:08:58 PM Calculated day 218
02/26/2022 02:09:04 PM Calculated day 219
02/26/2022 02:09:10 PM Calculated day 220
02/26/2022 02:09:17 PM Calculated day 221
02/26/2022 02:09:23 PM Calculated day 222
02/26/2022 02:09:29 PM Calculated day 223
02/26/2022 02:09:36 PM Calculated day 224
02/26/2022 02:09:42 PM Calculated day 225
02/26/2022 02:09:48 PM Calculated day 226
02/26/2022 02:09:55 PM Calculated day 227
02/26/2022 02:10:01 PM Calculated day 228
02/26/2022 02:10:07 PM Calculated day 229
02/26/2022 02:10:14 PM Calculated day 230
02/26/2022 02:10:20 PM Calculated day 231
02/26/2022 02:10:27 PM Calculated day 232
02/26/2022 02:10:33 PM Calculated day 233
02/26/2022 02:10:39 PM Calculated day 234
02/26/2022 02:10:46 PM Calculated day 235
02/26/2022 02:10:52 PM Calculated day 236
02/26/2022 02:10:58 PM Calculated day 237
02/26/2022 02:11:05 PM Calculated day 238
02/26/2022 02:11:11 PM Calculated day 239
02/26/2022 02:11:18 PM Calculated day 240
02/26/2022 02:11:24 PM Calculated day 241
02/26/2022 02:11:30 PM Calculated day 242
02/26/2022 02:11:37 PM Calculated day 243
02/26/2022 02:11:43 PM Calculated day 244
02/26/2022 02:11:49 PM Calculated day 245
02/26/2022 02:11:56 PM Calculated day 246
02/26/2022 02:12:02 PM Calculated day 247
02/26/2022 02:12:08 PM Calculated day 248
02/26/2022 02:12:15 PM Calculated day 249
02/26/2022 02:12:21 PM Calculated day 250
02/26/2022 02:12:27 PM Calculated day 251
02/26/2022 02:12:34 PM Calculated day 252
02/26/2022 02:12:40 PM Calculated day 253
02/26/2022 02:12:46 PM Calculated day 254
02/26/2022 02:12:53 PM Calculated day 255
02/26/2022 02:12:59 PM Calculated day 256
02/26/2022 02:13:05 PM Calculated day 257
02/26/2022 02:13:12 PM Calculated day 258
02/26/2022 02:13:18 PM Calculated day 259
02/26/2022 02:13:24 PM Calculated day 260
02/26/2022 02:13:31 PM Calculated day 261
02/26/2022 02:13:37 PM Calculated day 262
02/26/2022 02:13:44 PM Calculated day 263
02/26/2022 02:13:50 PM Calculated day 264
02/26/2022 02:13:56 PM Calculated day 265
02/26/2022 02:14:03 PM Calculated day 266
02/26/2022 02:14:09 PM Calculated day 267
02/26/2022 02:14:15 PM Calculated day 268
02/26/2022 02:14:22 PM Calculated day 269
02/26/2022 02:14:28 PM Calculated day 270
02/26/2022 02:14:34 PM Calculated day 271
02/26/2022 02:14:41 PM Calculated day 272
02/26/2022 02:14:47 PM Calculated day 273
02/26/2022 02:14:53 PM Calculated day 274
02/26/2022 02:15:00 PM Calculated day 275
02/26/2022 02:15:06 PM Calculated day 276
02/26/2022 02:15:12 PM Calculated day 277
02/26/2022 02:15:19 PM Calculated day 278
02/26/2022 02:15:25 PM Calculated day 279
02/26/2022 02:15:31 PM Calculated day 280
02/26/2022 02:15:38 PM Calculated day 281
02/26/2022 02:15:44 PM Calculated day 282
02/26/2022 02:15:51 PM Calculated day 283
02/26/2022 02:15:57 PM Calculated day 284
02/26/2022 02:16:03 PM Calculated day 285
02/26/2022 02:16:10 PM Calculated day 286
02/26/2022 02:16:16 PM Calculated day 287
02/26/2022 02:16:22 PM Calculated day 288
02/26/2022 02:16:29 PM Calculated day 289
02/26/2022 02:16:35 PM Calculated day 290
02/26/2022 02:16:42 PM Calculated day 291
02/26/2022 02:16:48 PM Calculated day 292
02/26/2022 02:16:54 PM Calculated day 293
02/26/2022 02:17:01 PM Calculated day 294
02/26/2022 02:17:07 PM Calculated day 295
02/26/2022 02:17:13 PM Calculated day 296
02/26/2022 02:17:20 PM Calculated day 297
02/26/2022 02:17:26 PM Calculated day 298
02/26/2022 02:17:32 PM Calculated day 299
02/26/2022 02:17:39 PM Calculated day 300
02/26/2022 02:17:45 PM Calculated day 301
02/26/2022 02:17:51 PM Calculated day 302
02/26/2022 02:17:58 PM Calculated day 303
02/26/2022 02:18:04 PM Calculated day 304
02/26/2022 02:18:10 PM Calculated day 305
02/26/2022 02:18:17 PM Calculated day 306
02/26/2022 02:18:23 PM Calculated day 307
02/26/2022 02:18:29 PM Calculated day 308
02/26/2022 02:18:36 PM Calculated day 309
02/26/2022 02:18:42 PM Calculated day 310
02/26/2022 02:18:49 PM Calculated day 311
02/26/2022 02:18:55 PM Calculated day 312
02/26/2022 02:19:01 PM Calculated day 313
02/26/2022 02:19:08 PM Calculated day 314
02/26/2022 02:19:14 PM Calculated day 315
02/26/2022 02:19:21 PM Calculated day 316
02/26/2022 02:19:27 PM Calculated day 317
02/26/2022 02:19:33 PM Calculated day 318
02/26/2022 02:19:40 PM Calculated day 319
02/26/2022 02:19:46 PM Calculated day 320
02/26/2022 02:19:52 PM Calculated day 321
02/26/2022 02:19:59 PM Calculated day 322
02/26/2022 02:20:05 PM Calculated day 323
02/26/2022 02:20:11 PM Calculated day 324
02/26/2022 02:20:18 PM Calculated day 325
02/26/2022 02:20:24 PM Calculated day 326
02/26/2022 02:20:30 PM Calculated day 327
02/26/2022 02:20:37 PM Calculated day 328
02/26/2022 02:20:43 PM Calculated day 329
02/26/2022 02:20:49 PM Calculated day 330
02/26/2022 02:20:56 PM Calculated day 331
02/26/2022 02:21:02 PM Calculated day 332
02/26/2022 02:21:08 PM Calculated day 333
02/26/2022 02:21:15 PM Calculated day 334
02/26/2022 02:21:21 PM Calculated day 335
02/26/2022 02:21:28 PM Calculated day 336
02/26/2022 02:21:34 PM Calculated day 337
02/26/2022 02:21:40 PM Calculated day 338
02/26/2022 02:21:47 PM Calculated day 339
02/26/2022 02:21:53 PM Calculated day 340
02/26/2022 02:21:59 PM Calculated day 341
02/26/2022 02:22:06 PM Calculated day 342
02/26/2022 02:22:12 PM Calculated day 343
02/26/2022 02:22:18 PM Calculated day 344
02/26/2022 02:22:25 PM Calculated day 345
02/26/2022 02:22:31 PM Calculated day 346
02/26/2022 02:22:37 PM Calculated day 347
02/26/2022 02:22:44 PM Calculated day 348
02/26/2022 02:22:50 PM Calculated day 349
02/26/2022 02:22:56 PM Calculated day 350
02/26/2022 02:23:03 PM Calculated day 351
02/26/2022 02:23:09 PM Calculated day 352
02/26/2022 02:23:15 PM Calculated day 353
02/26/2022 02:23:22 PM Calculated day 354
02/26/2022 02:23:28 PM Calculated day 355
02/26/2022 02:23:34 PM Calculated day 356
02/26/2022 02:23:41 PM Calculated day 357
02/26/2022 02:23:47 PM Calculated day 358
02/26/2022 02:23:54 PM Calculated day 359
02/26/2022 02:24:00 PM Calculated day 360
02/26/2022 02:24:06 PM Calculated day 361
02/26/2022 02:24:13 PM Calculated day 362
02/26/2022 02:24:19 PM Calculated day 363
02/26/2022 02:24:25 PM Calculated day 364
02/26/2022 02:24:32 PM Calculated day 365
02/26/2022 02:24:38 PM Calculated day 366
02/26/2022 02:24:44 PM Calculated day 367
02/26/2022 02:24:51 PM Calculated day 368
02/26/2022 02:24:57 PM Calculated day 369
02/26/2022 02:25:03 PM Calculated day 370
02/26/2022 02:25:10 PM Calculated day 371
02/26/2022 02:25:16 PM Calculated day 372
02/26/2022 02:25:23 PM Calculated day 373
02/26/2022 02:25:29 PM Calculated day 374
02/26/2022 02:25:35 PM Calculated day 375
02/26/2022 02:25:42 PM Calculated day 376
02/26/2022 02:25:48 PM Calculated day 377
02/26/2022 02:25:54 PM Calculated day 378
02/26/2022 02:26:01 PM Calculated day 379
02/26/2022 02:26:07 PM Calculated day 380
02/26/2022 02:26:14 PM Calculated day 381
02/26/2022 02:26:20 PM Calculated day 382
02/26/2022 02:26:26 PM Calculated day 383
02/26/2022 02:26:33 PM Calculated day 384
02/26/2022 02:26:39 PM Calculated day 385
02/26/2022 02:26:45 PM Calculated day 386
02/26/2022 02:26:52 PM Calculated day 387
02/26/2022 02:26:58 PM Calculated day 388
02/26/2022 02:27:04 PM Calculated day 389
02/26/2022 02:27:11 PM Calculated day 390
02/26/2022 02:27:17 PM Calculated day 391
02/26/2022 02:27:24 PM Calculated day 392
02/26/2022 02:27:30 PM Calculated day 393
02/26/2022 02:27:36 PM Calculated day 394
02/26/2022 02:27:43 PM Calculated day 395
02/26/2022 02:27:49 PM Calculated day 396
02/26/2022 02:27:55 PM Calculated day 397
02/26/2022 02:28:02 PM Calculated day 398
02/26/2022 02:28:08 PM Calculated day 399
02/26/2022 02:34:45 PM Saved data in /data/pbarpanda/spherical_SWE/evaluate_final_budget/transient_U_fixed_forcing//dt_150_Q_forcing_10_forcing_y_0_Hmean_500_forcing_phase_speed_0_ms/U_up_days_170//H0_3500/
02/26/2022 02:35:00 PM  ========== CODE RAN SUCCESSFULLY, congrats! ================
02/26/2022 02:35:00 PM  -----> Total Time taken = 2949.990  <----
