05/25/2022 01:55:48 AM **********************************
05/25/2022 01:55:48 AM /data/pbarpanda/spherical_SWE/evaluate_final_budget/transient_U_propagate_forcing_diff_Heq//dt_150_Q_forcing_10_forcing_y_0_Hmean_500_forcing_phase_speed_5_ms/U_up_days_217/
05/25/2022 01:55:48 AM **********************************
05/25/2022 01:55:48 AM Calculated day 0
05/25/2022 01:55:55 AM Calculated day 1
05/25/2022 01:56:03 AM Calculated day 2
05/25/2022 01:56:10 AM Calculated day 3
05/25/2022 01:56:16 AM Calculated day 4
05/25/2022 01:56:24 AM Calculated day 5
05/25/2022 01:56:30 AM Calculated day 6
05/25/2022 01:56:37 AM Calculated day 7
05/25/2022 01:56:43 AM Calculated day 8
05/25/2022 01:56:49 AM Calculated day 9
05/25/2022 01:56:56 AM Calculated day 10
05/25/2022 01:57:02 AM Calculated day 11
05/25/2022 01:57:08 AM Calculated day 12
05/25/2022 01:57:15 AM Calculated day 13
05/25/2022 01:57:22 AM Calculated day 14
05/25/2022 01:57:28 AM Calculated day 15
05/25/2022 01:57:34 AM Calculated day 16
05/25/2022 01:57:41 AM Calculated day 17
05/25/2022 01:57:47 AM Calculated day 18
05/25/2022 01:57:54 AM Calculated day 19
05/25/2022 01:58:00 AM Calculated day 20
05/25/2022 01:58:06 AM Calculated day 21
05/25/2022 01:58:13 AM Calculated day 22
05/25/2022 01:58:19 AM Calculated day 23
05/25/2022 01:58:25 AM Calculated day 24
05/25/2022 01:58:32 AM Calculated day 25
05/25/2022 01:58:38 AM Calculated day 26
05/25/2022 01:58:45 AM Calculated day 27
05/25/2022 01:58:51 AM Calculated day 28
05/25/2022 01:58:57 AM Calculated day 29
05/25/2022 01:59:04 AM Calculated day 30
05/25/2022 01:59:10 AM Calculated day 31
05/25/2022 01:59:17 AM Calculated day 32
05/25/2022 01:59:23 AM Calculated day 33
05/25/2022 01:59:29 AM Calculated day 34
05/25/2022 01:59:36 AM Calculated day 35
05/25/2022 01:59:42 AM Calculated day 36
05/25/2022 01:59:49 AM Calculated day 37
05/25/2022 01:59:55 AM Calculated day 38
05/25/2022 02:00:01 AM Calculated day 39
05/25/2022 02:00:08 AM Calculated day 40
05/25/2022 02:00:14 AM Calculated day 41
05/25/2022 02:00:21 AM Calculated day 42
05/25/2022 02:00:27 AM Calculated day 43
05/25/2022 02:00:33 AM Calculated day 44
05/25/2022 02:00:40 AM Calculated day 45
05/25/2022 02:00:46 AM Calculated day 46
05/25/2022 02:00:52 AM Calculated day 47
05/25/2022 02:00:59 AM Calculated day 48
05/25/2022 02:01:05 AM Calculated day 49
05/25/2022 02:01:12 AM Calculated day 50
05/25/2022 02:01:18 AM Calculated day 51
05/25/2022 02:01:24 AM Calculated day 52
05/25/2022 02:01:31 AM Calculated day 53
05/25/2022 02:01:37 AM Calculated day 54
05/25/2022 02:01:43 AM Calculated day 55
05/25/2022 02:01:50 AM Calculated day 56
05/25/2022 02:01:56 AM Calculated day 57
05/25/2022 02:02:03 AM Calculated day 58
05/25/2022 02:02:09 AM Calculated day 59
05/25/2022 02:02:15 AM Calculated day 60
05/25/2022 02:02:22 AM Calculated day 61
05/25/2022 02:02:28 AM Calculated day 62
05/25/2022 02:02:34 AM Calculated day 63
05/25/2022 02:02:41 AM Calculated day 64
05/25/2022 02:02:47 AM Calculated day 65
05/25/2022 02:02:54 AM Calculated day 66
05/25/2022 02:03:00 AM Calculated day 67
05/25/2022 02:03:06 AM Calculated day 68
05/25/2022 02:03:13 AM Calculated day 69
05/25/2022 02:03:19 AM Calculated day 70
05/25/2022 02:03:26 AM Calculated day 71
05/25/2022 02:03:32 AM Calculated day 72
05/25/2022 02:03:38 AM Calculated day 73
05/25/2022 02:03:45 AM Calculated day 74
05/25/2022 02:03:51 AM Calculated day 75
05/25/2022 02:03:58 AM Calculated day 76
05/25/2022 02:04:04 AM Calculated day 77
05/25/2022 02:04:10 AM Calculated day 78
05/25/2022 02:04:17 AM Calculated day 79
05/25/2022 02:04:23 AM Calculated day 80
05/25/2022 02:04:29 AM Calculated day 81
05/25/2022 02:04:36 AM Calculated day 82
05/25/2022 02:04:42 AM Calculated day 83
05/25/2022 02:04:49 AM Calculated day 84
05/25/2022 02:04:55 AM Calculated day 85
05/25/2022 02:05:02 AM Calculated day 86
05/25/2022 02:05:08 AM Calculated day 87
05/25/2022 02:05:14 AM Calculated day 88
05/25/2022 02:05:21 AM Calculated day 89
05/25/2022 02:05:27 AM Calculated day 90
05/25/2022 02:05:34 AM Calculated day 91
05/25/2022 02:05:40 AM Calculated day 92
05/25/2022 02:05:46 AM Calculated day 93
05/25/2022 02:05:53 AM Calculated day 94
05/25/2022 02:05:59 AM Calculated day 95
05/25/2022 02:06:06 AM Calculated day 96
05/25/2022 02:06:12 AM Calculated day 97
05/25/2022 02:06:19 AM Calculated day 98
05/25/2022 02:06:25 AM Calculated day 99
05/25/2022 02:06:31 AM Calculated day 100
05/25/2022 02:06:38 AM Calculated day 101
05/25/2022 02:06:44 AM Calculated day 102
05/25/2022 02:06:50 AM Calculated day 103
05/25/2022 02:06:57 AM Calculated day 104
05/25/2022 02:07:03 AM Calculated day 105
05/25/2022 02:07:10 AM Calculated day 106
05/25/2022 02:07:16 AM Calculated day 107
05/25/2022 02:07:22 AM Calculated day 108
05/25/2022 02:07:29 AM Calculated day 109
05/25/2022 02:07:35 AM Calculated day 110
05/25/2022 02:07:41 AM Calculated day 111
05/25/2022 02:07:48 AM Calculated day 112
05/25/2022 02:07:54 AM Calculated day 113
05/25/2022 02:08:01 AM Calculated day 114
05/25/2022 02:08:07 AM Calculated day 115
05/25/2022 02:08:13 AM Calculated day 116
05/25/2022 02:08:20 AM Calculated day 117
05/25/2022 02:08:26 AM Calculated day 118
05/25/2022 02:08:32 AM Calculated day 119
05/25/2022 02:08:39 AM Calculated day 120
05/25/2022 02:08:45 AM Calculated day 121
05/25/2022 02:08:52 AM Calculated day 122
05/25/2022 02:08:58 AM Calculated day 123
05/25/2022 02:09:04 AM Calculated day 124
05/25/2022 02:09:11 AM Calculated day 125
05/25/2022 02:09:17 AM Calculated day 126
05/25/2022 02:09:23 AM Calculated day 127
05/25/2022 02:09:30 AM Calculated day 128
05/25/2022 02:09:36 AM Calculated day 129
05/25/2022 02:09:43 AM Calculated day 130
05/25/2022 02:09:49 AM Calculated day 131
05/25/2022 02:09:55 AM Calculated day 132
05/25/2022 02:10:02 AM Calculated day 133
05/25/2022 02:10:08 AM Calculated day 134
05/25/2022 02:10:14 AM Calculated day 135
05/25/2022 02:10:21 AM Calculated day 136
05/25/2022 02:10:27 AM Calculated day 137
05/25/2022 02:10:34 AM Calculated day 138
05/25/2022 02:10:40 AM Calculated day 139
05/25/2022 02:10:46 AM Calculated day 140
05/25/2022 02:10:53 AM Calculated day 141
05/25/2022 02:10:59 AM Calculated day 142
05/25/2022 02:11:05 AM Calculated day 143
05/25/2022 02:11:12 AM Calculated day 144
05/25/2022 02:11:18 AM Calculated day 145
05/25/2022 02:11:25 AM Calculated day 146
05/25/2022 02:11:31 AM Calculated day 147
05/25/2022 02:11:37 AM Calculated day 148
05/25/2022 02:11:44 AM Calculated day 149
05/25/2022 02:11:50 AM Calculated day 150
05/25/2022 02:11:56 AM Calculated day 151
05/25/2022 02:12:03 AM Calculated day 152
05/25/2022 02:12:10 AM Calculated day 153
05/25/2022 02:12:16 AM Calculated day 154
05/25/2022 02:12:23 AM Calculated day 155
05/25/2022 02:12:29 AM Calculated day 156
05/25/2022 02:12:35 AM Calculated day 157
05/25/2022 02:12:42 AM Calculated day 158
05/25/2022 02:12:48 AM Calculated day 159
05/25/2022 02:12:54 AM Calculated day 160
05/25/2022 02:13:01 AM Calculated day 161
05/25/2022 02:13:07 AM Calculated day 162
05/25/2022 02:13:14 AM Calculated day 163
05/25/2022 02:13:20 AM Calculated day 164
05/25/2022 02:13:26 AM Calculated day 165
05/25/2022 02:13:33 AM Calculated day 166
05/25/2022 02:13:39 AM Calculated day 167
05/25/2022 02:13:45 AM Calculated day 168
05/25/2022 02:13:52 AM Calculated day 169
05/25/2022 02:13:58 AM Calculated day 170
05/25/2022 02:14:05 AM Calculated day 171
05/25/2022 02:14:11 AM Calculated day 172
05/25/2022 02:14:17 AM Calculated day 173
05/25/2022 02:14:24 AM Calculated day 174
05/25/2022 02:14:30 AM Calculated day 175
05/25/2022 02:14:36 AM Calculated day 176
05/25/2022 02:14:43 AM Calculated day 177
05/25/2022 02:14:49 AM Calculated day 178
05/25/2022 02:14:56 AM Calculated day 179
05/25/2022 02:15:02 AM Calculated day 180
05/25/2022 02:15:08 AM Calculated day 181
05/25/2022 02:15:15 AM Calculated day 182
05/25/2022 02:15:21 AM Calculated day 183
05/25/2022 02:15:28 AM Calculated day 184
05/25/2022 02:15:34 AM Calculated day 185
05/25/2022 02:15:40 AM Calculated day 186
05/25/2022 02:15:47 AM Calculated day 187
05/25/2022 02:15:53 AM Calculated day 188
05/25/2022 02:15:59 AM Calculated day 189
05/25/2022 02:16:06 AM Calculated day 190
05/25/2022 02:16:12 AM Calculated day 191
05/25/2022 02:16:19 AM Calculated day 192
05/25/2022 02:16:25 AM Calculated day 193
05/25/2022 02:16:31 AM Calculated day 194
05/25/2022 02:16:38 AM Calculated day 195
05/25/2022 02:16:44 AM Calculated day 196
05/25/2022 02:16:50 AM Calculated day 197
05/25/2022 02:16:57 AM Calculated day 198
05/25/2022 02:17:03 AM Calculated day 199
05/25/2022 02:17:09 AM Calculated day 200
05/25/2022 02:17:16 AM Calculated day 201
05/25/2022 02:17:22 AM Calculated day 202
05/25/2022 02:17:29 AM Calculated day 203
05/25/2022 02:17:35 AM Calculated day 204
05/25/2022 02:17:41 AM Calculated day 205
05/25/2022 02:17:48 AM Calculated day 206
05/25/2022 02:17:54 AM Calculated day 207
05/25/2022 02:18:00 AM Calculated day 208
05/25/2022 02:18:07 AM Calculated day 209
05/25/2022 02:18:13 AM Calculated day 210
05/25/2022 02:18:20 AM Calculated day 211
05/25/2022 02:18:26 AM Calculated day 212
05/25/2022 02:18:32 AM Calculated day 213
05/25/2022 02:18:39 AM Calculated day 214
05/25/2022 02:18:45 AM Calculated day 215
05/25/2022 02:18:51 AM Calculated day 216
05/25/2022 02:18:59 AM Calculated day 217
05/25/2022 02:19:08 AM Calculated day 218
05/25/2022 02:19:15 AM Calculated day 219
05/25/2022 02:19:21 AM Calculated day 220
05/25/2022 02:19:28 AM Calculated day 221
05/25/2022 02:19:34 AM Calculated day 222
05/25/2022 02:19:40 AM Calculated day 223
05/25/2022 02:19:47 AM Calculated day 224
05/25/2022 02:19:53 AM Calculated day 225
05/25/2022 02:19:59 AM Calculated day 226
05/25/2022 02:20:06 AM Calculated day 227
05/25/2022 02:20:12 AM Calculated day 228
05/25/2022 02:20:19 AM Calculated day 229
05/25/2022 02:20:25 AM Calculated day 230
05/25/2022 02:20:31 AM Calculated day 231
05/25/2022 02:20:38 AM Calculated day 232
05/25/2022 02:20:44 AM Calculated day 233
05/25/2022 02:20:50 AM Calculated day 234
05/25/2022 02:20:57 AM Calculated day 235
05/25/2022 02:21:03 AM Calculated day 236
05/25/2022 02:21:09 AM Calculated day 237
05/25/2022 02:21:16 AM Calculated day 238
05/25/2022 02:21:22 AM Calculated day 239
05/25/2022 02:21:29 AM Calculated day 240
05/25/2022 02:21:35 AM Calculated day 241
05/25/2022 02:21:41 AM Calculated day 242
05/25/2022 02:21:48 AM Calculated day 243
05/25/2022 02:21:54 AM Calculated day 244
05/25/2022 02:22:00 AM Calculated day 245
05/25/2022 02:22:07 AM Calculated day 246
05/25/2022 02:22:13 AM Calculated day 247
05/25/2022 02:22:19 AM Calculated day 248
05/25/2022 02:22:26 AM Calculated day 249
05/25/2022 02:22:32 AM Calculated day 250
05/25/2022 02:22:39 AM Calculated day 251
05/25/2022 02:22:45 AM Calculated day 252
05/25/2022 02:22:51 AM Calculated day 253
05/25/2022 02:22:58 AM Calculated day 254
05/25/2022 02:23:04 AM Calculated day 255
05/25/2022 02:23:10 AM Calculated day 256
05/25/2022 02:23:17 AM Calculated day 257
05/25/2022 02:23:23 AM Calculated day 258
05/25/2022 02:23:29 AM Calculated day 259
05/25/2022 02:23:36 AM Calculated day 260
05/25/2022 02:23:42 AM Calculated day 261
05/25/2022 02:23:49 AM Calculated day 262
05/25/2022 02:23:55 AM Calculated day 263
05/25/2022 02:24:01 AM Calculated day 264
05/25/2022 02:24:08 AM Calculated day 265
05/25/2022 02:24:14 AM Calculated day 266
05/25/2022 02:24:20 AM Calculated day 267
05/25/2022 02:24:27 AM Calculated day 268
05/25/2022 02:24:33 AM Calculated day 269
05/25/2022 02:24:39 AM Calculated day 270
05/25/2022 02:24:46 AM Calculated day 271
05/25/2022 02:24:52 AM Calculated day 272
05/25/2022 02:24:59 AM Calculated day 273
05/25/2022 02:25:05 AM Calculated day 274
05/25/2022 02:25:11 AM Calculated day 275
05/25/2022 02:25:18 AM Calculated day 276
05/25/2022 02:25:24 AM Calculated day 277
05/25/2022 02:25:30 AM Calculated day 278
05/25/2022 02:25:37 AM Calculated day 279
05/25/2022 02:25:43 AM Calculated day 280
05/25/2022 02:25:49 AM Calculated day 281
05/25/2022 02:25:56 AM Calculated day 282
05/25/2022 02:26:02 AM Calculated day 283
05/25/2022 02:26:09 AM Calculated day 284
05/25/2022 02:26:15 AM Calculated day 285
05/25/2022 02:26:21 AM Calculated day 286
05/25/2022 02:26:28 AM Calculated day 287
05/25/2022 02:26:34 AM Calculated day 288
05/25/2022 02:26:40 AM Calculated day 289
05/25/2022 02:26:47 AM Calculated day 290
05/25/2022 02:26:53 AM Calculated day 291
05/25/2022 02:27:00 AM Calculated day 292
05/25/2022 02:27:06 AM Calculated day 293
05/25/2022 02:27:12 AM Calculated day 294
05/25/2022 02:27:19 AM Calculated day 295
05/25/2022 02:27:25 AM Calculated day 296
05/25/2022 02:27:31 AM Calculated day 297
05/25/2022 02:27:38 AM Calculated day 298
05/25/2022 02:27:44 AM Calculated day 299
05/25/2022 02:27:50 AM Calculated day 300
05/25/2022 02:27:57 AM Calculated day 301
05/25/2022 02:28:03 AM Calculated day 302
05/25/2022 02:28:10 AM Calculated day 303
05/25/2022 02:28:16 AM Calculated day 304
05/25/2022 02:28:22 AM Calculated day 305
05/25/2022 02:28:29 AM Calculated day 306
05/25/2022 02:28:35 AM Calculated day 307
05/25/2022 02:28:41 AM Calculated day 308
05/25/2022 02:28:48 AM Calculated day 309
05/25/2022 02:28:54 AM Calculated day 310
05/25/2022 02:29:01 AM Calculated day 311
05/25/2022 02:29:07 AM Calculated day 312
05/25/2022 02:29:13 AM Calculated day 313
05/25/2022 02:29:20 AM Calculated day 314
05/25/2022 02:29:26 AM Calculated day 315
05/25/2022 02:29:32 AM Calculated day 316
05/25/2022 02:29:39 AM Calculated day 317
05/25/2022 02:29:45 AM Calculated day 318
05/25/2022 02:29:52 AM Calculated day 319
05/25/2022 02:29:58 AM Calculated day 320
05/25/2022 02:30:04 AM Calculated day 321
05/25/2022 02:30:11 AM Calculated day 322
05/25/2022 02:30:17 AM Calculated day 323
05/25/2022 02:30:24 AM Calculated day 324
05/25/2022 02:30:30 AM Calculated day 325
05/25/2022 02:30:36 AM Calculated day 326
05/25/2022 02:30:43 AM Calculated day 327
05/25/2022 02:30:49 AM Calculated day 328
05/25/2022 02:30:56 AM Calculated day 329
05/25/2022 02:31:02 AM Calculated day 330
05/25/2022 02:31:08 AM Calculated day 331
05/25/2022 02:31:15 AM Calculated day 332
05/25/2022 02:31:21 AM Calculated day 333
05/25/2022 02:31:28 AM Calculated day 334
05/25/2022 02:31:34 AM Calculated day 335
05/25/2022 02:31:41 AM Calculated day 336
05/25/2022 02:31:47 AM Calculated day 337
05/25/2022 02:31:53 AM Calculated day 338
05/25/2022 02:32:00 AM Calculated day 339
05/25/2022 02:32:06 AM Calculated day 340
05/25/2022 02:32:12 AM Calculated day 341
05/25/2022 02:32:19 AM Calculated day 342
05/25/2022 02:32:25 AM Calculated day 343
05/25/2022 02:32:32 AM Calculated day 344
05/25/2022 02:32:38 AM Calculated day 345
05/25/2022 02:32:44 AM Calculated day 346
05/25/2022 02:32:51 AM Calculated day 347
05/25/2022 02:32:57 AM Calculated day 348
05/25/2022 02:33:04 AM Calculated day 349
05/25/2022 02:33:10 AM Calculated day 350
05/25/2022 02:33:16 AM Calculated day 351
05/25/2022 02:33:23 AM Calculated day 352
05/25/2022 02:33:29 AM Calculated day 353
05/25/2022 02:33:35 AM Calculated day 354
05/25/2022 02:33:42 AM Calculated day 355
05/25/2022 02:33:48 AM Calculated day 356
05/25/2022 02:33:55 AM Calculated day 357
05/25/2022 02:34:01 AM Calculated day 358
05/25/2022 02:34:07 AM Calculated day 359
05/25/2022 02:34:14 AM Calculated day 360
05/25/2022 02:34:20 AM Calculated day 361
05/25/2022 02:34:27 AM Calculated day 362
05/25/2022 02:34:33 AM Calculated day 363
05/25/2022 02:34:39 AM Calculated day 364
05/25/2022 02:34:46 AM Calculated day 365
05/25/2022 02:34:52 AM Calculated day 366
05/25/2022 02:34:58 AM Calculated day 367
05/25/2022 02:35:05 AM Calculated day 368
05/25/2022 02:35:11 AM Calculated day 369
05/25/2022 02:35:18 AM Calculated day 370
05/25/2022 02:35:24 AM Calculated day 371
05/25/2022 02:35:30 AM Calculated day 372
05/25/2022 02:35:37 AM Calculated day 373
05/25/2022 02:35:43 AM Calculated day 374
05/25/2022 02:35:50 AM Calculated day 375
05/25/2022 02:35:56 AM Calculated day 376
05/25/2022 02:36:02 AM Calculated day 377
05/25/2022 02:36:09 AM Calculated day 378
05/25/2022 02:36:15 AM Calculated day 379
05/25/2022 02:36:22 AM Calculated day 380
05/25/2022 02:36:28 AM Calculated day 381
05/25/2022 02:36:34 AM Calculated day 382
05/25/2022 02:36:41 AM Calculated day 383
05/25/2022 02:36:47 AM Calculated day 384
05/25/2022 02:36:53 AM Calculated day 385
05/25/2022 02:37:00 AM Calculated day 386
05/25/2022 02:37:06 AM Calculated day 387
05/25/2022 02:37:13 AM Calculated day 388
05/25/2022 02:37:19 AM Calculated day 389
05/25/2022 02:37:25 AM Calculated day 390
05/25/2022 02:37:32 AM Calculated day 391
05/25/2022 02:37:38 AM Calculated day 392
05/25/2022 02:37:45 AM Calculated day 393
05/25/2022 02:37:51 AM Calculated day 394
05/25/2022 02:37:57 AM Calculated day 395
05/25/2022 02:38:04 AM Calculated day 396
05/25/2022 02:38:10 AM Calculated day 397
05/25/2022 02:38:16 AM Calculated day 398
05/25/2022 02:38:23 AM Calculated day 399
05/25/2022 02:38:29 AM Calculated day 400
05/25/2022 02:38:36 AM Calculated day 401
05/25/2022 02:38:42 AM Calculated day 402
05/25/2022 02:38:48 AM Calculated day 403
05/25/2022 02:38:55 AM Calculated day 404
05/25/2022 02:39:01 AM Calculated day 405
05/25/2022 02:39:08 AM Calculated day 406
05/25/2022 02:39:14 AM Calculated day 407
05/25/2022 02:39:20 AM Calculated day 408
05/25/2022 02:39:27 AM Calculated day 409
05/25/2022 02:39:33 AM Calculated day 410
05/25/2022 02:39:39 AM Calculated day 411
05/25/2022 02:39:46 AM Calculated day 412
05/25/2022 02:39:52 AM Calculated day 413
05/25/2022 02:39:59 AM Calculated day 414
05/25/2022 02:40:05 AM Calculated day 415
05/25/2022 02:40:11 AM Calculated day 416
05/25/2022 02:40:18 AM Calculated day 417
05/25/2022 02:40:24 AM Calculated day 418
05/25/2022 02:40:31 AM Calculated day 419
05/25/2022 02:40:37 AM Calculated day 420
05/25/2022 02:40:43 AM Calculated day 421
05/25/2022 02:40:50 AM Calculated day 422
05/25/2022 02:40:56 AM Calculated day 423
05/25/2022 02:41:03 AM Calculated day 424
05/25/2022 02:41:09 AM Calculated day 425
05/25/2022 02:41:15 AM Calculated day 426
05/25/2022 02:41:22 AM Calculated day 427
05/25/2022 02:41:28 AM Calculated day 428
05/25/2022 02:41:34 AM Calculated day 429
05/25/2022 02:41:41 AM Calculated day 430
05/25/2022 02:41:47 AM Calculated day 431
05/25/2022 02:41:54 AM Calculated day 432
05/25/2022 02:42:00 AM Calculated day 433
05/25/2022 02:42:06 AM Calculated day 434
05/25/2022 02:42:13 AM Calculated day 435
05/25/2022 02:42:19 AM Calculated day 436
05/25/2022 02:42:26 AM Calculated day 437
05/25/2022 02:42:32 AM Calculated day 438
05/25/2022 02:42:38 AM Calculated day 439
05/25/2022 02:42:45 AM Calculated day 440
05/25/2022 02:42:51 AM Calculated day 441
05/25/2022 02:42:58 AM Calculated day 442
05/25/2022 02:43:04 AM Calculated day 443
05/25/2022 02:43:10 AM Calculated day 444
05/25/2022 02:43:17 AM Calculated day 445
05/25/2022 02:43:23 AM Calculated day 446
05/25/2022 02:43:30 AM Calculated day 447
05/25/2022 02:43:36 AM Calculated day 448
05/25/2022 02:43:42 AM Calculated day 449
05/25/2022 02:43:49 AM Calculated day 450
05/25/2022 02:43:55 AM Calculated day 451
05/25/2022 02:44:02 AM Calculated day 452
05/25/2022 02:44:08 AM Calculated day 453
05/25/2022 02:44:14 AM Calculated day 454
05/25/2022 02:44:21 AM Calculated day 455
05/25/2022 02:44:27 AM Calculated day 456
05/25/2022 02:44:34 AM Calculated day 457
05/25/2022 02:44:40 AM Calculated day 458
05/25/2022 02:44:46 AM Calculated day 459
05/25/2022 02:44:53 AM Calculated day 460
05/25/2022 02:44:59 AM Calculated day 461
05/25/2022 02:45:06 AM Calculated day 462
05/25/2022 02:45:12 AM Calculated day 463
05/25/2022 02:45:19 AM Calculated day 464
05/25/2022 02:45:25 AM Calculated day 465
05/25/2022 02:45:31 AM Calculated day 466
05/25/2022 02:45:38 AM Calculated day 467
05/25/2022 02:45:44 AM Calculated day 468
05/25/2022 02:45:51 AM Calculated day 469
05/25/2022 02:45:57 AM Calculated day 470
05/25/2022 02:46:03 AM Calculated day 471
05/25/2022 02:46:10 AM Calculated day 472
05/25/2022 02:46:16 AM Calculated day 473
05/25/2022 02:46:23 AM Calculated day 474
05/25/2022 02:46:29 AM Calculated day 475
05/25/2022 02:46:36 AM Calculated day 476
05/25/2022 02:46:42 AM Calculated day 477
05/25/2022 02:46:48 AM Calculated day 478
05/25/2022 02:46:55 AM Calculated day 479
05/25/2022 02:47:01 AM Calculated day 480
05/25/2022 02:47:08 AM Calculated day 481
05/25/2022 02:47:14 AM Calculated day 482
05/25/2022 02:47:21 AM Calculated day 483
05/25/2022 02:47:27 AM Calculated day 484
05/25/2022 02:47:34 AM Calculated day 485
05/25/2022 02:47:40 AM Calculated day 486
05/25/2022 02:47:46 AM Calculated day 487
05/25/2022 02:47:53 AM Calculated day 488
05/25/2022 02:47:59 AM Calculated day 489
05/25/2022 02:48:06 AM Calculated day 490
05/25/2022 02:48:12 AM Calculated day 491
05/25/2022 02:48:19 AM Calculated day 492
05/25/2022 02:48:25 AM Calculated day 493
05/25/2022 02:48:32 AM Calculated day 494
05/25/2022 02:48:38 AM Calculated day 495
05/25/2022 02:48:44 AM Calculated day 496
05/25/2022 02:48:51 AM Calculated day 497
05/25/2022 02:48:57 AM Calculated day 498
05/25/2022 02:49:04 AM Calculated day 499
05/25/2022 02:49:10 AM Calculated day 500
05/25/2022 02:49:17 AM Calculated day 501
05/25/2022 02:49:23 AM Calculated day 502
05/25/2022 02:49:30 AM Calculated day 503
05/25/2022 02:49:36 AM Calculated day 504
05/25/2022 02:49:42 AM Calculated day 505
05/25/2022 02:49:49 AM Calculated day 506
05/25/2022 02:49:55 AM Calculated day 507
05/25/2022 02:50:02 AM Calculated day 508
05/25/2022 02:50:08 AM Calculated day 509
05/25/2022 02:50:15 AM Calculated day 510
05/25/2022 02:50:21 AM Calculated day 511
05/25/2022 02:50:27 AM Calculated day 512
05/25/2022 02:50:34 AM Calculated day 513
05/25/2022 02:50:40 AM Calculated day 514
05/25/2022 02:50:46 AM Calculated day 515
05/25/2022 02:50:53 AM Calculated day 516
05/25/2022 02:50:59 AM Calculated day 517
05/25/2022 02:51:06 AM Calculated day 518
05/25/2022 02:51:12 AM Calculated day 519
05/25/2022 02:51:18 AM Calculated day 520
05/25/2022 02:51:25 AM Calculated day 521
05/25/2022 02:51:31 AM Calculated day 522
05/25/2022 02:51:38 AM Calculated day 523
05/25/2022 02:51:44 AM Calculated day 524
05/25/2022 02:51:50 AM Calculated day 525
05/25/2022 02:51:57 AM Calculated day 526
05/25/2022 02:52:03 AM Calculated day 527
05/25/2022 02:52:09 AM Calculated day 528
05/25/2022 02:52:16 AM Calculated day 529
05/25/2022 02:52:22 AM Calculated day 530
05/25/2022 02:52:29 AM Calculated day 531
05/25/2022 02:52:35 AM Calculated day 532
05/25/2022 02:52:41 AM Calculated day 533
05/25/2022 02:52:48 AM Calculated day 534
05/25/2022 02:52:54 AM Calculated day 535
05/25/2022 02:53:01 AM Calculated day 536
05/25/2022 02:53:07 AM Calculated day 537
05/25/2022 02:53:13 AM Calculated day 538
05/25/2022 02:53:20 AM Calculated day 539
05/25/2022 02:53:26 AM Calculated day 540
05/25/2022 02:53:33 AM Calculated day 541
05/25/2022 02:53:39 AM Calculated day 542
05/25/2022 02:53:45 AM Calculated day 543
05/25/2022 02:53:52 AM Calculated day 544
05/25/2022 02:53:58 AM Calculated day 545
05/25/2022 02:54:05 AM Calculated day 546
05/25/2022 02:54:11 AM Calculated day 547
05/25/2022 02:54:18 AM Calculated day 548
05/25/2022 02:54:24 AM Calculated day 549
05/25/2022 02:54:31 AM Calculated day 550
05/25/2022 02:54:37 AM Calculated day 551
05/25/2022 02:54:44 AM Calculated day 552
05/25/2022 02:54:50 AM Calculated day 553
05/25/2022 02:54:56 AM Calculated day 554
05/25/2022 02:55:03 AM Calculated day 555
05/25/2022 02:55:09 AM Calculated day 556
05/25/2022 02:55:16 AM Calculated day 557
05/25/2022 02:55:22 AM Calculated day 558
05/25/2022 02:55:28 AM Calculated day 559
05/25/2022 02:55:35 AM Calculated day 560
05/25/2022 02:55:41 AM Calculated day 561
05/25/2022 02:55:48 AM Calculated day 562
05/25/2022 02:55:54 AM Calculated day 563
05/25/2022 02:56:01 AM Calculated day 564
05/25/2022 02:56:07 AM Calculated day 565
05/25/2022 02:56:13 AM Calculated day 566
05/25/2022 02:56:20 AM Calculated day 567
05/25/2022 02:56:27 AM Calculated day 568
05/25/2022 02:56:33 AM Calculated day 569
05/25/2022 02:56:39 AM Calculated day 570
05/25/2022 02:56:46 AM Calculated day 571
05/25/2022 02:56:52 AM Calculated day 572
05/25/2022 02:56:59 AM Calculated day 573
05/25/2022 02:57:05 AM Calculated day 574
05/25/2022 02:57:11 AM Calculated day 575
05/25/2022 02:57:18 AM Calculated day 576
05/25/2022 02:57:24 AM Calculated day 577
05/25/2022 02:57:31 AM Calculated day 578
05/25/2022 02:57:37 AM Calculated day 579
05/25/2022 02:57:44 AM Calculated day 580
05/25/2022 02:57:50 AM Calculated day 581
05/25/2022 02:57:57 AM Calculated day 582
05/25/2022 02:58:03 AM Calculated day 583
05/25/2022 02:58:10 AM Calculated day 584
05/25/2022 02:58:16 AM Calculated day 585
05/25/2022 02:58:23 AM Calculated day 586
05/25/2022 02:58:29 AM Calculated day 587
05/25/2022 02:58:35 AM Calculated day 588
05/25/2022 02:58:42 AM Calculated day 589
05/25/2022 02:58:48 AM Calculated day 590
05/25/2022 02:58:55 AM Calculated day 591
05/25/2022 02:59:01 AM Calculated day 592
05/25/2022 02:59:08 AM Calculated day 593
05/25/2022 02:59:14 AM Calculated day 594
05/25/2022 02:59:21 AM Calculated day 595
05/25/2022 02:59:27 AM Calculated day 596
05/25/2022 02:59:33 AM Calculated day 597
05/25/2022 02:59:40 AM Calculated day 598
05/25/2022 02:59:46 AM Calculated day 599
05/25/2022 03:00:46 AM  ========== CODE RAN SUCCESSFULLY, congrats! ================
05/25/2022 03:00:46 AM  -----> Total Time taken = 3897.782  <----
