05/24/2022 09:25:48 PM **********************************
05/24/2022 09:25:48 PM /data/pbarpanda/spherical_SWE/evaluate_final_budget/transient_U_propagate_forcing_diff_Heq//dt_150_Q_forcing_5_forcing_y_0_Hmean_500_forcing_phase_speed_5_ms/U_up_days_217/
05/24/2022 09:25:48 PM **********************************
05/24/2022 09:25:48 PM Calculated day 0
05/24/2022 09:25:54 PM Calculated day 1
05/24/2022 09:26:03 PM Calculated day 2
05/24/2022 09:26:10 PM Calculated day 3
05/24/2022 09:26:16 PM Calculated day 4
05/24/2022 09:26:23 PM Calculated day 5
05/24/2022 09:26:29 PM Calculated day 6
05/24/2022 09:26:35 PM Calculated day 7
05/24/2022 09:26:42 PM Calculated day 8
05/24/2022 09:26:48 PM Calculated day 9
05/24/2022 09:26:55 PM Calculated day 10
05/24/2022 09:27:01 PM Calculated day 11
05/24/2022 09:27:07 PM Calculated day 12
05/24/2022 09:27:14 PM Calculated day 13
05/24/2022 09:27:20 PM Calculated day 14
05/24/2022 09:27:27 PM Calculated day 15
05/24/2022 09:27:33 PM Calculated day 16
05/24/2022 09:27:39 PM Calculated day 17
05/24/2022 09:27:46 PM Calculated day 18
05/24/2022 09:27:52 PM Calculated day 19
05/24/2022 09:27:58 PM Calculated day 20
05/24/2022 09:28:05 PM Calculated day 21
05/24/2022 09:28:11 PM Calculated day 22
05/24/2022 09:28:18 PM Calculated day 23
05/24/2022 09:28:24 PM Calculated day 24
05/24/2022 09:28:30 PM Calculated day 25
05/24/2022 09:28:37 PM Calculated day 26
05/24/2022 09:28:43 PM Calculated day 27
05/24/2022 09:28:50 PM Calculated day 28
05/24/2022 09:28:56 PM Calculated day 29
05/24/2022 09:29:02 PM Calculated day 30
05/24/2022 09:29:09 PM Calculated day 31
05/24/2022 09:29:15 PM Calculated day 32
05/24/2022 09:29:22 PM Calculated day 33
05/24/2022 09:29:28 PM Calculated day 34
05/24/2022 09:29:34 PM Calculated day 35
05/24/2022 09:29:41 PM Calculated day 36
05/24/2022 09:29:47 PM Calculated day 37
05/24/2022 09:29:54 PM Calculated day 38
05/24/2022 09:30:00 PM Calculated day 39
05/24/2022 09:30:06 PM Calculated day 40
05/24/2022 09:30:13 PM Calculated day 41
05/24/2022 09:30:19 PM Calculated day 42
05/24/2022 09:30:25 PM Calculated day 43
05/24/2022 09:30:32 PM Calculated day 44
05/24/2022 09:30:38 PM Calculated day 45
05/24/2022 09:30:45 PM Calculated day 46
05/24/2022 09:30:51 PM Calculated day 47
05/24/2022 09:30:57 PM Calculated day 48
05/24/2022 09:31:04 PM Calculated day 49
05/24/2022 09:31:10 PM Calculated day 50
05/24/2022 09:31:17 PM Calculated day 51
05/24/2022 09:31:23 PM Calculated day 52
05/24/2022 09:31:29 PM Calculated day 53
05/24/2022 09:31:36 PM Calculated day 54
05/24/2022 09:31:42 PM Calculated day 55
05/24/2022 09:31:49 PM Calculated day 56
05/24/2022 09:31:55 PM Calculated day 57
05/24/2022 09:32:01 PM Calculated day 58
05/24/2022 09:32:08 PM Calculated day 59
05/24/2022 09:32:14 PM Calculated day 60
05/24/2022 09:32:21 PM Calculated day 61
05/24/2022 09:32:27 PM Calculated day 62
05/24/2022 09:32:33 PM Calculated day 63
05/24/2022 09:32:40 PM Calculated day 64
05/24/2022 09:32:46 PM Calculated day 65
05/24/2022 09:32:52 PM Calculated day 66
05/24/2022 09:32:59 PM Calculated day 67
05/24/2022 09:33:05 PM Calculated day 68
05/24/2022 09:33:12 PM Calculated day 69
05/24/2022 09:33:18 PM Calculated day 70
05/24/2022 09:33:24 PM Calculated day 71
05/24/2022 09:33:31 PM Calculated day 72
05/24/2022 09:33:37 PM Calculated day 73
05/24/2022 09:33:43 PM Calculated day 74
05/24/2022 09:33:50 PM Calculated day 75
05/24/2022 09:33:56 PM Calculated day 76
05/24/2022 09:34:03 PM Calculated day 77
05/24/2022 09:34:09 PM Calculated day 78
05/24/2022 09:34:15 PM Calculated day 79
05/24/2022 09:34:22 PM Calculated day 80
05/24/2022 09:34:28 PM Calculated day 81
05/24/2022 09:34:34 PM Calculated day 82
05/24/2022 09:34:41 PM Calculated day 83
05/24/2022 09:34:47 PM Calculated day 84
05/24/2022 09:34:54 PM Calculated day 85
05/24/2022 09:35:00 PM Calculated day 86
05/24/2022 09:35:06 PM Calculated day 87
05/24/2022 09:35:13 PM Calculated day 88
05/24/2022 09:35:19 PM Calculated day 89
05/24/2022 09:35:26 PM Calculated day 90
05/24/2022 09:35:33 PM Calculated day 91
05/24/2022 09:35:39 PM Calculated day 92
05/24/2022 09:35:46 PM Calculated day 93
05/24/2022 09:35:53 PM Calculated day 94
05/24/2022 09:36:00 PM Calculated day 95
05/24/2022 09:36:06 PM Calculated day 96
05/24/2022 09:36:13 PM Calculated day 97
05/24/2022 09:36:20 PM Calculated day 98
05/24/2022 09:36:27 PM Calculated day 99
05/24/2022 09:36:33 PM Calculated day 100
05/24/2022 09:36:40 PM Calculated day 101
05/24/2022 09:36:46 PM Calculated day 102
05/24/2022 09:36:52 PM Calculated day 103
05/24/2022 09:36:59 PM Calculated day 104
05/24/2022 09:37:05 PM Calculated day 105
05/24/2022 09:37:12 PM Calculated day 106
05/24/2022 09:37:18 PM Calculated day 107
05/24/2022 09:37:24 PM Calculated day 108
05/24/2022 09:37:31 PM Calculated day 109
05/24/2022 09:37:37 PM Calculated day 110
05/24/2022 09:37:43 PM Calculated day 111
05/24/2022 09:37:50 PM Calculated day 112
05/24/2022 09:37:56 PM Calculated day 113
05/24/2022 09:38:03 PM Calculated day 114
05/24/2022 09:38:09 PM Calculated day 115
05/24/2022 09:38:15 PM Calculated day 116
05/24/2022 09:38:22 PM Calculated day 117
05/24/2022 09:38:28 PM Calculated day 118
05/24/2022 09:38:34 PM Calculated day 119
05/24/2022 09:38:41 PM Calculated day 120
05/24/2022 09:38:47 PM Calculated day 121
05/24/2022 09:38:53 PM Calculated day 122
05/24/2022 09:39:00 PM Calculated day 123
05/24/2022 09:39:06 PM Calculated day 124
05/24/2022 09:39:13 PM Calculated day 125
05/24/2022 09:39:19 PM Calculated day 126
05/24/2022 09:39:25 PM Calculated day 127
05/24/2022 09:39:32 PM Calculated day 128
05/24/2022 09:39:38 PM Calculated day 129
05/24/2022 09:39:45 PM Calculated day 130
05/24/2022 09:39:51 PM Calculated day 131
05/24/2022 09:39:57 PM Calculated day 132
05/24/2022 09:40:04 PM Calculated day 133
05/24/2022 09:40:10 PM Calculated day 134
05/24/2022 09:40:16 PM Calculated day 135
05/24/2022 09:40:23 PM Calculated day 136
05/24/2022 09:40:29 PM Calculated day 137
05/24/2022 09:40:36 PM Calculated day 138
05/24/2022 09:40:42 PM Calculated day 139
05/24/2022 09:40:48 PM Calculated day 140
05/24/2022 09:40:55 PM Calculated day 141
05/24/2022 09:41:01 PM Calculated day 142
05/24/2022 09:41:07 PM Calculated day 143
05/24/2022 09:41:14 PM Calculated day 144
05/24/2022 09:41:20 PM Calculated day 145
05/24/2022 09:41:27 PM Calculated day 146
05/24/2022 09:41:33 PM Calculated day 147
05/24/2022 09:41:39 PM Calculated day 148
05/24/2022 09:41:46 PM Calculated day 149
05/24/2022 09:41:52 PM Calculated day 150
05/24/2022 09:41:58 PM Calculated day 151
05/24/2022 09:42:05 PM Calculated day 152
05/24/2022 09:42:11 PM Calculated day 153
05/24/2022 09:42:17 PM Calculated day 154
05/24/2022 09:42:24 PM Calculated day 155
05/24/2022 09:42:30 PM Calculated day 156
05/24/2022 09:42:37 PM Calculated day 157
05/24/2022 09:42:43 PM Calculated day 158
05/24/2022 09:42:49 PM Calculated day 159
05/24/2022 09:42:56 PM Calculated day 160
05/24/2022 09:43:02 PM Calculated day 161
05/24/2022 09:43:08 PM Calculated day 162
05/24/2022 09:43:15 PM Calculated day 163
05/24/2022 09:43:21 PM Calculated day 164
05/24/2022 09:43:27 PM Calculated day 165
05/24/2022 09:43:34 PM Calculated day 166
05/24/2022 09:43:40 PM Calculated day 167
05/24/2022 09:43:46 PM Calculated day 168
05/24/2022 09:43:53 PM Calculated day 169
05/24/2022 09:43:59 PM Calculated day 170
05/24/2022 09:44:06 PM Calculated day 171
05/24/2022 09:44:12 PM Calculated day 172
05/24/2022 09:44:18 PM Calculated day 173
05/24/2022 09:44:25 PM Calculated day 174
05/24/2022 09:44:31 PM Calculated day 175
05/24/2022 09:44:37 PM Calculated day 176
05/24/2022 09:44:44 PM Calculated day 177
05/24/2022 09:44:50 PM Calculated day 178
05/24/2022 09:44:57 PM Calculated day 179
05/24/2022 09:45:03 PM Calculated day 180
05/24/2022 09:45:09 PM Calculated day 181
05/24/2022 09:45:16 PM Calculated day 182
05/24/2022 09:45:22 PM Calculated day 183
05/24/2022 09:45:28 PM Calculated day 184
05/24/2022 09:45:35 PM Calculated day 185
05/24/2022 09:45:41 PM Calculated day 186
05/24/2022 09:45:47 PM Calculated day 187
05/24/2022 09:45:54 PM Calculated day 188
05/24/2022 09:46:00 PM Calculated day 189
05/24/2022 09:46:07 PM Calculated day 190
05/24/2022 09:46:13 PM Calculated day 191
05/24/2022 09:46:19 PM Calculated day 192
05/24/2022 09:46:26 PM Calculated day 193
05/24/2022 09:46:32 PM Calculated day 194
05/24/2022 09:46:38 PM Calculated day 195
05/24/2022 09:46:45 PM Calculated day 196
05/24/2022 09:46:51 PM Calculated day 197
05/24/2022 09:46:57 PM Calculated day 198
05/24/2022 09:47:04 PM Calculated day 199
05/24/2022 09:47:10 PM Calculated day 200
05/24/2022 09:47:17 PM Calculated day 201
05/24/2022 09:47:23 PM Calculated day 202
05/24/2022 09:47:29 PM Calculated day 203
05/24/2022 09:47:36 PM Calculated day 204
05/24/2022 09:47:42 PM Calculated day 205
05/24/2022 09:47:48 PM Calculated day 206
05/24/2022 09:47:55 PM Calculated day 207
05/24/2022 09:48:01 PM Calculated day 208
05/24/2022 09:48:07 PM Calculated day 209
05/24/2022 09:48:14 PM Calculated day 210
05/24/2022 09:48:20 PM Calculated day 211
05/24/2022 09:48:26 PM Calculated day 212
05/24/2022 09:48:33 PM Calculated day 213
05/24/2022 09:48:39 PM Calculated day 214
05/24/2022 09:48:46 PM Calculated day 215
05/24/2022 09:48:52 PM Calculated day 216
05/24/2022 09:49:00 PM Calculated day 217
05/24/2022 09:49:09 PM Calculated day 218
05/24/2022 09:49:15 PM Calculated day 219
05/24/2022 09:49:22 PM Calculated day 220
05/24/2022 09:49:28 PM Calculated day 221
05/24/2022 09:49:35 PM Calculated day 222
05/24/2022 09:49:41 PM Calculated day 223
05/24/2022 09:49:47 PM Calculated day 224
05/24/2022 09:49:54 PM Calculated day 225
05/24/2022 09:50:00 PM Calculated day 226
05/24/2022 09:50:06 PM Calculated day 227
05/24/2022 09:50:13 PM Calculated day 228
05/24/2022 09:50:19 PM Calculated day 229
05/24/2022 09:50:26 PM Calculated day 230
05/24/2022 09:50:32 PM Calculated day 231
05/24/2022 09:50:38 PM Calculated day 232
05/24/2022 09:50:45 PM Calculated day 233
05/24/2022 09:50:51 PM Calculated day 234
05/24/2022 09:50:57 PM Calculated day 235
05/24/2022 09:51:04 PM Calculated day 236
05/24/2022 09:51:10 PM Calculated day 237
05/24/2022 09:51:16 PM Calculated day 238
05/24/2022 09:51:23 PM Calculated day 239
05/24/2022 09:51:29 PM Calculated day 240
05/24/2022 09:51:36 PM Calculated day 241
05/24/2022 09:51:42 PM Calculated day 242
05/24/2022 09:51:48 PM Calculated day 243
05/24/2022 09:51:55 PM Calculated day 244
05/24/2022 09:52:01 PM Calculated day 245
05/24/2022 09:52:07 PM Calculated day 246
05/24/2022 09:52:14 PM Calculated day 247
05/24/2022 09:52:20 PM Calculated day 248
05/24/2022 09:52:26 PM Calculated day 249
05/24/2022 09:52:33 PM Calculated day 250
05/24/2022 09:52:39 PM Calculated day 251
05/24/2022 09:52:46 PM Calculated day 252
05/24/2022 09:52:52 PM Calculated day 253
05/24/2022 09:52:58 PM Calculated day 254
05/24/2022 09:53:05 PM Calculated day 255
05/24/2022 09:53:11 PM Calculated day 256
05/24/2022 09:53:17 PM Calculated day 257
05/24/2022 09:53:24 PM Calculated day 258
05/24/2022 09:53:30 PM Calculated day 259
05/24/2022 09:53:36 PM Calculated day 260
05/24/2022 09:53:43 PM Calculated day 261
05/24/2022 09:53:49 PM Calculated day 262
05/24/2022 09:53:55 PM Calculated day 263
05/24/2022 09:54:02 PM Calculated day 264
05/24/2022 09:54:08 PM Calculated day 265
05/24/2022 09:54:15 PM Calculated day 266
05/24/2022 09:54:21 PM Calculated day 267
05/24/2022 09:54:27 PM Calculated day 268
05/24/2022 09:54:34 PM Calculated day 269
05/24/2022 09:54:40 PM Calculated day 270
05/24/2022 09:54:46 PM Calculated day 271
05/24/2022 09:54:53 PM Calculated day 272
05/24/2022 09:54:59 PM Calculated day 273
05/24/2022 09:55:05 PM Calculated day 274
05/24/2022 09:55:12 PM Calculated day 275
05/24/2022 09:55:18 PM Calculated day 276
05/24/2022 09:55:25 PM Calculated day 277
05/24/2022 09:55:31 PM Calculated day 278
05/24/2022 09:55:38 PM Calculated day 279
05/24/2022 09:55:44 PM Calculated day 280
05/24/2022 09:55:50 PM Calculated day 281
05/24/2022 09:55:57 PM Calculated day 282
05/24/2022 09:56:03 PM Calculated day 283
05/24/2022 09:56:09 PM Calculated day 284
05/24/2022 09:56:16 PM Calculated day 285
05/24/2022 09:56:22 PM Calculated day 286
05/24/2022 09:56:29 PM Calculated day 287
05/24/2022 09:56:35 PM Calculated day 288
05/24/2022 09:56:41 PM Calculated day 289
05/24/2022 09:56:48 PM Calculated day 290
05/24/2022 09:56:54 PM Calculated day 291
05/24/2022 09:57:00 PM Calculated day 292
05/24/2022 09:57:07 PM Calculated day 293
05/24/2022 09:57:13 PM Calculated day 294
05/24/2022 09:57:19 PM Calculated day 295
05/24/2022 09:57:26 PM Calculated day 296
05/24/2022 09:57:32 PM Calculated day 297
05/24/2022 09:57:39 PM Calculated day 298
05/24/2022 09:57:45 PM Calculated day 299
05/24/2022 09:57:51 PM Calculated day 300
05/24/2022 09:57:58 PM Calculated day 301
05/24/2022 09:58:04 PM Calculated day 302
05/24/2022 09:58:10 PM Calculated day 303
05/24/2022 09:58:17 PM Calculated day 304
05/24/2022 09:58:23 PM Calculated day 305
05/24/2022 09:58:29 PM Calculated day 306
05/24/2022 09:58:36 PM Calculated day 307
05/24/2022 09:58:42 PM Calculated day 308
05/24/2022 09:58:49 PM Calculated day 309
05/24/2022 09:58:55 PM Calculated day 310
05/24/2022 09:59:01 PM Calculated day 311
05/24/2022 09:59:08 PM Calculated day 312
05/24/2022 09:59:14 PM Calculated day 313
05/24/2022 09:59:20 PM Calculated day 314
05/24/2022 09:59:27 PM Calculated day 315
05/24/2022 09:59:33 PM Calculated day 316
05/24/2022 09:59:40 PM Calculated day 317
05/24/2022 09:59:46 PM Calculated day 318
05/24/2022 09:59:52 PM Calculated day 319
05/24/2022 09:59:59 PM Calculated day 320
05/24/2022 10:00:05 PM Calculated day 321
05/24/2022 10:00:11 PM Calculated day 322
05/24/2022 10:00:18 PM Calculated day 323
05/24/2022 10:00:24 PM Calculated day 324
05/24/2022 10:00:31 PM Calculated day 325
05/24/2022 10:00:37 PM Calculated day 326
05/24/2022 10:00:43 PM Calculated day 327
05/24/2022 10:00:50 PM Calculated day 328
05/24/2022 10:00:56 PM Calculated day 329
05/24/2022 10:01:02 PM Calculated day 330
05/24/2022 10:01:09 PM Calculated day 331
05/24/2022 10:01:15 PM Calculated day 332
05/24/2022 10:01:22 PM Calculated day 333
05/24/2022 10:01:28 PM Calculated day 334
05/24/2022 10:01:34 PM Calculated day 335
05/24/2022 10:01:41 PM Calculated day 336
05/24/2022 10:01:47 PM Calculated day 337
05/24/2022 10:01:53 PM Calculated day 338
05/24/2022 10:02:00 PM Calculated day 339
05/24/2022 10:02:06 PM Calculated day 340
05/24/2022 10:02:12 PM Calculated day 341
05/24/2022 10:02:19 PM Calculated day 342
05/24/2022 10:02:25 PM Calculated day 343
05/24/2022 10:02:32 PM Calculated day 344
05/24/2022 10:02:38 PM Calculated day 345
05/24/2022 10:02:44 PM Calculated day 346
05/24/2022 10:02:51 PM Calculated day 347
05/24/2022 10:02:57 PM Calculated day 348
05/24/2022 10:03:03 PM Calculated day 349
05/24/2022 10:03:10 PM Calculated day 350
05/24/2022 10:03:16 PM Calculated day 351
05/24/2022 10:03:22 PM Calculated day 352
05/24/2022 10:03:29 PM Calculated day 353
05/24/2022 10:03:35 PM Calculated day 354
05/24/2022 10:03:42 PM Calculated day 355
05/24/2022 10:03:48 PM Calculated day 356
05/24/2022 10:03:54 PM Calculated day 357
05/24/2022 10:04:01 PM Calculated day 358
05/24/2022 10:04:07 PM Calculated day 359
05/24/2022 10:04:13 PM Calculated day 360
05/24/2022 10:04:20 PM Calculated day 361
05/24/2022 10:04:26 PM Calculated day 362
05/24/2022 10:04:33 PM Calculated day 363
05/24/2022 10:04:39 PM Calculated day 364
05/24/2022 10:04:45 PM Calculated day 365
05/24/2022 10:04:52 PM Calculated day 366
05/24/2022 10:04:58 PM Calculated day 367
05/24/2022 10:05:04 PM Calculated day 368
05/24/2022 10:05:11 PM Calculated day 369
05/24/2022 10:05:17 PM Calculated day 370
05/24/2022 10:05:24 PM Calculated day 371
05/24/2022 10:05:30 PM Calculated day 372
05/24/2022 10:05:36 PM Calculated day 373
05/24/2022 10:05:43 PM Calculated day 374
05/24/2022 10:05:49 PM Calculated day 375
05/24/2022 10:05:55 PM Calculated day 376
05/24/2022 10:06:02 PM Calculated day 377
05/24/2022 10:06:08 PM Calculated day 378
05/24/2022 10:06:15 PM Calculated day 379
05/24/2022 10:06:21 PM Calculated day 380
05/24/2022 10:06:27 PM Calculated day 381
05/24/2022 10:06:34 PM Calculated day 382
05/24/2022 10:06:40 PM Calculated day 383
05/24/2022 10:06:46 PM Calculated day 384
05/24/2022 10:06:53 PM Calculated day 385
05/24/2022 10:06:59 PM Calculated day 386
05/24/2022 10:07:06 PM Calculated day 387
05/24/2022 10:07:12 PM Calculated day 388
05/24/2022 10:07:18 PM Calculated day 389
05/24/2022 10:07:25 PM Calculated day 390
05/24/2022 10:07:31 PM Calculated day 391
05/24/2022 10:07:38 PM Calculated day 392
05/24/2022 10:07:44 PM Calculated day 393
05/24/2022 10:07:50 PM Calculated day 394
05/24/2022 10:07:57 PM Calculated day 395
05/24/2022 10:08:03 PM Calculated day 396
05/24/2022 10:08:09 PM Calculated day 397
05/24/2022 10:08:16 PM Calculated day 398
05/24/2022 10:08:22 PM Calculated day 399
05/24/2022 10:08:29 PM Calculated day 400
05/24/2022 10:08:35 PM Calculated day 401
05/24/2022 10:08:41 PM Calculated day 402
05/24/2022 10:08:48 PM Calculated day 403
05/24/2022 10:08:54 PM Calculated day 404
05/24/2022 10:09:01 PM Calculated day 405
05/24/2022 10:09:07 PM Calculated day 406
05/24/2022 10:09:14 PM Calculated day 407
05/24/2022 10:09:20 PM Calculated day 408
05/24/2022 10:09:26 PM Calculated day 409
05/24/2022 10:09:33 PM Calculated day 410
05/24/2022 10:09:39 PM Calculated day 411
05/24/2022 10:09:46 PM Calculated day 412
05/24/2022 10:09:52 PM Calculated day 413
05/24/2022 10:09:58 PM Calculated day 414
05/24/2022 10:10:05 PM Calculated day 415
05/24/2022 10:10:11 PM Calculated day 416
05/24/2022 10:10:18 PM Calculated day 417
05/24/2022 10:10:24 PM Calculated day 418
05/24/2022 10:10:30 PM Calculated day 419
05/24/2022 10:10:37 PM Calculated day 420
05/24/2022 10:10:43 PM Calculated day 421
05/24/2022 10:10:50 PM Calculated day 422
05/24/2022 10:10:56 PM Calculated day 423
05/24/2022 10:11:02 PM Calculated day 424
05/24/2022 10:11:09 PM Calculated day 425
05/24/2022 10:11:15 PM Calculated day 426
05/24/2022 10:11:22 PM Calculated day 427
05/24/2022 10:11:28 PM Calculated day 428
05/24/2022 10:11:34 PM Calculated day 429
05/24/2022 10:11:41 PM Calculated day 430
05/24/2022 10:11:47 PM Calculated day 431
05/24/2022 10:11:53 PM Calculated day 432
05/24/2022 10:12:00 PM Calculated day 433
05/24/2022 10:12:06 PM Calculated day 434
05/24/2022 10:12:13 PM Calculated day 435
05/24/2022 10:12:19 PM Calculated day 436
05/24/2022 10:12:25 PM Calculated day 437
05/24/2022 10:12:32 PM Calculated day 438
05/24/2022 10:12:38 PM Calculated day 439
05/24/2022 10:12:45 PM Calculated day 440
05/24/2022 10:12:51 PM Calculated day 441
05/24/2022 10:12:57 PM Calculated day 442
05/24/2022 10:13:04 PM Calculated day 443
05/24/2022 10:13:10 PM Calculated day 444
05/24/2022 10:13:17 PM Calculated day 445
05/24/2022 10:13:23 PM Calculated day 446
05/24/2022 10:13:29 PM Calculated day 447
05/24/2022 10:13:36 PM Calculated day 448
05/24/2022 10:13:42 PM Calculated day 449
05/24/2022 10:13:48 PM Calculated day 450
05/24/2022 10:13:55 PM Calculated day 451
05/24/2022 10:14:01 PM Calculated day 452
05/24/2022 10:14:08 PM Calculated day 453
05/24/2022 10:14:14 PM Calculated day 454
05/24/2022 10:14:20 PM Calculated day 455
05/24/2022 10:14:27 PM Calculated day 456
05/24/2022 10:14:33 PM Calculated day 457
05/24/2022 10:14:40 PM Calculated day 458
05/24/2022 10:14:46 PM Calculated day 459
05/24/2022 10:14:52 PM Calculated day 460
05/24/2022 10:14:59 PM Calculated day 461
05/24/2022 10:15:05 PM Calculated day 462
05/24/2022 10:15:12 PM Calculated day 463
05/24/2022 10:15:18 PM Calculated day 464
05/24/2022 10:15:25 PM Calculated day 465
05/24/2022 10:15:32 PM Calculated day 466
05/24/2022 10:15:38 PM Calculated day 467
05/24/2022 10:15:45 PM Calculated day 468
05/24/2022 10:15:51 PM Calculated day 469
05/24/2022 10:15:58 PM Calculated day 470
05/24/2022 10:16:04 PM Calculated day 471
05/24/2022 10:16:11 PM Calculated day 472
05/24/2022 10:16:18 PM Calculated day 473
05/24/2022 10:16:24 PM Calculated day 474
05/24/2022 10:16:30 PM Calculated day 475
05/24/2022 10:16:37 PM Calculated day 476
05/24/2022 10:16:43 PM Calculated day 477
05/24/2022 10:16:50 PM Calculated day 478
05/24/2022 10:16:56 PM Calculated day 479
05/24/2022 10:17:03 PM Calculated day 480
05/24/2022 10:17:09 PM Calculated day 481
05/24/2022 10:17:15 PM Calculated day 482
05/24/2022 10:17:22 PM Calculated day 483
05/24/2022 10:17:28 PM Calculated day 484
05/24/2022 10:17:35 PM Calculated day 485
05/24/2022 10:17:41 PM Calculated day 486
05/24/2022 10:17:48 PM Calculated day 487
05/24/2022 10:17:54 PM Calculated day 488
05/24/2022 10:18:01 PM Calculated day 489
05/24/2022 10:18:07 PM Calculated day 490
05/24/2022 10:18:14 PM Calculated day 491
05/24/2022 10:18:20 PM Calculated day 492
05/24/2022 10:18:27 PM Calculated day 493
05/24/2022 10:18:33 PM Calculated day 494
05/24/2022 10:18:39 PM Calculated day 495
05/24/2022 10:18:46 PM Calculated day 496
05/24/2022 10:18:52 PM Calculated day 497
05/24/2022 10:18:59 PM Calculated day 498
05/24/2022 10:19:05 PM Calculated day 499
05/24/2022 10:19:12 PM Calculated day 500
05/24/2022 10:19:18 PM Calculated day 501
05/24/2022 10:19:25 PM Calculated day 502
05/24/2022 10:19:31 PM Calculated day 503
05/24/2022 10:19:37 PM Calculated day 504
05/24/2022 10:19:44 PM Calculated day 505
05/24/2022 10:19:50 PM Calculated day 506
05/24/2022 10:19:57 PM Calculated day 507
05/24/2022 10:20:03 PM Calculated day 508
05/24/2022 10:20:10 PM Calculated day 509
05/24/2022 10:20:16 PM Calculated day 510
05/24/2022 10:20:23 PM Calculated day 511
05/24/2022 10:20:29 PM Calculated day 512
05/24/2022 10:20:35 PM Calculated day 513
05/24/2022 10:20:42 PM Calculated day 514
05/24/2022 10:20:48 PM Calculated day 515
05/24/2022 10:20:55 PM Calculated day 516
05/24/2022 10:21:01 PM Calculated day 517
05/24/2022 10:21:07 PM Calculated day 518
05/24/2022 10:21:14 PM Calculated day 519
05/24/2022 10:21:20 PM Calculated day 520
05/24/2022 10:21:27 PM Calculated day 521
05/24/2022 10:21:33 PM Calculated day 522
05/24/2022 10:21:39 PM Calculated day 523
05/24/2022 10:21:46 PM Calculated day 524
05/24/2022 10:21:52 PM Calculated day 525
05/24/2022 10:21:59 PM Calculated day 526
05/24/2022 10:22:05 PM Calculated day 527
05/24/2022 10:22:11 PM Calculated day 528
05/24/2022 10:22:18 PM Calculated day 529
05/24/2022 10:22:24 PM Calculated day 530
05/24/2022 10:22:31 PM Calculated day 531
05/24/2022 10:22:37 PM Calculated day 532
05/24/2022 10:22:43 PM Calculated day 533
05/24/2022 10:22:50 PM Calculated day 534
05/24/2022 10:22:56 PM Calculated day 535
05/24/2022 10:23:02 PM Calculated day 536
05/24/2022 10:23:09 PM Calculated day 537
05/24/2022 10:23:15 PM Calculated day 538
05/24/2022 10:23:22 PM Calculated day 539
05/24/2022 10:23:28 PM Calculated day 540
05/24/2022 10:23:34 PM Calculated day 541
05/24/2022 10:23:41 PM Calculated day 542
05/24/2022 10:23:47 PM Calculated day 543
05/24/2022 10:23:54 PM Calculated day 544
05/24/2022 10:24:00 PM Calculated day 545
05/24/2022 10:24:06 PM Calculated day 546
05/24/2022 10:24:13 PM Calculated day 547
05/24/2022 10:24:19 PM Calculated day 548
05/24/2022 10:24:26 PM Calculated day 549
05/24/2022 10:24:32 PM Calculated day 550
05/24/2022 10:24:39 PM Calculated day 551
05/24/2022 10:24:45 PM Calculated day 552
05/24/2022 10:24:51 PM Calculated day 553
05/24/2022 10:24:58 PM Calculated day 554
05/24/2022 10:25:04 PM Calculated day 555
05/24/2022 10:25:11 PM Calculated day 556
05/24/2022 10:25:17 PM Calculated day 557
05/24/2022 10:25:24 PM Calculated day 558
05/24/2022 10:25:30 PM Calculated day 559
05/24/2022 10:25:37 PM Calculated day 560
05/24/2022 10:25:43 PM Calculated day 561
05/24/2022 10:25:49 PM Calculated day 562
05/24/2022 10:25:56 PM Calculated day 563
05/24/2022 10:26:02 PM Calculated day 564
05/24/2022 10:26:09 PM Calculated day 565
05/24/2022 10:26:15 PM Calculated day 566
05/24/2022 10:26:22 PM Calculated day 567
05/24/2022 10:26:28 PM Calculated day 568
05/24/2022 10:26:35 PM Calculated day 569
05/24/2022 10:26:41 PM Calculated day 570
05/24/2022 10:26:47 PM Calculated day 571
05/24/2022 10:26:54 PM Calculated day 572
05/24/2022 10:27:00 PM Calculated day 573
05/24/2022 10:27:07 PM Calculated day 574
05/24/2022 10:27:13 PM Calculated day 575
05/24/2022 10:27:20 PM Calculated day 576
05/24/2022 10:27:26 PM Calculated day 577
05/24/2022 10:27:33 PM Calculated day 578
05/24/2022 10:27:39 PM Calculated day 579
05/24/2022 10:27:45 PM Calculated day 580
05/24/2022 10:27:52 PM Calculated day 581
05/24/2022 10:27:58 PM Calculated day 582
05/24/2022 10:28:05 PM Calculated day 583
05/24/2022 10:28:11 PM Calculated day 584
05/24/2022 10:28:17 PM Calculated day 585
05/24/2022 10:28:24 PM Calculated day 586
05/24/2022 10:28:30 PM Calculated day 587
05/24/2022 10:28:37 PM Calculated day 588
05/24/2022 10:28:43 PM Calculated day 589
05/24/2022 10:28:50 PM Calculated day 590
05/24/2022 10:28:56 PM Calculated day 591
05/24/2022 10:29:03 PM Calculated day 592
05/24/2022 10:29:09 PM Calculated day 593
05/24/2022 10:29:15 PM Calculated day 594
05/24/2022 10:29:22 PM Calculated day 595
05/24/2022 10:29:28 PM Calculated day 596
05/24/2022 10:29:35 PM Calculated day 597
05/24/2022 10:29:41 PM Calculated day 598
05/24/2022 10:29:48 PM Calculated day 599
05/24/2022 10:30:48 PM  ========== CODE RAN SUCCESSFULLY, congrats! ================
05/24/2022 10:30:48 PM  -----> Total Time taken = 3900.324  <----
