05/25/2022 12:00:16 AM **********************************
05/25/2022 12:00:16 AM /data/pbarpanda/spherical_SWE/evaluate_final_budget/transient_U_propagate_forcing_diff_Heq//dt_150_Q_forcing_5_forcing_y_0_Hmean_200_forcing_phase_speed_5_ms/U_up_days_217/
05/25/2022 12:00:16 AM **********************************
05/25/2022 12:00:16 AM Calculated day 0
05/25/2022 12:00:23 AM Calculated day 1
05/25/2022 12:00:30 AM Calculated day 2
05/25/2022 12:00:38 AM Calculated day 3
05/25/2022 12:00:45 AM Calculated day 4
05/25/2022 12:00:52 AM Calculated day 5
05/25/2022 12:00:58 AM Calculated day 6
05/25/2022 12:01:05 AM Calculated day 7
05/25/2022 12:01:12 AM Calculated day 8
05/25/2022 12:01:19 AM Calculated day 9
05/25/2022 12:01:26 AM Calculated day 10
05/25/2022 12:01:33 AM Calculated day 11
05/25/2022 12:01:40 AM Calculated day 12
05/25/2022 12:01:47 AM Calculated day 13
05/25/2022 12:01:54 AM Calculated day 14
05/25/2022 12:02:01 AM Calculated day 15
05/25/2022 12:02:08 AM Calculated day 16
05/25/2022 12:02:16 AM Calculated day 17
05/25/2022 12:02:23 AM Calculated day 18
05/25/2022 12:02:30 AM Calculated day 19
05/25/2022 12:02:37 AM Calculated day 20
05/25/2022 12:02:44 AM Calculated day 21
05/25/2022 12:02:51 AM Calculated day 22
05/25/2022 12:02:58 AM Calculated day 23
05/25/2022 12:03:06 AM Calculated day 24
05/25/2022 12:03:13 AM Calculated day 25
05/25/2022 12:03:20 AM Calculated day 26
05/25/2022 12:03:27 AM Calculated day 27
05/25/2022 12:03:34 AM Calculated day 28
05/25/2022 12:03:41 AM Calculated day 29
05/25/2022 12:03:49 AM Calculated day 30
05/25/2022 12:03:56 AM Calculated day 31
05/25/2022 12:04:03 AM Calculated day 32
05/25/2022 12:04:10 AM Calculated day 33
05/25/2022 12:04:17 AM Calculated day 34
05/25/2022 12:04:25 AM Calculated day 35
05/25/2022 12:04:32 AM Calculated day 36
05/25/2022 12:04:39 AM Calculated day 37
05/25/2022 12:04:46 AM Calculated day 38
05/25/2022 12:04:53 AM Calculated day 39
05/25/2022 12:05:01 AM Calculated day 40
05/25/2022 12:05:08 AM Calculated day 41
05/25/2022 12:05:15 AM Calculated day 42
05/25/2022 12:05:22 AM Calculated day 43
05/25/2022 12:05:29 AM Calculated day 44
05/25/2022 12:05:37 AM Calculated day 45
05/25/2022 12:05:44 AM Calculated day 46
05/25/2022 12:05:51 AM Calculated day 47
05/25/2022 12:05:58 AM Calculated day 48
05/25/2022 12:06:05 AM Calculated day 49
05/25/2022 12:06:13 AM Calculated day 50
05/25/2022 12:06:20 AM Calculated day 51
05/25/2022 12:06:27 AM Calculated day 52
05/25/2022 12:06:34 AM Calculated day 53
05/25/2022 12:06:42 AM Calculated day 54
05/25/2022 12:06:49 AM Calculated day 55
05/25/2022 12:06:56 AM Calculated day 56
05/25/2022 12:07:03 AM Calculated day 57
05/25/2022 12:07:10 AM Calculated day 58
05/25/2022 12:07:18 AM Calculated day 59
05/25/2022 12:07:25 AM Calculated day 60
05/25/2022 12:07:32 AM Calculated day 61
05/25/2022 12:07:39 AM Calculated day 62
05/25/2022 12:07:46 AM Calculated day 63
05/25/2022 12:07:53 AM Calculated day 64
05/25/2022 12:08:01 AM Calculated day 65
05/25/2022 12:08:08 AM Calculated day 66
05/25/2022 12:08:15 AM Calculated day 67
05/25/2022 12:08:22 AM Calculated day 68
05/25/2022 12:08:29 AM Calculated day 69
05/25/2022 12:08:37 AM Calculated day 70
05/25/2022 12:08:44 AM Calculated day 71
05/25/2022 12:08:51 AM Calculated day 72
05/25/2022 12:08:58 AM Calculated day 73
05/25/2022 12:09:05 AM Calculated day 74
05/25/2022 12:09:13 AM Calculated day 75
05/25/2022 12:09:20 AM Calculated day 76
05/25/2022 12:09:27 AM Calculated day 77
05/25/2022 12:09:34 AM Calculated day 78
05/25/2022 12:09:41 AM Calculated day 79
05/25/2022 12:09:49 AM Calculated day 80
05/25/2022 12:09:56 AM Calculated day 81
05/25/2022 12:10:03 AM Calculated day 82
05/25/2022 12:10:10 AM Calculated day 83
05/25/2022 12:10:17 AM Calculated day 84
05/25/2022 12:10:25 AM Calculated day 85
05/25/2022 12:10:32 AM Calculated day 86
05/25/2022 12:10:39 AM Calculated day 87
05/25/2022 12:10:46 AM Calculated day 88
05/25/2022 12:10:53 AM Calculated day 89
05/25/2022 12:11:00 AM Calculated day 90
05/25/2022 12:11:08 AM Calculated day 91
05/25/2022 12:11:15 AM Calculated day 92
05/25/2022 12:11:22 AM Calculated day 93
05/25/2022 12:11:29 AM Calculated day 94
05/25/2022 12:11:36 AM Calculated day 95
05/25/2022 12:11:43 AM Calculated day 96
05/25/2022 12:11:51 AM Calculated day 97
05/25/2022 12:11:58 AM Calculated day 98
05/25/2022 12:12:05 AM Calculated day 99
05/25/2022 12:12:12 AM Calculated day 100
05/25/2022 12:12:19 AM Calculated day 101
05/25/2022 12:12:26 AM Calculated day 102
05/25/2022 12:12:34 AM Calculated day 103
05/25/2022 12:12:41 AM Calculated day 104
05/25/2022 12:12:48 AM Calculated day 105
05/25/2022 12:12:55 AM Calculated day 106
05/25/2022 12:13:03 AM Calculated day 107
05/25/2022 12:13:10 AM Calculated day 108
05/25/2022 12:13:17 AM Calculated day 109
05/25/2022 12:13:24 AM Calculated day 110
05/25/2022 12:13:31 AM Calculated day 111
05/25/2022 12:13:38 AM Calculated day 112
05/25/2022 12:13:45 AM Calculated day 113
05/25/2022 12:13:52 AM Calculated day 114
05/25/2022 12:13:59 AM Calculated day 115
05/25/2022 12:14:06 AM Calculated day 116
05/25/2022 12:14:13 AM Calculated day 117
05/25/2022 12:14:20 AM Calculated day 118
05/25/2022 12:14:27 AM Calculated day 119
05/25/2022 12:14:33 AM Calculated day 120
05/25/2022 12:14:40 AM Calculated day 121
05/25/2022 12:14:47 AM Calculated day 122
05/25/2022 12:14:54 AM Calculated day 123
05/25/2022 12:15:01 AM Calculated day 124
05/25/2022 12:15:08 AM Calculated day 125
05/25/2022 12:15:15 AM Calculated day 126
05/25/2022 12:15:22 AM Calculated day 127
05/25/2022 12:15:29 AM Calculated day 128
05/25/2022 12:15:36 AM Calculated day 129
05/25/2022 12:15:43 AM Calculated day 130
05/25/2022 12:15:50 AM Calculated day 131
05/25/2022 12:15:57 AM Calculated day 132
05/25/2022 12:16:04 AM Calculated day 133
05/25/2022 12:16:11 AM Calculated day 134
05/25/2022 12:16:18 AM Calculated day 135
05/25/2022 12:16:25 AM Calculated day 136
05/25/2022 12:16:32 AM Calculated day 137
05/25/2022 12:16:39 AM Calculated day 138
05/25/2022 12:16:45 AM Calculated day 139
05/25/2022 12:16:52 AM Calculated day 140
05/25/2022 12:16:59 AM Calculated day 141
05/25/2022 12:17:05 AM Calculated day 142
05/25/2022 12:17:12 AM Calculated day 143
05/25/2022 12:17:19 AM Calculated day 144
05/25/2022 12:17:26 AM Calculated day 145
05/25/2022 12:17:33 AM Calculated day 146
05/25/2022 12:17:40 AM Calculated day 147
05/25/2022 12:17:47 AM Calculated day 148
05/25/2022 12:17:54 AM Calculated day 149
05/25/2022 12:18:00 AM Calculated day 150
05/25/2022 12:18:07 AM Calculated day 151
05/25/2022 12:18:14 AM Calculated day 152
05/25/2022 12:18:21 AM Calculated day 153
05/25/2022 12:18:28 AM Calculated day 154
05/25/2022 12:18:35 AM Calculated day 155
05/25/2022 12:18:42 AM Calculated day 156
05/25/2022 12:18:48 AM Calculated day 157
05/25/2022 12:18:55 AM Calculated day 158
05/25/2022 12:19:02 AM Calculated day 159
05/25/2022 12:19:09 AM Calculated day 160
05/25/2022 12:19:16 AM Calculated day 161
05/25/2022 12:19:23 AM Calculated day 162
05/25/2022 12:19:29 AM Calculated day 163
05/25/2022 12:19:36 AM Calculated day 164
05/25/2022 12:19:43 AM Calculated day 165
05/25/2022 12:19:50 AM Calculated day 166
05/25/2022 12:19:57 AM Calculated day 167
05/25/2022 12:20:04 AM Calculated day 168
05/25/2022 12:20:11 AM Calculated day 169
05/25/2022 12:20:18 AM Calculated day 170
05/25/2022 12:20:24 AM Calculated day 171
05/25/2022 12:20:31 AM Calculated day 172
05/25/2022 12:20:38 AM Calculated day 173
05/25/2022 12:20:45 AM Calculated day 174
05/25/2022 12:20:52 AM Calculated day 175
05/25/2022 12:20:59 AM Calculated day 176
05/25/2022 12:21:06 AM Calculated day 177
05/25/2022 12:21:12 AM Calculated day 178
05/25/2022 12:21:19 AM Calculated day 179
05/25/2022 12:21:26 AM Calculated day 180
05/25/2022 12:21:33 AM Calculated day 181
05/25/2022 12:21:40 AM Calculated day 182
05/25/2022 12:21:46 AM Calculated day 183
05/25/2022 12:21:53 AM Calculated day 184
05/25/2022 12:22:00 AM Calculated day 185
05/25/2022 12:22:07 AM Calculated day 186
05/25/2022 12:22:14 AM Calculated day 187
05/25/2022 12:22:21 AM Calculated day 188
05/25/2022 12:22:27 AM Calculated day 189
05/25/2022 12:22:34 AM Calculated day 190
05/25/2022 12:22:41 AM Calculated day 191
05/25/2022 12:22:48 AM Calculated day 192
05/25/2022 12:22:55 AM Calculated day 193
05/25/2022 12:23:02 AM Calculated day 194
05/25/2022 12:23:09 AM Calculated day 195
05/25/2022 12:23:16 AM Calculated day 196
05/25/2022 12:23:22 AM Calculated day 197
05/25/2022 12:23:30 AM Calculated day 198
05/25/2022 12:23:37 AM Calculated day 199
05/25/2022 12:23:44 AM Calculated day 200
05/25/2022 12:23:51 AM Calculated day 201
05/25/2022 12:23:58 AM Calculated day 202
05/25/2022 12:24:04 AM Calculated day 203
05/25/2022 12:24:11 AM Calculated day 204
05/25/2022 12:24:18 AM Calculated day 205
05/25/2022 12:24:25 AM Calculated day 206
05/25/2022 12:24:32 AM Calculated day 207
05/25/2022 12:24:39 AM Calculated day 208
05/25/2022 12:24:46 AM Calculated day 209
05/25/2022 12:24:52 AM Calculated day 210
05/25/2022 12:24:59 AM Calculated day 211
05/25/2022 12:25:06 AM Calculated day 212
05/25/2022 12:25:13 AM Calculated day 213
05/25/2022 12:25:20 AM Calculated day 214
05/25/2022 12:25:27 AM Calculated day 215
05/25/2022 12:25:34 AM Calculated day 216
05/25/2022 12:25:42 AM Calculated day 217
05/25/2022 12:25:52 AM Calculated day 218
05/25/2022 12:25:59 AM Calculated day 219
05/25/2022 12:26:06 AM Calculated day 220
05/25/2022 12:26:12 AM Calculated day 221
05/25/2022 12:26:19 AM Calculated day 222
05/25/2022 12:26:26 AM Calculated day 223
05/25/2022 12:26:33 AM Calculated day 224
05/25/2022 12:26:40 AM Calculated day 225
05/25/2022 12:26:41 AM ABORTING for Q0 = 5 because of a runaway scenario at 225
05/25/2022 12:26:45 AM  ========== CODE RAN SUCCESSFULLY, congrats! ================
05/25/2022 12:26:45 AM  -----> Total Time taken = 1589.198  <----
