05/25/2022 12:50:57 AM **********************************
05/25/2022 12:50:57 AM /data/pbarpanda/spherical_SWE/evaluate_final_budget/transient_U_propagate_forcing_diff_Heq//dt_150_Q_forcing_10_forcing_y_0_Hmean_500_forcing_phase_speed_0_ms/U_up_days_217/
05/25/2022 12:50:57 AM **********************************
05/25/2022 12:50:57 AM Calculated day 0
05/25/2022 12:51:03 AM Calculated day 1
05/25/2022 12:51:09 AM Calculated day 2
05/25/2022 12:51:16 AM Calculated day 3
05/25/2022 12:51:22 AM Calculated day 4
05/25/2022 12:51:28 AM Calculated day 5
05/25/2022 12:51:35 AM Calculated day 6
05/25/2022 12:51:41 AM Calculated day 7
05/25/2022 12:51:47 AM Calculated day 8
05/25/2022 12:51:54 AM Calculated day 9
05/25/2022 12:52:00 AM Calculated day 10
05/25/2022 12:52:06 AM Calculated day 11
05/25/2022 12:52:13 AM Calculated day 12
05/25/2022 12:52:19 AM Calculated day 13
05/25/2022 12:52:25 AM Calculated day 14
05/25/2022 12:52:32 AM Calculated day 15
05/25/2022 12:52:38 AM Calculated day 16
05/25/2022 12:52:44 AM Calculated day 17
05/25/2022 12:52:51 AM Calculated day 18
05/25/2022 12:52:57 AM Calculated day 19
05/25/2022 12:53:03 AM Calculated day 20
05/25/2022 12:53:10 AM Calculated day 21
05/25/2022 12:53:16 AM Calculated day 22
05/25/2022 12:53:23 AM Calculated day 23
05/25/2022 12:53:29 AM Calculated day 24
05/25/2022 12:53:35 AM Calculated day 25
05/25/2022 12:53:42 AM Calculated day 26
05/25/2022 12:53:48 AM Calculated day 27
05/25/2022 12:53:54 AM Calculated day 28
05/25/2022 12:54:01 AM Calculated day 29
05/25/2022 12:54:07 AM Calculated day 30
05/25/2022 12:54:13 AM Calculated day 31
05/25/2022 12:54:20 AM Calculated day 32
05/25/2022 12:54:26 AM Calculated day 33
05/25/2022 12:54:33 AM Calculated day 34
05/25/2022 12:54:39 AM Calculated day 35
05/25/2022 12:54:45 AM Calculated day 36
05/25/2022 12:54:52 AM Calculated day 37
05/25/2022 12:54:58 AM Calculated day 38
05/25/2022 12:55:04 AM Calculated day 39
05/25/2022 12:55:11 AM Calculated day 40
05/25/2022 12:55:17 AM Calculated day 41
05/25/2022 12:55:23 AM Calculated day 42
05/25/2022 12:55:30 AM Calculated day 43
05/25/2022 12:55:36 AM Calculated day 44
05/25/2022 12:55:42 AM Calculated day 45
05/25/2022 12:55:49 AM Calculated day 46
05/25/2022 12:55:55 AM Calculated day 47
05/25/2022 12:56:01 AM Calculated day 48
05/25/2022 12:56:08 AM Calculated day 49
05/25/2022 12:56:14 AM Calculated day 50
05/25/2022 12:56:20 AM Calculated day 51
05/25/2022 12:56:27 AM Calculated day 52
05/25/2022 12:56:33 AM Calculated day 53
05/25/2022 12:56:39 AM Calculated day 54
05/25/2022 12:56:46 AM Calculated day 55
05/25/2022 12:56:52 AM Calculated day 56
05/25/2022 12:56:58 AM Calculated day 57
05/25/2022 12:57:05 AM Calculated day 58
05/25/2022 12:57:11 AM Calculated day 59
05/25/2022 12:57:18 AM Calculated day 60
05/25/2022 12:57:24 AM Calculated day 61
05/25/2022 12:57:30 AM Calculated day 62
05/25/2022 12:57:37 AM Calculated day 63
05/25/2022 12:57:43 AM Calculated day 64
05/25/2022 12:57:49 AM Calculated day 65
05/25/2022 12:57:56 AM Calculated day 66
05/25/2022 12:58:02 AM Calculated day 67
05/25/2022 12:58:08 AM Calculated day 68
05/25/2022 12:58:15 AM Calculated day 69
05/25/2022 12:58:21 AM Calculated day 70
05/25/2022 12:58:27 AM Calculated day 71
05/25/2022 12:58:34 AM Calculated day 72
05/25/2022 12:58:40 AM Calculated day 73
05/25/2022 12:58:47 AM Calculated day 74
05/25/2022 12:58:53 AM Calculated day 75
05/25/2022 12:58:59 AM Calculated day 76
05/25/2022 12:59:06 AM Calculated day 77
05/25/2022 12:59:12 AM Calculated day 78
05/25/2022 12:59:18 AM Calculated day 79
05/25/2022 12:59:25 AM Calculated day 80
05/25/2022 12:59:31 AM Calculated day 81
05/25/2022 12:59:37 AM Calculated day 82
05/25/2022 12:59:44 AM Calculated day 83
05/25/2022 12:59:50 AM Calculated day 84
05/25/2022 12:59:56 AM Calculated day 85
05/25/2022 01:00:03 AM Calculated day 86
05/25/2022 01:00:09 AM Calculated day 87
05/25/2022 01:00:15 AM Calculated day 88
05/25/2022 01:00:22 AM Calculated day 89
05/25/2022 01:00:28 AM Calculated day 90
05/25/2022 01:00:34 AM Calculated day 91
05/25/2022 01:00:41 AM Calculated day 92
05/25/2022 01:00:47 AM Calculated day 93
05/25/2022 01:00:53 AM Calculated day 94
05/25/2022 01:01:00 AM Calculated day 95
05/25/2022 01:01:06 AM Calculated day 96
05/25/2022 01:01:13 AM Calculated day 97
05/25/2022 01:01:19 AM Calculated day 98
05/25/2022 01:01:25 AM Calculated day 99
05/25/2022 01:01:32 AM Calculated day 100
05/25/2022 01:01:38 AM Calculated day 101
05/25/2022 01:01:44 AM Calculated day 102
05/25/2022 01:01:51 AM Calculated day 103
05/25/2022 01:01:57 AM Calculated day 104
05/25/2022 01:02:03 AM Calculated day 105
05/25/2022 01:02:10 AM Calculated day 106
05/25/2022 01:02:16 AM Calculated day 107
05/25/2022 01:02:23 AM Calculated day 108
05/25/2022 01:02:29 AM Calculated day 109
05/25/2022 01:02:35 AM Calculated day 110
05/25/2022 01:02:42 AM Calculated day 111
05/25/2022 01:02:48 AM Calculated day 112
05/25/2022 01:02:54 AM Calculated day 113
05/25/2022 01:03:01 AM Calculated day 114
05/25/2022 01:03:07 AM Calculated day 115
05/25/2022 01:03:13 AM Calculated day 116
05/25/2022 01:03:20 AM Calculated day 117
05/25/2022 01:03:26 AM Calculated day 118
05/25/2022 01:03:32 AM Calculated day 119
05/25/2022 01:03:39 AM Calculated day 120
05/25/2022 01:03:45 AM Calculated day 121
05/25/2022 01:03:51 AM Calculated day 122
05/25/2022 01:03:58 AM Calculated day 123
05/25/2022 01:04:04 AM Calculated day 124
05/25/2022 01:04:10 AM Calculated day 125
05/25/2022 01:04:17 AM Calculated day 126
05/25/2022 01:04:23 AM Calculated day 127
05/25/2022 01:04:30 AM Calculated day 128
05/25/2022 01:04:36 AM Calculated day 129
05/25/2022 01:04:42 AM Calculated day 130
05/25/2022 01:04:49 AM Calculated day 131
05/25/2022 01:04:55 AM Calculated day 132
05/25/2022 01:05:01 AM Calculated day 133
05/25/2022 01:05:08 AM Calculated day 134
05/25/2022 01:05:14 AM Calculated day 135
05/25/2022 01:05:20 AM Calculated day 136
05/25/2022 01:05:27 AM Calculated day 137
05/25/2022 01:05:33 AM Calculated day 138
05/25/2022 01:05:39 AM Calculated day 139
05/25/2022 01:05:46 AM Calculated day 140
05/25/2022 01:05:52 AM Calculated day 141
05/25/2022 01:05:58 AM Calculated day 142
05/25/2022 01:06:05 AM Calculated day 143
05/25/2022 01:06:11 AM Calculated day 144
05/25/2022 01:06:17 AM Calculated day 145
05/25/2022 01:06:24 AM Calculated day 146
05/25/2022 01:06:30 AM Calculated day 147
05/25/2022 01:06:36 AM Calculated day 148
05/25/2022 01:06:43 AM Calculated day 149
05/25/2022 01:06:49 AM Calculated day 150
05/25/2022 01:06:56 AM Calculated day 151
05/25/2022 01:07:02 AM Calculated day 152
05/25/2022 01:07:08 AM Calculated day 153
05/25/2022 01:07:15 AM Calculated day 154
05/25/2022 01:07:21 AM Calculated day 155
05/25/2022 01:07:27 AM Calculated day 156
05/25/2022 01:07:34 AM Calculated day 157
05/25/2022 01:07:40 AM Calculated day 158
05/25/2022 01:07:46 AM Calculated day 159
05/25/2022 01:07:53 AM Calculated day 160
05/25/2022 01:07:59 AM Calculated day 161
05/25/2022 01:08:05 AM Calculated day 162
05/25/2022 01:08:12 AM Calculated day 163
05/25/2022 01:08:18 AM Calculated day 164
05/25/2022 01:08:24 AM Calculated day 165
05/25/2022 01:08:31 AM Calculated day 166
05/25/2022 01:08:37 AM Calculated day 167
05/25/2022 01:08:43 AM Calculated day 168
05/25/2022 01:08:50 AM Calculated day 169
05/25/2022 01:08:56 AM Calculated day 170
05/25/2022 01:09:03 AM Calculated day 171
05/25/2022 01:09:09 AM Calculated day 172
05/25/2022 01:09:15 AM Calculated day 173
05/25/2022 01:09:22 AM Calculated day 174
05/25/2022 01:09:28 AM Calculated day 175
05/25/2022 01:09:34 AM Calculated day 176
05/25/2022 01:09:41 AM Calculated day 177
05/25/2022 01:09:47 AM Calculated day 178
05/25/2022 01:09:53 AM Calculated day 179
05/25/2022 01:10:00 AM Calculated day 180
05/25/2022 01:10:06 AM Calculated day 181
05/25/2022 01:10:12 AM Calculated day 182
05/25/2022 01:10:19 AM Calculated day 183
05/25/2022 01:10:25 AM Calculated day 184
05/25/2022 01:10:31 AM Calculated day 185
05/25/2022 01:10:38 AM Calculated day 186
05/25/2022 01:10:44 AM Calculated day 187
05/25/2022 01:10:51 AM Calculated day 188
05/25/2022 01:10:57 AM Calculated day 189
05/25/2022 01:11:03 AM Calculated day 190
05/25/2022 01:11:10 AM Calculated day 191
05/25/2022 01:11:16 AM Calculated day 192
05/25/2022 01:11:22 AM Calculated day 193
05/25/2022 01:11:29 AM Calculated day 194
05/25/2022 01:11:35 AM Calculated day 195
05/25/2022 01:11:41 AM Calculated day 196
05/25/2022 01:11:48 AM Calculated day 197
05/25/2022 01:11:54 AM Calculated day 198
05/25/2022 01:12:00 AM Calculated day 199
05/25/2022 01:12:07 AM Calculated day 200
05/25/2022 01:12:13 AM Calculated day 201
05/25/2022 01:12:20 AM Calculated day 202
05/25/2022 01:12:26 AM Calculated day 203
05/25/2022 01:12:32 AM Calculated day 204
05/25/2022 01:12:39 AM Calculated day 205
05/25/2022 01:12:45 AM Calculated day 206
05/25/2022 01:12:51 AM Calculated day 207
05/25/2022 01:12:58 AM Calculated day 208
05/25/2022 01:13:04 AM Calculated day 209
05/25/2022 01:13:10 AM Calculated day 210
05/25/2022 01:13:17 AM Calculated day 211
05/25/2022 01:13:23 AM Calculated day 212
05/25/2022 01:13:29 AM Calculated day 213
05/25/2022 01:13:36 AM Calculated day 214
05/25/2022 01:13:42 AM Calculated day 215
05/25/2022 01:13:49 AM Calculated day 216
05/25/2022 01:13:56 AM Calculated day 217
05/25/2022 01:14:05 AM Calculated day 218
05/25/2022 01:14:11 AM Calculated day 219
05/25/2022 01:14:18 AM Calculated day 220
05/25/2022 01:14:24 AM Calculated day 221
05/25/2022 01:14:30 AM Calculated day 222
05/25/2022 01:14:37 AM Calculated day 223
05/25/2022 01:14:43 AM Calculated day 224
05/25/2022 01:14:50 AM Calculated day 225
05/25/2022 01:14:56 AM Calculated day 226
05/25/2022 01:15:02 AM Calculated day 227
05/25/2022 01:15:09 AM Calculated day 228
05/25/2022 01:15:15 AM Calculated day 229
05/25/2022 01:15:21 AM Calculated day 230
05/25/2022 01:15:28 AM Calculated day 231
05/25/2022 01:15:34 AM Calculated day 232
05/25/2022 01:15:40 AM Calculated day 233
05/25/2022 01:15:47 AM Calculated day 234
05/25/2022 01:15:53 AM Calculated day 235
05/25/2022 01:16:00 AM Calculated day 236
05/25/2022 01:16:06 AM Calculated day 237
05/25/2022 01:16:12 AM Calculated day 238
05/25/2022 01:16:19 AM Calculated day 239
05/25/2022 01:16:25 AM Calculated day 240
05/25/2022 01:16:31 AM Calculated day 241
05/25/2022 01:16:38 AM Calculated day 242
05/25/2022 01:16:44 AM Calculated day 243
05/25/2022 01:16:50 AM Calculated day 244
05/25/2022 01:16:57 AM Calculated day 245
05/25/2022 01:17:03 AM Calculated day 246
05/25/2022 01:17:09 AM Calculated day 247
05/25/2022 01:17:16 AM Calculated day 248
05/25/2022 01:17:22 AM Calculated day 249
05/25/2022 01:17:29 AM Calculated day 250
05/25/2022 01:17:35 AM Calculated day 251
05/25/2022 01:17:41 AM Calculated day 252
05/25/2022 01:17:48 AM Calculated day 253
05/25/2022 01:17:54 AM Calculated day 254
05/25/2022 01:18:00 AM Calculated day 255
05/25/2022 01:18:07 AM Calculated day 256
05/25/2022 01:18:13 AM Calculated day 257
05/25/2022 01:18:19 AM Calculated day 258
05/25/2022 01:18:26 AM Calculated day 259
05/25/2022 01:18:32 AM Calculated day 260
05/25/2022 01:18:39 AM Calculated day 261
05/25/2022 01:18:45 AM Calculated day 262
05/25/2022 01:18:51 AM Calculated day 263
05/25/2022 01:18:58 AM Calculated day 264
05/25/2022 01:19:04 AM Calculated day 265
05/25/2022 01:19:11 AM Calculated day 266
05/25/2022 01:19:17 AM Calculated day 267
05/25/2022 01:19:23 AM Calculated day 268
05/25/2022 01:19:30 AM Calculated day 269
05/25/2022 01:19:36 AM Calculated day 270
05/25/2022 01:19:42 AM Calculated day 271
05/25/2022 01:19:49 AM Calculated day 272
05/25/2022 01:19:55 AM Calculated day 273
05/25/2022 01:20:02 AM Calculated day 274
05/25/2022 01:20:08 AM Calculated day 275
05/25/2022 01:20:14 AM Calculated day 276
05/25/2022 01:20:21 AM Calculated day 277
05/25/2022 01:20:27 AM Calculated day 278
05/25/2022 01:20:33 AM Calculated day 279
05/25/2022 01:20:40 AM Calculated day 280
05/25/2022 01:20:46 AM Calculated day 281
05/25/2022 01:20:53 AM Calculated day 282
05/25/2022 01:20:59 AM Calculated day 283
05/25/2022 01:21:05 AM Calculated day 284
05/25/2022 01:21:12 AM Calculated day 285
05/25/2022 01:21:18 AM Calculated day 286
05/25/2022 01:21:25 AM Calculated day 287
05/25/2022 01:21:31 AM Calculated day 288
05/25/2022 01:21:37 AM Calculated day 289
05/25/2022 01:21:44 AM Calculated day 290
05/25/2022 01:21:50 AM Calculated day 291
05/25/2022 01:21:56 AM Calculated day 292
05/25/2022 01:22:03 AM Calculated day 293
05/25/2022 01:22:09 AM Calculated day 294
05/25/2022 01:22:16 AM Calculated day 295
05/25/2022 01:22:22 AM Calculated day 296
05/25/2022 01:22:28 AM Calculated day 297
05/25/2022 01:22:35 AM Calculated day 298
05/25/2022 01:22:41 AM Calculated day 299
05/25/2022 01:22:48 AM Calculated day 300
05/25/2022 01:22:54 AM Calculated day 301
05/25/2022 01:23:00 AM Calculated day 302
05/25/2022 01:23:07 AM Calculated day 303
05/25/2022 01:23:13 AM Calculated day 304
05/25/2022 01:23:19 AM Calculated day 305
05/25/2022 01:23:26 AM Calculated day 306
05/25/2022 01:23:32 AM Calculated day 307
05/25/2022 01:23:39 AM Calculated day 308
05/25/2022 01:23:45 AM Calculated day 309
05/25/2022 01:23:51 AM Calculated day 310
05/25/2022 01:23:58 AM Calculated day 311
05/25/2022 01:24:04 AM Calculated day 312
05/25/2022 01:24:11 AM Calculated day 313
05/25/2022 01:24:17 AM Calculated day 314
05/25/2022 01:24:23 AM Calculated day 315
05/25/2022 01:24:30 AM Calculated day 316
05/25/2022 01:24:36 AM Calculated day 317
05/25/2022 01:24:42 AM Calculated day 318
05/25/2022 01:24:49 AM Calculated day 319
05/25/2022 01:24:55 AM Calculated day 320
05/25/2022 01:25:02 AM Calculated day 321
05/25/2022 01:25:08 AM Calculated day 322
05/25/2022 01:25:14 AM Calculated day 323
05/25/2022 01:25:21 AM Calculated day 324
05/25/2022 01:25:27 AM Calculated day 325
05/25/2022 01:25:34 AM Calculated day 326
05/25/2022 01:25:40 AM Calculated day 327
05/25/2022 01:25:46 AM Calculated day 328
05/25/2022 01:25:53 AM Calculated day 329
05/25/2022 01:25:59 AM Calculated day 330
05/25/2022 01:26:06 AM Calculated day 331
05/25/2022 01:26:12 AM Calculated day 332
05/25/2022 01:26:18 AM Calculated day 333
05/25/2022 01:26:25 AM Calculated day 334
05/25/2022 01:26:31 AM Calculated day 335
05/25/2022 01:26:37 AM Calculated day 336
05/25/2022 01:26:44 AM Calculated day 337
05/25/2022 01:26:50 AM Calculated day 338
05/25/2022 01:26:56 AM Calculated day 339
05/25/2022 01:27:03 AM Calculated day 340
05/25/2022 01:27:09 AM Calculated day 341
05/25/2022 01:27:16 AM Calculated day 342
05/25/2022 01:27:22 AM Calculated day 343
05/25/2022 01:27:28 AM Calculated day 344
05/25/2022 01:27:35 AM Calculated day 345
05/25/2022 01:27:41 AM Calculated day 346
05/25/2022 01:27:48 AM Calculated day 347
05/25/2022 01:27:54 AM Calculated day 348
05/25/2022 01:28:00 AM Calculated day 349
05/25/2022 01:28:07 AM Calculated day 350
05/25/2022 01:28:13 AM Calculated day 351
05/25/2022 01:28:20 AM Calculated day 352
05/25/2022 01:28:26 AM Calculated day 353
05/25/2022 01:28:32 AM Calculated day 354
05/25/2022 01:28:39 AM Calculated day 355
05/25/2022 01:28:45 AM Calculated day 356
05/25/2022 01:28:52 AM Calculated day 357
05/25/2022 01:28:58 AM Calculated day 358
05/25/2022 01:29:04 AM Calculated day 359
05/25/2022 01:29:11 AM Calculated day 360
05/25/2022 01:29:17 AM Calculated day 361
05/25/2022 01:29:24 AM Calculated day 362
05/25/2022 01:29:30 AM Calculated day 363
05/25/2022 01:29:36 AM Calculated day 364
05/25/2022 01:29:43 AM Calculated day 365
05/25/2022 01:29:49 AM Calculated day 366
05/25/2022 01:29:56 AM Calculated day 367
05/25/2022 01:30:02 AM Calculated day 368
05/25/2022 01:30:08 AM Calculated day 369
05/25/2022 01:30:15 AM Calculated day 370
05/25/2022 01:30:21 AM Calculated day 371
05/25/2022 01:30:28 AM Calculated day 372
05/25/2022 01:30:34 AM Calculated day 373
05/25/2022 01:30:40 AM Calculated day 374
05/25/2022 01:30:47 AM Calculated day 375
05/25/2022 01:30:53 AM Calculated day 376
05/25/2022 01:31:00 AM Calculated day 377
05/25/2022 01:31:06 AM Calculated day 378
05/25/2022 01:31:13 AM Calculated day 379
05/25/2022 01:31:19 AM Calculated day 380
05/25/2022 01:31:25 AM Calculated day 381
05/25/2022 01:31:32 AM Calculated day 382
05/25/2022 01:31:38 AM Calculated day 383
05/25/2022 01:31:45 AM Calculated day 384
05/25/2022 01:31:51 AM Calculated day 385
05/25/2022 01:31:57 AM Calculated day 386
05/25/2022 01:32:04 AM Calculated day 387
05/25/2022 01:32:10 AM Calculated day 388
05/25/2022 01:32:17 AM Calculated day 389
05/25/2022 01:32:23 AM Calculated day 390
05/25/2022 01:32:29 AM Calculated day 391
05/25/2022 01:32:36 AM Calculated day 392
05/25/2022 01:32:42 AM Calculated day 393
05/25/2022 01:32:49 AM Calculated day 394
05/25/2022 01:32:55 AM Calculated day 395
05/25/2022 01:33:01 AM Calculated day 396
05/25/2022 01:33:08 AM Calculated day 397
05/25/2022 01:33:14 AM Calculated day 398
05/25/2022 01:33:21 AM Calculated day 399
05/25/2022 01:33:27 AM Calculated day 400
05/25/2022 01:33:33 AM Calculated day 401
05/25/2022 01:33:40 AM Calculated day 402
05/25/2022 01:33:46 AM Calculated day 403
05/25/2022 01:33:52 AM Calculated day 404
05/25/2022 01:33:59 AM Calculated day 405
05/25/2022 01:34:05 AM Calculated day 406
05/25/2022 01:34:12 AM Calculated day 407
05/25/2022 01:34:18 AM Calculated day 408
05/25/2022 01:34:24 AM Calculated day 409
05/25/2022 01:34:31 AM Calculated day 410
05/25/2022 01:34:37 AM Calculated day 411
05/25/2022 01:34:44 AM Calculated day 412
05/25/2022 01:34:50 AM Calculated day 413
05/25/2022 01:34:56 AM Calculated day 414
05/25/2022 01:35:03 AM Calculated day 415
05/25/2022 01:35:09 AM Calculated day 416
05/25/2022 01:35:16 AM Calculated day 417
05/25/2022 01:35:22 AM Calculated day 418
05/25/2022 01:35:28 AM Calculated day 419
05/25/2022 01:35:35 AM Calculated day 420
05/25/2022 01:35:41 AM Calculated day 421
05/25/2022 01:35:47 AM Calculated day 422
05/25/2022 01:35:54 AM Calculated day 423
05/25/2022 01:36:00 AM Calculated day 424
05/25/2022 01:36:07 AM Calculated day 425
05/25/2022 01:36:13 AM Calculated day 426
05/25/2022 01:36:19 AM Calculated day 427
05/25/2022 01:36:26 AM Calculated day 428
05/25/2022 01:36:32 AM Calculated day 429
05/25/2022 01:36:38 AM Calculated day 430
05/25/2022 01:36:45 AM Calculated day 431
05/25/2022 01:36:51 AM Calculated day 432
05/25/2022 01:36:58 AM Calculated day 433
05/25/2022 01:37:04 AM Calculated day 434
05/25/2022 01:37:10 AM Calculated day 435
05/25/2022 01:37:17 AM Calculated day 436
05/25/2022 01:37:23 AM Calculated day 437
05/25/2022 01:37:29 AM Calculated day 438
05/25/2022 01:37:36 AM Calculated day 439
05/25/2022 01:37:42 AM Calculated day 440
05/25/2022 01:37:49 AM Calculated day 441
05/25/2022 01:37:55 AM Calculated day 442
05/25/2022 01:38:01 AM Calculated day 443
05/25/2022 01:38:08 AM Calculated day 444
05/25/2022 01:38:14 AM Calculated day 445
05/25/2022 01:38:21 AM Calculated day 446
05/25/2022 01:38:27 AM Calculated day 447
05/25/2022 01:38:33 AM Calculated day 448
05/25/2022 01:38:40 AM Calculated day 449
05/25/2022 01:38:46 AM Calculated day 450
05/25/2022 01:38:53 AM Calculated day 451
05/25/2022 01:38:59 AM Calculated day 452
05/25/2022 01:39:05 AM Calculated day 453
05/25/2022 01:39:12 AM Calculated day 454
05/25/2022 01:39:18 AM Calculated day 455
05/25/2022 01:39:25 AM Calculated day 456
05/25/2022 01:39:31 AM Calculated day 457
05/25/2022 01:39:38 AM Calculated day 458
05/25/2022 01:39:44 AM Calculated day 459
05/25/2022 01:39:51 AM Calculated day 460
05/25/2022 01:39:58 AM Calculated day 461
05/25/2022 01:40:05 AM Calculated day 462
05/25/2022 01:40:12 AM Calculated day 463
05/25/2022 01:40:18 AM Calculated day 464
05/25/2022 01:40:25 AM Calculated day 465
05/25/2022 01:40:32 AM Calculated day 466
05/25/2022 01:40:39 AM Calculated day 467
05/25/2022 01:40:46 AM Calculated day 468
05/25/2022 01:40:52 AM Calculated day 469
05/25/2022 01:40:59 AM Calculated day 470
05/25/2022 01:41:05 AM Calculated day 471
05/25/2022 01:41:12 AM Calculated day 472
05/25/2022 01:41:18 AM Calculated day 473
05/25/2022 01:41:25 AM Calculated day 474
05/25/2022 01:41:31 AM Calculated day 475
05/25/2022 01:41:38 AM Calculated day 476
05/25/2022 01:41:44 AM Calculated day 477
05/25/2022 01:41:50 AM Calculated day 478
05/25/2022 01:41:57 AM Calculated day 479
05/25/2022 01:42:03 AM Calculated day 480
05/25/2022 01:42:10 AM Calculated day 481
05/25/2022 01:42:16 AM Calculated day 482
05/25/2022 01:42:23 AM Calculated day 483
05/25/2022 01:42:29 AM Calculated day 484
05/25/2022 01:42:35 AM Calculated day 485
05/25/2022 01:42:42 AM Calculated day 486
05/25/2022 01:42:48 AM Calculated day 487
05/25/2022 01:42:55 AM Calculated day 488
05/25/2022 01:43:01 AM Calculated day 489
05/25/2022 01:43:07 AM Calculated day 490
05/25/2022 01:43:14 AM Calculated day 491
05/25/2022 01:43:20 AM Calculated day 492
05/25/2022 01:43:27 AM Calculated day 493
05/25/2022 01:43:33 AM Calculated day 494
05/25/2022 01:43:39 AM Calculated day 495
05/25/2022 01:43:46 AM Calculated day 496
05/25/2022 01:43:52 AM Calculated day 497
05/25/2022 01:43:59 AM Calculated day 498
05/25/2022 01:44:05 AM Calculated day 499
05/25/2022 01:44:11 AM Calculated day 500
05/25/2022 01:44:18 AM Calculated day 501
05/25/2022 01:44:24 AM Calculated day 502
05/25/2022 01:44:31 AM Calculated day 503
05/25/2022 01:44:37 AM Calculated day 504
05/25/2022 01:44:43 AM Calculated day 505
05/25/2022 01:44:50 AM Calculated day 506
05/25/2022 01:44:56 AM Calculated day 507
05/25/2022 01:45:02 AM Calculated day 508
05/25/2022 01:45:09 AM Calculated day 509
05/25/2022 01:45:15 AM Calculated day 510
05/25/2022 01:45:22 AM Calculated day 511
05/25/2022 01:45:28 AM Calculated day 512
05/25/2022 01:45:34 AM Calculated day 513
05/25/2022 01:45:41 AM Calculated day 514
05/25/2022 01:45:47 AM Calculated day 515
05/25/2022 01:45:54 AM Calculated day 516
05/25/2022 01:46:00 AM Calculated day 517
05/25/2022 01:46:06 AM Calculated day 518
05/25/2022 01:46:13 AM Calculated day 519
05/25/2022 01:46:19 AM Calculated day 520
05/25/2022 01:46:26 AM Calculated day 521
05/25/2022 01:46:32 AM Calculated day 522
05/25/2022 01:46:38 AM Calculated day 523
05/25/2022 01:46:45 AM Calculated day 524
05/25/2022 01:46:51 AM Calculated day 525
05/25/2022 01:46:58 AM Calculated day 526
05/25/2022 01:47:04 AM Calculated day 527
05/25/2022 01:47:10 AM Calculated day 528
05/25/2022 01:47:17 AM Calculated day 529
05/25/2022 01:47:23 AM Calculated day 530
05/25/2022 01:47:30 AM Calculated day 531
05/25/2022 01:47:36 AM Calculated day 532
05/25/2022 01:47:42 AM Calculated day 533
05/25/2022 01:47:49 AM Calculated day 534
05/25/2022 01:47:55 AM Calculated day 535
05/25/2022 01:48:02 AM Calculated day 536
05/25/2022 01:48:08 AM Calculated day 537
05/25/2022 01:48:15 AM Calculated day 538
05/25/2022 01:48:21 AM Calculated day 539
05/25/2022 01:48:27 AM Calculated day 540
05/25/2022 01:48:34 AM Calculated day 541
05/25/2022 01:48:40 AM Calculated day 542
05/25/2022 01:48:47 AM Calculated day 543
05/25/2022 01:48:53 AM Calculated day 544
05/25/2022 01:48:59 AM Calculated day 545
05/25/2022 01:49:06 AM Calculated day 546
05/25/2022 01:49:12 AM Calculated day 547
05/25/2022 01:49:19 AM Calculated day 548
05/25/2022 01:49:25 AM Calculated day 549
05/25/2022 01:49:32 AM Calculated day 550
05/25/2022 01:49:38 AM Calculated day 551
05/25/2022 01:49:45 AM Calculated day 552
05/25/2022 01:49:51 AM Calculated day 553
05/25/2022 01:49:57 AM Calculated day 554
05/25/2022 01:50:04 AM Calculated day 555
05/25/2022 01:50:10 AM Calculated day 556
05/25/2022 01:50:17 AM Calculated day 557
05/25/2022 01:50:23 AM Calculated day 558
05/25/2022 01:50:29 AM Calculated day 559
05/25/2022 01:50:36 AM Calculated day 560
05/25/2022 01:50:42 AM Calculated day 561
05/25/2022 01:50:49 AM Calculated day 562
05/25/2022 01:50:55 AM Calculated day 563
05/25/2022 01:51:02 AM Calculated day 564
05/25/2022 01:51:08 AM Calculated day 565
05/25/2022 01:51:15 AM Calculated day 566
05/25/2022 01:51:21 AM Calculated day 567
05/25/2022 01:51:27 AM Calculated day 568
05/25/2022 01:51:34 AM Calculated day 569
05/25/2022 01:51:40 AM Calculated day 570
05/25/2022 01:51:47 AM Calculated day 571
05/25/2022 01:51:53 AM Calculated day 572
05/25/2022 01:51:59 AM Calculated day 573
05/25/2022 01:52:06 AM Calculated day 574
05/25/2022 01:52:12 AM Calculated day 575
05/25/2022 01:52:19 AM Calculated day 576
05/25/2022 01:52:25 AM Calculated day 577
05/25/2022 01:52:31 AM Calculated day 578
05/25/2022 01:52:38 AM Calculated day 579
05/25/2022 01:52:44 AM Calculated day 580
05/25/2022 01:52:51 AM Calculated day 581
05/25/2022 01:52:57 AM Calculated day 582
05/25/2022 01:53:04 AM Calculated day 583
05/25/2022 01:53:10 AM Calculated day 584
05/25/2022 01:53:16 AM Calculated day 585
05/25/2022 01:53:23 AM Calculated day 586
05/25/2022 01:53:29 AM Calculated day 587
05/25/2022 01:53:36 AM Calculated day 588
05/25/2022 01:53:42 AM Calculated day 589
05/25/2022 01:53:49 AM Calculated day 590
05/25/2022 01:53:55 AM Calculated day 591
05/25/2022 01:54:01 AM Calculated day 592
05/25/2022 01:54:08 AM Calculated day 593
05/25/2022 01:54:14 AM Calculated day 594
05/25/2022 01:54:21 AM Calculated day 595
05/25/2022 01:54:27 AM Calculated day 596
05/25/2022 01:54:34 AM Calculated day 597
05/25/2022 01:54:40 AM Calculated day 598
05/25/2022 01:54:46 AM Calculated day 599
05/25/2022 01:55:48 AM  ========== CODE RAN SUCCESSFULLY, congrats! ================
05/25/2022 01:55:48 AM  -----> Total Time taken = 3891.298  <----
