05/24/2022 10:30:48 PM **********************************
05/24/2022 10:30:48 PM /data/pbarpanda/spherical_SWE/evaluate_final_budget/transient_U_propagate_forcing_diff_Heq//dt_150_Q_forcing_5_forcing_y_0_Hmean_500_forcing_phase_speed_15_ms/U_up_days_217/
05/24/2022 10:30:48 PM **********************************
05/24/2022 10:30:48 PM Calculated day 0
05/24/2022 10:30:55 PM Calculated day 1
05/24/2022 10:31:02 PM Calculated day 2
05/24/2022 10:31:08 PM Calculated day 3
05/24/2022 10:31:14 PM Calculated day 4
05/24/2022 10:31:21 PM Calculated day 5
05/24/2022 10:31:27 PM Calculated day 6
05/24/2022 10:31:34 PM Calculated day 7
05/24/2022 10:31:40 PM Calculated day 8
05/24/2022 10:31:47 PM Calculated day 9
05/24/2022 10:31:53 PM Calculated day 10
05/24/2022 10:31:59 PM Calculated day 11
05/24/2022 10:32:06 PM Calculated day 12
05/24/2022 10:32:12 PM Calculated day 13
05/24/2022 10:32:19 PM Calculated day 14
05/24/2022 10:32:25 PM Calculated day 15
05/24/2022 10:32:31 PM Calculated day 16
05/24/2022 10:32:38 PM Calculated day 17
05/24/2022 10:32:44 PM Calculated day 18
05/24/2022 10:32:51 PM Calculated day 19
05/24/2022 10:32:57 PM Calculated day 20
05/24/2022 10:33:04 PM Calculated day 21
05/24/2022 10:33:10 PM Calculated day 22
05/24/2022 10:33:17 PM Calculated day 23
05/24/2022 10:33:24 PM Calculated day 24
05/24/2022 10:33:30 PM Calculated day 25
05/24/2022 10:33:37 PM Calculated day 26
05/24/2022 10:33:44 PM Calculated day 27
05/24/2022 10:33:51 PM Calculated day 28
05/24/2022 10:33:58 PM Calculated day 29
05/24/2022 10:34:04 PM Calculated day 30
05/24/2022 10:34:11 PM Calculated day 31
05/24/2022 10:34:17 PM Calculated day 32
05/24/2022 10:34:24 PM Calculated day 33
05/24/2022 10:34:30 PM Calculated day 34
05/24/2022 10:34:37 PM Calculated day 35
05/24/2022 10:34:43 PM Calculated day 36
05/24/2022 10:34:49 PM Calculated day 37
05/24/2022 10:34:56 PM Calculated day 38
05/24/2022 10:35:02 PM Calculated day 39
05/24/2022 10:35:09 PM Calculated day 40
05/24/2022 10:35:15 PM Calculated day 41
05/24/2022 10:35:22 PM Calculated day 42
05/24/2022 10:35:28 PM Calculated day 43
05/24/2022 10:35:35 PM Calculated day 44
05/24/2022 10:35:41 PM Calculated day 45
05/24/2022 10:35:48 PM Calculated day 46
05/24/2022 10:35:54 PM Calculated day 47
05/24/2022 10:36:01 PM Calculated day 48
05/24/2022 10:36:07 PM Calculated day 49
05/24/2022 10:36:13 PM Calculated day 50
05/24/2022 10:36:20 PM Calculated day 51
05/24/2022 10:36:26 PM Calculated day 52
05/24/2022 10:36:33 PM Calculated day 53
05/24/2022 10:36:39 PM Calculated day 54
05/24/2022 10:36:46 PM Calculated day 55
05/24/2022 10:36:52 PM Calculated day 56
05/24/2022 10:36:58 PM Calculated day 57
05/24/2022 10:37:05 PM Calculated day 58
05/24/2022 10:37:11 PM Calculated day 59
05/24/2022 10:37:18 PM Calculated day 60
05/24/2022 10:37:24 PM Calculated day 61
05/24/2022 10:37:30 PM Calculated day 62
05/24/2022 10:37:37 PM Calculated day 63
05/24/2022 10:37:43 PM Calculated day 64
05/24/2022 10:37:50 PM Calculated day 65
05/24/2022 10:37:56 PM Calculated day 66
05/24/2022 10:38:02 PM Calculated day 67
05/24/2022 10:38:09 PM Calculated day 68
05/24/2022 10:38:15 PM Calculated day 69
05/24/2022 10:38:21 PM Calculated day 70
05/24/2022 10:38:28 PM Calculated day 71
05/24/2022 10:38:34 PM Calculated day 72
05/24/2022 10:38:41 PM Calculated day 73
05/24/2022 10:38:47 PM Calculated day 74
05/24/2022 10:38:54 PM Calculated day 75
05/24/2022 10:39:00 PM Calculated day 76
05/24/2022 10:39:06 PM Calculated day 77
05/24/2022 10:39:13 PM Calculated day 78
05/24/2022 10:39:19 PM Calculated day 79
05/24/2022 10:39:26 PM Calculated day 80
05/24/2022 10:39:32 PM Calculated day 81
05/24/2022 10:39:38 PM Calculated day 82
05/24/2022 10:39:45 PM Calculated day 83
05/24/2022 10:39:51 PM Calculated day 84
05/24/2022 10:39:58 PM Calculated day 85
05/24/2022 10:40:04 PM Calculated day 86
05/24/2022 10:40:10 PM Calculated day 87
05/24/2022 10:40:17 PM Calculated day 88
05/24/2022 10:40:23 PM Calculated day 89
05/24/2022 10:40:30 PM Calculated day 90
05/24/2022 10:40:36 PM Calculated day 91
05/24/2022 10:40:42 PM Calculated day 92
05/24/2022 10:40:49 PM Calculated day 93
05/24/2022 10:40:55 PM Calculated day 94
05/24/2022 10:41:02 PM Calculated day 95
05/24/2022 10:41:08 PM Calculated day 96
05/24/2022 10:41:15 PM Calculated day 97
05/24/2022 10:41:21 PM Calculated day 98
05/24/2022 10:41:27 PM Calculated day 99
05/24/2022 10:41:34 PM Calculated day 100
05/24/2022 10:41:40 PM Calculated day 101
05/24/2022 10:41:47 PM Calculated day 102
05/24/2022 10:41:53 PM Calculated day 103
05/24/2022 10:42:00 PM Calculated day 104
05/24/2022 10:42:06 PM Calculated day 105
05/24/2022 10:42:12 PM Calculated day 106
05/24/2022 10:42:19 PM Calculated day 107
05/24/2022 10:42:25 PM Calculated day 108
05/24/2022 10:42:32 PM Calculated day 109
05/24/2022 10:42:38 PM Calculated day 110
05/24/2022 10:42:45 PM Calculated day 111
05/24/2022 10:42:51 PM Calculated day 112
05/24/2022 10:42:57 PM Calculated day 113
05/24/2022 10:43:04 PM Calculated day 114
05/24/2022 10:43:10 PM Calculated day 115
05/24/2022 10:43:17 PM Calculated day 116
05/24/2022 10:43:23 PM Calculated day 117
05/24/2022 10:43:29 PM Calculated day 118
05/24/2022 10:43:36 PM Calculated day 119
05/24/2022 10:43:42 PM Calculated day 120
05/24/2022 10:43:49 PM Calculated day 121
05/24/2022 10:43:55 PM Calculated day 122
05/24/2022 10:44:01 PM Calculated day 123
05/24/2022 10:44:08 PM Calculated day 124
05/24/2022 10:44:14 PM Calculated day 125
05/24/2022 10:44:20 PM Calculated day 126
05/24/2022 10:44:27 PM Calculated day 127
05/24/2022 10:44:33 PM Calculated day 128
05/24/2022 10:44:40 PM Calculated day 129
05/24/2022 10:44:46 PM Calculated day 130
05/24/2022 10:44:52 PM Calculated day 131
05/24/2022 10:44:59 PM Calculated day 132
05/24/2022 10:45:05 PM Calculated day 133
05/24/2022 10:45:12 PM Calculated day 134
05/24/2022 10:45:18 PM Calculated day 135
05/24/2022 10:45:25 PM Calculated day 136
05/24/2022 10:45:31 PM Calculated day 137
05/24/2022 10:45:38 PM Calculated day 138
05/24/2022 10:45:45 PM Calculated day 139
05/24/2022 10:45:52 PM Calculated day 140
05/24/2022 10:45:59 PM Calculated day 141
05/24/2022 10:46:05 PM Calculated day 142
05/24/2022 10:46:12 PM Calculated day 143
05/24/2022 10:46:19 PM Calculated day 144
05/24/2022 10:46:26 PM Calculated day 145
05/24/2022 10:46:33 PM Calculated day 146
05/24/2022 10:46:39 PM Calculated day 147
05/24/2022 10:46:46 PM Calculated day 148
05/24/2022 10:46:52 PM Calculated day 149
05/24/2022 10:46:58 PM Calculated day 150
05/24/2022 10:47:05 PM Calculated day 151
05/24/2022 10:47:11 PM Calculated day 152
05/24/2022 10:47:18 PM Calculated day 153
05/24/2022 10:47:24 PM Calculated day 154
05/24/2022 10:47:30 PM Calculated day 155
05/24/2022 10:47:37 PM Calculated day 156
05/24/2022 10:47:43 PM Calculated day 157
05/24/2022 10:47:50 PM Calculated day 158
05/24/2022 10:47:56 PM Calculated day 159
05/24/2022 10:48:02 PM Calculated day 160
05/24/2022 10:48:09 PM Calculated day 161
05/24/2022 10:48:15 PM Calculated day 162
05/24/2022 10:48:22 PM Calculated day 163
05/24/2022 10:48:28 PM Calculated day 164
05/24/2022 10:48:34 PM Calculated day 165
05/24/2022 10:48:41 PM Calculated day 166
05/24/2022 10:48:47 PM Calculated day 167
05/24/2022 10:48:54 PM Calculated day 168
05/24/2022 10:49:00 PM Calculated day 169
05/24/2022 10:49:06 PM Calculated day 170
05/24/2022 10:49:13 PM Calculated day 171
05/24/2022 10:49:19 PM Calculated day 172
05/24/2022 10:49:26 PM Calculated day 173
05/24/2022 10:49:32 PM Calculated day 174
05/24/2022 10:49:38 PM Calculated day 175
05/24/2022 10:49:45 PM Calculated day 176
05/24/2022 10:49:51 PM Calculated day 177
05/24/2022 10:49:57 PM Calculated day 178
05/24/2022 10:50:04 PM Calculated day 179
05/24/2022 10:50:10 PM Calculated day 180
05/24/2022 10:50:17 PM Calculated day 181
05/24/2022 10:50:23 PM Calculated day 182
05/24/2022 10:50:29 PM Calculated day 183
05/24/2022 10:50:36 PM Calculated day 184
05/24/2022 10:50:42 PM Calculated day 185
05/24/2022 10:50:49 PM Calculated day 186
05/24/2022 10:50:55 PM Calculated day 187
05/24/2022 10:51:01 PM Calculated day 188
05/24/2022 10:51:08 PM Calculated day 189
05/24/2022 10:51:14 PM Calculated day 190
05/24/2022 10:51:21 PM Calculated day 191
05/24/2022 10:51:27 PM Calculated day 192
05/24/2022 10:51:33 PM Calculated day 193
05/24/2022 10:51:40 PM Calculated day 194
05/24/2022 10:51:46 PM Calculated day 195
05/24/2022 10:51:52 PM Calculated day 196
05/24/2022 10:51:59 PM Calculated day 197
05/24/2022 10:52:05 PM Calculated day 198
05/24/2022 10:52:12 PM Calculated day 199
05/24/2022 10:52:18 PM Calculated day 200
05/24/2022 10:52:24 PM Calculated day 201
05/24/2022 10:52:31 PM Calculated day 202
05/24/2022 10:52:37 PM Calculated day 203
05/24/2022 10:52:43 PM Calculated day 204
05/24/2022 10:52:50 PM Calculated day 205
05/24/2022 10:52:56 PM Calculated day 206
05/24/2022 10:53:03 PM Calculated day 207
05/24/2022 10:53:09 PM Calculated day 208
05/24/2022 10:53:15 PM Calculated day 209
05/24/2022 10:53:22 PM Calculated day 210
05/24/2022 10:53:28 PM Calculated day 211
05/24/2022 10:53:35 PM Calculated day 212
05/24/2022 10:53:41 PM Calculated day 213
05/24/2022 10:53:47 PM Calculated day 214
05/24/2022 10:53:54 PM Calculated day 215
05/24/2022 10:54:00 PM Calculated day 216
05/24/2022 10:54:08 PM Calculated day 217
05/24/2022 10:54:17 PM Calculated day 218
05/24/2022 10:54:24 PM Calculated day 219
05/24/2022 10:54:30 PM Calculated day 220
05/24/2022 10:54:36 PM Calculated day 221
05/24/2022 10:54:43 PM Calculated day 222
05/24/2022 10:54:49 PM Calculated day 223
05/24/2022 10:54:55 PM Calculated day 224
05/24/2022 10:55:02 PM Calculated day 225
05/24/2022 10:55:08 PM Calculated day 226
05/24/2022 10:55:15 PM Calculated day 227
05/24/2022 10:55:21 PM Calculated day 228
05/24/2022 10:55:27 PM Calculated day 229
05/24/2022 10:55:34 PM Calculated day 230
05/24/2022 10:55:40 PM Calculated day 231
05/24/2022 10:55:47 PM Calculated day 232
05/24/2022 10:55:53 PM Calculated day 233
05/24/2022 10:55:59 PM Calculated day 234
05/24/2022 10:56:06 PM Calculated day 235
05/24/2022 10:56:12 PM Calculated day 236
05/24/2022 10:56:19 PM Calculated day 237
05/24/2022 10:56:25 PM Calculated day 238
05/24/2022 10:56:31 PM Calculated day 239
05/24/2022 10:56:38 PM Calculated day 240
05/24/2022 10:56:44 PM Calculated day 241
05/24/2022 10:56:51 PM Calculated day 242
05/24/2022 10:56:57 PM Calculated day 243
05/24/2022 10:57:03 PM Calculated day 244
05/24/2022 10:57:10 PM Calculated day 245
05/24/2022 10:57:16 PM Calculated day 246
05/24/2022 10:57:23 PM Calculated day 247
05/24/2022 10:57:29 PM Calculated day 248
05/24/2022 10:57:35 PM Calculated day 249
05/24/2022 10:57:42 PM Calculated day 250
05/24/2022 10:57:48 PM Calculated day 251
05/24/2022 10:57:54 PM Calculated day 252
05/24/2022 10:58:01 PM Calculated day 253
05/24/2022 10:58:07 PM Calculated day 254
05/24/2022 10:58:14 PM Calculated day 255
05/24/2022 10:58:20 PM Calculated day 256
05/24/2022 10:58:26 PM Calculated day 257
05/24/2022 10:58:33 PM Calculated day 258
05/24/2022 10:58:39 PM Calculated day 259
05/24/2022 10:58:46 PM Calculated day 260
05/24/2022 10:58:52 PM Calculated day 261
05/24/2022 10:58:58 PM Calculated day 262
05/24/2022 10:59:05 PM Calculated day 263
05/24/2022 10:59:11 PM Calculated day 264
05/24/2022 10:59:18 PM Calculated day 265
05/24/2022 10:59:24 PM Calculated day 266
05/24/2022 10:59:30 PM Calculated day 267
05/24/2022 10:59:37 PM Calculated day 268
05/24/2022 10:59:43 PM Calculated day 269
05/24/2022 10:59:50 PM Calculated day 270
05/24/2022 10:59:56 PM Calculated day 271
05/24/2022 11:00:02 PM Calculated day 272
05/24/2022 11:00:09 PM Calculated day 273
05/24/2022 11:00:15 PM Calculated day 274
05/24/2022 11:00:22 PM Calculated day 275
05/24/2022 11:00:28 PM Calculated day 276
05/24/2022 11:00:34 PM Calculated day 277
05/24/2022 11:00:41 PM Calculated day 278
05/24/2022 11:00:47 PM Calculated day 279
05/24/2022 11:00:54 PM Calculated day 280
05/24/2022 11:01:00 PM Calculated day 281
05/24/2022 11:01:06 PM Calculated day 282
05/24/2022 11:01:13 PM Calculated day 283
05/24/2022 11:01:19 PM Calculated day 284
05/24/2022 11:01:26 PM Calculated day 285
05/24/2022 11:01:32 PM Calculated day 286
05/24/2022 11:01:38 PM Calculated day 287
05/24/2022 11:01:45 PM Calculated day 288
05/24/2022 11:01:51 PM Calculated day 289
05/24/2022 11:01:58 PM Calculated day 290
05/24/2022 11:02:04 PM Calculated day 291
05/24/2022 11:02:10 PM Calculated day 292
05/24/2022 11:02:17 PM Calculated day 293
05/24/2022 11:02:23 PM Calculated day 294
05/24/2022 11:02:30 PM Calculated day 295
05/24/2022 11:02:36 PM Calculated day 296
05/24/2022 11:02:42 PM Calculated day 297
05/24/2022 11:02:49 PM Calculated day 298
05/24/2022 11:02:55 PM Calculated day 299
05/24/2022 11:03:02 PM Calculated day 300
05/24/2022 11:03:08 PM Calculated day 301
05/24/2022 11:03:14 PM Calculated day 302
05/24/2022 11:03:21 PM Calculated day 303
05/24/2022 11:03:27 PM Calculated day 304
05/24/2022 11:03:33 PM Calculated day 305
05/24/2022 11:03:40 PM Calculated day 306
05/24/2022 11:03:46 PM Calculated day 307
05/24/2022 11:03:53 PM Calculated day 308
05/24/2022 11:03:59 PM Calculated day 309
05/24/2022 11:04:05 PM Calculated day 310
05/24/2022 11:04:12 PM Calculated day 311
05/24/2022 11:04:18 PM Calculated day 312
05/24/2022 11:04:25 PM Calculated day 313
05/24/2022 11:04:31 PM Calculated day 314
05/24/2022 11:04:37 PM Calculated day 315
05/24/2022 11:04:44 PM Calculated day 316
05/24/2022 11:04:50 PM Calculated day 317
05/24/2022 11:04:57 PM Calculated day 318
05/24/2022 11:05:03 PM Calculated day 319
05/24/2022 11:05:09 PM Calculated day 320
05/24/2022 11:05:16 PM Calculated day 321
05/24/2022 11:05:22 PM Calculated day 322
05/24/2022 11:05:29 PM Calculated day 323
05/24/2022 11:05:35 PM Calculated day 324
05/24/2022 11:05:41 PM Calculated day 325
05/24/2022 11:05:48 PM Calculated day 326
05/24/2022 11:05:54 PM Calculated day 327
05/24/2022 11:06:01 PM Calculated day 328
05/24/2022 11:06:07 PM Calculated day 329
05/24/2022 11:06:13 PM Calculated day 330
05/24/2022 11:06:20 PM Calculated day 331
05/24/2022 11:06:26 PM Calculated day 332
05/24/2022 11:06:33 PM Calculated day 333
05/24/2022 11:06:39 PM Calculated day 334
05/24/2022 11:06:46 PM Calculated day 335
05/24/2022 11:06:52 PM Calculated day 336
05/24/2022 11:06:58 PM Calculated day 337
05/24/2022 11:07:05 PM Calculated day 338
05/24/2022 11:07:11 PM Calculated day 339
05/24/2022 11:07:18 PM Calculated day 340
05/24/2022 11:07:24 PM Calculated day 341
05/24/2022 11:07:30 PM Calculated day 342
05/24/2022 11:07:37 PM Calculated day 343
05/24/2022 11:07:43 PM Calculated day 344
05/24/2022 11:07:50 PM Calculated day 345
05/24/2022 11:07:56 PM Calculated day 346
05/24/2022 11:08:02 PM Calculated day 347
05/24/2022 11:08:09 PM Calculated day 348
05/24/2022 11:08:15 PM Calculated day 349
05/24/2022 11:08:22 PM Calculated day 350
05/24/2022 11:08:28 PM Calculated day 351
05/24/2022 11:08:34 PM Calculated day 352
05/24/2022 11:08:41 PM Calculated day 353
05/24/2022 11:08:47 PM Calculated day 354
05/24/2022 11:08:54 PM Calculated day 355
05/24/2022 11:09:00 PM Calculated day 356
05/24/2022 11:09:07 PM Calculated day 357
05/24/2022 11:09:13 PM Calculated day 358
05/24/2022 11:09:19 PM Calculated day 359
05/24/2022 11:09:26 PM Calculated day 360
05/24/2022 11:09:32 PM Calculated day 361
05/24/2022 11:09:39 PM Calculated day 362
05/24/2022 11:09:45 PM Calculated day 363
05/24/2022 11:09:52 PM Calculated day 364
05/24/2022 11:09:58 PM Calculated day 365
05/24/2022 11:10:04 PM Calculated day 366
05/24/2022 11:10:11 PM Calculated day 367
05/24/2022 11:10:17 PM Calculated day 368
05/24/2022 11:10:24 PM Calculated day 369
05/24/2022 11:10:30 PM Calculated day 370
05/24/2022 11:10:37 PM Calculated day 371
05/24/2022 11:10:43 PM Calculated day 372
05/24/2022 11:10:49 PM Calculated day 373
05/24/2022 11:10:56 PM Calculated day 374
05/24/2022 11:11:02 PM Calculated day 375
05/24/2022 11:11:08 PM Calculated day 376
05/24/2022 11:11:15 PM Calculated day 377
05/24/2022 11:11:22 PM Calculated day 378
05/24/2022 11:11:28 PM Calculated day 379
05/24/2022 11:11:34 PM Calculated day 380
05/24/2022 11:11:41 PM Calculated day 381
05/24/2022 11:11:47 PM Calculated day 382
05/24/2022 11:11:54 PM Calculated day 383
05/24/2022 11:12:00 PM Calculated day 384
05/24/2022 11:12:06 PM Calculated day 385
05/24/2022 11:12:13 PM Calculated day 386
05/24/2022 11:12:20 PM Calculated day 387
05/24/2022 11:12:26 PM Calculated day 388
05/24/2022 11:12:33 PM Calculated day 389
05/24/2022 11:12:39 PM Calculated day 390
05/24/2022 11:12:46 PM Calculated day 391
05/24/2022 11:12:52 PM Calculated day 392
05/24/2022 11:12:59 PM Calculated day 393
05/24/2022 11:13:05 PM Calculated day 394
05/24/2022 11:13:11 PM Calculated day 395
05/24/2022 11:13:18 PM Calculated day 396
05/24/2022 11:13:24 PM Calculated day 397
05/24/2022 11:13:31 PM Calculated day 398
05/24/2022 11:13:37 PM Calculated day 399
05/24/2022 11:13:43 PM Calculated day 400
05/24/2022 11:13:50 PM Calculated day 401
05/24/2022 11:13:56 PM Calculated day 402
05/24/2022 11:14:03 PM Calculated day 403
05/24/2022 11:14:09 PM Calculated day 404
05/24/2022 11:14:15 PM Calculated day 405
05/24/2022 11:14:22 PM Calculated day 406
05/24/2022 11:14:28 PM Calculated day 407
05/24/2022 11:14:35 PM Calculated day 408
05/24/2022 11:14:41 PM Calculated day 409
05/24/2022 11:14:48 PM Calculated day 410
05/24/2022 11:14:54 PM Calculated day 411
05/24/2022 11:15:00 PM Calculated day 412
05/24/2022 11:15:07 PM Calculated day 413
05/24/2022 11:15:13 PM Calculated day 414
05/24/2022 11:15:20 PM Calculated day 415
05/24/2022 11:15:26 PM Calculated day 416
05/24/2022 11:15:32 PM Calculated day 417
05/24/2022 11:15:39 PM Calculated day 418
05/24/2022 11:15:45 PM Calculated day 419
05/24/2022 11:15:52 PM Calculated day 420
05/24/2022 11:15:58 PM Calculated day 421
05/24/2022 11:16:04 PM Calculated day 422
05/24/2022 11:16:11 PM Calculated day 423
05/24/2022 11:16:17 PM Calculated day 424
05/24/2022 11:16:24 PM Calculated day 425
05/24/2022 11:16:30 PM Calculated day 426
05/24/2022 11:16:36 PM Calculated day 427
05/24/2022 11:16:43 PM Calculated day 428
05/24/2022 11:16:49 PM Calculated day 429
05/24/2022 11:16:56 PM Calculated day 430
05/24/2022 11:17:02 PM Calculated day 431
05/24/2022 11:17:08 PM Calculated day 432
05/24/2022 11:17:15 PM Calculated day 433
05/24/2022 11:17:21 PM Calculated day 434
05/24/2022 11:17:28 PM Calculated day 435
05/24/2022 11:17:34 PM Calculated day 436
05/24/2022 11:17:40 PM Calculated day 437
05/24/2022 11:17:47 PM Calculated day 438
05/24/2022 11:17:53 PM Calculated day 439
05/24/2022 11:18:00 PM Calculated day 440
05/24/2022 11:18:06 PM Calculated day 441
05/24/2022 11:18:12 PM Calculated day 442
05/24/2022 11:18:19 PM Calculated day 443
05/24/2022 11:18:25 PM Calculated day 444
05/24/2022 11:18:32 PM Calculated day 445
05/24/2022 11:18:38 PM Calculated day 446
05/24/2022 11:18:45 PM Calculated day 447
05/24/2022 11:18:51 PM Calculated day 448
05/24/2022 11:18:58 PM Calculated day 449
05/24/2022 11:19:04 PM Calculated day 450
05/24/2022 11:19:10 PM Calculated day 451
05/24/2022 11:19:17 PM Calculated day 452
05/24/2022 11:19:23 PM Calculated day 453
05/24/2022 11:19:30 PM Calculated day 454
05/24/2022 11:19:36 PM Calculated day 455
05/24/2022 11:19:42 PM Calculated day 456
05/24/2022 11:19:49 PM Calculated day 457
05/24/2022 11:19:55 PM Calculated day 458
05/24/2022 11:20:02 PM Calculated day 459
05/24/2022 11:20:08 PM Calculated day 460
05/24/2022 11:20:15 PM Calculated day 461
05/24/2022 11:20:21 PM Calculated day 462
05/24/2022 11:20:28 PM Calculated day 463
05/24/2022 11:20:34 PM Calculated day 464
05/24/2022 11:20:41 PM Calculated day 465
05/24/2022 11:20:47 PM Calculated day 466
05/24/2022 11:20:53 PM Calculated day 467
05/24/2022 11:21:00 PM Calculated day 468
05/24/2022 11:21:06 PM Calculated day 469
05/24/2022 11:21:13 PM Calculated day 470
05/24/2022 11:21:20 PM Calculated day 471
05/24/2022 11:21:27 PM Calculated day 472
05/24/2022 11:21:34 PM Calculated day 473
05/24/2022 11:21:41 PM Calculated day 474
05/24/2022 11:21:48 PM Calculated day 475
05/24/2022 11:21:55 PM Calculated day 476
05/24/2022 11:22:02 PM Calculated day 477
05/24/2022 11:22:08 PM Calculated day 478
05/24/2022 11:22:15 PM Calculated day 479
05/24/2022 11:22:21 PM Calculated day 480
05/24/2022 11:22:28 PM Calculated day 481
05/24/2022 11:22:34 PM Calculated day 482
05/24/2022 11:22:41 PM Calculated day 483
05/24/2022 11:22:47 PM Calculated day 484
05/24/2022 11:22:54 PM Calculated day 485
05/24/2022 11:23:00 PM Calculated day 486
05/24/2022 11:23:07 PM Calculated day 487
05/24/2022 11:23:13 PM Calculated day 488
05/24/2022 11:23:19 PM Calculated day 489
05/24/2022 11:23:26 PM Calculated day 490
05/24/2022 11:23:32 PM Calculated day 491
05/24/2022 11:23:39 PM Calculated day 492
05/24/2022 11:23:45 PM Calculated day 493
05/24/2022 11:23:52 PM Calculated day 494
05/24/2022 11:23:58 PM Calculated day 495
05/24/2022 11:24:05 PM Calculated day 496
05/24/2022 11:24:11 PM Calculated day 497
05/24/2022 11:24:18 PM Calculated day 498
05/24/2022 11:24:24 PM Calculated day 499
05/24/2022 11:24:30 PM Calculated day 500
05/24/2022 11:24:37 PM Calculated day 501
05/24/2022 11:24:43 PM Calculated day 502
05/24/2022 11:24:50 PM Calculated day 503
05/24/2022 11:24:56 PM Calculated day 504
05/24/2022 11:25:02 PM Calculated day 505
05/24/2022 11:25:09 PM Calculated day 506
05/24/2022 11:25:15 PM Calculated day 507
05/24/2022 11:25:22 PM Calculated day 508
05/24/2022 11:25:28 PM Calculated day 509
05/24/2022 11:25:34 PM Calculated day 510
05/24/2022 11:25:41 PM Calculated day 511
05/24/2022 11:25:47 PM Calculated day 512
05/24/2022 11:25:54 PM Calculated day 513
05/24/2022 11:26:00 PM Calculated day 514
05/24/2022 11:26:07 PM Calculated day 515
05/24/2022 11:26:13 PM Calculated day 516
05/24/2022 11:26:19 PM Calculated day 517
05/24/2022 11:26:26 PM Calculated day 518
05/24/2022 11:26:32 PM Calculated day 519
05/24/2022 11:26:39 PM Calculated day 520
05/24/2022 11:26:45 PM Calculated day 521
05/24/2022 11:26:52 PM Calculated day 522
05/24/2022 11:26:58 PM Calculated day 523
05/24/2022 11:27:04 PM Calculated day 524
05/24/2022 11:27:11 PM Calculated day 525
05/24/2022 11:27:17 PM Calculated day 526
05/24/2022 11:27:24 PM Calculated day 527
05/24/2022 11:27:30 PM Calculated day 528
05/24/2022 11:27:36 PM Calculated day 529
05/24/2022 11:27:43 PM Calculated day 530
05/24/2022 11:27:49 PM Calculated day 531
05/24/2022 11:27:56 PM Calculated day 532
05/24/2022 11:28:02 PM Calculated day 533
05/24/2022 11:28:09 PM Calculated day 534
05/24/2022 11:28:15 PM Calculated day 535
05/24/2022 11:28:21 PM Calculated day 536
05/24/2022 11:28:28 PM Calculated day 537
05/24/2022 11:28:34 PM Calculated day 538
05/24/2022 11:28:41 PM Calculated day 539
05/24/2022 11:28:47 PM Calculated day 540
05/24/2022 11:28:54 PM Calculated day 541
05/24/2022 11:29:00 PM Calculated day 542
05/24/2022 11:29:06 PM Calculated day 543
05/24/2022 11:29:13 PM Calculated day 544
05/24/2022 11:29:19 PM Calculated day 545
05/24/2022 11:29:26 PM Calculated day 546
05/24/2022 11:29:32 PM Calculated day 547
05/24/2022 11:29:39 PM Calculated day 548
05/24/2022 11:29:45 PM Calculated day 549
05/24/2022 11:29:52 PM Calculated day 550
05/24/2022 11:29:58 PM Calculated day 551
05/24/2022 11:30:04 PM Calculated day 552
05/24/2022 11:30:11 PM Calculated day 553
05/24/2022 11:30:17 PM Calculated day 554
05/24/2022 11:30:24 PM Calculated day 555
05/24/2022 11:30:30 PM Calculated day 556
05/24/2022 11:30:37 PM Calculated day 557
05/24/2022 11:30:43 PM Calculated day 558
05/24/2022 11:30:50 PM Calculated day 559
05/24/2022 11:30:56 PM Calculated day 560
05/24/2022 11:31:03 PM Calculated day 561
05/24/2022 11:31:09 PM Calculated day 562
05/24/2022 11:31:15 PM Calculated day 563
05/24/2022 11:31:22 PM Calculated day 564
05/24/2022 11:31:28 PM Calculated day 565
05/24/2022 11:31:35 PM Calculated day 566
05/24/2022 11:31:41 PM Calculated day 567
05/24/2022 11:31:48 PM Calculated day 568
05/24/2022 11:31:54 PM Calculated day 569
05/24/2022 11:32:01 PM Calculated day 570
05/24/2022 11:32:07 PM Calculated day 571
05/24/2022 11:32:13 PM Calculated day 572
05/24/2022 11:32:20 PM Calculated day 573
05/24/2022 11:32:26 PM Calculated day 574
05/24/2022 11:32:33 PM Calculated day 575
05/24/2022 11:32:39 PM Calculated day 576
05/24/2022 11:32:46 PM Calculated day 577
05/24/2022 11:32:52 PM Calculated day 578
05/24/2022 11:32:59 PM Calculated day 579
05/24/2022 11:33:05 PM Calculated day 580
05/24/2022 11:33:12 PM Calculated day 581
05/24/2022 11:33:18 PM Calculated day 582
05/24/2022 11:33:25 PM Calculated day 583
05/24/2022 11:33:31 PM Calculated day 584
05/24/2022 11:33:38 PM Calculated day 585
05/24/2022 11:33:44 PM Calculated day 586
05/24/2022 11:33:50 PM Calculated day 587
05/24/2022 11:33:57 PM Calculated day 588
05/24/2022 11:34:03 PM Calculated day 589
05/24/2022 11:34:10 PM Calculated day 590
05/24/2022 11:34:16 PM Calculated day 591
05/24/2022 11:34:23 PM Calculated day 592
05/24/2022 11:34:29 PM Calculated day 593
05/24/2022 11:34:36 PM Calculated day 594
05/24/2022 11:34:42 PM Calculated day 595
05/24/2022 11:34:49 PM Calculated day 596
05/24/2022 11:34:55 PM Calculated day 597
05/24/2022 11:35:02 PM Calculated day 598
05/24/2022 11:35:08 PM Calculated day 599
05/24/2022 11:36:04 PM  ========== CODE RAN SUCCESSFULLY, congrats! ================
05/24/2022 11:36:04 PM  -----> Total Time taken = 3916.396  <----
