05/25/2022 04:30:52 AM **********************************
05/25/2022 04:30:52 AM /data/pbarpanda/spherical_SWE/evaluate_final_budget/transient_U_propagate_forcing_diff_Heq//dt_150_Q_forcing_10_forcing_y_0_Hmean_200_forcing_phase_speed_5_ms/U_up_days_217/
05/25/2022 04:30:52 AM **********************************
05/25/2022 04:30:52 AM Calculated day 0
05/25/2022 04:30:58 AM Calculated day 1
05/25/2022 04:31:05 AM Calculated day 2
05/25/2022 04:31:11 AM Calculated day 3
05/25/2022 04:31:17 AM Calculated day 4
05/25/2022 04:31:24 AM Calculated day 5
05/25/2022 04:31:30 AM Calculated day 6
05/25/2022 04:31:36 AM Calculated day 7
05/25/2022 04:31:43 AM Calculated day 8
05/25/2022 04:31:49 AM Calculated day 9
05/25/2022 04:31:55 AM Calculated day 10
05/25/2022 04:32:02 AM Calculated day 11
05/25/2022 04:32:08 AM Calculated day 12
05/25/2022 04:32:15 AM Calculated day 13
05/25/2022 04:32:21 AM Calculated day 14
05/25/2022 04:32:27 AM Calculated day 15
05/25/2022 04:32:34 AM Calculated day 16
05/25/2022 04:32:40 AM Calculated day 17
05/25/2022 04:32:46 AM Calculated day 18
05/25/2022 04:32:53 AM Calculated day 19
05/25/2022 04:32:59 AM Calculated day 20
05/25/2022 04:33:05 AM Calculated day 21
05/25/2022 04:33:12 AM Calculated day 22
05/25/2022 04:33:18 AM Calculated day 23
05/25/2022 04:33:25 AM Calculated day 24
05/25/2022 04:33:31 AM Calculated day 25
05/25/2022 04:33:37 AM Calculated day 26
05/25/2022 04:33:44 AM Calculated day 27
05/25/2022 04:33:50 AM Calculated day 28
05/25/2022 04:33:56 AM Calculated day 29
05/25/2022 04:34:03 AM Calculated day 30
05/25/2022 04:34:09 AM Calculated day 31
05/25/2022 04:34:15 AM Calculated day 32
05/25/2022 04:34:22 AM Calculated day 33
05/25/2022 04:34:28 AM Calculated day 34
05/25/2022 04:34:34 AM Calculated day 35
05/25/2022 04:34:41 AM Calculated day 36
05/25/2022 04:34:47 AM Calculated day 37
05/25/2022 04:34:54 AM Calculated day 38
05/25/2022 04:35:00 AM Calculated day 39
05/25/2022 04:35:06 AM Calculated day 40
05/25/2022 04:35:13 AM Calculated day 41
05/25/2022 04:35:19 AM Calculated day 42
05/25/2022 04:35:25 AM Calculated day 43
05/25/2022 04:35:32 AM Calculated day 44
05/25/2022 04:35:38 AM Calculated day 45
05/25/2022 04:35:44 AM Calculated day 46
05/25/2022 04:35:51 AM Calculated day 47
05/25/2022 04:35:57 AM Calculated day 48
05/25/2022 04:36:03 AM Calculated day 49
05/25/2022 04:36:10 AM Calculated day 50
05/25/2022 04:36:16 AM Calculated day 51
05/25/2022 04:36:22 AM Calculated day 52
05/25/2022 04:36:29 AM Calculated day 53
05/25/2022 04:36:35 AM Calculated day 54
05/25/2022 04:36:41 AM Calculated day 55
05/25/2022 04:36:48 AM Calculated day 56
05/25/2022 04:36:54 AM Calculated day 57
05/25/2022 04:37:00 AM Calculated day 58
05/25/2022 04:37:07 AM Calculated day 59
05/25/2022 04:37:13 AM Calculated day 60
05/25/2022 04:37:19 AM Calculated day 61
05/25/2022 04:37:26 AM Calculated day 62
05/25/2022 04:37:32 AM Calculated day 63
05/25/2022 04:37:39 AM Calculated day 64
05/25/2022 04:37:45 AM Calculated day 65
05/25/2022 04:37:51 AM Calculated day 66
05/25/2022 04:37:58 AM Calculated day 67
05/25/2022 04:38:04 AM Calculated day 68
05/25/2022 04:38:10 AM Calculated day 69
05/25/2022 04:38:17 AM Calculated day 70
05/25/2022 04:38:23 AM Calculated day 71
05/25/2022 04:38:29 AM Calculated day 72
05/25/2022 04:38:36 AM Calculated day 73
05/25/2022 04:38:42 AM Calculated day 74
05/25/2022 04:38:48 AM Calculated day 75
05/25/2022 04:38:55 AM Calculated day 76
05/25/2022 04:39:01 AM Calculated day 77
05/25/2022 04:39:08 AM Calculated day 78
05/25/2022 04:39:15 AM Calculated day 79
05/25/2022 04:39:21 AM Calculated day 80
05/25/2022 04:39:28 AM Calculated day 81
05/25/2022 04:39:35 AM Calculated day 82
05/25/2022 04:39:42 AM Calculated day 83
05/25/2022 04:39:48 AM Calculated day 84
05/25/2022 04:39:55 AM Calculated day 85
05/25/2022 04:40:02 AM Calculated day 86
05/25/2022 04:40:08 AM Calculated day 87
05/25/2022 04:40:14 AM Calculated day 88
05/25/2022 04:40:21 AM Calculated day 89
05/25/2022 04:40:27 AM Calculated day 90
05/25/2022 04:40:34 AM Calculated day 91
05/25/2022 04:40:40 AM Calculated day 92
05/25/2022 04:40:47 AM Calculated day 93
05/25/2022 04:40:53 AM Calculated day 94
05/25/2022 04:40:59 AM Calculated day 95
05/25/2022 04:41:06 AM Calculated day 96
05/25/2022 04:41:12 AM Calculated day 97
05/25/2022 04:41:18 AM Calculated day 98
05/25/2022 04:41:25 AM Calculated day 99
05/25/2022 04:41:31 AM Calculated day 100
05/25/2022 04:41:38 AM Calculated day 101
05/25/2022 04:41:44 AM Calculated day 102
05/25/2022 04:41:51 AM Calculated day 103
05/25/2022 04:41:57 AM Calculated day 104
05/25/2022 04:42:04 AM Calculated day 105
05/25/2022 04:42:10 AM Calculated day 106
05/25/2022 04:42:16 AM Calculated day 107
05/25/2022 04:42:23 AM Calculated day 108
05/25/2022 04:42:29 AM Calculated day 109
05/25/2022 04:42:36 AM Calculated day 110
05/25/2022 04:42:42 AM Calculated day 111
05/25/2022 04:42:48 AM Calculated day 112
05/25/2022 04:42:55 AM Calculated day 113
05/25/2022 04:43:01 AM Calculated day 114
05/25/2022 04:43:07 AM Calculated day 115
05/25/2022 04:43:14 AM Calculated day 116
05/25/2022 04:43:20 AM Calculated day 117
05/25/2022 04:43:27 AM Calculated day 118
05/25/2022 04:43:33 AM Calculated day 119
05/25/2022 04:43:39 AM Calculated day 120
05/25/2022 04:43:46 AM Calculated day 121
05/25/2022 04:43:52 AM Calculated day 122
05/25/2022 04:43:59 AM Calculated day 123
05/25/2022 04:44:05 AM Calculated day 124
05/25/2022 04:44:11 AM Calculated day 125
05/25/2022 04:44:18 AM Calculated day 126
05/25/2022 04:44:24 AM Calculated day 127
05/25/2022 04:44:30 AM Calculated day 128
05/25/2022 04:44:37 AM Calculated day 129
05/25/2022 04:44:43 AM Calculated day 130
05/25/2022 04:44:50 AM Calculated day 131
05/25/2022 04:44:56 AM Calculated day 132
05/25/2022 04:45:02 AM Calculated day 133
05/25/2022 04:45:09 AM Calculated day 134
05/25/2022 04:45:15 AM Calculated day 135
05/25/2022 04:45:21 AM Calculated day 136
05/25/2022 04:45:28 AM Calculated day 137
05/25/2022 04:45:34 AM Calculated day 138
05/25/2022 04:45:41 AM Calculated day 139
05/25/2022 04:45:47 AM Calculated day 140
05/25/2022 04:45:53 AM Calculated day 141
05/25/2022 04:46:00 AM Calculated day 142
05/25/2022 04:46:06 AM Calculated day 143
05/25/2022 04:46:12 AM Calculated day 144
05/25/2022 04:46:19 AM Calculated day 145
05/25/2022 04:46:25 AM Calculated day 146
05/25/2022 04:46:32 AM Calculated day 147
05/25/2022 04:46:38 AM Calculated day 148
05/25/2022 04:46:44 AM Calculated day 149
05/25/2022 04:46:51 AM Calculated day 150
05/25/2022 04:46:57 AM Calculated day 151
05/25/2022 04:47:04 AM Calculated day 152
05/25/2022 04:47:10 AM Calculated day 153
05/25/2022 04:47:16 AM Calculated day 154
05/25/2022 04:47:23 AM Calculated day 155
05/25/2022 04:47:29 AM Calculated day 156
05/25/2022 04:47:35 AM Calculated day 157
05/25/2022 04:47:42 AM Calculated day 158
05/25/2022 04:47:48 AM Calculated day 159
05/25/2022 04:47:55 AM Calculated day 160
05/25/2022 04:48:01 AM Calculated day 161
05/25/2022 04:48:08 AM Calculated day 162
05/25/2022 04:48:14 AM Calculated day 163
05/25/2022 04:48:20 AM Calculated day 164
05/25/2022 04:48:27 AM Calculated day 165
05/25/2022 04:48:33 AM Calculated day 166
05/25/2022 04:48:39 AM Calculated day 167
05/25/2022 04:48:46 AM Calculated day 168
05/25/2022 04:48:52 AM Calculated day 169
05/25/2022 04:48:59 AM Calculated day 170
05/25/2022 04:49:05 AM Calculated day 171
05/25/2022 04:49:11 AM Calculated day 172
05/25/2022 04:49:18 AM Calculated day 173
05/25/2022 04:49:24 AM Calculated day 174
05/25/2022 04:49:31 AM Calculated day 175
05/25/2022 04:49:37 AM Calculated day 176
05/25/2022 04:49:43 AM Calculated day 177
05/25/2022 04:49:50 AM Calculated day 178
05/25/2022 04:49:56 AM Calculated day 179
05/25/2022 04:50:02 AM Calculated day 180
05/25/2022 04:50:09 AM Calculated day 181
05/25/2022 04:50:15 AM Calculated day 182
05/25/2022 04:50:22 AM Calculated day 183
05/25/2022 04:50:28 AM Calculated day 184
05/25/2022 04:50:34 AM Calculated day 185
05/25/2022 04:50:41 AM Calculated day 186
05/25/2022 04:50:47 AM Calculated day 187
05/25/2022 04:50:54 AM Calculated day 188
05/25/2022 04:51:00 AM Calculated day 189
05/25/2022 04:51:06 AM Calculated day 190
05/25/2022 04:51:13 AM Calculated day 191
05/25/2022 04:51:19 AM Calculated day 192
05/25/2022 04:51:26 AM Calculated day 193
05/25/2022 04:51:32 AM Calculated day 194
05/25/2022 04:51:38 AM Calculated day 195
05/25/2022 04:51:45 AM Calculated day 196
05/25/2022 04:51:51 AM Calculated day 197
05/25/2022 04:51:57 AM Calculated day 198
05/25/2022 04:52:04 AM Calculated day 199
05/25/2022 04:52:10 AM Calculated day 200
05/25/2022 04:52:17 AM Calculated day 201
05/25/2022 04:52:23 AM Calculated day 202
05/25/2022 04:52:29 AM Calculated day 203
05/25/2022 04:52:36 AM Calculated day 204
05/25/2022 04:52:42 AM Calculated day 205
05/25/2022 04:52:49 AM Calculated day 206
05/25/2022 04:52:55 AM Calculated day 207
05/25/2022 04:53:01 AM Calculated day 208
05/25/2022 04:53:08 AM Calculated day 209
05/25/2022 04:53:14 AM Calculated day 210
05/25/2022 04:53:20 AM Calculated day 211
05/25/2022 04:53:27 AM Calculated day 212
05/25/2022 04:53:33 AM Calculated day 213
05/25/2022 04:53:39 AM Calculated day 214
05/25/2022 04:53:46 AM Calculated day 215
05/25/2022 04:53:52 AM Calculated day 216
05/25/2022 04:54:00 AM Calculated day 217
05/25/2022 04:54:09 AM Calculated day 218
05/25/2022 04:54:15 AM Calculated day 219
05/25/2022 04:54:21 AM Calculated day 220
05/25/2022 04:54:28 AM Calculated day 221
05/25/2022 04:54:34 AM Calculated day 222
05/25/2022 04:54:41 AM Calculated day 223
05/25/2022 04:54:47 AM Calculated day 224
05/25/2022 04:54:53 AM Calculated day 225
05/25/2022 04:54:54 AM ABORTING for Q0 = 10 because of a runaway scenario at 225
05/25/2022 04:54:56 AM  ========== CODE RAN SUCCESSFULLY, congrats! ================
05/25/2022 04:54:56 AM  -----> Total Time taken = 1444.398  <----
