05/25/2022 04:06:35 AM **********************************
05/25/2022 04:06:35 AM /data/pbarpanda/spherical_SWE/evaluate_final_budget/transient_U_propagate_forcing_diff_Heq//dt_150_Q_forcing_10_forcing_y_0_Hmean_200_forcing_phase_speed_0_ms/U_up_days_217/
05/25/2022 04:06:35 AM **********************************
05/25/2022 04:06:35 AM Calculated day 0
05/25/2022 04:06:42 AM Calculated day 1
05/25/2022 04:06:52 AM Calculated day 2
05/25/2022 04:06:58 AM Calculated day 3
05/25/2022 04:07:04 AM Calculated day 4
05/25/2022 04:07:11 AM Calculated day 5
05/25/2022 04:07:17 AM Calculated day 6
05/25/2022 04:07:23 AM Calculated day 7
05/25/2022 04:07:30 AM Calculated day 8
05/25/2022 04:07:36 AM Calculated day 9
05/25/2022 04:07:43 AM Calculated day 10
05/25/2022 04:07:49 AM Calculated day 11
05/25/2022 04:07:56 AM Calculated day 12
05/25/2022 04:08:02 AM Calculated day 13
05/25/2022 04:08:08 AM Calculated day 14
05/25/2022 04:08:15 AM Calculated day 15
05/25/2022 04:08:21 AM Calculated day 16
05/25/2022 04:08:28 AM Calculated day 17
05/25/2022 04:08:34 AM Calculated day 18
05/25/2022 04:08:40 AM Calculated day 19
05/25/2022 04:08:47 AM Calculated day 20
05/25/2022 04:08:53 AM Calculated day 21
05/25/2022 04:09:00 AM Calculated day 22
05/25/2022 04:09:06 AM Calculated day 23
05/25/2022 04:09:13 AM Calculated day 24
05/25/2022 04:09:19 AM Calculated day 25
05/25/2022 04:09:26 AM Calculated day 26
05/25/2022 04:09:32 AM Calculated day 27
05/25/2022 04:09:38 AM Calculated day 28
05/25/2022 04:09:45 AM Calculated day 29
05/25/2022 04:09:51 AM Calculated day 30
05/25/2022 04:09:58 AM Calculated day 31
05/25/2022 04:10:04 AM Calculated day 32
05/25/2022 04:10:10 AM Calculated day 33
05/25/2022 04:10:17 AM Calculated day 34
05/25/2022 04:10:23 AM Calculated day 35
05/25/2022 04:10:30 AM Calculated day 36
05/25/2022 04:10:36 AM Calculated day 37
05/25/2022 04:10:42 AM Calculated day 38
05/25/2022 04:10:49 AM Calculated day 39
05/25/2022 04:10:55 AM Calculated day 40
05/25/2022 04:11:02 AM Calculated day 41
05/25/2022 04:11:08 AM Calculated day 42
05/25/2022 04:11:14 AM Calculated day 43
05/25/2022 04:11:21 AM Calculated day 44
05/25/2022 04:11:27 AM Calculated day 45
05/25/2022 04:11:34 AM Calculated day 46
05/25/2022 04:11:40 AM Calculated day 47
05/25/2022 04:11:46 AM Calculated day 48
05/25/2022 04:11:53 AM Calculated day 49
05/25/2022 04:11:59 AM Calculated day 50
05/25/2022 04:12:06 AM Calculated day 51
05/25/2022 04:12:12 AM Calculated day 52
05/25/2022 04:12:19 AM Calculated day 53
05/25/2022 04:12:26 AM Calculated day 54
05/25/2022 04:12:33 AM Calculated day 55
05/25/2022 04:12:39 AM Calculated day 56
05/25/2022 04:12:46 AM Calculated day 57
05/25/2022 04:12:52 AM Calculated day 58
05/25/2022 04:12:59 AM Calculated day 59
05/25/2022 04:13:05 AM Calculated day 60
05/25/2022 04:13:12 AM Calculated day 61
05/25/2022 04:13:18 AM Calculated day 62
05/25/2022 04:13:25 AM Calculated day 63
05/25/2022 04:13:31 AM Calculated day 64
05/25/2022 04:13:38 AM Calculated day 65
05/25/2022 04:13:44 AM Calculated day 66
05/25/2022 04:13:51 AM Calculated day 67
05/25/2022 04:13:57 AM Calculated day 68
05/25/2022 04:14:04 AM Calculated day 69
05/25/2022 04:14:10 AM Calculated day 70
05/25/2022 04:14:16 AM Calculated day 71
05/25/2022 04:14:23 AM Calculated day 72
05/25/2022 04:14:29 AM Calculated day 73
05/25/2022 04:14:35 AM Calculated day 74
05/25/2022 04:14:42 AM Calculated day 75
05/25/2022 04:14:48 AM Calculated day 76
05/25/2022 04:14:55 AM Calculated day 77
05/25/2022 04:15:01 AM Calculated day 78
05/25/2022 04:15:07 AM Calculated day 79
05/25/2022 04:15:14 AM Calculated day 80
05/25/2022 04:15:20 AM Calculated day 81
05/25/2022 04:15:26 AM Calculated day 82
05/25/2022 04:15:33 AM Calculated day 83
05/25/2022 04:15:39 AM Calculated day 84
05/25/2022 04:15:46 AM Calculated day 85
05/25/2022 04:15:52 AM Calculated day 86
05/25/2022 04:15:58 AM Calculated day 87
05/25/2022 04:16:05 AM Calculated day 88
05/25/2022 04:16:11 AM Calculated day 89
05/25/2022 04:16:17 AM Calculated day 90
05/25/2022 04:16:24 AM Calculated day 91
05/25/2022 04:16:30 AM Calculated day 92
05/25/2022 04:16:37 AM Calculated day 93
05/25/2022 04:16:43 AM Calculated day 94
05/25/2022 04:16:49 AM Calculated day 95
05/25/2022 04:16:56 AM Calculated day 96
05/25/2022 04:17:02 AM Calculated day 97
05/25/2022 04:17:09 AM Calculated day 98
05/25/2022 04:17:15 AM Calculated day 99
05/25/2022 04:17:21 AM Calculated day 100
05/25/2022 04:17:28 AM Calculated day 101
05/25/2022 04:17:34 AM Calculated day 102
05/25/2022 04:17:41 AM Calculated day 103
05/25/2022 04:17:47 AM Calculated day 104
05/25/2022 04:17:53 AM Calculated day 105
05/25/2022 04:18:00 AM Calculated day 106
05/25/2022 04:18:06 AM Calculated day 107
05/25/2022 04:18:12 AM Calculated day 108
05/25/2022 04:18:19 AM Calculated day 109
05/25/2022 04:18:25 AM Calculated day 110
05/25/2022 04:18:32 AM Calculated day 111
05/25/2022 04:18:38 AM Calculated day 112
05/25/2022 04:18:44 AM Calculated day 113
05/25/2022 04:18:51 AM Calculated day 114
05/25/2022 04:18:57 AM Calculated day 115
05/25/2022 04:19:04 AM Calculated day 116
05/25/2022 04:19:10 AM Calculated day 117
05/25/2022 04:19:16 AM Calculated day 118
05/25/2022 04:19:23 AM Calculated day 119
05/25/2022 04:19:29 AM Calculated day 120
05/25/2022 04:19:35 AM Calculated day 121
05/25/2022 04:19:42 AM Calculated day 122
05/25/2022 04:19:48 AM Calculated day 123
05/25/2022 04:19:54 AM Calculated day 124
05/25/2022 04:20:01 AM Calculated day 125
05/25/2022 04:20:07 AM Calculated day 126
05/25/2022 04:20:14 AM Calculated day 127
05/25/2022 04:20:20 AM Calculated day 128
05/25/2022 04:20:26 AM Calculated day 129
05/25/2022 04:20:33 AM Calculated day 130
05/25/2022 04:20:39 AM Calculated day 131
05/25/2022 04:20:45 AM Calculated day 132
05/25/2022 04:20:52 AM Calculated day 133
05/25/2022 04:20:58 AM Calculated day 134
05/25/2022 04:21:05 AM Calculated day 135
05/25/2022 04:21:11 AM Calculated day 136
05/25/2022 04:21:17 AM Calculated day 137
05/25/2022 04:21:24 AM Calculated day 138
05/25/2022 04:21:31 AM Calculated day 139
05/25/2022 04:21:37 AM Calculated day 140
05/25/2022 04:21:44 AM Calculated day 141
05/25/2022 04:21:51 AM Calculated day 142
05/25/2022 04:21:58 AM Calculated day 143
05/25/2022 04:22:05 AM Calculated day 144
05/25/2022 04:22:12 AM Calculated day 145
05/25/2022 04:22:18 AM Calculated day 146
05/25/2022 04:22:25 AM Calculated day 147
05/25/2022 04:22:32 AM Calculated day 148
05/25/2022 04:22:38 AM Calculated day 149
05/25/2022 04:22:44 AM Calculated day 150
05/25/2022 04:22:51 AM Calculated day 151
05/25/2022 04:22:57 AM Calculated day 152
05/25/2022 04:23:03 AM Calculated day 153
05/25/2022 04:23:10 AM Calculated day 154
05/25/2022 04:23:16 AM Calculated day 155
05/25/2022 04:23:23 AM Calculated day 156
05/25/2022 04:23:29 AM Calculated day 157
05/25/2022 04:23:35 AM Calculated day 158
05/25/2022 04:23:42 AM Calculated day 159
05/25/2022 04:23:48 AM Calculated day 160
05/25/2022 04:23:54 AM Calculated day 161
05/25/2022 04:24:01 AM Calculated day 162
05/25/2022 04:24:07 AM Calculated day 163
05/25/2022 04:24:13 AM Calculated day 164
05/25/2022 04:24:20 AM Calculated day 165
05/25/2022 04:24:26 AM Calculated day 166
05/25/2022 04:24:33 AM Calculated day 167
05/25/2022 04:24:39 AM Calculated day 168
05/25/2022 04:24:45 AM Calculated day 169
05/25/2022 04:24:52 AM Calculated day 170
05/25/2022 04:24:58 AM Calculated day 171
05/25/2022 04:25:04 AM Calculated day 172
05/25/2022 04:25:11 AM Calculated day 173
05/25/2022 04:25:17 AM Calculated day 174
05/25/2022 04:25:24 AM Calculated day 175
05/25/2022 04:25:30 AM Calculated day 176
05/25/2022 04:25:36 AM Calculated day 177
05/25/2022 04:25:43 AM Calculated day 178
05/25/2022 04:25:49 AM Calculated day 179
05/25/2022 04:25:56 AM Calculated day 180
05/25/2022 04:26:02 AM Calculated day 181
05/25/2022 04:26:08 AM Calculated day 182
05/25/2022 04:26:15 AM Calculated day 183
05/25/2022 04:26:21 AM Calculated day 184
05/25/2022 04:26:27 AM Calculated day 185
05/25/2022 04:26:34 AM Calculated day 186
05/25/2022 04:26:40 AM Calculated day 187
05/25/2022 04:26:47 AM Calculated day 188
05/25/2022 04:26:53 AM Calculated day 189
05/25/2022 04:26:59 AM Calculated day 190
05/25/2022 04:27:06 AM Calculated day 191
05/25/2022 04:27:12 AM Calculated day 192
05/25/2022 04:27:19 AM Calculated day 193
05/25/2022 04:27:25 AM Calculated day 194
05/25/2022 04:27:31 AM Calculated day 195
05/25/2022 04:27:38 AM Calculated day 196
05/25/2022 04:27:44 AM Calculated day 197
05/25/2022 04:27:51 AM Calculated day 198
05/25/2022 04:27:57 AM Calculated day 199
05/25/2022 04:28:03 AM Calculated day 200
05/25/2022 04:28:10 AM Calculated day 201
05/25/2022 04:28:16 AM Calculated day 202
05/25/2022 04:28:22 AM Calculated day 203
05/25/2022 04:28:29 AM Calculated day 204
05/25/2022 04:28:35 AM Calculated day 205
05/25/2022 04:28:42 AM Calculated day 206
05/25/2022 04:28:48 AM Calculated day 207
05/25/2022 04:28:54 AM Calculated day 208
05/25/2022 04:29:01 AM Calculated day 209
05/25/2022 04:29:07 AM Calculated day 210
05/25/2022 04:29:13 AM Calculated day 211
05/25/2022 04:29:20 AM Calculated day 212
05/25/2022 04:29:26 AM Calculated day 213
05/25/2022 04:29:33 AM Calculated day 214
05/25/2022 04:29:39 AM Calculated day 215
05/25/2022 04:29:45 AM Calculated day 216
05/25/2022 04:29:54 AM Calculated day 217
05/25/2022 04:30:03 AM Calculated day 218
05/25/2022 04:30:10 AM Calculated day 219
05/25/2022 04:30:16 AM Calculated day 220
05/25/2022 04:30:22 AM Calculated day 221
05/25/2022 04:30:29 AM Calculated day 222
05/25/2022 04:30:35 AM Calculated day 223
05/25/2022 04:30:41 AM Calculated day 224
05/25/2022 04:30:48 AM ABORTING for Q0 = 10 because of a runaway scenario at 224
05/25/2022 04:30:52 AM  ========== CODE RAN SUCCESSFULLY, congrats! ================
05/25/2022 04:30:52 AM  -----> Total Time taken = 1456.728  <----
