05/25/2022 03:00:46 AM **********************************
05/25/2022 03:00:46 AM /data/pbarpanda/spherical_SWE/evaluate_final_budget/transient_U_propagate_forcing_diff_Heq//dt_150_Q_forcing_10_forcing_y_0_Hmean_500_forcing_phase_speed_15_ms/U_up_days_217/
05/25/2022 03:00:46 AM **********************************
05/25/2022 03:00:46 AM Calculated day 0
05/25/2022 03:00:53 AM Calculated day 1
05/25/2022 03:01:02 AM Calculated day 2
05/25/2022 03:01:10 AM Calculated day 3
05/25/2022 03:01:16 AM Calculated day 4
05/25/2022 03:01:22 AM Calculated day 5
05/25/2022 03:01:29 AM Calculated day 6
05/25/2022 03:01:35 AM Calculated day 7
05/25/2022 03:01:42 AM Calculated day 8
05/25/2022 03:01:48 AM Calculated day 9
05/25/2022 03:01:55 AM Calculated day 10
05/25/2022 03:02:01 AM Calculated day 11
05/25/2022 03:02:08 AM Calculated day 12
05/25/2022 03:02:15 AM Calculated day 13
05/25/2022 03:02:21 AM Calculated day 14
05/25/2022 03:02:28 AM Calculated day 15
05/25/2022 03:02:35 AM Calculated day 16
05/25/2022 03:02:42 AM Calculated day 17
05/25/2022 03:02:48 AM Calculated day 18
05/25/2022 03:02:55 AM Calculated day 19
05/25/2022 03:03:02 AM Calculated day 20
05/25/2022 03:03:09 AM Calculated day 21
05/25/2022 03:03:16 AM Calculated day 22
05/25/2022 03:03:23 AM Calculated day 23
05/25/2022 03:03:30 AM Calculated day 24
05/25/2022 03:03:36 AM Calculated day 25
05/25/2022 03:03:43 AM Calculated day 26
05/25/2022 03:03:49 AM Calculated day 27
05/25/2022 03:03:56 AM Calculated day 28
05/25/2022 03:04:02 AM Calculated day 29
05/25/2022 03:04:09 AM Calculated day 30
05/25/2022 03:04:15 AM Calculated day 31
05/25/2022 03:04:22 AM Calculated day 32
05/25/2022 03:04:28 AM Calculated day 33
05/25/2022 03:04:34 AM Calculated day 34
05/25/2022 03:04:41 AM Calculated day 35
05/25/2022 03:04:48 AM Calculated day 36
05/25/2022 03:04:54 AM Calculated day 37
05/25/2022 03:05:00 AM Calculated day 38
05/25/2022 03:05:07 AM Calculated day 39
05/25/2022 03:05:13 AM Calculated day 40
05/25/2022 03:05:20 AM Calculated day 41
05/25/2022 03:05:26 AM Calculated day 42
05/25/2022 03:05:33 AM Calculated day 43
05/25/2022 03:05:39 AM Calculated day 44
05/25/2022 03:05:46 AM Calculated day 45
05/25/2022 03:05:52 AM Calculated day 46
05/25/2022 03:05:58 AM Calculated day 47
05/25/2022 03:06:05 AM Calculated day 48
05/25/2022 03:06:11 AM Calculated day 49
05/25/2022 03:06:18 AM Calculated day 50
05/25/2022 03:06:24 AM Calculated day 51
05/25/2022 03:06:31 AM Calculated day 52
05/25/2022 03:06:37 AM Calculated day 53
05/25/2022 03:06:44 AM Calculated day 54
05/25/2022 03:06:50 AM Calculated day 55
05/25/2022 03:06:57 AM Calculated day 56
05/25/2022 03:07:03 AM Calculated day 57
05/25/2022 03:07:10 AM Calculated day 58
05/25/2022 03:07:16 AM Calculated day 59
05/25/2022 03:07:23 AM Calculated day 60
05/25/2022 03:07:29 AM Calculated day 61
05/25/2022 03:07:36 AM Calculated day 62
05/25/2022 03:07:42 AM Calculated day 63
05/25/2022 03:07:49 AM Calculated day 64
05/25/2022 03:07:55 AM Calculated day 65
05/25/2022 03:08:02 AM Calculated day 66
05/25/2022 03:08:08 AM Calculated day 67
05/25/2022 03:08:14 AM Calculated day 68
05/25/2022 03:08:21 AM Calculated day 69
05/25/2022 03:08:27 AM Calculated day 70
05/25/2022 03:08:34 AM Calculated day 71
05/25/2022 03:08:40 AM Calculated day 72
05/25/2022 03:08:47 AM Calculated day 73
05/25/2022 03:08:53 AM Calculated day 74
05/25/2022 03:09:00 AM Calculated day 75
05/25/2022 03:09:06 AM Calculated day 76
05/25/2022 03:09:13 AM Calculated day 77
05/25/2022 03:09:19 AM Calculated day 78
05/25/2022 03:09:26 AM Calculated day 79
05/25/2022 03:09:32 AM Calculated day 80
05/25/2022 03:09:39 AM Calculated day 81
05/25/2022 03:09:45 AM Calculated day 82
05/25/2022 03:09:51 AM Calculated day 83
05/25/2022 03:09:58 AM Calculated day 84
05/25/2022 03:10:04 AM Calculated day 85
05/25/2022 03:10:11 AM Calculated day 86
05/25/2022 03:10:17 AM Calculated day 87
05/25/2022 03:10:24 AM Calculated day 88
05/25/2022 03:10:30 AM Calculated day 89
05/25/2022 03:10:37 AM Calculated day 90
05/25/2022 03:10:43 AM Calculated day 91
05/25/2022 03:10:50 AM Calculated day 92
05/25/2022 03:10:56 AM Calculated day 93
05/25/2022 03:11:03 AM Calculated day 94
05/25/2022 03:11:09 AM Calculated day 95
05/25/2022 03:11:16 AM Calculated day 96
05/25/2022 03:11:22 AM Calculated day 97
05/25/2022 03:11:29 AM Calculated day 98
05/25/2022 03:11:35 AM Calculated day 99
05/25/2022 03:11:42 AM Calculated day 100
05/25/2022 03:11:48 AM Calculated day 101
05/25/2022 03:11:55 AM Calculated day 102
05/25/2022 03:12:01 AM Calculated day 103
05/25/2022 03:12:08 AM Calculated day 104
05/25/2022 03:12:14 AM Calculated day 105
05/25/2022 03:12:21 AM Calculated day 106
05/25/2022 03:12:27 AM Calculated day 107
05/25/2022 03:12:34 AM Calculated day 108
05/25/2022 03:12:40 AM Calculated day 109
05/25/2022 03:12:47 AM Calculated day 110
05/25/2022 03:12:53 AM Calculated day 111
05/25/2022 03:12:59 AM Calculated day 112
05/25/2022 03:13:06 AM Calculated day 113
05/25/2022 03:13:12 AM Calculated day 114
05/25/2022 03:13:19 AM Calculated day 115
05/25/2022 03:13:25 AM Calculated day 116
05/25/2022 03:13:32 AM Calculated day 117
05/25/2022 03:13:38 AM Calculated day 118
05/25/2022 03:13:45 AM Calculated day 119
05/25/2022 03:13:51 AM Calculated day 120
05/25/2022 03:13:58 AM Calculated day 121
05/25/2022 03:14:04 AM Calculated day 122
05/25/2022 03:14:11 AM Calculated day 123
05/25/2022 03:14:17 AM Calculated day 124
05/25/2022 03:14:23 AM Calculated day 125
05/25/2022 03:14:30 AM Calculated day 126
05/25/2022 03:14:36 AM Calculated day 127
05/25/2022 03:14:43 AM Calculated day 128
05/25/2022 03:14:49 AM Calculated day 129
05/25/2022 03:14:56 AM Calculated day 130
05/25/2022 03:15:02 AM Calculated day 131
05/25/2022 03:15:09 AM Calculated day 132
05/25/2022 03:15:15 AM Calculated day 133
05/25/2022 03:15:21 AM Calculated day 134
05/25/2022 03:15:28 AM Calculated day 135
05/25/2022 03:15:34 AM Calculated day 136
05/25/2022 03:15:41 AM Calculated day 137
05/25/2022 03:15:47 AM Calculated day 138
05/25/2022 03:15:54 AM Calculated day 139
05/25/2022 03:16:00 AM Calculated day 140
05/25/2022 03:16:07 AM Calculated day 141
05/25/2022 03:16:13 AM Calculated day 142
05/25/2022 03:16:20 AM Calculated day 143
05/25/2022 03:16:26 AM Calculated day 144
05/25/2022 03:16:33 AM Calculated day 145
05/25/2022 03:16:39 AM Calculated day 146
05/25/2022 03:16:46 AM Calculated day 147
05/25/2022 03:16:52 AM Calculated day 148
05/25/2022 03:16:58 AM Calculated day 149
05/25/2022 03:17:05 AM Calculated day 150
05/25/2022 03:17:11 AM Calculated day 151
05/25/2022 03:17:18 AM Calculated day 152
05/25/2022 03:17:24 AM Calculated day 153
05/25/2022 03:17:31 AM Calculated day 154
05/25/2022 03:17:37 AM Calculated day 155
05/25/2022 03:17:44 AM Calculated day 156
05/25/2022 03:17:50 AM Calculated day 157
05/25/2022 03:17:56 AM Calculated day 158
05/25/2022 03:18:03 AM Calculated day 159
05/25/2022 03:18:09 AM Calculated day 160
05/25/2022 03:18:16 AM Calculated day 161
05/25/2022 03:18:22 AM Calculated day 162
05/25/2022 03:18:29 AM Calculated day 163
05/25/2022 03:18:35 AM Calculated day 164
05/25/2022 03:18:42 AM Calculated day 165
05/25/2022 03:18:48 AM Calculated day 166
05/25/2022 03:18:55 AM Calculated day 167
05/25/2022 03:19:01 AM Calculated day 168
05/25/2022 03:19:07 AM Calculated day 169
05/25/2022 03:19:14 AM Calculated day 170
05/25/2022 03:19:20 AM Calculated day 171
05/25/2022 03:19:27 AM Calculated day 172
05/25/2022 03:19:33 AM Calculated day 173
05/25/2022 03:19:40 AM Calculated day 174
05/25/2022 03:19:46 AM Calculated day 175
05/25/2022 03:19:53 AM Calculated day 176
05/25/2022 03:19:59 AM Calculated day 177
05/25/2022 03:20:05 AM Calculated day 178
05/25/2022 03:20:12 AM Calculated day 179
05/25/2022 03:20:18 AM Calculated day 180
05/25/2022 03:20:25 AM Calculated day 181
05/25/2022 03:20:31 AM Calculated day 182
05/25/2022 03:20:38 AM Calculated day 183
05/25/2022 03:20:44 AM Calculated day 184
05/25/2022 03:20:51 AM Calculated day 185
05/25/2022 03:20:57 AM Calculated day 186
05/25/2022 03:21:04 AM Calculated day 187
05/25/2022 03:21:10 AM Calculated day 188
05/25/2022 03:21:16 AM Calculated day 189
05/25/2022 03:21:23 AM Calculated day 190
05/25/2022 03:21:29 AM Calculated day 191
05/25/2022 03:21:36 AM Calculated day 192
05/25/2022 03:21:42 AM Calculated day 193
05/25/2022 03:21:49 AM Calculated day 194
05/25/2022 03:21:55 AM Calculated day 195
05/25/2022 03:22:02 AM Calculated day 196
05/25/2022 03:22:08 AM Calculated day 197
05/25/2022 03:22:14 AM Calculated day 198
05/25/2022 03:22:21 AM Calculated day 199
05/25/2022 03:22:27 AM Calculated day 200
05/25/2022 03:22:34 AM Calculated day 201
05/25/2022 03:22:40 AM Calculated day 202
05/25/2022 03:22:47 AM Calculated day 203
05/25/2022 03:22:53 AM Calculated day 204
05/25/2022 03:23:00 AM Calculated day 205
05/25/2022 03:23:06 AM Calculated day 206
05/25/2022 03:23:12 AM Calculated day 207
05/25/2022 03:23:19 AM Calculated day 208
05/25/2022 03:23:25 AM Calculated day 209
05/25/2022 03:23:32 AM Calculated day 210
05/25/2022 03:23:38 AM Calculated day 211
05/25/2022 03:23:45 AM Calculated day 212
05/25/2022 03:23:51 AM Calculated day 213
05/25/2022 03:23:57 AM Calculated day 214
05/25/2022 03:24:04 AM Calculated day 215
05/25/2022 03:24:10 AM Calculated day 216
05/25/2022 03:24:18 AM Calculated day 217
05/25/2022 03:24:28 AM Calculated day 218
05/25/2022 03:24:34 AM Calculated day 219
05/25/2022 03:24:40 AM Calculated day 220
05/25/2022 03:24:47 AM Calculated day 221
05/25/2022 03:24:53 AM Calculated day 222
05/25/2022 03:25:00 AM Calculated day 223
05/25/2022 03:25:06 AM Calculated day 224
05/25/2022 03:25:13 AM Calculated day 225
05/25/2022 03:25:19 AM Calculated day 226
05/25/2022 03:25:26 AM Calculated day 227
05/25/2022 03:25:32 AM Calculated day 228
05/25/2022 03:25:39 AM Calculated day 229
05/25/2022 03:25:45 AM Calculated day 230
05/25/2022 03:25:51 AM Calculated day 231
05/25/2022 03:25:58 AM Calculated day 232
05/25/2022 03:26:04 AM Calculated day 233
05/25/2022 03:26:11 AM Calculated day 234
05/25/2022 03:26:17 AM Calculated day 235
05/25/2022 03:26:24 AM Calculated day 236
05/25/2022 03:26:30 AM Calculated day 237
05/25/2022 03:26:37 AM Calculated day 238
05/25/2022 03:26:43 AM Calculated day 239
05/25/2022 03:26:50 AM Calculated day 240
05/25/2022 03:26:56 AM Calculated day 241
05/25/2022 03:27:02 AM Calculated day 242
05/25/2022 03:27:09 AM Calculated day 243
05/25/2022 03:27:15 AM Calculated day 244
05/25/2022 03:27:22 AM Calculated day 245
05/25/2022 03:27:28 AM Calculated day 246
05/25/2022 03:27:35 AM Calculated day 247
05/25/2022 03:27:41 AM Calculated day 248
05/25/2022 03:27:48 AM Calculated day 249
05/25/2022 03:27:54 AM Calculated day 250
05/25/2022 03:28:00 AM Calculated day 251
05/25/2022 03:28:07 AM Calculated day 252
05/25/2022 03:28:13 AM Calculated day 253
05/25/2022 03:28:20 AM Calculated day 254
05/25/2022 03:28:26 AM Calculated day 255
05/25/2022 03:28:33 AM Calculated day 256
05/25/2022 03:28:39 AM Calculated day 257
05/25/2022 03:28:45 AM Calculated day 258
05/25/2022 03:28:52 AM Calculated day 259
05/25/2022 03:28:58 AM Calculated day 260
05/25/2022 03:29:05 AM Calculated day 261
05/25/2022 03:29:11 AM Calculated day 262
05/25/2022 03:29:18 AM Calculated day 263
05/25/2022 03:29:24 AM Calculated day 264
05/25/2022 03:29:31 AM Calculated day 265
05/25/2022 03:29:37 AM Calculated day 266
05/25/2022 03:29:43 AM Calculated day 267
05/25/2022 03:29:50 AM Calculated day 268
05/25/2022 03:29:56 AM Calculated day 269
05/25/2022 03:30:03 AM Calculated day 270
05/25/2022 03:30:09 AM Calculated day 271
05/25/2022 03:30:16 AM Calculated day 272
05/25/2022 03:30:22 AM Calculated day 273
05/25/2022 03:30:28 AM Calculated day 274
05/25/2022 03:30:35 AM Calculated day 275
05/25/2022 03:30:41 AM Calculated day 276
05/25/2022 03:30:48 AM Calculated day 277
05/25/2022 03:30:54 AM Calculated day 278
05/25/2022 03:31:01 AM Calculated day 279
05/25/2022 03:31:07 AM Calculated day 280
05/25/2022 03:31:14 AM Calculated day 281
05/25/2022 03:31:20 AM Calculated day 282
05/25/2022 03:31:26 AM Calculated day 283
05/25/2022 03:31:33 AM Calculated day 284
05/25/2022 03:31:39 AM Calculated day 285
05/25/2022 03:31:46 AM Calculated day 286
05/25/2022 03:31:52 AM Calculated day 287
05/25/2022 03:31:59 AM Calculated day 288
05/25/2022 03:32:05 AM Calculated day 289
05/25/2022 03:32:12 AM Calculated day 290
05/25/2022 03:32:18 AM Calculated day 291
05/25/2022 03:32:25 AM Calculated day 292
05/25/2022 03:32:33 AM Calculated day 293
05/25/2022 03:32:39 AM Calculated day 294
05/25/2022 03:32:46 AM Calculated day 295
05/25/2022 03:32:53 AM Calculated day 296
05/25/2022 03:32:59 AM Calculated day 297
05/25/2022 03:33:06 AM Calculated day 298
05/25/2022 03:33:12 AM Calculated day 299
05/25/2022 03:33:19 AM Calculated day 300
05/25/2022 03:33:25 AM Calculated day 301
05/25/2022 03:33:32 AM Calculated day 302
05/25/2022 03:33:38 AM Calculated day 303
05/25/2022 03:33:44 AM Calculated day 304
05/25/2022 03:33:51 AM Calculated day 305
05/25/2022 03:33:57 AM Calculated day 306
05/25/2022 03:34:04 AM Calculated day 307
05/25/2022 03:34:10 AM Calculated day 308
05/25/2022 03:34:17 AM Calculated day 309
05/25/2022 03:34:23 AM Calculated day 310
05/25/2022 03:34:30 AM Calculated day 311
05/25/2022 03:34:36 AM Calculated day 312
05/25/2022 03:34:43 AM Calculated day 313
05/25/2022 03:34:49 AM Calculated day 314
05/25/2022 03:34:56 AM Calculated day 315
05/25/2022 03:35:02 AM Calculated day 316
05/25/2022 03:35:09 AM Calculated day 317
05/25/2022 03:35:15 AM Calculated day 318
05/25/2022 03:35:22 AM Calculated day 319
05/25/2022 03:35:28 AM Calculated day 320
05/25/2022 03:35:35 AM Calculated day 321
05/25/2022 03:35:41 AM Calculated day 322
05/25/2022 03:35:48 AM Calculated day 323
05/25/2022 03:35:54 AM Calculated day 324
05/25/2022 03:36:01 AM Calculated day 325
05/25/2022 03:36:07 AM Calculated day 326
05/25/2022 03:36:14 AM Calculated day 327
05/25/2022 03:36:20 AM Calculated day 328
05/25/2022 03:36:26 AM Calculated day 329
05/25/2022 03:36:33 AM Calculated day 330
05/25/2022 03:36:39 AM Calculated day 331
05/25/2022 03:36:46 AM Calculated day 332
05/25/2022 03:36:52 AM Calculated day 333
05/25/2022 03:36:59 AM Calculated day 334
05/25/2022 03:37:05 AM Calculated day 335
05/25/2022 03:37:12 AM Calculated day 336
05/25/2022 03:37:18 AM Calculated day 337
05/25/2022 03:37:25 AM Calculated day 338
05/25/2022 03:37:31 AM Calculated day 339
05/25/2022 03:37:38 AM Calculated day 340
05/25/2022 03:37:44 AM Calculated day 341
05/25/2022 03:37:50 AM Calculated day 342
05/25/2022 03:37:57 AM Calculated day 343
05/25/2022 03:38:03 AM Calculated day 344
05/25/2022 03:38:10 AM Calculated day 345
05/25/2022 03:38:16 AM Calculated day 346
05/25/2022 03:38:23 AM Calculated day 347
05/25/2022 03:38:29 AM Calculated day 348
05/25/2022 03:38:36 AM Calculated day 349
05/25/2022 03:38:42 AM Calculated day 350
05/25/2022 03:38:49 AM Calculated day 351
05/25/2022 03:38:55 AM Calculated day 352
05/25/2022 03:39:02 AM Calculated day 353
05/25/2022 03:39:08 AM Calculated day 354
05/25/2022 03:39:15 AM Calculated day 355
05/25/2022 03:39:21 AM Calculated day 356
05/25/2022 03:39:28 AM Calculated day 357
05/25/2022 03:39:34 AM Calculated day 358
05/25/2022 03:39:40 AM Calculated day 359
05/25/2022 03:39:47 AM Calculated day 360
05/25/2022 03:39:53 AM Calculated day 361
05/25/2022 03:40:00 AM Calculated day 362
05/25/2022 03:40:06 AM Calculated day 363
05/25/2022 03:40:13 AM Calculated day 364
05/25/2022 03:40:19 AM Calculated day 365
05/25/2022 03:40:26 AM Calculated day 366
05/25/2022 03:40:32 AM Calculated day 367
05/25/2022 03:40:39 AM Calculated day 368
05/25/2022 03:40:45 AM Calculated day 369
05/25/2022 03:40:52 AM Calculated day 370
05/25/2022 03:40:58 AM Calculated day 371
05/25/2022 03:41:04 AM Calculated day 372
05/25/2022 03:41:11 AM Calculated day 373
05/25/2022 03:41:17 AM Calculated day 374
05/25/2022 03:41:24 AM Calculated day 375
05/25/2022 03:41:30 AM Calculated day 376
05/25/2022 03:41:37 AM Calculated day 377
05/25/2022 03:41:43 AM Calculated day 378
05/25/2022 03:41:50 AM Calculated day 379
05/25/2022 03:41:56 AM Calculated day 380
05/25/2022 03:42:03 AM Calculated day 381
05/25/2022 03:42:09 AM Calculated day 382
05/25/2022 03:42:16 AM Calculated day 383
05/25/2022 03:42:22 AM Calculated day 384
05/25/2022 03:42:28 AM Calculated day 385
05/25/2022 03:42:35 AM Calculated day 386
05/25/2022 03:42:41 AM Calculated day 387
05/25/2022 03:42:48 AM Calculated day 388
05/25/2022 03:42:54 AM Calculated day 389
05/25/2022 03:43:01 AM Calculated day 390
05/25/2022 03:43:07 AM Calculated day 391
05/25/2022 03:43:14 AM Calculated day 392
05/25/2022 03:43:20 AM Calculated day 393
05/25/2022 03:43:27 AM Calculated day 394
05/25/2022 03:43:33 AM Calculated day 395
05/25/2022 03:43:40 AM Calculated day 396
05/25/2022 03:43:46 AM Calculated day 397
05/25/2022 03:43:53 AM Calculated day 398
05/25/2022 03:43:59 AM Calculated day 399
05/25/2022 03:44:06 AM Calculated day 400
05/25/2022 03:44:12 AM Calculated day 401
05/25/2022 03:44:19 AM Calculated day 402
05/25/2022 03:44:25 AM Calculated day 403
05/25/2022 03:44:32 AM Calculated day 404
05/25/2022 03:44:38 AM Calculated day 405
05/25/2022 03:44:44 AM Calculated day 406
05/25/2022 03:44:51 AM Calculated day 407
05/25/2022 03:44:57 AM Calculated day 408
05/25/2022 03:45:04 AM Calculated day 409
05/25/2022 03:45:10 AM Calculated day 410
05/25/2022 03:45:17 AM Calculated day 411
05/25/2022 03:45:23 AM Calculated day 412
05/25/2022 03:45:30 AM Calculated day 413
05/25/2022 03:45:36 AM Calculated day 414
05/25/2022 03:45:42 AM Calculated day 415
05/25/2022 03:45:49 AM Calculated day 416
05/25/2022 03:45:55 AM Calculated day 417
05/25/2022 03:46:02 AM Calculated day 418
05/25/2022 03:46:08 AM Calculated day 419
05/25/2022 03:46:15 AM Calculated day 420
05/25/2022 03:46:21 AM Calculated day 421
05/25/2022 03:46:28 AM Calculated day 422
05/25/2022 03:46:34 AM Calculated day 423
05/25/2022 03:46:41 AM Calculated day 424
05/25/2022 03:46:47 AM Calculated day 425
05/25/2022 03:46:54 AM Calculated day 426
05/25/2022 03:47:00 AM Calculated day 427
05/25/2022 03:47:07 AM Calculated day 428
05/25/2022 03:47:13 AM Calculated day 429
05/25/2022 03:47:20 AM Calculated day 430
05/25/2022 03:47:26 AM Calculated day 431
05/25/2022 03:47:32 AM Calculated day 432
05/25/2022 03:47:39 AM Calculated day 433
05/25/2022 03:47:45 AM Calculated day 434
05/25/2022 03:47:52 AM Calculated day 435
05/25/2022 03:47:58 AM Calculated day 436
05/25/2022 03:48:05 AM Calculated day 437
05/25/2022 03:48:11 AM Calculated day 438
05/25/2022 03:48:18 AM Calculated day 439
05/25/2022 03:48:24 AM Calculated day 440
05/25/2022 03:48:31 AM Calculated day 441
05/25/2022 03:48:37 AM Calculated day 442
05/25/2022 03:48:44 AM Calculated day 443
05/25/2022 03:48:50 AM Calculated day 444
05/25/2022 03:48:57 AM Calculated day 445
05/25/2022 03:49:03 AM Calculated day 446
05/25/2022 03:49:10 AM Calculated day 447
05/25/2022 03:49:16 AM Calculated day 448
05/25/2022 03:49:23 AM Calculated day 449
05/25/2022 03:49:29 AM Calculated day 450
05/25/2022 03:49:35 AM Calculated day 451
05/25/2022 03:49:42 AM Calculated day 452
05/25/2022 03:49:48 AM Calculated day 453
05/25/2022 03:49:55 AM Calculated day 454
05/25/2022 03:50:01 AM Calculated day 455
05/25/2022 03:50:08 AM Calculated day 456
05/25/2022 03:50:14 AM Calculated day 457
05/25/2022 03:50:21 AM Calculated day 458
05/25/2022 03:50:27 AM Calculated day 459
05/25/2022 03:50:34 AM Calculated day 460
05/25/2022 03:50:40 AM Calculated day 461
05/25/2022 03:50:46 AM Calculated day 462
05/25/2022 03:50:53 AM Calculated day 463
05/25/2022 03:50:59 AM Calculated day 464
05/25/2022 03:51:06 AM Calculated day 465
05/25/2022 03:51:12 AM Calculated day 466
05/25/2022 03:51:19 AM Calculated day 467
05/25/2022 03:51:25 AM Calculated day 468
05/25/2022 03:51:32 AM Calculated day 469
05/25/2022 03:51:38 AM Calculated day 470
05/25/2022 03:51:45 AM Calculated day 471
05/25/2022 03:51:51 AM Calculated day 472
05/25/2022 03:51:58 AM Calculated day 473
05/25/2022 03:52:04 AM Calculated day 474
05/25/2022 03:52:10 AM Calculated day 475
05/25/2022 03:52:17 AM Calculated day 476
05/25/2022 03:52:24 AM Calculated day 477
05/25/2022 03:52:30 AM Calculated day 478
05/25/2022 03:52:37 AM Calculated day 479
05/25/2022 03:52:43 AM Calculated day 480
05/25/2022 03:52:50 AM Calculated day 481
05/25/2022 03:52:56 AM Calculated day 482
05/25/2022 03:53:03 AM Calculated day 483
05/25/2022 03:53:09 AM Calculated day 484
05/25/2022 03:53:16 AM Calculated day 485
05/25/2022 03:53:22 AM Calculated day 486
05/25/2022 03:53:29 AM Calculated day 487
05/25/2022 03:53:35 AM Calculated day 488
05/25/2022 03:53:42 AM Calculated day 489
05/25/2022 03:53:48 AM Calculated day 490
05/25/2022 03:53:55 AM Calculated day 491
05/25/2022 03:54:01 AM Calculated day 492
05/25/2022 03:54:08 AM Calculated day 493
05/25/2022 03:54:14 AM Calculated day 494
05/25/2022 03:54:21 AM Calculated day 495
05/25/2022 03:54:27 AM Calculated day 496
05/25/2022 03:54:34 AM Calculated day 497
05/25/2022 03:54:40 AM Calculated day 498
05/25/2022 03:54:47 AM Calculated day 499
05/25/2022 03:54:53 AM Calculated day 500
05/25/2022 03:55:00 AM Calculated day 501
05/25/2022 03:55:06 AM Calculated day 502
05/25/2022 03:55:13 AM Calculated day 503
05/25/2022 03:55:19 AM Calculated day 504
05/25/2022 03:55:26 AM Calculated day 505
05/25/2022 03:55:32 AM Calculated day 506
05/25/2022 03:55:39 AM Calculated day 507
05/25/2022 03:55:45 AM Calculated day 508
05/25/2022 03:55:52 AM Calculated day 509
05/25/2022 03:55:58 AM Calculated day 510
05/25/2022 03:56:05 AM Calculated day 511
05/25/2022 03:56:11 AM Calculated day 512
05/25/2022 03:56:18 AM Calculated day 513
05/25/2022 03:56:24 AM Calculated day 514
05/25/2022 03:56:31 AM Calculated day 515
05/25/2022 03:56:37 AM Calculated day 516
05/25/2022 03:56:44 AM Calculated day 517
05/25/2022 03:56:50 AM Calculated day 518
05/25/2022 03:56:57 AM Calculated day 519
05/25/2022 03:57:03 AM Calculated day 520
05/25/2022 03:57:09 AM Calculated day 521
05/25/2022 03:57:16 AM Calculated day 522
05/25/2022 03:57:22 AM Calculated day 523
05/25/2022 03:57:29 AM Calculated day 524
05/25/2022 03:57:35 AM Calculated day 525
05/25/2022 03:57:42 AM Calculated day 526
05/25/2022 03:57:48 AM Calculated day 527
05/25/2022 03:57:55 AM Calculated day 528
05/25/2022 03:58:01 AM Calculated day 529
05/25/2022 03:58:08 AM Calculated day 530
05/25/2022 03:58:14 AM Calculated day 531
05/25/2022 03:58:21 AM Calculated day 532
05/25/2022 03:58:27 AM Calculated day 533
05/25/2022 03:58:34 AM Calculated day 534
05/25/2022 03:58:40 AM Calculated day 535
05/25/2022 03:58:47 AM Calculated day 536
05/25/2022 03:58:53 AM Calculated day 537
05/25/2022 03:59:00 AM Calculated day 538
05/25/2022 03:59:06 AM Calculated day 539
05/25/2022 03:59:13 AM Calculated day 540
05/25/2022 03:59:19 AM Calculated day 541
05/25/2022 03:59:26 AM Calculated day 542
05/25/2022 03:59:32 AM Calculated day 543
05/25/2022 03:59:39 AM Calculated day 544
05/25/2022 03:59:45 AM Calculated day 545
05/25/2022 03:59:52 AM Calculated day 546
05/25/2022 03:59:58 AM Calculated day 547
05/25/2022 04:00:05 AM Calculated day 548
05/25/2022 04:00:11 AM Calculated day 549
05/25/2022 04:00:17 AM Calculated day 550
05/25/2022 04:00:24 AM Calculated day 551
05/25/2022 04:00:30 AM Calculated day 552
05/25/2022 04:00:37 AM Calculated day 553
05/25/2022 04:00:43 AM Calculated day 554
05/25/2022 04:00:50 AM Calculated day 555
05/25/2022 04:00:56 AM Calculated day 556
05/25/2022 04:01:03 AM Calculated day 557
05/25/2022 04:01:09 AM Calculated day 558
05/25/2022 04:01:16 AM Calculated day 559
05/25/2022 04:01:22 AM Calculated day 560
05/25/2022 04:01:29 AM Calculated day 561
05/25/2022 04:01:35 AM Calculated day 562
05/25/2022 04:01:42 AM Calculated day 563
05/25/2022 04:01:48 AM Calculated day 564
05/25/2022 04:01:55 AM Calculated day 565
05/25/2022 04:02:01 AM Calculated day 566
05/25/2022 04:02:08 AM Calculated day 567
05/25/2022 04:02:14 AM Calculated day 568
05/25/2022 04:02:21 AM Calculated day 569
05/25/2022 04:02:27 AM Calculated day 570
05/25/2022 04:02:34 AM Calculated day 571
05/25/2022 04:02:41 AM Calculated day 572
05/25/2022 04:02:47 AM Calculated day 573
05/25/2022 04:02:54 AM Calculated day 574
05/25/2022 04:03:00 AM Calculated day 575
05/25/2022 04:03:06 AM Calculated day 576
05/25/2022 04:03:13 AM Calculated day 577
05/25/2022 04:03:20 AM Calculated day 578
05/25/2022 04:03:26 AM Calculated day 579
05/25/2022 04:03:33 AM Calculated day 580
05/25/2022 04:03:39 AM Calculated day 581
05/25/2022 04:03:46 AM Calculated day 582
05/25/2022 04:03:52 AM Calculated day 583
05/25/2022 04:03:59 AM Calculated day 584
05/25/2022 04:04:05 AM Calculated day 585
05/25/2022 04:04:12 AM Calculated day 586
05/25/2022 04:04:18 AM Calculated day 587
05/25/2022 04:04:25 AM Calculated day 588
05/25/2022 04:04:31 AM Calculated day 589
05/25/2022 04:04:38 AM Calculated day 590
05/25/2022 04:04:44 AM Calculated day 591
05/25/2022 04:04:51 AM Calculated day 592
05/25/2022 04:04:57 AM Calculated day 593
05/25/2022 04:05:04 AM Calculated day 594
05/25/2022 04:05:10 AM Calculated day 595
05/25/2022 04:05:17 AM Calculated day 596
05/25/2022 04:05:23 AM Calculated day 597
05/25/2022 04:05:30 AM Calculated day 598
05/25/2022 04:05:36 AM Calculated day 599
05/25/2022 04:06:35 AM  ========== CODE RAN SUCCESSFULLY, congrats! ================
05/25/2022 04:06:35 AM  -----> Total Time taken = 3949.447  <----
