05/25/2022 12:26:45 AM **********************************
05/25/2022 12:26:45 AM /data/pbarpanda/spherical_SWE/evaluate_final_budget/transient_U_propagate_forcing_diff_Heq//dt_150_Q_forcing_5_forcing_y_0_Hmean_200_forcing_phase_speed_15_ms/U_up_days_217/
05/25/2022 12:26:45 AM **********************************
05/25/2022 12:26:45 AM Calculated day 0
05/25/2022 12:26:52 AM Calculated day 1
05/25/2022 12:26:59 AM Calculated day 2
05/25/2022 12:27:06 AM Calculated day 3
05/25/2022 12:27:13 AM Calculated day 4
05/25/2022 12:27:20 AM Calculated day 5
05/25/2022 12:27:27 AM Calculated day 6
05/25/2022 12:27:34 AM Calculated day 7
05/25/2022 12:27:41 AM Calculated day 8
05/25/2022 12:27:48 AM Calculated day 9
05/25/2022 12:27:55 AM Calculated day 10
05/25/2022 12:28:02 AM Calculated day 11
05/25/2022 12:28:09 AM Calculated day 12
05/25/2022 12:28:16 AM Calculated day 13
05/25/2022 12:28:23 AM Calculated day 14
05/25/2022 12:28:30 AM Calculated day 15
05/25/2022 12:28:36 AM Calculated day 16
05/25/2022 12:28:43 AM Calculated day 17
05/25/2022 12:28:50 AM Calculated day 18
05/25/2022 12:28:57 AM Calculated day 19
05/25/2022 12:29:04 AM Calculated day 20
05/25/2022 12:29:11 AM Calculated day 21
05/25/2022 12:29:18 AM Calculated day 22
05/25/2022 12:29:25 AM Calculated day 23
05/25/2022 12:29:31 AM Calculated day 24
05/25/2022 12:29:38 AM Calculated day 25
05/25/2022 12:29:45 AM Calculated day 26
05/25/2022 12:29:52 AM Calculated day 27
05/25/2022 12:29:59 AM Calculated day 28
05/25/2022 12:30:05 AM Calculated day 29
05/25/2022 12:30:11 AM Calculated day 30
05/25/2022 12:30:18 AM Calculated day 31
05/25/2022 12:30:24 AM Calculated day 32
05/25/2022 12:30:31 AM Calculated day 33
05/25/2022 12:30:37 AM Calculated day 34
05/25/2022 12:30:43 AM Calculated day 35
05/25/2022 12:30:50 AM Calculated day 36
05/25/2022 12:30:56 AM Calculated day 37
05/25/2022 12:31:02 AM Calculated day 38
05/25/2022 12:31:09 AM Calculated day 39
05/25/2022 12:31:15 AM Calculated day 40
05/25/2022 12:31:21 AM Calculated day 41
05/25/2022 12:31:28 AM Calculated day 42
05/25/2022 12:31:34 AM Calculated day 43
05/25/2022 12:31:40 AM Calculated day 44
05/25/2022 12:31:47 AM Calculated day 45
05/25/2022 12:31:53 AM Calculated day 46
05/25/2022 12:31:59 AM Calculated day 47
05/25/2022 12:32:06 AM Calculated day 48
05/25/2022 12:32:12 AM Calculated day 49
05/25/2022 12:32:18 AM Calculated day 50
05/25/2022 12:32:25 AM Calculated day 51
05/25/2022 12:32:31 AM Calculated day 52
05/25/2022 12:32:37 AM Calculated day 53
05/25/2022 12:32:44 AM Calculated day 54
05/25/2022 12:32:50 AM Calculated day 55
05/25/2022 12:32:57 AM Calculated day 56
05/25/2022 12:33:03 AM Calculated day 57
05/25/2022 12:33:09 AM Calculated day 58
05/25/2022 12:33:16 AM Calculated day 59
05/25/2022 12:33:22 AM Calculated day 60
05/25/2022 12:33:28 AM Calculated day 61
05/25/2022 12:33:35 AM Calculated day 62
05/25/2022 12:33:41 AM Calculated day 63
05/25/2022 12:33:47 AM Calculated day 64
05/25/2022 12:33:54 AM Calculated day 65
05/25/2022 12:34:00 AM Calculated day 66
05/25/2022 12:34:07 AM Calculated day 67
05/25/2022 12:34:13 AM Calculated day 68
05/25/2022 12:34:19 AM Calculated day 69
05/25/2022 12:34:26 AM Calculated day 70
05/25/2022 12:34:32 AM Calculated day 71
05/25/2022 12:34:38 AM Calculated day 72
05/25/2022 12:34:45 AM Calculated day 73
05/25/2022 12:34:51 AM Calculated day 74
05/25/2022 12:34:57 AM Calculated day 75
05/25/2022 12:35:04 AM Calculated day 76
05/25/2022 12:35:10 AM Calculated day 77
05/25/2022 12:35:16 AM Calculated day 78
05/25/2022 12:35:23 AM Calculated day 79
05/25/2022 12:35:29 AM Calculated day 80
05/25/2022 12:35:35 AM Calculated day 81
05/25/2022 12:35:42 AM Calculated day 82
05/25/2022 12:35:48 AM Calculated day 83
05/25/2022 12:35:55 AM Calculated day 84
05/25/2022 12:36:01 AM Calculated day 85
05/25/2022 12:36:07 AM Calculated day 86
05/25/2022 12:36:14 AM Calculated day 87
05/25/2022 12:36:20 AM Calculated day 88
05/25/2022 12:36:26 AM Calculated day 89
05/25/2022 12:36:33 AM Calculated day 90
05/25/2022 12:36:39 AM Calculated day 91
05/25/2022 12:36:45 AM Calculated day 92
05/25/2022 12:36:52 AM Calculated day 93
05/25/2022 12:36:58 AM Calculated day 94
05/25/2022 12:37:04 AM Calculated day 95
05/25/2022 12:37:11 AM Calculated day 96
05/25/2022 12:37:17 AM Calculated day 97
05/25/2022 12:37:23 AM Calculated day 98
05/25/2022 12:37:30 AM Calculated day 99
05/25/2022 12:37:36 AM Calculated day 100
05/25/2022 12:37:43 AM Calculated day 101
05/25/2022 12:37:49 AM Calculated day 102
05/25/2022 12:37:55 AM Calculated day 103
05/25/2022 12:38:02 AM Calculated day 104
05/25/2022 12:38:08 AM Calculated day 105
05/25/2022 12:38:14 AM Calculated day 106
05/25/2022 12:38:21 AM Calculated day 107
05/25/2022 12:38:27 AM Calculated day 108
05/25/2022 12:38:33 AM Calculated day 109
05/25/2022 12:38:40 AM Calculated day 110
05/25/2022 12:38:46 AM Calculated day 111
05/25/2022 12:38:53 AM Calculated day 112
05/25/2022 12:38:59 AM Calculated day 113
05/25/2022 12:39:05 AM Calculated day 114
05/25/2022 12:39:12 AM Calculated day 115
05/25/2022 12:39:18 AM Calculated day 116
05/25/2022 12:39:24 AM Calculated day 117
05/25/2022 12:39:31 AM Calculated day 118
05/25/2022 12:39:37 AM Calculated day 119
05/25/2022 12:39:43 AM Calculated day 120
05/25/2022 12:39:50 AM Calculated day 121
05/25/2022 12:39:56 AM Calculated day 122
05/25/2022 12:40:02 AM Calculated day 123
05/25/2022 12:40:09 AM Calculated day 124
05/25/2022 12:40:15 AM Calculated day 125
05/25/2022 12:40:22 AM Calculated day 126
05/25/2022 12:40:28 AM Calculated day 127
05/25/2022 12:40:34 AM Calculated day 128
05/25/2022 12:40:41 AM Calculated day 129
05/25/2022 12:40:47 AM Calculated day 130
05/25/2022 12:40:53 AM Calculated day 131
05/25/2022 12:41:00 AM Calculated day 132
05/25/2022 12:41:06 AM Calculated day 133
05/25/2022 12:41:12 AM Calculated day 134
05/25/2022 12:41:19 AM Calculated day 135
05/25/2022 12:41:25 AM Calculated day 136
05/25/2022 12:41:31 AM Calculated day 137
05/25/2022 12:41:38 AM Calculated day 138
05/25/2022 12:41:44 AM Calculated day 139
05/25/2022 12:41:50 AM Calculated day 140
05/25/2022 12:41:57 AM Calculated day 141
05/25/2022 12:42:03 AM Calculated day 142
05/25/2022 12:42:09 AM Calculated day 143
05/25/2022 12:42:16 AM Calculated day 144
05/25/2022 12:42:22 AM Calculated day 145
05/25/2022 12:42:29 AM Calculated day 146
05/25/2022 12:42:35 AM Calculated day 147
05/25/2022 12:42:41 AM Calculated day 148
05/25/2022 12:42:48 AM Calculated day 149
05/25/2022 12:42:54 AM Calculated day 150
05/25/2022 12:43:00 AM Calculated day 151
05/25/2022 12:43:07 AM Calculated day 152
05/25/2022 12:43:13 AM Calculated day 153
05/25/2022 12:43:19 AM Calculated day 154
05/25/2022 12:43:26 AM Calculated day 155
05/25/2022 12:43:32 AM Calculated day 156
05/25/2022 12:43:39 AM Calculated day 157
05/25/2022 12:43:45 AM Calculated day 158
05/25/2022 12:43:51 AM Calculated day 159
05/25/2022 12:43:58 AM Calculated day 160
05/25/2022 12:44:04 AM Calculated day 161
05/25/2022 12:44:10 AM Calculated day 162
05/25/2022 12:44:17 AM Calculated day 163
05/25/2022 12:44:23 AM Calculated day 164
05/25/2022 12:44:29 AM Calculated day 165
05/25/2022 12:44:36 AM Calculated day 166
05/25/2022 12:44:42 AM Calculated day 167
05/25/2022 12:44:48 AM Calculated day 168
05/25/2022 12:44:55 AM Calculated day 169
05/25/2022 12:45:01 AM Calculated day 170
05/25/2022 12:45:07 AM Calculated day 171
05/25/2022 12:45:14 AM Calculated day 172
05/25/2022 12:45:20 AM Calculated day 173
05/25/2022 12:45:26 AM Calculated day 174
05/25/2022 12:45:33 AM Calculated day 175
05/25/2022 12:45:39 AM Calculated day 176
05/25/2022 12:45:45 AM Calculated day 177
05/25/2022 12:45:52 AM Calculated day 178
05/25/2022 12:45:58 AM Calculated day 179
05/25/2022 12:46:05 AM Calculated day 180
05/25/2022 12:46:11 AM Calculated day 181
05/25/2022 12:46:17 AM Calculated day 182
05/25/2022 12:46:24 AM Calculated day 183
05/25/2022 12:46:30 AM Calculated day 184
05/25/2022 12:46:36 AM Calculated day 185
05/25/2022 12:46:43 AM Calculated day 186
05/25/2022 12:46:49 AM Calculated day 187
05/25/2022 12:46:55 AM Calculated day 188
05/25/2022 12:47:02 AM Calculated day 189
05/25/2022 12:47:08 AM Calculated day 190
05/25/2022 12:47:15 AM Calculated day 191
05/25/2022 12:47:21 AM Calculated day 192
05/25/2022 12:47:27 AM Calculated day 193
05/25/2022 12:47:34 AM Calculated day 194
05/25/2022 12:47:40 AM Calculated day 195
05/25/2022 12:47:46 AM Calculated day 196
05/25/2022 12:47:53 AM Calculated day 197
05/25/2022 12:47:59 AM Calculated day 198
05/25/2022 12:48:05 AM Calculated day 199
05/25/2022 12:48:12 AM Calculated day 200
05/25/2022 12:48:18 AM Calculated day 201
05/25/2022 12:48:25 AM Calculated day 202
05/25/2022 12:48:31 AM Calculated day 203
05/25/2022 12:48:37 AM Calculated day 204
05/25/2022 12:48:44 AM Calculated day 205
05/25/2022 12:48:50 AM Calculated day 206
05/25/2022 12:48:56 AM Calculated day 207
05/25/2022 12:49:03 AM Calculated day 208
05/25/2022 12:49:09 AM Calculated day 209
05/25/2022 12:49:15 AM Calculated day 210
05/25/2022 12:49:22 AM Calculated day 211
05/25/2022 12:49:28 AM Calculated day 212
05/25/2022 12:49:35 AM Calculated day 213
05/25/2022 12:49:41 AM Calculated day 214
05/25/2022 12:49:47 AM Calculated day 215
05/25/2022 12:49:54 AM Calculated day 216
05/25/2022 12:50:01 AM Calculated day 217
05/25/2022 12:50:10 AM Calculated day 218
05/25/2022 12:50:17 AM Calculated day 219
05/25/2022 12:50:23 AM Calculated day 220
05/25/2022 12:50:29 AM Calculated day 221
05/25/2022 12:50:36 AM Calculated day 222
05/25/2022 12:50:42 AM Calculated day 223
05/25/2022 12:50:48 AM Calculated day 224
05/25/2022 12:50:54 AM ABORTING for Q0 = 5 because of a runaway scenario at 224
05/25/2022 12:50:57 AM  ========== CODE RAN SUCCESSFULLY, congrats! ================
05/25/2022 12:50:57 AM  -----> Total Time taken = 1451.508  <----
