06/13/2022 10:38:28 PM **********************************
06/13/2022 10:38:28 PM /data/pbarpanda/spherical_SWE/evaluate_final_budget/transient_U_propagate_forcing_diff_Heq//dt_150_Q_forcing_10_forcing_y_0_Hmean_200_forcing_phase_speed_5_ms/U_up_days_217/
06/13/2022 10:38:28 PM **********************************
06/13/2022 10:38:28 PM Calculated day 0
06/13/2022 10:38:34 PM Calculated day 1
06/13/2022 10:38:41 PM Calculated day 2
06/13/2022 10:38:47 PM Calculated day 3
06/13/2022 10:38:53 PM Calculated day 4
06/13/2022 10:39:00 PM Calculated day 5
06/13/2022 10:39:06 PM Calculated day 6
06/13/2022 10:39:12 PM Calculated day 7
06/13/2022 10:39:19 PM Calculated day 8
06/13/2022 10:39:25 PM Calculated day 9
06/13/2022 10:39:31 PM Calculated day 10
06/13/2022 10:39:38 PM Calculated day 11
06/13/2022 10:39:44 PM Calculated day 12
06/13/2022 10:39:51 PM Calculated day 13
06/13/2022 10:39:57 PM Calculated day 14
06/13/2022 10:40:03 PM Calculated day 15
06/13/2022 10:40:10 PM Calculated day 16
06/13/2022 10:40:16 PM Calculated day 17
06/13/2022 10:40:22 PM Calculated day 18
06/13/2022 10:40:29 PM Calculated day 19
06/13/2022 10:40:35 PM Calculated day 20
06/13/2022 10:40:42 PM Calculated day 21
06/13/2022 10:40:48 PM Calculated day 22
06/13/2022 10:40:54 PM Calculated day 23
06/13/2022 10:41:01 PM Calculated day 24
06/13/2022 10:41:07 PM Calculated day 25
06/13/2022 10:41:13 PM Calculated day 26
06/13/2022 10:41:20 PM Calculated day 27
06/13/2022 10:41:26 PM Calculated day 28
06/13/2022 10:41:33 PM Calculated day 29
06/13/2022 10:41:39 PM Calculated day 30
06/13/2022 10:41:46 PM Calculated day 31
06/13/2022 10:41:52 PM Calculated day 32
06/13/2022 10:41:58 PM Calculated day 33
06/13/2022 10:42:05 PM Calculated day 34
06/13/2022 10:42:12 PM Calculated day 35
06/13/2022 10:42:18 PM Calculated day 36
06/13/2022 10:42:25 PM Calculated day 37
06/13/2022 10:42:31 PM Calculated day 38
06/13/2022 10:42:38 PM Calculated day 39
06/13/2022 10:42:44 PM Calculated day 40
06/13/2022 10:42:50 PM Calculated day 41
06/13/2022 10:42:57 PM Calculated day 42
06/13/2022 10:43:03 PM Calculated day 43
06/13/2022 10:43:10 PM Calculated day 44
06/13/2022 10:43:16 PM Calculated day 45
06/13/2022 10:43:22 PM Calculated day 46
06/13/2022 10:43:29 PM Calculated day 47
06/13/2022 10:43:35 PM Calculated day 48
06/13/2022 10:43:41 PM Calculated day 49
06/13/2022 10:43:48 PM Calculated day 50
06/13/2022 10:43:54 PM Calculated day 51
06/13/2022 10:44:01 PM Calculated day 52
06/13/2022 10:44:07 PM Calculated day 53
06/13/2022 10:44:13 PM Calculated day 54
06/13/2022 10:44:20 PM Calculated day 55
06/13/2022 10:44:26 PM Calculated day 56
06/13/2022 10:44:32 PM Calculated day 57
06/13/2022 10:44:39 PM Calculated day 58
06/13/2022 10:44:45 PM Calculated day 59
06/13/2022 10:44:51 PM Calculated day 60
06/13/2022 10:44:58 PM Calculated day 61
06/13/2022 10:45:04 PM Calculated day 62
06/13/2022 10:45:10 PM Calculated day 63
06/13/2022 10:45:17 PM Calculated day 64
06/13/2022 10:45:23 PM Calculated day 65
06/13/2022 10:45:30 PM Calculated day 66
06/13/2022 10:45:36 PM Calculated day 67
06/13/2022 10:45:42 PM Calculated day 68
06/13/2022 10:45:49 PM Calculated day 69
06/13/2022 10:45:55 PM Calculated day 70
06/13/2022 10:46:01 PM Calculated day 71
06/13/2022 10:46:08 PM Calculated day 72
06/13/2022 10:46:14 PM Calculated day 73
06/13/2022 10:46:21 PM Calculated day 74
06/13/2022 10:46:27 PM Calculated day 75
06/13/2022 10:46:33 PM Calculated day 76
06/13/2022 10:46:40 PM Calculated day 77
06/13/2022 10:46:46 PM Calculated day 78
06/13/2022 10:46:52 PM Calculated day 79
06/13/2022 10:46:59 PM Calculated day 80
06/13/2022 10:47:05 PM Calculated day 81
06/13/2022 10:47:11 PM Calculated day 82
06/13/2022 10:47:18 PM Calculated day 83
06/13/2022 10:47:24 PM Calculated day 84
06/13/2022 10:47:31 PM Calculated day 85
06/13/2022 10:47:37 PM Calculated day 86
06/13/2022 10:47:43 PM Calculated day 87
06/13/2022 10:47:50 PM Calculated day 88
06/13/2022 10:47:56 PM Calculated day 89
06/13/2022 10:48:02 PM Calculated day 90
06/13/2022 10:48:09 PM Calculated day 91
06/13/2022 10:48:15 PM Calculated day 92
06/13/2022 10:48:21 PM Calculated day 93
06/13/2022 10:48:28 PM Calculated day 94
06/13/2022 10:48:34 PM Calculated day 95
06/13/2022 10:48:41 PM Calculated day 96
06/13/2022 10:48:47 PM Calculated day 97
06/13/2022 10:48:53 PM Calculated day 98
06/13/2022 10:49:00 PM Calculated day 99
06/13/2022 10:49:06 PM Calculated day 100
06/13/2022 10:49:12 PM Calculated day 101
06/13/2022 10:49:19 PM Calculated day 102
06/13/2022 10:49:25 PM Calculated day 103
06/13/2022 10:49:31 PM Calculated day 104
06/13/2022 10:49:38 PM Calculated day 105
06/13/2022 10:49:44 PM Calculated day 106
06/13/2022 10:49:50 PM Calculated day 107
06/13/2022 10:49:57 PM Calculated day 108
06/13/2022 10:50:03 PM Calculated day 109
06/13/2022 10:50:09 PM Calculated day 110
06/13/2022 10:50:16 PM Calculated day 111
06/13/2022 10:50:22 PM Calculated day 112
06/13/2022 10:50:29 PM Calculated day 113
06/13/2022 10:50:35 PM Calculated day 114
06/13/2022 10:50:41 PM Calculated day 115
06/13/2022 10:50:48 PM Calculated day 116
06/13/2022 10:50:54 PM Calculated day 117
06/13/2022 10:51:00 PM Calculated day 118
06/13/2022 10:51:07 PM Calculated day 119
06/13/2022 10:51:13 PM Calculated day 120
06/13/2022 10:51:19 PM Calculated day 121
06/13/2022 10:51:26 PM Calculated day 122
06/13/2022 10:51:33 PM Calculated day 123
06/13/2022 10:51:40 PM Calculated day 124
06/13/2022 10:51:46 PM Calculated day 125
06/13/2022 10:51:53 PM Calculated day 126
06/13/2022 10:51:59 PM Calculated day 127
06/13/2022 10:52:05 PM Calculated day 128
06/13/2022 10:52:12 PM Calculated day 129
06/13/2022 10:52:18 PM Calculated day 130
06/13/2022 10:52:24 PM Calculated day 131
06/13/2022 10:52:31 PM Calculated day 132
06/13/2022 10:52:37 PM Calculated day 133
06/13/2022 10:52:44 PM Calculated day 134
06/13/2022 10:52:50 PM Calculated day 135
06/13/2022 10:52:56 PM Calculated day 136
06/13/2022 10:53:03 PM Calculated day 137
06/13/2022 10:53:09 PM Calculated day 138
06/13/2022 10:53:15 PM Calculated day 139
06/13/2022 10:53:22 PM Calculated day 140
06/13/2022 10:53:28 PM Calculated day 141
06/13/2022 10:53:34 PM Calculated day 142
06/13/2022 10:53:41 PM Calculated day 143
06/13/2022 10:53:47 PM Calculated day 144
06/13/2022 10:53:54 PM Calculated day 145
06/13/2022 10:54:00 PM Calculated day 146
06/13/2022 10:54:06 PM Calculated day 147
06/13/2022 10:54:13 PM Calculated day 148
06/13/2022 10:54:19 PM Calculated day 149
06/13/2022 10:54:25 PM Calculated day 150
06/13/2022 10:54:32 PM Calculated day 151
06/13/2022 10:54:38 PM Calculated day 152
06/13/2022 10:54:45 PM Calculated day 153
06/13/2022 10:54:51 PM Calculated day 154
06/13/2022 10:54:57 PM Calculated day 155
06/13/2022 10:55:04 PM Calculated day 156
06/13/2022 10:55:10 PM Calculated day 157
06/13/2022 10:55:16 PM Calculated day 158
06/13/2022 10:55:23 PM Calculated day 159
06/13/2022 10:55:29 PM Calculated day 160
06/13/2022 10:55:36 PM Calculated day 161
06/13/2022 10:55:42 PM Calculated day 162
06/13/2022 10:55:48 PM Calculated day 163
06/13/2022 10:55:55 PM Calculated day 164
06/13/2022 10:56:01 PM Calculated day 165
06/13/2022 10:56:07 PM Calculated day 166
06/13/2022 10:56:14 PM Calculated day 167
06/13/2022 10:56:20 PM Calculated day 168
06/13/2022 10:56:26 PM Calculated day 169
06/13/2022 10:56:33 PM Calculated day 170
06/13/2022 10:56:39 PM Calculated day 171
06/13/2022 10:56:46 PM Calculated day 172
06/13/2022 10:56:52 PM Calculated day 173
06/13/2022 10:56:58 PM Calculated day 174
06/13/2022 10:57:05 PM Calculated day 175
06/13/2022 10:57:11 PM Calculated day 176
06/13/2022 10:57:17 PM Calculated day 177
06/13/2022 10:57:24 PM Calculated day 178
06/13/2022 10:57:30 PM Calculated day 179
06/13/2022 10:57:36 PM Calculated day 180
06/13/2022 10:57:43 PM Calculated day 181
06/13/2022 10:57:49 PM Calculated day 182
06/13/2022 10:57:55 PM Calculated day 183
06/13/2022 10:58:02 PM Calculated day 184
06/13/2022 10:58:08 PM Calculated day 185
06/13/2022 10:58:15 PM Calculated day 186
06/13/2022 10:58:21 PM Calculated day 187
06/13/2022 10:58:27 PM Calculated day 188
06/13/2022 10:58:34 PM Calculated day 189
06/13/2022 10:58:40 PM Calculated day 190
06/13/2022 10:58:46 PM Calculated day 191
06/13/2022 10:58:53 PM Calculated day 192
06/13/2022 10:58:59 PM Calculated day 193
06/13/2022 10:59:05 PM Calculated day 194
06/13/2022 10:59:12 PM Calculated day 195
06/13/2022 10:59:18 PM Calculated day 196
06/13/2022 10:59:24 PM Calculated day 197
06/13/2022 10:59:31 PM Calculated day 198
06/13/2022 10:59:37 PM Calculated day 199
06/13/2022 10:59:44 PM Calculated day 200
06/13/2022 10:59:50 PM Calculated day 201
06/13/2022 10:59:56 PM Calculated day 202
06/13/2022 11:00:03 PM Calculated day 203
06/13/2022 11:00:09 PM Calculated day 204
06/13/2022 11:00:15 PM Calculated day 205
06/13/2022 11:00:22 PM Calculated day 206
06/13/2022 11:00:28 PM Calculated day 207
06/13/2022 11:00:34 PM Calculated day 208
06/13/2022 11:00:41 PM Calculated day 209
06/13/2022 11:00:47 PM Calculated day 210
06/13/2022 11:00:53 PM Calculated day 211
06/13/2022 11:01:00 PM Calculated day 212
06/13/2022 11:01:06 PM Calculated day 213
06/13/2022 11:01:12 PM Calculated day 214
06/13/2022 11:01:19 PM Calculated day 215
06/13/2022 11:01:25 PM Calculated day 216
06/13/2022 11:01:33 PM Calculated day 217
06/13/2022 11:01:42 PM Calculated day 218
06/13/2022 11:01:48 PM Calculated day 219
06/13/2022 11:01:55 PM Calculated day 220
06/13/2022 11:02:01 PM Calculated day 221
06/13/2022 11:02:07 PM Calculated day 222
06/13/2022 11:02:14 PM Calculated day 223
06/13/2022 11:02:20 PM Calculated day 224
06/13/2022 11:02:26 PM Calculated day 225
06/13/2022 11:02:33 PM Calculated day 226
06/13/2022 11:02:39 PM Calculated day 227
06/13/2022 11:02:46 PM Calculated day 228
06/13/2022 11:02:52 PM Calculated day 229
06/13/2022 11:02:58 PM Calculated day 230
06/13/2022 11:03:05 PM Calculated day 231
06/13/2022 11:03:11 PM Calculated day 232
06/13/2022 11:03:17 PM Calculated day 233
06/13/2022 11:03:24 PM Calculated day 234
06/13/2022 11:03:30 PM Calculated day 235
06/13/2022 11:03:36 PM Calculated day 236
06/13/2022 11:03:43 PM Calculated day 237
06/13/2022 11:03:49 PM Calculated day 238
06/13/2022 11:03:56 PM Calculated day 239
06/13/2022 11:04:02 PM Calculated day 240
06/13/2022 11:04:08 PM Calculated day 241
06/13/2022 11:04:15 PM Calculated day 242
06/13/2022 11:04:21 PM Calculated day 243
06/13/2022 11:04:27 PM Calculated day 244
06/13/2022 11:04:34 PM Calculated day 245
06/13/2022 11:04:40 PM Calculated day 246
06/13/2022 11:04:46 PM Calculated day 247
06/13/2022 11:04:53 PM Calculated day 248
06/13/2022 11:04:59 PM Calculated day 249
06/13/2022 11:05:05 PM Calculated day 250
06/13/2022 11:05:12 PM Calculated day 251
06/13/2022 11:05:18 PM Calculated day 252
06/13/2022 11:05:24 PM Calculated day 253
06/13/2022 11:05:31 PM Calculated day 254
06/13/2022 11:05:37 PM Calculated day 255
06/13/2022 11:05:44 PM Calculated day 256
06/13/2022 11:05:50 PM Calculated day 257
06/13/2022 11:05:56 PM Calculated day 258
06/13/2022 11:06:03 PM Calculated day 259
06/13/2022 11:06:09 PM Calculated day 260
06/13/2022 11:06:15 PM Calculated day 261
06/13/2022 11:06:22 PM Calculated day 262
06/13/2022 11:06:28 PM Calculated day 263
06/13/2022 11:06:34 PM Calculated day 264
06/13/2022 11:06:41 PM Calculated day 265
06/13/2022 11:06:47 PM Calculated day 266
06/13/2022 11:06:53 PM Calculated day 267
06/13/2022 11:07:00 PM Calculated day 268
06/13/2022 11:07:06 PM Calculated day 269
06/13/2022 11:07:12 PM Calculated day 270
06/13/2022 11:07:19 PM Calculated day 271
06/13/2022 11:07:25 PM Calculated day 272
06/13/2022 11:07:31 PM Calculated day 273
06/13/2022 11:07:38 PM Calculated day 274
06/13/2022 11:07:44 PM Calculated day 275
06/13/2022 11:07:51 PM Calculated day 276
06/13/2022 11:07:57 PM Calculated day 277
06/13/2022 11:08:03 PM Calculated day 278
06/13/2022 11:08:10 PM Calculated day 279
06/13/2022 11:08:16 PM Calculated day 280
06/13/2022 11:08:22 PM Calculated day 281
06/13/2022 11:08:29 PM Calculated day 282
06/13/2022 11:08:35 PM Calculated day 283
06/13/2022 11:08:42 PM Calculated day 284
06/13/2022 11:08:48 PM Calculated day 285
06/13/2022 11:08:54 PM Calculated day 286
06/13/2022 11:09:01 PM Calculated day 287
06/13/2022 11:09:07 PM Calculated day 288
06/13/2022 11:09:13 PM Calculated day 289
06/13/2022 11:09:20 PM Calculated day 290
06/13/2022 11:09:26 PM Calculated day 291
06/13/2022 11:09:32 PM Calculated day 292
06/13/2022 11:09:39 PM Calculated day 293
06/13/2022 11:09:45 PM Calculated day 294
06/13/2022 11:09:52 PM Calculated day 295
06/13/2022 11:09:58 PM Calculated day 296
06/13/2022 11:10:04 PM Calculated day 297
06/13/2022 11:10:11 PM Calculated day 298
06/13/2022 11:10:17 PM Calculated day 299
06/13/2022 11:10:23 PM Calculated day 300
06/13/2022 11:10:30 PM Calculated day 301
06/13/2022 11:10:36 PM Calculated day 302
06/13/2022 11:10:43 PM Calculated day 303
06/13/2022 11:10:49 PM Calculated day 304
06/13/2022 11:10:55 PM Calculated day 305
06/13/2022 11:11:02 PM Calculated day 306
06/13/2022 11:11:08 PM Calculated day 307
06/13/2022 11:11:14 PM Calculated day 308
06/13/2022 11:11:21 PM Calculated day 309
06/13/2022 11:11:27 PM Calculated day 310
06/13/2022 11:11:33 PM Calculated day 311
06/13/2022 11:11:40 PM Calculated day 312
06/13/2022 11:11:46 PM Calculated day 313
06/13/2022 11:11:52 PM Calculated day 314
06/13/2022 11:11:59 PM Calculated day 315
06/13/2022 11:12:05 PM Calculated day 316
06/13/2022 11:12:11 PM Calculated day 317
06/13/2022 11:12:18 PM Calculated day 318
06/13/2022 11:12:24 PM Calculated day 319
06/13/2022 11:12:30 PM Calculated day 320
06/13/2022 11:12:37 PM Calculated day 321
06/13/2022 11:12:43 PM Calculated day 322
06/13/2022 11:12:50 PM Calculated day 323
06/13/2022 11:12:56 PM Calculated day 324
06/13/2022 11:13:02 PM Calculated day 325
06/13/2022 11:13:09 PM Calculated day 326
06/13/2022 11:13:15 PM Calculated day 327
06/13/2022 11:13:21 PM Calculated day 328
06/13/2022 11:13:28 PM Calculated day 329
06/13/2022 11:13:34 PM Calculated day 330
06/13/2022 11:13:40 PM Calculated day 331
06/13/2022 11:13:47 PM Calculated day 332
06/13/2022 11:13:53 PM Calculated day 333
06/13/2022 11:14:00 PM Calculated day 334
06/13/2022 11:14:06 PM Calculated day 335
06/13/2022 11:14:12 PM Calculated day 336
06/13/2022 11:14:19 PM Calculated day 337
06/13/2022 11:14:25 PM Calculated day 338
06/13/2022 11:14:31 PM Calculated day 339
06/13/2022 11:14:38 PM Calculated day 340
06/13/2022 11:14:44 PM Calculated day 341
06/13/2022 11:14:50 PM Calculated day 342
06/13/2022 11:14:57 PM Calculated day 343
06/13/2022 11:15:03 PM Calculated day 344
06/13/2022 11:15:09 PM Calculated day 345
06/13/2022 11:15:16 PM Calculated day 346
06/13/2022 11:15:22 PM Calculated day 347
06/13/2022 11:15:28 PM Calculated day 348
06/13/2022 11:15:35 PM Calculated day 349
06/13/2022 11:15:41 PM Calculated day 350
06/13/2022 11:15:48 PM Calculated day 351
06/13/2022 11:15:54 PM Calculated day 352
06/13/2022 11:16:00 PM Calculated day 353
06/13/2022 11:16:07 PM Calculated day 354
06/13/2022 11:16:13 PM Calculated day 355
06/13/2022 11:16:19 PM Calculated day 356
06/13/2022 11:16:26 PM Calculated day 357
06/13/2022 11:16:32 PM Calculated day 358
06/13/2022 11:16:39 PM Calculated day 359
06/13/2022 11:16:45 PM Calculated day 360
06/13/2022 11:16:51 PM Calculated day 361
06/13/2022 11:16:58 PM Calculated day 362
06/13/2022 11:17:04 PM Calculated day 363
06/13/2022 11:17:10 PM Calculated day 364
06/13/2022 11:17:17 PM Calculated day 365
06/13/2022 11:17:23 PM Calculated day 366
06/13/2022 11:17:29 PM Calculated day 367
06/13/2022 11:17:36 PM Calculated day 368
06/13/2022 11:17:42 PM Calculated day 369
06/13/2022 11:17:49 PM Calculated day 370
06/13/2022 11:17:55 PM Calculated day 371
06/13/2022 11:18:01 PM Calculated day 372
06/13/2022 11:18:08 PM Calculated day 373
06/13/2022 11:18:14 PM Calculated day 374
06/13/2022 11:18:20 PM Calculated day 375
06/13/2022 11:18:27 PM Calculated day 376
06/13/2022 11:18:33 PM Calculated day 377
06/13/2022 11:18:40 PM Calculated day 378
06/13/2022 11:18:46 PM Calculated day 379
06/13/2022 11:18:52 PM Calculated day 380
06/13/2022 11:18:59 PM Calculated day 381
06/13/2022 11:19:05 PM Calculated day 382
06/13/2022 11:19:11 PM Calculated day 383
06/13/2022 11:19:18 PM Calculated day 384
06/13/2022 11:19:24 PM Calculated day 385
06/13/2022 11:19:30 PM Calculated day 386
06/13/2022 11:19:37 PM Calculated day 387
06/13/2022 11:19:43 PM Calculated day 388
06/13/2022 11:19:50 PM Calculated day 389
06/13/2022 11:19:56 PM Calculated day 390
06/13/2022 11:20:02 PM Calculated day 391
06/13/2022 11:20:09 PM Calculated day 392
06/13/2022 11:20:15 PM Calculated day 393
06/13/2022 11:20:21 PM Calculated day 394
06/13/2022 11:20:28 PM Calculated day 395
06/13/2022 11:20:34 PM Calculated day 396
06/13/2022 11:20:40 PM Calculated day 397
06/13/2022 11:20:47 PM Calculated day 398
06/13/2022 11:20:53 PM Calculated day 399
06/13/2022 11:20:59 PM Calculated day 400
06/13/2022 11:21:06 PM Calculated day 401
06/13/2022 11:21:12 PM Calculated day 402
06/13/2022 11:21:18 PM Calculated day 403
06/13/2022 11:21:25 PM Calculated day 404
06/13/2022 11:21:31 PM Calculated day 405
06/13/2022 11:21:37 PM Calculated day 406
06/13/2022 11:21:44 PM Calculated day 407
06/13/2022 11:21:50 PM Calculated day 408
06/13/2022 11:21:56 PM Calculated day 409
06/13/2022 11:22:03 PM Calculated day 410
06/13/2022 11:22:09 PM Calculated day 411
06/13/2022 11:22:16 PM Calculated day 412
06/13/2022 11:22:22 PM Calculated day 413
06/13/2022 11:22:28 PM Calculated day 414
06/13/2022 11:22:35 PM Calculated day 415
06/13/2022 11:22:41 PM Calculated day 416
06/13/2022 11:22:47 PM Calculated day 417
06/13/2022 11:22:54 PM Calculated day 418
06/13/2022 11:23:00 PM Calculated day 419
06/13/2022 11:23:06 PM Calculated day 420
06/13/2022 11:23:13 PM Calculated day 421
06/13/2022 11:23:19 PM Calculated day 422
06/13/2022 11:23:26 PM Calculated day 423
06/13/2022 11:23:32 PM Calculated day 424
06/13/2022 11:23:38 PM Calculated day 425
06/13/2022 11:23:45 PM Calculated day 426
06/13/2022 11:23:51 PM Calculated day 427
06/13/2022 11:23:57 PM Calculated day 428
06/13/2022 11:24:04 PM Calculated day 429
06/13/2022 11:24:10 PM Calculated day 430
06/13/2022 11:24:16 PM Calculated day 431
06/13/2022 11:24:23 PM Calculated day 432
06/13/2022 11:24:29 PM Calculated day 433
06/13/2022 11:24:36 PM Calculated day 434
06/13/2022 11:24:42 PM Calculated day 435
06/13/2022 11:24:48 PM Calculated day 436
06/13/2022 11:24:55 PM Calculated day 437
06/13/2022 11:25:01 PM Calculated day 438
06/13/2022 11:25:07 PM Calculated day 439
06/13/2022 11:25:14 PM Calculated day 440
06/13/2022 11:25:20 PM Calculated day 441
06/13/2022 11:25:26 PM Calculated day 442
06/13/2022 11:25:33 PM Calculated day 443
06/13/2022 11:25:39 PM Calculated day 444
06/13/2022 11:25:46 PM Calculated day 445
06/13/2022 11:25:52 PM Calculated day 446
06/13/2022 11:25:58 PM Calculated day 447
06/13/2022 11:26:05 PM Calculated day 448
06/13/2022 11:26:11 PM Calculated day 449
06/13/2022 11:26:17 PM Calculated day 450
06/13/2022 11:26:24 PM Calculated day 451
06/13/2022 11:26:30 PM Calculated day 452
06/13/2022 11:26:36 PM Calculated day 453
06/13/2022 11:26:43 PM Calculated day 454
06/13/2022 11:26:49 PM Calculated day 455
06/13/2022 11:26:56 PM Calculated day 456
06/13/2022 11:27:02 PM Calculated day 457
06/13/2022 11:27:08 PM Calculated day 458
06/13/2022 11:27:15 PM Calculated day 459
06/13/2022 11:27:21 PM Calculated day 460
06/13/2022 11:27:27 PM Calculated day 461
06/13/2022 11:27:34 PM Calculated day 462
06/13/2022 11:27:40 PM Calculated day 463
06/13/2022 11:27:47 PM Calculated day 464
06/13/2022 11:27:53 PM Calculated day 465
06/13/2022 11:27:59 PM Calculated day 466
06/13/2022 11:28:06 PM Calculated day 467
06/13/2022 11:28:12 PM Calculated day 468
06/13/2022 11:28:18 PM Calculated day 469
06/13/2022 11:28:25 PM Calculated day 470
06/13/2022 11:28:31 PM Calculated day 471
06/13/2022 11:28:37 PM Calculated day 472
06/13/2022 11:28:44 PM Calculated day 473
06/13/2022 11:28:50 PM Calculated day 474
06/13/2022 11:28:56 PM Calculated day 475
06/13/2022 11:29:03 PM Calculated day 476
06/13/2022 11:29:09 PM Calculated day 477
06/13/2022 11:29:16 PM Calculated day 478
06/13/2022 11:29:22 PM Calculated day 479
06/13/2022 11:29:28 PM Calculated day 480
06/13/2022 11:29:35 PM Calculated day 481
06/13/2022 11:29:41 PM Calculated day 482
06/13/2022 11:29:47 PM Calculated day 483
06/13/2022 11:29:54 PM Calculated day 484
06/13/2022 11:30:00 PM Calculated day 485
06/13/2022 11:30:06 PM Calculated day 486
06/13/2022 11:30:13 PM Calculated day 487
06/13/2022 11:30:19 PM Calculated day 488
06/13/2022 11:30:25 PM Calculated day 489
06/13/2022 11:30:32 PM Calculated day 490
06/13/2022 11:30:38 PM Calculated day 491
06/13/2022 11:30:45 PM Calculated day 492
06/13/2022 11:30:51 PM Calculated day 493
06/13/2022 11:30:57 PM Calculated day 494
06/13/2022 11:31:04 PM Calculated day 495
06/13/2022 11:31:10 PM Calculated day 496
06/13/2022 11:31:16 PM Calculated day 497
06/13/2022 11:31:23 PM Calculated day 498
06/13/2022 11:31:29 PM Calculated day 499
06/13/2022 11:31:35 PM Calculated day 500
06/13/2022 11:31:42 PM Calculated day 501
06/13/2022 11:31:48 PM Calculated day 502
06/13/2022 11:31:54 PM Calculated day 503
06/13/2022 11:32:01 PM Calculated day 504
06/13/2022 11:32:07 PM Calculated day 505
06/13/2022 11:32:14 PM Calculated day 506
06/13/2022 11:32:20 PM Calculated day 507
06/13/2022 11:32:26 PM Calculated day 508
06/13/2022 11:32:33 PM Calculated day 509
06/13/2022 11:32:39 PM Calculated day 510
06/13/2022 11:32:45 PM Calculated day 511
06/13/2022 11:32:52 PM Calculated day 512
06/13/2022 11:32:58 PM Calculated day 513
06/13/2022 11:33:04 PM Calculated day 514
06/13/2022 11:33:11 PM Calculated day 515
06/13/2022 11:33:17 PM Calculated day 516
06/13/2022 11:33:23 PM Calculated day 517
06/13/2022 11:33:30 PM Calculated day 518
06/13/2022 11:33:36 PM Calculated day 519
06/13/2022 11:33:43 PM Calculated day 520
06/13/2022 11:33:49 PM Calculated day 521
06/13/2022 11:33:55 PM Calculated day 522
06/13/2022 11:34:02 PM Calculated day 523
06/13/2022 11:34:08 PM Calculated day 524
06/13/2022 11:34:14 PM Calculated day 525
06/13/2022 11:34:21 PM Calculated day 526
06/13/2022 11:34:27 PM Calculated day 527
06/13/2022 11:34:33 PM Calculated day 528
06/13/2022 11:34:40 PM Calculated day 529
06/13/2022 11:34:46 PM Calculated day 530
06/13/2022 11:34:52 PM Calculated day 531
06/13/2022 11:34:59 PM Calculated day 532
06/13/2022 11:35:05 PM Calculated day 533
06/13/2022 11:35:11 PM Calculated day 534
06/13/2022 11:35:18 PM Calculated day 535
06/13/2022 11:35:24 PM Calculated day 536
06/13/2022 11:35:30 PM Calculated day 537
06/13/2022 11:35:37 PM Calculated day 538
06/13/2022 11:35:43 PM Calculated day 539
06/13/2022 11:35:50 PM Calculated day 540
06/13/2022 11:35:56 PM Calculated day 541
06/13/2022 11:36:02 PM Calculated day 542
06/13/2022 11:36:09 PM Calculated day 543
06/13/2022 11:36:15 PM Calculated day 544
06/13/2022 11:36:21 PM Calculated day 545
06/13/2022 11:36:28 PM Calculated day 546
06/13/2022 11:36:34 PM Calculated day 547
06/13/2022 11:36:40 PM Calculated day 548
06/13/2022 11:36:47 PM Calculated day 549
06/13/2022 11:36:53 PM Calculated day 550
06/13/2022 11:37:00 PM Calculated day 551
06/13/2022 11:37:06 PM Calculated day 552
06/13/2022 11:37:12 PM Calculated day 553
06/13/2022 11:37:19 PM Calculated day 554
06/13/2022 11:37:25 PM Calculated day 555
06/13/2022 11:37:31 PM Calculated day 556
06/13/2022 11:37:38 PM Calculated day 557
06/13/2022 11:37:44 PM Calculated day 558
06/13/2022 11:37:50 PM Calculated day 559
06/13/2022 11:37:57 PM Calculated day 560
06/13/2022 11:38:03 PM Calculated day 561
06/13/2022 11:38:09 PM Calculated day 562
06/13/2022 11:38:16 PM Calculated day 563
06/13/2022 11:38:22 PM Calculated day 564
06/13/2022 11:38:29 PM Calculated day 565
06/13/2022 11:38:35 PM Calculated day 566
06/13/2022 11:38:41 PM Calculated day 567
06/13/2022 11:38:48 PM Calculated day 568
06/13/2022 11:38:54 PM Calculated day 569
06/13/2022 11:39:00 PM Calculated day 570
06/13/2022 11:39:07 PM Calculated day 571
06/13/2022 11:39:13 PM Calculated day 572
06/13/2022 11:39:19 PM Calculated day 573
06/13/2022 11:39:26 PM Calculated day 574
06/13/2022 11:39:32 PM Calculated day 575
06/13/2022 11:39:38 PM Calculated day 576
06/13/2022 11:39:45 PM Calculated day 577
06/13/2022 11:39:51 PM Calculated day 578
06/13/2022 11:39:58 PM Calculated day 579
06/13/2022 11:40:04 PM Calculated day 580
06/13/2022 11:40:10 PM Calculated day 581
06/13/2022 11:40:17 PM Calculated day 582
06/13/2022 11:40:23 PM Calculated day 583
06/13/2022 11:40:29 PM Calculated day 584
06/13/2022 11:40:36 PM Calculated day 585
06/13/2022 11:40:42 PM Calculated day 586
06/13/2022 11:40:49 PM Calculated day 587
06/13/2022 11:40:55 PM Calculated day 588
06/13/2022 11:41:01 PM Calculated day 589
06/13/2022 11:41:08 PM Calculated day 590
06/13/2022 11:41:14 PM Calculated day 591
06/13/2022 11:41:20 PM Calculated day 592
06/13/2022 11:41:27 PM Calculated day 593
06/13/2022 11:41:33 PM Calculated day 594
06/13/2022 11:41:39 PM Calculated day 595
06/13/2022 11:41:46 PM Calculated day 596
06/13/2022 11:41:52 PM Calculated day 597
06/13/2022 11:41:58 PM Calculated day 598
06/13/2022 11:42:05 PM Calculated day 599
06/13/2022 11:45:08 PM Saved data in /data/pbarpanda/spherical_SWE/evaluate_final_budget/transient_U_propagate_forcing_diff_Heq//dt_150_Q_forcing_10_forcing_y_0_Hmean_200_forcing_phase_speed_5_ms/U_up_days_217//H0_2500/
06/13/2022 11:45:10 PM  ========== CODE RAN SUCCESSFULLY, congrats! ================
06/13/2022 11:45:10 PM  -----> Total Time taken = 4001.823  <----
