06/13/2022 11:45:10 PM **********************************
06/13/2022 11:45:10 PM /data/pbarpanda/spherical_SWE/evaluate_final_budget/transient_U_propagate_forcing_diff_Heq//dt_150_Q_forcing_10_forcing_y_0_Hmean_200_forcing_phase_speed_15_ms/U_up_days_217/
06/13/2022 11:45:10 PM **********************************
06/13/2022 11:45:10 PM Calculated day 0
06/13/2022 11:45:16 PM Calculated day 1
06/13/2022 11:45:22 PM Calculated day 2
06/13/2022 11:45:29 PM Calculated day 3
06/13/2022 11:45:35 PM Calculated day 4
06/13/2022 11:45:42 PM Calculated day 5
06/13/2022 11:45:48 PM Calculated day 6
06/13/2022 11:45:54 PM Calculated day 7
06/13/2022 11:46:01 PM Calculated day 8
06/13/2022 11:46:07 PM Calculated day 9
06/13/2022 11:46:13 PM Calculated day 10
06/13/2022 11:46:20 PM Calculated day 11
06/13/2022 11:46:26 PM Calculated day 12
06/13/2022 11:46:33 PM Calculated day 13
06/13/2022 11:46:39 PM Calculated day 14
06/13/2022 11:46:45 PM Calculated day 15
06/13/2022 11:46:52 PM Calculated day 16
06/13/2022 11:46:58 PM Calculated day 17
06/13/2022 11:47:05 PM Calculated day 18
06/13/2022 11:47:11 PM Calculated day 19
06/13/2022 11:47:17 PM Calculated day 20
06/13/2022 11:47:24 PM Calculated day 21
06/13/2022 11:47:30 PM Calculated day 22
06/13/2022 11:47:36 PM Calculated day 23
06/13/2022 11:47:43 PM Calculated day 24
06/13/2022 11:47:49 PM Calculated day 25
06/13/2022 11:47:55 PM Calculated day 26
06/13/2022 11:48:02 PM Calculated day 27
06/13/2022 11:48:08 PM Calculated day 28
06/13/2022 11:48:14 PM Calculated day 29
06/13/2022 11:48:21 PM Calculated day 30
06/13/2022 11:48:27 PM Calculated day 31
06/13/2022 11:48:34 PM Calculated day 32
06/13/2022 11:48:40 PM Calculated day 33
06/13/2022 11:48:46 PM Calculated day 34
06/13/2022 11:48:53 PM Calculated day 35
06/13/2022 11:48:59 PM Calculated day 36
06/13/2022 11:49:05 PM Calculated day 37
06/13/2022 11:49:12 PM Calculated day 38
06/13/2022 11:49:18 PM Calculated day 39
06/13/2022 11:49:25 PM Calculated day 40
06/13/2022 11:49:31 PM Calculated day 41
06/13/2022 11:49:37 PM Calculated day 42
06/13/2022 11:49:44 PM Calculated day 43
06/13/2022 11:49:50 PM Calculated day 44
06/13/2022 11:49:56 PM Calculated day 45
06/13/2022 11:50:03 PM Calculated day 46
06/13/2022 11:50:09 PM Calculated day 47
06/13/2022 11:50:15 PM Calculated day 48
06/13/2022 11:50:22 PM Calculated day 49
06/13/2022 11:50:28 PM Calculated day 50
06/13/2022 11:50:35 PM Calculated day 51
06/13/2022 11:50:41 PM Calculated day 52
06/13/2022 11:50:47 PM Calculated day 53
06/13/2022 11:50:54 PM Calculated day 54
06/13/2022 11:51:00 PM Calculated day 55
06/13/2022 11:51:06 PM Calculated day 56
06/13/2022 11:51:13 PM Calculated day 57
06/13/2022 11:51:19 PM Calculated day 58
06/13/2022 11:51:26 PM Calculated day 59
06/13/2022 11:51:33 PM Calculated day 60
06/13/2022 11:51:40 PM Calculated day 61
06/13/2022 11:51:47 PM Calculated day 62
06/13/2022 11:51:54 PM Calculated day 63
06/13/2022 11:52:01 PM Calculated day 64
06/13/2022 11:52:08 PM Calculated day 65
06/13/2022 11:52:14 PM Calculated day 66
06/13/2022 11:52:21 PM Calculated day 67
06/13/2022 11:52:27 PM Calculated day 68
06/13/2022 11:52:33 PM Calculated day 69
06/13/2022 11:52:40 PM Calculated day 70
06/13/2022 11:52:46 PM Calculated day 71
06/13/2022 11:52:53 PM Calculated day 72
06/13/2022 11:52:59 PM Calculated day 73
06/13/2022 11:53:05 PM Calculated day 74
06/13/2022 11:53:12 PM Calculated day 75
06/13/2022 11:53:18 PM Calculated day 76
06/13/2022 11:53:24 PM Calculated day 77
06/13/2022 11:53:31 PM Calculated day 78
06/13/2022 11:53:37 PM Calculated day 79
06/13/2022 11:53:43 PM Calculated day 80
06/13/2022 11:53:50 PM Calculated day 81
06/13/2022 11:53:56 PM Calculated day 82
06/13/2022 11:54:02 PM Calculated day 83
06/13/2022 11:54:09 PM Calculated day 84
06/13/2022 11:54:15 PM Calculated day 85
06/13/2022 11:54:22 PM Calculated day 86
06/13/2022 11:54:28 PM Calculated day 87
06/13/2022 11:54:34 PM Calculated day 88
06/13/2022 11:54:41 PM Calculated day 89
06/13/2022 11:54:47 PM Calculated day 90
06/13/2022 11:54:53 PM Calculated day 91
06/13/2022 11:55:00 PM Calculated day 92
06/13/2022 11:55:06 PM Calculated day 93
06/13/2022 11:55:12 PM Calculated day 94
06/13/2022 11:55:19 PM Calculated day 95
06/13/2022 11:55:25 PM Calculated day 96
06/13/2022 11:55:31 PM Calculated day 97
06/13/2022 11:55:38 PM Calculated day 98
06/13/2022 11:55:44 PM Calculated day 99
06/13/2022 11:55:51 PM Calculated day 100
06/13/2022 11:55:57 PM Calculated day 101
06/13/2022 11:56:03 PM Calculated day 102
06/13/2022 11:56:10 PM Calculated day 103
06/13/2022 11:56:16 PM Calculated day 104
06/13/2022 11:56:22 PM Calculated day 105
06/13/2022 11:56:29 PM Calculated day 106
06/13/2022 11:56:35 PM Calculated day 107
06/13/2022 11:56:41 PM Calculated day 108
06/13/2022 11:56:48 PM Calculated day 109
06/13/2022 11:56:54 PM Calculated day 110
06/13/2022 11:57:01 PM Calculated day 111
06/13/2022 11:57:07 PM Calculated day 112
06/13/2022 11:57:13 PM Calculated day 113
06/13/2022 11:57:20 PM Calculated day 114
06/13/2022 11:57:26 PM Calculated day 115
06/13/2022 11:57:32 PM Calculated day 116
06/13/2022 11:57:39 PM Calculated day 117
06/13/2022 11:57:45 PM Calculated day 118
06/13/2022 11:57:52 PM Calculated day 119
06/13/2022 11:57:58 PM Calculated day 120
06/13/2022 11:58:04 PM Calculated day 121
06/13/2022 11:58:11 PM Calculated day 122
06/13/2022 11:58:17 PM Calculated day 123
06/13/2022 11:58:23 PM Calculated day 124
06/13/2022 11:58:30 PM Calculated day 125
06/13/2022 11:58:36 PM Calculated day 126
06/13/2022 11:58:43 PM Calculated day 127
06/13/2022 11:58:49 PM Calculated day 128
06/13/2022 11:58:55 PM Calculated day 129
06/13/2022 11:59:02 PM Calculated day 130
06/13/2022 11:59:08 PM Calculated day 131
06/13/2022 11:59:14 PM Calculated day 132
06/13/2022 11:59:21 PM Calculated day 133
06/13/2022 11:59:27 PM Calculated day 134
06/13/2022 11:59:33 PM Calculated day 135
06/13/2022 11:59:40 PM Calculated day 136
06/13/2022 11:59:46 PM Calculated day 137
06/13/2022 11:59:53 PM Calculated day 138
06/13/2022 11:59:59 PM Calculated day 139
06/14/2022 12:00:06 AM Calculated day 140
06/14/2022 12:00:13 AM Calculated day 141
06/14/2022 12:00:20 AM Calculated day 142
06/14/2022 12:00:27 AM Calculated day 143
06/14/2022 12:00:34 AM Calculated day 144
06/14/2022 12:00:41 AM Calculated day 145
06/14/2022 12:00:48 AM Calculated day 146
06/14/2022 12:00:55 AM Calculated day 147
06/14/2022 12:01:02 AM Calculated day 148
06/14/2022 12:01:09 AM Calculated day 149
06/14/2022 12:01:16 AM Calculated day 150
06/14/2022 12:01:23 AM Calculated day 151
06/14/2022 12:01:30 AM Calculated day 152
06/14/2022 12:01:37 AM Calculated day 153
06/14/2022 12:01:45 AM Calculated day 154
06/14/2022 12:01:52 AM Calculated day 155
06/14/2022 12:01:59 AM Calculated day 156
06/14/2022 12:02:06 AM Calculated day 157
06/14/2022 12:02:14 AM Calculated day 158
06/14/2022 12:02:21 AM Calculated day 159
06/14/2022 12:02:28 AM Calculated day 160
06/14/2022 12:02:35 AM Calculated day 161
06/14/2022 12:02:42 AM Calculated day 162
06/14/2022 12:02:50 AM Calculated day 163
06/14/2022 12:02:57 AM Calculated day 164
06/14/2022 12:03:04 AM Calculated day 165
06/14/2022 12:03:11 AM Calculated day 166
06/14/2022 12:03:19 AM Calculated day 167
06/14/2022 12:03:26 AM Calculated day 168
06/14/2022 12:03:33 AM Calculated day 169
06/14/2022 12:03:40 AM Calculated day 170
06/14/2022 12:03:47 AM Calculated day 171
06/14/2022 12:03:55 AM Calculated day 172
06/14/2022 12:04:02 AM Calculated day 173
06/14/2022 12:04:09 AM Calculated day 174
06/14/2022 12:04:16 AM Calculated day 175
06/14/2022 12:04:24 AM Calculated day 176
06/14/2022 12:04:31 AM Calculated day 177
06/14/2022 12:04:38 AM Calculated day 178
06/14/2022 12:04:45 AM Calculated day 179
06/14/2022 12:04:53 AM Calculated day 180
06/14/2022 12:05:00 AM Calculated day 181
06/14/2022 12:05:07 AM Calculated day 182
06/14/2022 12:05:15 AM Calculated day 183
06/14/2022 12:05:22 AM Calculated day 184
06/14/2022 12:05:29 AM Calculated day 185
06/14/2022 12:05:36 AM Calculated day 186
06/14/2022 12:05:44 AM Calculated day 187
06/14/2022 12:05:51 AM Calculated day 188
06/14/2022 12:05:58 AM Calculated day 189
06/14/2022 12:06:05 AM Calculated day 190
06/14/2022 12:06:13 AM Calculated day 191
06/14/2022 12:06:20 AM Calculated day 192
06/14/2022 12:06:27 AM Calculated day 193
06/14/2022 12:06:34 AM Calculated day 194
06/14/2022 12:06:42 AM Calculated day 195
06/14/2022 12:06:49 AM Calculated day 196
06/14/2022 12:06:56 AM Calculated day 197
06/14/2022 12:07:03 AM Calculated day 198
06/14/2022 12:07:11 AM Calculated day 199
06/14/2022 12:07:18 AM Calculated day 200
06/14/2022 12:07:25 AM Calculated day 201
06/14/2022 12:07:33 AM Calculated day 202
06/14/2022 12:07:40 AM Calculated day 203
06/14/2022 12:07:47 AM Calculated day 204
06/14/2022 12:07:54 AM Calculated day 205
06/14/2022 12:08:01 AM Calculated day 206
06/14/2022 12:08:09 AM Calculated day 207
06/14/2022 12:08:16 AM Calculated day 208
06/14/2022 12:08:23 AM Calculated day 209
06/14/2022 12:08:30 AM Calculated day 210
06/14/2022 12:08:38 AM Calculated day 211
06/14/2022 12:08:45 AM Calculated day 212
06/14/2022 12:08:52 AM Calculated day 213
06/14/2022 12:08:59 AM Calculated day 214
06/14/2022 12:09:07 AM Calculated day 215
06/14/2022 12:09:14 AM Calculated day 216
06/14/2022 12:09:22 AM Calculated day 217
06/14/2022 12:09:32 AM Calculated day 218
06/14/2022 12:09:40 AM Calculated day 219
06/14/2022 12:09:47 AM Calculated day 220
06/14/2022 12:09:54 AM Calculated day 221
06/14/2022 12:10:01 AM Calculated day 222
06/14/2022 12:10:08 AM Calculated day 223
06/14/2022 12:10:15 AM Calculated day 224
06/14/2022 12:10:23 AM Calculated day 225
06/14/2022 12:10:30 AM Calculated day 226
06/14/2022 12:10:37 AM Calculated day 227
06/14/2022 12:10:44 AM Calculated day 228
06/14/2022 12:10:51 AM Calculated day 229
06/14/2022 12:10:59 AM Calculated day 230
06/14/2022 12:11:06 AM Calculated day 231
06/14/2022 12:11:13 AM Calculated day 232
06/14/2022 12:11:20 AM Calculated day 233
06/14/2022 12:11:27 AM Calculated day 234
06/14/2022 12:11:34 AM Calculated day 235
06/14/2022 12:11:41 AM Calculated day 236
06/14/2022 12:11:49 AM Calculated day 237
06/14/2022 12:11:56 AM Calculated day 238
06/14/2022 12:12:03 AM Calculated day 239
06/14/2022 12:12:10 AM Calculated day 240
06/14/2022 12:12:17 AM Calculated day 241
06/14/2022 12:12:25 AM Calculated day 242
06/14/2022 12:12:32 AM Calculated day 243
06/14/2022 12:12:39 AM Calculated day 244
06/14/2022 12:12:46 AM Calculated day 245
06/14/2022 12:12:53 AM Calculated day 246
06/14/2022 12:13:01 AM Calculated day 247
06/14/2022 12:13:08 AM Calculated day 248
06/14/2022 12:13:15 AM Calculated day 249
06/14/2022 12:13:22 AM Calculated day 250
06/14/2022 12:13:29 AM Calculated day 251
06/14/2022 12:13:37 AM Calculated day 252
06/14/2022 12:13:44 AM Calculated day 253
06/14/2022 12:13:51 AM Calculated day 254
06/14/2022 12:13:58 AM Calculated day 255
06/14/2022 12:14:05 AM Calculated day 256
06/14/2022 12:14:12 AM Calculated day 257
06/14/2022 12:14:19 AM Calculated day 258
06/14/2022 12:14:26 AM Calculated day 259
06/14/2022 12:14:33 AM Calculated day 260
06/14/2022 12:14:40 AM Calculated day 261
06/14/2022 12:14:47 AM Calculated day 262
06/14/2022 12:14:54 AM Calculated day 263
06/14/2022 12:15:01 AM Calculated day 264
06/14/2022 12:15:08 AM Calculated day 265
06/14/2022 12:15:15 AM Calculated day 266
06/14/2022 12:15:22 AM Calculated day 267
06/14/2022 12:15:29 AM Calculated day 268
06/14/2022 12:15:36 AM Calculated day 269
06/14/2022 12:15:43 AM Calculated day 270
06/14/2022 12:15:50 AM Calculated day 271
06/14/2022 12:15:56 AM Calculated day 272
06/14/2022 12:16:03 AM Calculated day 273
06/14/2022 12:16:10 AM Calculated day 274
06/14/2022 12:16:17 AM Calculated day 275
06/14/2022 12:16:24 AM Calculated day 276
06/14/2022 12:16:31 AM Calculated day 277
06/14/2022 12:16:38 AM Calculated day 278
06/14/2022 12:16:44 AM Calculated day 279
06/14/2022 12:16:51 AM Calculated day 280
06/14/2022 12:16:58 AM Calculated day 281
06/14/2022 12:17:05 AM Calculated day 282
06/14/2022 12:17:12 AM Calculated day 283
06/14/2022 12:17:19 AM Calculated day 284
06/14/2022 12:17:26 AM Calculated day 285
06/14/2022 12:17:33 AM Calculated day 286
06/14/2022 12:17:39 AM Calculated day 287
06/14/2022 12:17:46 AM Calculated day 288
06/14/2022 12:17:53 AM Calculated day 289
06/14/2022 12:18:00 AM Calculated day 290
06/14/2022 12:18:07 AM Calculated day 291
06/14/2022 12:18:14 AM Calculated day 292
06/14/2022 12:18:21 AM Calculated day 293
06/14/2022 12:18:27 AM Calculated day 294
06/14/2022 12:18:34 AM Calculated day 295
06/14/2022 12:18:41 AM Calculated day 296
06/14/2022 12:18:48 AM Calculated day 297
06/14/2022 12:18:55 AM Calculated day 298
06/14/2022 12:19:02 AM Calculated day 299
06/14/2022 12:19:09 AM Calculated day 300
06/14/2022 12:19:16 AM Calculated day 301
06/14/2022 12:19:22 AM Calculated day 302
06/14/2022 12:19:29 AM Calculated day 303
06/14/2022 12:19:36 AM Calculated day 304
06/14/2022 12:19:43 AM Calculated day 305
06/14/2022 12:19:50 AM Calculated day 306
06/14/2022 12:19:57 AM Calculated day 307
06/14/2022 12:20:04 AM Calculated day 308
06/14/2022 12:20:11 AM Calculated day 309
06/14/2022 12:20:17 AM Calculated day 310
06/14/2022 12:20:24 AM Calculated day 311
06/14/2022 12:20:31 AM Calculated day 312
06/14/2022 12:20:38 AM Calculated day 313
06/14/2022 12:20:45 AM Calculated day 314
06/14/2022 12:20:52 AM Calculated day 315
06/14/2022 12:20:59 AM Calculated day 316
06/14/2022 12:21:05 AM Calculated day 317
06/14/2022 12:21:12 AM Calculated day 318
06/14/2022 12:21:19 AM Calculated day 319
06/14/2022 12:21:26 AM Calculated day 320
06/14/2022 12:21:33 AM Calculated day 321
06/14/2022 12:21:40 AM Calculated day 322
06/14/2022 12:21:47 AM Calculated day 323
06/14/2022 12:21:54 AM Calculated day 324
06/14/2022 12:22:00 AM Calculated day 325
06/14/2022 12:22:08 AM Calculated day 326
06/14/2022 12:22:15 AM Calculated day 327
06/14/2022 12:22:22 AM Calculated day 328
06/14/2022 12:22:29 AM Calculated day 329
06/14/2022 12:22:36 AM Calculated day 330
06/14/2022 12:22:43 AM Calculated day 331
06/14/2022 12:22:50 AM Calculated day 332
06/14/2022 12:22:57 AM Calculated day 333
06/14/2022 12:23:03 AM Calculated day 334
06/14/2022 12:23:10 AM Calculated day 335
06/14/2022 12:23:17 AM Calculated day 336
06/14/2022 12:23:24 AM Calculated day 337
06/14/2022 12:23:31 AM Calculated day 338
06/14/2022 12:23:38 AM Calculated day 339
06/14/2022 12:23:45 AM Calculated day 340
06/14/2022 12:23:52 AM Calculated day 341
06/14/2022 12:23:58 AM Calculated day 342
06/14/2022 12:24:05 AM Calculated day 343
06/14/2022 12:24:12 AM Calculated day 344
06/14/2022 12:24:19 AM Calculated day 345
06/14/2022 12:24:26 AM Calculated day 346
06/14/2022 12:24:33 AM Calculated day 347
06/14/2022 12:24:40 AM Calculated day 348
06/14/2022 12:24:47 AM Calculated day 349
06/14/2022 12:24:54 AM Calculated day 350
06/14/2022 12:25:01 AM Calculated day 351
06/14/2022 12:25:08 AM Calculated day 352
06/14/2022 12:25:15 AM Calculated day 353
06/14/2022 12:25:22 AM Calculated day 354
06/14/2022 12:25:29 AM Calculated day 355
06/14/2022 12:25:36 AM Calculated day 356
06/14/2022 12:25:43 AM Calculated day 357
06/14/2022 12:25:50 AM Calculated day 358
06/14/2022 12:25:57 AM Calculated day 359
06/14/2022 12:26:04 AM Calculated day 360
06/14/2022 12:26:11 AM Calculated day 361
06/14/2022 12:26:17 AM Calculated day 362
06/14/2022 12:26:24 AM Calculated day 363
06/14/2022 12:26:31 AM Calculated day 364
06/14/2022 12:26:38 AM Calculated day 365
06/14/2022 12:26:45 AM Calculated day 366
06/14/2022 12:26:52 AM Calculated day 367
06/14/2022 12:26:59 AM Calculated day 368
06/14/2022 12:27:06 AM Calculated day 369
06/14/2022 12:27:13 AM Calculated day 370
06/14/2022 12:27:19 AM Calculated day 371
06/14/2022 12:27:26 AM Calculated day 372
06/14/2022 12:27:33 AM Calculated day 373
06/14/2022 12:27:40 AM Calculated day 374
06/14/2022 12:27:47 AM Calculated day 375
06/14/2022 12:27:54 AM Calculated day 376
06/14/2022 12:28:01 AM Calculated day 377
06/14/2022 12:28:08 AM Calculated day 378
06/14/2022 12:28:15 AM Calculated day 379
06/14/2022 12:28:22 AM Calculated day 380
06/14/2022 12:28:28 AM Calculated day 381
06/14/2022 12:28:35 AM Calculated day 382
06/14/2022 12:28:42 AM Calculated day 383
06/14/2022 12:28:49 AM Calculated day 384
06/14/2022 12:28:56 AM Calculated day 385
06/14/2022 12:29:03 AM Calculated day 386
06/14/2022 12:29:09 AM Calculated day 387
06/14/2022 12:29:15 AM Calculated day 388
06/14/2022 12:29:22 AM Calculated day 389
06/14/2022 12:29:28 AM Calculated day 390
06/14/2022 12:29:35 AM Calculated day 391
06/14/2022 12:29:41 AM Calculated day 392
06/14/2022 12:29:47 AM Calculated day 393
06/14/2022 12:29:54 AM Calculated day 394
06/14/2022 12:30:00 AM Calculated day 395
06/14/2022 12:30:07 AM Calculated day 396
06/14/2022 12:30:13 AM Calculated day 397
06/14/2022 12:30:19 AM Calculated day 398
06/14/2022 12:30:26 AM Calculated day 399
06/14/2022 12:30:32 AM Calculated day 400
06/14/2022 12:30:39 AM Calculated day 401
06/14/2022 12:30:45 AM Calculated day 402
06/14/2022 12:30:51 AM Calculated day 403
06/14/2022 12:30:58 AM Calculated day 404
06/14/2022 12:31:04 AM Calculated day 405
06/14/2022 12:31:10 AM Calculated day 406
06/14/2022 12:31:17 AM Calculated day 407
06/14/2022 12:31:23 AM Calculated day 408
06/14/2022 12:31:29 AM Calculated day 409
06/14/2022 12:31:36 AM Calculated day 410
06/14/2022 12:31:42 AM Calculated day 411
06/14/2022 12:31:49 AM Calculated day 412
06/14/2022 12:31:55 AM Calculated day 413
06/14/2022 12:32:01 AM Calculated day 414
06/14/2022 12:32:08 AM Calculated day 415
06/14/2022 12:32:14 AM Calculated day 416
06/14/2022 12:32:20 AM Calculated day 417
06/14/2022 12:32:27 AM Calculated day 418
06/14/2022 12:32:33 AM Calculated day 419
06/14/2022 12:32:40 AM Calculated day 420
06/14/2022 12:32:46 AM Calculated day 421
06/14/2022 12:32:52 AM Calculated day 422
06/14/2022 12:32:59 AM Calculated day 423
06/14/2022 12:33:05 AM Calculated day 424
06/14/2022 12:33:11 AM Calculated day 425
06/14/2022 12:33:18 AM Calculated day 426
06/14/2022 12:33:24 AM Calculated day 427
06/14/2022 12:33:30 AM Calculated day 428
06/14/2022 12:33:37 AM Calculated day 429
06/14/2022 12:33:43 AM Calculated day 430
06/14/2022 12:33:50 AM Calculated day 431
06/14/2022 12:33:56 AM Calculated day 432
06/14/2022 12:34:02 AM Calculated day 433
06/14/2022 12:34:09 AM Calculated day 434
06/14/2022 12:34:15 AM Calculated day 435
06/14/2022 12:34:21 AM Calculated day 436
06/14/2022 12:34:28 AM Calculated day 437
06/14/2022 12:34:34 AM Calculated day 438
06/14/2022 12:34:41 AM Calculated day 439
06/14/2022 12:34:47 AM Calculated day 440
06/14/2022 12:34:53 AM Calculated day 441
06/14/2022 12:35:00 AM Calculated day 442
06/14/2022 12:35:06 AM Calculated day 443
06/14/2022 12:35:12 AM Calculated day 444
06/14/2022 12:35:19 AM Calculated day 445
06/14/2022 12:35:25 AM Calculated day 446
06/14/2022 12:35:31 AM Calculated day 447
06/14/2022 12:35:38 AM Calculated day 448
06/14/2022 12:35:44 AM Calculated day 449
06/14/2022 12:35:51 AM Calculated day 450
06/14/2022 12:35:57 AM Calculated day 451
06/14/2022 12:36:03 AM Calculated day 452
06/14/2022 12:36:10 AM Calculated day 453
06/14/2022 12:36:16 AM Calculated day 454
06/14/2022 12:36:22 AM Calculated day 455
06/14/2022 12:36:29 AM Calculated day 456
06/14/2022 12:36:35 AM Calculated day 457
06/14/2022 12:36:42 AM Calculated day 458
06/14/2022 12:36:48 AM Calculated day 459
06/14/2022 12:36:54 AM Calculated day 460
06/14/2022 12:37:01 AM Calculated day 461
06/14/2022 12:37:07 AM Calculated day 462
06/14/2022 12:37:13 AM Calculated day 463
06/14/2022 12:37:20 AM Calculated day 464
06/14/2022 12:37:26 AM Calculated day 465
06/14/2022 12:37:33 AM Calculated day 466
06/14/2022 12:37:39 AM Calculated day 467
06/14/2022 12:37:45 AM Calculated day 468
06/14/2022 12:37:52 AM Calculated day 469
06/14/2022 12:37:58 AM Calculated day 470
06/14/2022 12:38:04 AM Calculated day 471
06/14/2022 12:38:11 AM Calculated day 472
06/14/2022 12:38:17 AM Calculated day 473
06/14/2022 12:38:24 AM Calculated day 474
06/14/2022 12:38:30 AM Calculated day 475
06/14/2022 12:38:36 AM Calculated day 476
06/14/2022 12:38:43 AM Calculated day 477
06/14/2022 12:38:49 AM Calculated day 478
06/14/2022 12:38:55 AM Calculated day 479
06/14/2022 12:39:02 AM Calculated day 480
06/14/2022 12:39:08 AM Calculated day 481
06/14/2022 12:39:15 AM Calculated day 482
06/14/2022 12:39:21 AM Calculated day 483
06/14/2022 12:39:27 AM Calculated day 484
06/14/2022 12:39:34 AM Calculated day 485
06/14/2022 12:39:40 AM Calculated day 486
06/14/2022 12:39:46 AM Calculated day 487
06/14/2022 12:39:53 AM Calculated day 488
06/14/2022 12:39:59 AM Calculated day 489
06/14/2022 12:40:06 AM Calculated day 490
06/14/2022 12:40:12 AM Calculated day 491
06/14/2022 12:40:18 AM Calculated day 492
06/14/2022 12:40:25 AM Calculated day 493
06/14/2022 12:40:31 AM Calculated day 494
06/14/2022 12:40:37 AM Calculated day 495
06/14/2022 12:40:44 AM Calculated day 496
06/14/2022 12:40:50 AM Calculated day 497
06/14/2022 12:40:57 AM Calculated day 498
06/14/2022 12:41:03 AM Calculated day 499
06/14/2022 12:41:09 AM Calculated day 500
06/14/2022 12:41:16 AM Calculated day 501
06/14/2022 12:41:22 AM Calculated day 502
06/14/2022 12:41:28 AM Calculated day 503
06/14/2022 12:41:35 AM Calculated day 504
06/14/2022 12:41:41 AM Calculated day 505
06/14/2022 12:41:48 AM Calculated day 506
06/14/2022 12:41:54 AM Calculated day 507
06/14/2022 12:42:00 AM Calculated day 508
06/14/2022 12:42:07 AM Calculated day 509
06/14/2022 12:42:13 AM Calculated day 510
06/14/2022 12:42:19 AM Calculated day 511
06/14/2022 12:42:26 AM Calculated day 512
06/14/2022 12:42:32 AM Calculated day 513
06/14/2022 12:42:39 AM Calculated day 514
06/14/2022 12:42:45 AM Calculated day 515
06/14/2022 12:42:51 AM Calculated day 516
06/14/2022 12:42:58 AM Calculated day 517
06/14/2022 12:43:04 AM Calculated day 518
06/14/2022 12:43:10 AM Calculated day 519
06/14/2022 12:43:17 AM Calculated day 520
06/14/2022 12:43:23 AM Calculated day 521
06/14/2022 12:43:29 AM Calculated day 522
06/14/2022 12:43:36 AM Calculated day 523
06/14/2022 12:43:42 AM Calculated day 524
06/14/2022 12:43:49 AM Calculated day 525
06/14/2022 12:43:55 AM Calculated day 526
06/14/2022 12:44:01 AM Calculated day 527
06/14/2022 12:44:08 AM Calculated day 528
06/14/2022 12:44:14 AM Calculated day 529
06/14/2022 12:44:21 AM Calculated day 530
06/14/2022 12:44:27 AM Calculated day 531
06/14/2022 12:44:33 AM Calculated day 532
06/14/2022 12:44:40 AM Calculated day 533
06/14/2022 12:44:46 AM Calculated day 534
06/14/2022 12:44:52 AM Calculated day 535
06/14/2022 12:44:59 AM Calculated day 536
06/14/2022 12:45:05 AM Calculated day 537
06/14/2022 12:45:11 AM Calculated day 538
06/14/2022 12:45:18 AM Calculated day 539
06/14/2022 12:45:24 AM Calculated day 540
06/14/2022 12:45:31 AM Calculated day 541
06/14/2022 12:45:37 AM Calculated day 542
06/14/2022 12:45:43 AM Calculated day 543
06/14/2022 12:45:50 AM Calculated day 544
06/14/2022 12:45:56 AM Calculated day 545
06/14/2022 12:46:02 AM Calculated day 546
06/14/2022 12:46:09 AM Calculated day 547
06/14/2022 12:46:15 AM Calculated day 548
06/14/2022 12:46:22 AM Calculated day 549
06/14/2022 12:46:28 AM Calculated day 550
06/14/2022 12:46:34 AM Calculated day 551
06/14/2022 12:46:41 AM Calculated day 552
06/14/2022 12:46:47 AM Calculated day 553
06/14/2022 12:46:53 AM Calculated day 554
06/14/2022 12:47:00 AM Calculated day 555
06/14/2022 12:47:06 AM Calculated day 556
06/14/2022 12:47:13 AM Calculated day 557
06/14/2022 12:47:19 AM Calculated day 558
06/14/2022 12:47:26 AM Calculated day 559
06/14/2022 12:47:33 AM Calculated day 560
06/14/2022 12:47:40 AM Calculated day 561
06/14/2022 12:47:47 AM Calculated day 562
06/14/2022 12:47:54 AM Calculated day 563
06/14/2022 12:48:01 AM Calculated day 564
06/14/2022 12:48:08 AM Calculated day 565
06/14/2022 12:48:14 AM Calculated day 566
06/14/2022 12:48:21 AM Calculated day 567
06/14/2022 12:48:27 AM Calculated day 568
06/14/2022 12:48:34 AM Calculated day 569
06/14/2022 12:48:40 AM Calculated day 570
06/14/2022 12:48:46 AM Calculated day 571
06/14/2022 12:48:53 AM Calculated day 572
06/14/2022 12:48:59 AM Calculated day 573
06/14/2022 12:49:06 AM Calculated day 574
06/14/2022 12:49:12 AM Calculated day 575
06/14/2022 12:49:18 AM Calculated day 576
06/14/2022 12:49:25 AM Calculated day 577
06/14/2022 12:49:31 AM Calculated day 578
06/14/2022 12:49:38 AM Calculated day 579
06/14/2022 12:49:44 AM Calculated day 580
06/14/2022 12:49:50 AM Calculated day 581
06/14/2022 12:49:57 AM Calculated day 582
06/14/2022 12:50:03 AM Calculated day 583
06/14/2022 12:50:10 AM Calculated day 584
06/14/2022 12:50:16 AM Calculated day 585
06/14/2022 12:50:22 AM Calculated day 586
06/14/2022 12:50:29 AM Calculated day 587
06/14/2022 12:50:35 AM Calculated day 588
06/14/2022 12:50:41 AM Calculated day 589
06/14/2022 12:50:48 AM Calculated day 590
06/14/2022 12:50:54 AM Calculated day 591
06/14/2022 12:51:00 AM Calculated day 592
06/14/2022 12:51:07 AM Calculated day 593
06/14/2022 12:51:13 AM Calculated day 594
06/14/2022 12:51:20 AM Calculated day 595
06/14/2022 12:51:26 AM Calculated day 596
06/14/2022 12:51:32 AM Calculated day 597
06/14/2022 12:51:39 AM Calculated day 598
06/14/2022 12:51:45 AM Calculated day 599
06/14/2022 12:54:46 AM Saved data in /data/pbarpanda/spherical_SWE/evaluate_final_budget/transient_U_propagate_forcing_diff_Heq//dt_150_Q_forcing_10_forcing_y_0_Hmean_200_forcing_phase_speed_15_ms/U_up_days_217//H0_2500/
06/14/2022 12:54:47 AM  ========== CODE RAN SUCCESSFULLY, congrats! ================
06/14/2022 12:54:47 AM  -----> Total Time taken = 4177.410  <----
