06/20/2022 11:39:30 PM **********************************
06/20/2022 11:39:30 PM /data/pbarpanda/spherical_SWE/evaluate_final_budget/transient_U_propagate_forcing_diff_Heq//dt_150_Q_forcing_10_forcing_y_0_Hmean_500_forcing_phase_speed_80_ms/U_up_days_800/
06/20/2022 11:39:30 PM **********************************
06/20/2022 11:39:30 PM Calculated day 0
06/20/2022 11:39:37 PM Calculated day 1
06/20/2022 11:39:43 PM Calculated day 2
06/20/2022 11:39:49 PM Calculated day 3
06/20/2022 11:39:56 PM Calculated day 4
06/20/2022 11:40:02 PM Calculated day 5
06/20/2022 11:40:09 PM Calculated day 6
06/20/2022 11:40:15 PM Calculated day 7
06/20/2022 11:40:21 PM Calculated day 8
06/20/2022 11:40:28 PM Calculated day 9
06/20/2022 11:40:34 PM Calculated day 10
06/20/2022 11:40:41 PM Calculated day 11
06/20/2022 11:40:47 PM Calculated day 12
06/20/2022 11:40:54 PM Calculated day 13
06/20/2022 11:41:00 PM Calculated day 14
06/20/2022 11:41:07 PM Calculated day 15
06/20/2022 11:41:13 PM Calculated day 16
06/20/2022 11:41:19 PM Calculated day 17
06/20/2022 11:41:26 PM Calculated day 18
06/20/2022 11:41:32 PM Calculated day 19
06/20/2022 11:41:38 PM Calculated day 20
06/20/2022 11:41:45 PM Calculated day 21
06/20/2022 11:41:51 PM Calculated day 22
06/20/2022 11:41:58 PM Calculated day 23
06/20/2022 11:42:04 PM Calculated day 24
06/20/2022 11:42:10 PM Calculated day 25
06/20/2022 11:42:17 PM Calculated day 26
06/20/2022 11:42:23 PM Calculated day 27
06/20/2022 11:42:30 PM Calculated day 28
06/20/2022 11:42:36 PM Calculated day 29
06/20/2022 11:42:42 PM Calculated day 30
06/20/2022 11:42:49 PM Calculated day 31
06/20/2022 11:42:55 PM Calculated day 32
06/20/2022 11:43:01 PM Calculated day 33
06/20/2022 11:43:08 PM Calculated day 34
06/20/2022 11:43:14 PM Calculated day 35
06/20/2022 11:43:20 PM Calculated day 36
06/20/2022 11:43:27 PM Calculated day 37
06/20/2022 11:43:33 PM Calculated day 38
06/20/2022 11:43:39 PM Calculated day 39
06/20/2022 11:43:46 PM Calculated day 40
06/20/2022 11:43:52 PM Calculated day 41
06/20/2022 11:43:58 PM Calculated day 42
06/20/2022 11:44:05 PM Calculated day 43
06/20/2022 11:44:11 PM Calculated day 44
06/20/2022 11:44:18 PM Calculated day 45
06/20/2022 11:44:24 PM Calculated day 46
06/20/2022 11:44:30 PM Calculated day 47
06/20/2022 11:44:37 PM Calculated day 48
06/20/2022 11:44:43 PM Calculated day 49
06/20/2022 11:44:49 PM Calculated day 50
06/20/2022 11:44:56 PM Calculated day 51
06/20/2022 11:45:02 PM Calculated day 52
06/20/2022 11:45:08 PM Calculated day 53
06/20/2022 11:45:15 PM Calculated day 54
06/20/2022 11:45:21 PM Calculated day 55
06/20/2022 11:45:27 PM Calculated day 56
06/20/2022 11:45:34 PM Calculated day 57
06/20/2022 11:45:40 PM Calculated day 58
06/20/2022 11:45:47 PM Calculated day 59
06/20/2022 11:45:53 PM Calculated day 60
06/20/2022 11:45:59 PM Calculated day 61
06/20/2022 11:46:06 PM Calculated day 62
06/20/2022 11:46:12 PM Calculated day 63
06/20/2022 11:46:19 PM Calculated day 64
06/20/2022 11:46:25 PM Calculated day 65
06/20/2022 11:46:31 PM Calculated day 66
06/20/2022 11:46:38 PM Calculated day 67
06/20/2022 11:46:44 PM Calculated day 68
06/20/2022 11:46:50 PM Calculated day 69
06/20/2022 11:46:57 PM Calculated day 70
06/20/2022 11:47:03 PM Calculated day 71
06/20/2022 11:47:09 PM Calculated day 72
06/20/2022 11:47:16 PM Calculated day 73
06/20/2022 11:47:22 PM Calculated day 74
06/20/2022 11:47:29 PM Calculated day 75
06/20/2022 11:47:35 PM Calculated day 76
06/20/2022 11:47:41 PM Calculated day 77
06/20/2022 11:47:48 PM Calculated day 78
06/20/2022 11:47:54 PM Calculated day 79
06/20/2022 11:48:00 PM Calculated day 80
06/20/2022 11:48:07 PM Calculated day 81
06/20/2022 11:48:13 PM Calculated day 82
06/20/2022 11:48:19 PM Calculated day 83
06/20/2022 11:48:26 PM Calculated day 84
06/20/2022 11:48:32 PM Calculated day 85
06/20/2022 11:48:38 PM Calculated day 86
06/20/2022 11:48:45 PM Calculated day 87
06/20/2022 11:48:51 PM Calculated day 88
06/20/2022 11:48:58 PM Calculated day 89
06/20/2022 11:49:04 PM Calculated day 90
06/20/2022 11:49:10 PM Calculated day 91
06/20/2022 11:49:17 PM Calculated day 92
06/20/2022 11:49:23 PM Calculated day 93
06/20/2022 11:49:29 PM Calculated day 94
06/20/2022 11:49:36 PM Calculated day 95
06/20/2022 11:49:42 PM Calculated day 96
06/20/2022 11:49:48 PM Calculated day 97
06/20/2022 11:49:55 PM Calculated day 98
06/20/2022 11:50:01 PM Calculated day 99
06/20/2022 11:50:07 PM Calculated day 100
06/20/2022 11:50:14 PM Calculated day 101
06/20/2022 11:50:20 PM Calculated day 102
06/20/2022 11:50:27 PM Calculated day 103
06/20/2022 11:50:33 PM Calculated day 104
06/20/2022 11:50:39 PM Calculated day 105
06/20/2022 11:50:46 PM Calculated day 106
06/20/2022 11:50:52 PM Calculated day 107
06/20/2022 11:50:58 PM Calculated day 108
06/20/2022 11:51:05 PM Calculated day 109
06/20/2022 11:51:11 PM Calculated day 110
06/20/2022 11:51:17 PM Calculated day 111
06/20/2022 11:51:24 PM Calculated day 112
06/20/2022 11:51:30 PM Calculated day 113
06/20/2022 11:51:36 PM Calculated day 114
06/20/2022 11:51:43 PM Calculated day 115
06/20/2022 11:51:49 PM Calculated day 116
06/20/2022 11:51:56 PM Calculated day 117
06/20/2022 11:52:03 PM Calculated day 118
06/20/2022 11:52:10 PM Calculated day 119
06/20/2022 11:52:17 PM Calculated day 120
06/20/2022 11:52:24 PM Calculated day 121
06/20/2022 11:52:31 PM Calculated day 122
06/20/2022 11:52:37 PM Calculated day 123
06/20/2022 11:52:44 PM Calculated day 124
06/20/2022 11:52:51 PM Calculated day 125
06/20/2022 11:52:57 PM Calculated day 126
06/20/2022 11:53:04 PM Calculated day 127
06/20/2022 11:53:10 PM Calculated day 128
06/20/2022 11:53:16 PM Calculated day 129
06/20/2022 11:53:23 PM Calculated day 130
06/20/2022 11:53:29 PM Calculated day 131
06/20/2022 11:53:35 PM Calculated day 132
06/20/2022 11:53:42 PM Calculated day 133
06/20/2022 11:53:48 PM Calculated day 134
06/20/2022 11:53:54 PM Calculated day 135
06/20/2022 11:54:01 PM Calculated day 136
06/20/2022 11:54:07 PM Calculated day 137
06/20/2022 11:54:14 PM Calculated day 138
06/20/2022 11:54:20 PM Calculated day 139
06/20/2022 11:54:26 PM Calculated day 140
06/20/2022 11:54:33 PM Calculated day 141
06/20/2022 11:54:39 PM Calculated day 142
06/20/2022 11:54:45 PM Calculated day 143
06/20/2022 11:54:52 PM Calculated day 144
06/20/2022 11:54:58 PM Calculated day 145
06/20/2022 11:55:04 PM Calculated day 146
06/20/2022 11:55:11 PM Calculated day 147
06/20/2022 11:55:17 PM Calculated day 148
06/20/2022 11:55:23 PM Calculated day 149
06/20/2022 11:55:30 PM Calculated day 150
06/20/2022 11:55:37 PM Calculated day 151
06/20/2022 11:55:43 PM Calculated day 152
06/20/2022 11:55:50 PM Calculated day 153
06/20/2022 11:55:57 PM Calculated day 154
06/20/2022 11:56:04 PM Calculated day 155
06/20/2022 11:56:10 PM Calculated day 156
06/20/2022 11:56:17 PM Calculated day 157
06/20/2022 11:56:24 PM Calculated day 158
06/20/2022 11:56:31 PM Calculated day 159
06/20/2022 11:56:38 PM Calculated day 160
06/20/2022 11:56:44 PM Calculated day 161
06/20/2022 11:56:50 PM Calculated day 162
06/20/2022 11:56:57 PM Calculated day 163
06/20/2022 11:57:03 PM Calculated day 164
06/20/2022 11:57:09 PM Calculated day 165
06/20/2022 11:57:16 PM Calculated day 166
06/20/2022 11:57:22 PM Calculated day 167
06/20/2022 11:57:28 PM Calculated day 168
06/20/2022 11:57:35 PM Calculated day 169
06/20/2022 11:57:41 PM Calculated day 170
06/20/2022 11:57:47 PM Calculated day 171
06/20/2022 11:57:54 PM Calculated day 172
06/20/2022 11:58:00 PM Calculated day 173
06/20/2022 11:58:07 PM Calculated day 174
06/20/2022 11:58:13 PM Calculated day 175
06/20/2022 11:58:19 PM Calculated day 176
06/20/2022 11:58:26 PM Calculated day 177
06/20/2022 11:58:32 PM Calculated day 178
06/20/2022 11:58:38 PM Calculated day 179
06/20/2022 11:58:45 PM Calculated day 180
06/20/2022 11:58:51 PM Calculated day 181
06/20/2022 11:58:58 PM Calculated day 182
06/20/2022 11:59:04 PM Calculated day 183
06/20/2022 11:59:10 PM Calculated day 184
06/20/2022 11:59:17 PM Calculated day 185
06/20/2022 11:59:23 PM Calculated day 186
06/20/2022 11:59:29 PM Calculated day 187
06/20/2022 11:59:36 PM Calculated day 188
06/20/2022 11:59:42 PM Calculated day 189
06/20/2022 11:59:48 PM Calculated day 190
06/20/2022 11:59:55 PM Calculated day 191
06/21/2022 12:00:01 AM Calculated day 192
06/21/2022 12:00:08 AM Calculated day 193
06/21/2022 12:00:16 AM Calculated day 194
06/21/2022 12:00:23 AM Calculated day 195
06/21/2022 12:00:30 AM Calculated day 196
06/21/2022 12:00:37 AM Calculated day 197
06/21/2022 12:00:44 AM Calculated day 198
06/21/2022 12:00:50 AM Calculated day 199
06/21/2022 12:00:57 AM Calculated day 200
06/21/2022 12:01:04 AM Calculated day 201
06/21/2022 12:01:11 AM Calculated day 202
06/21/2022 12:01:18 AM Calculated day 203
06/21/2022 12:01:25 AM Calculated day 204
06/21/2022 12:01:33 AM Calculated day 205
06/21/2022 12:01:40 AM Calculated day 206
06/21/2022 12:01:47 AM Calculated day 207
06/21/2022 12:01:54 AM Calculated day 208
06/21/2022 12:02:01 AM Calculated day 209
06/21/2022 12:02:08 AM Calculated day 210
06/21/2022 12:02:15 AM Calculated day 211
06/21/2022 12:02:23 AM Calculated day 212
06/21/2022 12:02:30 AM Calculated day 213
06/21/2022 12:02:37 AM Calculated day 214
06/21/2022 12:02:44 AM Calculated day 215
06/21/2022 12:02:51 AM Calculated day 216
06/21/2022 12:02:58 AM Calculated day 217
06/21/2022 12:03:06 AM Calculated day 218
06/21/2022 12:03:13 AM Calculated day 219
06/21/2022 12:03:20 AM Calculated day 220
06/21/2022 12:03:27 AM Calculated day 221
06/21/2022 12:03:34 AM Calculated day 222
06/21/2022 12:03:41 AM Calculated day 223
06/21/2022 12:03:49 AM Calculated day 224
06/21/2022 12:03:56 AM Calculated day 225
06/21/2022 12:04:03 AM Calculated day 226
06/21/2022 12:04:11 AM Calculated day 227
06/21/2022 12:04:18 AM Calculated day 228
06/21/2022 12:04:25 AM Calculated day 229
06/21/2022 12:04:32 AM Calculated day 230
06/21/2022 12:04:40 AM Calculated day 231
06/21/2022 12:04:47 AM Calculated day 232
06/21/2022 12:04:54 AM Calculated day 233
06/21/2022 12:05:01 AM Calculated day 234
06/21/2022 12:05:09 AM Calculated day 235
06/21/2022 12:05:16 AM Calculated day 236
06/21/2022 12:05:23 AM Calculated day 237
06/21/2022 12:05:30 AM Calculated day 238
06/21/2022 12:05:38 AM Calculated day 239
06/21/2022 12:05:45 AM Calculated day 240
06/21/2022 12:05:52 AM Calculated day 241
06/21/2022 12:05:59 AM Calculated day 242
06/21/2022 12:06:06 AM Calculated day 243
06/21/2022 12:06:14 AM Calculated day 244
06/21/2022 12:06:21 AM Calculated day 245
06/21/2022 12:06:28 AM Calculated day 246
06/21/2022 12:06:35 AM Calculated day 247
06/21/2022 12:06:42 AM Calculated day 248
06/21/2022 12:06:50 AM Calculated day 249
06/21/2022 12:06:57 AM Calculated day 250
06/21/2022 12:07:04 AM Calculated day 251
06/21/2022 12:07:11 AM Calculated day 252
06/21/2022 12:07:18 AM Calculated day 253
06/21/2022 12:07:26 AM Calculated day 254
06/21/2022 12:07:33 AM Calculated day 255
06/21/2022 12:07:40 AM Calculated day 256
06/21/2022 12:07:47 AM Calculated day 257
06/21/2022 12:07:54 AM Calculated day 258
06/21/2022 12:08:01 AM Calculated day 259
06/21/2022 12:08:09 AM Calculated day 260
06/21/2022 12:08:16 AM Calculated day 261
06/21/2022 12:08:23 AM Calculated day 262
06/21/2022 12:08:30 AM Calculated day 263
06/21/2022 12:08:37 AM Calculated day 264
06/21/2022 12:08:45 AM Calculated day 265
06/21/2022 12:08:52 AM Calculated day 266
06/21/2022 12:08:59 AM Calculated day 267
06/21/2022 12:09:06 AM Calculated day 268
06/21/2022 12:09:13 AM Calculated day 269
06/21/2022 12:09:20 AM Calculated day 270
06/21/2022 12:09:28 AM Calculated day 271
06/21/2022 12:09:35 AM Calculated day 272
06/21/2022 12:09:42 AM Calculated day 273
06/21/2022 12:09:49 AM Calculated day 274
06/21/2022 12:09:56 AM Calculated day 275
06/21/2022 12:10:03 AM Calculated day 276
06/21/2022 12:10:10 AM Calculated day 277
06/21/2022 12:10:18 AM Calculated day 278
06/21/2022 12:10:25 AM Calculated day 279
06/21/2022 12:10:32 AM Calculated day 280
06/21/2022 12:10:39 AM Calculated day 281
06/21/2022 12:10:46 AM Calculated day 282
06/21/2022 12:10:54 AM Calculated day 283
06/21/2022 12:11:01 AM Calculated day 284
06/21/2022 12:11:08 AM Calculated day 285
06/21/2022 12:11:15 AM Calculated day 286
06/21/2022 12:11:22 AM Calculated day 287
06/21/2022 12:11:29 AM Calculated day 288
06/21/2022 12:11:36 AM Calculated day 289
06/21/2022 12:11:44 AM Calculated day 290
06/21/2022 12:11:51 AM Calculated day 291
06/21/2022 12:11:58 AM Calculated day 292
06/21/2022 12:12:05 AM Calculated day 293
06/21/2022 12:12:12 AM Calculated day 294
06/21/2022 12:12:19 AM Calculated day 295
06/21/2022 12:12:27 AM Calculated day 296
06/21/2022 12:12:34 AM Calculated day 297
06/21/2022 12:12:41 AM Calculated day 298
06/21/2022 12:12:48 AM Calculated day 299
06/21/2022 12:12:55 AM Calculated day 300
06/21/2022 12:13:02 AM Calculated day 301
06/21/2022 12:13:10 AM Calculated day 302
06/21/2022 12:13:17 AM Calculated day 303
06/21/2022 12:13:24 AM Calculated day 304
06/21/2022 12:13:31 AM Calculated day 305
06/21/2022 12:13:38 AM Calculated day 306
06/21/2022 12:13:45 AM Calculated day 307
06/21/2022 12:13:52 AM Calculated day 308
06/21/2022 12:14:00 AM Calculated day 309
06/21/2022 12:14:07 AM Calculated day 310
06/21/2022 12:14:14 AM Calculated day 311
06/21/2022 12:14:21 AM Calculated day 312
06/21/2022 12:14:28 AM Calculated day 313
06/21/2022 12:14:35 AM Calculated day 314
06/21/2022 12:14:43 AM Calculated day 315
06/21/2022 12:14:50 AM Calculated day 316
06/21/2022 12:14:57 AM Calculated day 317
06/21/2022 12:15:05 AM Calculated day 318
06/21/2022 12:15:12 AM Calculated day 319
06/21/2022 12:15:19 AM Calculated day 320
06/21/2022 12:15:26 AM Calculated day 321
06/21/2022 12:15:33 AM Calculated day 322
06/21/2022 12:15:40 AM Calculated day 323
06/21/2022 12:15:46 AM Calculated day 324
06/21/2022 12:15:53 AM Calculated day 325
06/21/2022 12:16:00 AM Calculated day 326
06/21/2022 12:16:07 AM Calculated day 327
06/21/2022 12:16:14 AM Calculated day 328
06/21/2022 12:16:21 AM Calculated day 329
06/21/2022 12:16:28 AM Calculated day 330
06/21/2022 12:16:35 AM Calculated day 331
06/21/2022 12:16:42 AM Calculated day 332
06/21/2022 12:16:49 AM Calculated day 333
06/21/2022 12:16:56 AM Calculated day 334
06/21/2022 12:17:03 AM Calculated day 335
06/21/2022 12:17:10 AM Calculated day 336
06/21/2022 12:17:17 AM Calculated day 337
06/21/2022 12:17:23 AM Calculated day 338
06/21/2022 12:17:30 AM Calculated day 339
06/21/2022 12:17:37 AM Calculated day 340
06/21/2022 12:17:44 AM Calculated day 341
06/21/2022 12:17:51 AM Calculated day 342
06/21/2022 12:17:57 AM Calculated day 343
06/21/2022 12:18:04 AM Calculated day 344
06/21/2022 12:18:11 AM Calculated day 345
06/21/2022 12:18:18 AM Calculated day 346
06/21/2022 12:18:25 AM Calculated day 347
06/21/2022 12:18:32 AM Calculated day 348
06/21/2022 12:18:39 AM Calculated day 349
06/21/2022 12:18:45 AM Calculated day 350
06/21/2022 12:18:52 AM Calculated day 351
06/21/2022 12:18:59 AM Calculated day 352
06/21/2022 12:19:06 AM Calculated day 353
06/21/2022 12:19:13 AM Calculated day 354
06/21/2022 12:19:20 AM Calculated day 355
06/21/2022 12:19:26 AM Calculated day 356
06/21/2022 12:19:33 AM Calculated day 357
06/21/2022 12:19:40 AM Calculated day 358
06/21/2022 12:19:47 AM Calculated day 359
06/21/2022 12:19:54 AM Calculated day 360
06/21/2022 12:20:01 AM Calculated day 361
06/21/2022 12:20:07 AM Calculated day 362
06/21/2022 12:20:14 AM Calculated day 363
06/21/2022 12:20:21 AM Calculated day 364
06/21/2022 12:20:28 AM Calculated day 365
06/21/2022 12:20:35 AM Calculated day 366
06/21/2022 12:20:42 AM Calculated day 367
06/21/2022 12:20:49 AM Calculated day 368
06/21/2022 12:20:55 AM Calculated day 369
06/21/2022 12:21:02 AM Calculated day 370
06/21/2022 12:21:09 AM Calculated day 371
06/21/2022 12:21:16 AM Calculated day 372
06/21/2022 12:21:23 AM Calculated day 373
06/21/2022 12:21:30 AM Calculated day 374
06/21/2022 12:21:37 AM Calculated day 375
06/21/2022 12:21:44 AM Calculated day 376
06/21/2022 12:21:50 AM Calculated day 377
06/21/2022 12:21:57 AM Calculated day 378
06/21/2022 12:22:04 AM Calculated day 379
06/21/2022 12:22:11 AM Calculated day 380
06/21/2022 12:22:18 AM Calculated day 381
06/21/2022 12:22:25 AM Calculated day 382
06/21/2022 12:22:31 AM Calculated day 383
06/21/2022 12:22:38 AM Calculated day 384
06/21/2022 12:22:45 AM Calculated day 385
06/21/2022 12:22:52 AM Calculated day 386
06/21/2022 12:22:59 AM Calculated day 387
06/21/2022 12:23:06 AM Calculated day 388
06/21/2022 12:23:12 AM Calculated day 389
06/21/2022 12:23:19 AM Calculated day 390
06/21/2022 12:23:26 AM Calculated day 391
06/21/2022 12:23:33 AM Calculated day 392
06/21/2022 12:23:40 AM Calculated day 393
06/21/2022 12:23:47 AM Calculated day 394
06/21/2022 12:23:54 AM Calculated day 395
06/21/2022 12:24:01 AM Calculated day 396
06/21/2022 12:24:08 AM Calculated day 397
06/21/2022 12:24:15 AM Calculated day 398
06/21/2022 12:24:22 AM Calculated day 399
06/21/2022 12:24:29 AM Calculated day 400
06/21/2022 12:24:36 AM Calculated day 401
06/21/2022 12:24:43 AM Calculated day 402
06/21/2022 12:24:50 AM Calculated day 403
06/21/2022 12:24:57 AM Calculated day 404
06/21/2022 12:25:04 AM Calculated day 405
06/21/2022 12:25:11 AM Calculated day 406
06/21/2022 12:25:17 AM Calculated day 407
06/21/2022 12:25:24 AM Calculated day 408
06/21/2022 12:25:31 AM Calculated day 409
06/21/2022 12:25:38 AM Calculated day 410
06/21/2022 12:25:45 AM Calculated day 411
06/21/2022 12:25:52 AM Calculated day 412
06/21/2022 12:25:59 AM Calculated day 413
06/21/2022 12:26:06 AM Calculated day 414
06/21/2022 12:26:13 AM Calculated day 415
06/21/2022 12:26:20 AM Calculated day 416
06/21/2022 12:26:27 AM Calculated day 417
06/21/2022 12:26:33 AM Calculated day 418
06/21/2022 12:26:40 AM Calculated day 419
06/21/2022 12:26:47 AM Calculated day 420
06/21/2022 12:26:54 AM Calculated day 421
06/21/2022 12:27:01 AM Calculated day 422
06/21/2022 12:27:08 AM Calculated day 423
06/21/2022 12:27:15 AM Calculated day 424
06/21/2022 12:27:22 AM Calculated day 425
06/21/2022 12:27:29 AM Calculated day 426
06/21/2022 12:27:36 AM Calculated day 427
06/21/2022 12:27:43 AM Calculated day 428
06/21/2022 12:27:50 AM Calculated day 429
06/21/2022 12:27:57 AM Calculated day 430
06/21/2022 12:28:04 AM Calculated day 431
06/21/2022 12:28:11 AM Calculated day 432
06/21/2022 12:28:18 AM Calculated day 433
06/21/2022 12:28:25 AM Calculated day 434
06/21/2022 12:28:32 AM Calculated day 435
06/21/2022 12:28:39 AM Calculated day 436
06/21/2022 12:28:47 AM Calculated day 437
06/21/2022 12:28:54 AM Calculated day 438
06/21/2022 12:29:01 AM Calculated day 439
06/21/2022 12:29:07 AM Calculated day 440
06/21/2022 12:29:14 AM Calculated day 441
06/21/2022 12:29:21 AM Calculated day 442
06/21/2022 12:29:28 AM Calculated day 443
06/21/2022 12:29:35 AM Calculated day 444
06/21/2022 12:29:42 AM Calculated day 445
06/21/2022 12:29:49 AM Calculated day 446
06/21/2022 12:29:56 AM Calculated day 447
06/21/2022 12:30:02 AM Calculated day 448
06/21/2022 12:30:09 AM Calculated day 449
06/21/2022 12:30:15 AM Calculated day 450
06/21/2022 12:30:22 AM Calculated day 451
06/21/2022 12:30:28 AM Calculated day 452
06/21/2022 12:30:34 AM Calculated day 453
06/21/2022 12:30:41 AM Calculated day 454
06/21/2022 12:30:47 AM Calculated day 455
06/21/2022 12:30:54 AM Calculated day 456
06/21/2022 12:31:00 AM Calculated day 457
06/21/2022 12:31:06 AM Calculated day 458
06/21/2022 12:31:13 AM Calculated day 459
06/21/2022 12:31:19 AM Calculated day 460
06/21/2022 12:31:25 AM Calculated day 461
06/21/2022 12:31:32 AM Calculated day 462
06/21/2022 12:31:38 AM Calculated day 463
06/21/2022 12:31:45 AM Calculated day 464
06/21/2022 12:31:51 AM Calculated day 465
06/21/2022 12:31:57 AM Calculated day 466
06/21/2022 12:32:04 AM Calculated day 467
06/21/2022 12:32:10 AM Calculated day 468
06/21/2022 12:32:16 AM Calculated day 469
06/21/2022 12:32:23 AM Calculated day 470
06/21/2022 12:32:29 AM Calculated day 471
06/21/2022 12:32:35 AM Calculated day 472
06/21/2022 12:32:42 AM Calculated day 473
06/21/2022 12:32:48 AM Calculated day 474
06/21/2022 12:32:55 AM Calculated day 475
06/21/2022 12:33:01 AM Calculated day 476
06/21/2022 12:33:08 AM Calculated day 477
06/21/2022 12:33:14 AM Calculated day 478
06/21/2022 12:33:21 AM Calculated day 479
06/21/2022 12:33:27 AM Calculated day 480
06/21/2022 12:33:33 AM Calculated day 481
06/21/2022 12:33:40 AM Calculated day 482
06/21/2022 12:33:46 AM Calculated day 483
06/21/2022 12:33:53 AM Calculated day 484
06/21/2022 12:33:59 AM Calculated day 485
06/21/2022 12:34:06 AM Calculated day 486
06/21/2022 12:34:12 AM Calculated day 487
06/21/2022 12:34:18 AM Calculated day 488
06/21/2022 12:34:25 AM Calculated day 489
06/21/2022 12:34:32 AM Calculated day 490
06/21/2022 12:34:39 AM Calculated day 491
06/21/2022 12:34:46 AM Calculated day 492
06/21/2022 12:34:53 AM Calculated day 493
06/21/2022 12:35:00 AM Calculated day 494
06/21/2022 12:35:06 AM Calculated day 495
06/21/2022 12:35:13 AM Calculated day 496
06/21/2022 12:35:19 AM Calculated day 497
06/21/2022 12:35:26 AM Calculated day 498
06/21/2022 12:35:32 AM Calculated day 499
06/21/2022 12:35:38 AM Calculated day 500
06/21/2022 12:35:45 AM Calculated day 501
06/21/2022 12:35:51 AM Calculated day 502
06/21/2022 12:35:57 AM Calculated day 503
06/21/2022 12:36:04 AM Calculated day 504
06/21/2022 12:36:10 AM Calculated day 505
06/21/2022 12:36:17 AM Calculated day 506
06/21/2022 12:36:23 AM Calculated day 507
06/21/2022 12:36:29 AM Calculated day 508
06/21/2022 12:36:36 AM Calculated day 509
06/21/2022 12:36:42 AM Calculated day 510
06/21/2022 12:36:48 AM Calculated day 511
06/21/2022 12:36:55 AM Calculated day 512
06/21/2022 12:37:01 AM Calculated day 513
06/21/2022 12:37:08 AM Calculated day 514
06/21/2022 12:37:14 AM Calculated day 515
06/21/2022 12:37:20 AM Calculated day 516
06/21/2022 12:37:27 AM Calculated day 517
06/21/2022 12:37:33 AM Calculated day 518
06/21/2022 12:37:39 AM Calculated day 519
06/21/2022 12:37:46 AM Calculated day 520
06/21/2022 12:37:52 AM Calculated day 521
06/21/2022 12:37:58 AM Calculated day 522
06/21/2022 12:38:05 AM Calculated day 523
06/21/2022 12:38:11 AM Calculated day 524
06/21/2022 12:38:18 AM Calculated day 525
06/21/2022 12:38:24 AM Calculated day 526
06/21/2022 12:38:30 AM Calculated day 527
06/21/2022 12:38:37 AM Calculated day 528
06/21/2022 12:38:43 AM Calculated day 529
06/21/2022 12:38:49 AM Calculated day 530
06/21/2022 12:38:56 AM Calculated day 531
06/21/2022 12:39:02 AM Calculated day 532
06/21/2022 12:39:08 AM Calculated day 533
06/21/2022 12:39:15 AM Calculated day 534
06/21/2022 12:39:21 AM Calculated day 535
06/21/2022 12:39:27 AM Calculated day 536
06/21/2022 12:39:34 AM Calculated day 537
06/21/2022 12:39:40 AM Calculated day 538
06/21/2022 12:39:47 AM Calculated day 539
06/21/2022 12:39:53 AM Calculated day 540
06/21/2022 12:39:59 AM Calculated day 541
06/21/2022 12:40:06 AM Calculated day 542
06/21/2022 12:40:12 AM Calculated day 543
06/21/2022 12:40:18 AM Calculated day 544
06/21/2022 12:40:25 AM Calculated day 545
06/21/2022 12:40:31 AM Calculated day 546
06/21/2022 12:40:37 AM Calculated day 547
06/21/2022 12:40:44 AM Calculated day 548
06/21/2022 12:40:50 AM Calculated day 549
06/21/2022 12:40:56 AM Calculated day 550
06/21/2022 12:41:03 AM Calculated day 551
06/21/2022 12:41:09 AM Calculated day 552
06/21/2022 12:41:16 AM Calculated day 553
06/21/2022 12:41:22 AM Calculated day 554
06/21/2022 12:41:28 AM Calculated day 555
06/21/2022 12:41:35 AM Calculated day 556
06/21/2022 12:41:41 AM Calculated day 557
06/21/2022 12:41:47 AM Calculated day 558
06/21/2022 12:41:54 AM Calculated day 559
06/21/2022 12:42:00 AM Calculated day 560
06/21/2022 12:42:07 AM Calculated day 561
06/21/2022 12:42:13 AM Calculated day 562
06/21/2022 12:42:19 AM Calculated day 563
06/21/2022 12:42:26 AM Calculated day 564
06/21/2022 12:42:32 AM Calculated day 565
06/21/2022 12:42:38 AM Calculated day 566
06/21/2022 12:42:45 AM Calculated day 567
06/21/2022 12:42:51 AM Calculated day 568
06/21/2022 12:42:57 AM Calculated day 569
06/21/2022 12:43:04 AM Calculated day 570
06/21/2022 12:43:10 AM Calculated day 571
06/21/2022 12:43:17 AM Calculated day 572
06/21/2022 12:43:23 AM Calculated day 573
06/21/2022 12:43:29 AM Calculated day 574
06/21/2022 12:43:36 AM Calculated day 575
06/21/2022 12:43:42 AM Calculated day 576
06/21/2022 12:43:48 AM Calculated day 577
06/21/2022 12:43:55 AM Calculated day 578
06/21/2022 12:44:01 AM Calculated day 579
06/21/2022 12:44:08 AM Calculated day 580
06/21/2022 12:44:14 AM Calculated day 581
06/21/2022 12:44:20 AM Calculated day 582
06/21/2022 12:44:27 AM Calculated day 583
06/21/2022 12:44:33 AM Calculated day 584
06/21/2022 12:44:39 AM Calculated day 585
06/21/2022 12:44:46 AM Calculated day 586
06/21/2022 12:44:52 AM Calculated day 587
06/21/2022 12:44:58 AM Calculated day 588
06/21/2022 12:45:05 AM Calculated day 589
06/21/2022 12:45:11 AM Calculated day 590
06/21/2022 12:45:17 AM Calculated day 591
06/21/2022 12:45:24 AM Calculated day 592
06/21/2022 12:45:30 AM Calculated day 593
06/21/2022 12:45:37 AM Calculated day 594
06/21/2022 12:45:43 AM Calculated day 595
06/21/2022 12:45:49 AM Calculated day 596
06/21/2022 12:45:56 AM Calculated day 597
06/21/2022 12:46:02 AM Calculated day 598
06/21/2022 12:46:08 AM Calculated day 599
06/21/2022 12:46:15 AM Calculated day 600
06/21/2022 12:46:21 AM Calculated day 601
06/21/2022 12:46:27 AM Calculated day 602
06/21/2022 12:46:34 AM Calculated day 603
06/21/2022 12:46:40 AM Calculated day 604
06/21/2022 12:46:47 AM Calculated day 605
06/21/2022 12:46:53 AM Calculated day 606
06/21/2022 12:46:59 AM Calculated day 607
06/21/2022 12:47:06 AM Calculated day 608
06/21/2022 12:47:12 AM Calculated day 609
06/21/2022 12:47:18 AM Calculated day 610
06/21/2022 12:47:25 AM Calculated day 611
06/21/2022 12:47:31 AM Calculated day 612
06/21/2022 12:47:37 AM Calculated day 613
06/21/2022 12:47:44 AM Calculated day 614
06/21/2022 12:47:50 AM Calculated day 615
06/21/2022 12:47:56 AM Calculated day 616
06/21/2022 12:48:03 AM Calculated day 617
06/21/2022 12:48:09 AM Calculated day 618
06/21/2022 12:48:15 AM Calculated day 619
06/21/2022 12:48:22 AM Calculated day 620
06/21/2022 12:48:28 AM Calculated day 621
06/21/2022 12:48:34 AM Calculated day 622
06/21/2022 12:48:41 AM Calculated day 623
06/21/2022 12:48:47 AM Calculated day 624
06/21/2022 12:48:54 AM Calculated day 625
06/21/2022 12:49:00 AM Calculated day 626
06/21/2022 12:49:06 AM Calculated day 627
06/21/2022 12:49:13 AM Calculated day 628
06/21/2022 12:49:19 AM Calculated day 629
06/21/2022 12:49:25 AM Calculated day 630
06/21/2022 12:49:32 AM Calculated day 631
06/21/2022 12:49:38 AM Calculated day 632
06/21/2022 12:49:45 AM Calculated day 633
06/21/2022 12:49:51 AM Calculated day 634
06/21/2022 12:49:57 AM Calculated day 635
06/21/2022 12:50:04 AM Calculated day 636
06/21/2022 12:50:10 AM Calculated day 637
06/21/2022 12:50:17 AM Calculated day 638
06/21/2022 12:50:23 AM Calculated day 639
06/21/2022 12:50:29 AM Calculated day 640
06/21/2022 12:50:36 AM Calculated day 641
06/21/2022 12:50:42 AM Calculated day 642
06/21/2022 12:50:48 AM Calculated day 643
06/21/2022 12:50:55 AM Calculated day 644
06/21/2022 12:51:01 AM Calculated day 645
06/21/2022 12:51:07 AM Calculated day 646
06/21/2022 12:51:14 AM Calculated day 647
06/21/2022 12:51:20 AM Calculated day 648
06/21/2022 12:51:26 AM Calculated day 649
06/21/2022 12:51:33 AM Calculated day 650
06/21/2022 12:51:39 AM Calculated day 651
06/21/2022 12:51:45 AM Calculated day 652
06/21/2022 12:51:52 AM Calculated day 653
06/21/2022 12:51:58 AM Calculated day 654
06/21/2022 12:52:05 AM Calculated day 655
06/21/2022 12:52:11 AM Calculated day 656
06/21/2022 12:52:17 AM Calculated day 657
06/21/2022 12:52:24 AM Calculated day 658
06/21/2022 12:52:30 AM Calculated day 659
06/21/2022 12:52:36 AM Calculated day 660
06/21/2022 12:52:43 AM Calculated day 661
06/21/2022 12:52:49 AM Calculated day 662
06/21/2022 12:52:55 AM Calculated day 663
06/21/2022 12:53:02 AM Calculated day 664
06/21/2022 12:53:08 AM Calculated day 665
06/21/2022 12:53:15 AM Calculated day 666
06/21/2022 12:53:21 AM Calculated day 667
06/21/2022 12:53:27 AM Calculated day 668
06/21/2022 12:53:34 AM Calculated day 669
06/21/2022 12:53:40 AM Calculated day 670
06/21/2022 12:53:46 AM Calculated day 671
06/21/2022 12:53:53 AM Calculated day 672
06/21/2022 12:53:59 AM Calculated day 673
06/21/2022 12:54:06 AM Calculated day 674
06/21/2022 12:54:12 AM Calculated day 675
06/21/2022 12:54:18 AM Calculated day 676
06/21/2022 12:54:25 AM Calculated day 677
06/21/2022 12:54:31 AM Calculated day 678
06/21/2022 12:54:37 AM Calculated day 679
06/21/2022 12:54:44 AM Calculated day 680
06/21/2022 12:54:50 AM Calculated day 681
06/21/2022 12:54:56 AM Calculated day 682
06/21/2022 12:55:03 AM Calculated day 683
06/21/2022 12:55:09 AM Calculated day 684
06/21/2022 12:55:15 AM Calculated day 685
06/21/2022 12:55:22 AM Calculated day 686
06/21/2022 12:55:28 AM Calculated day 687
06/21/2022 12:55:34 AM Calculated day 688
06/21/2022 12:55:41 AM Calculated day 689
06/21/2022 12:55:47 AM Calculated day 690
06/21/2022 12:55:53 AM Calculated day 691
06/21/2022 12:56:00 AM Calculated day 692
06/21/2022 12:56:06 AM Calculated day 693
06/21/2022 12:56:13 AM Calculated day 694
06/21/2022 12:56:19 AM Calculated day 695
06/21/2022 12:56:25 AM Calculated day 696
06/21/2022 12:56:32 AM Calculated day 697
06/21/2022 12:56:38 AM Calculated day 698
06/21/2022 12:56:44 AM Calculated day 699
06/21/2022 12:56:51 AM Calculated day 700
06/21/2022 12:56:57 AM Calculated day 701
06/21/2022 12:57:04 AM Calculated day 702
06/21/2022 12:57:10 AM Calculated day 703
06/21/2022 12:57:16 AM Calculated day 704
06/21/2022 12:57:23 AM Calculated day 705
06/21/2022 12:57:29 AM Calculated day 706
06/21/2022 12:57:35 AM Calculated day 707
06/21/2022 12:57:42 AM Calculated day 708
06/21/2022 12:57:48 AM Calculated day 709
06/21/2022 12:57:54 AM Calculated day 710
06/21/2022 12:58:01 AM Calculated day 711
06/21/2022 12:58:07 AM Calculated day 712
06/21/2022 12:58:13 AM Calculated day 713
06/21/2022 12:58:20 AM Calculated day 714
06/21/2022 12:58:26 AM Calculated day 715
06/21/2022 12:58:32 AM Calculated day 716
06/21/2022 12:58:39 AM Calculated day 717
06/21/2022 12:58:45 AM Calculated day 718
06/21/2022 12:58:52 AM Calculated day 719
06/21/2022 12:58:58 AM Calculated day 720
06/21/2022 12:59:04 AM Calculated day 721
06/21/2022 12:59:11 AM Calculated day 722
06/21/2022 12:59:17 AM Calculated day 723
06/21/2022 12:59:23 AM Calculated day 724
06/21/2022 12:59:30 AM Calculated day 725
06/21/2022 12:59:36 AM Calculated day 726
06/21/2022 12:59:42 AM Calculated day 727
06/21/2022 12:59:49 AM Calculated day 728
06/21/2022 12:59:55 AM Calculated day 729
06/21/2022 01:00:02 AM Calculated day 730
06/21/2022 01:00:08 AM Calculated day 731
06/21/2022 01:00:14 AM Calculated day 732
06/21/2022 01:00:21 AM Calculated day 733
06/21/2022 01:00:27 AM Calculated day 734
06/21/2022 01:00:33 AM Calculated day 735
06/21/2022 01:00:40 AM Calculated day 736
06/21/2022 01:00:46 AM Calculated day 737
06/21/2022 01:00:52 AM Calculated day 738
06/21/2022 01:00:59 AM Calculated day 739
06/21/2022 01:01:05 AM Calculated day 740
06/21/2022 01:01:12 AM Calculated day 741
06/21/2022 01:01:18 AM Calculated day 742
06/21/2022 01:01:24 AM Calculated day 743
06/21/2022 01:01:31 AM Calculated day 744
06/21/2022 01:01:37 AM Calculated day 745
06/21/2022 01:01:43 AM Calculated day 746
06/21/2022 01:01:50 AM Calculated day 747
06/21/2022 01:01:56 AM Calculated day 748
06/21/2022 01:02:02 AM Calculated day 749
06/21/2022 01:02:09 AM Calculated day 750
06/21/2022 01:02:15 AM Calculated day 751
06/21/2022 01:02:21 AM Calculated day 752
06/21/2022 01:02:28 AM Calculated day 753
06/21/2022 01:02:34 AM Calculated day 754
06/21/2022 01:02:41 AM Calculated day 755
06/21/2022 01:02:47 AM Calculated day 756
06/21/2022 01:02:53 AM Calculated day 757
06/21/2022 01:03:00 AM Calculated day 758
06/21/2022 01:03:06 AM Calculated day 759
06/21/2022 01:03:12 AM Calculated day 760
06/21/2022 01:03:19 AM Calculated day 761
06/21/2022 01:03:25 AM Calculated day 762
06/21/2022 01:03:32 AM Calculated day 763
06/21/2022 01:03:38 AM Calculated day 764
06/21/2022 01:03:44 AM Calculated day 765
06/21/2022 01:03:51 AM Calculated day 766
06/21/2022 01:03:57 AM Calculated day 767
06/21/2022 01:04:03 AM Calculated day 768
06/21/2022 01:04:10 AM Calculated day 769
06/21/2022 01:04:16 AM Calculated day 770
06/21/2022 01:04:22 AM Calculated day 771
06/21/2022 01:04:29 AM Calculated day 772
06/21/2022 01:04:35 AM Calculated day 773
06/21/2022 01:04:42 AM Calculated day 774
06/21/2022 01:04:48 AM Calculated day 775
06/21/2022 01:04:54 AM Calculated day 776
06/21/2022 01:05:01 AM Calculated day 777
06/21/2022 01:05:07 AM Calculated day 778
06/21/2022 01:05:13 AM Calculated day 779
06/21/2022 01:05:20 AM Calculated day 780
06/21/2022 01:05:26 AM Calculated day 781
06/21/2022 01:05:32 AM Calculated day 782
06/21/2022 01:05:39 AM Calculated day 783
06/21/2022 01:05:45 AM Calculated day 784
06/21/2022 01:05:52 AM Calculated day 785
06/21/2022 01:05:58 AM Calculated day 786
06/21/2022 01:06:04 AM Calculated day 787
06/21/2022 01:06:11 AM Calculated day 788
06/21/2022 01:06:17 AM Calculated day 789
06/21/2022 01:06:23 AM Calculated day 790
06/21/2022 01:06:30 AM Calculated day 791
06/21/2022 01:06:36 AM Calculated day 792
06/21/2022 01:06:42 AM Calculated day 793
06/21/2022 01:06:49 AM Calculated day 794
06/21/2022 01:06:55 AM Calculated day 795
06/21/2022 01:07:02 AM Calculated day 796
06/21/2022 01:07:08 AM Calculated day 797
06/21/2022 01:07:14 AM Calculated day 798
06/21/2022 01:07:21 AM Calculated day 799
06/21/2022 01:07:51 AM Calculated day 800
06/21/2022 01:08:28 AM Calculated day 801
06/21/2022 01:08:34 AM Calculated day 802
06/21/2022 01:08:40 AM Calculated day 803
06/21/2022 01:08:47 AM Calculated day 804
06/21/2022 01:08:53 AM Calculated day 805
06/21/2022 01:08:59 AM Calculated day 806
06/21/2022 01:09:06 AM Calculated day 807
06/21/2022 01:09:12 AM Calculated day 808
06/21/2022 01:09:19 AM Calculated day 809
06/21/2022 01:09:25 AM Calculated day 810
06/21/2022 01:09:31 AM Calculated day 811
06/21/2022 01:09:38 AM Calculated day 812
06/21/2022 01:09:44 AM Calculated day 813
06/21/2022 01:09:50 AM Calculated day 814
06/21/2022 01:09:57 AM Calculated day 815
06/21/2022 01:10:03 AM Calculated day 816
06/21/2022 01:10:10 AM Calculated day 817
06/21/2022 01:10:16 AM Calculated day 818
06/21/2022 01:10:22 AM Calculated day 819
06/21/2022 01:10:29 AM Calculated day 820
06/21/2022 01:10:35 AM Calculated day 821
06/21/2022 01:10:41 AM Calculated day 822
06/21/2022 01:10:48 AM Calculated day 823
06/21/2022 01:10:54 AM Calculated day 824
06/21/2022 01:11:00 AM Calculated day 825
06/21/2022 01:11:07 AM Calculated day 826
06/21/2022 01:11:13 AM Calculated day 827
06/21/2022 01:11:20 AM Calculated day 828
06/21/2022 01:11:26 AM Calculated day 829
06/21/2022 01:11:32 AM Calculated day 830
06/21/2022 01:11:39 AM Calculated day 831
06/21/2022 01:11:45 AM Calculated day 832
06/21/2022 01:11:51 AM Calculated day 833
06/21/2022 01:11:58 AM Calculated day 834
06/21/2022 01:12:04 AM Calculated day 835
06/21/2022 01:12:10 AM Calculated day 836
06/21/2022 01:12:17 AM Calculated day 837
06/21/2022 01:12:23 AM Calculated day 838
06/21/2022 01:12:29 AM Calculated day 839
06/21/2022 01:12:36 AM Calculated day 840
06/21/2022 01:12:42 AM Calculated day 841
06/21/2022 01:12:48 AM Calculated day 842
06/21/2022 01:12:55 AM Calculated day 843
06/21/2022 01:13:01 AM Calculated day 844
06/21/2022 01:13:08 AM Calculated day 845
06/21/2022 01:13:14 AM Calculated day 846
06/21/2022 01:13:20 AM Calculated day 847
06/21/2022 01:13:27 AM Calculated day 848
06/21/2022 01:13:33 AM Calculated day 849
06/21/2022 01:13:39 AM Calculated day 850
06/21/2022 01:13:46 AM Calculated day 851
06/21/2022 01:13:52 AM Calculated day 852
06/21/2022 01:13:59 AM Calculated day 853
06/21/2022 01:14:05 AM Calculated day 854
06/21/2022 01:14:11 AM Calculated day 855
06/21/2022 01:14:18 AM Calculated day 856
06/21/2022 01:14:24 AM Calculated day 857
06/21/2022 01:14:30 AM Calculated day 858
06/21/2022 01:14:37 AM Calculated day 859
06/21/2022 01:14:43 AM Calculated day 860
06/21/2022 01:14:49 AM Calculated day 861
06/21/2022 01:14:56 AM Calculated day 862
06/21/2022 01:15:02 AM Calculated day 863
06/21/2022 01:15:09 AM Calculated day 864
06/21/2022 01:15:15 AM Calculated day 865
06/21/2022 01:15:21 AM Calculated day 866
06/21/2022 01:15:28 AM Calculated day 867
06/21/2022 01:15:34 AM Calculated day 868
06/21/2022 01:15:40 AM Calculated day 869
06/21/2022 01:15:47 AM Calculated day 870
06/21/2022 01:15:53 AM Calculated day 871
06/21/2022 01:16:00 AM Calculated day 872
06/21/2022 01:16:06 AM Calculated day 873
06/21/2022 01:16:12 AM Calculated day 874
06/21/2022 01:16:19 AM Calculated day 875
06/21/2022 01:16:25 AM Calculated day 876
06/21/2022 01:16:31 AM Calculated day 877
06/21/2022 01:16:38 AM Calculated day 878
06/21/2022 01:16:44 AM Calculated day 879
06/21/2022 01:16:51 AM Calculated day 880
06/21/2022 01:16:57 AM Calculated day 881
06/21/2022 01:17:04 AM Calculated day 882
06/21/2022 01:17:10 AM Calculated day 883
06/21/2022 01:17:16 AM Calculated day 884
06/21/2022 01:17:23 AM Calculated day 885
06/21/2022 01:17:29 AM Calculated day 886
06/21/2022 01:17:35 AM Calculated day 887
06/21/2022 01:17:42 AM Calculated day 888
06/21/2022 01:17:48 AM Calculated day 889
06/21/2022 01:17:55 AM Calculated day 890
06/21/2022 01:18:01 AM Calculated day 891
06/21/2022 01:18:07 AM Calculated day 892
06/21/2022 01:18:14 AM Calculated day 893
06/21/2022 01:18:20 AM Calculated day 894
06/21/2022 01:18:26 AM Calculated day 895
06/21/2022 01:18:33 AM Calculated day 896
06/21/2022 01:18:39 AM Calculated day 897
06/21/2022 01:18:45 AM Calculated day 898
06/21/2022 01:18:52 AM Calculated day 899
06/21/2022 01:18:58 AM Calculated day 900
06/21/2022 01:19:05 AM Calculated day 901
06/21/2022 01:19:11 AM Calculated day 902
06/21/2022 01:19:17 AM Calculated day 903
06/21/2022 01:19:24 AM Calculated day 904
06/21/2022 01:19:30 AM Calculated day 905
06/21/2022 01:19:36 AM Calculated day 906
06/21/2022 01:19:43 AM Calculated day 907
06/21/2022 01:19:49 AM Calculated day 908
06/21/2022 01:19:56 AM Calculated day 909
06/21/2022 01:20:02 AM Calculated day 910
06/21/2022 01:20:08 AM Calculated day 911
06/21/2022 01:20:15 AM Calculated day 912
06/21/2022 01:20:21 AM Calculated day 913
06/21/2022 01:20:27 AM Calculated day 914
06/21/2022 01:20:34 AM Calculated day 915
06/21/2022 01:20:40 AM Calculated day 916
06/21/2022 01:20:46 AM Calculated day 917
06/21/2022 01:20:53 AM Calculated day 918
06/21/2022 01:20:59 AM Calculated day 919
06/21/2022 01:21:06 AM Calculated day 920
06/21/2022 01:21:12 AM Calculated day 921
06/21/2022 01:21:18 AM Calculated day 922
06/21/2022 01:21:25 AM Calculated day 923
06/21/2022 01:21:31 AM Calculated day 924
06/21/2022 01:21:37 AM Calculated day 925
06/21/2022 01:21:44 AM Calculated day 926
06/21/2022 01:21:50 AM Calculated day 927
06/21/2022 01:21:57 AM Calculated day 928
06/21/2022 01:22:03 AM Calculated day 929
06/21/2022 01:22:10 AM Calculated day 930
06/21/2022 01:22:16 AM Calculated day 931
06/21/2022 01:22:22 AM Calculated day 932
06/21/2022 01:22:29 AM Calculated day 933
06/21/2022 01:22:35 AM Calculated day 934
06/21/2022 01:22:42 AM Calculated day 935
06/21/2022 01:22:48 AM Calculated day 936
06/21/2022 01:22:54 AM Calculated day 937
06/21/2022 01:23:01 AM Calculated day 938
06/21/2022 01:23:07 AM Calculated day 939
06/21/2022 01:23:14 AM Calculated day 940
06/21/2022 01:23:20 AM Calculated day 941
06/21/2022 01:23:26 AM Calculated day 942
06/21/2022 01:23:33 AM Calculated day 943
06/21/2022 01:23:39 AM Calculated day 944
06/21/2022 01:23:45 AM Calculated day 945
06/21/2022 01:23:52 AM Calculated day 946
06/21/2022 01:23:58 AM Calculated day 947
06/21/2022 01:24:04 AM Calculated day 948
06/21/2022 01:24:11 AM Calculated day 949
06/21/2022 01:24:17 AM Calculated day 950
06/21/2022 01:24:24 AM Calculated day 951
06/21/2022 01:24:30 AM Calculated day 952
06/21/2022 01:24:36 AM Calculated day 953
06/21/2022 01:24:43 AM Calculated day 954
06/21/2022 01:24:49 AM Calculated day 955
06/21/2022 01:24:56 AM Calculated day 956
06/21/2022 01:25:02 AM Calculated day 957
06/21/2022 01:25:08 AM Calculated day 958
06/21/2022 01:25:15 AM Calculated day 959
06/21/2022 01:25:21 AM Calculated day 960
06/21/2022 01:25:27 AM Calculated day 961
06/21/2022 01:25:34 AM Calculated day 962
06/21/2022 01:25:40 AM Calculated day 963
06/21/2022 01:25:47 AM Calculated day 964
06/21/2022 01:25:53 AM Calculated day 965
06/21/2022 01:25:59 AM Calculated day 966
06/21/2022 01:26:06 AM Calculated day 967
06/21/2022 01:26:12 AM Calculated day 968
06/21/2022 01:26:19 AM Calculated day 969
06/21/2022 01:26:25 AM Calculated day 970
06/21/2022 01:26:31 AM Calculated day 971
06/21/2022 01:26:38 AM Calculated day 972
06/21/2022 01:26:44 AM Calculated day 973
06/21/2022 01:26:50 AM Calculated day 974
06/21/2022 01:26:57 AM Calculated day 975
06/21/2022 01:27:03 AM Calculated day 976
06/21/2022 01:27:10 AM Calculated day 977
06/21/2022 01:27:16 AM Calculated day 978
06/21/2022 01:27:22 AM Calculated day 979
06/21/2022 01:27:29 AM Calculated day 980
06/21/2022 01:27:35 AM Calculated day 981
06/21/2022 01:27:41 AM Calculated day 982
06/21/2022 01:27:48 AM Calculated day 983
06/21/2022 01:27:54 AM Calculated day 984
06/21/2022 01:28:01 AM Calculated day 985
06/21/2022 01:28:07 AM Calculated day 986
06/21/2022 01:28:13 AM Calculated day 987
06/21/2022 01:28:20 AM Calculated day 988
06/21/2022 01:28:26 AM Calculated day 989
06/21/2022 01:28:32 AM Calculated day 990
06/21/2022 01:28:39 AM Calculated day 991
06/21/2022 01:28:45 AM Calculated day 992
06/21/2022 01:28:52 AM Calculated day 993
06/21/2022 01:28:58 AM Calculated day 994
06/21/2022 01:29:04 AM Calculated day 995
06/21/2022 01:29:11 AM Calculated day 996
06/21/2022 01:29:17 AM Calculated day 997
06/21/2022 01:29:24 AM Calculated day 998
06/21/2022 01:29:30 AM Calculated day 999
06/21/2022 01:29:36 AM Calculated day 1000
06/21/2022 01:29:43 AM Calculated day 1001
06/21/2022 01:29:49 AM Calculated day 1002
06/21/2022 01:29:55 AM Calculated day 1003
06/21/2022 01:30:02 AM Calculated day 1004
06/21/2022 01:30:08 AM Calculated day 1005
06/21/2022 01:30:15 AM Calculated day 1006
06/21/2022 01:30:21 AM Calculated day 1007
06/21/2022 01:30:27 AM Calculated day 1008
06/21/2022 01:30:34 AM Calculated day 1009
06/21/2022 01:30:40 AM Calculated day 1010
06/21/2022 01:30:46 AM Calculated day 1011
06/21/2022 01:30:53 AM Calculated day 1012
06/21/2022 01:30:59 AM Calculated day 1013
06/21/2022 01:31:06 AM Calculated day 1014
06/21/2022 01:31:12 AM Calculated day 1015
06/21/2022 01:31:18 AM Calculated day 1016
06/21/2022 01:31:25 AM Calculated day 1017
06/21/2022 01:31:31 AM Calculated day 1018
06/21/2022 01:31:37 AM Calculated day 1019
06/21/2022 01:31:44 AM Calculated day 1020
06/21/2022 01:31:50 AM Calculated day 1021
06/21/2022 01:31:57 AM Calculated day 1022
06/21/2022 01:32:03 AM Calculated day 1023
06/21/2022 01:32:09 AM Calculated day 1024
06/21/2022 01:32:16 AM Calculated day 1025
06/21/2022 01:32:22 AM Calculated day 1026
06/21/2022 01:32:29 AM Calculated day 1027
06/21/2022 01:32:35 AM Calculated day 1028
06/21/2022 01:32:41 AM Calculated day 1029
06/21/2022 01:32:48 AM Calculated day 1030
06/21/2022 01:32:54 AM Calculated day 1031
06/21/2022 01:33:01 AM Calculated day 1032
06/21/2022 01:33:07 AM Calculated day 1033
06/21/2022 01:33:13 AM Calculated day 1034
06/21/2022 01:33:20 AM Calculated day 1035
06/21/2022 01:33:26 AM Calculated day 1036
06/21/2022 01:33:32 AM Calculated day 1037
06/21/2022 01:33:39 AM Calculated day 1038
06/21/2022 01:33:45 AM Calculated day 1039
06/21/2022 01:33:52 AM Calculated day 1040
06/21/2022 01:33:58 AM Calculated day 1041
06/21/2022 01:34:04 AM Calculated day 1042
06/21/2022 01:34:11 AM Calculated day 1043
06/21/2022 01:34:17 AM Calculated day 1044
06/21/2022 01:34:24 AM Calculated day 1045
06/21/2022 01:34:30 AM Calculated day 1046
06/21/2022 01:34:36 AM Calculated day 1047
06/21/2022 01:34:43 AM Calculated day 1048
06/21/2022 01:34:49 AM Calculated day 1049
06/21/2022 01:34:55 AM Calculated day 1050
06/21/2022 01:35:02 AM Calculated day 1051
06/21/2022 01:35:08 AM Calculated day 1052
06/21/2022 01:35:15 AM Calculated day 1053
06/21/2022 01:35:21 AM Calculated day 1054
06/21/2022 01:35:27 AM Calculated day 1055
06/21/2022 01:35:34 AM Calculated day 1056
06/21/2022 01:35:40 AM Calculated day 1057
06/21/2022 01:35:46 AM Calculated day 1058
06/21/2022 01:35:53 AM Calculated day 1059
06/21/2022 01:35:59 AM Calculated day 1060
06/21/2022 01:36:06 AM Calculated day 1061
06/21/2022 01:36:12 AM Calculated day 1062
06/21/2022 01:36:18 AM Calculated day 1063
06/21/2022 01:36:25 AM Calculated day 1064
06/21/2022 01:36:31 AM Calculated day 1065
06/21/2022 01:36:37 AM Calculated day 1066
06/21/2022 01:36:44 AM Calculated day 1067
06/21/2022 01:36:50 AM Calculated day 1068
06/21/2022 01:36:56 AM Calculated day 1069
06/21/2022 01:37:03 AM Calculated day 1070
06/21/2022 01:37:09 AM Calculated day 1071
06/21/2022 01:37:16 AM Calculated day 1072
06/21/2022 01:37:22 AM Calculated day 1073
06/21/2022 01:37:28 AM Calculated day 1074
06/21/2022 01:37:35 AM Calculated day 1075
06/21/2022 01:37:41 AM Calculated day 1076
06/21/2022 01:37:48 AM Calculated day 1077
06/21/2022 01:37:54 AM Calculated day 1078
06/21/2022 01:38:00 AM Calculated day 1079
06/21/2022 01:38:07 AM Calculated day 1080
06/21/2022 01:38:13 AM Calculated day 1081
06/21/2022 01:38:19 AM Calculated day 1082
06/21/2022 01:38:26 AM Calculated day 1083
06/21/2022 01:38:32 AM Calculated day 1084
06/21/2022 01:38:39 AM Calculated day 1085
06/21/2022 01:38:45 AM Calculated day 1086
06/21/2022 01:38:51 AM Calculated day 1087
06/21/2022 01:38:58 AM Calculated day 1088
06/21/2022 01:39:04 AM Calculated day 1089
06/21/2022 01:39:10 AM Calculated day 1090
06/21/2022 01:39:17 AM Calculated day 1091
06/21/2022 01:39:23 AM Calculated day 1092
06/21/2022 01:39:30 AM Calculated day 1093
06/21/2022 01:39:36 AM Calculated day 1094
06/21/2022 01:39:42 AM Calculated day 1095
06/21/2022 01:39:49 AM Calculated day 1096
06/21/2022 01:39:55 AM Calculated day 1097
06/21/2022 01:40:02 AM Calculated day 1098
06/21/2022 01:40:08 AM Calculated day 1099
06/21/2022 01:40:14 AM Calculated day 1100
06/21/2022 01:40:21 AM Calculated day 1101
06/21/2022 01:40:27 AM Calculated day 1102
06/21/2022 01:40:33 AM Calculated day 1103
06/21/2022 01:40:40 AM Calculated day 1104
06/21/2022 01:40:46 AM Calculated day 1105
06/21/2022 01:40:53 AM Calculated day 1106
06/21/2022 01:40:59 AM Calculated day 1107
06/21/2022 01:41:05 AM Calculated day 1108
06/21/2022 01:41:12 AM Calculated day 1109
06/21/2022 01:41:18 AM Calculated day 1110
06/21/2022 01:41:25 AM Calculated day 1111
06/21/2022 01:41:31 AM Calculated day 1112
06/21/2022 01:41:37 AM Calculated day 1113
06/21/2022 01:41:44 AM Calculated day 1114
06/21/2022 01:41:50 AM Calculated day 1115
06/21/2022 01:41:57 AM Calculated day 1116
06/21/2022 01:42:03 AM Calculated day 1117
06/21/2022 01:42:09 AM Calculated day 1118
06/21/2022 01:42:16 AM Calculated day 1119
06/21/2022 01:42:22 AM Calculated day 1120
06/21/2022 01:42:29 AM Calculated day 1121
06/21/2022 01:42:35 AM Calculated day 1122
06/21/2022 01:42:41 AM Calculated day 1123
06/21/2022 01:42:48 AM Calculated day 1124
06/21/2022 01:42:54 AM Calculated day 1125
06/21/2022 01:43:01 AM Calculated day 1126
06/21/2022 01:43:07 AM Calculated day 1127
06/21/2022 01:43:13 AM Calculated day 1128
06/21/2022 01:43:20 AM Calculated day 1129
06/21/2022 01:43:26 AM Calculated day 1130
06/21/2022 01:43:32 AM Calculated day 1131
06/21/2022 01:43:39 AM Calculated day 1132
06/21/2022 01:43:45 AM Calculated day 1133
06/21/2022 01:43:52 AM Calculated day 1134
06/21/2022 01:43:58 AM Calculated day 1135
06/21/2022 01:44:04 AM Calculated day 1136
06/21/2022 01:44:11 AM Calculated day 1137
06/21/2022 01:44:17 AM Calculated day 1138
06/21/2022 01:44:24 AM Calculated day 1139
06/21/2022 01:44:30 AM Calculated day 1140
06/21/2022 01:44:37 AM Calculated day 1141
06/21/2022 01:44:43 AM Calculated day 1142
06/21/2022 01:44:49 AM Calculated day 1143
06/21/2022 01:44:56 AM Calculated day 1144
06/21/2022 01:45:02 AM Calculated day 1145
06/21/2022 01:45:08 AM Calculated day 1146
06/21/2022 01:45:15 AM Calculated day 1147
06/21/2022 01:45:21 AM Calculated day 1148
06/21/2022 01:45:27 AM Calculated day 1149
06/21/2022 01:45:34 AM Calculated day 1150
06/21/2022 01:45:40 AM Calculated day 1151
06/21/2022 01:45:47 AM Calculated day 1152
06/21/2022 01:45:53 AM Calculated day 1153
06/21/2022 01:46:00 AM Calculated day 1154
06/21/2022 01:46:06 AM Calculated day 1155
06/21/2022 01:46:12 AM Calculated day 1156
06/21/2022 01:46:19 AM Calculated day 1157
06/21/2022 01:46:25 AM Calculated day 1158
06/21/2022 01:46:31 AM Calculated day 1159
06/21/2022 01:46:38 AM Calculated day 1160
06/21/2022 01:46:44 AM Calculated day 1161
06/21/2022 01:46:51 AM Calculated day 1162
06/21/2022 01:46:57 AM Calculated day 1163
06/21/2022 01:47:03 AM Calculated day 1164
06/21/2022 01:47:10 AM Calculated day 1165
06/21/2022 01:47:16 AM Calculated day 1166
06/21/2022 01:47:23 AM Calculated day 1167
06/21/2022 01:47:30 AM Calculated day 1168
06/21/2022 01:47:37 AM Calculated day 1169
06/21/2022 01:47:44 AM Calculated day 1170
06/21/2022 01:47:51 AM Calculated day 1171
06/21/2022 01:47:58 AM Calculated day 1172
06/21/2022 01:48:04 AM Calculated day 1173
06/21/2022 01:48:11 AM Calculated day 1174
06/21/2022 01:48:17 AM Calculated day 1175
06/21/2022 01:48:24 AM Calculated day 1176
06/21/2022 01:48:30 AM Calculated day 1177
06/21/2022 01:48:36 AM Calculated day 1178
06/21/2022 01:48:43 AM Calculated day 1179
06/21/2022 01:48:49 AM Calculated day 1180
06/21/2022 01:48:56 AM Calculated day 1181
06/21/2022 01:49:02 AM Calculated day 1182
06/21/2022 01:49:08 AM Calculated day 1183
06/21/2022 01:49:15 AM Calculated day 1184
06/21/2022 01:49:21 AM Calculated day 1185
06/21/2022 01:49:27 AM Calculated day 1186
06/21/2022 01:49:34 AM Calculated day 1187
06/21/2022 01:49:40 AM Calculated day 1188
06/21/2022 01:49:47 AM Calculated day 1189
06/21/2022 01:49:53 AM Calculated day 1190
06/21/2022 01:49:59 AM Calculated day 1191
06/21/2022 01:50:06 AM Calculated day 1192
06/21/2022 01:50:12 AM Calculated day 1193
06/21/2022 01:50:18 AM Calculated day 1194
06/21/2022 01:50:25 AM Calculated day 1195
06/21/2022 01:50:31 AM Calculated day 1196
06/21/2022 01:50:38 AM Calculated day 1197
06/21/2022 01:50:44 AM Calculated day 1198
06/21/2022 01:50:51 AM Calculated day 1199
06/21/2022 01:58:26 AM Saved data in /data/pbarpanda/spherical_SWE/evaluate_final_budget/transient_U_propagate_forcing_diff_Heq//dt_150_Q_forcing_10_forcing_y_0_Hmean_500_forcing_phase_speed_80_ms/U_up_days_800//H0_5000/
06/21/2022 01:58:30 AM  ========== CODE RAN SUCCESSFULLY, congrats! ================
06/21/2022 01:58:30 AM  -----> Total Time taken = 8340.647  <----
