06/14/2022 12:54:47 AM **********************************
06/14/2022 12:54:47 AM /data/pbarpanda/spherical_SWE/evaluate_final_budget/transient_U_propagate_forcing_diff_Heq//dt_150_Q_forcing_10_forcing_y_0_Hmean_500_forcing_phase_speed_0_ms/U_up_days_217/
06/14/2022 12:54:47 AM **********************************
06/14/2022 12:54:47 AM Calculated day 0
06/14/2022 12:54:53 AM Calculated day 1
06/14/2022 12:55:00 AM Calculated day 2
06/14/2022 12:55:06 AM Calculated day 3
06/14/2022 12:55:12 AM Calculated day 4
06/14/2022 12:55:19 AM Calculated day 5
06/14/2022 12:55:25 AM Calculated day 6
06/14/2022 12:55:32 AM Calculated day 7
06/14/2022 12:55:38 AM Calculated day 8
06/14/2022 12:55:44 AM Calculated day 9
06/14/2022 12:55:51 AM Calculated day 10
06/14/2022 12:55:57 AM Calculated day 11
06/14/2022 12:56:03 AM Calculated day 12
06/14/2022 12:56:10 AM Calculated day 13
06/14/2022 12:56:16 AM Calculated day 14
06/14/2022 12:56:22 AM Calculated day 15
06/14/2022 12:56:29 AM Calculated day 16
06/14/2022 12:56:35 AM Calculated day 17
06/14/2022 12:56:41 AM Calculated day 18
06/14/2022 12:56:48 AM Calculated day 19
06/14/2022 12:56:54 AM Calculated day 20
06/14/2022 12:57:00 AM Calculated day 21
06/14/2022 12:57:07 AM Calculated day 22
06/14/2022 12:57:13 AM Calculated day 23
06/14/2022 12:57:19 AM Calculated day 24
06/14/2022 12:57:26 AM Calculated day 25
06/14/2022 12:57:32 AM Calculated day 26
06/14/2022 12:57:38 AM Calculated day 27
06/14/2022 12:57:45 AM Calculated day 28
06/14/2022 12:57:51 AM Calculated day 29
06/14/2022 12:57:58 AM Calculated day 30
06/14/2022 12:58:04 AM Calculated day 31
06/14/2022 12:58:10 AM Calculated day 32
06/14/2022 12:58:17 AM Calculated day 33
06/14/2022 12:58:23 AM Calculated day 34
06/14/2022 12:58:29 AM Calculated day 35
06/14/2022 12:58:36 AM Calculated day 36
06/14/2022 12:58:42 AM Calculated day 37
06/14/2022 12:58:49 AM Calculated day 38
06/14/2022 12:58:55 AM Calculated day 39
06/14/2022 12:59:01 AM Calculated day 40
06/14/2022 12:59:08 AM Calculated day 41
06/14/2022 12:59:14 AM Calculated day 42
06/14/2022 12:59:20 AM Calculated day 43
06/14/2022 12:59:27 AM Calculated day 44
06/14/2022 12:59:33 AM Calculated day 45
06/14/2022 12:59:39 AM Calculated day 46
06/14/2022 12:59:46 AM Calculated day 47
06/14/2022 12:59:52 AM Calculated day 48
06/14/2022 12:59:58 AM Calculated day 49
06/14/2022 01:00:05 AM Calculated day 50
06/14/2022 01:00:11 AM Calculated day 51
06/14/2022 01:00:17 AM Calculated day 52
06/14/2022 01:00:24 AM Calculated day 53
06/14/2022 01:00:30 AM Calculated day 54
06/14/2022 01:00:36 AM Calculated day 55
06/14/2022 01:00:43 AM Calculated day 56
06/14/2022 01:00:49 AM Calculated day 57
06/14/2022 01:00:55 AM Calculated day 58
06/14/2022 01:01:02 AM Calculated day 59
06/14/2022 01:01:08 AM Calculated day 60
06/14/2022 01:01:15 AM Calculated day 61
06/14/2022 01:01:21 AM Calculated day 62
06/14/2022 01:01:27 AM Calculated day 63
06/14/2022 01:01:34 AM Calculated day 64
06/14/2022 01:01:40 AM Calculated day 65
06/14/2022 01:01:46 AM Calculated day 66
06/14/2022 01:01:53 AM Calculated day 67
06/14/2022 01:01:59 AM Calculated day 68
06/14/2022 01:02:05 AM Calculated day 69
06/14/2022 01:02:12 AM Calculated day 70
06/14/2022 01:02:18 AM Calculated day 71
06/14/2022 01:02:24 AM Calculated day 72
06/14/2022 01:02:31 AM Calculated day 73
06/14/2022 01:02:37 AM Calculated day 74
06/14/2022 01:02:43 AM Calculated day 75
06/14/2022 01:02:50 AM Calculated day 76
06/14/2022 01:02:56 AM Calculated day 77
06/14/2022 01:03:02 AM Calculated day 78
06/14/2022 01:03:09 AM Calculated day 79
06/14/2022 01:03:15 AM Calculated day 80
06/14/2022 01:03:21 AM Calculated day 81
06/14/2022 01:03:28 AM Calculated day 82
06/14/2022 01:03:34 AM Calculated day 83
06/14/2022 01:03:41 AM Calculated day 84
06/14/2022 01:03:47 AM Calculated day 85
06/14/2022 01:03:53 AM Calculated day 86
06/14/2022 01:04:00 AM Calculated day 87
06/14/2022 01:04:06 AM Calculated day 88
06/14/2022 01:04:12 AM Calculated day 89
06/14/2022 01:04:19 AM Calculated day 90
06/14/2022 01:04:25 AM Calculated day 91
06/14/2022 01:04:31 AM Calculated day 92
06/14/2022 01:04:38 AM Calculated day 93
06/14/2022 01:04:44 AM Calculated day 94
06/14/2022 01:04:50 AM Calculated day 95
06/14/2022 01:04:57 AM Calculated day 96
06/14/2022 01:05:03 AM Calculated day 97
06/14/2022 01:05:09 AM Calculated day 98
06/14/2022 01:05:16 AM Calculated day 99
06/14/2022 01:05:22 AM Calculated day 100
06/14/2022 01:05:28 AM Calculated day 101
06/14/2022 01:05:35 AM Calculated day 102
06/14/2022 01:05:41 AM Calculated day 103
06/14/2022 01:05:48 AM Calculated day 104
06/14/2022 01:05:54 AM Calculated day 105
06/14/2022 01:06:00 AM Calculated day 106
06/14/2022 01:06:07 AM Calculated day 107
06/14/2022 01:06:13 AM Calculated day 108
06/14/2022 01:06:19 AM Calculated day 109
06/14/2022 01:06:26 AM Calculated day 110
06/14/2022 01:06:32 AM Calculated day 111
06/14/2022 01:06:38 AM Calculated day 112
06/14/2022 01:06:45 AM Calculated day 113
06/14/2022 01:06:51 AM Calculated day 114
06/14/2022 01:06:58 AM Calculated day 115
06/14/2022 01:07:04 AM Calculated day 116
06/14/2022 01:07:10 AM Calculated day 117
06/14/2022 01:07:17 AM Calculated day 118
06/14/2022 01:07:23 AM Calculated day 119
06/14/2022 01:07:29 AM Calculated day 120
06/14/2022 01:07:36 AM Calculated day 121
06/14/2022 01:07:42 AM Calculated day 122
06/14/2022 01:07:49 AM Calculated day 123
06/14/2022 01:07:55 AM Calculated day 124
06/14/2022 01:08:01 AM Calculated day 125
06/14/2022 01:08:08 AM Calculated day 126
06/14/2022 01:08:14 AM Calculated day 127
06/14/2022 01:08:20 AM Calculated day 128
06/14/2022 01:08:27 AM Calculated day 129
06/14/2022 01:08:33 AM Calculated day 130
06/14/2022 01:08:39 AM Calculated day 131
06/14/2022 01:08:46 AM Calculated day 132
06/14/2022 01:08:52 AM Calculated day 133
06/14/2022 01:08:58 AM Calculated day 134
06/14/2022 01:09:05 AM Calculated day 135
06/14/2022 01:09:11 AM Calculated day 136
06/14/2022 01:09:17 AM Calculated day 137
06/14/2022 01:09:24 AM Calculated day 138
06/14/2022 01:09:30 AM Calculated day 139
06/14/2022 01:09:36 AM Calculated day 140
06/14/2022 01:09:43 AM Calculated day 141
06/14/2022 01:09:49 AM Calculated day 142
06/14/2022 01:09:56 AM Calculated day 143
06/14/2022 01:10:02 AM Calculated day 144
06/14/2022 01:10:08 AM Calculated day 145
06/14/2022 01:10:15 AM Calculated day 146
06/14/2022 01:10:21 AM Calculated day 147
06/14/2022 01:10:27 AM Calculated day 148
06/14/2022 01:10:34 AM Calculated day 149
06/14/2022 01:10:40 AM Calculated day 150
06/14/2022 01:10:46 AM Calculated day 151
06/14/2022 01:10:53 AM Calculated day 152
06/14/2022 01:10:59 AM Calculated day 153
06/14/2022 01:11:06 AM Calculated day 154
06/14/2022 01:11:12 AM Calculated day 155
06/14/2022 01:11:18 AM Calculated day 156
06/14/2022 01:11:25 AM Calculated day 157
06/14/2022 01:11:31 AM Calculated day 158
06/14/2022 01:11:37 AM Calculated day 159
06/14/2022 01:11:44 AM Calculated day 160
06/14/2022 01:11:50 AM Calculated day 161
06/14/2022 01:11:56 AM Calculated day 162
06/14/2022 01:12:03 AM Calculated day 163
06/14/2022 01:12:09 AM Calculated day 164
06/14/2022 01:12:15 AM Calculated day 165
06/14/2022 01:12:22 AM Calculated day 166
06/14/2022 01:12:28 AM Calculated day 167
06/14/2022 01:12:35 AM Calculated day 168
06/14/2022 01:12:41 AM Calculated day 169
06/14/2022 01:12:47 AM Calculated day 170
06/14/2022 01:12:54 AM Calculated day 171
06/14/2022 01:13:00 AM Calculated day 172
06/14/2022 01:13:06 AM Calculated day 173
06/14/2022 01:13:13 AM Calculated day 174
06/14/2022 01:13:19 AM Calculated day 175
06/14/2022 01:13:25 AM Calculated day 176
06/14/2022 01:13:32 AM Calculated day 177
06/14/2022 01:13:38 AM Calculated day 178
06/14/2022 01:13:44 AM Calculated day 179
06/14/2022 01:13:51 AM Calculated day 180
06/14/2022 01:13:57 AM Calculated day 181
06/14/2022 01:14:03 AM Calculated day 182
06/14/2022 01:14:10 AM Calculated day 183
06/14/2022 01:14:16 AM Calculated day 184
06/14/2022 01:14:22 AM Calculated day 185
06/14/2022 01:14:29 AM Calculated day 186
06/14/2022 01:14:35 AM Calculated day 187
06/14/2022 01:14:41 AM Calculated day 188
06/14/2022 01:14:48 AM Calculated day 189
06/14/2022 01:14:54 AM Calculated day 190
06/14/2022 01:15:00 AM Calculated day 191
06/14/2022 01:15:07 AM Calculated day 192
06/14/2022 01:15:13 AM Calculated day 193
06/14/2022 01:15:19 AM Calculated day 194
06/14/2022 01:15:26 AM Calculated day 195
06/14/2022 01:15:32 AM Calculated day 196
06/14/2022 01:15:39 AM Calculated day 197
06/14/2022 01:15:45 AM Calculated day 198
06/14/2022 01:15:51 AM Calculated day 199
06/14/2022 01:15:58 AM Calculated day 200
06/14/2022 01:16:04 AM Calculated day 201
06/14/2022 01:16:10 AM Calculated day 202
06/14/2022 01:16:17 AM Calculated day 203
06/14/2022 01:16:23 AM Calculated day 204
06/14/2022 01:16:30 AM Calculated day 205
06/14/2022 01:16:36 AM Calculated day 206
06/14/2022 01:16:42 AM Calculated day 207
06/14/2022 01:16:49 AM Calculated day 208
06/14/2022 01:16:55 AM Calculated day 209
06/14/2022 01:17:01 AM Calculated day 210
06/14/2022 01:17:08 AM Calculated day 211
06/14/2022 01:17:14 AM Calculated day 212
06/14/2022 01:17:20 AM Calculated day 213
06/14/2022 01:17:27 AM Calculated day 214
06/14/2022 01:17:33 AM Calculated day 215
06/14/2022 01:17:40 AM Calculated day 216
06/14/2022 01:17:47 AM Calculated day 217
06/14/2022 01:17:56 AM Calculated day 218
06/14/2022 01:18:03 AM Calculated day 219
06/14/2022 01:18:09 AM Calculated day 220
06/14/2022 01:18:16 AM Calculated day 221
06/14/2022 01:18:22 AM Calculated day 222
06/14/2022 01:18:28 AM Calculated day 223
06/14/2022 01:18:35 AM Calculated day 224
06/14/2022 01:18:41 AM Calculated day 225
06/14/2022 01:18:48 AM Calculated day 226
06/14/2022 01:18:54 AM Calculated day 227
06/14/2022 01:19:00 AM Calculated day 228
06/14/2022 01:19:07 AM Calculated day 229
06/14/2022 01:19:13 AM Calculated day 230
06/14/2022 01:19:19 AM Calculated day 231
06/14/2022 01:19:26 AM Calculated day 232
06/14/2022 01:19:32 AM Calculated day 233
06/14/2022 01:19:38 AM Calculated day 234
06/14/2022 01:19:45 AM Calculated day 235
06/14/2022 01:19:51 AM Calculated day 236
06/14/2022 01:19:57 AM Calculated day 237
06/14/2022 01:20:04 AM Calculated day 238
06/14/2022 01:20:10 AM Calculated day 239
06/14/2022 01:20:16 AM Calculated day 240
06/14/2022 01:20:23 AM Calculated day 241
06/14/2022 01:20:29 AM Calculated day 242
06/14/2022 01:20:36 AM Calculated day 243
06/14/2022 01:20:42 AM Calculated day 244
06/14/2022 01:20:48 AM Calculated day 245
06/14/2022 01:20:55 AM Calculated day 246
06/14/2022 01:21:01 AM Calculated day 247
06/14/2022 01:21:07 AM Calculated day 248
06/14/2022 01:21:14 AM Calculated day 249
06/14/2022 01:21:20 AM Calculated day 250
06/14/2022 01:21:26 AM Calculated day 251
06/14/2022 01:21:33 AM Calculated day 252
06/14/2022 01:21:39 AM Calculated day 253
06/14/2022 01:21:45 AM Calculated day 254
06/14/2022 01:21:52 AM Calculated day 255
06/14/2022 01:21:58 AM Calculated day 256
06/14/2022 01:22:05 AM Calculated day 257
06/14/2022 01:22:11 AM Calculated day 258
06/14/2022 01:22:17 AM Calculated day 259
06/14/2022 01:22:24 AM Calculated day 260
06/14/2022 01:22:30 AM Calculated day 261
06/14/2022 01:22:36 AM Calculated day 262
06/14/2022 01:22:43 AM Calculated day 263
06/14/2022 01:22:49 AM Calculated day 264
06/14/2022 01:22:55 AM Calculated day 265
06/14/2022 01:23:02 AM Calculated day 266
06/14/2022 01:23:08 AM Calculated day 267
06/14/2022 01:23:14 AM Calculated day 268
06/14/2022 01:23:21 AM Calculated day 269
06/14/2022 01:23:27 AM Calculated day 270
06/14/2022 01:23:33 AM Calculated day 271
06/14/2022 01:23:40 AM Calculated day 272
06/14/2022 01:23:46 AM Calculated day 273
06/14/2022 01:23:53 AM Calculated day 274
06/14/2022 01:23:59 AM Calculated day 275
06/14/2022 01:24:05 AM Calculated day 276
06/14/2022 01:24:12 AM Calculated day 277
06/14/2022 01:24:18 AM Calculated day 278
06/14/2022 01:24:24 AM Calculated day 279
06/14/2022 01:24:31 AM Calculated day 280
06/14/2022 01:24:37 AM Calculated day 281
06/14/2022 01:24:43 AM Calculated day 282
06/14/2022 01:24:50 AM Calculated day 283
06/14/2022 01:24:56 AM Calculated day 284
06/14/2022 01:25:03 AM Calculated day 285
06/14/2022 01:25:09 AM Calculated day 286
06/14/2022 01:25:15 AM Calculated day 287
06/14/2022 01:25:22 AM Calculated day 288
06/14/2022 01:25:28 AM Calculated day 289
06/14/2022 01:25:34 AM Calculated day 290
06/14/2022 01:25:41 AM Calculated day 291
06/14/2022 01:25:47 AM Calculated day 292
06/14/2022 01:25:54 AM Calculated day 293
06/14/2022 01:26:00 AM Calculated day 294
06/14/2022 01:26:06 AM Calculated day 295
06/14/2022 01:26:13 AM Calculated day 296
06/14/2022 01:26:19 AM Calculated day 297
06/14/2022 01:26:25 AM Calculated day 298
06/14/2022 01:26:32 AM Calculated day 299
06/14/2022 01:26:38 AM Calculated day 300
06/14/2022 01:26:44 AM Calculated day 301
06/14/2022 01:26:51 AM Calculated day 302
06/14/2022 01:26:57 AM Calculated day 303
06/14/2022 01:27:03 AM Calculated day 304
06/14/2022 01:27:10 AM Calculated day 305
06/14/2022 01:27:16 AM Calculated day 306
06/14/2022 01:27:22 AM Calculated day 307
06/14/2022 01:27:29 AM Calculated day 308
06/14/2022 01:27:36 AM Calculated day 309
06/14/2022 01:27:42 AM Calculated day 310
06/14/2022 01:27:49 AM Calculated day 311
06/14/2022 01:27:55 AM Calculated day 312
06/14/2022 01:28:01 AM Calculated day 313
06/14/2022 01:28:08 AM Calculated day 314
06/14/2022 01:28:14 AM Calculated day 315
06/14/2022 01:28:20 AM Calculated day 316
06/14/2022 01:28:27 AM Calculated day 317
06/14/2022 01:28:33 AM Calculated day 318
06/14/2022 01:28:40 AM Calculated day 319
06/14/2022 01:28:46 AM Calculated day 320
06/14/2022 01:28:52 AM Calculated day 321
06/14/2022 01:28:59 AM Calculated day 322
06/14/2022 01:29:05 AM Calculated day 323
06/14/2022 01:29:11 AM Calculated day 324
06/14/2022 01:29:18 AM Calculated day 325
06/14/2022 01:29:24 AM Calculated day 326
06/14/2022 01:29:30 AM Calculated day 327
06/14/2022 01:29:37 AM Calculated day 328
06/14/2022 01:29:43 AM Calculated day 329
06/14/2022 01:29:50 AM Calculated day 330
06/14/2022 01:29:56 AM Calculated day 331
06/14/2022 01:30:02 AM Calculated day 332
06/14/2022 01:30:09 AM Calculated day 333
06/14/2022 01:30:15 AM Calculated day 334
06/14/2022 01:30:21 AM Calculated day 335
06/14/2022 01:30:28 AM Calculated day 336
06/14/2022 01:30:34 AM Calculated day 337
06/14/2022 01:30:40 AM Calculated day 338
06/14/2022 01:30:47 AM Calculated day 339
06/14/2022 01:30:53 AM Calculated day 340
06/14/2022 01:31:00 AM Calculated day 341
06/14/2022 01:31:06 AM Calculated day 342
06/14/2022 01:31:12 AM Calculated day 343
06/14/2022 01:31:19 AM Calculated day 344
06/14/2022 01:31:25 AM Calculated day 345
06/14/2022 01:31:31 AM Calculated day 346
06/14/2022 01:31:38 AM Calculated day 347
06/14/2022 01:31:44 AM Calculated day 348
06/14/2022 01:31:50 AM Calculated day 349
06/14/2022 01:31:57 AM Calculated day 350
06/14/2022 01:32:03 AM Calculated day 351
06/14/2022 01:32:10 AM Calculated day 352
06/14/2022 01:32:16 AM Calculated day 353
06/14/2022 01:32:22 AM Calculated day 354
06/14/2022 01:32:29 AM Calculated day 355
06/14/2022 01:32:35 AM Calculated day 356
06/14/2022 01:32:41 AM Calculated day 357
06/14/2022 01:32:48 AM Calculated day 358
06/14/2022 01:32:54 AM Calculated day 359
06/14/2022 01:33:00 AM Calculated day 360
06/14/2022 01:33:07 AM Calculated day 361
06/14/2022 01:33:13 AM Calculated day 362
06/14/2022 01:33:19 AM Calculated day 363
06/14/2022 01:33:26 AM Calculated day 364
06/14/2022 01:33:32 AM Calculated day 365
06/14/2022 01:33:38 AM Calculated day 366
06/14/2022 01:33:45 AM Calculated day 367
06/14/2022 01:33:51 AM Calculated day 368
06/14/2022 01:33:58 AM Calculated day 369
06/14/2022 01:34:04 AM Calculated day 370
06/14/2022 01:34:10 AM Calculated day 371
06/14/2022 01:34:17 AM Calculated day 372
06/14/2022 01:34:23 AM Calculated day 373
06/14/2022 01:34:29 AM Calculated day 374
06/14/2022 01:34:36 AM Calculated day 375
06/14/2022 01:34:42 AM Calculated day 376
06/14/2022 01:34:48 AM Calculated day 377
06/14/2022 01:34:55 AM Calculated day 378
06/14/2022 01:35:01 AM Calculated day 379
06/14/2022 01:35:08 AM Calculated day 380
06/14/2022 01:35:14 AM Calculated day 381
06/14/2022 01:35:20 AM Calculated day 382
06/14/2022 01:35:27 AM Calculated day 383
06/14/2022 01:35:33 AM Calculated day 384
06/14/2022 01:35:39 AM Calculated day 385
06/14/2022 01:35:46 AM Calculated day 386
06/14/2022 01:35:52 AM Calculated day 387
06/14/2022 01:35:58 AM Calculated day 388
06/14/2022 01:36:05 AM Calculated day 389
06/14/2022 01:36:11 AM Calculated day 390
06/14/2022 01:36:17 AM Calculated day 391
06/14/2022 01:36:24 AM Calculated day 392
06/14/2022 01:36:30 AM Calculated day 393
06/14/2022 01:36:36 AM Calculated day 394
06/14/2022 01:36:43 AM Calculated day 395
06/14/2022 01:36:49 AM Calculated day 396
06/14/2022 01:36:56 AM Calculated day 397
06/14/2022 01:37:02 AM Calculated day 398
06/14/2022 01:37:08 AM Calculated day 399
06/14/2022 01:37:15 AM Calculated day 400
06/14/2022 01:37:21 AM Calculated day 401
06/14/2022 01:37:27 AM Calculated day 402
06/14/2022 01:37:34 AM Calculated day 403
06/14/2022 01:37:41 AM Calculated day 404
06/14/2022 01:37:48 AM Calculated day 405
06/14/2022 01:37:55 AM Calculated day 406
06/14/2022 01:38:02 AM Calculated day 407
06/14/2022 01:38:09 AM Calculated day 408
06/14/2022 01:38:15 AM Calculated day 409
06/14/2022 01:38:22 AM Calculated day 410
06/14/2022 01:38:28 AM Calculated day 411
06/14/2022 01:38:35 AM Calculated day 412
06/14/2022 01:38:41 AM Calculated day 413
06/14/2022 01:38:47 AM Calculated day 414
06/14/2022 01:38:54 AM Calculated day 415
06/14/2022 01:39:00 AM Calculated day 416
06/14/2022 01:39:07 AM Calculated day 417
06/14/2022 01:39:13 AM Calculated day 418
06/14/2022 01:39:19 AM Calculated day 419
06/14/2022 01:39:26 AM Calculated day 420
06/14/2022 01:39:32 AM Calculated day 421
06/14/2022 01:39:38 AM Calculated day 422
06/14/2022 01:39:45 AM Calculated day 423
06/14/2022 01:39:51 AM Calculated day 424
06/14/2022 01:39:57 AM Calculated day 425
06/14/2022 01:40:04 AM Calculated day 426
06/14/2022 01:40:10 AM Calculated day 427
06/14/2022 01:40:16 AM Calculated day 428
06/14/2022 01:40:23 AM Calculated day 429
06/14/2022 01:40:29 AM Calculated day 430
06/14/2022 01:40:36 AM Calculated day 431
06/14/2022 01:40:42 AM Calculated day 432
06/14/2022 01:40:48 AM Calculated day 433
06/14/2022 01:40:55 AM Calculated day 434
06/14/2022 01:41:01 AM Calculated day 435
06/14/2022 01:41:07 AM Calculated day 436
06/14/2022 01:41:14 AM Calculated day 437
06/14/2022 01:41:20 AM Calculated day 438
06/14/2022 01:41:26 AM Calculated day 439
06/14/2022 01:41:33 AM Calculated day 440
06/14/2022 01:41:39 AM Calculated day 441
06/14/2022 01:41:45 AM Calculated day 442
06/14/2022 01:41:52 AM Calculated day 443
06/14/2022 01:41:58 AM Calculated day 444
06/14/2022 01:42:04 AM Calculated day 445
06/14/2022 01:42:11 AM Calculated day 446
06/14/2022 01:42:17 AM Calculated day 447
06/14/2022 01:42:24 AM Calculated day 448
06/14/2022 01:42:30 AM Calculated day 449
06/14/2022 01:42:36 AM Calculated day 450
06/14/2022 01:42:43 AM Calculated day 451
06/14/2022 01:42:49 AM Calculated day 452
06/14/2022 01:42:55 AM Calculated day 453
06/14/2022 01:43:02 AM Calculated day 454
06/14/2022 01:43:08 AM Calculated day 455
06/14/2022 01:43:14 AM Calculated day 456
06/14/2022 01:43:21 AM Calculated day 457
06/14/2022 01:43:27 AM Calculated day 458
06/14/2022 01:43:33 AM Calculated day 459
06/14/2022 01:43:40 AM Calculated day 460
06/14/2022 01:43:46 AM Calculated day 461
06/14/2022 01:43:53 AM Calculated day 462
06/14/2022 01:43:59 AM Calculated day 463
06/14/2022 01:44:05 AM Calculated day 464
06/14/2022 01:44:12 AM Calculated day 465
06/14/2022 01:44:18 AM Calculated day 466
06/14/2022 01:44:24 AM Calculated day 467
06/14/2022 01:44:31 AM Calculated day 468
06/14/2022 01:44:37 AM Calculated day 469
06/14/2022 01:44:43 AM Calculated day 470
06/14/2022 01:44:50 AM Calculated day 471
06/14/2022 01:44:56 AM Calculated day 472
06/14/2022 01:45:03 AM Calculated day 473
06/14/2022 01:45:09 AM Calculated day 474
06/14/2022 01:45:15 AM Calculated day 475
06/14/2022 01:45:22 AM Calculated day 476
06/14/2022 01:45:28 AM Calculated day 477
06/14/2022 01:45:34 AM Calculated day 478
06/14/2022 01:45:41 AM Calculated day 479
06/14/2022 01:45:47 AM Calculated day 480
06/14/2022 01:45:53 AM Calculated day 481
06/14/2022 01:46:00 AM Calculated day 482
06/14/2022 01:46:06 AM Calculated day 483
06/14/2022 01:46:13 AM Calculated day 484
06/14/2022 01:46:19 AM Calculated day 485
06/14/2022 01:46:25 AM Calculated day 486
06/14/2022 01:46:32 AM Calculated day 487
06/14/2022 01:46:38 AM Calculated day 488
06/14/2022 01:46:44 AM Calculated day 489
06/14/2022 01:46:51 AM Calculated day 490
06/14/2022 01:46:57 AM Calculated day 491
06/14/2022 01:47:03 AM Calculated day 492
06/14/2022 01:47:10 AM Calculated day 493
06/14/2022 01:47:16 AM Calculated day 494
06/14/2022 01:47:22 AM Calculated day 495
06/14/2022 01:47:29 AM Calculated day 496
06/14/2022 01:47:35 AM Calculated day 497
06/14/2022 01:47:42 AM Calculated day 498
06/14/2022 01:47:48 AM Calculated day 499
06/14/2022 01:47:54 AM Calculated day 500
06/14/2022 01:48:01 AM Calculated day 501
06/14/2022 01:48:07 AM Calculated day 502
06/14/2022 01:48:13 AM Calculated day 503
06/14/2022 01:48:20 AM Calculated day 504
06/14/2022 01:48:26 AM Calculated day 505
06/14/2022 01:48:33 AM Calculated day 506
06/14/2022 01:48:39 AM Calculated day 507
06/14/2022 01:48:45 AM Calculated day 508
06/14/2022 01:48:52 AM Calculated day 509
06/14/2022 01:48:58 AM Calculated day 510
06/14/2022 01:49:04 AM Calculated day 511
06/14/2022 01:49:11 AM Calculated day 512
06/14/2022 01:49:17 AM Calculated day 513
06/14/2022 01:49:23 AM Calculated day 514
06/14/2022 01:49:30 AM Calculated day 515
06/14/2022 01:49:36 AM Calculated day 516
06/14/2022 01:49:43 AM Calculated day 517
06/14/2022 01:49:49 AM Calculated day 518
06/14/2022 01:49:55 AM Calculated day 519
06/14/2022 01:50:02 AM Calculated day 520
06/14/2022 01:50:08 AM Calculated day 521
06/14/2022 01:50:14 AM Calculated day 522
06/14/2022 01:50:21 AM Calculated day 523
06/14/2022 01:50:27 AM Calculated day 524
06/14/2022 01:50:33 AM Calculated day 525
06/14/2022 01:50:40 AM Calculated day 526
06/14/2022 01:50:46 AM Calculated day 527
06/14/2022 01:50:53 AM Calculated day 528
06/14/2022 01:50:59 AM Calculated day 529
06/14/2022 01:51:05 AM Calculated day 530
06/14/2022 01:51:12 AM Calculated day 531
06/14/2022 01:51:18 AM Calculated day 532
06/14/2022 01:51:24 AM Calculated day 533
06/14/2022 01:51:31 AM Calculated day 534
06/14/2022 01:51:37 AM Calculated day 535
06/14/2022 01:51:43 AM Calculated day 536
06/14/2022 01:51:50 AM Calculated day 537
06/14/2022 01:51:56 AM Calculated day 538
06/14/2022 01:52:02 AM Calculated day 539
06/14/2022 01:52:09 AM Calculated day 540
06/14/2022 01:52:15 AM Calculated day 541
06/14/2022 01:52:22 AM Calculated day 542
06/14/2022 01:52:28 AM Calculated day 543
06/14/2022 01:52:34 AM Calculated day 544
06/14/2022 01:52:41 AM Calculated day 545
06/14/2022 01:52:47 AM Calculated day 546
06/14/2022 01:52:53 AM Calculated day 547
06/14/2022 01:53:00 AM Calculated day 548
06/14/2022 01:53:06 AM Calculated day 549
06/14/2022 01:53:12 AM Calculated day 550
06/14/2022 01:53:19 AM Calculated day 551
06/14/2022 01:53:25 AM Calculated day 552
06/14/2022 01:53:32 AM Calculated day 553
06/14/2022 01:53:38 AM Calculated day 554
06/14/2022 01:53:44 AM Calculated day 555
06/14/2022 01:53:51 AM Calculated day 556
06/14/2022 01:53:57 AM Calculated day 557
06/14/2022 01:54:03 AM Calculated day 558
06/14/2022 01:54:10 AM Calculated day 559
06/14/2022 01:54:16 AM Calculated day 560
06/14/2022 01:54:22 AM Calculated day 561
06/14/2022 01:54:29 AM Calculated day 562
06/14/2022 01:54:35 AM Calculated day 563
06/14/2022 01:54:42 AM Calculated day 564
06/14/2022 01:54:48 AM Calculated day 565
06/14/2022 01:54:54 AM Calculated day 566
06/14/2022 01:55:01 AM Calculated day 567
06/14/2022 01:55:07 AM Calculated day 568
06/14/2022 01:55:13 AM Calculated day 569
06/14/2022 01:55:20 AM Calculated day 570
06/14/2022 01:55:26 AM Calculated day 571
06/14/2022 01:55:32 AM Calculated day 572
06/14/2022 01:55:39 AM Calculated day 573
06/14/2022 01:55:45 AM Calculated day 574
06/14/2022 01:55:51 AM Calculated day 575
06/14/2022 01:55:58 AM Calculated day 576
06/14/2022 01:56:04 AM Calculated day 577
06/14/2022 01:56:11 AM Calculated day 578
06/14/2022 01:56:17 AM Calculated day 579
06/14/2022 01:56:23 AM Calculated day 580
06/14/2022 01:56:30 AM Calculated day 581
06/14/2022 01:56:36 AM Calculated day 582
06/14/2022 01:56:42 AM Calculated day 583
06/14/2022 01:56:49 AM Calculated day 584
06/14/2022 01:56:55 AM Calculated day 585
06/14/2022 01:57:01 AM Calculated day 586
06/14/2022 01:57:08 AM Calculated day 587
06/14/2022 01:57:14 AM Calculated day 588
06/14/2022 01:57:21 AM Calculated day 589
06/14/2022 01:57:27 AM Calculated day 590
06/14/2022 01:57:33 AM Calculated day 591
06/14/2022 01:57:40 AM Calculated day 592
06/14/2022 01:57:46 AM Calculated day 593
06/14/2022 01:57:52 AM Calculated day 594
06/14/2022 01:57:59 AM Calculated day 595
06/14/2022 01:58:05 AM Calculated day 596
06/14/2022 01:58:11 AM Calculated day 597
06/14/2022 01:58:18 AM Calculated day 598
06/14/2022 01:58:24 AM Calculated day 599
06/14/2022 02:01:22 AM Saved data in /data/pbarpanda/spherical_SWE/evaluate_final_budget/transient_U_propagate_forcing_diff_Heq//dt_150_Q_forcing_10_forcing_y_0_Hmean_500_forcing_phase_speed_0_ms/U_up_days_217//H0_5000/
06/14/2022 02:01:23 AM  ========== CODE RAN SUCCESSFULLY, congrats! ================
06/14/2022 02:01:23 AM  -----> Total Time taken = 3995.978  <----
