06/14/2022 02:01:23 AM **********************************
06/14/2022 02:01:23 AM /data/pbarpanda/spherical_SWE/evaluate_final_budget/transient_U_propagate_forcing_diff_Heq//dt_150_Q_forcing_10_forcing_y_0_Hmean_500_forcing_phase_speed_5_ms/U_up_days_217/
06/14/2022 02:01:23 AM **********************************
06/14/2022 02:01:23 AM Calculated day 0
06/14/2022 02:01:29 AM Calculated day 1
06/14/2022 02:01:36 AM Calculated day 2
06/14/2022 02:01:42 AM Calculated day 3
06/14/2022 02:01:49 AM Calculated day 4
06/14/2022 02:01:55 AM Calculated day 5
06/14/2022 02:02:01 AM Calculated day 6
06/14/2022 02:02:08 AM Calculated day 7
06/14/2022 02:02:14 AM Calculated day 8
06/14/2022 02:02:20 AM Calculated day 9
06/14/2022 02:02:27 AM Calculated day 10
06/14/2022 02:02:33 AM Calculated day 11
06/14/2022 02:02:39 AM Calculated day 12
06/14/2022 02:02:46 AM Calculated day 13
06/14/2022 02:02:52 AM Calculated day 14
06/14/2022 02:02:58 AM Calculated day 15
06/14/2022 02:03:05 AM Calculated day 16
06/14/2022 02:03:11 AM Calculated day 17
06/14/2022 02:03:17 AM Calculated day 18
06/14/2022 02:03:24 AM Calculated day 19
06/14/2022 02:03:30 AM Calculated day 20
06/14/2022 02:03:37 AM Calculated day 21
06/14/2022 02:03:43 AM Calculated day 22
06/14/2022 02:03:49 AM Calculated day 23
06/14/2022 02:03:56 AM Calculated day 24
06/14/2022 02:04:02 AM Calculated day 25
06/14/2022 02:04:08 AM Calculated day 26
06/14/2022 02:04:15 AM Calculated day 27
06/14/2022 02:04:21 AM Calculated day 28
06/14/2022 02:04:27 AM Calculated day 29
06/14/2022 02:04:34 AM Calculated day 30
06/14/2022 02:04:40 AM Calculated day 31
06/14/2022 02:04:47 AM Calculated day 32
06/14/2022 02:04:53 AM Calculated day 33
06/14/2022 02:04:59 AM Calculated day 34
06/14/2022 02:05:06 AM Calculated day 35
06/14/2022 02:05:12 AM Calculated day 36
06/14/2022 02:05:18 AM Calculated day 37
06/14/2022 02:05:25 AM Calculated day 38
06/14/2022 02:05:31 AM Calculated day 39
06/14/2022 02:05:37 AM Calculated day 40
06/14/2022 02:05:44 AM Calculated day 41
06/14/2022 02:05:50 AM Calculated day 42
06/14/2022 02:05:56 AM Calculated day 43
06/14/2022 02:06:03 AM Calculated day 44
06/14/2022 02:06:09 AM Calculated day 45
06/14/2022 02:06:15 AM Calculated day 46
06/14/2022 02:06:22 AM Calculated day 47
06/14/2022 02:06:28 AM Calculated day 48
06/14/2022 02:06:34 AM Calculated day 49
06/14/2022 02:06:41 AM Calculated day 50
06/14/2022 02:06:47 AM Calculated day 51
06/14/2022 02:06:54 AM Calculated day 52
06/14/2022 02:07:00 AM Calculated day 53
06/14/2022 02:07:06 AM Calculated day 54
06/14/2022 02:07:13 AM Calculated day 55
06/14/2022 02:07:19 AM Calculated day 56
06/14/2022 02:07:25 AM Calculated day 57
06/14/2022 02:07:32 AM Calculated day 58
06/14/2022 02:07:38 AM Calculated day 59
06/14/2022 02:07:44 AM Calculated day 60
06/14/2022 02:07:51 AM Calculated day 61
06/14/2022 02:07:57 AM Calculated day 62
06/14/2022 02:08:03 AM Calculated day 63
06/14/2022 02:08:10 AM Calculated day 64
06/14/2022 02:08:16 AM Calculated day 65
06/14/2022 02:08:22 AM Calculated day 66
06/14/2022 02:08:29 AM Calculated day 67
06/14/2022 02:08:35 AM Calculated day 68
06/14/2022 02:08:42 AM Calculated day 69
06/14/2022 02:08:48 AM Calculated day 70
06/14/2022 02:08:55 AM Calculated day 71
06/14/2022 02:09:01 AM Calculated day 72
06/14/2022 02:09:07 AM Calculated day 73
06/14/2022 02:09:14 AM Calculated day 74
06/14/2022 02:09:20 AM Calculated day 75
06/14/2022 02:09:26 AM Calculated day 76
06/14/2022 02:09:33 AM Calculated day 77
06/14/2022 02:09:39 AM Calculated day 78
06/14/2022 02:09:45 AM Calculated day 79
06/14/2022 02:09:52 AM Calculated day 80
06/14/2022 02:09:58 AM Calculated day 81
06/14/2022 02:10:04 AM Calculated day 82
06/14/2022 02:10:11 AM Calculated day 83
06/14/2022 02:10:17 AM Calculated day 84
06/14/2022 02:10:23 AM Calculated day 85
06/14/2022 02:10:30 AM Calculated day 86
06/14/2022 02:10:36 AM Calculated day 87
06/14/2022 02:10:43 AM Calculated day 88
06/14/2022 02:10:49 AM Calculated day 89
06/14/2022 02:10:55 AM Calculated day 90
06/14/2022 02:11:02 AM Calculated day 91
06/14/2022 02:11:08 AM Calculated day 92
06/14/2022 02:11:14 AM Calculated day 93
06/14/2022 02:11:21 AM Calculated day 94
06/14/2022 02:11:27 AM Calculated day 95
06/14/2022 02:11:33 AM Calculated day 96
06/14/2022 02:11:40 AM Calculated day 97
06/14/2022 02:11:46 AM Calculated day 98
06/14/2022 02:11:53 AM Calculated day 99
06/14/2022 02:11:59 AM Calculated day 100
06/14/2022 02:12:05 AM Calculated day 101
06/14/2022 02:12:12 AM Calculated day 102
06/14/2022 02:12:18 AM Calculated day 103
06/14/2022 02:12:24 AM Calculated day 104
06/14/2022 02:12:31 AM Calculated day 105
06/14/2022 02:12:37 AM Calculated day 106
06/14/2022 02:12:43 AM Calculated day 107
06/14/2022 02:12:50 AM Calculated day 108
06/14/2022 02:12:56 AM Calculated day 109
06/14/2022 02:13:02 AM Calculated day 110
06/14/2022 02:13:09 AM Calculated day 111
06/14/2022 02:13:15 AM Calculated day 112
06/14/2022 02:13:21 AM Calculated day 113
06/14/2022 02:13:28 AM Calculated day 114
06/14/2022 02:13:34 AM Calculated day 115
06/14/2022 02:13:40 AM Calculated day 116
06/14/2022 02:13:47 AM Calculated day 117
06/14/2022 02:13:53 AM Calculated day 118
06/14/2022 02:13:59 AM Calculated day 119
06/14/2022 02:14:06 AM Calculated day 120
06/14/2022 02:14:12 AM Calculated day 121
06/14/2022 02:14:18 AM Calculated day 122
06/14/2022 02:14:25 AM Calculated day 123
06/14/2022 02:14:31 AM Calculated day 124
06/14/2022 02:14:38 AM Calculated day 125
06/14/2022 02:14:44 AM Calculated day 126
06/14/2022 02:14:50 AM Calculated day 127
06/14/2022 02:14:57 AM Calculated day 128
06/14/2022 02:15:03 AM Calculated day 129
06/14/2022 02:15:09 AM Calculated day 130
06/14/2022 02:15:16 AM Calculated day 131
06/14/2022 02:15:22 AM Calculated day 132
06/14/2022 02:15:28 AM Calculated day 133
06/14/2022 02:15:35 AM Calculated day 134
06/14/2022 02:15:41 AM Calculated day 135
06/14/2022 02:15:47 AM Calculated day 136
06/14/2022 02:15:54 AM Calculated day 137
06/14/2022 02:16:00 AM Calculated day 138
06/14/2022 02:16:06 AM Calculated day 139
06/14/2022 02:16:13 AM Calculated day 140
06/14/2022 02:16:19 AM Calculated day 141
06/14/2022 02:16:25 AM Calculated day 142
06/14/2022 02:16:32 AM Calculated day 143
06/14/2022 02:16:38 AM Calculated day 144
06/14/2022 02:16:44 AM Calculated day 145
06/14/2022 02:16:51 AM Calculated day 146
06/14/2022 02:16:57 AM Calculated day 147
06/14/2022 02:17:04 AM Calculated day 148
06/14/2022 02:17:10 AM Calculated day 149
06/14/2022 02:17:16 AM Calculated day 150
06/14/2022 02:17:23 AM Calculated day 151
06/14/2022 02:17:29 AM Calculated day 152
06/14/2022 02:17:35 AM Calculated day 153
06/14/2022 02:17:42 AM Calculated day 154
06/14/2022 02:17:48 AM Calculated day 155
06/14/2022 02:17:54 AM Calculated day 156
06/14/2022 02:18:01 AM Calculated day 157
06/14/2022 02:18:07 AM Calculated day 158
06/14/2022 02:18:13 AM Calculated day 159
06/14/2022 02:18:20 AM Calculated day 160
06/14/2022 02:18:26 AM Calculated day 161
06/14/2022 02:18:32 AM Calculated day 162
06/14/2022 02:18:39 AM Calculated day 163
06/14/2022 02:18:45 AM Calculated day 164
06/14/2022 02:18:52 AM Calculated day 165
06/14/2022 02:18:58 AM Calculated day 166
06/14/2022 02:19:04 AM Calculated day 167
06/14/2022 02:19:11 AM Calculated day 168
06/14/2022 02:19:17 AM Calculated day 169
06/14/2022 02:19:23 AM Calculated day 170
06/14/2022 02:19:30 AM Calculated day 171
06/14/2022 02:19:36 AM Calculated day 172
06/14/2022 02:19:42 AM Calculated day 173
06/14/2022 02:19:49 AM Calculated day 174
06/14/2022 02:19:55 AM Calculated day 175
06/14/2022 02:20:01 AM Calculated day 176
06/14/2022 02:20:08 AM Calculated day 177
06/14/2022 02:20:14 AM Calculated day 178
06/14/2022 02:20:21 AM Calculated day 179
06/14/2022 02:20:27 AM Calculated day 180
06/14/2022 02:20:33 AM Calculated day 181
06/14/2022 02:20:40 AM Calculated day 182
06/14/2022 02:20:46 AM Calculated day 183
06/14/2022 02:20:52 AM Calculated day 184
06/14/2022 02:20:59 AM Calculated day 185
06/14/2022 02:21:05 AM Calculated day 186
06/14/2022 02:21:11 AM Calculated day 187
06/14/2022 02:21:18 AM Calculated day 188
06/14/2022 02:21:24 AM Calculated day 189
06/14/2022 02:21:30 AM Calculated day 190
06/14/2022 02:21:37 AM Calculated day 191
06/14/2022 02:21:43 AM Calculated day 192
06/14/2022 02:21:50 AM Calculated day 193
06/14/2022 02:21:56 AM Calculated day 194
06/14/2022 02:22:02 AM Calculated day 195
06/14/2022 02:22:09 AM Calculated day 196
06/14/2022 02:22:15 AM Calculated day 197
06/14/2022 02:22:21 AM Calculated day 198
06/14/2022 02:22:28 AM Calculated day 199
06/14/2022 02:22:34 AM Calculated day 200
06/14/2022 02:22:40 AM Calculated day 201
06/14/2022 02:22:47 AM Calculated day 202
06/14/2022 02:22:53 AM Calculated day 203
06/14/2022 02:22:59 AM Calculated day 204
06/14/2022 02:23:06 AM Calculated day 205
06/14/2022 02:23:12 AM Calculated day 206
06/14/2022 02:23:19 AM Calculated day 207
06/14/2022 02:23:25 AM Calculated day 208
06/14/2022 02:23:31 AM Calculated day 209
06/14/2022 02:23:38 AM Calculated day 210
06/14/2022 02:23:44 AM Calculated day 211
06/14/2022 02:23:50 AM Calculated day 212
06/14/2022 02:23:57 AM Calculated day 213
06/14/2022 02:24:03 AM Calculated day 214
06/14/2022 02:24:09 AM Calculated day 215
06/14/2022 02:24:16 AM Calculated day 216
06/14/2022 02:24:23 AM Calculated day 217
06/14/2022 02:24:32 AM Calculated day 218
06/14/2022 02:24:39 AM Calculated day 219
06/14/2022 02:24:45 AM Calculated day 220
06/14/2022 02:24:51 AM Calculated day 221
06/14/2022 02:24:58 AM Calculated day 222
06/14/2022 02:25:04 AM Calculated day 223
06/14/2022 02:25:11 AM Calculated day 224
06/14/2022 02:25:17 AM Calculated day 225
06/14/2022 02:25:23 AM Calculated day 226
06/14/2022 02:25:30 AM Calculated day 227
06/14/2022 02:25:36 AM Calculated day 228
06/14/2022 02:25:42 AM Calculated day 229
06/14/2022 02:25:49 AM Calculated day 230
06/14/2022 02:25:55 AM Calculated day 231
06/14/2022 02:26:01 AM Calculated day 232
06/14/2022 02:26:08 AM Calculated day 233
06/14/2022 02:26:14 AM Calculated day 234
06/14/2022 02:26:20 AM Calculated day 235
06/14/2022 02:26:27 AM Calculated day 236
06/14/2022 02:26:33 AM Calculated day 237
06/14/2022 02:26:39 AM Calculated day 238
06/14/2022 02:26:46 AM Calculated day 239
06/14/2022 02:26:52 AM Calculated day 240
06/14/2022 02:26:58 AM Calculated day 241
06/14/2022 02:27:05 AM Calculated day 242
06/14/2022 02:27:11 AM Calculated day 243
06/14/2022 02:27:18 AM Calculated day 244
06/14/2022 02:27:24 AM Calculated day 245
06/14/2022 02:27:30 AM Calculated day 246
06/14/2022 02:27:37 AM Calculated day 247
06/14/2022 02:27:43 AM Calculated day 248
06/14/2022 02:27:49 AM Calculated day 249
06/14/2022 02:27:56 AM Calculated day 250
06/14/2022 02:28:02 AM Calculated day 251
06/14/2022 02:28:08 AM Calculated day 252
06/14/2022 02:28:15 AM Calculated day 253
06/14/2022 02:28:22 AM Calculated day 254
06/14/2022 02:28:29 AM Calculated day 255
06/14/2022 02:28:36 AM Calculated day 256
06/14/2022 02:28:43 AM Calculated day 257
06/14/2022 02:28:51 AM Calculated day 258
06/14/2022 02:28:57 AM Calculated day 259
06/14/2022 02:29:03 AM Calculated day 260
06/14/2022 02:29:10 AM Calculated day 261
06/14/2022 02:29:16 AM Calculated day 262
06/14/2022 02:29:23 AM Calculated day 263
06/14/2022 02:29:29 AM Calculated day 264
06/14/2022 02:29:35 AM Calculated day 265
06/14/2022 02:29:42 AM Calculated day 266
06/14/2022 02:29:48 AM Calculated day 267
06/14/2022 02:29:54 AM Calculated day 268
06/14/2022 02:30:01 AM Calculated day 269
06/14/2022 02:30:07 AM Calculated day 270
06/14/2022 02:30:13 AM Calculated day 271
06/14/2022 02:30:20 AM Calculated day 272
06/14/2022 02:30:26 AM Calculated day 273
06/14/2022 02:30:32 AM Calculated day 274
06/14/2022 02:30:39 AM Calculated day 275
06/14/2022 02:30:45 AM Calculated day 276
06/14/2022 02:30:52 AM Calculated day 277
06/14/2022 02:30:58 AM Calculated day 278
06/14/2022 02:31:04 AM Calculated day 279
06/14/2022 02:31:11 AM Calculated day 280
06/14/2022 02:31:17 AM Calculated day 281
06/14/2022 02:31:23 AM Calculated day 282
06/14/2022 02:31:30 AM Calculated day 283
06/14/2022 02:31:36 AM Calculated day 284
06/14/2022 02:31:43 AM Calculated day 285
06/14/2022 02:31:49 AM Calculated day 286
06/14/2022 02:31:55 AM Calculated day 287
06/14/2022 02:32:02 AM Calculated day 288
06/14/2022 02:32:08 AM Calculated day 289
06/14/2022 02:32:14 AM Calculated day 290
06/14/2022 02:32:21 AM Calculated day 291
06/14/2022 02:32:27 AM Calculated day 292
06/14/2022 02:32:33 AM Calculated day 293
06/14/2022 02:32:40 AM Calculated day 294
06/14/2022 02:32:46 AM Calculated day 295
06/14/2022 02:32:52 AM Calculated day 296
06/14/2022 02:32:59 AM Calculated day 297
06/14/2022 02:33:06 AM Calculated day 298
06/14/2022 02:33:14 AM Calculated day 299
06/14/2022 02:33:20 AM Calculated day 300
06/14/2022 02:33:27 AM Calculated day 301
06/14/2022 02:33:34 AM Calculated day 302
06/14/2022 02:33:40 AM Calculated day 303
06/14/2022 02:33:47 AM Calculated day 304
06/14/2022 02:33:53 AM Calculated day 305
06/14/2022 02:34:00 AM Calculated day 306
06/14/2022 02:34:06 AM Calculated day 307
06/14/2022 02:34:12 AM Calculated day 308
06/14/2022 02:34:19 AM Calculated day 309
06/14/2022 02:34:25 AM Calculated day 310
06/14/2022 02:34:32 AM Calculated day 311
06/14/2022 02:34:38 AM Calculated day 312
06/14/2022 02:34:44 AM Calculated day 313
06/14/2022 02:34:51 AM Calculated day 314
06/14/2022 02:34:57 AM Calculated day 315
06/14/2022 02:35:03 AM Calculated day 316
06/14/2022 02:35:10 AM Calculated day 317
06/14/2022 02:35:16 AM Calculated day 318
06/14/2022 02:35:23 AM Calculated day 319
06/14/2022 02:35:29 AM Calculated day 320
06/14/2022 02:35:35 AM Calculated day 321
06/14/2022 02:35:42 AM Calculated day 322
06/14/2022 02:35:48 AM Calculated day 323
06/14/2022 02:35:54 AM Calculated day 324
06/14/2022 02:36:01 AM Calculated day 325
06/14/2022 02:36:07 AM Calculated day 326
06/14/2022 02:36:13 AM Calculated day 327
06/14/2022 02:36:20 AM Calculated day 328
06/14/2022 02:36:26 AM Calculated day 329
06/14/2022 02:36:33 AM Calculated day 330
06/14/2022 02:36:39 AM Calculated day 331
06/14/2022 02:36:45 AM Calculated day 332
06/14/2022 02:36:52 AM Calculated day 333
06/14/2022 02:36:58 AM Calculated day 334
06/14/2022 02:37:04 AM Calculated day 335
06/14/2022 02:37:11 AM Calculated day 336
06/14/2022 02:37:17 AM Calculated day 337
06/14/2022 02:37:23 AM Calculated day 338
06/14/2022 02:37:30 AM Calculated day 339
06/14/2022 02:37:36 AM Calculated day 340
06/14/2022 02:37:42 AM Calculated day 341
06/14/2022 02:37:49 AM Calculated day 342
06/14/2022 02:37:55 AM Calculated day 343
06/14/2022 02:38:02 AM Calculated day 344
06/14/2022 02:38:08 AM Calculated day 345
06/14/2022 02:38:14 AM Calculated day 346
06/14/2022 02:38:21 AM Calculated day 347
06/14/2022 02:38:27 AM Calculated day 348
06/14/2022 02:38:33 AM Calculated day 349
06/14/2022 02:38:40 AM Calculated day 350
06/14/2022 02:38:46 AM Calculated day 351
06/14/2022 02:38:53 AM Calculated day 352
06/14/2022 02:38:59 AM Calculated day 353
06/14/2022 02:39:05 AM Calculated day 354
06/14/2022 02:39:12 AM Calculated day 355
06/14/2022 02:39:18 AM Calculated day 356
06/14/2022 02:39:24 AM Calculated day 357
06/14/2022 02:39:31 AM Calculated day 358
06/14/2022 02:39:37 AM Calculated day 359
06/14/2022 02:39:44 AM Calculated day 360
06/14/2022 02:39:50 AM Calculated day 361
06/14/2022 02:39:56 AM Calculated day 362
06/14/2022 02:40:03 AM Calculated day 363
06/14/2022 02:40:09 AM Calculated day 364
06/14/2022 02:40:15 AM Calculated day 365
06/14/2022 02:40:22 AM Calculated day 366
06/14/2022 02:40:28 AM Calculated day 367
06/14/2022 02:40:34 AM Calculated day 368
06/14/2022 02:40:41 AM Calculated day 369
06/14/2022 02:40:47 AM Calculated day 370
06/14/2022 02:40:54 AM Calculated day 371
06/14/2022 02:41:00 AM Calculated day 372
06/14/2022 02:41:06 AM Calculated day 373
06/14/2022 02:41:13 AM Calculated day 374
06/14/2022 02:41:19 AM Calculated day 375
06/14/2022 02:41:25 AM Calculated day 376
06/14/2022 02:41:32 AM Calculated day 377
06/14/2022 02:41:38 AM Calculated day 378
06/14/2022 02:41:45 AM Calculated day 379
06/14/2022 02:41:51 AM Calculated day 380
06/14/2022 02:41:57 AM Calculated day 381
06/14/2022 02:42:04 AM Calculated day 382
06/14/2022 02:42:10 AM Calculated day 383
06/14/2022 02:42:17 AM Calculated day 384
06/14/2022 02:42:23 AM Calculated day 385
06/14/2022 02:42:29 AM Calculated day 386
06/14/2022 02:42:36 AM Calculated day 387
06/14/2022 02:42:42 AM Calculated day 388
06/14/2022 02:42:48 AM Calculated day 389
06/14/2022 02:42:55 AM Calculated day 390
06/14/2022 02:43:01 AM Calculated day 391
06/14/2022 02:43:07 AM Calculated day 392
06/14/2022 02:43:14 AM Calculated day 393
06/14/2022 02:43:20 AM Calculated day 394
06/14/2022 02:43:27 AM Calculated day 395
06/14/2022 02:43:33 AM Calculated day 396
06/14/2022 02:43:39 AM Calculated day 397
06/14/2022 02:43:46 AM Calculated day 398
06/14/2022 02:43:52 AM Calculated day 399
06/14/2022 02:43:59 AM Calculated day 400
06/14/2022 02:44:05 AM Calculated day 401
06/14/2022 02:44:11 AM Calculated day 402
06/14/2022 02:44:18 AM Calculated day 403
06/14/2022 02:44:24 AM Calculated day 404
06/14/2022 02:44:30 AM Calculated day 405
06/14/2022 02:44:37 AM Calculated day 406
06/14/2022 02:44:43 AM Calculated day 407
06/14/2022 02:44:50 AM Calculated day 408
06/14/2022 02:44:56 AM Calculated day 409
06/14/2022 02:45:02 AM Calculated day 410
06/14/2022 02:45:09 AM Calculated day 411
06/14/2022 02:45:15 AM Calculated day 412
06/14/2022 02:45:21 AM Calculated day 413
06/14/2022 02:45:28 AM Calculated day 414
06/14/2022 02:45:34 AM Calculated day 415
06/14/2022 02:45:40 AM Calculated day 416
06/14/2022 02:45:47 AM Calculated day 417
06/14/2022 02:45:53 AM Calculated day 418
06/14/2022 02:46:00 AM Calculated day 419
06/14/2022 02:46:06 AM Calculated day 420
06/14/2022 02:46:12 AM Calculated day 421
06/14/2022 02:46:19 AM Calculated day 422
06/14/2022 02:46:25 AM Calculated day 423
06/14/2022 02:46:31 AM Calculated day 424
06/14/2022 02:46:38 AM Calculated day 425
06/14/2022 02:46:44 AM Calculated day 426
06/14/2022 02:46:50 AM Calculated day 427
06/14/2022 02:46:57 AM Calculated day 428
06/14/2022 02:47:03 AM Calculated day 429
06/14/2022 02:47:10 AM Calculated day 430
06/14/2022 02:47:16 AM Calculated day 431
06/14/2022 02:47:22 AM Calculated day 432
06/14/2022 02:47:29 AM Calculated day 433
06/14/2022 02:47:35 AM Calculated day 434
06/14/2022 02:47:41 AM Calculated day 435
06/14/2022 02:47:48 AM Calculated day 436
06/14/2022 02:47:54 AM Calculated day 437
06/14/2022 02:48:00 AM Calculated day 438
06/14/2022 02:48:07 AM Calculated day 439
06/14/2022 02:48:13 AM Calculated day 440
06/14/2022 02:48:20 AM Calculated day 441
06/14/2022 02:48:26 AM Calculated day 442
06/14/2022 02:48:32 AM Calculated day 443
06/14/2022 02:48:39 AM Calculated day 444
06/14/2022 02:48:45 AM Calculated day 445
06/14/2022 02:48:52 AM Calculated day 446
06/14/2022 02:48:58 AM Calculated day 447
06/14/2022 02:49:04 AM Calculated day 448
06/14/2022 02:49:11 AM Calculated day 449
06/14/2022 02:49:17 AM Calculated day 450
06/14/2022 02:49:23 AM Calculated day 451
06/14/2022 02:49:30 AM Calculated day 452
06/14/2022 02:49:36 AM Calculated day 453
06/14/2022 02:49:42 AM Calculated day 454
06/14/2022 02:49:49 AM Calculated day 455
06/14/2022 02:49:55 AM Calculated day 456
06/14/2022 02:50:01 AM Calculated day 457
06/14/2022 02:50:08 AM Calculated day 458
06/14/2022 02:50:14 AM Calculated day 459
06/14/2022 02:50:21 AM Calculated day 460
06/14/2022 02:50:27 AM Calculated day 461
06/14/2022 02:50:33 AM Calculated day 462
06/14/2022 02:50:40 AM Calculated day 463
06/14/2022 02:50:46 AM Calculated day 464
06/14/2022 02:50:52 AM Calculated day 465
06/14/2022 02:50:59 AM Calculated day 466
06/14/2022 02:51:05 AM Calculated day 467
06/14/2022 02:51:11 AM Calculated day 468
06/14/2022 02:51:18 AM Calculated day 469
06/14/2022 02:51:24 AM Calculated day 470
06/14/2022 02:51:31 AM Calculated day 471
06/14/2022 02:51:37 AM Calculated day 472
06/14/2022 02:51:43 AM Calculated day 473
06/14/2022 02:51:50 AM Calculated day 474
06/14/2022 02:51:56 AM Calculated day 475
06/14/2022 02:52:02 AM Calculated day 476
06/14/2022 02:52:09 AM Calculated day 477
06/14/2022 02:52:15 AM Calculated day 478
06/14/2022 02:52:22 AM Calculated day 479
06/14/2022 02:52:28 AM Calculated day 480
06/14/2022 02:52:34 AM Calculated day 481
06/14/2022 02:52:41 AM Calculated day 482
06/14/2022 02:52:47 AM Calculated day 483
06/14/2022 02:52:53 AM Calculated day 484
06/14/2022 02:53:00 AM Calculated day 485
06/14/2022 02:53:06 AM Calculated day 486
06/14/2022 02:53:12 AM Calculated day 487
06/14/2022 02:53:19 AM Calculated day 488
06/14/2022 02:53:25 AM Calculated day 489
06/14/2022 02:53:31 AM Calculated day 490
06/14/2022 02:53:38 AM Calculated day 491
06/14/2022 02:53:44 AM Calculated day 492
06/14/2022 02:53:51 AM Calculated day 493
06/14/2022 02:53:57 AM Calculated day 494
06/14/2022 02:54:03 AM Calculated day 495
06/14/2022 02:54:10 AM Calculated day 496
06/14/2022 02:54:16 AM Calculated day 497
06/14/2022 02:54:22 AM Calculated day 498
06/14/2022 02:54:29 AM Calculated day 499
06/14/2022 02:54:35 AM Calculated day 500
06/14/2022 02:54:42 AM Calculated day 501
06/14/2022 02:54:48 AM Calculated day 502
06/14/2022 02:54:54 AM Calculated day 503
06/14/2022 02:55:01 AM Calculated day 504
06/14/2022 02:55:07 AM Calculated day 505
06/14/2022 02:55:13 AM Calculated day 506
06/14/2022 02:55:20 AM Calculated day 507
06/14/2022 02:55:26 AM Calculated day 508
06/14/2022 02:55:32 AM Calculated day 509
06/14/2022 02:55:39 AM Calculated day 510
06/14/2022 02:55:45 AM Calculated day 511
06/14/2022 02:55:52 AM Calculated day 512
06/14/2022 02:55:58 AM Calculated day 513
06/14/2022 02:56:04 AM Calculated day 514
06/14/2022 02:56:11 AM Calculated day 515
06/14/2022 02:56:17 AM Calculated day 516
06/14/2022 02:56:23 AM Calculated day 517
06/14/2022 02:56:30 AM Calculated day 518
06/14/2022 02:56:36 AM Calculated day 519
06/14/2022 02:56:42 AM Calculated day 520
06/14/2022 02:56:49 AM Calculated day 521
06/14/2022 02:56:55 AM Calculated day 522
06/14/2022 02:57:01 AM Calculated day 523
06/14/2022 02:57:08 AM Calculated day 524
06/14/2022 02:57:14 AM Calculated day 525
06/14/2022 02:57:20 AM Calculated day 526
06/14/2022 02:57:27 AM Calculated day 527
06/14/2022 02:57:33 AM Calculated day 528
06/14/2022 02:57:40 AM Calculated day 529
06/14/2022 02:57:46 AM Calculated day 530
06/14/2022 02:57:52 AM Calculated day 531
06/14/2022 02:57:59 AM Calculated day 532
06/14/2022 02:58:05 AM Calculated day 533
06/14/2022 02:58:11 AM Calculated day 534
06/14/2022 02:58:18 AM Calculated day 535
06/14/2022 02:58:24 AM Calculated day 536
06/14/2022 02:58:30 AM Calculated day 537
06/14/2022 02:58:37 AM Calculated day 538
06/14/2022 02:58:43 AM Calculated day 539
06/14/2022 02:58:50 AM Calculated day 540
06/14/2022 02:58:56 AM Calculated day 541
06/14/2022 02:59:02 AM Calculated day 542
06/14/2022 02:59:09 AM Calculated day 543
06/14/2022 02:59:15 AM Calculated day 544
06/14/2022 02:59:21 AM Calculated day 545
06/14/2022 02:59:28 AM Calculated day 546
06/14/2022 02:59:34 AM Calculated day 547
06/14/2022 02:59:40 AM Calculated day 548
06/14/2022 02:59:47 AM Calculated day 549
06/14/2022 02:59:53 AM Calculated day 550
06/14/2022 03:00:00 AM Calculated day 551
06/14/2022 03:00:06 AM Calculated day 552
06/14/2022 03:00:12 AM Calculated day 553
06/14/2022 03:00:19 AM Calculated day 554
06/14/2022 03:00:25 AM Calculated day 555
06/14/2022 03:00:31 AM Calculated day 556
06/14/2022 03:00:38 AM Calculated day 557
06/14/2022 03:00:44 AM Calculated day 558
06/14/2022 03:00:50 AM Calculated day 559
06/14/2022 03:00:57 AM Calculated day 560
06/14/2022 03:01:03 AM Calculated day 561
06/14/2022 03:01:10 AM Calculated day 562
06/14/2022 03:01:16 AM Calculated day 563
06/14/2022 03:01:22 AM Calculated day 564
06/14/2022 03:01:29 AM Calculated day 565
06/14/2022 03:01:35 AM Calculated day 566
06/14/2022 03:01:41 AM Calculated day 567
06/14/2022 03:01:48 AM Calculated day 568
06/14/2022 03:01:54 AM Calculated day 569
06/14/2022 03:02:00 AM Calculated day 570
06/14/2022 03:02:07 AM Calculated day 571
06/14/2022 03:02:13 AM Calculated day 572
06/14/2022 03:02:20 AM Calculated day 573
06/14/2022 03:02:26 AM Calculated day 574
06/14/2022 03:02:32 AM Calculated day 575
06/14/2022 03:02:39 AM Calculated day 576
06/14/2022 03:02:45 AM Calculated day 577
06/14/2022 03:02:51 AM Calculated day 578
06/14/2022 03:02:58 AM Calculated day 579
06/14/2022 03:03:04 AM Calculated day 580
06/14/2022 03:03:10 AM Calculated day 581
06/14/2022 03:03:17 AM Calculated day 582
06/14/2022 03:03:23 AM Calculated day 583
06/14/2022 03:03:29 AM Calculated day 584
06/14/2022 03:03:36 AM Calculated day 585
06/14/2022 03:03:42 AM Calculated day 586
06/14/2022 03:03:49 AM Calculated day 587
06/14/2022 03:03:55 AM Calculated day 588
06/14/2022 03:04:01 AM Calculated day 589
06/14/2022 03:04:08 AM Calculated day 590
06/14/2022 03:04:14 AM Calculated day 591
06/14/2022 03:04:20 AM Calculated day 592
06/14/2022 03:04:27 AM Calculated day 593
06/14/2022 03:04:33 AM Calculated day 594
06/14/2022 03:04:39 AM Calculated day 595
06/14/2022 03:04:46 AM Calculated day 596
06/14/2022 03:04:52 AM Calculated day 597
06/14/2022 03:04:59 AM Calculated day 598
06/14/2022 03:05:05 AM Calculated day 599
06/14/2022 03:08:05 AM Saved data in /data/pbarpanda/spherical_SWE/evaluate_final_budget/transient_U_propagate_forcing_diff_Heq//dt_150_Q_forcing_10_forcing_y_0_Hmean_500_forcing_phase_speed_5_ms/U_up_days_217//H0_5000/
06/14/2022 03:08:07 AM  ========== CODE RAN SUCCESSFULLY, congrats! ================
06/14/2022 03:08:07 AM  -----> Total Time taken = 4003.685  <----
